this derivation will be built:
  /nix/store/77azbc5yfr8irbrba65k15wjqgsf2p98-r-optional-2.0.1.drv
this path will be fetched (0.01 MiB download, 0.01 MiB unpacked):
  /nix/store/s2whqvl0bb9b4xxxj6dqynrzbbldc0bl-optional_2.0.1.tar.gz
copying path '/nix/store/s2whqvl0bb9b4xxxj6dqynrzbbldc0bl-optional_2.0.1.tar.gz' from 'https://cache.nixos.org'...
building '/nix/store/77azbc5yfr8irbrba65k15wjqgsf2p98-r-optional-2.0.1.drv'...
Running phase: unpackPhase
unpacking source archive /nix/store/s2whqvl0bb9b4xxxj6dqynrzbbldc0bl-optional_2.0.1.tar.gz
source root is optional
setting SOURCE_DATE_EPOCH to timestamp 1651081203 of file optional/MD5
Running phase: patchPhase
Running phase: updateAutotoolsGnuConfigScriptsPhase
Running phase: configurePhase
Running phase: buildPhase
Running phase: checkPhase
Running phase: installPhase
* installing *source* package ‘optional’ ...
** package ‘optional’ correctement décompressé et sommes MD5 vérifiées
** using staged installation
** R
** inst
** byte-compile and prepare package for lazy loading
** help
*** installing help indices
** building package indices
** installing vignettes
** testing if installed package can be loaded from temporary location
** testing if installed package can be loaded from final location
** testing if installed package keeps a record of temporary installation path
* DONE (optional)
Running phase: fixupPhase
checking for references to /private/tmp/nix-build-r-optional-2.0.1.drv-0/ in /nix/store/75drc1x35xz2yayz9kms91m0zm0rlkx3-r-optional-2.0.1...
patching script interpreter paths in /nix/store/75drc1x35xz2yayz9kms91m0zm0rlkx3-r-optional-2.0.1
rewriting symlink /nix/store/75drc1x35xz2yayz9kms91m0zm0rlkx3-r-optional-2.0.1/nix-support/propagated-user-env-packages to be relative to /nix/store/75drc1x35xz2yayz9kms91m0zm0rlkx3-r-optional-2.0.1
