this derivation will be built:
  /nix/store/fi0ca3aiccfd23y7rxipnx2ydg0yn171-r-KnockoffTrio-1.0.2.drv
this path will be fetched (0.01 MiB download, 0.01 MiB unpacked):
  /nix/store/mh7xjnxa3ii6m3g7p2gfp86vxmljk2ax-KnockoffTrio_1.0.2.tar.gz
copying path '/nix/store/mh7xjnxa3ii6m3g7p2gfp86vxmljk2ax-KnockoffTrio_1.0.2.tar.gz' from 'https://cache.nixos.org'...
building '/nix/store/fi0ca3aiccfd23y7rxipnx2ydg0yn171-r-KnockoffTrio-1.0.2.drv'...
Running phase: unpackPhase
unpacking source archive /nix/store/mh7xjnxa3ii6m3g7p2gfp86vxmljk2ax-KnockoffTrio_1.0.2.tar.gz
source root is KnockoffTrio
setting SOURCE_DATE_EPOCH to timestamp 1702017602 of file KnockoffTrio/MD5
Running phase: patchPhase
Running phase: updateAutotoolsGnuConfigScriptsPhase
Running phase: configurePhase
Running phase: buildPhase
Running phase: checkPhase
Running phase: installPhase
* installing *source* package ‘KnockoffTrio’ ...
** package ‘KnockoffTrio’ correctement décompressé et sommes MD5 vérifiées
** using staged installation
** R
** data
*** moving datasets to lazyload DB
** byte-compile and prepare package for lazy loading
** help
*** installing help indices
** building package indices
** testing if installed package can be loaded from temporary location
** testing if installed package can be loaded from final location
** testing if installed package keeps a record of temporary installation path
* DONE (KnockoffTrio)
Running phase: fixupPhase
checking for references to /private/tmp/nix-build-r-KnockoffTrio-1.0.2.drv-0/ in /nix/store/p6wz8z7axbs9hw2f3llks82k0zs9ngma-r-KnockoffTrio-1.0.2...
patching script interpreter paths in /nix/store/p6wz8z7axbs9hw2f3llks82k0zs9ngma-r-KnockoffTrio-1.0.2
