these 2 derivations will be built:
  /nix/store/sbfv4hj4ka1dn0g9fh6kvc70kmp46lja-r-msma-3.1.drv
  /nix/store/nqa4jhfzwifj06qlxnm7g7104pvd7i4p-r-mand-2.0.drv
these 2 paths will be fetched (3.02 MiB download, 3.27 MiB unpacked):
  /nix/store/d30cd76vxwj2sj042hncdrl2lmsvm8rn-mand_2.0.tar.gz
  /nix/store/qywyf056plb15h9dkh4fkksppcpy7452-msma_3.1.tar.gz
copying path '/nix/store/d30cd76vxwj2sj042hncdrl2lmsvm8rn-mand_2.0.tar.gz' from 'https://cache.nixos.org'...
copying path '/nix/store/qywyf056plb15h9dkh4fkksppcpy7452-msma_3.1.tar.gz' from 'https://cache.nixos.org'...
building '/nix/store/sbfv4hj4ka1dn0g9fh6kvc70kmp46lja-r-msma-3.1.drv'...
Running phase: unpackPhase
unpacking source archive /nix/store/qywyf056plb15h9dkh4fkksppcpy7452-msma_3.1.tar.gz
source root is msma
setting SOURCE_DATE_EPOCH to timestamp 1707888613 of file msma/MD5
Running phase: patchPhase
Running phase: updateAutotoolsGnuConfigScriptsPhase
Running phase: configurePhase
Running phase: buildPhase
Running phase: checkPhase
Running phase: installPhase
* installing *source* package ‘msma’ ...
** package ‘msma’ correctement décompressé et sommes MD5 vérifiées
** using staged installation
** R
** inst
** byte-compile and prepare package for lazy loading
** help
*** installing help indices
** building package indices
** installing vignettes
** testing if installed package can be loaded from temporary location
** testing if installed package can be loaded from final location
** testing if installed package keeps a record of temporary installation path
* DONE (msma)
Running phase: fixupPhase
checking for references to /private/tmp/nix-build-r-msma-3.1.drv-0/ in /nix/store/ihjjpq77v778ibsglsvg15py9d47ywvd-r-msma-3.1...
patching script interpreter paths in /nix/store/ihjjpq77v778ibsglsvg15py9d47ywvd-r-msma-3.1
building '/nix/store/nqa4jhfzwifj06qlxnm7g7104pvd7i4p-r-mand-2.0.drv'...
Running phase: unpackPhase
unpacking source archive /nix/store/d30cd76vxwj2sj042hncdrl2lmsvm8rn-mand_2.0.tar.gz
source root is mand
setting SOURCE_DATE_EPOCH to timestamp 1694556606 of file mand/MD5
Running phase: patchPhase
Running phase: updateAutotoolsGnuConfigScriptsPhase
Running phase: configurePhase
Running phase: buildPhase
Running phase: checkPhase
Running phase: installPhase
* installing *source* package ‘mand’ ...
** package ‘mand’ correctement décompressé et sommes MD5 vérifiées
** using staged installation
** R
** data
** inst
** byte-compile and prepare package for lazy loading
** help
*** installing help indices
** building package indices
** installing vignettes
** testing if installed package can be loaded from temporary location
** testing if installed package can be loaded from final location
** testing if installed package keeps a record of temporary installation path
* DONE (mand)
Running phase: fixupPhase
checking for references to /private/tmp/nix-build-r-mand-2.0.drv-0/ in /nix/store/01d05yj2ll22m6vdvm7z7c87mspgcdzb-r-mand-2.0...
patching script interpreter paths in /nix/store/01d05yj2ll22m6vdvm7z7c87mspgcdzb-r-mand-2.0
rewriting symlink /nix/store/01d05yj2ll22m6vdvm7z7c87mspgcdzb-r-mand-2.0/nix-support/propagated-user-env-packages to be relative to /nix/store/01d05yj2ll22m6vdvm7z7c87mspgcdzb-r-mand-2.0
