this derivation will be built:
  /nix/store/0n37lrwmwc868f1gniz8iyx0g9vy6sgp-r-wildcard-1.1.0.drv
this path will be fetched (0.05 MiB download, 0.05 MiB unpacked):
  /nix/store/xymbf672x7qx8sgv3fcb01a4rm7mj814-wildcard_1.1.0.tar.gz
copying path '/nix/store/xymbf672x7qx8sgv3fcb01a4rm7mj814-wildcard_1.1.0.tar.gz' from 'https://cache.nixos.org'...
building '/nix/store/0n37lrwmwc868f1gniz8iyx0g9vy6sgp-r-wildcard-1.1.0.drv'...
Running phase: unpackPhase
unpacking source archive /nix/store/xymbf672x7qx8sgv3fcb01a4rm7mj814-wildcard_1.1.0.tar.gz
source root is wildcard
setting SOURCE_DATE_EPOCH to timestamp 1505562545 of file wildcard/MD5
Running phase: patchPhase
Running phase: updateAutotoolsGnuConfigScriptsPhase
Running phase: configurePhase
Running phase: buildPhase
Running phase: checkPhase
Running phase: installPhase
* installing *source* package ‘wildcard’ ...
** package ‘wildcard’ correctement décompressé et sommes MD5 vérifiées
** using staged installation
** R
** inst
** byte-compile and prepare package for lazy loading
** help
*** installing help indices
** building package indices
** installing vignettes
** testing if installed package can be loaded from temporary location
** testing if installed package can be loaded from final location
** testing if installed package keeps a record of temporary installation path
* DONE (wildcard)
Running phase: fixupPhase
checking for references to /private/tmp/nix-build-r-wildcard-1.1.0.drv-0/ in /nix/store/lx9jhyda0xip9midqvcbrlr4bgvb3a4x-r-wildcard-1.1.0...
patching script interpreter paths in /nix/store/lx9jhyda0xip9midqvcbrlr4bgvb3a4x-r-wildcard-1.1.0
rewriting symlink /nix/store/lx9jhyda0xip9midqvcbrlr4bgvb3a4x-r-wildcard-1.1.0/nix-support/propagated-user-env-packages to be relative to /nix/store/lx9jhyda0xip9midqvcbrlr4bgvb3a4x-r-wildcard-1.1.0
