this derivation will be built:
  /nix/store/bvxkd0264sg271pyz2lp1hk2wgkz84q0-r-vampyr-1.1.1.drv
this path will be fetched (0.04 MiB download, 0.04 MiB unpacked):
  /nix/store/6s5y08wj3zny2mlmig1jhwaymh0s4c4l-vampyr_1.1.1.tar.gz
copying path '/nix/store/6s5y08wj3zny2mlmig1jhwaymh0s4c4l-vampyr_1.1.1.tar.gz' from 'https://cache.nixos.org'...
building '/nix/store/bvxkd0264sg271pyz2lp1hk2wgkz84q0-r-vampyr-1.1.1.drv'...
Running phase: unpackPhase
unpacking source archive /nix/store/6s5y08wj3zny2mlmig1jhwaymh0s4c4l-vampyr_1.1.1.tar.gz
source root is vampyr
setting SOURCE_DATE_EPOCH to timestamp 1623918602 of file vampyr/MD5
Running phase: patchPhase
Running phase: updateAutotoolsGnuConfigScriptsPhase
Running phase: configurePhase
Running phase: buildPhase
Running phase: checkPhase
Running phase: installPhase
* installing *source* package ‘vampyr’ ...
** package ‘vampyr’ correctement décompressé et sommes MD5 vérifiées
** using staged installation
** R
** data
*** moving datasets to lazyload DB
** byte-compile and prepare package for lazy loading
** help
*** installing help indices
** building package indices
** testing if installed package can be loaded from temporary location
** testing if installed package can be loaded from final location
** testing if installed package keeps a record of temporary installation path
* DONE (vampyr)
Running phase: fixupPhase
checking for references to /private/tmp/nix-build-r-vampyr-1.1.1.drv-0/ in /nix/store/avrm1fi3f9pc608nszz0q3bgk4212x2k-r-vampyr-1.1.1...
patching script interpreter paths in /nix/store/avrm1fi3f9pc608nszz0q3bgk4212x2k-r-vampyr-1.1.1
rewriting symlink /nix/store/avrm1fi3f9pc608nszz0q3bgk4212x2k-r-vampyr-1.1.1/nix-support/propagated-user-env-packages to be relative to /nix/store/avrm1fi3f9pc608nszz0q3bgk4212x2k-r-vampyr-1.1.1
