this derivation will be built:
  /nix/store/x9pj5gkqdy2lg8zkxa758vm0rjhb7b6p-r-nphPower-1.1.0.drv
this path will be fetched (0.21 MiB download, 0.21 MiB unpacked):
  /nix/store/hc086xgh0pscr0rkmg4fzi2ww8d2ayhp-nphPower_1.1.0.tar.gz
copying path '/nix/store/hc086xgh0pscr0rkmg4fzi2ww8d2ayhp-nphPower_1.1.0.tar.gz' from 'https://cache.nixos.org'...
building '/nix/store/x9pj5gkqdy2lg8zkxa758vm0rjhb7b6p-r-nphPower-1.1.0.drv'...
Running phase: unpackPhase
unpacking source archive /nix/store/hc086xgh0pscr0rkmg4fzi2ww8d2ayhp-nphPower_1.1.0.tar.gz
source root is nphPower
setting SOURCE_DATE_EPOCH to timestamp 1711614002 of file nphPower/MD5
Running phase: patchPhase
Running phase: updateAutotoolsGnuConfigScriptsPhase
Running phase: configurePhase
Running phase: buildPhase
Running phase: checkPhase
Running phase: installPhase
* installing *source* package ‘nphPower’ ...
** package ‘nphPower’ correctement décompressé et sommes MD5 vérifiées
** using staged installation
** R
** data
*** moving datasets to lazyload DB
** byte-compile and prepare package for lazy loading
** help
*** installing help indices
*** copying figures
** building package indices
** testing if installed package can be loaded from temporary location
** testing if installed package can be loaded from final location
** testing if installed package keeps a record of temporary installation path
* DONE (nphPower)
Running phase: fixupPhase
checking for references to /private/tmp/nix-build-r-nphPower-1.1.0.drv-0/ in /nix/store/c0wp1ncndq97xas6kw4nx9jjs65rbsr2-r-nphPower-1.1.0...
patching script interpreter paths in /nix/store/c0wp1ncndq97xas6kw4nx9jjs65rbsr2-r-nphPower-1.1.0
rewriting symlink /nix/store/c0wp1ncndq97xas6kw4nx9jjs65rbsr2-r-nphPower-1.1.0/nix-support/propagated-user-env-packages to be relative to /nix/store/c0wp1ncndq97xas6kw4nx9jjs65rbsr2-r-nphPower-1.1.0
