this derivation will be built:
  /nix/store/j56bca0mvdmh6ab7acig122awigsb1p9-r-aws.kms-0.1.4.drv
building '/nix/store/j56bca0mvdmh6ab7acig122awigsb1p9-r-aws.kms-0.1.4.drv'...
Running phase: unpackPhase
unpacking source archive /nix/store/sjhvcdc4vk4kwyhkmxj5grwc9vskcpkv-aws.kms_0.1.4.tar.gz
source root is aws.kms
setting SOURCE_DATE_EPOCH to timestamp 1586853603 of file aws.kms/MD5
Running phase: patchPhase
Running phase: updateAutotoolsGnuConfigScriptsPhase
Running phase: configurePhase
Running phase: buildPhase
Running phase: checkPhase
Running phase: installPhase
* installing *source* package ‘aws.kms’ ...
** package ‘aws.kms’ correctement décompressé et sommes MD5 vérifiées
** using staged installation
** R
** inst
** byte-compile and prepare package for lazy loading
** help
*** installing help indices
** building package indices
** testing if installed package can be loaded from temporary location
** testing if installed package can be loaded from final location
** testing if installed package keeps a record of temporary installation path
* DONE (aws.kms)
Running phase: fixupPhase
checking for references to /private/tmp/nix-build-r-aws.kms-0.1.4.drv-0/ in /nix/store/a7c9kn0wxr0fv1mqnb7rlcgcxmc1015s-r-aws.kms-0.1.4...
patching script interpreter paths in /nix/store/a7c9kn0wxr0fv1mqnb7rlcgcxmc1015s-r-aws.kms-0.1.4
rewriting symlink /nix/store/a7c9kn0wxr0fv1mqnb7rlcgcxmc1015s-r-aws.kms-0.1.4/nix-support/propagated-user-env-packages to be relative to /nix/store/a7c9kn0wxr0fv1mqnb7rlcgcxmc1015s-r-aws.kms-0.1.4
