these 2 derivations will be built:
  /nix/store/vn4yslam9iwqpn2gprpra55s5hp887c2-r-simsalapar-1.0-12.drv
  /nix/store/wab7qbzwag05c61h6mqpx8m1fzin2326-r-ICSShiny-0.5.drv
these 2 paths will be fetched (0.15 MiB download, 0.15 MiB unpacked):
  /nix/store/jggr41y47759y1m5ysqjgx8ysz9dd93a-ICSShiny_0.5.tar.gz
  /nix/store/h56lbin7by8c5qx4x3nvdgfri9pk3srj-simsalapar_1.0-12.tar.gz
copying path '/nix/store/jggr41y47759y1m5ysqjgx8ysz9dd93a-ICSShiny_0.5.tar.gz' from 'https://cache.nixos.org'...
copying path '/nix/store/h56lbin7by8c5qx4x3nvdgfri9pk3srj-simsalapar_1.0-12.tar.gz' from 'https://cache.nixos.org'...
building '/nix/store/vn4yslam9iwqpn2gprpra55s5hp887c2-r-simsalapar-1.0-12.drv'...
Running phase: unpackPhase
unpacking source archive /nix/store/h56lbin7by8c5qx4x3nvdgfri9pk3srj-simsalapar_1.0-12.tar.gz
source root is simsalapar
setting SOURCE_DATE_EPOCH to timestamp 1682584202 of file simsalapar/MD5
Running phase: patchPhase
Running phase: updateAutotoolsGnuConfigScriptsPhase
Running phase: configurePhase
Running phase: buildPhase
Running phase: checkPhase
Running phase: installPhase
* installing *source* package ‘simsalapar’ ...
** package ‘simsalapar’ correctement décompressé et sommes MD5 vérifiées
** using staged installation
** R
** demo
** inst
** byte-compile and prepare package for lazy loading
** help
*** installing help indices
** building package indices
** testing if installed package can be loaded from temporary location
** testing if installed package can be loaded from final location
** testing if installed package keeps a record of temporary installation path
* DONE (simsalapar)
Running phase: fixupPhase
checking for references to /private/tmp/nix-build-r-simsalapar-1.0-12.drv-0/ in /nix/store/5bcmxgxpbpl4iaq5iplv7mnw1csrgpaq-r-simsalapar-1.0-12...
patching script interpreter paths in /nix/store/5bcmxgxpbpl4iaq5iplv7mnw1csrgpaq-r-simsalapar-1.0-12
rewriting symlink /nix/store/5bcmxgxpbpl4iaq5iplv7mnw1csrgpaq-r-simsalapar-1.0-12/nix-support/propagated-user-env-packages to be relative to /nix/store/5bcmxgxpbpl4iaq5iplv7mnw1csrgpaq-r-simsalapar-1.0-12
building '/nix/store/wab7qbzwag05c61h6mqpx8m1fzin2326-r-ICSShiny-0.5.drv'...
Running phase: unpackPhase
unpacking source archive /nix/store/jggr41y47759y1m5ysqjgx8ysz9dd93a-ICSShiny_0.5.tar.gz
source root is ICSShiny
setting SOURCE_DATE_EPOCH to timestamp 1522614095 of file ICSShiny/MD5
Running phase: patchPhase
Running phase: updateAutotoolsGnuConfigScriptsPhase
Running phase: configurePhase
Running phase: buildPhase
Running phase: checkPhase
Running phase: installPhase
* installing *source* package ‘ICSShiny’ ...
** package ‘ICSShiny’ correctement décompressé et sommes MD5 vérifiées
** using staged installation
** R
** inst
** byte-compile and prepare package for lazy loading
** help
*** installing help indices
** building package indices
** testing if installed package can be loaded from temporary location
** testing if installed package can be loaded from final location
** testing if installed package keeps a record of temporary installation path
* DONE (ICSShiny)
Running phase: fixupPhase
checking for references to /private/tmp/nix-build-r-ICSShiny-0.5.drv-0/ in /nix/store/sja2xd8zfv9098d4zn3sm6wfyz0zxma8-r-ICSShiny-0.5...
patching script interpreter paths in /nix/store/sja2xd8zfv9098d4zn3sm6wfyz0zxma8-r-ICSShiny-0.5
rewriting symlink /nix/store/sja2xd8zfv9098d4zn3sm6wfyz0zxma8-r-ICSShiny-0.5/nix-support/propagated-user-env-packages to be relative to /nix/store/sja2xd8zfv9098d4zn3sm6wfyz0zxma8-r-ICSShiny-0.5
