these 2 derivations will be built:
  /nix/store/ilyf51g16x52vkrxlfvkdczgd14iqyd2-rbcc_0.1.3.tar.gz.drv
  /nix/store/8iwy25jfiy66rm2rp56vfijpc9ygdcrc-r-rbcc-0.1.3.drv
building '/nix/store/ilyf51g16x52vkrxlfvkdczgd14iqyd2-rbcc_0.1.3.tar.gz.drv'...

trying https://cran.r-project.org/src/contrib/rbcc_0.1.3.tar.gz
  % Total    % Received % Xferd  Average Speed   Time    Time     Time  Current
                                 Dload  Upload   Total   Spent    Left  Speed
100 16989  100 16989    0     0   152k      0 --:--:-- --:--:-- --:--:--  153k
building '/nix/store/8iwy25jfiy66rm2rp56vfijpc9ygdcrc-r-rbcc-0.1.3.drv'...
Running phase: unpackPhase
unpacking source archive /nix/store/0qyww7z3bpmzmhb0xrrgcqsq0hgzmpp0-rbcc_0.1.3.tar.gz
source root is rbcc
setting SOURCE_DATE_EPOCH to timestamp 1730826602 of file rbcc/MD5
Running phase: patchPhase
Running phase: updateAutotoolsGnuConfigScriptsPhase
Running phase: configurePhase
Running phase: buildPhase
Running phase: checkPhase
Running phase: installPhase
* installing *source* package ‘rbcc’ ...
** package ‘rbcc’ correctement décompressé et sommes MD5 vérifiées
** using staged installation
** R
** data
*** moving datasets to lazyload DB
** inst
** byte-compile and prepare package for lazy loading
** help
*** installing help indices
** building package indices
** testing if installed package can be loaded from temporary location
** testing if installed package can be loaded from final location
** testing if installed package keeps a record of temporary installation path
* DONE (rbcc)
Running phase: fixupPhase
checking for references to /private/tmp/nix-build-r-rbcc-0.1.3.drv-0/ in /nix/store/gd80w5xmfbigy9dczzfywz4pj8l789v0-r-rbcc-0.1.3...
patching script interpreter paths in /nix/store/gd80w5xmfbigy9dczzfywz4pj8l789v0-r-rbcc-0.1.3
rewriting symlink /nix/store/gd80w5xmfbigy9dczzfywz4pj8l789v0-r-rbcc-0.1.3/nix-support/propagated-user-env-packages to be relative to /nix/store/gd80w5xmfbigy9dczzfywz4pj8l789v0-r-rbcc-0.1.3
