this derivation will be built:
  /nix/store/4rfnmkj4c3l29ijwwv8qqh593g7z6fyk-r-tcftt-0.1.0.drv
this path will be fetched (0.01 MiB download, 0.01 MiB unpacked):
  /nix/store/6yxqv2f82h9i09bh916aksg8rslp0bgn-tcftt_0.1.0.tar.gz
copying path '/nix/store/6yxqv2f82h9i09bh916aksg8rslp0bgn-tcftt_0.1.0.tar.gz' from 'https://cache.nixos.org'...
building '/nix/store/4rfnmkj4c3l29ijwwv8qqh593g7z6fyk-r-tcftt-0.1.0.drv'...
Running phase: unpackPhase
unpacking source archive /nix/store/6yxqv2f82h9i09bh916aksg8rslp0bgn-tcftt_0.1.0.tar.gz
source root is tcftt
setting SOURCE_DATE_EPOCH to timestamp 1595515802 of file tcftt/MD5
Running phase: patchPhase
Running phase: updateAutotoolsGnuConfigScriptsPhase
Running phase: configurePhase
Running phase: buildPhase
Running phase: checkPhase
Running phase: installPhase
* installing *source* package ‘tcftt’ ...
** package ‘tcftt’ correctement décompressé et sommes MD5 vérifiées
** using staged installation
** R
** byte-compile and prepare package for lazy loading
** help
*** installing help indices
** building package indices
** testing if installed package can be loaded from temporary location
** testing if installed package can be loaded from final location
** testing if installed package keeps a record of temporary installation path
* DONE (tcftt)
Running phase: fixupPhase
checking for references to /private/tmp/nix-build-r-tcftt-0.1.0.drv-0/ in /nix/store/48xchfc5pdchyvdxsp9vckqszqffdyv1-r-tcftt-0.1.0...
patching script interpreter paths in /nix/store/48xchfc5pdchyvdxsp9vckqszqffdyv1-r-tcftt-0.1.0
