this derivation will be built:
  /nix/store/djqyrqa4qsvvsmym0hzk3h9jd4ncwzlj-r-stepdownfdp-1.0.0.drv
this path will be fetched (0.01 MiB download, 0.01 MiB unpacked):
  /nix/store/56n4yk9c1yaxiy3fq54aywnlb3mag5lz-stepdownfdp_1.0.0.tar.gz
copying path '/nix/store/56n4yk9c1yaxiy3fq54aywnlb3mag5lz-stepdownfdp_1.0.0.tar.gz' from 'https://cache.nixos.org'...
building '/nix/store/djqyrqa4qsvvsmym0hzk3h9jd4ncwzlj-r-stepdownfdp-1.0.0.drv'...
Running phase: unpackPhase
unpacking source archive /nix/store/56n4yk9c1yaxiy3fq54aywnlb3mag5lz-stepdownfdp_1.0.0.tar.gz
source root is stepdownfdp
setting SOURCE_DATE_EPOCH to timestamp 1647435002 of file stepdownfdp/MD5
Running phase: patchPhase
Running phase: updateAutotoolsGnuConfigScriptsPhase
Running phase: configurePhase
Running phase: buildPhase
Running phase: checkPhase
Running phase: installPhase
* installing *source* package ‘stepdownfdp’ ...
** package ‘stepdownfdp’ correctement décompressé et sommes MD5 vérifiées
** using staged installation
** R
** byte-compile and prepare package for lazy loading
** help
*** installing help indices
** building package indices
** testing if installed package can be loaded from temporary location
** testing if installed package can be loaded from final location
** testing if installed package keeps a record of temporary installation path
* DONE (stepdownfdp)
Running phase: fixupPhase
checking for references to /private/tmp/nix-build-r-stepdownfdp-1.0.0.drv-0/ in /nix/store/9yr91pa75w21lrbgx0wchy5cm2d6kjsv-r-stepdownfdp-1.0.0...
patching script interpreter paths in /nix/store/9yr91pa75w21lrbgx0wchy5cm2d6kjsv-r-stepdownfdp-1.0.0
rewriting symlink /nix/store/9yr91pa75w21lrbgx0wchy5cm2d6kjsv-r-stepdownfdp-1.0.0/nix-support/propagated-user-env-packages to be relative to /nix/store/9yr91pa75w21lrbgx0wchy5cm2d6kjsv-r-stepdownfdp-1.0.0
