these 2 derivations will be built:
  /nix/store/0b780s9rvczb1kn1bpxiw322348h39av-hrtlFMC_0.1.0.tar.gz.drv
  /nix/store/yzh63khwybrwifh4ph4cmm6a1h475x20-r-hrtlFMC-0.1.0.drv
building '/nix/store/0b780s9rvczb1kn1bpxiw322348h39av-hrtlFMC_0.1.0.tar.gz.drv'...

trying https://cran.r-project.org/src/contrib/hrtlFMC_0.1.0.tar.gz
  % Total    % Received % Xferd  Average Speed   Time    Time     Time  Current
                                 Dload  Upload   Total   Spent    Left  Speed
100  2607  100  2607    0     0  29697      0 --:--:-- --:--:-- --:--:-- 29965
building '/nix/store/yzh63khwybrwifh4ph4cmm6a1h475x20-r-hrtlFMC-0.1.0.drv'...
Running phase: unpackPhase
unpacking source archive /nix/store/rjw0h57g67qnwv5hpqpxjc5i6rdnfx1r-hrtlFMC_0.1.0.tar.gz
source root is hrtlFMC
setting SOURCE_DATE_EPOCH to timestamp 1725015011 of file hrtlFMC/MD5
Running phase: patchPhase
Running phase: updateAutotoolsGnuConfigScriptsPhase
Running phase: configurePhase
Running phase: buildPhase
Running phase: checkPhase
Running phase: installPhase
* installing *source* package ‘hrtlFMC’ ...
** package ‘hrtlFMC’ correctement décompressé et sommes MD5 vérifiées
** using staged installation
** R
** byte-compile and prepare package for lazy loading
** help
*** installing help indices
** building package indices
** testing if installed package can be loaded from temporary location
** testing if installed package can be loaded from final location
** testing if installed package keeps a record of temporary installation path
* DONE (hrtlFMC)
Running phase: fixupPhase
checking for references to /private/tmp/nix-build-r-hrtlFMC-0.1.0.drv-0/ in /nix/store/rh27aqdz58dii37nnihd3yvlwcdg1xjs-r-hrtlFMC-0.1.0...
patching script interpreter paths in /nix/store/rh27aqdz58dii37nnihd3yvlwcdg1xjs-r-hrtlFMC-0.1.0
rewriting symlink /nix/store/rh27aqdz58dii37nnihd3yvlwcdg1xjs-r-hrtlFMC-0.1.0/nix-support/propagated-user-env-packages to be relative to /nix/store/rh27aqdz58dii37nnihd3yvlwcdg1xjs-r-hrtlFMC-0.1.0
