this derivation will be built:
  /nix/store/bmbxnmamxn2p47qiwcvjaa9xvaag0vhm-r-rmdwc-0.3.0.drv
this path will be fetched (0.01 MiB download, 0.01 MiB unpacked):
  /nix/store/25w01la9rj12965vz7bhy319zkzdah39-rmdwc_0.3.0.tar.gz
copying path '/nix/store/25w01la9rj12965vz7bhy319zkzdah39-rmdwc_0.3.0.tar.gz' from 'https://cache.nixos.org'...
building '/nix/store/bmbxnmamxn2p47qiwcvjaa9xvaag0vhm-r-rmdwc-0.3.0.drv'...
Running phase: unpackPhase
unpacking source archive /nix/store/25w01la9rj12965vz7bhy319zkzdah39-rmdwc_0.3.0.tar.gz
source root is rmdwc
setting SOURCE_DATE_EPOCH to timestamp 1668274202 of file rmdwc/MD5
Running phase: patchPhase
Running phase: updateAutotoolsGnuConfigScriptsPhase
Running phase: configurePhase
Running phase: buildPhase
Running phase: checkPhase
Running phase: installPhase
* installing *source* package ‘rmdwc’ ...
** package ‘rmdwc’ correctement décompressé et sommes MD5 vérifiées
** using staged installation
** R
** inst
** byte-compile and prepare package for lazy loading
** help
*** installing help indices
** building package indices
** testing if installed package can be loaded from temporary location
** testing if installed package can be loaded from final location
** testing if installed package keeps a record of temporary installation path
* DONE (rmdwc)
Running phase: fixupPhase
checking for references to /private/tmp/nix-build-r-rmdwc-0.3.0.drv-0/ in /nix/store/pi1s477fyp5l0yl10jkhc97v7qadgg3k-r-rmdwc-0.3.0...
patching script interpreter paths in /nix/store/pi1s477fyp5l0yl10jkhc97v7qadgg3k-r-rmdwc-0.3.0
rewriting symlink /nix/store/pi1s477fyp5l0yl10jkhc97v7qadgg3k-r-rmdwc-0.3.0/nix-support/propagated-user-env-packages to be relative to /nix/store/pi1s477fyp5l0yl10jkhc97v7qadgg3k-r-rmdwc-0.3.0
