this derivation will be built:
  /nix/store/nb7jmv6fmd5yd4s7d6n684cz9pg7kmx9-r-uaparserjs-0.3.5.drv
this path will be fetched (0.15 MiB download, 0.15 MiB unpacked):
  /nix/store/2qazvy1nc4cn3n5717i93l1zq0qf5d1z-uaparserjs_0.3.5.tar.gz
copying path '/nix/store/2qazvy1nc4cn3n5717i93l1zq0qf5d1z-uaparserjs_0.3.5.tar.gz' from 'https://cache.nixos.org'...
building '/nix/store/nb7jmv6fmd5yd4s7d6n684cz9pg7kmx9-r-uaparserjs-0.3.5.drv'...
Running phase: unpackPhase
unpacking source archive /nix/store/2qazvy1nc4cn3n5717i93l1zq0qf5d1z-uaparserjs_0.3.5.tar.gz
source root is uaparserjs
setting SOURCE_DATE_EPOCH to timestamp 1589224202 of file uaparserjs/MD5
Running phase: patchPhase
Running phase: updateAutotoolsGnuConfigScriptsPhase
Running phase: configurePhase
Running phase: buildPhase
Running phase: checkPhase
Running phase: installPhase
* installing *source* package ‘uaparserjs’ ...
** package ‘uaparserjs’ correctement décompressé et sommes MD5 vérifiées
** using staged installation
** R
** inst
** byte-compile and prepare package for lazy loading
** help
*** installing help indices
** building package indices
** testing if installed package can be loaded from temporary location
** testing if installed package can be loaded from final location
** testing if installed package keeps a record of temporary installation path
* DONE (uaparserjs)
Running phase: fixupPhase
checking for references to /private/tmp/nix-build-r-uaparserjs-0.3.5.drv-0/ in /nix/store/6blnzpsfnnvfvziy8v3922r27wq2b4bc-r-uaparserjs-0.3.5...
patching script interpreter paths in /nix/store/6blnzpsfnnvfvziy8v3922r27wq2b4bc-r-uaparserjs-0.3.5
rewriting symlink /nix/store/6blnzpsfnnvfvziy8v3922r27wq2b4bc-r-uaparserjs-0.3.5/nix-support/propagated-user-env-packages to be relative to /nix/store/6blnzpsfnnvfvziy8v3922r27wq2b4bc-r-uaparserjs-0.3.5
