this derivation will be built:
  /nix/store/zqxwwyzv2q5mngmrq9fpppaph7za8bb8-r-MedDietCalc-0.1.1.drv
this path will be fetched (0.16 MiB download, 0.16 MiB unpacked):
  /nix/store/rf18p0y01c12i1zbd3mwkxp1rsnzc132-MedDietCalc_0.1.1.tar.gz
copying path '/nix/store/rf18p0y01c12i1zbd3mwkxp1rsnzc132-MedDietCalc_0.1.1.tar.gz' from 'https://cache.nixos.org'...
building '/nix/store/zqxwwyzv2q5mngmrq9fpppaph7za8bb8-r-MedDietCalc-0.1.1.drv'...
Running phase: unpackPhase
unpacking source archive /nix/store/rf18p0y01c12i1zbd3mwkxp1rsnzc132-MedDietCalc_0.1.1.tar.gz
source root is MedDietCalc
setting SOURCE_DATE_EPOCH to timestamp 1559286603 of file MedDietCalc/MD5
Running phase: patchPhase
Running phase: updateAutotoolsGnuConfigScriptsPhase
Running phase: configurePhase
Running phase: buildPhase
Running phase: checkPhase
Running phase: installPhase
* installing *source* package ‘MedDietCalc’ ...
** package ‘MedDietCalc’ correctement décompressé et sommes MD5 vérifiées
** using staged installation
** R
** data
*** moving datasets to lazyload DB
** inst
** byte-compile and prepare package for lazy loading
** help
*** installing help indices
** building package indices
** installing vignettes
** testing if installed package can be loaded from temporary location
** testing if installed package can be loaded from final location
** testing if installed package keeps a record of temporary installation path
* DONE (MedDietCalc)
Running phase: fixupPhase
checking for references to /private/tmp/nix-build-r-MedDietCalc-0.1.1.drv-0/ in /nix/store/vppp1ziscqzf5mkvk22x2bsxnkbnbxp6-r-MedDietCalc-0.1.1...
patching script interpreter paths in /nix/store/vppp1ziscqzf5mkvk22x2bsxnkbnbxp6-r-MedDietCalc-0.1.1
