these 2 derivations will be built:
  /nix/store/0l5sffy3krfiv81yj1isc76xkh0sn0hd-ursa_3.11.1.tar.gz.drv
  /nix/store/zgpdzxqz59b055ra1i2njfnrfg4vnilw-r-ursa-3.11.1.drv
building '/nix/store/0l5sffy3krfiv81yj1isc76xkh0sn0hd-ursa_3.11.1.tar.gz.drv'...

trying https://cran.r-project.org/src/contrib/ursa_3.11.1.tar.gz
  % Total    % Received % Xferd  Average Speed   Time    Time     Time  Current
                                 Dload  Upload   Total   Spent    Left  Speed
100 1098k  100 1098k    0     0  3695k      0 --:--:-- --:--:-- --:--:-- 3699k
building '/nix/store/zgpdzxqz59b055ra1i2njfnrfg4vnilw-r-ursa-3.11.1.drv'...
Running phase: unpackPhase
unpacking source archive /nix/store/rkl559baqs1dy9kbfz1fzsidldffpalh-ursa_3.11.1.tar.gz
source root is ursa
setting SOURCE_DATE_EPOCH to timestamp 1727350202 of file ursa/MD5
Running phase: patchPhase
Running phase: updateAutotoolsGnuConfigScriptsPhase
Running phase: configurePhase
Running phase: buildPhase
Running phase: checkPhase
Running phase: installPhase
* installing *source* package ‘ursa’ ...
** package ‘ursa’ correctement décompressé et sommes MD5 vérifiées
** using staged installation
** libs
using C compiler: ‘clang version 16.0.6’
using SDK: ‘’
/nix/store/v39c0h6xv6hvki2k1bsyp5n090q8y2bp-clang-wrapper-16.0.6/bin/cc -I"/nix/store/lir8rmsk7dxbj7v1spqmv69z4mafg16l-R-4.4.2/lib/R/include" -DNDEBUG   -isystem /nix/store/0mmz5i705116bfykc7i1r9jxqwyghj2a-libcxx-16.0.6-dev/include/c++/v1    -fPIC  -g -O2  -c init.c -o init.o
/nix/store/v39c0h6xv6hvki2k1bsyp5n090q8y2bp-clang-wrapper-16.0.6/bin/cc -I"/nix/store/lir8rmsk7dxbj7v1spqmv69z4mafg16l-R-4.4.2/lib/R/include" -DNDEBUG   -isystem /nix/store/0mmz5i705116bfykc7i1r9jxqwyghj2a-libcxx-16.0.6-dev/include/c++/v1    -fPIC  -g -O2  -c ursa.c -o ursa.o
/nix/store/v39c0h6xv6hvki2k1bsyp5n090q8y2bp-clang-wrapper-16.0.6/bin/cc -dynamiclib -Wl,-headerpad_max_install_names -undefined dynamic_lookup -L/nix/store/lir8rmsk7dxbj7v1spqmv69z4mafg16l-R-4.4.2/lib/R/lib -L/nix/store/88xkgzh5g9xppsg3hdxxxh9q43rnxk6k-libcxx-16.0.6/lib -o ursa.so init.o ursa.o -L/nix/store/lir8rmsk7dxbj7v1spqmv69z4mafg16l-R-4.4.2/lib/R/lib -lR -lintl -Wl,-framework -Wl,CoreFoundation
installing to /nix/store/xspyc5ici6yh1fjfw3vzaidz5qqcjn4z-r-ursa-3.11.1/library/00LOCK-ursa/00new/ursa/libs
** R
** inst
** preparing package for lazy loading
** help
*** installing help indices
*** copying figures
** building package indices
** testing if installed package can be loaded from temporary location
** checking absolute paths in shared objects and dynamic libraries
** testing if installed package can be loaded from final location
** testing if installed package keeps a record of temporary installation path
* DONE (ursa)
Running phase: fixupPhase
checking for references to /private/tmp/nix-build-r-ursa-3.11.1.drv-0/ in /nix/store/xspyc5ici6yh1fjfw3vzaidz5qqcjn4z-r-ursa-3.11.1...
patching script interpreter paths in /nix/store/xspyc5ici6yh1fjfw3vzaidz5qqcjn4z-r-ursa-3.11.1
rewriting symlink /nix/store/xspyc5ici6yh1fjfw3vzaidz5qqcjn4z-r-ursa-3.11.1/nix-support/propagated-user-env-packages to be relative to /nix/store/xspyc5ici6yh1fjfw3vzaidz5qqcjn4z-r-ursa-3.11.1
