this derivation will be built:
  /nix/store/1scsbsg34mdznp2mqrb59xmw3m3hl86l-r-vetiver-0.2.5.drv
this path will be fetched (0.37 MiB download, 0.37 MiB unpacked):
  /nix/store/ghgwi8yhrl7n4z4ssz4x9c585dnywhgl-vetiver_0.2.5.tar.gz
copying path '/nix/store/ghgwi8yhrl7n4z4ssz4x9c585dnywhgl-vetiver_0.2.5.tar.gz' from 'https://cache.nixos.org'...
building '/nix/store/1scsbsg34mdznp2mqrb59xmw3m3hl86l-r-vetiver-0.2.5.drv'...
Running phase: unpackPhase
unpacking source archive /nix/store/ghgwi8yhrl7n4z4ssz4x9c585dnywhgl-vetiver_0.2.5.tar.gz
source root is vetiver
setting SOURCE_DATE_EPOCH to timestamp 1700175002 of file vetiver/MD5
Running phase: patchPhase
Running phase: updateAutotoolsGnuConfigScriptsPhase
Running phase: configurePhase
Running phase: buildPhase
Running phase: checkPhase
Running phase: installPhase
* installing *source* package ‘vetiver’ ...
** package ‘vetiver’ correctement décompressé et sommes MD5 vérifiées
** using staged installation
** R
** inst
** byte-compile and prepare package for lazy loading
** help
*** installing help indices
*** copying figures
** building package indices
** installing vignettes
** testing if installed package can be loaded from temporary location
** testing if installed package can be loaded from final location
** testing if installed package keeps a record of temporary installation path
* DONE (vetiver)
Running phase: fixupPhase
checking for references to /private/tmp/nix-build-r-vetiver-0.2.5.drv-0/ in /nix/store/vz5nvdlqkddf91c69z2ahmqyp2a34w9p-r-vetiver-0.2.5...
patching script interpreter paths in /nix/store/vz5nvdlqkddf91c69z2ahmqyp2a34w9p-r-vetiver-0.2.5
rewriting symlink /nix/store/vz5nvdlqkddf91c69z2ahmqyp2a34w9p-r-vetiver-0.2.5/nix-support/propagated-user-env-packages to be relative to /nix/store/vz5nvdlqkddf91c69z2ahmqyp2a34w9p-r-vetiver-0.2.5
