this derivation will be built:
  /nix/store/34s6l7n9y9v9z73kw785l7y4hlvq4mqc-r-MIIPW-0.1.1.drv
this path will be fetched (0.04 MiB download, 0.04 MiB unpacked):
  /nix/store/dqb060l9p6znzgbxlnbl68ga4r29zz24-MIIPW_0.1.1.tar.gz
copying path '/nix/store/dqb060l9p6znzgbxlnbl68ga4r29zz24-MIIPW_0.1.1.tar.gz' from 'https://cache.nixos.org'...
building '/nix/store/34s6l7n9y9v9z73kw785l7y4hlvq4mqc-r-MIIPW-0.1.1.drv'...
Running phase: unpackPhase
unpacking source archive /nix/store/dqb060l9p6znzgbxlnbl68ga4r29zz24-MIIPW_0.1.1.tar.gz
source root is MIIPW
setting SOURCE_DATE_EPOCH to timestamp 1676329202 of file MIIPW/MD5
Running phase: patchPhase
Running phase: updateAutotoolsGnuConfigScriptsPhase
Running phase: configurePhase
Running phase: buildPhase
Running phase: checkPhase
Running phase: installPhase
* installing *source* package ‘MIIPW’ ...
** package ‘MIIPW’ correctement décompressé et sommes MD5 vérifiées
** using staged installation
** R
** data
*** moving datasets to lazyload DB
** inst
** byte-compile and prepare package for lazy loading
** help
*** installing help indices
** building package indices
** installing vignettes
** testing if installed package can be loaded from temporary location
** testing if installed package can be loaded from final location
** testing if installed package keeps a record of temporary installation path
* DONE (MIIPW)
Running phase: fixupPhase
checking for references to /private/tmp/nix-build-r-MIIPW-0.1.1.drv-0/ in /nix/store/p3z9sz52bkr1ip0l90j4ynl42igjfjrp-r-MIIPW-0.1.1...
patching script interpreter paths in /nix/store/p3z9sz52bkr1ip0l90j4ynl42igjfjrp-r-MIIPW-0.1.1
rewriting symlink /nix/store/p3z9sz52bkr1ip0l90j4ynl42igjfjrp-r-MIIPW-0.1.1/nix-support/propagated-user-env-packages to be relative to /nix/store/p3z9sz52bkr1ip0l90j4ynl42igjfjrp-r-MIIPW-0.1.1
