this derivation will be built:
  /nix/store/i9i0b6niyrhna5psr31f5rb5hf9pnxbi-r-vaersNDvax-1.0.4.drv
this path will be fetched (0.43 MiB download, 0.43 MiB unpacked):
  /nix/store/il8a63xizhgg8sjwavmxf063h50m9zgf-vaersNDvax_1.0.4.tar.gz
copying path '/nix/store/il8a63xizhgg8sjwavmxf063h50m9zgf-vaersNDvax_1.0.4.tar.gz' from 'https://cache.nixos.org'...
building '/nix/store/i9i0b6niyrhna5psr31f5rb5hf9pnxbi-r-vaersNDvax-1.0.4.drv'...
Running phase: unpackPhase
unpacking source archive /nix/store/il8a63xizhgg8sjwavmxf063h50m9zgf-vaersNDvax_1.0.4.tar.gz
source root is vaersNDvax
setting SOURCE_DATE_EPOCH to timestamp 1470698305 of file vaersNDvax/MD5
Running phase: patchPhase
Running phase: updateAutotoolsGnuConfigScriptsPhase
Running phase: configurePhase
Running phase: buildPhase
Running phase: checkPhase
Running phase: installPhase
* installing *source* package ‘vaersNDvax’ ...
** package ‘vaersNDvax’ correctement décompressé et sommes MD5 vérifiées
** using staged installation
** R
** data
*** moving datasets to lazyload DB
** inst
** byte-compile and prepare package for lazy loading
** help
*** installing help indices
** building package indices
** testing if installed package can be loaded from temporary location
** testing if installed package can be loaded from final location
** testing if installed package keeps a record of temporary installation path
* DONE (vaersNDvax)
Running phase: fixupPhase
checking for references to /private/tmp/nix-build-r-vaersNDvax-1.0.4.drv-0/ in /nix/store/r9ssiqwz0qss0l4yhl1c638ky0wc8303-r-vaersNDvax-1.0.4...
patching script interpreter paths in /nix/store/r9ssiqwz0qss0l4yhl1c638ky0wc8303-r-vaersNDvax-1.0.4
