this derivation will be built:
  /nix/store/ai7ljja927aim6v9fqr1k49wnrvgz6yx-r-OGI-1.0.0.drv
this path will be fetched (0.01 MiB download, 0.01 MiB unpacked):
  /nix/store/wbyxwjk8fgmzb25a33mm7cbna9zhg1vm-OGI_1.0.0.tar.gz
copying path '/nix/store/wbyxwjk8fgmzb25a33mm7cbna9zhg1vm-OGI_1.0.0.tar.gz' from 'https://cache.nixos.org'...
building '/nix/store/ai7ljja927aim6v9fqr1k49wnrvgz6yx-r-OGI-1.0.0.drv'...
Running phase: unpackPhase
unpacking source archive /nix/store/wbyxwjk8fgmzb25a33mm7cbna9zhg1vm-OGI_1.0.0.tar.gz
source root is OGI
setting SOURCE_DATE_EPOCH to timestamp 1513773537 of file OGI/MD5
Running phase: patchPhase
Running phase: updateAutotoolsGnuConfigScriptsPhase
Running phase: configurePhase
Running phase: buildPhase
Running phase: checkPhase
Running phase: installPhase
* installing *source* package ‘OGI’ ...
** package ‘OGI’ correctement décompressé et sommes MD5 vérifiées
** using staged installation
** R
** byte-compile and prepare package for lazy loading
** help
*** installing help indices
** building package indices
** testing if installed package can be loaded from temporary location
** testing if installed package can be loaded from final location
** testing if installed package keeps a record of temporary installation path
* DONE (OGI)
Running phase: fixupPhase
checking for references to /private/tmp/nix-build-r-OGI-1.0.0.drv-0/ in /nix/store/vc62yir49bfirwpj8sd7cmy7knjff4g4-r-OGI-1.0.0...
patching script interpreter paths in /nix/store/vc62yir49bfirwpj8sd7cmy7knjff4g4-r-OGI-1.0.0
rewriting symlink /nix/store/vc62yir49bfirwpj8sd7cmy7knjff4g4-r-OGI-1.0.0/nix-support/propagated-user-env-packages to be relative to /nix/store/vc62yir49bfirwpj8sd7cmy7knjff4g4-r-OGI-1.0.0
