this derivation will be built:
  /nix/store/vvlwq8x61208vqc08i5ga9bjpfjmz2qy-r-LightningR-1.0.2.drv
this path will be fetched (0.00 MiB download, 0.00 MiB unpacked):
  /nix/store/wx7axp5l1bpfd4baq9jsk5w5v5wrgz5m-LightningR_1.0.2.tar.gz
copying path '/nix/store/wx7axp5l1bpfd4baq9jsk5w5v5wrgz5m-LightningR_1.0.2.tar.gz' from 'https://cache.nixos.org'...
building '/nix/store/vvlwq8x61208vqc08i5ga9bjpfjmz2qy-r-LightningR-1.0.2.drv'...
Running phase: unpackPhase
unpacking source archive /nix/store/wx7axp5l1bpfd4baq9jsk5w5v5wrgz5m-LightningR_1.0.2.tar.gz
source root is LightningR
setting SOURCE_DATE_EPOCH to timestamp 1450098932 of file LightningR/MD5
Running phase: patchPhase
Running phase: updateAutotoolsGnuConfigScriptsPhase
Running phase: configurePhase
Running phase: buildPhase
Running phase: checkPhase
Running phase: installPhase
* installing *source* package ‘LightningR’ ...
** package ‘LightningR’ correctement décompressé et sommes MD5 vérifiées
** using staged installation
** R
** byte-compile and prepare package for lazy loading
** help
*** installing help indices
** building package indices
** testing if installed package can be loaded from temporary location
** testing if installed package can be loaded from final location
** testing if installed package keeps a record of temporary installation path
* DONE (LightningR)
Running phase: fixupPhase
checking for references to /private/tmp/nix-build-r-LightningR-1.0.2.drv-0/ in /nix/store/fvfyscz58p00mfyx7p5lxd1v7qamcjgs-r-LightningR-1.0.2...
patching script interpreter paths in /nix/store/fvfyscz58p00mfyx7p5lxd1v7qamcjgs-r-LightningR-1.0.2
rewriting symlink /nix/store/fvfyscz58p00mfyx7p5lxd1v7qamcjgs-r-LightningR-1.0.2/nix-support/propagated-user-env-packages to be relative to /nix/store/fvfyscz58p00mfyx7p5lxd1v7qamcjgs-r-LightningR-1.0.2
