this derivation will be built:
  /nix/store/3ipr7j93dif5vgwjzpgcwr7s8v2fickk-r-rODE-0.99.6.drv
this path will be fetched (0.57 MiB download, 0.57 MiB unpacked):
  /nix/store/lysnmvmvljvl9zq4rcb9n7mjvk10sw17-rODE_0.99.6.tar.gz
copying path '/nix/store/lysnmvmvljvl9zq4rcb9n7mjvk10sw17-rODE_0.99.6.tar.gz' from 'https://cache.nixos.org'...
building '/nix/store/3ipr7j93dif5vgwjzpgcwr7s8v2fickk-r-rODE-0.99.6.drv'...
Running phase: unpackPhase
unpacking source archive /nix/store/lysnmvmvljvl9zq4rcb9n7mjvk10sw17-rODE_0.99.6.tar.gz
source root is rODE
setting SOURCE_DATE_EPOCH to timestamp 1510287471 of file rODE/MD5
Running phase: patchPhase
Running phase: updateAutotoolsGnuConfigScriptsPhase
Running phase: configurePhase
Running phase: buildPhase
Running phase: checkPhase
Running phase: installPhase
* installing *source* package ‘rODE’ ...
** package ‘rODE’ correctement décompressé et sommes MD5 vérifiées
** using staged installation
** R
** demo
** inst
** byte-compile and prepare package for lazy loading
Une nouvelle fonction générique est créée pour ‘step’ dans package ‘rODE’
** help
*** installing help indices
*** copying figures
** building package indices
** installing vignettes
** testing if installed package can be loaded from temporary location
** testing if installed package can be loaded from final location
** testing if installed package keeps a record of temporary installation path
* DONE (rODE)
Running phase: fixupPhase
checking for references to /private/tmp/nix-build-r-rODE-0.99.6.drv-0/ in /nix/store/6vqh4cw72swmf4sq8jrxyyylvcqr9x8v-r-rODE-0.99.6...
patching script interpreter paths in /nix/store/6vqh4cw72swmf4sq8jrxyyylvcqr9x8v-r-rODE-0.99.6
rewriting symlink /nix/store/6vqh4cw72swmf4sq8jrxyyylvcqr9x8v-r-rODE-0.99.6/nix-support/propagated-user-env-packages to be relative to /nix/store/6vqh4cw72swmf4sq8jrxyyylvcqr9x8v-r-rODE-0.99.6
