this derivation will be built:
  /nix/store/m8ggc1b9xzq954ysn699b092w09fmjz0-r-PoisNor-1.3.3.drv
this path will be fetched (0.01 MiB download, 0.01 MiB unpacked):
  /nix/store/8x5fn1zqwyvxh26sjhf48r1hmr9gvyp0-PoisNor_1.3.3.tar.gz
copying path '/nix/store/8x5fn1zqwyvxh26sjhf48r1hmr9gvyp0-PoisNor_1.3.3.tar.gz' from 'https://cache.nixos.org'...
building '/nix/store/m8ggc1b9xzq954ysn699b092w09fmjz0-r-PoisNor-1.3.3.drv'...
Running phase: unpackPhase
unpacking source archive /nix/store/8x5fn1zqwyvxh26sjhf48r1hmr9gvyp0-PoisNor_1.3.3.tar.gz
source root is PoisNor
setting SOURCE_DATE_EPOCH to timestamp 1616367002 of file PoisNor/MD5
Running phase: patchPhase
Running phase: updateAutotoolsGnuConfigScriptsPhase
Running phase: configurePhase
Running phase: buildPhase
Running phase: checkPhase
Running phase: installPhase
* installing *source* package ‘PoisNor’ ...
** package ‘PoisNor’ correctement décompressé et sommes MD5 vérifiées
** using staged installation
** R
** byte-compile and prepare package for lazy loading
** help
*** installing help indices
** building package indices
** testing if installed package can be loaded from temporary location
** testing if installed package can be loaded from final location
** testing if installed package keeps a record of temporary installation path
* DONE (PoisNor)
Running phase: fixupPhase
checking for references to /private/tmp/nix-build-r-PoisNor-1.3.3.drv-0/ in /nix/store/6y4a17d3l031d575lad0jxmyla5gj96a-r-PoisNor-1.3.3...
patching script interpreter paths in /nix/store/6y4a17d3l031d575lad0jxmyla5gj96a-r-PoisNor-1.3.3
rewriting symlink /nix/store/6y4a17d3l031d575lad0jxmyla5gj96a-r-PoisNor-1.3.3/nix-support/propagated-user-env-packages to be relative to /nix/store/6y4a17d3l031d575lad0jxmyla5gj96a-r-PoisNor-1.3.3
