these 3 derivations will be built:
  /nix/store/6mdcc3cysrh1pxrz82wal8yjcc46zmxf-hmix_1.0.2.tar.gz.drv
  /nix/store/hbmr1hyxrg3zij35wb7l45074rf6i98s-r-normalp-0.7.2.1.drv
  /nix/store/rr6a856gimcd4n1bp43gyzy60x87nc3l-r-hmix-1.0.2.drv
this path will be fetched (0.01 MiB download, 0.01 MiB unpacked):
  /nix/store/zw643m55kg8p0bla72lck8nw0k4ps0ki-normalp_0.7.2.1.tar.gz
copying path '/nix/store/zw643m55kg8p0bla72lck8nw0k4ps0ki-normalp_0.7.2.1.tar.gz' from 'https://cache.nixos.org'...
building '/nix/store/6mdcc3cysrh1pxrz82wal8yjcc46zmxf-hmix_1.0.2.tar.gz.drv'...
building '/nix/store/hbmr1hyxrg3zij35wb7l45074rf6i98s-r-normalp-0.7.2.1.drv'...

trying https://cran.r-project.org/src/contrib/hmix_1.0.2.tar.gz
  % Total    % Received % Xferd  Average Speed   Time    Time     Time  Current
                                 Dload  Upload   Total   Spent    Left  Speed
Running phase: unpackPhase
unpacking source archive /nix/store/zw643m55kg8p0bla72lck8nw0k4ps0ki-normalp_0.7.2.1.tar.gz
100 28705  100 28705    0     0   272k      0 --:--:-- --:--:-- --:--:--  274k
source root is normalp
setting SOURCE_DATE_EPOCH to timestamp 1702282962 of file normalp/MD5
Running phase: patchPhase
Running phase: updateAutotoolsGnuConfigScriptsPhase
Running phase: configurePhase
Running phase: buildPhase
Running phase: checkPhase
Running phase: installPhase
* installing *source* package ‘normalp’ ...
** package ‘normalp’ correctement décompressé et sommes MD5 vérifiées
** using staged installation
** R
** byte-compile and prepare package for lazy loading
** help
*** installing help indices
** building package indices
** testing if installed package can be loaded from temporary location
** testing if installed package can be loaded from final location
** testing if installed package keeps a record of temporary installation path
* DONE (normalp)
Running phase: fixupPhase
checking for references to /private/tmp/nix-build-r-normalp-0.7.2.1.drv-0/ in /nix/store/05pxrjra75w7i0611vk9xb65gpazy2g4-r-normalp-0.7.2.1...
patching script interpreter paths in /nix/store/05pxrjra75w7i0611vk9xb65gpazy2g4-r-normalp-0.7.2.1
building '/nix/store/rr6a856gimcd4n1bp43gyzy60x87nc3l-r-hmix-1.0.2.drv'...
Running phase: unpackPhase
unpacking source archive /nix/store/2cxr5ssvy8p3z4m9hxg9gpy3y731hlf2-hmix_1.0.2.tar.gz
source root is hmix
setting SOURCE_DATE_EPOCH to timestamp 1725961812 of file hmix/MD5
Running phase: patchPhase
Running phase: updateAutotoolsGnuConfigScriptsPhase
Running phase: configurePhase
Running phase: buildPhase
Running phase: checkPhase
Running phase: installPhase
* installing *source* package ‘hmix’ ...
** package ‘hmix’ correctement décompressé et sommes MD5 vérifiées
** using staged installation
** R
** data
*** moving datasets to lazyload DB
** byte-compile and prepare package for lazy loading
** help
*** installing help indices
** building package indices
** testing if installed package can be loaded from temporary location
** testing if installed package can be loaded from final location
** testing if installed package keeps a record of temporary installation path
* DONE (hmix)
Running phase: fixupPhase
checking for references to /private/tmp/nix-build-r-hmix-1.0.2.drv-0/ in /nix/store/31sn1ky0kqpyz3p4skjizba9bc8453rd-r-hmix-1.0.2...
patching script interpreter paths in /nix/store/31sn1ky0kqpyz3p4skjizba9bc8453rd-r-hmix-1.0.2
rewriting symlink /nix/store/31sn1ky0kqpyz3p4skjizba9bc8453rd-r-hmix-1.0.2/nix-support/propagated-user-env-packages to be relative to /nix/store/31sn1ky0kqpyz3p4skjizba9bc8453rd-r-hmix-1.0.2
