this derivation will be built:
  /nix/store/82adh8lk4qgacy0jbwv3pk79slx7f2ia-r-instaR-0.2.4.drv
this path will be fetched (0.01 MiB download, 0.01 MiB unpacked):
  /nix/store/f3wb7y9wsrxvvryzdcrcng2hl0i8n9ww-instaR_0.2.4.tar.gz
copying path '/nix/store/f3wb7y9wsrxvvryzdcrcng2hl0i8n9ww-instaR_0.2.4.tar.gz' from 'https://cache.nixos.org'...
building '/nix/store/82adh8lk4qgacy0jbwv3pk79slx7f2ia-r-instaR-0.2.4.drv'...
Running phase: unpackPhase
unpacking source archive /nix/store/f3wb7y9wsrxvvryzdcrcng2hl0i8n9ww-instaR_0.2.4.tar.gz
source root is instaR
setting SOURCE_DATE_EPOCH to timestamp 1471423232 of file instaR/MD5
Running phase: patchPhase
Running phase: updateAutotoolsGnuConfigScriptsPhase
Running phase: configurePhase
Running phase: buildPhase
Running phase: checkPhase
Running phase: installPhase
* installing *source* package ‘instaR’ ...
** package ‘instaR’ correctement décompressé et sommes MD5 vérifiées
** using staged installation
** R
** byte-compile and prepare package for lazy loading
** help
*** installing help indices
** building package indices
** testing if installed package can be loaded from temporary location
** testing if installed package can be loaded from final location
** testing if installed package keeps a record of temporary installation path
* DONE (instaR)
Running phase: fixupPhase
checking for references to /private/tmp/nix-build-r-instaR-0.2.4.drv-0/ in /nix/store/l8xjaf7v5cgc3nx8qa7gbi3zhxcsw7vp-r-instaR-0.2.4...
patching script interpreter paths in /nix/store/l8xjaf7v5cgc3nx8qa7gbi3zhxcsw7vp-r-instaR-0.2.4
rewriting symlink /nix/store/l8xjaf7v5cgc3nx8qa7gbi3zhxcsw7vp-r-instaR-0.2.4/nix-support/propagated-user-env-packages to be relative to /nix/store/l8xjaf7v5cgc3nx8qa7gbi3zhxcsw7vp-r-instaR-0.2.4
