this derivation will be built:
  /nix/store/9v24jmq16bxx80m5d3mwhl3aws7mrz9b-r-pdt-0.0.2.drv
this path will be fetched (0.01 MiB download, 0.01 MiB unpacked):
  /nix/store/lixv42hvc7nxczbsyjlsz1x37knxamr9-pdt_0.0.2.tar.gz
copying path '/nix/store/lixv42hvc7nxczbsyjlsz1x37knxamr9-pdt_0.0.2.tar.gz' from 'https://cache.nixos.org'...
building '/nix/store/9v24jmq16bxx80m5d3mwhl3aws7mrz9b-r-pdt-0.0.2.drv'...
Running phase: unpackPhase
unpacking source archive /nix/store/lixv42hvc7nxczbsyjlsz1x37knxamr9-pdt_0.0.2.tar.gz
source root is pdt
setting SOURCE_DATE_EPOCH to timestamp 1673547602 of file pdt/MD5
Running phase: patchPhase
Running phase: updateAutotoolsGnuConfigScriptsPhase
Running phase: configurePhase
Running phase: buildPhase
Running phase: checkPhase
Running phase: installPhase
* installing *source* package ‘pdt’ ...
** package ‘pdt’ correctement décompressé et sommes MD5 vérifiées
** using staged installation
** R
** byte-compile and prepare package for lazy loading
** help
*** installing help indices
** building package indices
** testing if installed package can be loaded from temporary location
** testing if installed package can be loaded from final location
** testing if installed package keeps a record of temporary installation path
* DONE (pdt)
Running phase: fixupPhase
checking for references to /private/tmp/nix-build-r-pdt-0.0.2.drv-0/ in /nix/store/gqy33fm2xdl3q64mb8n35w1gzncik8fp-r-pdt-0.0.2...
patching script interpreter paths in /nix/store/gqy33fm2xdl3q64mb8n35w1gzncik8fp-r-pdt-0.0.2
