this derivation will be built:
  /nix/store/hrfc863icsswavyc9rdblarbbb7nvbp4-r-triversity-1.0.drv
this path will be fetched (0.02 MiB download, 0.02 MiB unpacked):
  /nix/store/im9j237n7irjhi88pma1gw4194ysclln-triversity_1.0.tar.gz
copying path '/nix/store/im9j237n7irjhi88pma1gw4194ysclln-triversity_1.0.tar.gz' from 'https://cache.nixos.org'...
building '/nix/store/hrfc863icsswavyc9rdblarbbb7nvbp4-r-triversity-1.0.drv'...
Running phase: unpackPhase
unpacking source archive /nix/store/im9j237n7irjhi88pma1gw4194ysclln-triversity_1.0.tar.gz
source root is triversity
setting SOURCE_DATE_EPOCH to timestamp 1507743009 of file triversity/MD5
Running phase: patchPhase
Running phase: updateAutotoolsGnuConfigScriptsPhase
Running phase: configurePhase
Running phase: buildPhase
Running phase: checkPhase
Running phase: installPhase
* installing *source* package ‘triversity’ ...
** package ‘triversity’ correctement décompressé et sommes MD5 vérifiées
** using staged installation
** R
** data
** byte-compile and prepare package for lazy loading
** help
*** installing help indices
** building package indices
** testing if installed package can be loaded from temporary location
** testing if installed package can be loaded from final location
** testing if installed package keeps a record of temporary installation path
* DONE (triversity)
Running phase: fixupPhase
checking for references to /private/tmp/nix-build-r-triversity-1.0.drv-0/ in /nix/store/zy6l2g8wm2kqdl1qc3qqa0k7xq0fkyg4-r-triversity-1.0...
patching script interpreter paths in /nix/store/zy6l2g8wm2kqdl1qc3qqa0k7xq0fkyg4-r-triversity-1.0
rewriting symlink /nix/store/zy6l2g8wm2kqdl1qc3qqa0k7xq0fkyg4-r-triversity-1.0/nix-support/propagated-user-env-packages to be relative to /nix/store/zy6l2g8wm2kqdl1qc3qqa0k7xq0fkyg4-r-triversity-1.0
