these 3 derivations will be built:
  /nix/store/9iy08l7sipkapg7xn2nqq5ic0xy82f18-restatapi_0.23.2.tar.gz.drv
  /nix/store/czqqjcsl32lhqrkijzff04ziggycmh99-r-restatapi-0.23.2.drv
  /nix/store/97sxd964fzxzrly0ybnp4gyzpyls77lq-r-hicp-0.6.1.drv
this path will be fetched (0.08 MiB download, 0.08 MiB unpacked):
  /nix/store/fmrmnd42qy8514n83047v2xg0g71rvpx-hicp_0.6.1.tar.gz
copying path '/nix/store/fmrmnd42qy8514n83047v2xg0g71rvpx-hicp_0.6.1.tar.gz' from 'https://cache.nixos.org'...
building '/nix/store/9iy08l7sipkapg7xn2nqq5ic0xy82f18-restatapi_0.23.2.tar.gz.drv'...

trying https://cran.r-project.org/src/contrib/restatapi_0.23.2.tar.gz
  % Total    % Received % Xferd  Average Speed   Time    Time     Time  Current
                                 Dload  Upload   Total   Spent    Left  Speed
100 73413  100 73413    0     0   478k      0 --:--:-- --:--:-- --:--:--  477k
building '/nix/store/czqqjcsl32lhqrkijzff04ziggycmh99-r-restatapi-0.23.2.drv'...
Running phase: unpackPhase
unpacking source archive /nix/store/mpa2v58n7z55206zjszg7mn16gz1rch0-restatapi_0.23.2.tar.gz
source root is restatapi
setting SOURCE_DATE_EPOCH to timestamp 1727715602 of file restatapi/MD5
Running phase: patchPhase
Running phase: updateAutotoolsGnuConfigScriptsPhase
Running phase: configurePhase
Running phase: buildPhase
Running phase: checkPhase
Running phase: installPhase
* installing *source* package ‘restatapi’ ...
** package ‘restatapi’ correctement décompressé et sommes MD5 vérifiées
** using staged installation
** R
** inst
** byte-compile and prepare package for lazy loading
** help
*** installing help indices
** building package indices
** testing if installed package can be loaded from temporary location
Avis dans file(con, "r") :
  URL 'https://raw.githubusercontent.com/eurostat/restatapi/master/inst/extdata/rest_api_config.json': statut 'SSL connect error'
Avis dans file(con, "r") :
  URL 'https://raw.githubusercontent.com/eurostat/restatapi/master/inst/extdata/rest_api_config.json': statut 'SSL connect error'
Avis dans value[[3L]](cond) : 
load_cfg - The configuration file could not be downloaded from GitHub, the preinstalled file in the package is used.
** testing if installed package can be loaded from final location
Avis dans file(con, "r") :
  URL 'https://raw.githubusercontent.com/eurostat/restatapi/master/inst/extdata/rest_api_config.json': statut 'SSL connect error'
Avis dans file(con, "r") :
  URL 'https://raw.githubusercontent.com/eurostat/restatapi/master/inst/extdata/rest_api_config.json': statut 'SSL connect error'
Avis dans value[[3L]](cond) : 
load_cfg - The configuration file could not be downloaded from GitHub, the preinstalled file in the package is used.
** testing if installed package keeps a record of temporary installation path
* DONE (restatapi)
Running phase: fixupPhase
checking for references to /private/tmp/nix-build-r-restatapi-0.23.2.drv-0/ in /nix/store/kcj3hx11is1r6zpg6im3r3j4wmirm0ly-r-restatapi-0.23.2...
patching script interpreter paths in /nix/store/kcj3hx11is1r6zpg6im3r3j4wmirm0ly-r-restatapi-0.23.2
rewriting symlink /nix/store/kcj3hx11is1r6zpg6im3r3j4wmirm0ly-r-restatapi-0.23.2/nix-support/propagated-user-env-packages to be relative to /nix/store/kcj3hx11is1r6zpg6im3r3j4wmirm0ly-r-restatapi-0.23.2
building '/nix/store/97sxd964fzxzrly0ybnp4gyzpyls77lq-r-hicp-0.6.1.drv'...
Running phase: unpackPhase
unpacking source archive /nix/store/fmrmnd42qy8514n83047v2xg0g71rvpx-hicp_0.6.1.tar.gz
source root is hicp
setting SOURCE_DATE_EPOCH to timestamp 1721731804 of file hicp/MD5
Running phase: patchPhase
Running phase: updateAutotoolsGnuConfigScriptsPhase
Running phase: configurePhase
Running phase: buildPhase
Running phase: checkPhase
Running phase: installPhase
* installing *source* package ‘hicp’ ...
** package ‘hicp’ correctement décompressé et sommes MD5 vérifiées
** using staged installation
** R
** data
*** moving datasets to lazyload DB
** inst
** byte-compile and prepare package for lazy loading
** help
*** installing help indices
** building package indices
** installing vignettes
** testing if installed package can be loaded from temporary location
** testing if installed package can be loaded from final location
** testing if installed package keeps a record of temporary installation path
* DONE (hicp)
Running phase: fixupPhase
checking for references to /private/tmp/nix-build-r-hicp-0.6.1.drv-0/ in /nix/store/cq1lxvy01srnis83462y9x0mc74j5b5p-r-hicp-0.6.1...
patching script interpreter paths in /nix/store/cq1lxvy01srnis83462y9x0mc74j5b5p-r-hicp-0.6.1
rewriting symlink /nix/store/cq1lxvy01srnis83462y9x0mc74j5b5p-r-hicp-0.6.1/nix-support/propagated-user-env-packages to be relative to /nix/store/cq1lxvy01srnis83462y9x0mc74j5b5p-r-hicp-0.6.1
