this derivation will be built:
  /nix/store/lin6vmmj4v890s47sxcjgb2pqnj7zzl0-r-ResPBIBD-0.1.0.drv
this path will be fetched (0.00 MiB download, 0.00 MiB unpacked):
  /nix/store/j37awp3s6m9xizck51pp9nmx8p08406d-ResPBIBD_0.1.0.tar.gz
copying path '/nix/store/j37awp3s6m9xizck51pp9nmx8p08406d-ResPBIBD_0.1.0.tar.gz' from 'https://cache.nixos.org'...
building '/nix/store/lin6vmmj4v890s47sxcjgb2pqnj7zzl0-r-ResPBIBD-0.1.0.drv'...
Running phase: unpackPhase
unpacking source archive /nix/store/j37awp3s6m9xizck51pp9nmx8p08406d-ResPBIBD_0.1.0.tar.gz
source root is ResPBIBD
setting SOURCE_DATE_EPOCH to timestamp 1667313183 of file ResPBIBD/MD5
Running phase: patchPhase
Running phase: updateAutotoolsGnuConfigScriptsPhase
Running phase: configurePhase
Running phase: buildPhase
Running phase: checkPhase
Running phase: installPhase
* installing *source* package ‘ResPBIBD’ ...
** package ‘ResPBIBD’ correctement décompressé et sommes MD5 vérifiées
** using staged installation
** R
** byte-compile and prepare package for lazy loading
** help
*** installing help indices
** building package indices
** testing if installed package can be loaded from temporary location
** testing if installed package can be loaded from final location
** testing if installed package keeps a record of temporary installation path
* DONE (ResPBIBD)
Running phase: fixupPhase
checking for references to /private/tmp/nix-build-r-ResPBIBD-0.1.0.drv-0/ in /nix/store/sqbxmi48afg52901qhamyy7zqkmlgd7b-r-ResPBIBD-0.1.0...
patching script interpreter paths in /nix/store/sqbxmi48afg52901qhamyy7zqkmlgd7b-r-ResPBIBD-0.1.0
