this derivation will be built:
  /nix/store/27zaq77rpyi4b4c2rxdlaj46pzqwsdby-r-r2pptx-0.1.0.drv
this path will be fetched (0.13 MiB download, 0.13 MiB unpacked):
  /nix/store/0c29jawdmw9sxhsb55ds81ln9bbgibwh-r2pptx_0.1.0.tar.gz
copying path '/nix/store/0c29jawdmw9sxhsb55ds81ln9bbgibwh-r2pptx_0.1.0.tar.gz' from 'https://cache.nixos.org'...
building '/nix/store/27zaq77rpyi4b4c2rxdlaj46pzqwsdby-r-r2pptx-0.1.0.drv'...
Running phase: unpackPhase
unpacking source archive /nix/store/0c29jawdmw9sxhsb55ds81ln9bbgibwh-r2pptx_0.1.0.tar.gz
source root is r2pptx
setting SOURCE_DATE_EPOCH to timestamp 1631731202 of file r2pptx/MD5
Running phase: patchPhase
Running phase: updateAutotoolsGnuConfigScriptsPhase
Running phase: configurePhase
Running phase: buildPhase
Running phase: checkPhase
Running phase: installPhase
* installing *source* package ‘r2pptx’ ...
** package ‘r2pptx’ correctement décompressé et sommes MD5 vérifiées
** using staged installation
** R
** inst
** byte-compile and prepare package for lazy loading
** help
*** installing help indices
*** copying figures
** building package indices
** installing vignettes
** testing if installed package can be loaded from temporary location
** testing if installed package can be loaded from final location
** testing if installed package keeps a record of temporary installation path
* DONE (r2pptx)
Running phase: fixupPhase
checking for references to /private/tmp/nix-build-r-r2pptx-0.1.0.drv-0/ in /nix/store/0vf765xdd4n3w740vgs8m41sb9vkzyzr-r-r2pptx-0.1.0...
patching script interpreter paths in /nix/store/0vf765xdd4n3w740vgs8m41sb9vkzyzr-r-r2pptx-0.1.0
rewriting symlink /nix/store/0vf765xdd4n3w740vgs8m41sb9vkzyzr-r-r2pptx-0.1.0/nix-support/propagated-user-env-packages to be relative to /nix/store/0vf765xdd4n3w740vgs8m41sb9vkzyzr-r-r2pptx-0.1.0
