this derivation will be built:
  /nix/store/jgqg0vvn8qfdb0ilc3airvbpyhhwfy9h-r-kedd-1.0.4.drv
building '/nix/store/jgqg0vvn8qfdb0ilc3airvbpyhhwfy9h-r-kedd-1.0.4.drv'...
Running phase: unpackPhase
unpacking source archive /nix/store/962mx22z1idd58h8kbyy7nsfyl9p6874-kedd_1.0.4.tar.gz
source root is kedd
setting SOURCE_DATE_EPOCH to timestamp 1706785202 of file kedd/MD5
Running phase: patchPhase
Running phase: updateAutotoolsGnuConfigScriptsPhase
Running phase: configurePhase
Running phase: buildPhase
Running phase: checkPhase
Running phase: installPhase
* installing *source* package ‘kedd’ ...
** package ‘kedd’ correctement décompressé et sommes MD5 vérifiées
** using staged installation
** R
** data
*** moving datasets to lazyload DB
** demo
** inst
** byte-compile and prepare package for lazy loading
** help
*** installing help indices
** building package indices
** installing vignettes
** testing if installed package can be loaded from temporary location
** testing if installed package can be loaded from final location
** testing if installed package keeps a record of temporary installation path
* DONE (kedd)
Running phase: fixupPhase
checking for references to /private/tmp/nix-build-r-kedd-1.0.4.drv-0/ in /nix/store/jnvhcp9f5nd0wxjkddzgnvkndi78fj6n-r-kedd-1.0.4...
patching script interpreter paths in /nix/store/jnvhcp9f5nd0wxjkddzgnvkndi78fj6n-r-kedd-1.0.4
