these 5 derivations will be built:
  /nix/store/jsb61z64c52f2iij1v73sgcil54v24nq-r-tcltk2-1.2-11.drv
  /nix/store/3fvbrc51cgsdama53riglpbrp8zpl3m3-r-Rcmdr-2.9-5.drv
  /nix/store/7rllq1g2vw1986kqx8fyb0bqqhbywr2x-r-support.BWS3-0.2-1.drv
  /nix/store/yfwax50sgywyna4md3p8da0l96y20dsy-r-support.CEs-0.7-0.drv
  /nix/store/s9x1p2qwfman9aq2ciy2p524j91lbdwc-r-RcmdrPlugin.BWS3-0.2-3.drv
these 2 paths will be fetched (0.03 MiB download, 0.03 MiB unpacked):
  /nix/store/r7q8d2v82ls76ya69ha84zzzp0iqcbac-RcmdrPlugin.BWS3_0.2-3.tar.gz
  /nix/store/ya9vw7fizc7gbbhqjh0sn9nqaa3l9w2v-support.BWS3_0.2-1.tar.gz
copying path '/nix/store/r7q8d2v82ls76ya69ha84zzzp0iqcbac-RcmdrPlugin.BWS3_0.2-3.tar.gz' from 'https://cache.nixos.org'...
copying path '/nix/store/ya9vw7fizc7gbbhqjh0sn9nqaa3l9w2v-support.BWS3_0.2-1.tar.gz' from 'https://cache.nixos.org'...
building '/nix/store/yfwax50sgywyna4md3p8da0l96y20dsy-r-support.CEs-0.7-0.drv'...
building '/nix/store/jsb61z64c52f2iij1v73sgcil54v24nq-r-tcltk2-1.2-11.drv'...
Running phase: unpackPhase
unpacking source archive /nix/store/adkwi4dl0ic3b4cq2dgar9m3hx463wx1-support.CEs_0.7-0.tar.gz
source root is support.CEs
setting SOURCE_DATE_EPOCH to timestamp 1698995402 of file support.CEs/MD5
building '/nix/store/7rllq1g2vw1986kqx8fyb0bqqhbywr2x-r-support.BWS3-0.2-1.drv'...
Running phase: patchPhase
Running phase: updateAutotoolsGnuConfigScriptsPhase
Running phase: configurePhase
Running phase: buildPhase
Running phase: checkPhase
Running phase: installPhase
Running phase: unpackPhase
unpacking source archive /nix/store/18w0m6b7b8crk7kxilkj8dxixq6y4fdy-tcltk2_1.2-11.tar.gz
* installing *source* package ‘support.CEs’ ...
** package ‘support.CEs’ correctement décompressé et sommes MD5 vérifiées
** using staged installation
** R
** data
** inst
** byte-compile and prepare package for lazy loading
source root is tcltk2
setting SOURCE_DATE_EPOCH to timestamp 1419068106 of file tcltk2/MD5
Running phase: patchPhase
Running phase: unpackPhase
Running phase: updateAutotoolsGnuConfigScriptsPhase
unpacking source archive /nix/store/ya9vw7fizc7gbbhqjh0sn9nqaa3l9w2v-support.BWS3_0.2-1.tar.gz
Running phase: configurePhase
source root is support.BWS3
Running phase: buildPhase
setting SOURCE_DATE_EPOCH to timestamp 1706770802 of file support.BWS3/MD5
Running phase: checkPhase
Running phase: patchPhase
Running phase: installPhase
Running phase: updateAutotoolsGnuConfigScriptsPhase
Running phase: configurePhase
Running phase: buildPhase
Running phase: checkPhase
Running phase: installPhase
* installing *source* package ‘tcltk2’ ...
** package ‘tcltk2’ correctement décompressé et sommes MD5 vérifiées
** using staged installation
* installing *source* package ‘support.BWS3’ ...
** package ‘support.BWS3’ correctement décompressé et sommes MD5 vérifiées
** using staged installation
** R
** inst
** R
** data
*** moving datasets to lazyload DB
** inst
** byte-compile and prepare package for lazy loading
** byte-compile and prepare package for lazy loading
** help
*** installing help indices
** help
** building package indices
*** installing help indices
** building package indices
** testing if installed package can be loaded from temporary location
** testing if installed package can be loaded from temporary location
** testing if installed package can be loaded from final location
** testing if installed package can be loaded from final location
** testing if installed package keeps a record of temporary installation path
* DONE (support.BWS3)
Running phase: fixupPhase
checking for references to /private/tmp/nix-build-r-support.BWS3-0.2-1.drv-0/ in /nix/store/d49ygfjn0sg9nyciayjan8ddbl40akc0-r-support.BWS3-0.2-1...
** testing if installed package keeps a record of temporary installation path
* DONE (support.CEs)
patching script interpreter paths in /nix/store/d49ygfjn0sg9nyciayjan8ddbl40akc0-r-support.BWS3-0.2-1
Running phase: fixupPhase
checking for references to /private/tmp/nix-build-r-support.CEs-0.7-0.drv-0/ in /nix/store/xc46bx5mqcyx7q66w3lycbzhqxw705a9-r-support.CEs-0.7-0...
patching script interpreter paths in /nix/store/xc46bx5mqcyx7q66w3lycbzhqxw705a9-r-support.CEs-0.7-0
rewriting symlink /nix/store/xc46bx5mqcyx7q66w3lycbzhqxw705a9-r-support.CEs-0.7-0/nix-support/propagated-user-env-packages to be relative to /nix/store/xc46bx5mqcyx7q66w3lycbzhqxw705a9-r-support.CEs-0.7-0
sh: line 1: 59307 Trace/BPT trap: 5       R_TESTS= '/nix/store/lir8rmsk7dxbj7v1spqmv69z4mafg16l-R-4.4.2/lib/R/bin/R' --no-save --no-restore --no-echo 2>&1 < '/private/tmp/nix-build-r-tcltk2-1.2-11.drv-0/RtmpYYLNL5/filee78d66b93b5c'
ERROR: lazy loading failed for package ‘tcltk2’
* removing ‘/nix/store/b1sdns2c9cy9k3q3x58n3yjvwqbcazmx-r-tcltk2-1.2-11/library/tcltk2’
error: builder for '/nix/store/jsb61z64c52f2iij1v73sgcil54v24nq-r-tcltk2-1.2-11.drv' failed with exit code 1;
       last 19 log lines:
       > Running phase: unpackPhase
       > unpacking source archive /nix/store/18w0m6b7b8crk7kxilkj8dxixq6y4fdy-tcltk2_1.2-11.tar.gz
       > source root is tcltk2
       > setting SOURCE_DATE_EPOCH to timestamp 1419068106 of file tcltk2/MD5
       > Running phase: patchPhase
       > Running phase: updateAutotoolsGnuConfigScriptsPhase
       > Running phase: configurePhase
       > Running phase: buildPhase
       > Running phase: checkPhase
       > Running phase: installPhase
       > * installing *source* package ‘tcltk2’ ...
       > ** package ‘tcltk2’ correctement décompressé et sommes MD5 vérifiées
       > ** using staged installation
       > ** R
       > ** inst
       > ** byte-compile and prepare package for lazy loading
       > sh: line 1: 59307 Trace/BPT trap: 5       R_TESTS= '/nix/store/lir8rmsk7dxbj7v1spqmv69z4mafg16l-R-4.4.2/lib/R/bin/R' --no-save --no-restore --no-echo 2>&1 < '/private/tmp/nix-build-r-tcltk2-1.2-11.drv-0/RtmpYYLNL5/filee78d66b93b5c'
       > ERROR: lazy loading failed for package ‘tcltk2’
       > * removing ‘/nix/store/b1sdns2c9cy9k3q3x58n3yjvwqbcazmx-r-tcltk2-1.2-11/library/tcltk2’
       For full logs, run 'nix log /nix/store/jsb61z64c52f2iij1v73sgcil54v24nq-r-tcltk2-1.2-11.drv'.
error: 1 dependencies of derivation '/nix/store/3fvbrc51cgsdama53riglpbrp8zpl3m3-r-Rcmdr-2.9-5.drv' failed to build
error: 1 dependencies of derivation '/nix/store/s9x1p2qwfman9aq2ciy2p524j91lbdwc-r-RcmdrPlugin.BWS3-0.2-3.drv' failed to build
