this derivation will be built:
  /nix/store/vdnvji5pc66lav5xw055i5w4qi8wnaci-r-PK-1.3-6.drv
this path will be fetched (0.04 MiB download, 0.04 MiB unpacked):
  /nix/store/h9h8rb9mbc7wr89jkxn9zlxxjhrm3mrg-PK_1.3-6.tar.gz
copying path '/nix/store/h9h8rb9mbc7wr89jkxn9zlxxjhrm3mrg-PK_1.3-6.tar.gz' from 'https://cache.nixos.org'...
building '/nix/store/vdnvji5pc66lav5xw055i5w4qi8wnaci-r-PK-1.3-6.drv'...
Running phase: unpackPhase
unpacking source archive /nix/store/h9h8rb9mbc7wr89jkxn9zlxxjhrm3mrg-PK_1.3-6.tar.gz
source root is PK
setting SOURCE_DATE_EPOCH to timestamp 1694509205 of file PK/MD5
Running phase: patchPhase
Running phase: updateAutotoolsGnuConfigScriptsPhase
Running phase: configurePhase
Running phase: buildPhase
Running phase: checkPhase
Running phase: installPhase
* installing *source* package ‘PK’ ...
** package ‘PK’ correctement décompressé et sommes MD5 vérifiées
** using staged installation
** R
** data
** inst
** byte-compile and prepare package for lazy loading
** help
*** installing help indices
** building package indices
** testing if installed package can be loaded from temporary location
** testing if installed package can be loaded from final location
** testing if installed package keeps a record of temporary installation path
* DONE (PK)
Running phase: fixupPhase
checking for references to /private/tmp/nix-build-r-PK-1.3-6.drv-0/ in /nix/store/4i9rl1hd9mzw6nm1fafavlqmrdrwzjlb-r-PK-1.3-6...
patching script interpreter paths in /nix/store/4i9rl1hd9mzw6nm1fafavlqmrdrwzjlb-r-PK-1.3-6
