this derivation will be built:
  /nix/store/y32dpsds4v4dbi1vbzzkkwxdqi4m1d1y-r-topdowntimeratio-0.1.0.drv
this path will be fetched (0.03 MiB download, 0.03 MiB unpacked):
  /nix/store/zwlwfxh9kzxa1q9rvi6cqa9d6an6276p-topdowntimeratio_0.1.0.tar.gz
copying path '/nix/store/zwlwfxh9kzxa1q9rvi6cqa9d6an6276p-topdowntimeratio_0.1.0.tar.gz' from 'https://cache.nixos.org'...
building '/nix/store/y32dpsds4v4dbi1vbzzkkwxdqi4m1d1y-r-topdowntimeratio-0.1.0.drv'...
Running phase: unpackPhase
unpacking source archive /nix/store/zwlwfxh9kzxa1q9rvi6cqa9d6an6276p-topdowntimeratio_0.1.0.tar.gz
source root is topdowntimeratio
setting SOURCE_DATE_EPOCH to timestamp 1663836602 of file topdowntimeratio/MD5
Running phase: patchPhase
Running phase: updateAutotoolsGnuConfigScriptsPhase
Running phase: configurePhase
Running phase: buildPhase
Running phase: checkPhase
Running phase: installPhase
* installing *source* package ‘topdowntimeratio’ ...
** package ‘topdowntimeratio’ correctement décompressé et sommes MD5 vérifiées
** using staged installation
** R
** byte-compile and prepare package for lazy loading
** help
*** installing help indices
*** copying figures
** building package indices
** testing if installed package can be loaded from temporary location
** testing if installed package can be loaded from final location
** testing if installed package keeps a record of temporary installation path
* DONE (topdowntimeratio)
Running phase: fixupPhase
checking for references to /private/tmp/nix-build-r-topdowntimeratio-0.1.0.drv-0/ in /nix/store/lk0mrafsj42h6x8dsarrpd8m9vn4yk3d-r-topdowntimeratio-0.1.0...
patching script interpreter paths in /nix/store/lk0mrafsj42h6x8dsarrpd8m9vn4yk3d-r-topdowntimeratio-0.1.0
rewriting symlink /nix/store/lk0mrafsj42h6x8dsarrpd8m9vn4yk3d-r-topdowntimeratio-0.1.0/nix-support/propagated-user-env-packages to be relative to /nix/store/lk0mrafsj42h6x8dsarrpd8m9vn4yk3d-r-topdowntimeratio-0.1.0
