this derivation will be built:
  /nix/store/kii2jb6zar7r89w7gv1hbg4nvazdnig6-r-sgstar-0.1.2.drv
this path will be fetched (0.05 MiB download, 0.05 MiB unpacked):
  /nix/store/x5y4fgsigm408zv3qd1a2ngm9wqgrnbn-sgstar_0.1.2.tar.gz
copying path '/nix/store/x5y4fgsigm408zv3qd1a2ngm9wqgrnbn-sgstar_0.1.2.tar.gz' from 'https://cache.nixos.org'...
building '/nix/store/kii2jb6zar7r89w7gv1hbg4nvazdnig6-r-sgstar-0.1.2.drv'...
Running phase: unpackPhase
unpacking source archive /nix/store/x5y4fgsigm408zv3qd1a2ngm9wqgrnbn-sgstar_0.1.2.tar.gz
source root is sgstar
setting SOURCE_DATE_EPOCH to timestamp 1621778403 of file sgstar/MD5
Running phase: patchPhase
Running phase: updateAutotoolsGnuConfigScriptsPhase
Running phase: configurePhase
Running phase: buildPhase
Running phase: checkPhase
Running phase: installPhase
* installing *source* package ‘sgstar’ ...
** package ‘sgstar’ correctement décompressé et sommes MD5 vérifiées
** using staged installation
** R
** data
*** moving datasets to lazyload DB
** byte-compile and prepare package for lazy loading
** help
*** installing help indices
** building package indices
** testing if installed package can be loaded from temporary location
** testing if installed package can be loaded from final location
** testing if installed package keeps a record of temporary installation path
* DONE (sgstar)
Running phase: fixupPhase
checking for references to /private/tmp/nix-build-r-sgstar-0.1.2.drv-0/ in /nix/store/kcvkjjavq9zkjxdzqjsa35incd1chky3-r-sgstar-0.1.2...
patching script interpreter paths in /nix/store/kcvkjjavq9zkjxdzqjsa35incd1chky3-r-sgstar-0.1.2
rewriting symlink /nix/store/kcvkjjavq9zkjxdzqjsa35incd1chky3-r-sgstar-0.1.2/nix-support/propagated-user-env-packages to be relative to /nix/store/kcvkjjavq9zkjxdzqjsa35incd1chky3-r-sgstar-0.1.2
