these 2 derivations will be built:
  /nix/store/icn4rrplsli628vj309fc569mf7v9s4k-markowitz_0.1.0.tar.gz.drv
  /nix/store/zgsrgwv6pb00czngj4vz505hbjmrfj7g-r-markowitz-0.1.0.drv
building '/nix/store/icn4rrplsli628vj309fc569mf7v9s4k-markowitz_0.1.0.tar.gz.drv'...

trying https://cran.r-project.org/src/contrib/markowitz_0.1.0.tar.gz
  % Total    % Received % Xferd  Average Speed   Time    Time     Time  Current
                                 Dload  Upload   Total   Spent    Left  Speed
100  4524  100  4524    0     0  39910      0 --:--:-- --:--:-- --:--:-- 40035
building '/nix/store/zgsrgwv6pb00czngj4vz505hbjmrfj7g-r-markowitz-0.1.0.drv'...
Running phase: unpackPhase
unpacking source archive /nix/store/cqp69mm7ir69dagvxgdfjx6l060zdvb5-markowitz_0.1.0.tar.gz
source root is markowitz
setting SOURCE_DATE_EPOCH to timestamp 1727253005 of file markowitz/MD5
Running phase: patchPhase
Running phase: updateAutotoolsGnuConfigScriptsPhase
Running phase: configurePhase
Running phase: buildPhase
Running phase: checkPhase
Running phase: installPhase
* installing *source* package ‘markowitz’ ...
** package ‘markowitz’ correctement décompressé et sommes MD5 vérifiées
** using staged installation
** R
** byte-compile and prepare package for lazy loading
** help
*** installing help indices
** building package indices
** testing if installed package can be loaded from temporary location
** testing if installed package can be loaded from final location
** testing if installed package keeps a record of temporary installation path
* DONE (markowitz)
Running phase: fixupPhase
checking for references to /private/tmp/nix-build-r-markowitz-0.1.0.drv-0/ in /nix/store/gva6i0ng9cxrlfyqj0hsbqns651wvbjq-r-markowitz-0.1.0...
patching script interpreter paths in /nix/store/gva6i0ng9cxrlfyqj0hsbqns651wvbjq-r-markowitz-0.1.0
rewriting symlink /nix/store/gva6i0ng9cxrlfyqj0hsbqns651wvbjq-r-markowitz-0.1.0/nix-support/propagated-user-env-packages to be relative to /nix/store/gva6i0ng9cxrlfyqj0hsbqns651wvbjq-r-markowitz-0.1.0
