this derivation will be built:
  /nix/store/47nx99kr9abq0q8n5f2gwqpphqvg4668-r-VSOLassoBag-0.99.1.drv
this path will be fetched (1.38 MiB download, 1.39 MiB unpacked):
  /nix/store/l219qm3vh0f9i3xx3hbfjg2q4gs9bqpg-VSOLassoBag_0.99.1.tar.gz
copying path '/nix/store/l219qm3vh0f9i3xx3hbfjg2q4gs9bqpg-VSOLassoBag_0.99.1.tar.gz' from 'https://cache.nixos.org'...
building '/nix/store/47nx99kr9abq0q8n5f2gwqpphqvg4668-r-VSOLassoBag-0.99.1.drv'...
Running phase: unpackPhase
unpacking source archive /nix/store/l219qm3vh0f9i3xx3hbfjg2q4gs9bqpg-VSOLassoBag_0.99.1.tar.gz
source root is VSOLassoBag
setting SOURCE_DATE_EPOCH to timestamp 1679676008 of file VSOLassoBag/MD5
Running phase: patchPhase
Running phase: updateAutotoolsGnuConfigScriptsPhase
Running phase: configurePhase
Running phase: buildPhase
Running phase: checkPhase
Running phase: installPhase
* installing *source* package ‘VSOLassoBag’ ...
** package ‘VSOLassoBag’ correctement décompressé et sommes MD5 vérifiées
** using staged installation
** R
** data
*** moving datasets to lazyload DB
** inst
** byte-compile and prepare package for lazy loading
Avis : remplacement de l'importation précédente ‘utils::findMatches’ par ‘S4Vectors::findMatches’ lors du chargement de ‘GenomicRanges’
Erreur : l'objet ‘rowData<-’ n'est pas exporté par 'namespace:SummarizedExperiment'
Exécution arrêtée
ERROR: lazy loading failed for package ‘VSOLassoBag’
* removing ‘/nix/store/4wv4irsrz6gijx73zqnf0h4iimz5vrz4-r-VSOLassoBag-0.99.1/library/VSOLassoBag’
error: builder for '/nix/store/47nx99kr9abq0q8n5f2gwqpphqvg4668-r-VSOLassoBag-0.99.1.drv' failed with exit code 1;
       last 23 log lines:
       > Running phase: unpackPhase
       > unpacking source archive /nix/store/l219qm3vh0f9i3xx3hbfjg2q4gs9bqpg-VSOLassoBag_0.99.1.tar.gz
       > source root is VSOLassoBag
       > setting SOURCE_DATE_EPOCH to timestamp 1679676008 of file VSOLassoBag/MD5
       > Running phase: patchPhase
       > Running phase: updateAutotoolsGnuConfigScriptsPhase
       > Running phase: configurePhase
       > Running phase: buildPhase
       > Running phase: checkPhase
       > Running phase: installPhase
       > * installing *source* package ‘VSOLassoBag’ ...
       > ** package ‘VSOLassoBag’ correctement décompressé et sommes MD5 vérifiées
       > ** using staged installation
       > ** R
       > ** data
       > *** moving datasets to lazyload DB
       > ** inst
       > ** byte-compile and prepare package for lazy loading
       > Avis : remplacement de l'importation précédente ‘utils::findMatches’ par ‘S4Vectors::findMatches’ lors du chargement de ‘GenomicRanges’
       > Erreur : l'objet ‘rowData<-’ n'est pas exporté par 'namespace:SummarizedExperiment'
       > Exécution arrêtée
       > ERROR: lazy loading failed for package ‘VSOLassoBag’
       > * removing ‘/nix/store/4wv4irsrz6gijx73zqnf0h4iimz5vrz4-r-VSOLassoBag-0.99.1/library/VSOLassoBag’
       For full logs, run 'nix log /nix/store/47nx99kr9abq0q8n5f2gwqpphqvg4668-r-VSOLassoBag-0.99.1.drv'.
