these 2 derivations will be built:
  /nix/store/wfc1k3q63pdysh2ld47xa2b8ncas4dq3-ukbnmr_3.2.0.tar.gz.drv
  /nix/store/xryrfgkpqd723xb374c2njq7i4jz3cxl-r-ukbnmr-3.2.0.drv
building '/nix/store/wfc1k3q63pdysh2ld47xa2b8ncas4dq3-ukbnmr_3.2.0.tar.gz.drv'...

trying https://cran.r-project.org/src/contrib/ukbnmr_3.2.0.tar.gz
  % Total    % Received % Xferd  Average Speed   Time    Time     Time  Current
                                 Dload  Upload   Total   Spent    Left  Speed
100 3642k  100 3642k    0     0  7669k      0 --:--:-- --:--:-- --:--:-- 7668k
building '/nix/store/xryrfgkpqd723xb374c2njq7i4jz3cxl-r-ukbnmr-3.2.0.drv'...
Running phase: unpackPhase
unpacking source archive /nix/store/87r0y24r15y71ikgdssga068g769rvh7-ukbnmr_3.2.0.tar.gz
source root is ukbnmr
setting SOURCE_DATE_EPOCH to timestamp 1731610803 of file ukbnmr/MD5
Running phase: patchPhase
Running phase: updateAutotoolsGnuConfigScriptsPhase
Running phase: configurePhase
Running phase: buildPhase
Running phase: checkPhase
Running phase: installPhase
* installing *source* package ‘ukbnmr’ ...
** package ‘ukbnmr’ correctement décompressé et sommes MD5 vérifiées
** using staged installation
** R
** data
*** moving datasets to lazyload DB
** inst
** byte-compile and prepare package for lazy loading
** help
*** installing help indices
** building package indices
** installing vignettes
** testing if installed package can be loaded from temporary location
** testing if installed package can be loaded from final location
** testing if installed package keeps a record of temporary installation path
* DONE (ukbnmr)
Running phase: fixupPhase
checking for references to /private/tmp/nix-build-r-ukbnmr-3.2.0.drv-0/ in /nix/store/p2gww02bb23djhnpjlns6lj45q95qm06-r-ukbnmr-3.2.0...
patching script interpreter paths in /nix/store/p2gww02bb23djhnpjlns6lj45q95qm06-r-ukbnmr-3.2.0
rewriting symlink /nix/store/p2gww02bb23djhnpjlns6lj45q95qm06-r-ukbnmr-3.2.0/nix-support/propagated-user-env-packages to be relative to /nix/store/p2gww02bb23djhnpjlns6lj45q95qm06-r-ukbnmr-3.2.0
