these 2 derivations will be built:
  /nix/store/6lwc2dh6b836ckp5nszqvpmx835rgc22-mmiCATs_0.2.0.tar.gz.drv
  /nix/store/ys4x7ssnp5zf1zap8815nwx1g1md89by-r-mmiCATs-0.2.0.drv
building '/nix/store/6lwc2dh6b836ckp5nszqvpmx835rgc22-mmiCATs_0.2.0.tar.gz.drv'...

trying https://cran.r-project.org/src/contrib/mmiCATs_0.2.0.tar.gz
  % Total    % Received % Xferd  Average Speed   Time    Time     Time  Current
                                 Dload  Upload   Total   Spent    Left  Speed
100 1835k  100 1835k    0     0  5545k      0 --:--:-- --:--:-- --:--:-- 5545k
building '/nix/store/ys4x7ssnp5zf1zap8815nwx1g1md89by-r-mmiCATs-0.2.0.drv'...
Running phase: unpackPhase
unpacking source archive /nix/store/74q8y32nnf4kj05l75y408d5fyg9ymr5-mmiCATs_0.2.0.tar.gz
source root is mmiCATs
setting SOURCE_DATE_EPOCH to timestamp 1724646001 of file mmiCATs/MD5
Running phase: patchPhase
Running phase: updateAutotoolsGnuConfigScriptsPhase
Running phase: configurePhase
Running phase: buildPhase
Running phase: checkPhase
Running phase: installPhase
* installing *source* package ‘mmiCATs’ ...
** package ‘mmiCATs’ correctement décompressé et sommes MD5 vérifiées
** using staged installation
** R
** inst
** byte-compile and prepare package for lazy loading
** help
*** installing help indices
*** copying figures
** building package indices
** testing if installed package can be loaded from temporary location
** testing if installed package can be loaded from final location
** testing if installed package keeps a record of temporary installation path
* DONE (mmiCATs)
Running phase: fixupPhase
checking for references to /private/tmp/nix-build-r-mmiCATs-0.2.0.drv-0/ in /nix/store/x9slnyw3si3gdl96md40b2w30i0r3p38-r-mmiCATs-0.2.0...
patching script interpreter paths in /nix/store/x9slnyw3si3gdl96md40b2w30i0r3p38-r-mmiCATs-0.2.0
rewriting symlink /nix/store/x9slnyw3si3gdl96md40b2w30i0r3p38-r-mmiCATs-0.2.0/nix-support/propagated-user-env-packages to be relative to /nix/store/x9slnyw3si3gdl96md40b2w30i0r3p38-r-mmiCATs-0.2.0
