this derivation will be built:
  /nix/store/p31xzdqx9vrv9q8jglxbdlcdfv0m5niw-r-nombre-0.4.1.drv
this path will be fetched (0.42 MiB download, 0.42 MiB unpacked):
  /nix/store/6bxf5lbqgwi82a3kln3ns8l4bdzmwj4w-nombre_0.4.1.tar.gz
copying path '/nix/store/6bxf5lbqgwi82a3kln3ns8l4bdzmwj4w-nombre_0.4.1.tar.gz' from 'https://cache.nixos.org'...
building '/nix/store/p31xzdqx9vrv9q8jglxbdlcdfv0m5niw-r-nombre-0.4.1.drv'...
Running phase: unpackPhase
unpacking source archive /nix/store/6bxf5lbqgwi82a3kln3ns8l4bdzmwj4w-nombre_0.4.1.tar.gz
source root is nombre
setting SOURCE_DATE_EPOCH to timestamp 1653322802 of file nombre/MD5
Running phase: patchPhase
Running phase: updateAutotoolsGnuConfigScriptsPhase
Running phase: configurePhase
Running phase: buildPhase
Running phase: checkPhase
Running phase: installPhase
* installing *source* package ‘nombre’ ...
** package ‘nombre’ correctement décompressé et sommes MD5 vérifiées
** using staged installation
** R
** byte-compile and prepare package for lazy loading
** help
*** installing help indices
*** copying figures
** building package indices
** testing if installed package can be loaded from temporary location
** testing if installed package can be loaded from final location
** testing if installed package keeps a record of temporary installation path
* DONE (nombre)
Running phase: fixupPhase
checking for references to /private/tmp/nix-build-r-nombre-0.4.1.drv-0/ in /nix/store/wwz5r1p8z9p4k600g60y63mivhn28ic1-r-nombre-0.4.1...
patching script interpreter paths in /nix/store/wwz5r1p8z9p4k600g60y63mivhn28ic1-r-nombre-0.4.1
rewriting symlink /nix/store/wwz5r1p8z9p4k600g60y63mivhn28ic1-r-nombre-0.4.1/nix-support/propagated-user-env-packages to be relative to /nix/store/wwz5r1p8z9p4k600g60y63mivhn28ic1-r-nombre-0.4.1
