these 2 derivations will be built:
  /nix/store/59p1y0lfrjknkqw7mqicfr82adb11w76-r-threewords-0.1.0.drv
  /nix/store/m4bfrpdnvzjg7nxb6jlzr5j93kincywq-r-geocacheR-0.1.0.drv
building '/nix/store/59p1y0lfrjknkqw7mqicfr82adb11w76-r-threewords-0.1.0.drv'...
Running phase: unpackPhase
unpacking source archive /nix/store/p0dca1ydwgwjpk3iz8qqzapv56ssm5qy-threewords_0.1.0.tar.gz
source root is threewords
setting SOURCE_DATE_EPOCH to timestamp 1439054297 of file threewords/MD5
Running phase: patchPhase
Running phase: updateAutotoolsGnuConfigScriptsPhase
Running phase: configurePhase
Running phase: buildPhase
Running phase: checkPhase
Running phase: installPhase
* installing *source* package ‘threewords’ ...
** package ‘threewords’ correctement décompressé et sommes MD5 vérifiées
** using staged installation
** R
** byte-compile and prepare package for lazy loading
** help
*** installing help indices
** building package indices
** testing if installed package can be loaded from temporary location
** testing if installed package can be loaded from final location
** testing if installed package keeps a record of temporary installation path
* DONE (threewords)
Running phase: fixupPhase
checking for references to /private/tmp/nix-build-r-threewords-0.1.0.drv-0/ in /nix/store/dc2j2man790077hpwl5s7mjyapp76pbz-r-threewords-0.1.0...
patching script interpreter paths in /nix/store/dc2j2man790077hpwl5s7mjyapp76pbz-r-threewords-0.1.0
rewriting symlink /nix/store/dc2j2man790077hpwl5s7mjyapp76pbz-r-threewords-0.1.0/nix-support/propagated-user-env-packages to be relative to /nix/store/dc2j2man790077hpwl5s7mjyapp76pbz-r-threewords-0.1.0
building '/nix/store/m4bfrpdnvzjg7nxb6jlzr5j93kincywq-r-geocacheR-0.1.0.drv'...
Running phase: unpackPhase
unpacking source archive /nix/store/jlk8ysa64yz10fc6k1wb1m83ra0cg0vx-geocacheR_0.1.0.tar.gz
source root is geocacheR
setting SOURCE_DATE_EPOCH to timestamp 1581418212 of file geocacheR/MD5
Running phase: patchPhase
Running phase: updateAutotoolsGnuConfigScriptsPhase
Running phase: configurePhase
Running phase: buildPhase
Running phase: checkPhase
Running phase: installPhase
* installing *source* package ‘geocacheR’ ...
** package ‘geocacheR’ correctement décompressé et sommes MD5 vérifiées
** using staged installation
** R
** byte-compile and prepare package for lazy loading
** help
*** installing help indices
** building package indices
** testing if installed package can be loaded from temporary location
** testing if installed package can be loaded from final location
** testing if installed package keeps a record of temporary installation path
* DONE (geocacheR)
Running phase: fixupPhase
checking for references to /private/tmp/nix-build-r-geocacheR-0.1.0.drv-0/ in /nix/store/wdxmm23ylvs2xb96gdc0ckc8qp0h8hf4-r-geocacheR-0.1.0...
patching script interpreter paths in /nix/store/wdxmm23ylvs2xb96gdc0ckc8qp0h8hf4-r-geocacheR-0.1.0
rewriting symlink /nix/store/wdxmm23ylvs2xb96gdc0ckc8qp0h8hf4-r-geocacheR-0.1.0/nix-support/propagated-user-env-packages to be relative to /nix/store/wdxmm23ylvs2xb96gdc0ckc8qp0h8hf4-r-geocacheR-0.1.0
