this derivation will be built:
  /nix/store/wgbwxc1vm63m2c25bs4m85n2mjfghyzl-r-lmDiallel-1.0.1.drv
this path will be fetched (0.04 MiB download, 0.04 MiB unpacked):
  /nix/store/jj3hdrx3jw9rb370nsvxchmr4s8qxdmw-lmDiallel_1.0.1.tar.gz
copying path '/nix/store/jj3hdrx3jw9rb370nsvxchmr4s8qxdmw-lmDiallel_1.0.1.tar.gz' from 'https://cache.nixos.org'...
building '/nix/store/wgbwxc1vm63m2c25bs4m85n2mjfghyzl-r-lmDiallel-1.0.1.drv'...
Running phase: unpackPhase
unpacking source archive /nix/store/jj3hdrx3jw9rb370nsvxchmr4s8qxdmw-lmDiallel_1.0.1.tar.gz
source root is lmDiallel
setting SOURCE_DATE_EPOCH to timestamp 1681920602 of file lmDiallel/MD5
Running phase: patchPhase
Running phase: updateAutotoolsGnuConfigScriptsPhase
Running phase: configurePhase
Running phase: buildPhase
Running phase: checkPhase
Running phase: installPhase
* installing *source* package ‘lmDiallel’ ...
** package ‘lmDiallel’ correctement décompressé et sommes MD5 vérifiées
** using staged installation
** R
** data
** inst
** byte-compile and prepare package for lazy loading
** help
*** installing help indices
** building package indices
** testing if installed package can be loaded from temporary location
** testing if installed package can be loaded from final location
** testing if installed package keeps a record of temporary installation path
* DONE (lmDiallel)
Running phase: fixupPhase
checking for references to /private/tmp/nix-build-r-lmDiallel-1.0.1.drv-0/ in /nix/store/lw9xd13bd01n5rn0nfd6mk8kcarrfsyv-r-lmDiallel-1.0.1...
patching script interpreter paths in /nix/store/lw9xd13bd01n5rn0nfd6mk8kcarrfsyv-r-lmDiallel-1.0.1
rewriting symlink /nix/store/lw9xd13bd01n5rn0nfd6mk8kcarrfsyv-r-lmDiallel-1.0.1/nix-support/propagated-user-env-packages to be relative to /nix/store/lw9xd13bd01n5rn0nfd6mk8kcarrfsyv-r-lmDiallel-1.0.1
