this derivation will be built:
  /nix/store/z898zcdfb6wqvlwyzbr392ajq7mzh4a9-r-GRSxE-1.0.1.drv
this path will be fetched (0.02 MiB download, 0.02 MiB unpacked):
  /nix/store/v1yaj09vkfmjd2j21ac3nrzvr6rqjb4n-GRSxE_1.0.1.tar.gz
copying path '/nix/store/v1yaj09vkfmjd2j21ac3nrzvr6rqjb4n-GRSxE_1.0.1.tar.gz' from 'https://cache.nixos.org'...
building '/nix/store/z898zcdfb6wqvlwyzbr392ajq7mzh4a9-r-GRSxE-1.0.1.drv'...
Running phase: unpackPhase
unpacking source archive /nix/store/v1yaj09vkfmjd2j21ac3nrzvr6rqjb4n-GRSxE_1.0.1.tar.gz
source root is GRSxE
setting SOURCE_DATE_EPOCH to timestamp 1698674405 of file GRSxE/MD5
Running phase: patchPhase
Running phase: updateAutotoolsGnuConfigScriptsPhase
Running phase: configurePhase
Running phase: buildPhase
Running phase: checkPhase
Running phase: installPhase
* installing *source* package ‘GRSxE’ ...
** package ‘GRSxE’ correctement décompressé et sommes MD5 vérifiées
** using staged installation
** R
** byte-compile and prepare package for lazy loading
** help
*** installing help indices
** building package indices
** testing if installed package can be loaded from temporary location
** testing if installed package can be loaded from final location
** testing if installed package keeps a record of temporary installation path
* DONE (GRSxE)
Running phase: fixupPhase
checking for references to /private/tmp/nix-build-r-GRSxE-1.0.1.drv-0/ in /nix/store/pxwj0x23cwf83gyf5izv0girk4axpgbv-r-GRSxE-1.0.1...
patching script interpreter paths in /nix/store/pxwj0x23cwf83gyf5izv0girk4axpgbv-r-GRSxE-1.0.1
rewriting symlink /nix/store/pxwj0x23cwf83gyf5izv0girk4axpgbv-r-GRSxE-1.0.1/nix-support/propagated-user-env-packages to be relative to /nix/store/pxwj0x23cwf83gyf5izv0girk4axpgbv-r-GRSxE-1.0.1
