this derivation will be built:
  /nix/store/dyb5jggs2f7l0gjbgijmm48a9w0g5iv7-r-MacroZooBenthosWaterA-0.1.0.drv
this path will be fetched (0.01 MiB download, 0.01 MiB unpacked):
  /nix/store/c5hyxb765njfkkvqlnrz121fmnq0cx3q-MacroZooBenthosWaterA_0.1.0.tar.gz
copying path '/nix/store/c5hyxb765njfkkvqlnrz121fmnq0cx3q-MacroZooBenthosWaterA_0.1.0.tar.gz' from 'https://cache.nixos.org'...
building '/nix/store/dyb5jggs2f7l0gjbgijmm48a9w0g5iv7-r-MacroZooBenthosWaterA-0.1.0.drv'...
Running phase: unpackPhase
unpacking source archive /nix/store/c5hyxb765njfkkvqlnrz121fmnq0cx3q-MacroZooBenthosWaterA_0.1.0.tar.gz
source root is MacroZooBenthosWaterA
setting SOURCE_DATE_EPOCH to timestamp 1678304412 of file MacroZooBenthosWaterA/MD5
Running phase: patchPhase
Running phase: updateAutotoolsGnuConfigScriptsPhase
Running phase: configurePhase
Running phase: buildPhase
Running phase: checkPhase
Running phase: installPhase
* installing *source* package ‘MacroZooBenthosWaterA’ ...
** package ‘MacroZooBenthosWaterA’ correctement décompressé et sommes MD5 vérifiées
** using staged installation
** R
** byte-compile and prepare package for lazy loading
** help
*** installing help indices
** building package indices
** testing if installed package can be loaded from temporary location
** testing if installed package can be loaded from final location
** testing if installed package keeps a record of temporary installation path
* DONE (MacroZooBenthosWaterA)
Running phase: fixupPhase
checking for references to /private/tmp/nix-build-r-MacroZooBenthosWaterA-0.1.0.drv-0/ in /nix/store/y2dk38w6bsx7mr8h2v6y9r32zpayyc8b-r-MacroZooBenthosWaterA-0.1.0...
patching script interpreter paths in /nix/store/y2dk38w6bsx7mr8h2v6y9r32zpayyc8b-r-MacroZooBenthosWaterA-0.1.0
