this derivation will be built:
  /nix/store/8p3fi17hwsh2rafigzpz4v654593zwhz-r-IndexNumber-1.3.2.drv
this path will be fetched (0.02 MiB download, 0.02 MiB unpacked):
  /nix/store/7v3pdx037b03wrazcdwwchf9k3dswwc3-IndexNumber_1.3.2.tar.gz
copying path '/nix/store/7v3pdx037b03wrazcdwwchf9k3dswwc3-IndexNumber_1.3.2.tar.gz' from 'https://cache.nixos.org'...
building '/nix/store/8p3fi17hwsh2rafigzpz4v654593zwhz-r-IndexNumber-1.3.2.drv'...
Running phase: unpackPhase
unpacking source archive /nix/store/7v3pdx037b03wrazcdwwchf9k3dswwc3-IndexNumber_1.3.2.tar.gz
source root is IndexNumber
setting SOURCE_DATE_EPOCH to timestamp 1615811403 of file IndexNumber/MD5
Running phase: patchPhase
Running phase: updateAutotoolsGnuConfigScriptsPhase
Running phase: configurePhase
Running phase: buildPhase
Running phase: checkPhase
Running phase: installPhase
* installing *source* package ‘IndexNumber’ ...
** package ‘IndexNumber’ correctement décompressé et sommes MD5 vérifiées
** using staged installation
** R
** data
*** moving datasets to lazyload DB
** byte-compile and prepare package for lazy loading
** help
*** installing help indices
** building package indices
** testing if installed package can be loaded from temporary location
** testing if installed package can be loaded from final location
** testing if installed package keeps a record of temporary installation path
* DONE (IndexNumber)
Running phase: fixupPhase
checking for references to /private/tmp/nix-build-r-IndexNumber-1.3.2.drv-0/ in /nix/store/m6y3yy68pd8681a015nnxypcvbl42hph-r-IndexNumber-1.3.2...
patching script interpreter paths in /nix/store/m6y3yy68pd8681a015nnxypcvbl42hph-r-IndexNumber-1.3.2
