this derivation will be built:
  /nix/store/wvj9g1c9a7flnxyawf58dpvxwflvhl2c-r-PDSCE-1.2.1.drv
this path will be fetched (0.01 MiB download, 0.01 MiB unpacked):
  /nix/store/ynyfmxflb9ylpja6zc2cr85a6bprz4lp-PDSCE_1.2.1.tar.gz
copying path '/nix/store/ynyfmxflb9ylpja6zc2cr85a6bprz4lp-PDSCE_1.2.1.tar.gz' from 'https://cache.nixos.org'...
building '/nix/store/wvj9g1c9a7flnxyawf58dpvxwflvhl2c-r-PDSCE-1.2.1.drv'...
Running phase: unpackPhase
unpacking source archive /nix/store/ynyfmxflb9ylpja6zc2cr85a6bprz4lp-PDSCE_1.2.1.tar.gz
source root is PDSCE
setting SOURCE_DATE_EPOCH to timestamp 1655968724 of file PDSCE/MD5
Running phase: patchPhase
Running phase: updateAutotoolsGnuConfigScriptsPhase
Running phase: configurePhase
Running phase: buildPhase
Running phase: checkPhase
Running phase: installPhase
* installing *source* package ‘PDSCE’ ...
** package ‘PDSCE’ correctement décompressé et sommes MD5 vérifiées
** using staged installation
** libs
using C compiler: ‘clang version 16.0.6’
using SDK: ‘’
/nix/store/v39c0h6xv6hvki2k1bsyp5n090q8y2bp-clang-wrapper-16.0.6/bin/cc -I"/nix/store/lir8rmsk7dxbj7v1spqmv69z4mafg16l-R-4.4.2/lib/R/include" -DNDEBUG   -isystem /nix/store/0mmz5i705116bfykc7i1r9jxqwyghj2a-libcxx-16.0.6-dev/include/c++/v1    -fPIC  -g -O2  -c pdsc.c -o pdsc.o
pdsc.c:99:17: warning: add explicit braces to avoid dangling else [-Wdangling-else]
                else
                ^
pdsc.c:133:17: warning: add explicit braces to avoid dangling else [-Wdangling-else]
                else
                ^
2 warnings generated.
/nix/store/v39c0h6xv6hvki2k1bsyp5n090q8y2bp-clang-wrapper-16.0.6/bin/cc -dynamiclib -Wl,-headerpad_max_install_names -undefined dynamic_lookup -L/nix/store/lir8rmsk7dxbj7v1spqmv69z4mafg16l-R-4.4.2/lib/R/lib -L/nix/store/88xkgzh5g9xppsg3hdxxxh9q43rnxk6k-libcxx-16.0.6/lib -o PDSCE.so pdsc.o -L/nix/store/lir8rmsk7dxbj7v1spqmv69z4mafg16l-R-4.4.2/lib/R/lib -lR -lintl -Wl,-framework -Wl,CoreFoundation
installing to /nix/store/4w2khdw5wdjaici30wj1nvmiynq51whv-r-PDSCE-1.2.1/library/00LOCK-PDSCE/00new/PDSCE/libs
** R
** byte-compile and prepare package for lazy loading
** help
*** installing help indices
** building package indices
** testing if installed package can be loaded from temporary location
** checking absolute paths in shared objects and dynamic libraries
** testing if installed package can be loaded from final location
** testing if installed package keeps a record of temporary installation path
* DONE (PDSCE)
Running phase: fixupPhase
checking for references to /private/tmp/nix-build-r-PDSCE-1.2.1.drv-0/ in /nix/store/4w2khdw5wdjaici30wj1nvmiynq51whv-r-PDSCE-1.2.1...
patching script interpreter paths in /nix/store/4w2khdw5wdjaici30wj1nvmiynq51whv-r-PDSCE-1.2.1
