this derivation will be built:
  /nix/store/kcs699b5y9b969wqv9rb9wscgh83lgq3-r-ordcrm-1.0.0.drv
this path will be fetched (0.03 MiB download, 0.03 MiB unpacked):
  /nix/store/f8ssf9ic9wx6dqwn6knvr06iq88lqd91-ordcrm_1.0.0.tar.gz
copying path '/nix/store/f8ssf9ic9wx6dqwn6knvr06iq88lqd91-ordcrm_1.0.0.tar.gz' from 'https://cache.nixos.org'...
building '/nix/store/kcs699b5y9b969wqv9rb9wscgh83lgq3-r-ordcrm-1.0.0.drv'...
Running phase: unpackPhase
unpacking source archive /nix/store/f8ssf9ic9wx6dqwn6knvr06iq88lqd91-ordcrm_1.0.0.tar.gz
source root is ordcrm
setting SOURCE_DATE_EPOCH to timestamp 1478300051 of file ordcrm/MD5
Running phase: patchPhase
Running phase: updateAutotoolsGnuConfigScriptsPhase
Running phase: configurePhase
Running phase: buildPhase
Running phase: checkPhase
Running phase: installPhase
* installing *source* package ‘ordcrm’ ...
** package ‘ordcrm’ correctement décompressé et sommes MD5 vérifiées
** using staged installation
** R
** byte-compile and prepare package for lazy loading
** help
*** installing help indices
** building package indices
** testing if installed package can be loaded from temporary location
** testing if installed package can be loaded from final location
** testing if installed package keeps a record of temporary installation path
* DONE (ordcrm)
Running phase: fixupPhase
checking for references to /private/tmp/nix-build-r-ordcrm-1.0.0.drv-0/ in /nix/store/6pqalppswwixglwp26q3wl529njzy344-r-ordcrm-1.0.0...
patching script interpreter paths in /nix/store/6pqalppswwixglwp26q3wl529njzy344-r-ordcrm-1.0.0
rewriting symlink /nix/store/6pqalppswwixglwp26q3wl529njzy344-r-ordcrm-1.0.0/nix-support/propagated-user-env-packages to be relative to /nix/store/6pqalppswwixglwp26q3wl529njzy344-r-ordcrm-1.0.0
