this derivation will be built:
  /nix/store/0z8y9x2nr1sjdw4njnv1fxfs9w0msc6l-r-RobMixReg-1.1.0.drv
this path will be fetched (1.85 MiB download, 1.85 MiB unpacked):
  /nix/store/y68rxy3vdh0kbbqvjivjybj4hni9airl-RobMixReg_1.1.0.tar.gz
copying path '/nix/store/y68rxy3vdh0kbbqvjivjybj4hni9airl-RobMixReg_1.1.0.tar.gz' from 'https://cache.nixos.org'...
building '/nix/store/0z8y9x2nr1sjdw4njnv1fxfs9w0msc6l-r-RobMixReg-1.1.0.drv'...
Running phase: unpackPhase
unpacking source archive /nix/store/y68rxy3vdh0kbbqvjivjybj4hni9airl-RobMixReg_1.1.0.tar.gz
source root is RobMixReg
setting SOURCE_DATE_EPOCH to timestamp 1596628807 of file RobMixReg/MD5
Running phase: patchPhase
Running phase: updateAutotoolsGnuConfigScriptsPhase
Running phase: configurePhase
Running phase: buildPhase
Running phase: checkPhase
Running phase: installPhase
* installing *source* package ‘RobMixReg’ ...
** package ‘RobMixReg’ correctement décompressé et sommes MD5 vérifiées
** using staged installation
** R
** data
*** moving datasets to lazyload DB
** byte-compile and prepare package for lazy loading
** help
*** installing help indices
** building package indices
** testing if installed package can be loaded from temporary location
** testing if installed package can be loaded from final location
** testing if installed package keeps a record of temporary installation path
* DONE (RobMixReg)
Running phase: fixupPhase
checking for references to /private/tmp/nix-build-r-RobMixReg-1.1.0.drv-0/ in /nix/store/zycpgdn0wxwmg4by5yk2jbq4w8l1d91d-r-RobMixReg-1.1.0...
patching script interpreter paths in /nix/store/zycpgdn0wxwmg4by5yk2jbq4w8l1d91d-r-RobMixReg-1.1.0
rewriting symlink /nix/store/zycpgdn0wxwmg4by5yk2jbq4w8l1d91d-r-RobMixReg-1.1.0/nix-support/propagated-user-env-packages to be relative to /nix/store/zycpgdn0wxwmg4by5yk2jbq4w8l1d91d-r-RobMixReg-1.1.0
