this derivation will be built:
  /nix/store/rp59wcvdjhddc984imlgakwxz1bs4bzm-r-QFRM-1.0.1.drv
this path will be fetched (0.05 MiB download, 0.05 MiB unpacked):
  /nix/store/4qlzllcmcf3i0s20lplmb01pnxdyphga-QFRM_1.0.1.tar.gz
copying path '/nix/store/4qlzllcmcf3i0s20lplmb01pnxdyphga-QFRM_1.0.1.tar.gz' from 'https://cache.nixos.org'...
building '/nix/store/rp59wcvdjhddc984imlgakwxz1bs4bzm-r-QFRM-1.0.1.drv'...
Running phase: unpackPhase
unpacking source archive /nix/store/4qlzllcmcf3i0s20lplmb01pnxdyphga-QFRM_1.0.1.tar.gz
source root is QFRM
setting SOURCE_DATE_EPOCH to timestamp 1438364618 of file QFRM/MD5
Running phase: patchPhase
Running phase: updateAutotoolsGnuConfigScriptsPhase
Running phase: configurePhase
Running phase: buildPhase
Running phase: checkPhase
Running phase: installPhase
* installing *source* package ‘QFRM’ ...
** package ‘QFRM’ correctement décompressé et sommes MD5 vérifiées
** using staged installation
** R
** byte-compile and prepare package for lazy loading
** help
*** installing help indices
** building package indices
** testing if installed package can be loaded from temporary location
** testing if installed package can be loaded from final location
** testing if installed package keeps a record of temporary installation path
* DONE (QFRM)
Running phase: fixupPhase
checking for references to /private/tmp/nix-build-r-QFRM-1.0.1.drv-0/ in /nix/store/j24n22s7d1qlw95j4wm3qqdk0drj0d3q-r-QFRM-1.0.1...
patching script interpreter paths in /nix/store/j24n22s7d1qlw95j4wm3qqdk0drj0d3q-r-QFRM-1.0.1
