this derivation will be built:
  /nix/store/129pxcm645dhyl8fwhrfswziq00ag97d-r-OVtool-1.0.3.drv
this path will be fetched (2.65 MiB download, 2.65 MiB unpacked):
  /nix/store/fggv9r6ipi293hp5rk2a8yr3bjcdmsrc-OVtool_1.0.3.tar.gz
copying path '/nix/store/fggv9r6ipi293hp5rk2a8yr3bjcdmsrc-OVtool_1.0.3.tar.gz' from 'https://cache.nixos.org'...
building '/nix/store/129pxcm645dhyl8fwhrfswziq00ag97d-r-OVtool-1.0.3.drv'...
Running phase: unpackPhase
unpacking source archive /nix/store/fggv9r6ipi293hp5rk2a8yr3bjcdmsrc-OVtool_1.0.3.tar.gz
source root is OVtool
setting SOURCE_DATE_EPOCH to timestamp 1635840607 of file OVtool/MD5
Running phase: patchPhase
Running phase: updateAutotoolsGnuConfigScriptsPhase
Running phase: configurePhase
Running phase: buildPhase
Running phase: checkPhase
Running phase: installPhase
* installing *source* package ‘OVtool’ ...
** package ‘OVtool’ correctement décompressé et sommes MD5 vérifiées
** using staged installation
** R
** data
*** moving datasets to lazyload DB
** inst
** byte-compile and prepare package for lazy loading
** help
*** installing help indices
** building package indices
** installing vignettes
** testing if installed package can be loaded from temporary location
** testing if installed package can be loaded from final location
** testing if installed package keeps a record of temporary installation path
* DONE (OVtool)
Running phase: fixupPhase
checking for references to /private/tmp/nix-build-r-OVtool-1.0.3.drv-0/ in /nix/store/0ik6i4xp5xij920msy8ig4wz4wn55pmw-r-OVtool-1.0.3...
patching script interpreter paths in /nix/store/0ik6i4xp5xij920msy8ig4wz4wn55pmw-r-OVtool-1.0.3
rewriting symlink /nix/store/0ik6i4xp5xij920msy8ig4wz4wn55pmw-r-OVtool-1.0.3/nix-support/propagated-user-env-packages to be relative to /nix/store/0ik6i4xp5xij920msy8ig4wz4wn55pmw-r-OVtool-1.0.3
