these 2 derivations will be built:
  /nix/store/aqmmxzf5cg06479044b39wqgs2p9b0w4-r-ggmap-4.0.0.drv
  /nix/store/qfil2ps7vbmy16icpcvjlyijs41dsgr5-r-activatr-0.2.1.drv
building '/nix/store/aqmmxzf5cg06479044b39wqgs2p9b0w4-r-ggmap-4.0.0.drv'...
Running phase: unpackPhase
unpacking source archive /nix/store/1xr54b50qj2spymccndg6ky01hyibiid-ggmap_4.0.0.tar.gz
source root is ggmap
setting SOURCE_DATE_EPOCH to timestamp 1700381402 of file ggmap/MD5
Running phase: patchPhase
Running phase: updateAutotoolsGnuConfigScriptsPhase
Running phase: configurePhase
Running phase: buildPhase
Running phase: checkPhase
Running phase: installPhase
* installing *source* package ‘ggmap’ ...
** package ‘ggmap’ correctement décompressé et sommes MD5 vérifiées
** using staged installation
** R
** data
*** moving datasets to lazyload DB
** inst
** byte-compile and prepare package for lazy loading
** help
*** installing help indices
** building package indices
** testing if installed package can be loaded from temporary location
** testing if installed package can be loaded from final location
** testing if installed package keeps a record of temporary installation path
* DONE (ggmap)
Running phase: fixupPhase
checking for references to /private/tmp/nix-build-r-ggmap-4.0.0.drv-0/ in /nix/store/x8s2wdcmg8a5x8izs32w0x1r0rnwkiqj-r-ggmap-4.0.0...
patching script interpreter paths in /nix/store/x8s2wdcmg8a5x8izs32w0x1r0rnwkiqj-r-ggmap-4.0.0
rewriting symlink /nix/store/x8s2wdcmg8a5x8izs32w0x1r0rnwkiqj-r-ggmap-4.0.0/nix-support/propagated-user-env-packages to be relative to /nix/store/x8s2wdcmg8a5x8izs32w0x1r0rnwkiqj-r-ggmap-4.0.0
building '/nix/store/qfil2ps7vbmy16icpcvjlyijs41dsgr5-r-activatr-0.2.1.drv'...
Running phase: unpackPhase
unpacking source archive /nix/store/09yhg6h22byncwrc1kvaw5xhc43hcvqf-activatr_0.2.1.tar.gz
source root is activatr
setting SOURCE_DATE_EPOCH to timestamp 1722115202 of file activatr/MD5
Running phase: patchPhase
Running phase: updateAutotoolsGnuConfigScriptsPhase
Running phase: configurePhase
Running phase: buildPhase
Running phase: checkPhase
Running phase: installPhase
* installing *source* package ‘activatr’ ...
** package ‘activatr’ correctement décompressé et sommes MD5 vérifiées
** using staged installation
** R
** data
*** moving datasets to lazyload DB
** inst
** byte-compile and prepare package for lazy loading
** help
*** installing help indices
*** copying figures
** building package indices
** installing vignettes
** testing if installed package can be loaded from temporary location
** testing if installed package can be loaded from final location
** testing if installed package keeps a record of temporary installation path
* DONE (activatr)
Running phase: fixupPhase
checking for references to /private/tmp/nix-build-r-activatr-0.2.1.drv-0/ in /nix/store/7xb3m0d9z770i7b65zp110z140axw5c2-r-activatr-0.2.1...
patching script interpreter paths in /nix/store/7xb3m0d9z770i7b65zp110z140axw5c2-r-activatr-0.2.1
rewriting symlink /nix/store/7xb3m0d9z770i7b65zp110z140axw5c2-r-activatr-0.2.1/nix-support/propagated-user-env-packages to be relative to /nix/store/7xb3m0d9z770i7b65zp110z140axw5c2-r-activatr-0.2.1
