this derivation will be built:
  /nix/store/fqli87gmb84iyqid297fqj8ymnpawlhs-r-waywiser-0.6.0.drv
this path will be fetched (2.79 MiB download, 2.83 MiB unpacked):
  /nix/store/11l9bxz45rbdm0gga0f7ivny11lbikkc-waywiser_0.6.0.tar.gz
copying path '/nix/store/11l9bxz45rbdm0gga0f7ivny11lbikkc-waywiser_0.6.0.tar.gz' from 'https://cache.nixos.org'...
building '/nix/store/fqli87gmb84iyqid297fqj8ymnpawlhs-r-waywiser-0.6.0.drv'...
Running phase: unpackPhase
unpacking source archive /nix/store/11l9bxz45rbdm0gga0f7ivny11lbikkc-waywiser_0.6.0.tar.gz
source root is waywiser
setting SOURCE_DATE_EPOCH to timestamp 1719515403 of file waywiser/MD5
Running phase: patchPhase
Running phase: updateAutotoolsGnuConfigScriptsPhase
Running phase: configurePhase
Running phase: buildPhase
Running phase: checkPhase
Running phase: installPhase
* installing *source* package ‘waywiser’ ...
** package ‘waywiser’ correctement décompressé et sommes MD5 vérifiées
** using staged installation
** R
** data
*** moving datasets to lazyload DB
** inst
** byte-compile and prepare package for lazy loading
** help
*** installing help indices
*** copying figures
** building package indices
** installing vignettes
** testing if installed package can be loaded from temporary location
** testing if installed package can be loaded from final location
** testing if installed package keeps a record of temporary installation path
* DONE (waywiser)
Running phase: fixupPhase
checking for references to /private/tmp/nix-build-r-waywiser-0.6.0.drv-0/ in /nix/store/gpgm1pp164kya604yj142jqa4ii9i9xj-r-waywiser-0.6.0...
patching script interpreter paths in /nix/store/gpgm1pp164kya604yj142jqa4ii9i9xj-r-waywiser-0.6.0
rewriting symlink /nix/store/gpgm1pp164kya604yj142jqa4ii9i9xj-r-waywiser-0.6.0/nix-support/propagated-user-env-packages to be relative to /nix/store/gpgm1pp164kya604yj142jqa4ii9i9xj-r-waywiser-0.6.0
