this derivation will be built:
  /nix/store/3iav5d3vpj5xlyhphjx82kyfhm9pmx6r-r-githubr-0.9.1.drv
building '/nix/store/3iav5d3vpj5xlyhphjx82kyfhm9pmx6r-r-githubr-0.9.1.drv'...
Running phase: unpackPhase
unpacking source archive /nix/store/9gm014bbndi9c7afvmw37vzn01layn4k-githubr_0.9.1.tar.gz
source root is githubr
setting SOURCE_DATE_EPOCH to timestamp 1697801402 of file githubr/MD5
Running phase: patchPhase
Running phase: updateAutotoolsGnuConfigScriptsPhase
Running phase: configurePhase
Running phase: buildPhase
Running phase: checkPhase
Running phase: installPhase
* installing *source* package ‘githubr’ ...
** package ‘githubr’ correctement décompressé et sommes MD5 vérifiées
** using staged installation
** R
** byte-compile and prepare package for lazy loading
** help
*** installing help indices
** building package indices
** testing if installed package can be loaded from temporary location
** testing if installed package can be loaded from final location
** testing if installed package keeps a record of temporary installation path
* DONE (githubr)
Running phase: fixupPhase
checking for references to /private/tmp/nix-build-r-githubr-0.9.1.drv-0/ in /nix/store/cmln16ysfbbv8nbp8r3dgs1xkapv4vja-r-githubr-0.9.1...
patching script interpreter paths in /nix/store/cmln16ysfbbv8nbp8r3dgs1xkapv4vja-r-githubr-0.9.1
rewriting symlink /nix/store/cmln16ysfbbv8nbp8r3dgs1xkapv4vja-r-githubr-0.9.1/nix-support/propagated-user-env-packages to be relative to /nix/store/cmln16ysfbbv8nbp8r3dgs1xkapv4vja-r-githubr-0.9.1
