this derivation will be built:
  /nix/store/1kil0s9ak001qhjr7jf0givyh0wzjzlz-r-nzpullover-0.3.0.drv
this path will be fetched (0.14 MiB download, 0.14 MiB unpacked):
  /nix/store/snvhci1fp7dpakaf34j171c4gvi01f9v-nzpullover_0.3.0.tar.gz
copying path '/nix/store/snvhci1fp7dpakaf34j171c4gvi01f9v-nzpullover_0.3.0.tar.gz' from 'https://cache.nixos.org'...
building '/nix/store/1kil0s9ak001qhjr7jf0givyh0wzjzlz-r-nzpullover-0.3.0.drv'...
Running phase: unpackPhase
unpacking source archive /nix/store/snvhci1fp7dpakaf34j171c4gvi01f9v-nzpullover_0.3.0.tar.gz
source root is nzpullover
setting SOURCE_DATE_EPOCH to timestamp 1519572550 of file nzpullover/MD5
Running phase: patchPhase
Running phase: updateAutotoolsGnuConfigScriptsPhase
Running phase: configurePhase
Running phase: buildPhase
Running phase: checkPhase
Running phase: installPhase
* installing *source* package ‘nzpullover’ ...
** package ‘nzpullover’ correctement décompressé et sommes MD5 vérifiées
** using staged installation
** R
** data
*** moving datasets to lazyload DB
** byte-compile and prepare package for lazy loading
** help
*** installing help indices
** building package indices
** testing if installed package can be loaded from temporary location
** testing if installed package can be loaded from final location
** testing if installed package keeps a record of temporary installation path
* DONE (nzpullover)
Running phase: fixupPhase
checking for references to /private/tmp/nix-build-r-nzpullover-0.3.0.drv-0/ in /nix/store/dr94p46z6bdnfz9qkklwyr9qsgk33cl5-r-nzpullover-0.3.0...
patching script interpreter paths in /nix/store/dr94p46z6bdnfz9qkklwyr9qsgk33cl5-r-nzpullover-0.3.0
