these 2 derivations will be built:
  /nix/store/pk62qlip9rqnr2nsyny4rd9gjqqln409-refineR_1.6.2.tar.gz.drv
  /nix/store/30j7smf92484qaklshzlgjbpafq96i9x-r-refineR-1.6.2.drv
building '/nix/store/pk62qlip9rqnr2nsyny4rd9gjqqln409-refineR_1.6.2.tar.gz.drv'...

trying https://cran.r-project.org/src/contrib/refineR_1.6.2.tar.gz
  % Total    % Received % Xferd  Average Speed   Time    Time     Time  Current
                                 Dload  Upload   Total   Spent    Left  Speed
100 3868k  100 3868k    0     0  7765k      0 --:--:-- --:--:-- --:--:-- 7751k
building '/nix/store/30j7smf92484qaklshzlgjbpafq96i9x-r-refineR-1.6.2.drv'...
Running phase: unpackPhase
unpacking source archive /nix/store/vzj57f40c2qqjgsljpgz8lxiknrwb792-refineR_1.6.2.tar.gz
source root is refineR
setting SOURCE_DATE_EPOCH to timestamp 1724276402 of file refineR/MD5
Running phase: patchPhase
Running phase: updateAutotoolsGnuConfigScriptsPhase
Running phase: configurePhase
Running phase: buildPhase
Running phase: checkPhase
Running phase: installPhase
* installing *source* package ‘refineR’ ...
** package ‘refineR’ correctement décompressé et sommes MD5 vérifiées
** using staged installation
** R
** data
*** moving datasets to lazyload DB
** inst
** byte-compile and prepare package for lazy loading
** help
*** installing help indices
** building package indices
** installing vignettes
** testing if installed package can be loaded from temporary location
** testing if installed package can be loaded from final location
** testing if installed package keeps a record of temporary installation path
* DONE (refineR)
Running phase: fixupPhase
checking for references to /private/tmp/nix-build-r-refineR-1.6.2.drv-0/ in /nix/store/x15yqd4bacifizmhzq2ghk8xzfvsmw7x-r-refineR-1.6.2...
patching script interpreter paths in /nix/store/x15yqd4bacifizmhzq2ghk8xzfvsmw7x-r-refineR-1.6.2
rewriting symlink /nix/store/x15yqd4bacifizmhzq2ghk8xzfvsmw7x-r-refineR-1.6.2/nix-support/propagated-user-env-packages to be relative to /nix/store/x15yqd4bacifizmhzq2ghk8xzfvsmw7x-r-refineR-1.6.2
