this derivation will be built:
  /nix/store/0zh26z3ngf37phgxbp271g0kcnr814c8-r-spsh-1.1.0.drv
this path will be fetched (0.11 MiB download, 0.11 MiB unpacked):
  /nix/store/hmcm9iy38ki71pl7ikfjsafl88093h5n-spsh_1.1.0.tar.gz
copying path '/nix/store/hmcm9iy38ki71pl7ikfjsafl88093h5n-spsh_1.1.0.tar.gz' from 'https://cache.nixos.org'...
building '/nix/store/0zh26z3ngf37phgxbp271g0kcnr814c8-r-spsh-1.1.0.drv'...
Running phase: unpackPhase
unpacking source archive /nix/store/hmcm9iy38ki71pl7ikfjsafl88093h5n-spsh_1.1.0.tar.gz
source root is spsh
setting SOURCE_DATE_EPOCH to timestamp 1586190602 of file spsh/MD5
Running phase: patchPhase
Running phase: updateAutotoolsGnuConfigScriptsPhase
Running phase: configurePhase
Running phase: buildPhase
Running phase: checkPhase
Running phase: installPhase
* installing *source* package ‘spsh’ ...
** package ‘spsh’ correctement décompressé et sommes MD5 vérifiées
** using staged installation
** R
** data
*** moving datasets to lazyload DB
** inst
** byte-compile and prepare package for lazy loading
** help
*** installing help indices
** building package indices
** testing if installed package can be loaded from temporary location
** testing if installed package can be loaded from final location
** testing if installed package keeps a record of temporary installation path
* DONE (spsh)
Running phase: fixupPhase
checking for references to /private/tmp/nix-build-r-spsh-1.1.0.drv-0/ in /nix/store/3qrc8cbqig73ydq8av8fxy94cbwqjbdg-r-spsh-1.1.0...
patching script interpreter paths in /nix/store/3qrc8cbqig73ydq8av8fxy94cbwqjbdg-r-spsh-1.1.0
rewriting symlink /nix/store/3qrc8cbqig73ydq8av8fxy94cbwqjbdg-r-spsh-1.1.0/nix-support/propagated-user-env-packages to be relative to /nix/store/3qrc8cbqig73ydq8av8fxy94cbwqjbdg-r-spsh-1.1.0
