this derivation will be built:
  /nix/store/jhp1jvyx143irs81jppyv0y97k39y07l-r-notifyme-0.3.0.drv
this path will be fetched (0.01 MiB download, 0.01 MiB unpacked):
  /nix/store/1yll733l87prcnwzm8n1fqkdzd2zkza2-notifyme_0.3.0.tar.gz
copying path '/nix/store/1yll733l87prcnwzm8n1fqkdzd2zkza2-notifyme_0.3.0.tar.gz' from 'https://cache.nixos.org'...
building '/nix/store/jhp1jvyx143irs81jppyv0y97k39y07l-r-notifyme-0.3.0.drv'...
Running phase: unpackPhase
unpacking source archive /nix/store/1yll733l87prcnwzm8n1fqkdzd2zkza2-notifyme_0.3.0.tar.gz
source root is notifyme
setting SOURCE_DATE_EPOCH to timestamp 1480201891 of file notifyme/MD5
Running phase: patchPhase
Running phase: updateAutotoolsGnuConfigScriptsPhase
Running phase: configurePhase
Running phase: buildPhase
Running phase: checkPhase
Running phase: installPhase
* installing *source* package ‘notifyme’ ...
** package ‘notifyme’ correctement décompressé et sommes MD5 vérifiées
** using staged installation
** R
** byte-compile and prepare package for lazy loading
** help
*** installing help indices
** building package indices
** testing if installed package can be loaded from temporary location
** testing if installed package can be loaded from final location
** testing if installed package keeps a record of temporary installation path
* DONE (notifyme)
Running phase: fixupPhase
checking for references to /private/tmp/nix-build-r-notifyme-0.3.0.drv-0/ in /nix/store/pyx5xag4s73zh7vpy3n9l1p05avdwn7j-r-notifyme-0.3.0...
patching script interpreter paths in /nix/store/pyx5xag4s73zh7vpy3n9l1p05avdwn7j-r-notifyme-0.3.0
rewriting symlink /nix/store/pyx5xag4s73zh7vpy3n9l1p05avdwn7j-r-notifyme-0.3.0/nix-support/propagated-user-env-packages to be relative to /nix/store/pyx5xag4s73zh7vpy3n9l1p05avdwn7j-r-notifyme-0.3.0
