these 2 derivations will be built:
  /nix/store/0glkv4mxi5lk6448ksadn2338if5jal5-OmopSketch_0.1.2.tar.gz.drv
  /nix/store/581m4xv55k4ryz98fiy4kbsc4476zvgc-r-OmopSketch-0.1.2.drv
building '/nix/store/0glkv4mxi5lk6448ksadn2338if5jal5-OmopSketch_0.1.2.tar.gz.drv'...

trying https://cran.r-project.org/src/contrib/OmopSketch_0.1.2.tar.gz
  % Total    % Received % Xferd  Average Speed   Time    Time     Time  Current
                                 Dload  Upload   Total   Spent    Left  Speed
100 1075k  100 1075k    0     0  3228k      0 --:--:-- --:--:-- --:--:-- 3230k
building '/nix/store/581m4xv55k4ryz98fiy4kbsc4476zvgc-r-OmopSketch-0.1.2.drv'...
Running phase: unpackPhase
unpacking source archive /nix/store/q9v83cincdv323sl24h4jihi4pss8xzr-OmopSketch_0.1.2.tar.gz
source root is OmopSketch
setting SOURCE_DATE_EPOCH to timestamp 1731447607 of file OmopSketch/MD5
Running phase: patchPhase
Running phase: updateAutotoolsGnuConfigScriptsPhase
Running phase: configurePhase
Running phase: buildPhase
Running phase: checkPhase
Running phase: installPhase
* installing *source* package ‘OmopSketch’ ...
** package ‘OmopSketch’ correctement décompressé et sommes MD5 vérifiées
** using staged installation
** R
** inst
** byte-compile and prepare package for lazy loading
** help
*** installing help indices
*** copying figures
** building package indices
** installing vignettes
** testing if installed package can be loaded from temporary location
** testing if installed package can be loaded from final location
** testing if installed package keeps a record of temporary installation path
* DONE (OmopSketch)
Running phase: fixupPhase
checking for references to /private/tmp/nix-build-r-OmopSketch-0.1.2.drv-0/ in /nix/store/kh9cgamnjw1vx7fwv33m1ah4s1x0jh80-r-OmopSketch-0.1.2...
patching script interpreter paths in /nix/store/kh9cgamnjw1vx7fwv33m1ah4s1x0jh80-r-OmopSketch-0.1.2
rewriting symlink /nix/store/kh9cgamnjw1vx7fwv33m1ah4s1x0jh80-r-OmopSketch-0.1.2/nix-support/propagated-user-env-packages to be relative to /nix/store/kh9cgamnjw1vx7fwv33m1ah4s1x0jh80-r-OmopSketch-0.1.2
