this derivation will be built:
  /nix/store/y6gm5wzfh71ffjmmj66bhcz1p5lc7s50-r-PStrata-0.0.5.drv
this path will be fetched (0.29 MiB download, 0.29 MiB unpacked):
  /nix/store/mxbkrzdql9syjdibivwq31jgcyk8cp4g-PStrata_0.0.5.tar.gz
copying path '/nix/store/mxbkrzdql9syjdibivwq31jgcyk8cp4g-PStrata_0.0.5.tar.gz' from 'https://cache.nixos.org'...
building '/nix/store/y6gm5wzfh71ffjmmj66bhcz1p5lc7s50-r-PStrata-0.0.5.drv'...
Running phase: unpackPhase
unpacking source archive /nix/store/mxbkrzdql9syjdibivwq31jgcyk8cp4g-PStrata_0.0.5.tar.gz
source root is PStrata
setting SOURCE_DATE_EPOCH to timestamp 1701573003 of file PStrata/MD5
Running phase: patchPhase
Running phase: updateAutotoolsGnuConfigScriptsPhase
Running phase: configurePhase
Running phase: buildPhase
Running phase: checkPhase
Running phase: installPhase
* installing *source* package ‘PStrata’ ...
** package ‘PStrata’ correctement décompressé et sommes MD5 vérifiées
** using staged installation
** R
** data
*** moving datasets to lazyload DB
** inst
** byte-compile and prepare package for lazy loading
** help
*** installing help indices
** building package indices
** installing vignettes
** testing if installed package can be loaded from temporary location
** testing if installed package can be loaded from final location
** testing if installed package keeps a record of temporary installation path
* DONE (PStrata)
Running phase: fixupPhase
checking for references to /private/tmp/nix-build-r-PStrata-0.0.5.drv-0/ in /nix/store/0qv38j441s9805224nxvgsypy06bmy33-r-PStrata-0.0.5...
patching script interpreter paths in /nix/store/0qv38j441s9805224nxvgsypy06bmy33-r-PStrata-0.0.5
rewriting symlink /nix/store/0qv38j441s9805224nxvgsypy06bmy33-r-PStrata-0.0.5/nix-support/propagated-user-env-packages to be relative to /nix/store/0qv38j441s9805224nxvgsypy06bmy33-r-PStrata-0.0.5
