these 2 derivations will be built:
  /nix/store/nip1rssdig4714l7nha8vr85crsvr969-hetsurrSurv_1.0.tar.gz.drv
  /nix/store/krj07k9rfn51hps2q73536dz4zrp93i9-r-hetsurrSurv-1.0.drv
building '/nix/store/nip1rssdig4714l7nha8vr85crsvr969-hetsurrSurv_1.0.tar.gz.drv'...

trying https://cran.r-project.org/src/contrib/hetsurrSurv_1.0.tar.gz
  % Total    % Received % Xferd  Average Speed   Time    Time     Time  Current
                                 Dload  Upload   Total   Spent    Left  Speed
100 82836  100 82836    0     0   596k      0 --:--:-- --:--:-- --:--:--  594k
building '/nix/store/krj07k9rfn51hps2q73536dz4zrp93i9-r-hetsurrSurv-1.0.drv'...
Running phase: unpackPhase
unpacking source archive /nix/store/ias17i1a5j9v40bwy6hcv1hmrw0dywkm-hetsurrSurv_1.0.tar.gz
source root is hetsurrSurv
setting SOURCE_DATE_EPOCH to timestamp 1724832609 of file hetsurrSurv/MD5
Running phase: patchPhase
Running phase: updateAutotoolsGnuConfigScriptsPhase
Running phase: configurePhase
Running phase: buildPhase
Running phase: checkPhase
Running phase: installPhase
* installing *source* package ‘hetsurrSurv’ ...
** package ‘hetsurrSurv’ correctement décompressé et sommes MD5 vérifiées
** using staged installation
** R
** data
** byte-compile and prepare package for lazy loading
** help
*** installing help indices
** building package indices
** testing if installed package can be loaded from temporary location
** testing if installed package can be loaded from final location
** testing if installed package keeps a record of temporary installation path
* DONE (hetsurrSurv)
Running phase: fixupPhase
checking for references to /private/tmp/nix-build-r-hetsurrSurv-1.0.drv-0/ in /nix/store/l8vymjjy2misklhp8w0snxlzgid3f9n7-r-hetsurrSurv-1.0...
patching script interpreter paths in /nix/store/l8vymjjy2misklhp8w0snxlzgid3f9n7-r-hetsurrSurv-1.0
rewriting symlink /nix/store/l8vymjjy2misklhp8w0snxlzgid3f9n7-r-hetsurrSurv-1.0/nix-support/propagated-user-env-packages to be relative to /nix/store/l8vymjjy2misklhp8w0snxlzgid3f9n7-r-hetsurrSurv-1.0
