these 2 derivations will be built:
  /nix/store/ax1ky3dcplpi41klkpc4ypbvzn3l1prp-rusquant_1.1.4.tar.gz.drv
  /nix/store/gyxav6a9w3qwrijih87b93pqs8cqqwzp-r-rusquant-1.1.4.drv
building '/nix/store/ax1ky3dcplpi41klkpc4ypbvzn3l1prp-rusquant_1.1.4.tar.gz.drv'...

trying https://cran.r-project.org/src/contrib/rusquant_1.1.4.tar.gz
  % Total    % Received % Xferd  Average Speed   Time    Time     Time  Current
                                 Dload  Upload   Total   Spent    Left  Speed
100 41866  100 41866    0     0   297k      0 --:--:-- --:--:-- --:--:--  298k
building '/nix/store/gyxav6a9w3qwrijih87b93pqs8cqqwzp-r-rusquant-1.1.4.drv'...
Running phase: unpackPhase
unpacking source archive /nix/store/ksiwddp6aqvirmn9rlimkgrlhqlhr9ri-rusquant_1.1.4.tar.gz
source root is rusquant
setting SOURCE_DATE_EPOCH to timestamp 1726499402 of file rusquant/MD5
Running phase: patchPhase
Running phase: updateAutotoolsGnuConfigScriptsPhase
Running phase: configurePhase
Running phase: buildPhase
Running phase: checkPhase
Running phase: installPhase
* installing *source* package ‘rusquant’ ...
** package ‘rusquant’ correctement décompressé et sommes MD5 vérifiées
** using staged installation
** R
** byte-compile and prepare package for lazy loading
** help
*** installing help indices
** building package indices
** testing if installed package can be loaded from temporary location
** testing if installed package can be loaded from final location
** testing if installed package keeps a record of temporary installation path
* DONE (rusquant)
Running phase: fixupPhase
checking for references to /private/tmp/nix-build-r-rusquant-1.1.4.drv-0/ in /nix/store/7n3jvxbmn762mdgx7h9wagfwp38b8czn-r-rusquant-1.1.4...
patching script interpreter paths in /nix/store/7n3jvxbmn762mdgx7h9wagfwp38b8czn-r-rusquant-1.1.4
rewriting symlink /nix/store/7n3jvxbmn762mdgx7h9wagfwp38b8czn-r-rusquant-1.1.4/nix-support/propagated-user-env-packages to be relative to /nix/store/7n3jvxbmn762mdgx7h9wagfwp38b8czn-r-rusquant-1.1.4
