these 2 derivations will be built:
  /nix/store/nnx6bmzjlm9ma8y4sxh4l14payr8ppb0-ReportSubtotal_0.1.tar.gz.drv
  /nix/store/ys74jq9yn0yhwd8p9pj1f47md6wl2q1w-r-ReportSubtotal-0.1.drv
building '/nix/store/nnx6bmzjlm9ma8y4sxh4l14payr8ppb0-ReportSubtotal_0.1.tar.gz.drv'...

trying https://cran.r-project.org/src/contrib/ReportSubtotal_0.1.tar.gz
  % Total    % Received % Xferd  Average Speed   Time    Time     Time  Current
                                 Dload  Upload   Total   Spent    Left  Speed
100  6512  100  6512    0     0  74766      0 --:--:-- --:--:-- --:--:-- 74850
building '/nix/store/ys74jq9yn0yhwd8p9pj1f47md6wl2q1w-r-ReportSubtotal-0.1.drv'...
Running phase: unpackPhase
unpacking source archive /nix/store/q7j6c5qwqpsgppz929v15vk9yakwpsvd-ReportSubtotal_0.1.tar.gz
source root is ReportSubtotal
setting SOURCE_DATE_EPOCH to timestamp 1731661213 of file ReportSubtotal/MD5
Running phase: patchPhase
Running phase: updateAutotoolsGnuConfigScriptsPhase
Running phase: configurePhase
Running phase: buildPhase
Running phase: checkPhase
Running phase: installPhase
* installing *source* package ‘ReportSubtotal’ ...
** package ‘ReportSubtotal’ correctement décompressé et sommes MD5 vérifiées
** using staged installation
** R
** byte-compile and prepare package for lazy loading
** help
*** installing help indices
** building package indices
** testing if installed package can be loaded from temporary location
** testing if installed package can be loaded from final location
** testing if installed package keeps a record of temporary installation path
* DONE (ReportSubtotal)
Running phase: fixupPhase
checking for references to /private/tmp/nix-build-r-ReportSubtotal-0.1.drv-0/ in /nix/store/2wr2m1i0gn1b9yxlb9b0py2f0jy9m26r-r-ReportSubtotal-0.1...
patching script interpreter paths in /nix/store/2wr2m1i0gn1b9yxlb9b0py2f0jy9m26r-r-ReportSubtotal-0.1
rewriting symlink /nix/store/2wr2m1i0gn1b9yxlb9b0py2f0jy9m26r-r-ReportSubtotal-0.1/nix-support/propagated-user-env-packages to be relative to /nix/store/2wr2m1i0gn1b9yxlb9b0py2f0jy9m26r-r-ReportSubtotal-0.1
