this derivation will be built:
  /nix/store/9g3cpslm5jl520r825gg17mcbx52idii-r-pcSteiner-1.0.0.1.drv
this path will be fetched (0.20 MiB download, 0.20 MiB unpacked):
  /nix/store/qs25nkrszzsdyia1zv3y462gbjpas97h-pcSteiner_1.0.0.1.tar.gz
copying path '/nix/store/qs25nkrszzsdyia1zv3y462gbjpas97h-pcSteiner_1.0.0.1.tar.gz' from 'https://cache.nixos.org'...
building '/nix/store/9g3cpslm5jl520r825gg17mcbx52idii-r-pcSteiner-1.0.0.1.drv'...
Running phase: unpackPhase
unpacking source archive /nix/store/qs25nkrszzsdyia1zv3y462gbjpas97h-pcSteiner_1.0.0.1.tar.gz
source root is pcSteiner
setting SOURCE_DATE_EPOCH to timestamp 1653292944 of file pcSteiner/MD5
Running phase: patchPhase
Running phase: updateAutotoolsGnuConfigScriptsPhase
Running phase: configurePhase
Running phase: buildPhase
Running phase: checkPhase
Running phase: installPhase
* installing *source* package ‘pcSteiner’ ...
** package ‘pcSteiner’ correctement décompressé et sommes MD5 vérifiées
** using staged installation
** R
** inst
** byte-compile and prepare package for lazy loading
** help
*** installing help indices
** building package indices
** installing vignettes
** testing if installed package can be loaded from temporary location
** testing if installed package can be loaded from final location
** testing if installed package keeps a record of temporary installation path
* DONE (pcSteiner)
Running phase: fixupPhase
checking for references to /private/tmp/nix-build-r-pcSteiner-1.0.0.1.drv-0/ in /nix/store/ckvbi8m0l83yy4zxayq7pmhwvnqxsk8q-r-pcSteiner-1.0.0.1...
patching script interpreter paths in /nix/store/ckvbi8m0l83yy4zxayq7pmhwvnqxsk8q-r-pcSteiner-1.0.0.1
rewriting symlink /nix/store/ckvbi8m0l83yy4zxayq7pmhwvnqxsk8q-r-pcSteiner-1.0.0.1/nix-support/propagated-user-env-packages to be relative to /nix/store/ckvbi8m0l83yy4zxayq7pmhwvnqxsk8q-r-pcSteiner-1.0.0.1
