this derivation will be built:
  /nix/store/k8pycpj19dgipsrijqbcn4rjpqxmar48-r-R4CouchDB-0.7.5.drv
this path will be fetched (0.01 MiB download, 0.01 MiB unpacked):
  /nix/store/73lsf62fmzwgaz9slz5km5nfp1cj7y37-R4CouchDB_0.7.5.tar.gz
copying path '/nix/store/73lsf62fmzwgaz9slz5km5nfp1cj7y37-R4CouchDB_0.7.5.tar.gz' from 'https://cache.nixos.org'...
building '/nix/store/k8pycpj19dgipsrijqbcn4rjpqxmar48-r-R4CouchDB-0.7.5.drv'...
Running phase: unpackPhase
unpacking source archive /nix/store/73lsf62fmzwgaz9slz5km5nfp1cj7y37-R4CouchDB_0.7.5.tar.gz
source root is R4CouchDB
setting SOURCE_DATE_EPOCH to timestamp 1488391542 of file R4CouchDB/MD5
Running phase: patchPhase
Running phase: updateAutotoolsGnuConfigScriptsPhase
Running phase: configurePhase
Running phase: buildPhase
Running phase: checkPhase
Running phase: installPhase
* installing *source* package ‘R4CouchDB’ ...
** package ‘R4CouchDB’ correctement décompressé et sommes MD5 vérifiées
** using staged installation
** R
** byte-compile and prepare package for lazy loading
** help
*** installing help indices
** building package indices
** testing if installed package can be loaded from temporary location
** testing if installed package can be loaded from final location
** testing if installed package keeps a record of temporary installation path
* DONE (R4CouchDB)
Running phase: fixupPhase
checking for references to /private/tmp/nix-build-r-R4CouchDB-0.7.5.drv-0/ in /nix/store/pkaw5ks64b8p5cm7dadix4ac0l9nzx1h-r-R4CouchDB-0.7.5...
patching script interpreter paths in /nix/store/pkaw5ks64b8p5cm7dadix4ac0l9nzx1h-r-R4CouchDB-0.7.5
rewriting symlink /nix/store/pkaw5ks64b8p5cm7dadix4ac0l9nzx1h-r-R4CouchDB-0.7.5/nix-support/propagated-user-env-packages to be relative to /nix/store/pkaw5ks64b8p5cm7dadix4ac0l9nzx1h-r-R4CouchDB-0.7.5
