this derivation will be built:
  /nix/store/sj5x23yaz0y82hbrpz8l7nv24vy8d4pa-r-RiskScorescvd-0.2.0.drv
this path will be fetched (0.12 MiB download, 0.12 MiB unpacked):
  /nix/store/yd8bsaymiyv17q71d869pvf72aj19k4i-RiskScorescvd_0.2.0.tar.gz
copying path '/nix/store/yd8bsaymiyv17q71d869pvf72aj19k4i-RiskScorescvd_0.2.0.tar.gz' from 'https://cache.nixos.org'...
building '/nix/store/sj5x23yaz0y82hbrpz8l7nv24vy8d4pa-r-RiskScorescvd-0.2.0.drv'...
Running phase: unpackPhase
unpacking source archive /nix/store/yd8bsaymiyv17q71d869pvf72aj19k4i-RiskScorescvd_0.2.0.tar.gz
source root is RiskScorescvd
setting SOURCE_DATE_EPOCH to timestamp 1719494406 of file RiskScorescvd/MD5
Running phase: patchPhase
Running phase: updateAutotoolsGnuConfigScriptsPhase
Running phase: configurePhase
Running phase: buildPhase
Running phase: checkPhase
Running phase: installPhase
* installing *source* package ‘RiskScorescvd’ ...
** package ‘RiskScorescvd’ correctement décompressé et sommes MD5 vérifiées
** using staged installation
** R
** inst
** byte-compile and prepare package for lazy loading
** help
*** installing help indices
*** copying figures
** building package indices
** installing vignettes
** testing if installed package can be loaded from temporary location
** testing if installed package can be loaded from final location
** testing if installed package keeps a record of temporary installation path
* DONE (RiskScorescvd)
Running phase: fixupPhase
checking for references to /private/tmp/nix-build-r-RiskScorescvd-0.2.0.drv-0/ in /nix/store/i2978261r10kza3w3vaf5rhbn5x8nf73-r-RiskScorescvd-0.2.0...
patching script interpreter paths in /nix/store/i2978261r10kza3w3vaf5rhbn5x8nf73-r-RiskScorescvd-0.2.0
rewriting symlink /nix/store/i2978261r10kza3w3vaf5rhbn5x8nf73-r-RiskScorescvd-0.2.0/nix-support/propagated-user-env-packages to be relative to /nix/store/i2978261r10kza3w3vaf5rhbn5x8nf73-r-RiskScorescvd-0.2.0
