this derivation will be built:
  /nix/store/hfx8v9ikvc7aa0w3gi0g6v9m1g7lmgnm-r-REDCapDM-0.9.9.drv
this path will be fetched (0.38 MiB download, 0.40 MiB unpacked):
  /nix/store/g99kvyp36rs3f387xvid204qq1xa5rbr-REDCapDM_0.9.9.tar.gz
copying path '/nix/store/g99kvyp36rs3f387xvid204qq1xa5rbr-REDCapDM_0.9.9.tar.gz' from 'https://cache.nixos.org'...
building '/nix/store/hfx8v9ikvc7aa0w3gi0g6v9m1g7lmgnm-r-REDCapDM-0.9.9.drv'...
Running phase: unpackPhase
unpacking source archive /nix/store/g99kvyp36rs3f387xvid204qq1xa5rbr-REDCapDM_0.9.9.tar.gz
source root is REDCapDM
setting SOURCE_DATE_EPOCH to timestamp 1714998606 of file REDCapDM/MD5
Running phase: patchPhase
Running phase: updateAutotoolsGnuConfigScriptsPhase
Running phase: configurePhase
Running phase: buildPhase
Running phase: checkPhase
Running phase: installPhase
* installing *source* package ‘REDCapDM’ ...
** package ‘REDCapDM’ correctement décompressé et sommes MD5 vérifiées
** using staged installation
** R
** data
*** moving datasets to lazyload DB
** inst
** byte-compile and prepare package for lazy loading
** help
*** installing help indices
*** copying figures
** building package indices
** installing vignettes
** testing if installed package can be loaded from temporary location
** testing if installed package can be loaded from final location
** testing if installed package keeps a record of temporary installation path
* DONE (REDCapDM)
Running phase: fixupPhase
checking for references to /private/tmp/nix-build-r-REDCapDM-0.9.9.drv-0/ in /nix/store/s5bbjgcflwz5la1z8myn5d07kjdhayk9-r-REDCapDM-0.9.9...
patching script interpreter paths in /nix/store/s5bbjgcflwz5la1z8myn5d07kjdhayk9-r-REDCapDM-0.9.9
rewriting symlink /nix/store/s5bbjgcflwz5la1z8myn5d07kjdhayk9-r-REDCapDM-0.9.9/nix-support/propagated-user-env-packages to be relative to /nix/store/s5bbjgcflwz5la1z8myn5d07kjdhayk9-r-REDCapDM-0.9.9
