this derivation will be built:
  /nix/store/db11c4zl0hqy01jghwah8wikc2sn5kka-r-mvpd-0.0.4.drv
this path will be fetched (0.04 MiB download, 0.04 MiB unpacked):
  /nix/store/90cxl484nasdnsqchcf6hrc1415j8xrr-mvpd_0.0.4.tar.gz
copying path '/nix/store/90cxl484nasdnsqchcf6hrc1415j8xrr-mvpd_0.0.4.tar.gz' from 'https://cache.nixos.org'...
building '/nix/store/db11c4zl0hqy01jghwah8wikc2sn5kka-r-mvpd-0.0.4.drv'...
Running phase: unpackPhase
unpacking source archive /nix/store/90cxl484nasdnsqchcf6hrc1415j8xrr-mvpd_0.0.4.tar.gz
source root is mvpd
setting SOURCE_DATE_EPOCH to timestamp 1693750802 of file mvpd/MD5
Running phase: patchPhase
Running phase: updateAutotoolsGnuConfigScriptsPhase
Running phase: configurePhase
Running phase: buildPhase
Running phase: checkPhase
Running phase: installPhase
* installing *source* package ‘mvpd’ ...
** package ‘mvpd’ correctement décompressé et sommes MD5 vérifiées
** using staged installation
** R
** byte-compile and prepare package for lazy loading
** help
*** installing help indices
*** copying figures
** building package indices
** testing if installed package can be loaded from temporary location
** testing if installed package can be loaded from final location
** testing if installed package keeps a record of temporary installation path
* DONE (mvpd)
Running phase: fixupPhase
checking for references to /private/tmp/nix-build-r-mvpd-0.0.4.drv-0/ in /nix/store/yhr9jk2b7cpm3sx802xw19clmm9qdhva-r-mvpd-0.0.4...
patching script interpreter paths in /nix/store/yhr9jk2b7cpm3sx802xw19clmm9qdhva-r-mvpd-0.0.4
rewriting symlink /nix/store/yhr9jk2b7cpm3sx802xw19clmm9qdhva-r-mvpd-0.0.4/nix-support/propagated-user-env-packages to be relative to /nix/store/yhr9jk2b7cpm3sx802xw19clmm9qdhva-r-mvpd-0.0.4
