this derivation will be built:
  /nix/store/x499jpds0wkyj99nncvy0a49rngmn0px-r-Rspotify-0.1.2.drv
this path will be fetched (0.01 MiB download, 0.01 MiB unpacked):
  /nix/store/xlqfd6j52y06m8rd5499wv4x4j4knaf5-Rspotify_0.1.2.tar.gz
copying path '/nix/store/xlqfd6j52y06m8rd5499wv4x4j4knaf5-Rspotify_0.1.2.tar.gz' from 'https://cache.nixos.org'...
building '/nix/store/x499jpds0wkyj99nncvy0a49rngmn0px-r-Rspotify-0.1.2.drv'...
Running phase: unpackPhase
unpacking source archive /nix/store/xlqfd6j52y06m8rd5499wv4x4j4knaf5-Rspotify_0.1.2.tar.gz
source root is Rspotify
setting SOURCE_DATE_EPOCH to timestamp 1534169412 of file Rspotify/MD5
Running phase: patchPhase
Running phase: updateAutotoolsGnuConfigScriptsPhase
Running phase: configurePhase
Running phase: buildPhase
Running phase: checkPhase
Running phase: installPhase
* installing *source* package ‘Rspotify’ ...
** package ‘Rspotify’ correctement décompressé et sommes MD5 vérifiées
** using staged installation
** R
** byte-compile and prepare package for lazy loading
** help
*** installing help indices
** building package indices
** testing if installed package can be loaded from temporary location
** testing if installed package can be loaded from final location
** testing if installed package keeps a record of temporary installation path
* DONE (Rspotify)
Running phase: fixupPhase
checking for references to /private/tmp/nix-build-r-Rspotify-0.1.2.drv-0/ in /nix/store/h78946zbr6l2r3ra690nkdf77ckfaakv-r-Rspotify-0.1.2...
patching script interpreter paths in /nix/store/h78946zbr6l2r3ra690nkdf77ckfaakv-r-Rspotify-0.1.2
rewriting symlink /nix/store/h78946zbr6l2r3ra690nkdf77ckfaakv-r-Rspotify-0.1.2/nix-support/propagated-user-env-packages to be relative to /nix/store/h78946zbr6l2r3ra690nkdf77ckfaakv-r-Rspotify-0.1.2
