this derivation will be built:
  /nix/store/i2knjgyr0g01ifwb2hvvpavr10yvpqg2-r-pkgnet-0.5.0.drv
this path will be fetched (0.12 MiB download, 0.12 MiB unpacked):
  /nix/store/hmx8rqw9836dm1z6vvfp63jhk654hhdk-pkgnet_0.5.0.tar.gz
copying path '/nix/store/hmx8rqw9836dm1z6vvfp63jhk654hhdk-pkgnet_0.5.0.tar.gz' from 'https://cache.nixos.org'...
building '/nix/store/i2knjgyr0g01ifwb2hvvpavr10yvpqg2-r-pkgnet-0.5.0.drv'...
Running phase: unpackPhase
unpacking source archive /nix/store/hmx8rqw9836dm1z6vvfp63jhk654hhdk-pkgnet_0.5.0.tar.gz
source root is pkgnet
setting SOURCE_DATE_EPOCH to timestamp 1714770002 of file pkgnet/MD5
Running phase: patchPhase
Running phase: updateAutotoolsGnuConfigScriptsPhase
Running phase: configurePhase
Running phase: buildPhase
Running phase: checkPhase
Running phase: installPhase
* installing *source* package ‘pkgnet’ ...
** package ‘pkgnet’ correctement décompressé et sommes MD5 vérifiées
** using staged installation
** R
** inst
** byte-compile and prepare package for lazy loading
** help
*** installing help indices
*** copying figures
** building package indices
** testing if installed package can be loaded from temporary location
** testing if installed package can be loaded from final location
** testing if installed package keeps a record of temporary installation path
* DONE (pkgnet)
Running phase: fixupPhase
checking for references to /private/tmp/nix-build-r-pkgnet-0.5.0.drv-0/ in /nix/store/v1s7rjj09r3mrl0azgircdrs8843sb9p-r-pkgnet-0.5.0...
patching script interpreter paths in /nix/store/v1s7rjj09r3mrl0azgircdrs8843sb9p-r-pkgnet-0.5.0
rewriting symlink /nix/store/v1s7rjj09r3mrl0azgircdrs8843sb9p-r-pkgnet-0.5.0/nix-support/propagated-user-env-packages to be relative to /nix/store/v1s7rjj09r3mrl0azgircdrs8843sb9p-r-pkgnet-0.5.0
