this derivation will be built:
  /nix/store/qwvkn4j9swcs11bhq17hcifz9867a0m3-r-ImML-0.1.5.drv
this path will be fetched (0.01 MiB download, 0.01 MiB unpacked):
  /nix/store/q82gr083qqp3gghc1i9hm7jycgcqvza6-ImML_0.1.5.tar.gz
copying path '/nix/store/q82gr083qqp3gghc1i9hm7jycgcqvza6-ImML_0.1.5.tar.gz' from 'https://cache.nixos.org'...
building '/nix/store/qwvkn4j9swcs11bhq17hcifz9867a0m3-r-ImML-0.1.5.drv'...
Running phase: unpackPhase
unpacking source archive /nix/store/q82gr083qqp3gghc1i9hm7jycgcqvza6-ImML_0.1.5.tar.gz
source root is ImML
setting SOURCE_DATE_EPOCH to timestamp 1694019007 of file ImML/MD5
Running phase: patchPhase
Running phase: updateAutotoolsGnuConfigScriptsPhase
Running phase: configurePhase
Running phase: buildPhase
Running phase: checkPhase
Running phase: installPhase
* installing *source* package ‘ImML’ ...
** package ‘ImML’ correctement décompressé et sommes MD5 vérifiées
** using staged installation
** R
** data
*** moving datasets to lazyload DB
** inst
** byte-compile and prepare package for lazy loading
** help
*** installing help indices
** building package indices
** testing if installed package can be loaded from temporary location
** testing if installed package can be loaded from final location
** testing if installed package keeps a record of temporary installation path
* DONE (ImML)
Running phase: fixupPhase
checking for references to /private/tmp/nix-build-r-ImML-0.1.5.drv-0/ in /nix/store/g0zmsf8h16dfl5v27vkv92dfwnmgcfg2-r-ImML-0.1.5...
patching script interpreter paths in /nix/store/g0zmsf8h16dfl5v27vkv92dfwnmgcfg2-r-ImML-0.1.5
rewriting symlink /nix/store/g0zmsf8h16dfl5v27vkv92dfwnmgcfg2-r-ImML-0.1.5/nix-support/propagated-user-env-packages to be relative to /nix/store/g0zmsf8h16dfl5v27vkv92dfwnmgcfg2-r-ImML-0.1.5
