this derivation will be built:
  /nix/store/n3anraxjpfmd8529z8psixzawqhzv3c7-r-rTPC-1.0.4.drv
this path will be fetched (2.45 MiB download, 2.45 MiB unpacked):
  /nix/store/fq0q76ai5d0z8g3r26xjfsnilwfn88hx-rTPC_1.0.4.tar.gz
copying path '/nix/store/fq0q76ai5d0z8g3r26xjfsnilwfn88hx-rTPC_1.0.4.tar.gz' from 'https://cache.nixos.org'...
building '/nix/store/n3anraxjpfmd8529z8psixzawqhzv3c7-r-rTPC-1.0.4.drv'...
Running phase: unpackPhase
unpacking source archive /nix/store/fq0q76ai5d0z8g3r26xjfsnilwfn88hx-rTPC_1.0.4.tar.gz
source root is rTPC
setting SOURCE_DATE_EPOCH to timestamp 1692254406 of file rTPC/MD5
Running phase: patchPhase
Running phase: updateAutotoolsGnuConfigScriptsPhase
Running phase: configurePhase
Running phase: buildPhase
Running phase: checkPhase
Running phase: installPhase
* installing *source* package ‘rTPC’ ...
** package ‘rTPC’ correctement décompressé et sommes MD5 vérifiées
** using staged installation
** R
** data
*** moving datasets to lazyload DB
** inst
** byte-compile and prepare package for lazy loading
** help
*** installing help indices
*** copying figures
** building package indices
** installing vignettes
** testing if installed package can be loaded from temporary location
** testing if installed package can be loaded from final location
** testing if installed package keeps a record of temporary installation path
* DONE (rTPC)
Running phase: fixupPhase
checking for references to /private/tmp/nix-build-r-rTPC-1.0.4.drv-0/ in /nix/store/k4ygfxas22gcw1cs3rxx8wyxrv3k5044-r-rTPC-1.0.4...
patching script interpreter paths in /nix/store/k4ygfxas22gcw1cs3rxx8wyxrv3k5044-r-rTPC-1.0.4
