this derivation will be built:
  /nix/store/r7vgspkb42596f8k1r027mhcncmyf901-r-RSurveillance-0.2.1.drv
this path will be fetched (0.04 MiB download, 0.04 MiB unpacked):
  /nix/store/i6wyilax70pnkci7mknrc9b27gix4nph-RSurveillance_0.2.1.tar.gz
copying path '/nix/store/i6wyilax70pnkci7mknrc9b27gix4nph-RSurveillance_0.2.1.tar.gz' from 'https://cache.nixos.org'...
building '/nix/store/r7vgspkb42596f8k1r027mhcncmyf901-r-RSurveillance-0.2.1.drv'...
Running phase: unpackPhase
unpacking source archive /nix/store/i6wyilax70pnkci7mknrc9b27gix4nph-RSurveillance_0.2.1.tar.gz
source root is RSurveillance
setting SOURCE_DATE_EPOCH to timestamp 1593510606 of file RSurveillance/MD5
Running phase: patchPhase
Running phase: updateAutotoolsGnuConfigScriptsPhase
Running phase: configurePhase
Running phase: buildPhase
Running phase: checkPhase
Running phase: installPhase
* installing *source* package ‘RSurveillance’ ...
** package ‘RSurveillance’ correctement décompressé et sommes MD5 vérifiées
** using staged installation
** R
** byte-compile and prepare package for lazy loading
** help
*** installing help indices
** building package indices
** testing if installed package can be loaded from temporary location
** testing if installed package can be loaded from final location
** testing if installed package keeps a record of temporary installation path
* DONE (RSurveillance)
Running phase: fixupPhase
checking for references to /private/tmp/nix-build-r-RSurveillance-0.2.1.drv-0/ in /nix/store/63l0w060rh9iwrw46rz67bg2wqsdxgnl-r-RSurveillance-0.2.1...
patching script interpreter paths in /nix/store/63l0w060rh9iwrw46rz67bg2wqsdxgnl-r-RSurveillance-0.2.1
rewriting symlink /nix/store/63l0w060rh9iwrw46rz67bg2wqsdxgnl-r-RSurveillance-0.2.1/nix-support/propagated-user-env-packages to be relative to /nix/store/63l0w060rh9iwrw46rz67bg2wqsdxgnl-r-RSurveillance-0.2.1
