these 3 derivations will be built:
  /nix/store/dxjpfd34a556jpm69qpm9amlkhkz3hkz-r-productplots-0.1.1.drv
  /nix/store/va4d2myfvarswf7mkahv8w1rqg1fr5nf-r-ggmosaic-0.3.3.drv
  /nix/store/0c6wpbji8y68rlbb1igmqfhzd9s0ifdp-r-alookr-0.3.9.drv
building '/nix/store/dxjpfd34a556jpm69qpm9amlkhkz3hkz-r-productplots-0.1.1.drv'...
Running phase: unpackPhase
unpacking source archive /nix/store/mf7sp02s1xhzqia1vdin2z5vvkcykj9i-productplots_0.1.1.tar.gz
source root is productplots
setting SOURCE_DATE_EPOCH to timestamp 1467437884 of file productplots/MD5
Running phase: patchPhase
Running phase: updateAutotoolsGnuConfigScriptsPhase
Running phase: configurePhase
Running phase: buildPhase
Running phase: checkPhase
Running phase: installPhase
* installing *source* package ‘productplots’ ...
** package ‘productplots’ correctement décompressé et sommes MD5 vérifiées
** using staged installation
** R
** data
*** moving datasets to lazyload DB
** byte-compile and prepare package for lazy loading
** help
*** installing help indices
** building package indices
** testing if installed package can be loaded from temporary location
** testing if installed package can be loaded from final location
** testing if installed package keeps a record of temporary installation path
* DONE (productplots)
Running phase: fixupPhase
checking for references to /private/tmp/nix-build-r-productplots-0.1.1.drv-0/ in /nix/store/ibyybvqbj9f3fifb2wkgn34ggp4n1m13-r-productplots-0.1.1...
patching script interpreter paths in /nix/store/ibyybvqbj9f3fifb2wkgn34ggp4n1m13-r-productplots-0.1.1
rewriting symlink /nix/store/ibyybvqbj9f3fifb2wkgn34ggp4n1m13-r-productplots-0.1.1/nix-support/propagated-user-env-packages to be relative to /nix/store/ibyybvqbj9f3fifb2wkgn34ggp4n1m13-r-productplots-0.1.1
building '/nix/store/va4d2myfvarswf7mkahv8w1rqg1fr5nf-r-ggmosaic-0.3.3.drv'...
Running phase: unpackPhase
unpacking source archive /nix/store/hr3lwkjnmpqbmchx95jx9vhvfnfdbvyc-ggmosaic_0.3.3.tar.gz
source root is ggmosaic
setting SOURCE_DATE_EPOCH to timestamp 1614109802 of file ggmosaic/MD5
Running phase: patchPhase
Running phase: updateAutotoolsGnuConfigScriptsPhase
Running phase: configurePhase
Running phase: buildPhase
Running phase: checkPhase
Running phase: installPhase
* installing *source* package ‘ggmosaic’ ...
** package ‘ggmosaic’ correctement décompressé et sommes MD5 vérifiées
** using staged installation
** R
** data
*** moving datasets to lazyload DB
** inst
** byte-compile and prepare package for lazy loading
** help
*** installing help indices
*** copying figures
** building package indices
** installing vignettes
** testing if installed package can be loaded from temporary location
** testing if installed package can be loaded from final location
** testing if installed package keeps a record of temporary installation path
* DONE (ggmosaic)
Running phase: fixupPhase
checking for references to /private/tmp/nix-build-r-ggmosaic-0.3.3.drv-0/ in /nix/store/rg6spdk00lg4jbp05f4qmbav63d002zw-r-ggmosaic-0.3.3...
patching script interpreter paths in /nix/store/rg6spdk00lg4jbp05f4qmbav63d002zw-r-ggmosaic-0.3.3
rewriting symlink /nix/store/rg6spdk00lg4jbp05f4qmbav63d002zw-r-ggmosaic-0.3.3/nix-support/propagated-user-env-packages to be relative to /nix/store/rg6spdk00lg4jbp05f4qmbav63d002zw-r-ggmosaic-0.3.3
building '/nix/store/0c6wpbji8y68rlbb1igmqfhzd9s0ifdp-r-alookr-0.3.9.drv'...
Running phase: unpackPhase
unpacking source archive /nix/store/wdch8cs1vlpmw90yb8h1apvfcxjgid8j-alookr_0.3.9.tar.gz
source root is alookr
setting SOURCE_DATE_EPOCH to timestamp 1707636602 of file alookr/MD5
Running phase: patchPhase
Running phase: updateAutotoolsGnuConfigScriptsPhase
Running phase: configurePhase
Running phase: buildPhase
Running phase: checkPhase
Running phase: installPhase
* installing *source* package ‘alookr’ ...
** package ‘alookr’ correctement décompressé et sommes MD5 vérifiées
** using staged installation
** R
** inst
** byte-compile and prepare package for lazy loading
** help
*** installing help indices
** building package indices
** installing vignettes
** testing if installed package can be loaded from temporary location
** testing if installed package can be loaded from final location
** testing if installed package keeps a record of temporary installation path
* DONE (alookr)
Running phase: fixupPhase
checking for references to /private/tmp/nix-build-r-alookr-0.3.9.drv-0/ in /nix/store/slpxxk7fnd341b3d24kwbdipimlx7y1s-r-alookr-0.3.9...
patching script interpreter paths in /nix/store/slpxxk7fnd341b3d24kwbdipimlx7y1s-r-alookr-0.3.9
rewriting symlink /nix/store/slpxxk7fnd341b3d24kwbdipimlx7y1s-r-alookr-0.3.9/nix-support/propagated-user-env-packages to be relative to /nix/store/slpxxk7fnd341b3d24kwbdipimlx7y1s-r-alookr-0.3.9
