these 2 derivations will be built:
  /nix/store/7skx39gwgv5bl9sxmknj10v1xnmhkdzk-MDPIexploreR_0.2.0.tar.gz.drv
  /nix/store/fv1wr84sh8ngfdfl5k3w7njcxjmn5b3j-r-MDPIexploreR-0.2.0.drv
building '/nix/store/7skx39gwgv5bl9sxmknj10v1xnmhkdzk-MDPIexploreR_0.2.0.tar.gz.drv'...

trying https://cran.r-project.org/src/contrib/MDPIexploreR_0.2.0.tar.gz
  % Total    % Received % Xferd  Average Speed   Time    Time     Time  Current
                                 Dload  Upload   Total   Spent    Left  Speed
100  148k  100  148k    0     0   937k      0 --:--:-- --:--:-- --:--:--  942k
building '/nix/store/fv1wr84sh8ngfdfl5k3w7njcxjmn5b3j-r-MDPIexploreR-0.2.0.drv'...
Running phase: unpackPhase
unpacking source archive /nix/store/ds6lhyc8qga74pdz4kmyc5wzzsi97hy9-MDPIexploreR_0.2.0.tar.gz
source root is MDPIexploreR
setting SOURCE_DATE_EPOCH to timestamp 1729005009 of file MDPIexploreR/MD5
Running phase: patchPhase
Running phase: updateAutotoolsGnuConfigScriptsPhase
Running phase: configurePhase
Running phase: buildPhase
Running phase: checkPhase
Running phase: installPhase
* installing *source* package ‘MDPIexploreR’ ...
** package ‘MDPIexploreR’ correctement décompressé et sommes MD5 vérifiées
** using staged installation
** R
** data
*** moving datasets to lazyload DB
** inst
** byte-compile and prepare package for lazy loading
** help
*** installing help indices
*** copying figures
** building package indices
** installing vignettes
** testing if installed package can be loaded from temporary location
** testing if installed package can be loaded from final location
** testing if installed package keeps a record of temporary installation path
* DONE (MDPIexploreR)
Running phase: fixupPhase
checking for references to /private/tmp/nix-build-r-MDPIexploreR-0.2.0.drv-0/ in /nix/store/whq43jpj49cj4gdqmzrf07vym82dhl56-r-MDPIexploreR-0.2.0...
patching script interpreter paths in /nix/store/whq43jpj49cj4gdqmzrf07vym82dhl56-r-MDPIexploreR-0.2.0
rewriting symlink /nix/store/whq43jpj49cj4gdqmzrf07vym82dhl56-r-MDPIexploreR-0.2.0/nix-support/propagated-user-env-packages to be relative to /nix/store/whq43jpj49cj4gdqmzrf07vym82dhl56-r-MDPIexploreR-0.2.0
