this derivation will be built:
  /nix/store/rjqk7xxbg2vkgx5fnywinlg42ddllnyl-r-beyondWhittle-1.2.1.drv
building '/nix/store/rjqk7xxbg2vkgx5fnywinlg42ddllnyl-r-beyondWhittle-1.2.1.drv'...
Running phase: unpackPhase
unpacking source archive /nix/store/krya4r0iwqjyxc3pmrmfl3q9p863zndf-beyondWhittle_1.2.1.tar.gz
source root is beyondWhittle
setting SOURCE_DATE_EPOCH to timestamp 1710358202 of file beyondWhittle/MD5
Running phase: patchPhase
Running phase: updateAutotoolsGnuConfigScriptsPhase
Running phase: configurePhase
Running phase: buildPhase
Running phase: checkPhase
Running phase: installPhase
* installing *source* package ‘beyondWhittle’ ...
** package ‘beyondWhittle’ correctement décompressé et sommes MD5 vérifiées
** using staged installation
** libs
using C compiler: ‘clang version 16.0.6’
using C++ compiler: ‘clang version 16.0.6’
using SDK: ‘’
/nix/store/v39c0h6xv6hvki2k1bsyp5n090q8y2bp-clang-wrapper-16.0.6/bin/c++ -std=gnu++17 -I"/nix/store/lir8rmsk7dxbj7v1spqmv69z4mafg16l-R-4.4.2/lib/R/include" -DNDEBUG  -I'/nix/store/da7yi2xf3argx9hlnn3f0k95b8y1yx2l-r-Rcpp-1.0.13-1/library/Rcpp/include' -I'/nix/store/4w8j39mxla47i5piv5f0z7cwxnb50wds-r-RcppArmadillo-14.2.0-1/library/RcppArmadillo/include' -I'/nix/store/k3y4927612y2lxd8d04hhvx801x9zc8y-r-BH-1.84.0-0/library/BH/include' -isystem /nix/store/0mmz5i705116bfykc7i1r9jxqwyghj2a-libcxx-16.0.6-dev/include/c++/v1    -fPIC  -g -O2   -c RcppExports.cpp -o RcppExports.o
/nix/store/v39c0h6xv6hvki2k1bsyp5n090q8y2bp-clang-wrapper-16.0.6/bin/c++ -std=gnu++17 -I"/nix/store/lir8rmsk7dxbj7v1spqmv69z4mafg16l-R-4.4.2/lib/R/include" -DNDEBUG  -I'/nix/store/da7yi2xf3argx9hlnn3f0k95b8y1yx2l-r-Rcpp-1.0.13-1/library/Rcpp/include' -I'/nix/store/4w8j39mxla47i5piv5f0z7cwxnb50wds-r-RcppArmadillo-14.2.0-1/library/RcppArmadillo/include' -I'/nix/store/k3y4927612y2lxd8d04hhvx801x9zc8y-r-BH-1.84.0-0/library/BH/include' -isystem /nix/store/0mmz5i705116bfykc7i1r9jxqwyghj2a-libcxx-16.0.6-dev/include/c++/v1    -fPIC  -g -O2   -c a_gamma_process_prior.cpp -o a_gamma_process_prior.o
/nix/store/v39c0h6xv6hvki2k1bsyp5n090q8y2bp-clang-wrapper-16.0.6/bin/c++ -std=gnu++17 -I"/nix/store/lir8rmsk7dxbj7v1spqmv69z4mafg16l-R-4.4.2/lib/R/include" -DNDEBUG  -I'/nix/store/da7yi2xf3argx9hlnn3f0k95b8y1yx2l-r-Rcpp-1.0.13-1/library/Rcpp/include' -I'/nix/store/4w8j39mxla47i5piv5f0z7cwxnb50wds-r-RcppArmadillo-14.2.0-1/library/RcppArmadillo/include' -I'/nix/store/k3y4927612y2lxd8d04hhvx801x9zc8y-r-BH-1.84.0-0/library/BH/include' -isystem /nix/store/0mmz5i705116bfykc7i1r9jxqwyghj2a-libcxx-16.0.6-dev/include/c++/v1    -fPIC  -g -O2   -c arma.cpp -o arma.o
/nix/store/v39c0h6xv6hvki2k1bsyp5n090q8y2bp-clang-wrapper-16.0.6/bin/c++ -std=gnu++17 -I"/nix/store/lir8rmsk7dxbj7v1spqmv69z4mafg16l-R-4.4.2/lib/R/include" -DNDEBUG  -I'/nix/store/da7yi2xf3argx9hlnn3f0k95b8y1yx2l-r-Rcpp-1.0.13-1/library/Rcpp/include' -I'/nix/store/4w8j39mxla47i5piv5f0z7cwxnb50wds-r-RcppArmadillo-14.2.0-1/library/RcppArmadillo/include' -I'/nix/store/k3y4927612y2lxd8d04hhvx801x9zc8y-r-BH-1.84.0-0/library/BH/include' -isystem /nix/store/0mmz5i705116bfykc7i1r9jxqwyghj2a-libcxx-16.0.6-dev/include/c++/v1    -fPIC  -g -O2   -c bernstein_gamma_psd.cpp -o bernstein_gamma_psd.o
/nix/store/v39c0h6xv6hvki2k1bsyp5n090q8y2bp-clang-wrapper-16.0.6/bin/c++ -std=gnu++17 -I"/nix/store/lir8rmsk7dxbj7v1spqmv69z4mafg16l-R-4.4.2/lib/R/include" -DNDEBUG  -I'/nix/store/da7yi2xf3argx9hlnn3f0k95b8y1yx2l-r-Rcpp-1.0.13-1/library/Rcpp/include' -I'/nix/store/4w8j39mxla47i5piv5f0z7cwxnb50wds-r-RcppArmadillo-14.2.0-1/library/RcppArmadillo/include' -I'/nix/store/k3y4927612y2lxd8d04hhvx801x9zc8y-r-BH-1.84.0-0/library/BH/include' -isystem /nix/store/0mmz5i705116bfykc7i1r9jxqwyghj2a-libcxx-16.0.6-dev/include/c++/v1    -fPIC  -g -O2   -c gibbs_np_help.cpp -o gibbs_np_help.o
/nix/store/v39c0h6xv6hvki2k1bsyp5n090q8y2bp-clang-wrapper-16.0.6/bin/c++ -std=gnu++17 -I"/nix/store/lir8rmsk7dxbj7v1spqmv69z4mafg16l-R-4.4.2/lib/R/include" -DNDEBUG  -I'/nix/store/da7yi2xf3argx9hlnn3f0k95b8y1yx2l-r-Rcpp-1.0.13-1/library/Rcpp/include' -I'/nix/store/4w8j39mxla47i5piv5f0z7cwxnb50wds-r-RcppArmadillo-14.2.0-1/library/RcppArmadillo/include' -I'/nix/store/k3y4927612y2lxd8d04hhvx801x9zc8y-r-BH-1.84.0-0/library/BH/include' -isystem /nix/store/0mmz5i705116bfykc7i1r9jxqwyghj2a-libcxx-16.0.6-dev/include/c++/v1    -fPIC  -g -O2   -c gibbs_vnp_algorithm.cpp -o gibbs_vnp_algorithm.o
/nix/store/v39c0h6xv6hvki2k1bsyp5n090q8y2bp-clang-wrapper-16.0.6/bin/c++ -std=gnu++17 -I"/nix/store/lir8rmsk7dxbj7v1spqmv69z4mafg16l-R-4.4.2/lib/R/include" -DNDEBUG  -I'/nix/store/da7yi2xf3argx9hlnn3f0k95b8y1yx2l-r-Rcpp-1.0.13-1/library/Rcpp/include' -I'/nix/store/4w8j39mxla47i5piv5f0z7cwxnb50wds-r-RcppArmadillo-14.2.0-1/library/RcppArmadillo/include' -I'/nix/store/k3y4927612y2lxd8d04hhvx801x9zc8y-r-BH-1.84.0-0/library/BH/include' -isystem /nix/store/0mmz5i705116bfykc7i1r9jxqwyghj2a-libcxx-16.0.6-dev/include/c++/v1    -fPIC  -g -O2   -c gibbs_vnp_help.cpp -o gibbs_vnp_help.o
/nix/store/v39c0h6xv6hvki2k1bsyp5n090q8y2bp-clang-wrapper-16.0.6/bin/c++ -std=gnu++17 -I"/nix/store/lir8rmsk7dxbj7v1spqmv69z4mafg16l-R-4.4.2/lib/R/include" -DNDEBUG  -I'/nix/store/da7yi2xf3argx9hlnn3f0k95b8y1yx2l-r-Rcpp-1.0.13-1/library/Rcpp/include' -I'/nix/store/4w8j39mxla47i5piv5f0z7cwxnb50wds-r-RcppArmadillo-14.2.0-1/library/RcppArmadillo/include' -I'/nix/store/k3y4927612y2lxd8d04hhvx801x9zc8y-r-BH-1.84.0-0/library/BH/include' -isystem /nix/store/0mmz5i705116bfykc7i1r9jxqwyghj2a-libcxx-16.0.6-dev/include/c++/v1    -fPIC  -g -O2   -c matrix_cube.cpp -o matrix_cube.o
/nix/store/v39c0h6xv6hvki2k1bsyp5n090q8y2bp-clang-wrapper-16.0.6/bin/c++ -std=gnu++17 -I"/nix/store/lir8rmsk7dxbj7v1spqmv69z4mafg16l-R-4.4.2/lib/R/include" -DNDEBUG  -I'/nix/store/da7yi2xf3argx9hlnn3f0k95b8y1yx2l-r-Rcpp-1.0.13-1/library/Rcpp/include' -I'/nix/store/4w8j39mxla47i5piv5f0z7cwxnb50wds-r-RcppArmadillo-14.2.0-1/library/RcppArmadillo/include' -I'/nix/store/k3y4927612y2lxd8d04hhvx801x9zc8y-r-BH-1.84.0-0/library/BH/include' -isystem /nix/store/0mmz5i705116bfykc7i1r9jxqwyghj2a-libcxx-16.0.6-dev/include/c++/v1    -fPIC  -g -O2   -c misc.cpp -o misc.o
/nix/store/v39c0h6xv6hvki2k1bsyp5n090q8y2bp-clang-wrapper-16.0.6/bin/c++ -std=gnu++17 -I"/nix/store/lir8rmsk7dxbj7v1spqmv69z4mafg16l-R-4.4.2/lib/R/include" -DNDEBUG  -I'/nix/store/da7yi2xf3argx9hlnn3f0k95b8y1yx2l-r-Rcpp-1.0.13-1/library/Rcpp/include' -I'/nix/store/4w8j39mxla47i5piv5f0z7cwxnb50wds-r-RcppArmadillo-14.2.0-1/library/RcppArmadillo/include' -I'/nix/store/k3y4927612y2lxd8d04hhvx801x9zc8y-r-BH-1.84.0-0/library/BH/include' -isystem /nix/store/0mmz5i705116bfykc7i1r9jxqwyghj2a-libcxx-16.0.6-dev/include/c++/v1    -fPIC  -g -O2   -c qpsd_cal_cpp_expedited.cpp -o qpsd_cal_cpp_expedited.o
/nix/store/v39c0h6xv6hvki2k1bsyp5n090q8y2bp-clang-wrapper-16.0.6/bin/cc -I"/nix/store/lir8rmsk7dxbj7v1spqmv69z4mafg16l-R-4.4.2/lib/R/include" -DNDEBUG  -I'/nix/store/da7yi2xf3argx9hlnn3f0k95b8y1yx2l-r-Rcpp-1.0.13-1/library/Rcpp/include' -I'/nix/store/4w8j39mxla47i5piv5f0z7cwxnb50wds-r-RcppArmadillo-14.2.0-1/library/RcppArmadillo/include' -I'/nix/store/k3y4927612y2lxd8d04hhvx801x9zc8y-r-BH-1.84.0-0/library/BH/include' -isystem /nix/store/0mmz5i705116bfykc7i1r9jxqwyghj2a-libcxx-16.0.6-dev/include/c++/v1    -fPIC  -g -O2  -c registerDynamicSymbol.c -o registerDynamicSymbol.o
/nix/store/v39c0h6xv6hvki2k1bsyp5n090q8y2bp-clang-wrapper-16.0.6/bin/c++ -std=gnu++17 -I"/nix/store/lir8rmsk7dxbj7v1spqmv69z4mafg16l-R-4.4.2/lib/R/include" -DNDEBUG  -I'/nix/store/da7yi2xf3argx9hlnn3f0k95b8y1yx2l-r-Rcpp-1.0.13-1/library/Rcpp/include' -I'/nix/store/4w8j39mxla47i5piv5f0z7cwxnb50wds-r-RcppArmadillo-14.2.0-1/library/RcppArmadillo/include' -I'/nix/store/k3y4927612y2lxd8d04hhvx801x9zc8y-r-BH-1.84.0-0/library/BH/include' -isystem /nix/store/0mmz5i705116bfykc7i1r9jxqwyghj2a-libcxx-16.0.6-dev/include/c++/v1    -fPIC  -g -O2   -c unit_trace.cpp -o unit_trace.o
/nix/store/v39c0h6xv6hvki2k1bsyp5n090q8y2bp-clang-wrapper-16.0.6/bin/c++ -std=gnu++17 -I"/nix/store/lir8rmsk7dxbj7v1spqmv69z4mafg16l-R-4.4.2/lib/R/include" -DNDEBUG  -I'/nix/store/da7yi2xf3argx9hlnn3f0k95b8y1yx2l-r-Rcpp-1.0.13-1/library/Rcpp/include' -I'/nix/store/4w8j39mxla47i5piv5f0z7cwxnb50wds-r-RcppArmadillo-14.2.0-1/library/RcppArmadillo/include' -I'/nix/store/k3y4927612y2lxd8d04hhvx801x9zc8y-r-BH-1.84.0-0/library/BH/include' -isystem /nix/store/0mmz5i705116bfykc7i1r9jxqwyghj2a-libcxx-16.0.6-dev/include/c++/v1    -fPIC  -g -O2   -c varma.cpp -o varma.o
/nix/store/v39c0h6xv6hvki2k1bsyp5n090q8y2bp-clang-wrapper-16.0.6/bin/c++ -std=gnu++17 -dynamiclib -Wl,-headerpad_max_install_names -undefined dynamic_lookup -L/nix/store/lir8rmsk7dxbj7v1spqmv69z4mafg16l-R-4.4.2/lib/R/lib -L/nix/store/88xkgzh5g9xppsg3hdxxxh9q43rnxk6k-libcxx-16.0.6/lib -o beyondWhittle.so RcppExports.o a_gamma_process_prior.o arma.o bernstein_gamma_psd.o gibbs_np_help.o gibbs_vnp_algorithm.o gibbs_vnp_help.o matrix_cube.o misc.o qpsd_cal_cpp_expedited.o registerDynamicSymbol.o unit_trace.o varma.o -L/nix/store/plkk3bwn0g0v67pfc4f8j0sixxwdn01f-lapack-3/lib -llapack -L/nix/store/p8mgb558fybdfiqvcc64jaxzgh3c2yms-blas-3/lib -lblas -L/nix/store/h84vsys3h7wkvnwhx3fz6ynrlpla2mpv-gfortran-13.3.0-lib/lib -L/nix/store/3awww7sqz8gygkr9hw5s7wd57iwz1qg3-cctools-binutils-darwin-wrapper-1010.6/bin -L/nix/store/kwlx6bz5n81gqa9kyx6207rzp0yq0pj4-gfortran-13.3.0/lib/gcc/aarch64-apple-darwin/13.3.0 -L/nix/store/kwlx6bz5n81gqa9kyx6207rzp0yq0pj4-gfortran-13.3.0/lib -lemutls_w -lheapt_w -lintl -lgfortran -lquadmath -L/nix/store/lir8rmsk7dxbj7v1spqmv69z4mafg16l-R-4.4.2/lib/R/lib -lR -lintl -Wl,-framework -Wl,CoreFoundation
ld: warning: could not create compact unwind for ___emutls_get_address: does not use standard frame
ld: warning: could not create compact unwind for _allocate_tramp_ctrl: does not use standard frame
ld: warning: could not create compact unwind for ___gcc_nested_func_ptr_created: does not use standard frame
ld: warning: could not create compact unwind for ___gcc_nested_func_ptr_deleted: does not use standard frame
installing to /nix/store/kwsp00r0fzcilhk080cb3w4v08h5rhj1-r-beyondWhittle-1.2.1/library/00LOCK-beyondWhittle/00new/beyondWhittle/libs
** R
** byte-compile and prepare package for lazy loading
** help
*** installing help indices
** building package indices
** testing if installed package can be loaded from temporary location
** checking absolute paths in shared objects and dynamic libraries
** testing if installed package can be loaded from final location
** testing if installed package keeps a record of temporary installation path
* DONE (beyondWhittle)
Running phase: fixupPhase
checking for references to /private/tmp/nix-build-r-beyondWhittle-1.2.1.drv-0/ in /nix/store/kwsp00r0fzcilhk080cb3w4v08h5rhj1-r-beyondWhittle-1.2.1...
patching script interpreter paths in /nix/store/kwsp00r0fzcilhk080cb3w4v08h5rhj1-r-beyondWhittle-1.2.1
rewriting symlink /nix/store/kwsp00r0fzcilhk080cb3w4v08h5rhj1-r-beyondWhittle-1.2.1/nix-support/propagated-user-env-packages to be relative to /nix/store/kwsp00r0fzcilhk080cb3w4v08h5rhj1-r-beyondWhittle-1.2.1
