this derivation will be built:
  /nix/store/a4p9mzjm6jvsycrrcclvibq2ybl5r231-r-SCVA-1.3.1.drv
this path will be fetched (0.02 MiB download, 0.02 MiB unpacked):
  /nix/store/mrj2hywrg8lawc6qkgfbyrksx6kmgwdk-SCVA_1.3.1.tar.gz
copying path '/nix/store/mrj2hywrg8lawc6qkgfbyrksx6kmgwdk-SCVA_1.3.1.tar.gz' from 'https://cache.nixos.org'...
building '/nix/store/a4p9mzjm6jvsycrrcclvibq2ybl5r231-r-SCVA-1.3.1.drv'...
Running phase: unpackPhase
unpacking source archive /nix/store/mrj2hywrg8lawc6qkgfbyrksx6kmgwdk-SCVA_1.3.1.tar.gz
source root is SCVA
setting SOURCE_DATE_EPOCH to timestamp 1578610210 of file SCVA/MD5
Running phase: patchPhase
Running phase: updateAutotoolsGnuConfigScriptsPhase
Running phase: configurePhase
Running phase: buildPhase
Running phase: checkPhase
Running phase: installPhase
* installing *source* package ‘SCVA’ ...
** package ‘SCVA’ correctement décompressé et sommes MD5 vérifiées
** using staged installation
** R
** data
** byte-compile and prepare package for lazy loading
** help
*** installing help indices
** building package indices
** testing if installed package can be loaded from temporary location
** testing if installed package can be loaded from final location
** testing if installed package keeps a record of temporary installation path
* DONE (SCVA)
Running phase: fixupPhase
checking for references to /private/tmp/nix-build-r-SCVA-1.3.1.drv-0/ in /nix/store/bjc5bdmzfgdjgb00sfy33vc7aarq5vd2-r-SCVA-1.3.1...
patching script interpreter paths in /nix/store/bjc5bdmzfgdjgb00sfy33vc7aarq5vd2-r-SCVA-1.3.1
rewriting symlink /nix/store/bjc5bdmzfgdjgb00sfy33vc7aarq5vd2-r-SCVA-1.3.1/nix-support/propagated-user-env-packages to be relative to /nix/store/bjc5bdmzfgdjgb00sfy33vc7aarq5vd2-r-SCVA-1.3.1
