this derivation will be built:
  /nix/store/fpnqg9zwlmm2zkgl6kf42kw38s3pw8kv-r-gfonts-0.2.0.drv
building '/nix/store/fpnqg9zwlmm2zkgl6kf42kw38s3pw8kv-r-gfonts-0.2.0.drv'...
Running phase: unpackPhase
unpacking source archive /nix/store/fvxzb5bry7faq793630ygz5s64nhs0yz-gfonts_0.2.0.tar.gz
source root is gfonts
setting SOURCE_DATE_EPOCH to timestamp 1673203802 of file gfonts/MD5
Running phase: patchPhase
Running phase: updateAutotoolsGnuConfigScriptsPhase
Running phase: configurePhase
Running phase: buildPhase
Running phase: checkPhase
Running phase: installPhase
* installing *source* package ‘gfonts’ ...
** package ‘gfonts’ correctement décompressé et sommes MD5 vérifiées
** using staged installation
** R
** data
*** moving datasets to lazyload DB
** inst
** byte-compile and prepare package for lazy loading
** help
*** installing help indices
*** copying figures
** building package indices
** installing vignettes
** testing if installed package can be loaded from temporary location
** testing if installed package can be loaded from final location
** testing if installed package keeps a record of temporary installation path
* DONE (gfonts)
Running phase: fixupPhase
checking for references to /private/tmp/nix-build-r-gfonts-0.2.0.drv-0/ in /nix/store/l5scmr373zv05x6625km06cwrb89k8vb-r-gfonts-0.2.0...
patching script interpreter paths in /nix/store/l5scmr373zv05x6625km06cwrb89k8vb-r-gfonts-0.2.0
rewriting symlink /nix/store/l5scmr373zv05x6625km06cwrb89k8vb-r-gfonts-0.2.0/nix-support/propagated-user-env-packages to be relative to /nix/store/l5scmr373zv05x6625km06cwrb89k8vb-r-gfonts-0.2.0
