this derivation will be built:
  /nix/store/89c99v6pkqs403h9jnwi9jdjad3x1lab-r-irtpwr-1.0.3.drv
this path will be fetched (0.12 MiB download, 0.12 MiB unpacked):
  /nix/store/h3cpkhfk7q04s88jdfgsb2wdrxd2d8yb-irtpwr_1.0.3.tar.gz
copying path '/nix/store/h3cpkhfk7q04s88jdfgsb2wdrxd2d8yb-irtpwr_1.0.3.tar.gz' from 'https://cache.nixos.org'...
building '/nix/store/89c99v6pkqs403h9jnwi9jdjad3x1lab-r-irtpwr-1.0.3.drv'...
Running phase: unpackPhase
unpacking source archive /nix/store/h3cpkhfk7q04s88jdfgsb2wdrxd2d8yb-irtpwr_1.0.3.tar.gz
source root is irtpwr
setting SOURCE_DATE_EPOCH to timestamp 1700497202 of file irtpwr/MD5
Running phase: patchPhase
Running phase: updateAutotoolsGnuConfigScriptsPhase
Running phase: configurePhase
Running phase: buildPhase
Running phase: checkPhase
Running phase: installPhase
* installing *source* package ‘irtpwr’ ...
** package ‘irtpwr’ correctement décompressé et sommes MD5 vérifiées
** using staged installation
** R
** inst
** byte-compile and prepare package for lazy loading
** help
*** installing help indices
*** copying figures
** building package indices
** installing vignettes
** testing if installed package can be loaded from temporary location
** testing if installed package can be loaded from final location
** testing if installed package keeps a record of temporary installation path
* DONE (irtpwr)
Running phase: fixupPhase
checking for references to /private/tmp/nix-build-r-irtpwr-1.0.3.drv-0/ in /nix/store/8d5lnj5xqfgvnbzvwq4cpfvvxmsphjzi-r-irtpwr-1.0.3...
patching script interpreter paths in /nix/store/8d5lnj5xqfgvnbzvwq4cpfvvxmsphjzi-r-irtpwr-1.0.3
rewriting symlink /nix/store/8d5lnj5xqfgvnbzvwq4cpfvvxmsphjzi-r-irtpwr-1.0.3/nix-support/propagated-user-env-packages to be relative to /nix/store/8d5lnj5xqfgvnbzvwq4cpfvvxmsphjzi-r-irtpwr-1.0.3
