this derivation will be built:
  /nix/store/74fk3583xf79imz2vq9qfjqf5nya1h0f-r-hover-0.1.1.drv
this path will be fetched (0.02 MiB download, 0.02 MiB unpacked):
  /nix/store/r1sv88lkypw16ba9s1w9x7yavj8rb6qv-hover_0.1.1.tar.gz
copying path '/nix/store/r1sv88lkypw16ba9s1w9x7yavj8rb6qv-hover_0.1.1.tar.gz' from 'https://cache.nixos.org'...
building '/nix/store/74fk3583xf79imz2vq9qfjqf5nya1h0f-r-hover-0.1.1.drv'...
Running phase: unpackPhase
unpacking source archive /nix/store/r1sv88lkypw16ba9s1w9x7yavj8rb6qv-hover_0.1.1.tar.gz
source root is hover
setting SOURCE_DATE_EPOCH to timestamp 1616260802 of file hover/MD5
Running phase: patchPhase
Running phase: updateAutotoolsGnuConfigScriptsPhase
Running phase: configurePhase
Running phase: buildPhase
Running phase: checkPhase
Running phase: installPhase
* installing *source* package ‘hover’ ...
** package ‘hover’ correctement décompressé et sommes MD5 vérifiées
** using staged installation
** R
** data
*** moving datasets to lazyload DB
** inst
** byte-compile and prepare package for lazy loading
** help
*** installing help indices
** building package indices
** testing if installed package can be loaded from temporary location
** testing if installed package can be loaded from final location
** testing if installed package keeps a record of temporary installation path
* DONE (hover)
Running phase: fixupPhase
checking for references to /private/tmp/nix-build-r-hover-0.1.1.drv-0/ in /nix/store/d9cyv2r0d6ch08ii5z8kzifjgfjvgyhc-r-hover-0.1.1...
patching script interpreter paths in /nix/store/d9cyv2r0d6ch08ii5z8kzifjgfjvgyhc-r-hover-0.1.1
rewriting symlink /nix/store/d9cyv2r0d6ch08ii5z8kzifjgfjvgyhc-r-hover-0.1.1/nix-support/propagated-user-env-packages to be relative to /nix/store/d9cyv2r0d6ch08ii5z8kzifjgfjvgyhc-r-hover-0.1.1
