these 2 derivations will be built:
  /nix/store/jyr326ab3hj6db21rl2bazmz6hqhwcfz-r-PMCMR-4.4.drv
  /nix/store/8niw8g7xv67q1k1ci1nmijgysmz0cl3z-r-jmv-2.5.6.drv
these 2 paths will be fetched (1.26 MiB download, 1.27 MiB unpacked):
  /nix/store/07vvb8rbrzzvdnlj0wxpi2q1wak64lan-PMCMR_4.4.tar.gz
  /nix/store/rwcr1kgs3xhw0nprzci82dvbw9mm4f2v-jmv_2.5.6.tar.gz
copying path '/nix/store/rwcr1kgs3xhw0nprzci82dvbw9mm4f2v-jmv_2.5.6.tar.gz' from 'https://cache.nixos.org'...
copying path '/nix/store/07vvb8rbrzzvdnlj0wxpi2q1wak64lan-PMCMR_4.4.tar.gz' from 'https://cache.nixos.org'...
building '/nix/store/jyr326ab3hj6db21rl2bazmz6hqhwcfz-r-PMCMR-4.4.drv'...
Running phase: unpackPhase
unpacking source archive /nix/store/07vvb8rbrzzvdnlj0wxpi2q1wak64lan-PMCMR_4.4.tar.gz
source root is PMCMR
setting SOURCE_DATE_EPOCH to timestamp 1633187409 of file PMCMR/MD5
Running phase: patchPhase
Running phase: updateAutotoolsGnuConfigScriptsPhase
Running phase: configurePhase
Running phase: buildPhase
Running phase: checkPhase
Running phase: installPhase
* installing *source* package ‘PMCMR’ ...
** package ‘PMCMR’ correctement décompressé et sommes MD5 vérifiées
** using staged installation
** R
** inst
** byte-compile and prepare package for lazy loading
** help
*** installing help indices
** building package indices
** testing if installed package can be loaded from temporary location
** testing if installed package can be loaded from final location
** testing if installed package keeps a record of temporary installation path
* DONE (PMCMR)
Running phase: fixupPhase
checking for references to /private/tmp/nix-build-r-PMCMR-4.4.drv-0/ in /nix/store/c2xprq9m2nf2s0dgn0s6phzgs9br48f3-r-PMCMR-4.4...
patching script interpreter paths in /nix/store/c2xprq9m2nf2s0dgn0s6phzgs9br48f3-r-PMCMR-4.4
building '/nix/store/8niw8g7xv67q1k1ci1nmijgysmz0cl3z-r-jmv-2.5.6.drv'...
Running phase: unpackPhase
unpacking source archive /nix/store/rwcr1kgs3xhw0nprzci82dvbw9mm4f2v-jmv_2.5.6.tar.gz
source root is jmv
setting SOURCE_DATE_EPOCH to timestamp 1718878814 of file jmv/MD5
Running phase: patchPhase
Running phase: updateAutotoolsGnuConfigScriptsPhase
Running phase: configurePhase
Running phase: buildPhase
Running phase: checkPhase
Running phase: installPhase
* installing *source* package ‘jmv’ ...
** package ‘jmv’ correctement décompressé et sommes MD5 vérifiées
** using staged installation
** R
** data
** inst
** byte-compile and prepare package for lazy loading
** help
*** installing help indices
** building package indices
** testing if installed package can be loaded from temporary location
** testing if installed package can be loaded from final location
** testing if installed package keeps a record of temporary installation path
* DONE (jmv)
Running phase: fixupPhase
checking for references to /private/tmp/nix-build-r-jmv-2.5.6.drv-0/ in /nix/store/vxbjx4733ff6l786p6bqkr1v538lq3x1-r-jmv-2.5.6...
patching script interpreter paths in /nix/store/vxbjx4733ff6l786p6bqkr1v538lq3x1-r-jmv-2.5.6
rewriting symlink /nix/store/vxbjx4733ff6l786p6bqkr1v538lq3x1-r-jmv-2.5.6/nix-support/propagated-user-env-packages to be relative to /nix/store/vxbjx4733ff6l786p6bqkr1v538lq3x1-r-jmv-2.5.6
