this derivation will be built:
  /nix/store/8bzg837xmdmaqbw9z1a9iyw07d6ambd0-r-rfars-1.2.0.drv
this path will be fetched (1.94 MiB download, 2.08 MiB unpacked):
  /nix/store/i22zxyizh2fg66f6v8pr3k5acm28vc69-rfars_1.2.0.tar.gz
copying path '/nix/store/i22zxyizh2fg66f6v8pr3k5acm28vc69-rfars_1.2.0.tar.gz' from 'https://cache.nixos.org'...
building '/nix/store/8bzg837xmdmaqbw9z1a9iyw07d6ambd0-r-rfars-1.2.0.drv'...
Running phase: unpackPhase
unpacking source archive /nix/store/i22zxyizh2fg66f6v8pr3k5acm28vc69-rfars_1.2.0.tar.gz
source root is rfars
setting SOURCE_DATE_EPOCH to timestamp 1712378402 of file rfars/MD5
Running phase: patchPhase
Running phase: updateAutotoolsGnuConfigScriptsPhase
Running phase: configurePhase
Running phase: buildPhase
Running phase: checkPhase
Running phase: installPhase
* installing *source* package ‘rfars’ ...
** package ‘rfars’ correctement décompressé et sommes MD5 vérifiées
** using staged installation
** R
** data
*** moving datasets to lazyload DB
** inst
** byte-compile and prepare package for lazy loading
** help
*** installing help indices
*** copying figures
** building package indices
** installing vignettes
** testing if installed package can be loaded from temporary location
** testing if installed package can be loaded from final location
** testing if installed package keeps a record of temporary installation path
* DONE (rfars)
Running phase: fixupPhase
checking for references to /private/tmp/nix-build-r-rfars-1.2.0.drv-0/ in /nix/store/hx38m1lbbiypvixxw0ama164p71kvr6j-r-rfars-1.2.0...
patching script interpreter paths in /nix/store/hx38m1lbbiypvixxw0ama164p71kvr6j-r-rfars-1.2.0
rewriting symlink /nix/store/hx38m1lbbiypvixxw0ama164p71kvr6j-r-rfars-1.2.0/nix-support/propagated-user-env-packages to be relative to /nix/store/hx38m1lbbiypvixxw0ama164p71kvr6j-r-rfars-1.2.0
