this derivation will be built:
  /nix/store/kmw65a0w3mn36xhg5kz2crkih60ckgph-r-pcatsAPIclientR-1.1.0.drv
this path will be fetched (0.01 MiB download, 0.01 MiB unpacked):
  /nix/store/gi6463yp8npndr6xjwxz5gkwxw4m2fmx-pcatsAPIclientR_1.1.0.tar.gz
copying path '/nix/store/gi6463yp8npndr6xjwxz5gkwxw4m2fmx-pcatsAPIclientR_1.1.0.tar.gz' from 'https://cache.nixos.org'...
building '/nix/store/kmw65a0w3mn36xhg5kz2crkih60ckgph-r-pcatsAPIclientR-1.1.0.drv'...
Running phase: unpackPhase
unpacking source archive /nix/store/gi6463yp8npndr6xjwxz5gkwxw4m2fmx-pcatsAPIclientR_1.1.0.tar.gz
source root is pcatsAPIclientR
setting SOURCE_DATE_EPOCH to timestamp 1687479002 of file pcatsAPIclientR/MD5
Running phase: patchPhase
Running phase: updateAutotoolsGnuConfigScriptsPhase
Running phase: configurePhase
Running phase: buildPhase
Running phase: checkPhase
Running phase: installPhase
* installing *source* package ‘pcatsAPIclientR’ ...
** package ‘pcatsAPIclientR’ correctement décompressé et sommes MD5 vérifiées
** using staged installation
** R
** byte-compile and prepare package for lazy loading
** help
*** installing help indices
** building package indices
** testing if installed package can be loaded from temporary location
** testing if installed package can be loaded from final location
** testing if installed package keeps a record of temporary installation path
* DONE (pcatsAPIclientR)
Running phase: fixupPhase
checking for references to /private/tmp/nix-build-r-pcatsAPIclientR-1.1.0.drv-0/ in /nix/store/8qd9ff6n4w9bi1vhy1pn2qhk20jza0a3-r-pcatsAPIclientR-1.1.0...
patching script interpreter paths in /nix/store/8qd9ff6n4w9bi1vhy1pn2qhk20jza0a3-r-pcatsAPIclientR-1.1.0
rewriting symlink /nix/store/8qd9ff6n4w9bi1vhy1pn2qhk20jza0a3-r-pcatsAPIclientR-1.1.0/nix-support/propagated-user-env-packages to be relative to /nix/store/8qd9ff6n4w9bi1vhy1pn2qhk20jza0a3-r-pcatsAPIclientR-1.1.0
