these 2 derivations will be built:
  /nix/store/z92hjqhap3nhznyn1izclpv4dcw7anw8-sims_0.0.4.tar.gz.drv
  /nix/store/z2vy1j8vncj4xybd7hx2nff4sirmwk0z-r-sims-0.0.4.drv
building '/nix/store/z92hjqhap3nhznyn1izclpv4dcw7anw8-sims_0.0.4.tar.gz.drv'...

trying https://cran.r-project.org/src/contrib/sims_0.0.4.tar.gz
  % Total    % Received % Xferd  Average Speed   Time    Time     Time  Current
                                 Dload  Upload   Total   Spent    Left  Speed
100 28261  100 28261    0     0   249k      0 --:--:-- --:--:-- --:--:--  250k
building '/nix/store/z2vy1j8vncj4xybd7hx2nff4sirmwk0z-r-sims-0.0.4.drv'...
Running phase: unpackPhase
unpacking source archive /nix/store/cmmd7v9krcmmnk94fpb61hdks1z6xl0h-sims_0.0.4.tar.gz
source root is sims
setting SOURCE_DATE_EPOCH to timestamp 1726677007 of file sims/MD5
Running phase: patchPhase
Running phase: updateAutotoolsGnuConfigScriptsPhase
Running phase: configurePhase
Running phase: buildPhase
Running phase: checkPhase
Running phase: installPhase
* installing *source* package ‘sims’ ...
** package ‘sims’ correctement décompressé et sommes MD5 vérifiées
** using staged installation
** R
** inst
** byte-compile and prepare package for lazy loading
** help
*** installing help indices
** building package indices
** installing vignettes
** testing if installed package can be loaded from temporary location
** testing if installed package can be loaded from final location
** testing if installed package keeps a record of temporary installation path
* DONE (sims)
Running phase: fixupPhase
checking for references to /private/tmp/nix-build-r-sims-0.0.4.drv-0/ in /nix/store/sc2wb672i3b4p98r8p6g8mfpv1z6wjdl-r-sims-0.0.4...
patching script interpreter paths in /nix/store/sc2wb672i3b4p98r8p6g8mfpv1z6wjdl-r-sims-0.0.4
rewriting symlink /nix/store/sc2wb672i3b4p98r8p6g8mfpv1z6wjdl-r-sims-0.0.4/nix-support/propagated-user-env-packages to be relative to /nix/store/sc2wb672i3b4p98r8p6g8mfpv1z6wjdl-r-sims-0.0.4
