this derivation will be built:
  /nix/store/sqpqy4khy6jsd1k94gc7j9kss3d7ym2c-r-ShinyQuickStarter-2.0.1.drv
this path will be fetched (0.53 MiB download, 0.53 MiB unpacked):
  /nix/store/b1khlgab5m4jv2s1wfib8lqlqjixxdys-ShinyQuickStarter_2.0.1.tar.gz
copying path '/nix/store/b1khlgab5m4jv2s1wfib8lqlqjixxdys-ShinyQuickStarter_2.0.1.tar.gz' from 'https://cache.nixos.org'...
building '/nix/store/sqpqy4khy6jsd1k94gc7j9kss3d7ym2c-r-ShinyQuickStarter-2.0.1.drv'...
Running phase: unpackPhase
unpacking source archive /nix/store/b1khlgab5m4jv2s1wfib8lqlqjixxdys-ShinyQuickStarter_2.0.1.tar.gz
source root is ShinyQuickStarter
setting SOURCE_DATE_EPOCH to timestamp 1625142002 of file ShinyQuickStarter/MD5
Running phase: patchPhase
Running phase: updateAutotoolsGnuConfigScriptsPhase
Running phase: configurePhase
Running phase: buildPhase
Running phase: checkPhase
Running phase: installPhase
* installing *source* package ‘ShinyQuickStarter’ ...
** package ‘ShinyQuickStarter’ correctement décompressé et sommes MD5 vérifiées
** using staged installation
** R
** inst
** byte-compile and prepare package for lazy loading
** help
*** installing help indices
** building package indices
** testing if installed package can be loaded from temporary location
** testing if installed package can be loaded from final location
** testing if installed package keeps a record of temporary installation path
* DONE (ShinyQuickStarter)
Running phase: fixupPhase
checking for references to /private/tmp/nix-build-r-ShinyQuickStarter-2.0.1.drv-0/ in /nix/store/hqz6bg33k1lbfj548hbm66nxlj1m0ba3-r-ShinyQuickStarter-2.0.1...
patching script interpreter paths in /nix/store/hqz6bg33k1lbfj548hbm66nxlj1m0ba3-r-ShinyQuickStarter-2.0.1
rewriting symlink /nix/store/hqz6bg33k1lbfj548hbm66nxlj1m0ba3-r-ShinyQuickStarter-2.0.1/nix-support/propagated-user-env-packages to be relative to /nix/store/hqz6bg33k1lbfj548hbm66nxlj1m0ba3-r-ShinyQuickStarter-2.0.1
