this derivation will be built:
  /nix/store/azqwfx9338w7jzyh7bkx0g01s6bsx16a-r-GPSeqClus-1.4.0.drv
building '/nix/store/azqwfx9338w7jzyh7bkx0g01s6bsx16a-r-GPSeqClus-1.4.0.drv'...
Running phase: unpackPhase
unpacking source archive /nix/store/4dzjx17c3vndysn7mhc0pld1lwvq2j3c-GPSeqClus_1.4.0.tar.gz
source root is GPSeqClus
setting SOURCE_DATE_EPOCH to timestamp 1695050402 of file GPSeqClus/MD5
Running phase: patchPhase
Running phase: updateAutotoolsGnuConfigScriptsPhase
Running phase: configurePhase
Running phase: buildPhase
Running phase: checkPhase
Running phase: installPhase
* installing *source* package ‘GPSeqClus’ ...
** package ‘GPSeqClus’ correctement décompressé et sommes MD5 vérifiées
** using staged installation
** R
** data
*** moving datasets to lazyload DB
** byte-compile and prepare package for lazy loading
sh: line 1: 76687 Trace/BPT trap: 5       R_TESTS= '/nix/store/lir8rmsk7dxbj7v1spqmv69z4mafg16l-R-4.4.2/lib/R/bin/R' --no-save --no-restore --no-echo 2>&1 < '/private/tmp/nix-build-r-GPSeqClus-1.4.0.drv-0/RtmpsgkHfu/file12b7247e610a0'
ERROR: lazy loading failed for package ‘GPSeqClus’
* removing ‘/nix/store/jjz94pj4nfgza5641d0s80fdlhg8w5lw-r-GPSeqClus-1.4.0/library/GPSeqClus’
error: builder for '/nix/store/azqwfx9338w7jzyh7bkx0g01s6bsx16a-r-GPSeqClus-1.4.0.drv' failed with exit code 1;
       last 20 log lines:
       > Running phase: unpackPhase
       > unpacking source archive /nix/store/4dzjx17c3vndysn7mhc0pld1lwvq2j3c-GPSeqClus_1.4.0.tar.gz
       > source root is GPSeqClus
       > setting SOURCE_DATE_EPOCH to timestamp 1695050402 of file GPSeqClus/MD5
       > Running phase: patchPhase
       > Running phase: updateAutotoolsGnuConfigScriptsPhase
       > Running phase: configurePhase
       > Running phase: buildPhase
       > Running phase: checkPhase
       > Running phase: installPhase
       > * installing *source* package ‘GPSeqClus’ ...
       > ** package ‘GPSeqClus’ correctement décompressé et sommes MD5 vérifiées
       > ** using staged installation
       > ** R
       > ** data
       > *** moving datasets to lazyload DB
       > ** byte-compile and prepare package for lazy loading
       > sh: line 1: 76687 Trace/BPT trap: 5       R_TESTS= '/nix/store/lir8rmsk7dxbj7v1spqmv69z4mafg16l-R-4.4.2/lib/R/bin/R' --no-save --no-restore --no-echo 2>&1 < '/private/tmp/nix-build-r-GPSeqClus-1.4.0.drv-0/RtmpsgkHfu/file12b7247e610a0'
       > ERROR: lazy loading failed for package ‘GPSeqClus’
       > * removing ‘/nix/store/jjz94pj4nfgza5641d0s80fdlhg8w5lw-r-GPSeqClus-1.4.0/library/GPSeqClus’
       For full logs, run 'nix log /nix/store/azqwfx9338w7jzyh7bkx0g01s6bsx16a-r-GPSeqClus-1.4.0.drv'.
