this derivation will be built:
  /nix/store/hzrvmv52dwaijw4phymkl4gyvgdq0rsp-r-manymome.table-0.3.0.drv
this path will be fetched (0.03 MiB download, 0.03 MiB unpacked):
  /nix/store/wr9klll5l0649935vvjsaa4p4dv4472q-manymome.table_0.3.0.tar.gz
copying path '/nix/store/wr9klll5l0649935vvjsaa4p4dv4472q-manymome.table_0.3.0.tar.gz' from 'https://cache.nixos.org'...
building '/nix/store/hzrvmv52dwaijw4phymkl4gyvgdq0rsp-r-manymome.table-0.3.0.drv'...
Running phase: unpackPhase
unpacking source archive /nix/store/wr9klll5l0649935vvjsaa4p4dv4472q-manymome.table_0.3.0.tar.gz
source root is manymome.table
setting SOURCE_DATE_EPOCH to timestamp 1709566802 of file manymome.table/MD5
Running phase: patchPhase
Running phase: updateAutotoolsGnuConfigScriptsPhase
Running phase: configurePhase
Running phase: buildPhase
Running phase: checkPhase
Running phase: installPhase
* installing *source* package ‘manymome.table’ ...
** package ‘manymome.table’ correctement décompressé et sommes MD5 vérifiées
** using staged installation
** R
** inst
** byte-compile and prepare package for lazy loading
** help
*** installing help indices
** building package indices
** installing vignettes
** testing if installed package can be loaded from temporary location
** testing if installed package can be loaded from final location
** testing if installed package keeps a record of temporary installation path
* DONE (manymome.table)
Running phase: fixupPhase
checking for references to /private/tmp/nix-build-r-manymome.table-0.3.0.drv-0/ in /nix/store/hav60mczlrzfz4kp42872f4f2fh42wdy-r-manymome.table-0.3.0...
patching script interpreter paths in /nix/store/hav60mczlrzfz4kp42872f4f2fh42wdy-r-manymome.table-0.3.0
rewriting symlink /nix/store/hav60mczlrzfz4kp42872f4f2fh42wdy-r-manymome.table-0.3.0/nix-support/propagated-user-env-packages to be relative to /nix/store/hav60mczlrzfz4kp42872f4f2fh42wdy-r-manymome.table-0.3.0
