this derivation will be built:
  /nix/store/01nvsjvzj7hz8dwmgsgmr2lnnckzl2d9-r-rhoneycomb-2.3.4.drv
this path will be fetched (0.08 MiB download, 0.08 MiB unpacked):
  /nix/store/1gszykd1lvlmq2mfws3igiqm81s280x1-rhoneycomb_2.3.4.tar.gz
copying path '/nix/store/1gszykd1lvlmq2mfws3igiqm81s280x1-rhoneycomb_2.3.4.tar.gz' from 'https://cache.nixos.org'...
building '/nix/store/01nvsjvzj7hz8dwmgsgmr2lnnckzl2d9-r-rhoneycomb-2.3.4.drv'...
Running phase: unpackPhase
unpacking source archive /nix/store/1gszykd1lvlmq2mfws3igiqm81s280x1-rhoneycomb_2.3.4.tar.gz
source root is rhoneycomb
setting SOURCE_DATE_EPOCH to timestamp 1692816602 of file rhoneycomb/MD5
Running phase: patchPhase
Running phase: updateAutotoolsGnuConfigScriptsPhase
Running phase: configurePhase
Running phase: buildPhase
Running phase: checkPhase
Running phase: installPhase
* installing *source* package ‘rhoneycomb’ ...
** package ‘rhoneycomb’ correctement décompressé et sommes MD5 vérifiées
** using staged installation
** R
** data
*** moving datasets to lazyload DB
** inst
** byte-compile and prepare package for lazy loading
** help
*** installing help indices
** building package indices
** installing vignettes
** testing if installed package can be loaded from temporary location
** testing if installed package can be loaded from final location
** testing if installed package keeps a record of temporary installation path
* DONE (rhoneycomb)
Running phase: fixupPhase
checking for references to /private/tmp/nix-build-r-rhoneycomb-2.3.4.drv-0/ in /nix/store/rg1h71p9yp715pw71n3ysmh2xiacgc49-r-rhoneycomb-2.3.4...
patching script interpreter paths in /nix/store/rg1h71p9yp715pw71n3ysmh2xiacgc49-r-rhoneycomb-2.3.4
