this derivation will be built:
  /nix/store/d3hkl55abc3md4837qr604w44p324y6q-r-rCMA-1.1.1.drv
this path will be fetched (0.34 MiB download, 0.34 MiB unpacked):
  /nix/store/nsvsn8hmlffxnzzxpi0a94jmzghb6njf-rCMA_1.1.1.tar.gz
copying path '/nix/store/nsvsn8hmlffxnzzxpi0a94jmzghb6njf-rCMA_1.1.1.tar.gz' from 'https://cache.nixos.org'...
building '/nix/store/d3hkl55abc3md4837qr604w44p324y6q-r-rCMA-1.1.1.drv'...
Running phase: unpackPhase
unpacking source archive /nix/store/nsvsn8hmlffxnzzxpi0a94jmzghb6njf-rCMA_1.1.1.tar.gz
source root is rCMA
setting SOURCE_DATE_EPOCH to timestamp 1656070912 of file rCMA/MD5
Running phase: patchPhase
Running phase: updateAutotoolsGnuConfigScriptsPhase
Running phase: configurePhase
Running phase: buildPhase
Running phase: checkPhase
Running phase: installPhase
* installing *source* package ‘rCMA’ ...
** package ‘rCMA’ correctement décompressé et sommes MD5 vérifiées
** using staged installation
** R
** demo
** inst
** byte-compile and prepare package for lazy loading
** help
*** installing help indices
** building package indices
** testing if installed package can be loaded from temporary location
** testing if installed package can be loaded from final location
** testing if installed package keeps a record of temporary installation path
* DONE (rCMA)
Running phase: fixupPhase
checking for references to /private/tmp/nix-build-r-rCMA-1.1.1.drv-0/ in /nix/store/yqqs3llmjq22373r28k33f83rkvxn4xx-r-rCMA-1.1.1...
patching script interpreter paths in /nix/store/yqqs3llmjq22373r28k33f83rkvxn4xx-r-rCMA-1.1.1
