this derivation will be built:
  /nix/store/20d5zz9wzfjgq6kid6hxigyl48jg4x6n-r-metricminer-0.5.1.drv
this path will be fetched (0.09 MiB download, 0.09 MiB unpacked):
  /nix/store/mrgrv1b63j6k8c9bsxr26l0n0ywkpzmn-metricminer_0.5.1.tar.gz
copying path '/nix/store/mrgrv1b63j6k8c9bsxr26l0n0ywkpzmn-metricminer_0.5.1.tar.gz' from 'https://cache.nixos.org'...
building '/nix/store/20d5zz9wzfjgq6kid6hxigyl48jg4x6n-r-metricminer-0.5.1.drv'...
Running phase: unpackPhase
unpacking source archive /nix/store/mrgrv1b63j6k8c9bsxr26l0n0ywkpzmn-metricminer_0.5.1.tar.gz
source root is metricminer
setting SOURCE_DATE_EPOCH to timestamp 1706901602 of file metricminer/MD5
Running phase: patchPhase
Running phase: updateAutotoolsGnuConfigScriptsPhase
Running phase: configurePhase
Running phase: buildPhase
Running phase: checkPhase
Running phase: installPhase
* installing *source* package ‘metricminer’ ...
** package ‘metricminer’ correctement décompressé et sommes MD5 vérifiées
** using staged installation
** R
** inst
** byte-compile and prepare package for lazy loading
** help
*** installing help indices
** building package indices
** installing vignettes
** testing if installed package can be loaded from temporary location
** testing if installed package can be loaded from final location
** testing if installed package keeps a record of temporary installation path
* DONE (metricminer)
Running phase: fixupPhase
checking for references to /private/tmp/nix-build-r-metricminer-0.5.1.drv-0/ in /nix/store/s32y4r3pkjgqslmirpfjiwi7f56w5i1g-r-metricminer-0.5.1...
patching script interpreter paths in /nix/store/s32y4r3pkjgqslmirpfjiwi7f56w5i1g-r-metricminer-0.5.1
rewriting symlink /nix/store/s32y4r3pkjgqslmirpfjiwi7f56w5i1g-r-metricminer-0.5.1/nix-support/propagated-user-env-packages to be relative to /nix/store/s32y4r3pkjgqslmirpfjiwi7f56w5i1g-r-metricminer-0.5.1
