this derivation will be built:
  /nix/store/wc82kn0xj096asyw46bd31zfpzksgick-r-nbapalettes-0.1.0.drv
this path will be fetched (0.49 MiB download, 0.49 MiB unpacked):
  /nix/store/avccmyypa62f30slfjka5cg596pyinlp-nbapalettes_0.1.0.tar.gz
copying path '/nix/store/avccmyypa62f30slfjka5cg596pyinlp-nbapalettes_0.1.0.tar.gz' from 'https://cache.nixos.org'...
building '/nix/store/wc82kn0xj096asyw46bd31zfpzksgick-r-nbapalettes-0.1.0.drv'...
Running phase: unpackPhase
unpacking source archive /nix/store/avccmyypa62f30slfjka5cg596pyinlp-nbapalettes_0.1.0.tar.gz
source root is nbapalettes
setting SOURCE_DATE_EPOCH to timestamp 1610028602 of file nbapalettes/MD5
Running phase: patchPhase
Running phase: updateAutotoolsGnuConfigScriptsPhase
Running phase: configurePhase
Running phase: buildPhase
Running phase: checkPhase
Running phase: installPhase
* installing *source* package ‘nbapalettes’ ...
** package ‘nbapalettes’ correctement décompressé et sommes MD5 vérifiées
** using staged installation
** R
** data
*** moving datasets to lazyload DB
** byte-compile and prepare package for lazy loading
** help
*** installing help indices
** building package indices
** testing if installed package can be loaded from temporary location
** testing if installed package can be loaded from final location
** testing if installed package keeps a record of temporary installation path
* DONE (nbapalettes)
Running phase: fixupPhase
checking for references to /private/tmp/nix-build-r-nbapalettes-0.1.0.drv-0/ in /nix/store/jqhmpdpkcpm1p11vgffb9wchbdk1x293-r-nbapalettes-0.1.0...
patching script interpreter paths in /nix/store/jqhmpdpkcpm1p11vgffb9wchbdk1x293-r-nbapalettes-0.1.0
rewriting symlink /nix/store/jqhmpdpkcpm1p11vgffb9wchbdk1x293-r-nbapalettes-0.1.0/nix-support/propagated-user-env-packages to be relative to /nix/store/jqhmpdpkcpm1p11vgffb9wchbdk1x293-r-nbapalettes-0.1.0
