this derivation will be built:
  /nix/store/gn3px6blvxqip42mn7plv8d0d13b9mbi-r-rdi-1.0.0.drv
this path will be fetched (0.03 MiB download, 0.03 MiB unpacked):
  /nix/store/d13wya13xxvnppl5nm54ikwg78jp7cvf-rdi_1.0.0.tar.gz
copying path '/nix/store/d13wya13xxvnppl5nm54ikwg78jp7cvf-rdi_1.0.0.tar.gz' from 'https://cache.nixos.org'...
building '/nix/store/gn3px6blvxqip42mn7plv8d0d13b9mbi-r-rdi-1.0.0.drv'...
Running phase: unpackPhase
unpacking source archive /nix/store/d13wya13xxvnppl5nm54ikwg78jp7cvf-rdi_1.0.0.tar.gz
source root is rdi
setting SOURCE_DATE_EPOCH to timestamp 1525691661 of file rdi/MD5
Running phase: patchPhase
Running phase: updateAutotoolsGnuConfigScriptsPhase
Running phase: configurePhase
Running phase: buildPhase
Running phase: checkPhase
Running phase: installPhase
* installing *source* package ‘rdi’ ...
** package ‘rdi’ correctement décompressé et sommes MD5 vérifiées
** using staged installation
** R
** inst
** byte-compile and prepare package for lazy loading
** help
*** installing help indices
** building package indices
** testing if installed package can be loaded from temporary location
** testing if installed package can be loaded from final location
** testing if installed package keeps a record of temporary installation path
* DONE (rdi)
Running phase: fixupPhase
checking for references to /private/tmp/nix-build-r-rdi-1.0.0.drv-0/ in /nix/store/war4czjicvqgnpppz76x2nxf7f0csks1-r-rdi-1.0.0...
patching script interpreter paths in /nix/store/war4czjicvqgnpppz76x2nxf7f0csks1-r-rdi-1.0.0
rewriting symlink /nix/store/war4czjicvqgnpppz76x2nxf7f0csks1-r-rdi-1.0.0/nix-support/propagated-user-env-packages to be relative to /nix/store/war4czjicvqgnpppz76x2nxf7f0csks1-r-rdi-1.0.0
