this derivation will be built:
  /nix/store/4rkicivcx89v76ahnz5bqi3jdjgh2ikc-r-mlr3shiny-0.3.0.drv
this path will be fetched (0.14 MiB download, 0.14 MiB unpacked):
  /nix/store/q18ha8qk7s3vz39a41wba8smvf2yakg4-mlr3shiny_0.3.0.tar.gz
copying path '/nix/store/q18ha8qk7s3vz39a41wba8smvf2yakg4-mlr3shiny_0.3.0.tar.gz' from 'https://cache.nixos.org'...
building '/nix/store/4rkicivcx89v76ahnz5bqi3jdjgh2ikc-r-mlr3shiny-0.3.0.drv'...
Running phase: unpackPhase
unpacking source archive /nix/store/q18ha8qk7s3vz39a41wba8smvf2yakg4-mlr3shiny_0.3.0.tar.gz
source root is mlr3shiny
setting SOURCE_DATE_EPOCH to timestamp 1696105805 of file mlr3shiny/MD5
Running phase: patchPhase
Running phase: updateAutotoolsGnuConfigScriptsPhase
Running phase: configurePhase
Running phase: buildPhase
Running phase: checkPhase
Running phase: installPhase
* installing *source* package ‘mlr3shiny’ ...
** package ‘mlr3shiny’ correctement décompressé et sommes MD5 vérifiées
** using staged installation
** R
** inst
** byte-compile and prepare package for lazy loading
** help
*** installing help indices
*** copying figures
** building package indices
** testing if installed package can be loaded from temporary location
** testing if installed package can be loaded from final location
** testing if installed package keeps a record of temporary installation path
* DONE (mlr3shiny)
Running phase: fixupPhase
checking for references to /private/tmp/nix-build-r-mlr3shiny-0.3.0.drv-0/ in /nix/store/xxvc45pmszmr2wgaz0hmfmg8p06ii84w-r-mlr3shiny-0.3.0...
patching script interpreter paths in /nix/store/xxvc45pmszmr2wgaz0hmfmg8p06ii84w-r-mlr3shiny-0.3.0
rewriting symlink /nix/store/xxvc45pmszmr2wgaz0hmfmg8p06ii84w-r-mlr3shiny-0.3.0/nix-support/propagated-user-env-packages to be relative to /nix/store/xxvc45pmszmr2wgaz0hmfmg8p06ii84w-r-mlr3shiny-0.3.0
