these 2 derivations will be built:
  /nix/store/1qp3ds55xld143nbc0xssi2s1qcghna2-pcvr_1.1.1.0.tar.gz.drv
  /nix/store/5wqjpsbl4r7dhd0pm25qbp9c9nyw019s-r-pcvr-1.1.1.0.drv
building '/nix/store/1qp3ds55xld143nbc0xssi2s1qcghna2-pcvr_1.1.1.0.tar.gz.drv'...

trying https://cran.r-project.org/src/contrib/pcvr_1.1.1.0.tar.gz
  % Total    % Received % Xferd  Average Speed   Time    Time     Time  Current
                                 Dload  Upload   Total   Spent    Left  Speed
100 3081k  100 3081k    0     0  5282k      0 --:--:-- --:--:-- --:--:-- 5285k
building '/nix/store/5wqjpsbl4r7dhd0pm25qbp9c9nyw019s-r-pcvr-1.1.1.0.drv'...
Running phase: unpackPhase
unpacking source archive /nix/store/pval2qrr01z0gwlrasvmhh3n157fa0hj-pcvr_1.1.1.0.tar.gz
source root is pcvr
setting SOURCE_DATE_EPOCH to timestamp 1730926202 of file pcvr/MD5
Running phase: patchPhase
Running phase: updateAutotoolsGnuConfigScriptsPhase
Running phase: configurePhase
Running phase: buildPhase
Running phase: checkPhase
Running phase: installPhase
* installing *source* package ‘pcvr’ ...
** package ‘pcvr’ correctement décompressé et sommes MD5 vérifiées
** using staged installation
** R
** inst
** byte-compile and prepare package for lazy loading
** help
*** installing help indices
*** copying figures
** building package indices
** installing vignettes
** testing if installed package can be loaded from temporary location
** testing if installed package can be loaded from final location
** testing if installed package keeps a record of temporary installation path
* DONE (pcvr)
Running phase: fixupPhase
checking for references to /private/tmp/nix-build-r-pcvr-1.1.1.0.drv-0/ in /nix/store/s7r8crlrfm80nnba9i67ls5yq39c51f5-r-pcvr-1.1.1.0...
patching script interpreter paths in /nix/store/s7r8crlrfm80nnba9i67ls5yq39c51f5-r-pcvr-1.1.1.0
rewriting symlink /nix/store/s7r8crlrfm80nnba9i67ls5yq39c51f5-r-pcvr-1.1.1.0/nix-support/propagated-user-env-packages to be relative to /nix/store/s7r8crlrfm80nnba9i67ls5yq39c51f5-r-pcvr-1.1.1.0
