this derivation will be built:
  /nix/store/8p5ifjf2rr4rg8dh15k3b7qmr237c12a-r-readwritesqlite-0.2.0.drv
this path will be fetched (0.05 MiB download, 0.05 MiB unpacked):
  /nix/store/v8sf53pq7rkq6qvmd7bjabijx7cs9ys4-readwritesqlite_0.2.0.tar.gz
copying path '/nix/store/v8sf53pq7rkq6qvmd7bjabijx7cs9ys4-readwritesqlite_0.2.0.tar.gz' from 'https://cache.nixos.org'...
building '/nix/store/8p5ifjf2rr4rg8dh15k3b7qmr237c12a-r-readwritesqlite-0.2.0.drv'...
Running phase: unpackPhase
unpacking source archive /nix/store/v8sf53pq7rkq6qvmd7bjabijx7cs9ys4-readwritesqlite_0.2.0.tar.gz
source root is readwritesqlite
setting SOURCE_DATE_EPOCH to timestamp 1665949202 of file readwritesqlite/MD5
Running phase: patchPhase
Running phase: updateAutotoolsGnuConfigScriptsPhase
Running phase: configurePhase
Running phase: buildPhase
Running phase: checkPhase
Running phase: installPhase
* installing *source* package ‘readwritesqlite’ ...
** package ‘readwritesqlite’ correctement décompressé et sommes MD5 vérifiées
** using staged installation
** R
** data
*** moving datasets to lazyload DB
** inst
** byte-compile and prepare package for lazy loading
** help
*** installing help indices
*** copying figures
** building package indices
** installing vignettes
** testing if installed package can be loaded from temporary location
** testing if installed package can be loaded from final location
** testing if installed package keeps a record of temporary installation path
* DONE (readwritesqlite)
Running phase: fixupPhase
checking for references to /private/tmp/nix-build-r-readwritesqlite-0.2.0.drv-0/ in /nix/store/3v0gp84cmcksvla16b0q9pdb2kkxysvp-r-readwritesqlite-0.2.0...
patching script interpreter paths in /nix/store/3v0gp84cmcksvla16b0q9pdb2kkxysvp-r-readwritesqlite-0.2.0
rewriting symlink /nix/store/3v0gp84cmcksvla16b0q9pdb2kkxysvp-r-readwritesqlite-0.2.0/nix-support/propagated-user-env-packages to be relative to /nix/store/3v0gp84cmcksvla16b0q9pdb2kkxysvp-r-readwritesqlite-0.2.0
