this derivation will be built:
  /nix/store/cnzb95pxwkqf2y9l6n8fss2ss3327s56-r-metaGE-1.1.0.drv
this path will be fetched (4.55 MiB download, 4.55 MiB unpacked):
  /nix/store/nvqqlndw8ahkhllnfpbv6ii7hvxnpjvn-metaGE_1.1.0.tar.gz
copying path '/nix/store/nvqqlndw8ahkhllnfpbv6ii7hvxnpjvn-metaGE_1.1.0.tar.gz' from 'https://cache.nixos.org'...
building '/nix/store/cnzb95pxwkqf2y9l6n8fss2ss3327s56-r-metaGE-1.1.0.drv'...
Running phase: unpackPhase
unpacking source archive /nix/store/nvqqlndw8ahkhllnfpbv6ii7hvxnpjvn-metaGE_1.1.0.tar.gz
source root is metaGE
setting SOURCE_DATE_EPOCH to timestamp 1722422404 of file metaGE/MD5
Running phase: patchPhase
Running phase: updateAutotoolsGnuConfigScriptsPhase
Running phase: configurePhase
Running phase: buildPhase
Running phase: checkPhase
Running phase: installPhase
* installing *source* package ‘metaGE’ ...
** package ‘metaGE’ correctement décompressé et sommes MD5 vérifiées
** using staged installation
** R
** data
*** moving datasets to lazyload DB
** inst
** byte-compile and prepare package for lazy loading
Note: nombre incorrect d'arguments pour '*' 
Note: nombre incorrect d'arguments pour '!=' 
** help
*** installing help indices
** building package indices
** installing vignettes
** testing if installed package can be loaded from temporary location
** testing if installed package can be loaded from final location
** testing if installed package keeps a record of temporary installation path
* DONE (metaGE)
Running phase: fixupPhase
checking for references to /private/tmp/nix-build-r-metaGE-1.1.0.drv-0/ in /nix/store/72ch11ykbx233jf5q4h97p4a34z9mfli-r-metaGE-1.1.0...
patching script interpreter paths in /nix/store/72ch11ykbx233jf5q4h97p4a34z9mfli-r-metaGE-1.1.0
rewriting symlink /nix/store/72ch11ykbx233jf5q4h97p4a34z9mfli-r-metaGE-1.1.0/nix-support/propagated-user-env-packages to be relative to /nix/store/72ch11ykbx233jf5q4h97p4a34z9mfli-r-metaGE-1.1.0
