this derivation will be built:
  /nix/store/vczr72wgi67q3pww8715g8cc6px52w6j-r-HCmodelSets-1.1.3.drv
this path will be fetched (3.91 MiB download, 3.91 MiB unpacked):
  /nix/store/qnfhr2kkg6406r875yag22wipy43ly0l-HCmodelSets_1.1.3.tar.gz
copying path '/nix/store/qnfhr2kkg6406r875yag22wipy43ly0l-HCmodelSets_1.1.3.tar.gz' from 'https://cache.nixos.org'...
building '/nix/store/vczr72wgi67q3pww8715g8cc6px52w6j-r-HCmodelSets-1.1.3.drv'...
Running phase: unpackPhase
unpacking source archive /nix/store/qnfhr2kkg6406r875yag22wipy43ly0l-HCmodelSets_1.1.3.tar.gz
source root is HCmodelSets
setting SOURCE_DATE_EPOCH to timestamp 1678903209 of file HCmodelSets/MD5
Running phase: patchPhase
Running phase: updateAutotoolsGnuConfigScriptsPhase
Running phase: configurePhase
Running phase: buildPhase
Running phase: checkPhase
Running phase: installPhase
* installing *source* package ‘HCmodelSets’ ...
** package ‘HCmodelSets’ correctement décompressé et sommes MD5 vérifiées
** using staged installation
** R
** data
*** moving datasets to lazyload DB
** inst
** byte-compile and prepare package for lazy loading
** help
*** installing help indices
** building package indices
** installing vignettes
** testing if installed package can be loaded from temporary location
** testing if installed package can be loaded from final location
** testing if installed package keeps a record of temporary installation path
* DONE (HCmodelSets)
Running phase: fixupPhase
checking for references to /private/tmp/nix-build-r-HCmodelSets-1.1.3.drv-0/ in /nix/store/kpyycr6pin05rldynr4d2q945ia3pxdz-r-HCmodelSets-1.1.3...
patching script interpreter paths in /nix/store/kpyycr6pin05rldynr4d2q945ia3pxdz-r-HCmodelSets-1.1.3
rewriting symlink /nix/store/kpyycr6pin05rldynr4d2q945ia3pxdz-r-HCmodelSets-1.1.3/nix-support/propagated-user-env-packages to be relative to /nix/store/kpyycr6pin05rldynr4d2q945ia3pxdz-r-HCmodelSets-1.1.3
