this derivation will be built:
  /nix/store/215z07ygj1yq3jjj9844s19r8rsv9v0v-r-provTraceR-1.0.drv
this path will be fetched (0.02 MiB download, 0.02 MiB unpacked):
  /nix/store/2mz2s4i1v85zyrlwfsw6558i0vc3y1bp-provTraceR_1.0.tar.gz
copying path '/nix/store/2mz2s4i1v85zyrlwfsw6558i0vc3y1bp-provTraceR_1.0.tar.gz' from 'https://cache.nixos.org'...
building '/nix/store/215z07ygj1yq3jjj9844s19r8rsv9v0v-r-provTraceR-1.0.drv'...
Running phase: unpackPhase
unpacking source archive /nix/store/2mz2s4i1v85zyrlwfsw6558i0vc3y1bp-provTraceR_1.0.tar.gz
source root is provTraceR
setting SOURCE_DATE_EPOCH to timestamp 1597133402 of file provTraceR/MD5
Running phase: patchPhase
Running phase: updateAutotoolsGnuConfigScriptsPhase
Running phase: configurePhase
Running phase: buildPhase
Running phase: checkPhase
Running phase: installPhase
* installing *source* package ‘provTraceR’ ...
** package ‘provTraceR’ correctement décompressé et sommes MD5 vérifiées
** using staged installation
** R
** inst
** byte-compile and prepare package for lazy loading
** help
*** installing help indices
** building package indices
** installing vignettes
** testing if installed package can be loaded from temporary location
** testing if installed package can be loaded from final location
** testing if installed package keeps a record of temporary installation path
* DONE (provTraceR)
Running phase: fixupPhase
checking for references to /private/tmp/nix-build-r-provTraceR-1.0.drv-0/ in /nix/store/80sa5qy8q31c3j3wajngkvdsjhlzcxhm-r-provTraceR-1.0...
patching script interpreter paths in /nix/store/80sa5qy8q31c3j3wajngkvdsjhlzcxhm-r-provTraceR-1.0
rewriting symlink /nix/store/80sa5qy8q31c3j3wajngkvdsjhlzcxhm-r-provTraceR-1.0/nix-support/propagated-user-env-packages to be relative to /nix/store/80sa5qy8q31c3j3wajngkvdsjhlzcxhm-r-provTraceR-1.0
