this derivation will be built:
  /nix/store/26yhzhmzvn1i0sbjyn3ihigckgjl9y0l-r-VARshrink-0.3.1.drv
this path will be fetched (0.11 MiB download, 0.11 MiB unpacked):
  /nix/store/77dfm3736pq547m23c242p9f5nlgf9sh-VARshrink_0.3.1.tar.gz
copying path '/nix/store/77dfm3736pq547m23c242p9f5nlgf9sh-VARshrink_0.3.1.tar.gz' from 'https://cache.nixos.org'...
building '/nix/store/26yhzhmzvn1i0sbjyn3ihigckgjl9y0l-r-VARshrink-0.3.1.drv'...
Running phase: unpackPhase
unpacking source archive /nix/store/77dfm3736pq547m23c242p9f5nlgf9sh-VARshrink_0.3.1.tar.gz
source root is VARshrink
setting SOURCE_DATE_EPOCH to timestamp 1570633803 of file VARshrink/MD5
Running phase: patchPhase
Running phase: updateAutotoolsGnuConfigScriptsPhase
Running phase: configurePhase
Running phase: buildPhase
Running phase: checkPhase
Running phase: installPhase
* installing *source* package ‘VARshrink’ ...
** package ‘VARshrink’ correctement décompressé et sommes MD5 vérifiées
** using staged installation
** R
** inst
** byte-compile and prepare package for lazy loading
** help
*** installing help indices
** building package indices
** installing vignettes
** testing if installed package can be loaded from temporary location
** testing if installed package can be loaded from final location
** testing if installed package keeps a record of temporary installation path
* DONE (VARshrink)
Running phase: fixupPhase
checking for references to /private/tmp/nix-build-r-VARshrink-0.3.1.drv-0/ in /nix/store/jhnr1am4vjlrp24phsn6wc0jjdixsyj7-r-VARshrink-0.3.1...
patching script interpreter paths in /nix/store/jhnr1am4vjlrp24phsn6wc0jjdixsyj7-r-VARshrink-0.3.1
rewriting symlink /nix/store/jhnr1am4vjlrp24phsn6wc0jjdixsyj7-r-VARshrink-0.3.1/nix-support/propagated-user-env-packages to be relative to /nix/store/jhnr1am4vjlrp24phsn6wc0jjdixsyj7-r-VARshrink-0.3.1
