this derivation will be built:
  /nix/store/8r33cqdlhy5yy96cfc2rb41jwsch3iyn-r-mvrsquared-0.1.5.drv
this path will be fetched (0.12 MiB download, 0.12 MiB unpacked):
  /nix/store/i60g1q0vxkqvnl2k7f0invrdri9d5p3y-mvrsquared_0.1.5.tar.gz
copying path '/nix/store/i60g1q0vxkqvnl2k7f0invrdri9d5p3y-mvrsquared_0.1.5.tar.gz' from 'https://cache.nixos.org'...
building '/nix/store/8r33cqdlhy5yy96cfc2rb41jwsch3iyn-r-mvrsquared-0.1.5.drv'...
Running phase: unpackPhase
unpacking source archive /nix/store/i60g1q0vxkqvnl2k7f0invrdri9d5p3y-mvrsquared_0.1.5.tar.gz
source root is mvrsquared
setting SOURCE_DATE_EPOCH to timestamp 1689379802 of file mvrsquared/MD5
Running phase: patchPhase
Running phase: updateAutotoolsGnuConfigScriptsPhase
Running phase: configurePhase
Running phase: buildPhase
Running phase: checkPhase
Running phase: installPhase
* installing *source* package ‘mvrsquared’ ...
** package ‘mvrsquared’ correctement décompressé et sommes MD5 vérifiées
** using staged installation
** libs
using C++ compiler: ‘clang version 16.0.6’
using SDK: ‘’
/nix/store/v39c0h6xv6hvki2k1bsyp5n090q8y2bp-clang-wrapper-16.0.6/bin/c++ -std=gnu++17 -I"/nix/store/lir8rmsk7dxbj7v1spqmv69z4mafg16l-R-4.4.2/lib/R/include" -DNDEBUG  -I'/nix/store/da7yi2xf3argx9hlnn3f0k95b8y1yx2l-r-Rcpp-1.0.13-1/library/Rcpp/include' -I'/nix/store/4w8j39mxla47i5piv5f0z7cwxnb50wds-r-RcppArmadillo-14.2.0-1/library/RcppArmadillo/include' -I'/nix/store/31f7fci0nib22vvn0alhq83ypwx0rn33-r-RcppThread-2.1.7/library/RcppThread/include' -isystem /nix/store/0mmz5i705116bfykc7i1r9jxqwyghj2a-libcxx-16.0.6-dev/include/c++/v1    -DARMA_64BIT_WORD=1 -fPIC  -g -O2   -c RcppExports.cpp -o RcppExports.o
/nix/store/v39c0h6xv6hvki2k1bsyp5n090q8y2bp-clang-wrapper-16.0.6/bin/c++ -std=gnu++17 -I"/nix/store/lir8rmsk7dxbj7v1spqmv69z4mafg16l-R-4.4.2/lib/R/include" -DNDEBUG  -I'/nix/store/da7yi2xf3argx9hlnn3f0k95b8y1yx2l-r-Rcpp-1.0.13-1/library/Rcpp/include' -I'/nix/store/4w8j39mxla47i5piv5f0z7cwxnb50wds-r-RcppArmadillo-14.2.0-1/library/RcppArmadillo/include' -I'/nix/store/31f7fci0nib22vvn0alhq83ypwx0rn33-r-RcppThread-2.1.7/library/RcppThread/include' -isystem /nix/store/0mmz5i705116bfykc7i1r9jxqwyghj2a-libcxx-16.0.6-dev/include/c++/v1    -DARMA_64BIT_WORD=1 -fPIC  -g -O2   -c calc_sum_squares_latent.cpp -o calc_sum_squares_latent.o
/nix/store/v39c0h6xv6hvki2k1bsyp5n090q8y2bp-clang-wrapper-16.0.6/bin/c++ -std=gnu++17 -dynamiclib -Wl,-headerpad_max_install_names -undefined dynamic_lookup -L/nix/store/lir8rmsk7dxbj7v1spqmv69z4mafg16l-R-4.4.2/lib/R/lib -L/nix/store/88xkgzh5g9xppsg3hdxxxh9q43rnxk6k-libcxx-16.0.6/lib -o mvrsquared.so RcppExports.o calc_sum_squares_latent.o -L/nix/store/plkk3bwn0g0v67pfc4f8j0sixxwdn01f-lapack-3/lib -llapack -L/nix/store/p8mgb558fybdfiqvcc64jaxzgh3c2yms-blas-3/lib -lblas -L/nix/store/h84vsys3h7wkvnwhx3fz6ynrlpla2mpv-gfortran-13.3.0-lib/lib -L/nix/store/3awww7sqz8gygkr9hw5s7wd57iwz1qg3-cctools-binutils-darwin-wrapper-1010.6/bin -L/nix/store/kwlx6bz5n81gqa9kyx6207rzp0yq0pj4-gfortran-13.3.0/lib/gcc/aarch64-apple-darwin/13.3.0 -L/nix/store/kwlx6bz5n81gqa9kyx6207rzp0yq0pj4-gfortran-13.3.0/lib -lemutls_w -lheapt_w -lintl -lgfortran -lquadmath -lpthread -L/nix/store/lir8rmsk7dxbj7v1spqmv69z4mafg16l-R-4.4.2/lib/R/lib -lR -lintl -Wl,-framework -Wl,CoreFoundation
ld: warning: could not create compact unwind for _allocate_tramp_ctrl: does not use standard frame
ld: warning: could not create compact unwind for ___gcc_nested_func_ptr_created: does not use standard frame
ld: warning: could not create compact unwind for ___gcc_nested_func_ptr_deleted: does not use standard frame
ld: warning: could not create compact unwind for ___emutls_get_address: does not use standard frame
installing to /nix/store/4dkc8jm9i19h7b493p73b2g2fqzarlvn-r-mvrsquared-0.1.5/library/00LOCK-mvrsquared/00new/mvrsquared/libs
** R
** inst
** byte-compile and prepare package for lazy loading
** help
*** installing help indices
*** copying figures
** building package indices
** installing vignettes
** testing if installed package can be loaded from temporary location
** checking absolute paths in shared objects and dynamic libraries
** testing if installed package can be loaded from final location
** testing if installed package keeps a record of temporary installation path
* DONE (mvrsquared)
Running phase: fixupPhase
checking for references to /private/tmp/nix-build-r-mvrsquared-0.1.5.drv-0/ in /nix/store/4dkc8jm9i19h7b493p73b2g2fqzarlvn-r-mvrsquared-0.1.5...
patching script interpreter paths in /nix/store/4dkc8jm9i19h7b493p73b2g2fqzarlvn-r-mvrsquared-0.1.5
rewriting symlink /nix/store/4dkc8jm9i19h7b493p73b2g2fqzarlvn-r-mvrsquared-0.1.5/nix-support/propagated-user-env-packages to be relative to /nix/store/4dkc8jm9i19h7b493p73b2g2fqzarlvn-r-mvrsquared-0.1.5
