this derivation will be built:
  /nix/store/25fkjlg2l3qp3ri08jwskqpgifb6bdxz-r-NVAR-0.1.0.drv
this path will be fetched (0.01 MiB download, 0.01 MiB unpacked):
  /nix/store/9n9lnsxa8k75n1q95h0nhr3q2drn8c47-NVAR_0.1.0.tar.gz
copying path '/nix/store/9n9lnsxa8k75n1q95h0nhr3q2drn8c47-NVAR_0.1.0.tar.gz' from 'https://cache.nixos.org'...
building '/nix/store/25fkjlg2l3qp3ri08jwskqpgifb6bdxz-r-NVAR-0.1.0.drv'...
Running phase: unpackPhase
unpacking source archive /nix/store/9n9lnsxa8k75n1q95h0nhr3q2drn8c47-NVAR_0.1.0.tar.gz
source root is NVAR
setting SOURCE_DATE_EPOCH to timestamp 1705577402 of file NVAR/MD5
Running phase: patchPhase
Running phase: updateAutotoolsGnuConfigScriptsPhase
Running phase: configurePhase
Running phase: buildPhase
Running phase: checkPhase
Running phase: installPhase
* installing *source* package ‘NVAR’ ...
** package ‘NVAR’ correctement décompressé et sommes MD5 vérifiées
** using staged installation
** R
** byte-compile and prepare package for lazy loading
** help
*** installing help indices
*** copying figures
** building package indices
** testing if installed package can be loaded from temporary location
** testing if installed package can be loaded from final location
** testing if installed package keeps a record of temporary installation path
* DONE (NVAR)
Running phase: fixupPhase
checking for references to /private/tmp/nix-build-r-NVAR-0.1.0.drv-0/ in /nix/store/ljqbybsxk8cdhl25lbdx1z4hhb9qaj7z-r-NVAR-0.1.0...
patching script interpreter paths in /nix/store/ljqbybsxk8cdhl25lbdx1z4hhb9qaj7z-r-NVAR-0.1.0
rewriting symlink /nix/store/ljqbybsxk8cdhl25lbdx1z4hhb9qaj7z-r-NVAR-0.1.0/nix-support/propagated-user-env-packages to be relative to /nix/store/ljqbybsxk8cdhl25lbdx1z4hhb9qaj7z-r-NVAR-0.1.0
