this derivation will be built:
  /nix/store/wp16xcfr6q0i6yanvl9s7lcksn2aiwl2-r-lavaanExtra-0.2.1.drv
this path will be fetched (1.13 MiB download, 1.13 MiB unpacked):
  /nix/store/q5rlx1m42vnmzms9vjxgshivhlbv4rss-lavaanExtra_0.2.1.tar.gz
copying path '/nix/store/q5rlx1m42vnmzms9vjxgshivhlbv4rss-lavaanExtra_0.2.1.tar.gz' from 'https://cache.nixos.org'...
building '/nix/store/wp16xcfr6q0i6yanvl9s7lcksn2aiwl2-r-lavaanExtra-0.2.1.drv'...
Running phase: unpackPhase
unpacking source archive /nix/store/q5rlx1m42vnmzms9vjxgshivhlbv4rss-lavaanExtra_0.2.1.tar.gz
source root is lavaanExtra
setting SOURCE_DATE_EPOCH to timestamp 1719864002 of file lavaanExtra/MD5
Running phase: patchPhase
Running phase: updateAutotoolsGnuConfigScriptsPhase
Running phase: configurePhase
Running phase: buildPhase
Running phase: checkPhase
Running phase: installPhase
* installing *source* package ‘lavaanExtra’ ...
** package ‘lavaanExtra’ correctement décompressé et sommes MD5 vérifiées
** using staged installation
** R
** inst
** byte-compile and prepare package for lazy loading
** help
*** installing help indices
*** copying figures
** building package indices
** installing vignettes
** testing if installed package can be loaded from temporary location
** testing if installed package can be loaded from final location
** testing if installed package keeps a record of temporary installation path
* DONE (lavaanExtra)
Running phase: fixupPhase
checking for references to /private/tmp/nix-build-r-lavaanExtra-0.2.1.drv-0/ in /nix/store/70v64f4f278idgy767h6cpp4hbm4gqil-r-lavaanExtra-0.2.1...
patching script interpreter paths in /nix/store/70v64f4f278idgy767h6cpp4hbm4gqil-r-lavaanExtra-0.2.1
rewriting symlink /nix/store/70v64f4f278idgy767h6cpp4hbm4gqil-r-lavaanExtra-0.2.1/nix-support/propagated-user-env-packages to be relative to /nix/store/70v64f4f278idgy767h6cpp4hbm4gqil-r-lavaanExtra-0.2.1
