these 3 derivations will be built:
  /nix/store/0pd563v3cz7sg9lkl63g3v0ahxvqrlg7-MAGMA.R_1.0.3.tar.gz.drv
  /nix/store/l3qsh8afj3gbwjnkgcs0mir9vj7rkbkh-r-robumeta-2.1.drv
  /nix/store/qcyhaylp86xi5jnrwxnfjmycqlpqmbvp-r-MAGMA.R-1.0.3.drv
this path will be fetched (0.44 MiB download, 0.44 MiB unpacked):
  /nix/store/hcc78018mjh65imzbhixwl7lxvy821c1-robumeta_2.1.tar.gz
copying path '/nix/store/hcc78018mjh65imzbhixwl7lxvy821c1-robumeta_2.1.tar.gz' from 'https://cache.nixos.org'...
building '/nix/store/0pd563v3cz7sg9lkl63g3v0ahxvqrlg7-MAGMA.R_1.0.3.tar.gz.drv'...
building '/nix/store/l3qsh8afj3gbwjnkgcs0mir9vj7rkbkh-r-robumeta-2.1.drv'...

trying https://cran.r-project.org/src/contrib/MAGMA.R_1.0.3.tar.gz
  % Total    % Received % Xferd  Average Speed   Time    Time     Time  Current
                                 Dload  Upload   Total   Spent    Left  Speed
Running phase: unpackPhase
unpacking source archive /nix/store/hcc78018mjh65imzbhixwl7lxvy821c1-robumeta_2.1.tar.gz
source root is robumeta
setting SOURCE_DATE_EPOCH to timestamp 1679972402 of file robumeta/MD5
Running phase: patchPhase
100  586k  100  586k    0     0  2510k      0 --:--:-- --:--:-- --:--:-- 2516k
Running phase: updateAutotoolsGnuConfigScriptsPhase
Running phase: configurePhase
Running phase: buildPhase
Running phase: checkPhase
Running phase: installPhase
* installing *source* package ‘robumeta’ ...
** package ‘robumeta’ correctement décompressé et sommes MD5 vérifiées
** using staged installation
** R
** data
*** moving datasets to lazyload DB
** inst
** byte-compile and prepare package for lazy loading
** help
*** installing help indices
** building package indices
** installing vignettes
** testing if installed package can be loaded from temporary location
** testing if installed package can be loaded from final location
** testing if installed package keeps a record of temporary installation path
* DONE (robumeta)
Running phase: fixupPhase
checking for references to /private/tmp/nix-build-r-robumeta-2.1.drv-0/ in /nix/store/dr7cqhm28rgz593x3vvsk4884dbw7agr-r-robumeta-2.1...
patching script interpreter paths in /nix/store/dr7cqhm28rgz593x3vvsk4884dbw7agr-r-robumeta-2.1
building '/nix/store/qcyhaylp86xi5jnrwxnfjmycqlpqmbvp-r-MAGMA.R-1.0.3.drv'...
Running phase: unpackPhase
unpacking source archive /nix/store/jrbhzswg43glw2xvpcjjphii66d8kwma-MAGMA.R_1.0.3.tar.gz
source root is MAGMA.R
setting SOURCE_DATE_EPOCH to timestamp 1724742602 of file MAGMA.R/MD5
Running phase: patchPhase
Running phase: updateAutotoolsGnuConfigScriptsPhase
Running phase: configurePhase
Running phase: buildPhase
Running phase: checkPhase
Running phase: installPhase
* installing *source* package ‘MAGMA.R’ ...
** package ‘MAGMA.R’ correctement décompressé et sommes MD5 vérifiées
** using staged installation
** R
** data
*** moving datasets to lazyload DB
** inst
** byte-compile and prepare package for lazy loading
Note: nombre incorrect d'arguments pour 'sqrt' 
** help
*** installing help indices
** building package indices
** installing vignettes
** testing if installed package can be loaded from temporary location
** testing if installed package can be loaded from final location
** testing if installed package keeps a record of temporary installation path
* DONE (MAGMA.R)
Running phase: fixupPhase
checking for references to /private/tmp/nix-build-r-MAGMA.R-1.0.3.drv-0/ in /nix/store/lhhlh8w8019i9q02209jar06n7vqnnnv-r-MAGMA.R-1.0.3...
patching script interpreter paths in /nix/store/lhhlh8w8019i9q02209jar06n7vqnnnv-r-MAGMA.R-1.0.3
rewriting symlink /nix/store/lhhlh8w8019i9q02209jar06n7vqnnnv-r-MAGMA.R-1.0.3/nix-support/propagated-user-env-packages to be relative to /nix/store/lhhlh8w8019i9q02209jar06n7vqnnnv-r-MAGMA.R-1.0.3
