this derivation will be built:
  /nix/store/sx8qss196lpih2v3l5lgcywiwl6j3yc0-r-ParDNAcopy-2.0.drv
this path will be fetched (0.00 MiB download, 0.00 MiB unpacked):
  /nix/store/lgmdnkl1qjxjs0a3gqx24b78k2vs8lr8-ParDNAcopy_2.0.tar.gz
copying path '/nix/store/lgmdnkl1qjxjs0a3gqx24b78k2vs8lr8-ParDNAcopy_2.0.tar.gz' from 'https://cache.nixos.org'...
building '/nix/store/sx8qss196lpih2v3l5lgcywiwl6j3yc0-r-ParDNAcopy-2.0.drv'...
Running phase: unpackPhase
unpacking source archive /nix/store/lgmdnkl1qjxjs0a3gqx24b78k2vs8lr8-ParDNAcopy_2.0.tar.gz
source root is ParDNAcopy
setting SOURCE_DATE_EPOCH to timestamp 1419922414 of file ParDNAcopy/MD5
Running phase: patchPhase
Running phase: updateAutotoolsGnuConfigScriptsPhase
Running phase: configurePhase
Running phase: buildPhase
Running phase: checkPhase
Running phase: installPhase
* installing *source* package ‘ParDNAcopy’ ...
** package ‘ParDNAcopy’ correctement décompressé et sommes MD5 vérifiées
** using staged installation
** R
** byte-compile and prepare package for lazy loading
** help
*** installing help indices
** building package indices
** testing if installed package can be loaded from temporary location
** testing if installed package can be loaded from final location
** testing if installed package keeps a record of temporary installation path
* DONE (ParDNAcopy)
Running phase: fixupPhase
checking for references to /private/tmp/nix-build-r-ParDNAcopy-2.0.drv-0/ in /nix/store/5vbks04wxv7i2jqgwcghrwy68qr71svq-r-ParDNAcopy-2.0...
patching script interpreter paths in /nix/store/5vbks04wxv7i2jqgwcghrwy68qr71svq-r-ParDNAcopy-2.0
rewriting symlink /nix/store/5vbks04wxv7i2jqgwcghrwy68qr71svq-r-ParDNAcopy-2.0/nix-support/propagated-user-env-packages to be relative to /nix/store/5vbks04wxv7i2jqgwcghrwy68qr71svq-r-ParDNAcopy-2.0
