this derivation will be built:
  /nix/store/4l52qx4xsj0bkasjg3lyd0qsxp24jxk3-r-TFRE-0.1.0.drv
this path will be fetched (0.01 MiB download, 0.01 MiB unpacked):
  /nix/store/zy1xjvnwkkvghsbxn224rk8xhj0gqsvx-TFRE_0.1.0.tar.gz
copying path '/nix/store/zy1xjvnwkkvghsbxn224rk8xhj0gqsvx-TFRE_0.1.0.tar.gz' from 'https://cache.nixos.org'...
building '/nix/store/4l52qx4xsj0bkasjg3lyd0qsxp24jxk3-r-TFRE-0.1.0.drv'...
Running phase: unpackPhase
unpacking source archive /nix/store/zy1xjvnwkkvghsbxn224rk8xhj0gqsvx-TFRE_0.1.0.tar.gz
source root is TFRE
setting SOURCE_DATE_EPOCH to timestamp 1706730605 of file TFRE/MD5
Running phase: patchPhase
Running phase: updateAutotoolsGnuConfigScriptsPhase
Running phase: configurePhase
Running phase: buildPhase
Running phase: checkPhase
Running phase: installPhase
* installing *source* package ‘TFRE’ ...
** package ‘TFRE’ correctement décompressé et sommes MD5 vérifiées
** using staged installation
** libs
using C++ compiler: ‘clang version 16.0.6’
using SDK: ‘’
/nix/store/v39c0h6xv6hvki2k1bsyp5n090q8y2bp-clang-wrapper-16.0.6/bin/c++ -std=gnu++17 -I"/nix/store/lir8rmsk7dxbj7v1spqmv69z4mafg16l-R-4.4.2/lib/R/include" -DNDEBUG  -I'/nix/store/da7yi2xf3argx9hlnn3f0k95b8y1yx2l-r-Rcpp-1.0.13-1/library/Rcpp/include' -I'/nix/store/rnnw6rgkd98vplpryvk019w9yxx64gnw-r-RcppEigen-0.3.4.0.2/library/RcppEigen/include' -I'/nix/store/hcy2j5h598wrllhahyda4wgs43s3fybd-r-RcppParallel-5.1.9/library/RcppParallel/include' -isystem /nix/store/0mmz5i705116bfykc7i1r9jxqwyghj2a-libcxx-16.0.6-dev/include/c++/v1    -fPIC  -g -O2   -c Functions_paral.cpp -o Functions_paral.o
/nix/store/v39c0h6xv6hvki2k1bsyp5n090q8y2bp-clang-wrapper-16.0.6/bin/c++ -std=gnu++17 -I"/nix/store/lir8rmsk7dxbj7v1spqmv69z4mafg16l-R-4.4.2/lib/R/include" -DNDEBUG  -I'/nix/store/da7yi2xf3argx9hlnn3f0k95b8y1yx2l-r-Rcpp-1.0.13-1/library/Rcpp/include' -I'/nix/store/rnnw6rgkd98vplpryvk019w9yxx64gnw-r-RcppEigen-0.3.4.0.2/library/RcppEigen/include' -I'/nix/store/hcy2j5h598wrllhahyda4wgs43s3fybd-r-RcppParallel-5.1.9/library/RcppParallel/include' -isystem /nix/store/0mmz5i705116bfykc7i1r9jxqwyghj2a-libcxx-16.0.6-dev/include/c++/v1    -fPIC  -g -O2   -c RcppExports.cpp -o RcppExports.o
/nix/store/v39c0h6xv6hvki2k1bsyp5n090q8y2bp-clang-wrapper-16.0.6/bin/c++ -std=gnu++17 -dynamiclib -Wl,-headerpad_max_install_names -undefined dynamic_lookup -L/nix/store/lir8rmsk7dxbj7v1spqmv69z4mafg16l-R-4.4.2/lib/R/lib -L/nix/store/88xkgzh5g9xppsg3hdxxxh9q43rnxk6k-libcxx-16.0.6/lib -o TFRE.so Functions_paral.o RcppExports.o -L/nix/store/lir8rmsk7dxbj7v1spqmv69z4mafg16l-R-4.4.2/lib/R/lib -lR -lintl -Wl,-framework -Wl,CoreFoundation
installing to /nix/store/ac2rn3qv7dm91j527psl4i5dkghyqlgg-r-TFRE-0.1.0/library/00LOCK-TFRE/00new/TFRE/libs
** R
** byte-compile and prepare package for lazy loading
** help
*** installing help indices
** building package indices
** testing if installed package can be loaded from temporary location
** checking absolute paths in shared objects and dynamic libraries
** testing if installed package can be loaded from final location
** testing if installed package keeps a record of temporary installation path
* DONE (TFRE)
Running phase: fixupPhase
checking for references to /private/tmp/nix-build-r-TFRE-0.1.0.drv-0/ in /nix/store/ac2rn3qv7dm91j527psl4i5dkghyqlgg-r-TFRE-0.1.0...
patching script interpreter paths in /nix/store/ac2rn3qv7dm91j527psl4i5dkghyqlgg-r-TFRE-0.1.0
rewriting symlink /nix/store/ac2rn3qv7dm91j527psl4i5dkghyqlgg-r-TFRE-0.1.0/nix-support/propagated-user-env-packages to be relative to /nix/store/ac2rn3qv7dm91j527psl4i5dkghyqlgg-r-TFRE-0.1.0
