these 2 derivations will be built:
  /nix/store/17jy9if1jfgh2p8iabm3l42dcvy4p1ga-qCBA_1.0.tar.gz.drv
  /nix/store/0bipbj01z599fzidj67q55l3d7qcsvmh-r-qCBA-1.0.drv
building '/nix/store/17jy9if1jfgh2p8iabm3l42dcvy4p1ga-qCBA_1.0.tar.gz.drv'...

trying https://cran.r-project.org/src/contrib/qCBA_1.0.tar.gz
  % Total    % Received % Xferd  Average Speed   Time    Time     Time  Current
                                 Dload  Upload   Total   Spent    Left  Speed
100  224k  100  224k    0     0  1172k      0 --:--:-- --:--:-- --:--:-- 1174k
building '/nix/store/0bipbj01z599fzidj67q55l3d7qcsvmh-r-qCBA-1.0.drv'...
Running phase: unpackPhase
unpacking source archive /nix/store/507g1lvhb60zwn6clrg2415gvh3x80bz-qCBA_1.0.tar.gz
source root is qCBA
setting SOURCE_DATE_EPOCH to timestamp 1724847606 of file qCBA/MD5
Running phase: patchPhase
Running phase: updateAutotoolsGnuConfigScriptsPhase
Running phase: configurePhase
Running phase: buildPhase
Running phase: checkPhase
Running phase: installPhase
* installing *source* package ‘qCBA’ ...
** package ‘qCBA’ correctement décompressé et sommes MD5 vérifiées
** using staged installation
** R
** inst
** byte-compile and prepare package for lazy loading
** help
*** installing help indices
** building package indices
** testing if installed package can be loaded from temporary location
** testing if installed package can be loaded from final location
** testing if installed package keeps a record of temporary installation path
* DONE (qCBA)
Running phase: fixupPhase
checking for references to /private/tmp/nix-build-r-qCBA-1.0.drv-0/ in /nix/store/k36psajr7q2ms5vlggx87r49pfqw9mhq-r-qCBA-1.0...
patching script interpreter paths in /nix/store/k36psajr7q2ms5vlggx87r49pfqw9mhq-r-qCBA-1.0
rewriting symlink /nix/store/k36psajr7q2ms5vlggx87r49pfqw9mhq-r-qCBA-1.0/nix-support/propagated-user-env-packages to be relative to /nix/store/k36psajr7q2ms5vlggx87r49pfqw9mhq-r-qCBA-1.0
