this derivation will be built:
  /nix/store/izqnr66g1x2xxcbqn16apyw9x45191rf-r-hydroroute-0.1.2.drv
this path will be fetched (0.98 MiB download, 0.99 MiB unpacked):
  /nix/store/cbgxs3xiv89h6a279r8nadiajq7rgsq1-hydroroute_0.1.2.tar.gz
copying path '/nix/store/cbgxs3xiv89h6a279r8nadiajq7rgsq1-hydroroute_0.1.2.tar.gz' from 'https://cache.nixos.org'...
building '/nix/store/izqnr66g1x2xxcbqn16apyw9x45191rf-r-hydroroute-0.1.2.drv'...
Running phase: unpackPhase
unpacking source archive /nix/store/cbgxs3xiv89h6a279r8nadiajq7rgsq1-hydroroute_0.1.2.tar.gz
source root is hydroroute
setting SOURCE_DATE_EPOCH to timestamp 1675862402 of file hydroroute/MD5
Running phase: patchPhase
Running phase: updateAutotoolsGnuConfigScriptsPhase
Running phase: configurePhase
Running phase: buildPhase
Running phase: checkPhase
Running phase: installPhase
* installing *source* package ‘hydroroute’ ...
** package ‘hydroroute’ correctement décompressé et sommes MD5 vérifiées
** using staged installation
** R
** inst
** byte-compile and prepare package for lazy loading
** help
*** installing help indices
** building package indices
** installing vignettes
** testing if installed package can be loaded from temporary location
** testing if installed package can be loaded from final location
** testing if installed package keeps a record of temporary installation path
* DONE (hydroroute)
Running phase: fixupPhase
checking for references to /private/tmp/nix-build-r-hydroroute-0.1.2.drv-0/ in /nix/store/8afv9v207sa8jhcb8kp6fjlgr8x4g7sv-r-hydroroute-0.1.2...
patching script interpreter paths in /nix/store/8afv9v207sa8jhcb8kp6fjlgr8x4g7sv-r-hydroroute-0.1.2
rewriting symlink /nix/store/8afv9v207sa8jhcb8kp6fjlgr8x4g7sv-r-hydroroute-0.1.2/nix-support/propagated-user-env-packages to be relative to /nix/store/8afv9v207sa8jhcb8kp6fjlgr8x4g7sv-r-hydroroute-0.1.2
