this derivation will be built:
  /nix/store/08c3jqkdfv3mr5pvhq197v30kwni2lnc-r-RobustLinearReg-1.2.0.drv
this path will be fetched (0.00 MiB download, 0.00 MiB unpacked):
  /nix/store/h1hi2z9bgvbvxq3cl0qpw6hwbkh6rwap-RobustLinearReg_1.2.0.tar.gz
copying path '/nix/store/h1hi2z9bgvbvxq3cl0qpw6hwbkh6rwap-RobustLinearReg_1.2.0.tar.gz' from 'https://cache.nixos.org'...
building '/nix/store/08c3jqkdfv3mr5pvhq197v30kwni2lnc-r-RobustLinearReg-1.2.0.drv'...
Running phase: unpackPhase
unpacking source archive /nix/store/h1hi2z9bgvbvxq3cl0qpw6hwbkh6rwap-RobustLinearReg_1.2.0.tar.gz
source root is RobustLinearReg
setting SOURCE_DATE_EPOCH to timestamp 1591957205 of file RobustLinearReg/MD5
Running phase: patchPhase
Running phase: updateAutotoolsGnuConfigScriptsPhase
Running phase: configurePhase
Running phase: buildPhase
Running phase: checkPhase
Running phase: installPhase
* installing *source* package ‘RobustLinearReg’ ...
** package ‘RobustLinearReg’ correctement décompressé et sommes MD5 vérifiées
** using staged installation
** R
** byte-compile and prepare package for lazy loading
** help
*** installing help indices
** building package indices
** testing if installed package can be loaded from temporary location
** testing if installed package can be loaded from final location
** testing if installed package keeps a record of temporary installation path
* DONE (RobustLinearReg)
Running phase: fixupPhase
checking for references to /private/tmp/nix-build-r-RobustLinearReg-1.2.0.drv-0/ in /nix/store/286nm41lcrnb3vdvlci7qp8gxaw0hdcp-r-RobustLinearReg-1.2.0...
patching script interpreter paths in /nix/store/286nm41lcrnb3vdvlci7qp8gxaw0hdcp-r-RobustLinearReg-1.2.0
