this derivation will be built:
  /nix/store/vmwba2js644p0svrq2jvmc8wldywfiag-r-twilio-0.1.0.drv
this path will be fetched (0.01 MiB download, 0.01 MiB unpacked):
  /nix/store/vnxiw14nnb72nk0igl6y0n1bs03cdj86-twilio_0.1.0.tar.gz
copying path '/nix/store/vnxiw14nnb72nk0igl6y0n1bs03cdj86-twilio_0.1.0.tar.gz' from 'https://cache.nixos.org'...
building '/nix/store/vmwba2js644p0svrq2jvmc8wldywfiag-r-twilio-0.1.0.drv'...
Running phase: unpackPhase
unpacking source archive /nix/store/vnxiw14nnb72nk0igl6y0n1bs03cdj86-twilio_0.1.0.tar.gz
source root is twilio
setting SOURCE_DATE_EPOCH to timestamp 1488806156 of file twilio/MD5
Running phase: patchPhase
Running phase: updateAutotoolsGnuConfigScriptsPhase
Running phase: configurePhase
Running phase: buildPhase
Running phase: checkPhase
Running phase: installPhase
* installing *source* package ‘twilio’ ...
** package ‘twilio’ correctement décompressé et sommes MD5 vérifiées
** using staged installation
** R
** byte-compile and prepare package for lazy loading
** help
*** installing help indices
** building package indices
** testing if installed package can be loaded from temporary location
** testing if installed package can be loaded from final location
** testing if installed package keeps a record of temporary installation path
* DONE (twilio)
Running phase: fixupPhase
checking for references to /private/tmp/nix-build-r-twilio-0.1.0.drv-0/ in /nix/store/0bxm2ybsx3p62x5ssgkcm7grh882x0p9-r-twilio-0.1.0...
patching script interpreter paths in /nix/store/0bxm2ybsx3p62x5ssgkcm7grh882x0p9-r-twilio-0.1.0
rewriting symlink /nix/store/0bxm2ybsx3p62x5ssgkcm7grh882x0p9-r-twilio-0.1.0/nix-support/propagated-user-env-packages to be relative to /nix/store/0bxm2ybsx3p62x5ssgkcm7grh882x0p9-r-twilio-0.1.0
