this derivation will be built:
  /nix/store/slv7nl0yy79vhc4kq6svpm7gq5k1d072-r-simboot-0.2-8.drv
this path will be fetched (0.03 MiB download, 0.03 MiB unpacked):
  /nix/store/4xpbkgvwbjjkv031klg7q55ppmkfc1nh-simboot_0.2-8.tar.gz
copying path '/nix/store/4xpbkgvwbjjkv031klg7q55ppmkfc1nh-simboot_0.2-8.tar.gz' from 'https://cache.nixos.org'...
building '/nix/store/slv7nl0yy79vhc4kq6svpm7gq5k1d072-r-simboot-0.2-8.drv'...
Running phase: unpackPhase
unpacking source archive /nix/store/4xpbkgvwbjjkv031klg7q55ppmkfc1nh-simboot_0.2-8.tar.gz
source root is simboot
setting SOURCE_DATE_EPOCH to timestamp 1707486002 of file simboot/MD5
Running phase: patchPhase
Running phase: updateAutotoolsGnuConfigScriptsPhase
Running phase: configurePhase
Running phase: buildPhase
Running phase: checkPhase
Running phase: installPhase
* installing *source* package ‘simboot’ ...
** package ‘simboot’ correctement décompressé et sommes MD5 vérifiées
** using staged installation
** R
** data
** byte-compile and prepare package for lazy loading
** help
*** installing help indices
** building package indices
** testing if installed package can be loaded from temporary location
** testing if installed package can be loaded from final location
** testing if installed package keeps a record of temporary installation path
* DONE (simboot)
Running phase: fixupPhase
checking for references to /private/tmp/nix-build-r-simboot-0.2-8.drv-0/ in /nix/store/akksq4sb15xv4rl8f5h1k2w5lbgcbqaz-r-simboot-0.2-8...
patching script interpreter paths in /nix/store/akksq4sb15xv4rl8f5h1k2w5lbgcbqaz-r-simboot-0.2-8
rewriting symlink /nix/store/akksq4sb15xv4rl8f5h1k2w5lbgcbqaz-r-simboot-0.2-8/nix-support/propagated-user-env-packages to be relative to /nix/store/akksq4sb15xv4rl8f5h1k2w5lbgcbqaz-r-simboot-0.2-8
