this derivation will be built:
  /nix/store/dyllm0lkr7g6ymn5macn030dxqbi7dn9-r-sambia-0.1.0.drv
this path will be fetched (0.01 MiB download, 0.01 MiB unpacked):
  /nix/store/4i26s9zkzidmw0n1x01ibfnggrpr9nw2-sambia_0.1.0.tar.gz
copying path '/nix/store/4i26s9zkzidmw0n1x01ibfnggrpr9nw2-sambia_0.1.0.tar.gz' from 'https://cache.nixos.org'...
building '/nix/store/dyllm0lkr7g6ymn5macn030dxqbi7dn9-r-sambia-0.1.0.drv'...
Running phase: unpackPhase
unpacking source archive /nix/store/4i26s9zkzidmw0n1x01ibfnggrpr9nw2-sambia_0.1.0.tar.gz
source root is sambia
setting SOURCE_DATE_EPOCH to timestamp 1528284477 of file sambia/MD5
Running phase: patchPhase
Running phase: updateAutotoolsGnuConfigScriptsPhase
Running phase: configurePhase
Running phase: buildPhase
Running phase: checkPhase
Running phase: installPhase
* installing *source* package ‘sambia’ ...
** package ‘sambia’ correctement décompressé et sommes MD5 vérifiées
** using staged installation
** R
** byte-compile and prepare package for lazy loading
** help
*** installing help indices
** building package indices
** testing if installed package can be loaded from temporary location
** testing if installed package can be loaded from final location
** testing if installed package keeps a record of temporary installation path
* DONE (sambia)
Running phase: fixupPhase
checking for references to /private/tmp/nix-build-r-sambia-0.1.0.drv-0/ in /nix/store/9jvdg7p6ra4gnv6ddcjaryygnnmdfv7s-r-sambia-0.1.0...
patching script interpreter paths in /nix/store/9jvdg7p6ra4gnv6ddcjaryygnnmdfv7s-r-sambia-0.1.0
rewriting symlink /nix/store/9jvdg7p6ra4gnv6ddcjaryygnnmdfv7s-r-sambia-0.1.0/nix-support/propagated-user-env-packages to be relative to /nix/store/9jvdg7p6ra4gnv6ddcjaryygnnmdfv7s-r-sambia-0.1.0
