this derivation will be built:
  /nix/store/k0fspmrgyfgrsx54bimm63rfdyy3a9sz-r-Ropj-0.3-5.drv
this path will be fetched (0.08 MiB download, 0.08 MiB unpacked):
  /nix/store/0916xq78i3hi9zbfbbd4k30vmsfsvln8-Ropj_0.3-5.tar.gz
copying path '/nix/store/0916xq78i3hi9zbfbbd4k30vmsfsvln8-Ropj_0.3-5.tar.gz' from 'https://cache.nixos.org'...
building '/nix/store/k0fspmrgyfgrsx54bimm63rfdyy3a9sz-r-Ropj-0.3-5.drv'...
Running phase: unpackPhase
unpacking source archive /nix/store/0916xq78i3hi9zbfbbd4k30vmsfsvln8-Ropj_0.3-5.tar.gz
source root is Ropj
setting SOURCE_DATE_EPOCH to timestamp 1710426606 of file Ropj/MD5
Running phase: patchPhase
Running phase: updateAutotoolsGnuConfigScriptsPhase
Running phase: configurePhase
Running phase: buildPhase
Running phase: checkPhase
Running phase: installPhase
* installing *source* package ‘Ropj’ ...
** package ‘Ropj’ correctement décompressé et sommes MD5 vérifiées
** using staged installation
** libs
using C++ compiler: ‘clang version 16.0.6’
using SDK: ‘’
/nix/store/v39c0h6xv6hvki2k1bsyp5n090q8y2bp-clang-wrapper-16.0.6/bin/c++ -std=gnu++17 -I"/nix/store/lir8rmsk7dxbj7v1spqmv69z4mafg16l-R-4.4.2/lib/R/include" -DNDEBUG -I . -I liborigin -I'/nix/store/da7yi2xf3argx9hlnn3f0k95b8y1yx2l-r-Rcpp-1.0.13-1/library/Rcpp/include' -isystem /nix/store/0mmz5i705116bfykc7i1r9jxqwyghj2a-libcxx-16.0.6-dev/include/c++/v1    -fPIC  -g -O2   -c liborigin.cpp -o liborigin.o
/nix/store/v39c0h6xv6hvki2k1bsyp5n090q8y2bp-clang-wrapper-16.0.6/bin/c++ -std=gnu++17 -I"/nix/store/lir8rmsk7dxbj7v1spqmv69z4mafg16l-R-4.4.2/lib/R/include" -DNDEBUG -I . -I liborigin -I'/nix/store/da7yi2xf3argx9hlnn3f0k95b8y1yx2l-r-Rcpp-1.0.13-1/library/Rcpp/include' -isystem /nix/store/0mmz5i705116bfykc7i1r9jxqwyghj2a-libcxx-16.0.6-dev/include/c++/v1    -fPIC  -g -O2   -c RcppExports.cpp -o RcppExports.o
/nix/store/v39c0h6xv6hvki2k1bsyp5n090q8y2bp-clang-wrapper-16.0.6/bin/c++ -std=gnu++17 -I"/nix/store/lir8rmsk7dxbj7v1spqmv69z4mafg16l-R-4.4.2/lib/R/include" -DNDEBUG -I . -I liborigin -I'/nix/store/da7yi2xf3argx9hlnn3f0k95b8y1yx2l-r-Rcpp-1.0.13-1/library/Rcpp/include' -isystem /nix/store/0mmz5i705116bfykc7i1r9jxqwyghj2a-libcxx-16.0.6-dev/include/c++/v1    -fPIC  -g -O2   -c read_opj.cpp -o read_opj.o
/nix/store/v39c0h6xv6hvki2k1bsyp5n090q8y2bp-clang-wrapper-16.0.6/bin/c++ -std=gnu++17 -dynamiclib -Wl,-headerpad_max_install_names -undefined dynamic_lookup -L/nix/store/lir8rmsk7dxbj7v1spqmv69z4mafg16l-R-4.4.2/lib/R/lib -L/nix/store/88xkgzh5g9xppsg3hdxxxh9q43rnxk6k-libcxx-16.0.6/lib -o Ropj.so liborigin.o RcppExports.o read_opj.o -L/nix/store/lir8rmsk7dxbj7v1spqmv69z4mafg16l-R-4.4.2/lib/R/lib -lR -lintl -Wl,-framework -Wl,CoreFoundation
installing to /nix/store/f7v6n5n8kpjw7n9h01a7a2liydkgw1j2-r-Ropj-0.3-5/library/00LOCK-Ropj/00new/Ropj/libs
** R
** inst
** byte-compile and prepare package for lazy loading
** help
*** installing help indices
** building package indices
** testing if installed package can be loaded from temporary location
** checking absolute paths in shared objects and dynamic libraries
** testing if installed package can be loaded from final location
** testing if installed package keeps a record of temporary installation path
* DONE (Ropj)
Running phase: fixupPhase
checking for references to /private/tmp/nix-build-r-Ropj-0.3-5.drv-0/ in /nix/store/f7v6n5n8kpjw7n9h01a7a2liydkgw1j2-r-Ropj-0.3-5...
patching script interpreter paths in /nix/store/f7v6n5n8kpjw7n9h01a7a2liydkgw1j2-r-Ropj-0.3-5
rewriting symlink /nix/store/f7v6n5n8kpjw7n9h01a7a2liydkgw1j2-r-Ropj-0.3-5/nix-support/propagated-user-env-packages to be relative to /nix/store/f7v6n5n8kpjw7n9h01a7a2liydkgw1j2-r-Ropj-0.3-5
