these 2 derivations will be built:
  /nix/store/kxdrrl3kzqyvpjw93nz91h6m2304a9md-r-scDHA-1.2.2.drv
  /nix/store/hmnxwwgpr9ln4kff27n21mzhmky3jm0x-r-scCAN-1.0.5.drv
these 2 paths will be fetched (6.62 MiB download, 6.62 MiB unpacked):
  /nix/store/ffspfi4r294987b4g246wmcfgi2zv46c-scCAN_1.0.5.tar.gz
  /nix/store/mib8f4hdk3b34c8wy02ywx9af2n6ij07-scDHA_1.2.2.tar.gz
copying path '/nix/store/ffspfi4r294987b4g246wmcfgi2zv46c-scCAN_1.0.5.tar.gz' from 'https://cache.nixos.org'...
copying path '/nix/store/mib8f4hdk3b34c8wy02ywx9af2n6ij07-scDHA_1.2.2.tar.gz' from 'https://cache.nixos.org'...
building '/nix/store/kxdrrl3kzqyvpjw93nz91h6m2304a9md-r-scDHA-1.2.2.drv'...
Running phase: unpackPhase
unpacking source archive /nix/store/mib8f4hdk3b34c8wy02ywx9af2n6ij07-scDHA_1.2.2.tar.gz
source root is scDHA
setting SOURCE_DATE_EPOCH to timestamp 1712097723 of file scDHA/MD5
Running phase: patchPhase
Running phase: updateAutotoolsGnuConfigScriptsPhase
Running phase: configurePhase
Running phase: buildPhase
Running phase: checkPhase
Running phase: installPhase
* installing *source* package ‘scDHA’ ...
** package ‘scDHA’ correctement décompressé et sommes MD5 vérifiées
** using staged installation
** libs
using C++ compiler: ‘clang version 16.0.6’
using SDK: ‘’
/nix/store/v39c0h6xv6hvki2k1bsyp5n090q8y2bp-clang-wrapper-16.0.6/bin/c++ -std=gnu++17 -I"/nix/store/lir8rmsk7dxbj7v1spqmv69z4mafg16l-R-4.4.2/lib/R/include" -DNDEBUG -DARMA_64BIT_WORD=1 -I'/nix/store/da7yi2xf3argx9hlnn3f0k95b8y1yx2l-r-Rcpp-1.0.13-1/library/Rcpp/include' -I'/nix/store/4w8j39mxla47i5piv5f0z7cwxnb50wds-r-RcppArmadillo-14.2.0-1/library/RcppArmadillo/include' -I'/nix/store/hcy2j5h598wrllhahyda4wgs43s3fybd-r-RcppParallel-5.1.9/library/RcppParallel/include' -I'/nix/store/5jb5ld5737vrrkl3zp68s03vn0jvarzf-r-RcppAnnoy-0.0.22/library/RcppAnnoy/include' -isystem /nix/store/0mmz5i705116bfykc7i1r9jxqwyghj2a-libcxx-16.0.6-dev/include/c++/v1    -fPIC  -g -O2   -c RcppExports.cpp -o RcppExports.o
/nix/store/v39c0h6xv6hvki2k1bsyp5n090q8y2bp-clang-wrapper-16.0.6/bin/c++ -std=gnu++17 -I"/nix/store/lir8rmsk7dxbj7v1spqmv69z4mafg16l-R-4.4.2/lib/R/include" -DNDEBUG -DARMA_64BIT_WORD=1 -I'/nix/store/da7yi2xf3argx9hlnn3f0k95b8y1yx2l-r-Rcpp-1.0.13-1/library/Rcpp/include' -I'/nix/store/4w8j39mxla47i5piv5f0z7cwxnb50wds-r-RcppArmadillo-14.2.0-1/library/RcppArmadillo/include' -I'/nix/store/hcy2j5h598wrllhahyda4wgs43s3fybd-r-RcppParallel-5.1.9/library/RcppParallel/include' -I'/nix/store/5jb5ld5737vrrkl3zp68s03vn0jvarzf-r-RcppAnnoy-0.0.22/library/RcppAnnoy/include' -isystem /nix/store/0mmz5i705116bfykc7i1r9jxqwyghj2a-libcxx-16.0.6-dev/include/c++/v1    -fPIC  -g -O2   -c Support.cpp -o Support.o
/nix/store/v39c0h6xv6hvki2k1bsyp5n090q8y2bp-clang-wrapper-16.0.6/bin/c++ -std=gnu++17 -dynamiclib -Wl,-headerpad_max_install_names -undefined dynamic_lookup -L/nix/store/lir8rmsk7dxbj7v1spqmv69z4mafg16l-R-4.4.2/lib/R/lib -L/nix/store/88xkgzh5g9xppsg3hdxxxh9q43rnxk6k-libcxx-16.0.6/lib -o scDHA.so RcppExports.o Support.o -L/nix/store/plkk3bwn0g0v67pfc4f8j0sixxwdn01f-lapack-3/lib -llapack -L/nix/store/p8mgb558fybdfiqvcc64jaxzgh3c2yms-blas-3/lib -lblas -L/nix/store/h84vsys3h7wkvnwhx3fz6ynrlpla2mpv-gfortran-13.3.0-lib/lib -L/nix/store/3awww7sqz8gygkr9hw5s7wd57iwz1qg3-cctools-binutils-darwin-wrapper-1010.6/bin -L/nix/store/kwlx6bz5n81gqa9kyx6207rzp0yq0pj4-gfortran-13.3.0/lib/gcc/aarch64-apple-darwin/13.3.0 -L/nix/store/kwlx6bz5n81gqa9kyx6207rzp0yq0pj4-gfortran-13.3.0/lib -lemutls_w -lheapt_w -lintl -lgfortran -lquadmath -L/nix/store/hcy2j5h598wrllhahyda4wgs43s3fybd-r-RcppParallel-5.1.9/library/RcppParallel/lib -ltbb -ltbbmalloc -L/nix/store/lir8rmsk7dxbj7v1spqmv69z4mafg16l-R-4.4.2/lib/R/lib -lR -lintl -Wl,-framework -Wl,CoreFoundation
ld: warning: could not create compact unwind for ___emutls_get_address: does not use standard frame
ld: warning: could not create compact unwind for _allocate_tramp_ctrl: does not use standard frame
ld: warning: could not create compact unwind for ___gcc_nested_func_ptr_created: does not use standard frame
ld: warning: could not create compact unwind for ___gcc_nested_func_ptr_deleted: does not use standard frame
installing to /nix/store/0p67ri438yb8har23mhv0hwlfz0x0b83-r-scDHA-1.2.2/library/00LOCK-scDHA/00new/scDHA/libs
** R
** data
*** moving datasets to lazyload DB
** inst
** byte-compile and prepare package for lazy loading
** help
*** installing help indices
** building package indices
** installing vignettes
** testing if installed package can be loaded from temporary location
** checking absolute paths in shared objects and dynamic libraries
** testing if installed package can be loaded from final location
** testing if installed package keeps a record of temporary installation path
* DONE (scDHA)
Running phase: fixupPhase
checking for references to /private/tmp/nix-build-r-scDHA-1.2.2.drv-0/ in /nix/store/0p67ri438yb8har23mhv0hwlfz0x0b83-r-scDHA-1.2.2...
patching script interpreter paths in /nix/store/0p67ri438yb8har23mhv0hwlfz0x0b83-r-scDHA-1.2.2
rewriting symlink /nix/store/0p67ri438yb8har23mhv0hwlfz0x0b83-r-scDHA-1.2.2/nix-support/propagated-user-env-packages to be relative to /nix/store/0p67ri438yb8har23mhv0hwlfz0x0b83-r-scDHA-1.2.2
building '/nix/store/hmnxwwgpr9ln4kff27n21mzhmky3jm0x-r-scCAN-1.0.5.drv'...
Running phase: unpackPhase
unpacking source archive /nix/store/ffspfi4r294987b4g246wmcfgi2zv46c-scCAN_1.0.5.tar.gz
source root is scCAN
setting SOURCE_DATE_EPOCH to timestamp 1718301602 of file scCAN/MD5
Running phase: patchPhase
Running phase: updateAutotoolsGnuConfigScriptsPhase
Running phase: configurePhase
Running phase: buildPhase
Running phase: checkPhase
Running phase: installPhase
* installing *source* package ‘scCAN’ ...
** package ‘scCAN’ correctement décompressé et sommes MD5 vérifiées
** using staged installation
** R
** data
*** moving datasets to lazyload DB
** inst
** byte-compile and prepare package for lazy loading
** help
*** installing help indices
** building package indices
** installing vignettes
** testing if installed package can be loaded from temporary location
** testing if installed package can be loaded from final location
** testing if installed package keeps a record of temporary installation path
* DONE (scCAN)
Running phase: fixupPhase
checking for references to /private/tmp/nix-build-r-scCAN-1.0.5.drv-0/ in /nix/store/anph1v82mp8f9drn8avzg6phz85n9al7-r-scCAN-1.0.5...
patching script interpreter paths in /nix/store/anph1v82mp8f9drn8avzg6phz85n9al7-r-scCAN-1.0.5
rewriting symlink /nix/store/anph1v82mp8f9drn8avzg6phz85n9al7-r-scCAN-1.0.5/nix-support/propagated-user-env-packages to be relative to /nix/store/anph1v82mp8f9drn8avzg6phz85n9al7-r-scCAN-1.0.5
