this derivation will be built:
  /nix/store/wdjwwmlr5y5d665wpa6wsxyzpw3vmf14-r-reslr-0.1.1.drv
this path will be fetched (2.67 MiB download, 2.67 MiB unpacked):
  /nix/store/02r962kh587xlgcn3ghzkc5wxmvw2296-reslr_0.1.1.tar.gz
copying path '/nix/store/02r962kh587xlgcn3ghzkc5wxmvw2296-reslr_0.1.1.tar.gz' from 'https://cache.nixos.org'...
building '/nix/store/wdjwwmlr5y5d665wpa6wsxyzpw3vmf14-r-reslr-0.1.1.drv'...
Running phase: unpackPhase
unpacking source archive /nix/store/02r962kh587xlgcn3ghzkc5wxmvw2296-reslr_0.1.1.tar.gz
source root is reslr
setting SOURCE_DATE_EPOCH to timestamp 1686849602 of file reslr/MD5
Running phase: patchPhase
Running phase: updateAutotoolsGnuConfigScriptsPhase
Running phase: configurePhase
Running phase: buildPhase
Running phase: checkPhase
Running phase: installPhase
* installing *source* package ‘reslr’ ...
** package ‘reslr’ correctement décompressé et sommes MD5 vérifiées
** using staged installation
** R
** data
*** moving datasets to lazyload DB
** inst
** byte-compile and prepare package for lazy loading
** help
*** installing help indices
** building package indices
** installing vignettes
** testing if installed package can be loaded from temporary location
** testing if installed package can be loaded from final location
** testing if installed package keeps a record of temporary installation path
* DONE (reslr)
Running phase: fixupPhase
checking for references to /private/tmp/nix-build-r-reslr-0.1.1.drv-0/ in /nix/store/dkcck268yc4c3bizb32jyxy0618lj5wh-r-reslr-0.1.1...
patching script interpreter paths in /nix/store/dkcck268yc4c3bizb32jyxy0618lj5wh-r-reslr-0.1.1
rewriting symlink /nix/store/dkcck268yc4c3bizb32jyxy0618lj5wh-r-reslr-0.1.1/nix-support/propagated-user-env-packages to be relative to /nix/store/dkcck268yc4c3bizb32jyxy0618lj5wh-r-reslr-0.1.1
