these 3 derivations will be built:
  /nix/store/v3yz2cgiwn3fqyyad8ghzv5zlq374wgz-r-RMark-3.0.0.drv
  /nix/store/zchfar85wxakmdayl0bsljzyzqyvv3vx-r-ncf-1.3-2.drv
  /nix/store/axa0c1bm5ih7w6vk8v7rj7jwcx2935dm-r-MigConnectivity-0.4.7.drv
these 3 paths will be fetched (3.62 MiB download, 3.63 MiB unpacked):
  /nix/store/nizmbh3caz8c95srm43vcldr18vxf03b-MigConnectivity_0.4.7.tar.gz
  /nix/store/ryyc13knn1z1gskd795iqaxc9k7zfiv0-RMark_3.0.0.tar.gz
  /nix/store/1k3ppd2wyvhr1f17np97493j2irh4iv4-ncf_1.3-2.tar.gz
copying path '/nix/store/nizmbh3caz8c95srm43vcldr18vxf03b-MigConnectivity_0.4.7.tar.gz' from 'https://cache.nixos.org'...
copying path '/nix/store/ryyc13knn1z1gskd795iqaxc9k7zfiv0-RMark_3.0.0.tar.gz' from 'https://cache.nixos.org'...
copying path '/nix/store/1k3ppd2wyvhr1f17np97493j2irh4iv4-ncf_1.3-2.tar.gz' from 'https://cache.nixos.org'...
building '/nix/store/zchfar85wxakmdayl0bsljzyzqyvv3vx-r-ncf-1.3-2.drv'...
building '/nix/store/v3yz2cgiwn3fqyyad8ghzv5zlq374wgz-r-RMark-3.0.0.drv'...
Running phase: unpackPhase
unpacking source archive /nix/store/1k3ppd2wyvhr1f17np97493j2irh4iv4-ncf_1.3-2.tar.gz
source root is ncf
setting SOURCE_DATE_EPOCH to timestamp 1651937402 of file ncf/MD5
Running phase: patchPhase
Running phase: updateAutotoolsGnuConfigScriptsPhase
Running phase: configurePhase
Running phase: buildPhase
Running phase: checkPhase
Running phase: installPhase
Running phase: unpackPhase
unpacking source archive /nix/store/ryyc13knn1z1gskd795iqaxc9k7zfiv0-RMark_3.0.0.tar.gz
source root is RMark
* installing *source* package ‘ncf’ ...
** package ‘ncf’ correctement décompressé et sommes MD5 vérifiées
** using staged installation
setting SOURCE_DATE_EPOCH to timestamp 1660434002 of file RMark/MD5
** R
Running phase: patchPhase
** data
** byte-compile and prepare package for lazy loading
Running phase: updateAutotoolsGnuConfigScriptsPhase
Running phase: configurePhase
Running phase: buildPhase
Running phase: checkPhase
Running phase: installPhase
* installing *source* package ‘RMark’ ...
** package ‘RMark’ correctement décompressé et sommes MD5 vérifiées
** using staged installation
** R
** data
** inst
** byte-compile and prepare package for lazy loading
** help
*** installing help indices
** building package indices
** testing if installed package can be loaded from temporary location
** testing if installed package can be loaded from final location
** testing if installed package keeps a record of temporary installation path
* DONE (ncf)
Running phase: fixupPhase
checking for references to /private/tmp/nix-build-r-ncf-1.3-2.drv-0/ in /nix/store/r68bpw7zp044v1q9h9acvr0ysv5az7ki-r-ncf-1.3-2...
patching script interpreter paths in /nix/store/r68bpw7zp044v1q9h9acvr0ysv5az7ki-r-ncf-1.3-2
** help
*** installing help indices
** building package indices
** testing if installed package can be loaded from temporary location
Warning: Software mark not found in path.
         If you have mark executable, you will need to set MarkPath object to its location (e.g. MarkPath="C:/Users/Jeff Laake/Desktop"
** testing if installed package can be loaded from final location
Warning: Software mark not found in path.
         If you have mark executable, you will need to set MarkPath object to its location (e.g. MarkPath="C:/Users/Jeff Laake/Desktop"
** testing if installed package keeps a record of temporary installation path
* DONE (RMark)
Running phase: fixupPhase
checking for references to /private/tmp/nix-build-r-RMark-3.0.0.drv-0/ in /nix/store/fakll17yxgyqaabphi24kir2vni6yy91-r-RMark-3.0.0...
patching script interpreter paths in /nix/store/fakll17yxgyqaabphi24kir2vni6yy91-r-RMark-3.0.0
rewriting symlink /nix/store/fakll17yxgyqaabphi24kir2vni6yy91-r-RMark-3.0.0/nix-support/propagated-user-env-packages to be relative to /nix/store/fakll17yxgyqaabphi24kir2vni6yy91-r-RMark-3.0.0
building '/nix/store/axa0c1bm5ih7w6vk8v7rj7jwcx2935dm-r-MigConnectivity-0.4.7.drv'...
Running phase: unpackPhase
unpacking source archive /nix/store/nizmbh3caz8c95srm43vcldr18vxf03b-MigConnectivity_0.4.7.tar.gz
source root is MigConnectivity
setting SOURCE_DATE_EPOCH to timestamp 1711474802 of file MigConnectivity/MD5
Running phase: patchPhase
Running phase: updateAutotoolsGnuConfigScriptsPhase
Running phase: configurePhase
Running phase: buildPhase
Running phase: checkPhase
Running phase: installPhase
* installing *source* package ‘MigConnectivity’ ...
** package ‘MigConnectivity’ correctement décompressé et sommes MD5 vérifiées
** using staged installation
** R
** data
*** moving datasets to lazyload DB
** inst
** byte-compile and prepare package for lazy loading
** help
*** installing help indices
** building package indices
** installing vignettes
** testing if installed package can be loaded from temporary location
** testing if installed package can be loaded from final location
** testing if installed package keeps a record of temporary installation path
* DONE (MigConnectivity)
Running phase: fixupPhase
checking for references to /private/tmp/nix-build-r-MigConnectivity-0.4.7.drv-0/ in /nix/store/5d1pnsw049qanyxk34d5w52w0kib2cyh-r-MigConnectivity-0.4.7...
patching script interpreter paths in /nix/store/5d1pnsw049qanyxk34d5w52w0kib2cyh-r-MigConnectivity-0.4.7
rewriting symlink /nix/store/5d1pnsw049qanyxk34d5w52w0kib2cyh-r-MigConnectivity-0.4.7/nix-support/propagated-user-env-packages to be relative to /nix/store/5d1pnsw049qanyxk34d5w52w0kib2cyh-r-MigConnectivity-0.4.7
