this derivation will be built:
  /nix/store/xhwnbffk1n3q3abn8m7z5a26mvyfy2ir-r-clarifai-0.4.2.drv
building '/nix/store/xhwnbffk1n3q3abn8m7z5a26mvyfy2ir-r-clarifai-0.4.2.drv'...
Running phase: unpackPhase
unpacking source archive /nix/store/vv4z10qa9v9b8yh8fqf6kmkdzvisc6vj-clarifai_0.4.2.tar.gz
source root is clarifai
setting SOURCE_DATE_EPOCH to timestamp 1492004475 of file clarifai/MD5
Running phase: patchPhase
Running phase: updateAutotoolsGnuConfigScriptsPhase
Running phase: configurePhase
Running phase: buildPhase
Running phase: checkPhase
Running phase: installPhase
* installing *source* package ‘clarifai’ ...
** package ‘clarifai’ correctement décompressé et sommes MD5 vérifiées
** using staged installation
** R
** inst
** byte-compile and prepare package for lazy loading
** help
*** installing help indices
** building package indices
** installing vignettes
** testing if installed package can be loaded from temporary location
** testing if installed package can be loaded from final location
** testing if installed package keeps a record of temporary installation path
* DONE (clarifai)
Running phase: fixupPhase
checking for references to /private/tmp/nix-build-r-clarifai-0.4.2.drv-0/ in /nix/store/4i8swn51pnc2vl5f7py72ic5g6vhgydv-r-clarifai-0.4.2...
patching script interpreter paths in /nix/store/4i8swn51pnc2vl5f7py72ic5g6vhgydv-r-clarifai-0.4.2
rewriting symlink /nix/store/4i8swn51pnc2vl5f7py72ic5g6vhgydv-r-clarifai-0.4.2/nix-support/propagated-user-env-packages to be relative to /nix/store/4i8swn51pnc2vl5f7py72ic5g6vhgydv-r-clarifai-0.4.2
