these 2 derivations will be built:
  /nix/store/zxc3a2ahxl4a9ix0ygawlyzd93q4jldn-Xplortext_1.5.5.tar.gz.drv
  /nix/store/8c3j85ii6n9wxgbg0i8lwgiqywncni95-r-Xplortext-1.5.5.drv
building '/nix/store/zxc3a2ahxl4a9ix0ygawlyzd93q4jldn-Xplortext_1.5.5.tar.gz.drv'...

trying https://cran.r-project.org/src/contrib/Xplortext_1.5.5.tar.gz
  % Total    % Received % Xferd  Average Speed   Time    Time     Time  Current
                                 Dload  Upload   Total   Spent    Left  Speed
100  319k  100  319k    0     0  1598k      0 --:--:-- --:--:-- --:--:-- 1597k
building '/nix/store/8c3j85ii6n9wxgbg0i8lwgiqywncni95-r-Xplortext-1.5.5.drv'...
Running phase: unpackPhase
unpacking source archive /nix/store/z4nrd8gp6l61hw97hsb83bzyh8xd1wiw-Xplortext_1.5.5.tar.gz
source root is Xplortext
setting SOURCE_DATE_EPOCH to timestamp 1731487802 of file Xplortext/MD5
Running phase: patchPhase
Running phase: updateAutotoolsGnuConfigScriptsPhase
Running phase: configurePhase
Running phase: buildPhase
Running phase: checkPhase
Running phase: installPhase
* installing *source* package ‘Xplortext’ ...
** package ‘Xplortext’ correctement décompressé et sommes MD5 vérifiées
** using staged installation
** R
** data
** inst
** byte-compile and prepare package for lazy loading
** help
*** installing help indices
** building package indices
** testing if installed package can be loaded from temporary location
** testing if installed package can be loaded from final location
** testing if installed package keeps a record of temporary installation path
* DONE (Xplortext)
Running phase: fixupPhase
checking for references to /private/tmp/nix-build-r-Xplortext-1.5.5.drv-0/ in /nix/store/dfrvxy5jysbrgqzba970lz4p1xzi7j15-r-Xplortext-1.5.5...
patching script interpreter paths in /nix/store/dfrvxy5jysbrgqzba970lz4p1xzi7j15-r-Xplortext-1.5.5
rewriting symlink /nix/store/dfrvxy5jysbrgqzba970lz4p1xzi7j15-r-Xplortext-1.5.5/nix-support/propagated-user-env-packages to be relative to /nix/store/dfrvxy5jysbrgqzba970lz4p1xzi7j15-r-Xplortext-1.5.5
