this derivation will be built:
  /nix/store/h25hgqs3rdqwm0nlh1q9dpyndj6lmil8-r-rrscale-1.0.drv
this path will be fetched (0.54 MiB download, 0.54 MiB unpacked):
  /nix/store/9hmqfvldysymp2k58ggg29j01yp5jl3s-rrscale_1.0.tar.gz
copying path '/nix/store/9hmqfvldysymp2k58ggg29j01yp5jl3s-rrscale_1.0.tar.gz' from 'https://cache.nixos.org'...
building '/nix/store/h25hgqs3rdqwm0nlh1q9dpyndj6lmil8-r-rrscale-1.0.drv'...
Running phase: unpackPhase
unpacking source archive /nix/store/9hmqfvldysymp2k58ggg29j01yp5jl3s-rrscale_1.0.tar.gz
source root is rrscale
setting SOURCE_DATE_EPOCH to timestamp 1590492602 of file rrscale/MD5
Running phase: patchPhase
Running phase: updateAutotoolsGnuConfigScriptsPhase
Running phase: configurePhase
Running phase: buildPhase
Running phase: checkPhase
Running phase: installPhase
* installing *source* package ‘rrscale’ ...
** package ‘rrscale’ correctement décompressé et sommes MD5 vérifiées
** using staged installation
** R
** inst
** byte-compile and prepare package for lazy loading
** help
*** installing help indices
** building package indices
** installing vignettes
** testing if installed package can be loaded from temporary location
** testing if installed package can be loaded from final location
** testing if installed package keeps a record of temporary installation path
* DONE (rrscale)
Running phase: fixupPhase
checking for references to /private/tmp/nix-build-r-rrscale-1.0.drv-0/ in /nix/store/49iyzp2qhx611gy66v3gysyx13nhaiw2-r-rrscale-1.0...
patching script interpreter paths in /nix/store/49iyzp2qhx611gy66v3gysyx13nhaiw2-r-rrscale-1.0
rewriting symlink /nix/store/49iyzp2qhx611gy66v3gysyx13nhaiw2-r-rrscale-1.0/nix-support/propagated-user-env-packages to be relative to /nix/store/49iyzp2qhx611gy66v3gysyx13nhaiw2-r-rrscale-1.0
