this derivation will be built:
  /nix/store/ijwxi066xw7rwh0gz6m4nz9rnszbfnly-r-ROI.plugin.nloptr-1.0-1.drv
this path will be fetched (0.01 MiB download, 0.01 MiB unpacked):
  /nix/store/lnvk622qynk3qsh8vdbq40f3lmf4jch4-ROI.plugin.nloptr_1.0-1.tar.gz
copying path '/nix/store/lnvk622qynk3qsh8vdbq40f3lmf4jch4-ROI.plugin.nloptr_1.0-1.tar.gz' from 'https://cache.nixos.org'...
building '/nix/store/ijwxi066xw7rwh0gz6m4nz9rnszbfnly-r-ROI.plugin.nloptr-1.0-1.drv'...
Running phase: unpackPhase
unpacking source archive /nix/store/lnvk622qynk3qsh8vdbq40f3lmf4jch4-ROI.plugin.nloptr_1.0-1.tar.gz
source root is ROI.plugin.nloptr
setting SOURCE_DATE_EPOCH to timestamp 1688659805 of file ROI.plugin.nloptr/MD5
Running phase: patchPhase
Running phase: updateAutotoolsGnuConfigScriptsPhase
Running phase: configurePhase
Running phase: buildPhase
Running phase: checkPhase
Running phase: installPhase
* installing *source* package ‘ROI.plugin.nloptr’ ...
** package ‘ROI.plugin.nloptr’ correctement décompressé et sommes MD5 vérifiées
** using staged installation
** R
** byte-compile and prepare package for lazy loading
** help
*** installing help indices
** building package indices
** testing if installed package can be loaded from temporary location
** testing if installed package can be loaded from final location
** testing if installed package keeps a record of temporary installation path
* DONE (ROI.plugin.nloptr)
Running phase: fixupPhase
checking for references to /private/tmp/nix-build-r-ROI.plugin.nloptr-1.0-1.drv-0/ in /nix/store/vwghd6f3nxdb6hh056xpakh8wp6k0zvs-r-ROI.plugin.nloptr-1.0-1...
patching script interpreter paths in /nix/store/vwghd6f3nxdb6hh056xpakh8wp6k0zvs-r-ROI.plugin.nloptr-1.0-1
rewriting symlink /nix/store/vwghd6f3nxdb6hh056xpakh8wp6k0zvs-r-ROI.plugin.nloptr-1.0-1/nix-support/propagated-user-env-packages to be relative to /nix/store/vwghd6f3nxdb6hh056xpakh8wp6k0zvs-r-ROI.plugin.nloptr-1.0-1
