this derivation will be built:
  /nix/store/ycrdka8dk6mkqdp06k57hj05pn51lidm-r-pkgverse-0.0.1.drv
this path will be fetched (0.16 MiB download, 0.16 MiB unpacked):
  /nix/store/7lrynblh364wpbqs87axycg17c7kfxzg-pkgverse_0.0.1.tar.gz
copying path '/nix/store/7lrynblh364wpbqs87axycg17c7kfxzg-pkgverse_0.0.1.tar.gz' from 'https://cache.nixos.org'...
building '/nix/store/ycrdka8dk6mkqdp06k57hj05pn51lidm-r-pkgverse-0.0.1.drv'...
Running phase: unpackPhase
unpacking source archive /nix/store/7lrynblh364wpbqs87axycg17c7kfxzg-pkgverse_0.0.1.tar.gz
source root is pkgverse
setting SOURCE_DATE_EPOCH to timestamp 1542186606 of file pkgverse/MD5
Running phase: patchPhase
Running phase: updateAutotoolsGnuConfigScriptsPhase
Running phase: configurePhase
Running phase: buildPhase
Running phase: checkPhase
Running phase: installPhase
* installing *source* package ‘pkgverse’ ...
** package ‘pkgverse’ correctement décompressé et sommes MD5 vérifiées
** using staged installation
** R
** byte-compile and prepare package for lazy loading
** help
*** installing help indices
*** copying figures
** building package indices
** testing if installed package can be loaded from temporary location
** testing if installed package can be loaded from final location
** testing if installed package keeps a record of temporary installation path
* DONE (pkgverse)
Running phase: fixupPhase
checking for references to /private/tmp/nix-build-r-pkgverse-0.0.1.drv-0/ in /nix/store/6b1bakkhy1zx6n03zfikx504dv2wxi7d-r-pkgverse-0.0.1...
patching script interpreter paths in /nix/store/6b1bakkhy1zx6n03zfikx504dv2wxi7d-r-pkgverse-0.0.1
rewriting symlink /nix/store/6b1bakkhy1zx6n03zfikx504dv2wxi7d-r-pkgverse-0.0.1/nix-support/propagated-user-env-packages to be relative to /nix/store/6b1bakkhy1zx6n03zfikx504dv2wxi7d-r-pkgverse-0.0.1
