this derivation will be built:
  /nix/store/5dss45zdk1dhh35pvfcks0q4m7xl8xry-r-lterpalettefinder-1.1.0.drv
this path will be fetched (3.99 MiB download, 4.48 MiB unpacked):
  /nix/store/bmbs77rvb8ng6nq1n5dknl1lqn2qj7rp-lterpalettefinder_1.1.0.tar.gz
copying path '/nix/store/bmbs77rvb8ng6nq1n5dknl1lqn2qj7rp-lterpalettefinder_1.1.0.tar.gz' from 'https://cache.nixos.org'...
building '/nix/store/5dss45zdk1dhh35pvfcks0q4m7xl8xry-r-lterpalettefinder-1.1.0.drv'...
Running phase: unpackPhase
unpacking source archive /nix/store/bmbs77rvb8ng6nq1n5dknl1lqn2qj7rp-lterpalettefinder_1.1.0.tar.gz
source root is lterpalettefinder
setting SOURCE_DATE_EPOCH to timestamp 1674234002 of file lterpalettefinder/MD5
Running phase: patchPhase
Running phase: updateAutotoolsGnuConfigScriptsPhase
Running phase: configurePhase
Running phase: buildPhase
Running phase: checkPhase
Running phase: installPhase
* installing *source* package ‘lterpalettefinder’ ...
** package ‘lterpalettefinder’ correctement décompressé et sommes MD5 vérifiées
** using staged installation
** R
** data
*** moving datasets to lazyload DB
** inst
** byte-compile and prepare package for lazy loading
** help
*** installing help indices
*** copying figures
** building package indices
** installing vignettes
** testing if installed package can be loaded from temporary location
** testing if installed package can be loaded from final location
** testing if installed package keeps a record of temporary installation path
* DONE (lterpalettefinder)
Running phase: fixupPhase
checking for references to /private/tmp/nix-build-r-lterpalettefinder-1.1.0.drv-0/ in /nix/store/3dhinvrvs2546yjr0rwl6q0mr10ivzyn-r-lterpalettefinder-1.1.0...
patching script interpreter paths in /nix/store/3dhinvrvs2546yjr0rwl6q0mr10ivzyn-r-lterpalettefinder-1.1.0
rewriting symlink /nix/store/3dhinvrvs2546yjr0rwl6q0mr10ivzyn-r-lterpalettefinder-1.1.0/nix-support/propagated-user-env-packages to be relative to /nix/store/3dhinvrvs2546yjr0rwl6q0mr10ivzyn-r-lterpalettefinder-1.1.0
