this derivation will be built:
  /nix/store/85lp06rwma115rvirjk6y421iq5hay7m-r-missForestPredict-1.0.drv
this path will be fetched (0.10 MiB download, 0.10 MiB unpacked):
  /nix/store/jrzhqvl3yiyqaywi38n3kvaxbrk0f0wk-missForestPredict_1.0.tar.gz
copying path '/nix/store/jrzhqvl3yiyqaywi38n3kvaxbrk0f0wk-missForestPredict_1.0.tar.gz' from 'https://cache.nixos.org'...
building '/nix/store/85lp06rwma115rvirjk6y421iq5hay7m-r-missForestPredict-1.0.drv'...
Running phase: unpackPhase
unpacking source archive /nix/store/jrzhqvl3yiyqaywi38n3kvaxbrk0f0wk-missForestPredict_1.0.tar.gz
source root is missForestPredict
setting SOURCE_DATE_EPOCH to timestamp 1702405202 of file missForestPredict/MD5
Running phase: patchPhase
Running phase: updateAutotoolsGnuConfigScriptsPhase
Running phase: configurePhase
Running phase: buildPhase
Running phase: checkPhase
Running phase: installPhase
* installing *source* package ‘missForestPredict’ ...
** package ‘missForestPredict’ correctement décompressé et sommes MD5 vérifiées
** using staged installation
** R
** inst
** byte-compile and prepare package for lazy loading
** help
*** installing help indices
** building package indices
** installing vignettes
** testing if installed package can be loaded from temporary location
** testing if installed package can be loaded from final location
** testing if installed package keeps a record of temporary installation path
* DONE (missForestPredict)
Running phase: fixupPhase
checking for references to /private/tmp/nix-build-r-missForestPredict-1.0.drv-0/ in /nix/store/z6s7v9azr8y4c96mxvswjkl77aj29m9x-r-missForestPredict-1.0...
patching script interpreter paths in /nix/store/z6s7v9azr8y4c96mxvswjkl77aj29m9x-r-missForestPredict-1.0
rewriting symlink /nix/store/z6s7v9azr8y4c96mxvswjkl77aj29m9x-r-missForestPredict-1.0/nix-support/propagated-user-env-packages to be relative to /nix/store/z6s7v9azr8y4c96mxvswjkl77aj29m9x-r-missForestPredict-1.0
