this derivation will be built:
  /nix/store/shnmjrqk6k7ac60jlxrjwk8b1xmkilml-r-simrel-2.1.0.drv
this path will be fetched (0.25 MiB download, 0.25 MiB unpacked):
  /nix/store/s6br019vp40vpi6w1lcry42f753s7yyz-simrel_2.1.0.tar.gz
copying path '/nix/store/s6br019vp40vpi6w1lcry42f753s7yyz-simrel_2.1.0.tar.gz' from 'https://cache.nixos.org'...
building '/nix/store/shnmjrqk6k7ac60jlxrjwk8b1xmkilml-r-simrel-2.1.0.drv'...
Running phase: unpackPhase
unpacking source archive /nix/store/s6br019vp40vpi6w1lcry42f753s7yyz-simrel_2.1.0.tar.gz
source root is simrel
setting SOURCE_DATE_EPOCH to timestamp 1631892602 of file simrel/MD5
Running phase: patchPhase
Running phase: updateAutotoolsGnuConfigScriptsPhase
Running phase: configurePhase
Running phase: buildPhase
Running phase: checkPhase
Running phase: installPhase
* installing *source* package ‘simrel’ ...
** package ‘simrel’ correctement décompressé et sommes MD5 vérifiées
** using staged installation
** R
** inst
** byte-compile and prepare package for lazy loading
** help
*** installing help indices
** building package indices
** installing vignettes
** testing if installed package can be loaded from temporary location
** testing if installed package can be loaded from final location
** testing if installed package keeps a record of temporary installation path
* DONE (simrel)
Running phase: fixupPhase
checking for references to /private/tmp/nix-build-r-simrel-2.1.0.drv-0/ in /nix/store/vw38bybmgyij7dy0r0hnwnhjd0psb953-r-simrel-2.1.0...
patching script interpreter paths in /nix/store/vw38bybmgyij7dy0r0hnwnhjd0psb953-r-simrel-2.1.0
rewriting symlink /nix/store/vw38bybmgyij7dy0r0hnwnhjd0psb953-r-simrel-2.1.0/nix-support/propagated-user-env-packages to be relative to /nix/store/vw38bybmgyij7dy0r0hnwnhjd0psb953-r-simrel-2.1.0
