this derivation will be built:
  /nix/store/fkfkka8zyiiwxsk53az897y7hp1jn3hf-r-pairwise-0.6.1-0.drv
this path will be fetched (1.19 MiB download, 1.19 MiB unpacked):
  /nix/store/hqmlv8b1r10sxvq6ccxky5r574qq2qfa-pairwise_0.6.1-0.tar.gz
copying path '/nix/store/hqmlv8b1r10sxvq6ccxky5r574qq2qfa-pairwise_0.6.1-0.tar.gz' from 'https://cache.nixos.org'...
building '/nix/store/fkfkka8zyiiwxsk53az897y7hp1jn3hf-r-pairwise-0.6.1-0.drv'...
Running phase: unpackPhase
unpacking source archive /nix/store/hqmlv8b1r10sxvq6ccxky5r574qq2qfa-pairwise_0.6.1-0.tar.gz
source root is pairwise
setting SOURCE_DATE_EPOCH to timestamp 1681765802 of file pairwise/MD5
Running phase: patchPhase
Running phase: updateAutotoolsGnuConfigScriptsPhase
Running phase: configurePhase
Running phase: buildPhase
Running phase: checkPhase
Running phase: installPhase
* installing *source* package ‘pairwise’ ...
** package ‘pairwise’ correctement décompressé et sommes MD5 vérifiées
** using staged installation
** R
** data
** inst
** byte-compile and prepare package for lazy loading
** help
*** installing help indices
** building package indices
** installing vignettes
** testing if installed package can be loaded from temporary location
** testing if installed package can be loaded from final location
** testing if installed package keeps a record of temporary installation path
* DONE (pairwise)
Running phase: fixupPhase
checking for references to /private/tmp/nix-build-r-pairwise-0.6.1-0.drv-0/ in /nix/store/ccp97mmrigzm49vbayyd02rgr7qq8fbs-r-pairwise-0.6.1-0...
patching script interpreter paths in /nix/store/ccp97mmrigzm49vbayyd02rgr7qq8fbs-r-pairwise-0.6.1-0
