this derivation will be built:
  /nix/store/zx2zvfspbm9fawyvc89b0alxnbvd3bdh-r-PRISMA-0.2-7.drv
this path will be fetched (1.02 MiB download, 1.02 MiB unpacked):
  /nix/store/908zx1m171by4h7marbz7q9ncr5zynrs-PRISMA_0.2-7.tar.gz
copying path '/nix/store/908zx1m171by4h7marbz7q9ncr5zynrs-PRISMA_0.2-7.tar.gz' from 'https://cache.nixos.org'...
building '/nix/store/zx2zvfspbm9fawyvc89b0alxnbvd3bdh-r-PRISMA-0.2-7.drv'...
Running phase: unpackPhase
unpacking source archive /nix/store/908zx1m171by4h7marbz7q9ncr5zynrs-PRISMA_0.2-7.tar.gz
source root is PRISMA
setting SOURCE_DATE_EPOCH to timestamp 1527372107 of file PRISMA/MD5
Running phase: patchPhase
Running phase: updateAutotoolsGnuConfigScriptsPhase
Running phase: configurePhase
Running phase: buildPhase
Running phase: checkPhase
Running phase: installPhase
* installing *source* package ‘PRISMA’ ...
** package ‘PRISMA’ correctement décompressé et sommes MD5 vérifiées
** using staged installation
** R
** data
** inst
** byte-compile and prepare package for lazy loading
** help
*** installing help indices
** building package indices
** installing vignettes
** testing if installed package can be loaded from temporary location
** testing if installed package can be loaded from final location
** testing if installed package keeps a record of temporary installation path
* DONE (PRISMA)
Running phase: fixupPhase
checking for references to /private/tmp/nix-build-r-PRISMA-0.2-7.drv-0/ in /nix/store/6jfnvcqj0s5ham454m88v60jq6j8fs01-r-PRISMA-0.2-7...
patching script interpreter paths in /nix/store/6jfnvcqj0s5ham454m88v60jq6j8fs01-r-PRISMA-0.2-7
rewriting symlink /nix/store/6jfnvcqj0s5ham454m88v60jq6j8fs01-r-PRISMA-0.2-7/nix-support/propagated-user-env-packages to be relative to /nix/store/6jfnvcqj0s5ham454m88v60jq6j8fs01-r-PRISMA-0.2-7
