this derivation will be built:
  /nix/store/fh69sapabbijd3w92zmmz87iq93lrspf-r-europepmc-0.4.3.drv
building '/nix/store/fh69sapabbijd3w92zmmz87iq93lrspf-r-europepmc-0.4.3.drv'...
Running phase: unpackPhase
unpacking source archive /nix/store/3g51cava5cgn4vfl8g00sbb4xjj6irc7-europepmc_0.4.3.tar.gz
source root is europepmc
setting SOURCE_DATE_EPOCH to timestamp 1695232802 of file europepmc/MD5
Running phase: patchPhase
Running phase: updateAutotoolsGnuConfigScriptsPhase
Running phase: configurePhase
Running phase: buildPhase
Running phase: checkPhase
Running phase: installPhase
* installing *source* package ‘europepmc’ ...
** package ‘europepmc’ correctement décompressé et sommes MD5 vérifiées
** using staged installation
** R
** inst
** byte-compile and prepare package for lazy loading
** help
*** installing help indices
** building package indices
** installing vignettes
** testing if installed package can be loaded from temporary location
** testing if installed package can be loaded from final location
** testing if installed package keeps a record of temporary installation path
* DONE (europepmc)
Running phase: fixupPhase
checking for references to /private/tmp/nix-build-r-europepmc-0.4.3.drv-0/ in /nix/store/6fp14v9qq6lli7hinxja79zb41d372y7-r-europepmc-0.4.3...
patching script interpreter paths in /nix/store/6fp14v9qq6lli7hinxja79zb41d372y7-r-europepmc-0.4.3
rewriting symlink /nix/store/6fp14v9qq6lli7hinxja79zb41d372y7-r-europepmc-0.4.3/nix-support/propagated-user-env-packages to be relative to /nix/store/6fp14v9qq6lli7hinxja79zb41d372y7-r-europepmc-0.4.3
