this derivation will be built:
  /nix/store/f6a9yv7nddlzk672lacanz9cdjmvjvam-r-QuClu-1.0.1.drv
this path will be fetched (0.01 MiB download, 0.00 MiB unpacked):
  /nix/store/ym6930xzc3sg8lyq3bc5z6bjiy0zim8m-QuClu_1.0.1.tar.gz
copying path '/nix/store/ym6930xzc3sg8lyq3bc5z6bjiy0zim8m-QuClu_1.0.1.tar.gz' from 'https://cache.nixos.org'...
building '/nix/store/f6a9yv7nddlzk672lacanz9cdjmvjvam-r-QuClu-1.0.1.drv'...
Running phase: unpackPhase
unpacking source archive /nix/store/ym6930xzc3sg8lyq3bc5z6bjiy0zim8m-QuClu_1.0.1.tar.gz
source root is QuClu
setting SOURCE_DATE_EPOCH to timestamp 1653583202 of file QuClu/MD5
Running phase: patchPhase
Running phase: updateAutotoolsGnuConfigScriptsPhase
Running phase: configurePhase
Running phase: buildPhase
Running phase: checkPhase
Running phase: installPhase
* installing *source* package ‘QuClu’ ...
** package ‘QuClu’ correctement décompressé et sommes MD5 vérifiées
** using staged installation
** R
** byte-compile and prepare package for lazy loading
** help
*** installing help indices
** building package indices
** testing if installed package can be loaded from temporary location
** testing if installed package can be loaded from final location
** testing if installed package keeps a record of temporary installation path
* DONE (QuClu)
Running phase: fixupPhase
checking for references to /private/tmp/nix-build-r-QuClu-1.0.1.drv-0/ in /nix/store/fzs8f5rqw2s25d7wmv6gwsxv7cq58jh1-r-QuClu-1.0.1...
patching script interpreter paths in /nix/store/fzs8f5rqw2s25d7wmv6gwsxv7cq58jh1-r-QuClu-1.0.1
