this derivation will be built:
  /nix/store/5wrqzmv0jb69lnr8hgjs13y55x7wjwb0-r-tablaxlsx-1.2.5.drv
this path will be fetched (0.05 MiB download, 0.05 MiB unpacked):
  /nix/store/x79r8kyz3s5zp5j4iaiqn30im89zl7mh-tablaxlsx_1.2.5.tar.gz
copying path '/nix/store/x79r8kyz3s5zp5j4iaiqn30im89zl7mh-tablaxlsx_1.2.5.tar.gz' from 'https://cache.nixos.org'...
building '/nix/store/5wrqzmv0jb69lnr8hgjs13y55x7wjwb0-r-tablaxlsx-1.2.5.drv'...
Running phase: unpackPhase
unpacking source archive /nix/store/x79r8kyz3s5zp5j4iaiqn30im89zl7mh-tablaxlsx_1.2.5.tar.gz
source root is tablaxlsx
setting SOURCE_DATE_EPOCH to timestamp 1683238802 of file tablaxlsx/MD5
Running phase: patchPhase
Running phase: updateAutotoolsGnuConfigScriptsPhase
Running phase: configurePhase
Running phase: buildPhase
Running phase: checkPhase
Running phase: installPhase
* installing *source* package ‘tablaxlsx’ ...
** package ‘tablaxlsx’ correctement décompressé et sommes MD5 vérifiées
** using staged installation
** R
** data
*** moving datasets to lazyload DB
** inst
** byte-compile and prepare package for lazy loading
** help
*** installing help indices
** building package indices
** testing if installed package can be loaded from temporary location
** testing if installed package can be loaded from final location
** testing if installed package keeps a record of temporary installation path
* DONE (tablaxlsx)
Running phase: fixupPhase
checking for references to /private/tmp/nix-build-r-tablaxlsx-1.2.5.drv-0/ in /nix/store/ncy4zqmwy46wq426wyrzkw0gg7n1rk2x-r-tablaxlsx-1.2.5...
patching script interpreter paths in /nix/store/ncy4zqmwy46wq426wyrzkw0gg7n1rk2x-r-tablaxlsx-1.2.5
rewriting symlink /nix/store/ncy4zqmwy46wq426wyrzkw0gg7n1rk2x-r-tablaxlsx-1.2.5/nix-support/propagated-user-env-packages to be relative to /nix/store/ncy4zqmwy46wq426wyrzkw0gg7n1rk2x-r-tablaxlsx-1.2.5
