these 2 derivations will be built:
  /nix/store/y695m18ybm7k2017pd9qlcmxw4ildyvg-resquin_0.0.2.tar.gz.drv
  /nix/store/83l7fzmjifw9m286cfb51cdmkpplqr4f-r-resquin-0.0.2.drv
building '/nix/store/y695m18ybm7k2017pd9qlcmxw4ildyvg-resquin_0.0.2.tar.gz.drv'...

trying https://cran.r-project.org/src/contrib/resquin_0.0.2.tar.gz
  % Total    % Received % Xferd  Average Speed   Time    Time     Time  Current
                                 Dload  Upload   Total   Spent    Left  Speed
100 19589  100 19589    0     0   168k      0 --:--:-- --:--:-- --:--:--  169k
building '/nix/store/83l7fzmjifw9m286cfb51cdmkpplqr4f-r-resquin-0.0.2.drv'...
Running phase: unpackPhase
unpacking source archive /nix/store/vlf5p19scahcjk7sm90m46s7nmw15diw-resquin_0.0.2.tar.gz
source root is resquin
setting SOURCE_DATE_EPOCH to timestamp 1726067402 of file resquin/MD5
Running phase: patchPhase
Running phase: updateAutotoolsGnuConfigScriptsPhase
Running phase: configurePhase
Running phase: buildPhase
Running phase: checkPhase
Running phase: installPhase
* installing *source* package ‘resquin’ ...
** package ‘resquin’ correctement décompressé et sommes MD5 vérifiées
** using staged installation
** R
** inst
** byte-compile and prepare package for lazy loading
** help
*** installing help indices
** building package indices
** installing vignettes
** testing if installed package can be loaded from temporary location
** testing if installed package can be loaded from final location
** testing if installed package keeps a record of temporary installation path
* DONE (resquin)
Running phase: fixupPhase
checking for references to /private/tmp/nix-build-r-resquin-0.0.2.drv-0/ in /nix/store/08ddzm1r5nd1plzvf7adrgh4xa8wylmm-r-resquin-0.0.2...
patching script interpreter paths in /nix/store/08ddzm1r5nd1plzvf7adrgh4xa8wylmm-r-resquin-0.0.2
rewriting symlink /nix/store/08ddzm1r5nd1plzvf7adrgh4xa8wylmm-r-resquin-0.0.2/nix-support/propagated-user-env-packages to be relative to /nix/store/08ddzm1r5nd1plzvf7adrgh4xa8wylmm-r-resquin-0.0.2
