this derivation will be built:
  /nix/store/a5h034rxbilqz36sr724924k7fnglh04-r-POV-0.1.4.drv
this path will be fetched (0.38 MiB download, 0.38 MiB unpacked):
  /nix/store/yp3c9ax21mcvvzy6wb5xz9mlc6wdh9c3-POV_0.1.4.tar.gz
copying path '/nix/store/yp3c9ax21mcvvzy6wb5xz9mlc6wdh9c3-POV_0.1.4.tar.gz' from 'https://cache.nixos.org'...
building '/nix/store/a5h034rxbilqz36sr724924k7fnglh04-r-POV-0.1.4.drv'...
Running phase: unpackPhase
unpacking source archive /nix/store/yp3c9ax21mcvvzy6wb5xz9mlc6wdh9c3-POV_0.1.4.tar.gz
source root is POV
setting SOURCE_DATE_EPOCH to timestamp 1605543605 of file POV/MD5
Running phase: patchPhase
Running phase: updateAutotoolsGnuConfigScriptsPhase
Running phase: configurePhase
Running phase: buildPhase
Running phase: checkPhase
Running phase: installPhase
* installing *source* package ‘POV’ ...
** package ‘POV’ correctement décompressé et sommes MD5 vérifiées
** using staged installation
** R
** data
*** moving datasets to lazyload DB
** inst
** byte-compile and prepare package for lazy loading
** help
*** installing help indices
** building package indices
** installing vignettes
** testing if installed package can be loaded from temporary location
** testing if installed package can be loaded from final location
** testing if installed package keeps a record of temporary installation path
* DONE (POV)
Running phase: fixupPhase
checking for references to /private/tmp/nix-build-r-POV-0.1.4.drv-0/ in /nix/store/8ssh713hlb8xjg3y1aj240jhcglln1bv-r-POV-0.1.4...
patching script interpreter paths in /nix/store/8ssh713hlb8xjg3y1aj240jhcglln1bv-r-POV-0.1.4
rewriting symlink /nix/store/8ssh713hlb8xjg3y1aj240jhcglln1bv-r-POV-0.1.4/nix-support/propagated-user-env-packages to be relative to /nix/store/8ssh713hlb8xjg3y1aj240jhcglln1bv-r-POV-0.1.4
