these 3 derivations will be built:
  /nix/store/1ya36d569f4gm083k2iyvzck1c87d8fq-utsf_1.0.0.tar.gz.drv
  /nix/store/vszdq7vk14a9cba17n11nxsk5gqx3wp3-r-vctsfr-0.1.1.drv
  /nix/store/f2g8a1svk7aygw8jminspyw1hqxy2nlv-r-utsf-1.0.0.drv
this path will be fetched (0.22 MiB download, 0.22 MiB unpacked):
  /nix/store/y9d48x9lhwqs37rjid40lcmf4daidszv-vctsfr_0.1.1.tar.gz
copying path '/nix/store/y9d48x9lhwqs37rjid40lcmf4daidszv-vctsfr_0.1.1.tar.gz' from 'https://cache.nixos.org'...
building '/nix/store/1ya36d569f4gm083k2iyvzck1c87d8fq-utsf_1.0.0.tar.gz.drv'...
building '/nix/store/vszdq7vk14a9cba17n11nxsk5gqx3wp3-r-vctsfr-0.1.1.drv'...

trying https://cran.r-project.org/src/contrib/utsf_1.0.0.tar.gz
  % Total    % Received % Xferd  Average Speed   Time    Time     Time  Current
                                 Dload  Upload   Total   Spent    Left  Speed
100 70305  100 70305    0     0   476k      0 --:--:-- --:--:-- --:--:--  480k
Running phase: unpackPhase
unpacking source archive /nix/store/y9d48x9lhwqs37rjid40lcmf4daidszv-vctsfr_0.1.1.tar.gz
source root is vctsfr
setting SOURCE_DATE_EPOCH to timestamp 1701975002 of file vctsfr/MD5
Running phase: patchPhase
Running phase: updateAutotoolsGnuConfigScriptsPhase
Running phase: configurePhase
Running phase: buildPhase
Running phase: checkPhase
Running phase: installPhase
* installing *source* package ‘vctsfr’ ...
** package ‘vctsfr’ correctement décompressé et sommes MD5 vérifiées
** using staged installation
** R
** inst
** byte-compile and prepare package for lazy loading
** help
*** installing help indices
*** copying figures
** building package indices
** installing vignettes
** testing if installed package can be loaded from temporary location
** testing if installed package can be loaded from final location
** testing if installed package keeps a record of temporary installation path
* DONE (vctsfr)
Running phase: fixupPhase
checking for references to /private/tmp/nix-build-r-vctsfr-0.1.1.drv-0/ in /nix/store/pf963knwrzz7x5h4didrsqxmrbyl320s-r-vctsfr-0.1.1...
patching script interpreter paths in /nix/store/pf963knwrzz7x5h4didrsqxmrbyl320s-r-vctsfr-0.1.1
rewriting symlink /nix/store/pf963knwrzz7x5h4didrsqxmrbyl320s-r-vctsfr-0.1.1/nix-support/propagated-user-env-packages to be relative to /nix/store/pf963knwrzz7x5h4didrsqxmrbyl320s-r-vctsfr-0.1.1
building '/nix/store/f2g8a1svk7aygw8jminspyw1hqxy2nlv-r-utsf-1.0.0.drv'...
Running phase: unpackPhase
unpacking source archive /nix/store/ba0s1p1n766758clcnla8bphcpj03aas-utsf_1.0.0.tar.gz
source root is utsf
setting SOURCE_DATE_EPOCH to timestamp 1728898202 of file utsf/MD5
Running phase: patchPhase
Running phase: updateAutotoolsGnuConfigScriptsPhase
Running phase: configurePhase
Running phase: buildPhase
Running phase: checkPhase
Running phase: installPhase
* installing *source* package ‘utsf’ ...
** package ‘utsf’ correctement décompressé et sommes MD5 vérifiées
** using staged installation
** R
** inst
** byte-compile and prepare package for lazy loading
** help
*** installing help indices
*** copying figures
** building package indices
** installing vignettes
** testing if installed package can be loaded from temporary location
** testing if installed package can be loaded from final location
** testing if installed package keeps a record of temporary installation path
* DONE (utsf)
Running phase: fixupPhase
checking for references to /private/tmp/nix-build-r-utsf-1.0.0.drv-0/ in /nix/store/hr7ya7ighkhfi92g8mdzgzb3w1z0f0pb-r-utsf-1.0.0...
patching script interpreter paths in /nix/store/hr7ya7ighkhfi92g8mdzgzb3w1z0f0pb-r-utsf-1.0.0
rewriting symlink /nix/store/hr7ya7ighkhfi92g8mdzgzb3w1z0f0pb-r-utsf-1.0.0/nix-support/propagated-user-env-packages to be relative to /nix/store/hr7ya7ighkhfi92g8mdzgzb3w1z0f0pb-r-utsf-1.0.0
