this derivation will be built:
  /nix/store/08xngfzcrf4hggf3nyy8hp2wabm14zmc-r-opencage-0.2.2.drv
this path will be fetched (0.10 MiB download, 0.10 MiB unpacked):
  /nix/store/aki6w7i30rk4l538q78zd7cwsn7mqa7g-opencage_0.2.2.tar.gz
copying path '/nix/store/aki6w7i30rk4l538q78zd7cwsn7mqa7g-opencage_0.2.2.tar.gz' from 'https://cache.nixos.org'...
building '/nix/store/08xngfzcrf4hggf3nyy8hp2wabm14zmc-r-opencage-0.2.2.drv'...
Running phase: unpackPhase
unpacking source archive /nix/store/aki6w7i30rk4l538q78zd7cwsn7mqa7g-opencage_0.2.2.tar.gz
source root is opencage
setting SOURCE_DATE_EPOCH to timestamp 1613782802 of file opencage/MD5
Running phase: patchPhase
Running phase: updateAutotoolsGnuConfigScriptsPhase
Running phase: configurePhase
Running phase: buildPhase
Running phase: checkPhase
Running phase: installPhase
* installing *source* package ‘opencage’ ...
** package ‘opencage’ correctement décompressé et sommes MD5 vérifiées
** using staged installation
** R
** data
*** moving datasets to lazyload DB
** inst
** byte-compile and prepare package for lazy loading
** help
*** installing help indices
*** copying figures
** building package indices
** installing vignettes
** testing if installed package can be loaded from temporary location
** testing if installed package can be loaded from final location
** testing if installed package keeps a record of temporary installation path
* DONE (opencage)
Running phase: fixupPhase
checking for references to /private/tmp/nix-build-r-opencage-0.2.2.drv-0/ in /nix/store/7sbynclwnghnn6a3gng9qdmgvw62zkb6-r-opencage-0.2.2...
patching script interpreter paths in /nix/store/7sbynclwnghnn6a3gng9qdmgvw62zkb6-r-opencage-0.2.2
rewriting symlink /nix/store/7sbynclwnghnn6a3gng9qdmgvw62zkb6-r-opencage-0.2.2/nix-support/propagated-user-env-packages to be relative to /nix/store/7sbynclwnghnn6a3gng9qdmgvw62zkb6-r-opencage-0.2.2
