this derivation will be built:
  /nix/store/ghqpw1jifqby53ibcwdrmnb4gwkklzbv-r-MSPRT-3.0.drv
this path will be fetched (0.07 MiB download, 0.07 MiB unpacked):
  /nix/store/1mnkc3j2a5gkwk1g8dlq6i6pa626gj4s-MSPRT_3.0.tar.gz
copying path '/nix/store/1mnkc3j2a5gkwk1g8dlq6i6pa626gj4s-MSPRT_3.0.tar.gz' from 'https://cache.nixos.org'...
building '/nix/store/ghqpw1jifqby53ibcwdrmnb4gwkklzbv-r-MSPRT-3.0.drv'...
Running phase: unpackPhase
unpacking source archive /nix/store/1mnkc3j2a5gkwk1g8dlq6i6pa626gj4s-MSPRT_3.0.tar.gz
source root is MSPRT
setting SOURCE_DATE_EPOCH to timestamp 1605262805 of file MSPRT/MD5
Running phase: patchPhase
Running phase: updateAutotoolsGnuConfigScriptsPhase
Running phase: configurePhase
Running phase: buildPhase
Running phase: checkPhase
Running phase: installPhase
* installing *source* package ‘MSPRT’ ...
** package ‘MSPRT’ correctement décompressé et sommes MD5 vérifiées
** using staged installation
** R
** byte-compile and prepare package for lazy loading
** help
*** installing help indices
** building package indices
** testing if installed package can be loaded from temporary location
** testing if installed package can be loaded from final location
** testing if installed package keeps a record of temporary installation path
* DONE (MSPRT)
Running phase: fixupPhase
checking for references to /private/tmp/nix-build-r-MSPRT-3.0.drv-0/ in /nix/store/hx7ywcnv2p4h0gyclvs4x7cs31jyn4di-r-MSPRT-3.0...
patching script interpreter paths in /nix/store/hx7ywcnv2p4h0gyclvs4x7cs31jyn4di-r-MSPRT-3.0
rewriting symlink /nix/store/hx7ywcnv2p4h0gyclvs4x7cs31jyn4di-r-MSPRT-3.0/nix-support/propagated-user-env-packages to be relative to /nix/store/hx7ywcnv2p4h0gyclvs4x7cs31jyn4di-r-MSPRT-3.0
