this derivation will be built:
  /nix/store/bvdp6wxqvqgr41p2l8wcq2i4cawfdrfz-r-tsSelect-0.1.8.drv
this path will be fetched (0.01 MiB download, 0.01 MiB unpacked):
  /nix/store/4bxpbx4jki7r28f2jr598348x9laqw0j-tsSelect_0.1.8.tar.gz
copying path '/nix/store/4bxpbx4jki7r28f2jr598348x9laqw0j-tsSelect_0.1.8.tar.gz' from 'https://cache.nixos.org'...
building '/nix/store/bvdp6wxqvqgr41p2l8wcq2i4cawfdrfz-r-tsSelect-0.1.8.drv'...
Running phase: unpackPhase
unpacking source archive /nix/store/4bxpbx4jki7r28f2jr598348x9laqw0j-tsSelect_0.1.8.tar.gz
source root is tsSelect
setting SOURCE_DATE_EPOCH to timestamp 1475710728 of file tsSelect/MD5
Running phase: patchPhase
Running phase: updateAutotoolsGnuConfigScriptsPhase
Running phase: configurePhase
Running phase: buildPhase
Running phase: checkPhase
Running phase: installPhase
* installing *source* package ‘tsSelect’ ...
** package ‘tsSelect’ correctement décompressé et sommes MD5 vérifiées
** using staged installation
** R
** data
*** moving datasets to lazyload DB
** byte-compile and prepare package for lazy loading
** help
*** installing help indices
** building package indices
** testing if installed package can be loaded from temporary location
** testing if installed package can be loaded from final location
** testing if installed package keeps a record of temporary installation path
* DONE (tsSelect)
Running phase: fixupPhase
checking for references to /private/tmp/nix-build-r-tsSelect-0.1.8.drv-0/ in /nix/store/izxir0g8rp3qjw3pnivqdiq8g0n8avyb-r-tsSelect-0.1.8...
patching script interpreter paths in /nix/store/izxir0g8rp3qjw3pnivqdiq8g0n8avyb-r-tsSelect-0.1.8
rewriting symlink /nix/store/izxir0g8rp3qjw3pnivqdiq8g0n8avyb-r-tsSelect-0.1.8/nix-support/propagated-user-env-packages to be relative to /nix/store/izxir0g8rp3qjw3pnivqdiq8g0n8avyb-r-tsSelect-0.1.8
