this derivation will be built:
  /nix/store/ywwlx4faj5gpqdl1wngg16nqi62chaiv-r-PNDSIBGE-0.1.1.drv
this path will be fetched (0.23 MiB download, 0.24 MiB unpacked):
  /nix/store/3d765016gzrr2rblx3i8j7i7yqsawgyh-PNDSIBGE_0.1.1.tar.gz
copying path '/nix/store/3d765016gzrr2rblx3i8j7i7yqsawgyh-PNDSIBGE_0.1.1.tar.gz' from 'https://cache.nixos.org'...
building '/nix/store/ywwlx4faj5gpqdl1wngg16nqi62chaiv-r-PNDSIBGE-0.1.1.drv'...
Running phase: unpackPhase
unpacking source archive /nix/store/3d765016gzrr2rblx3i8j7i7yqsawgyh-PNDSIBGE_0.1.1.tar.gz
source root is PNDSIBGE
setting SOURCE_DATE_EPOCH to timestamp 1706801402 of file PNDSIBGE/MD5
Running phase: patchPhase
Running phase: updateAutotoolsGnuConfigScriptsPhase
Running phase: configurePhase
Running phase: buildPhase
Running phase: checkPhase
Running phase: installPhase
* installing *source* package ‘PNDSIBGE’ ...
** package ‘PNDSIBGE’ correctement décompressé et sommes MD5 vérifiées
** using staged installation
** R
** inst
** byte-compile and prepare package for lazy loading
** help
*** installing help indices
** building package indices
** testing if installed package can be loaded from temporary location
** testing if installed package can be loaded from final location
** testing if installed package keeps a record of temporary installation path
* DONE (PNDSIBGE)
Running phase: fixupPhase
checking for references to /private/tmp/nix-build-r-PNDSIBGE-0.1.1.drv-0/ in /nix/store/xhq9jni2asxbim84h0p8kdfdqvwrmbfv-r-PNDSIBGE-0.1.1...
patching script interpreter paths in /nix/store/xhq9jni2asxbim84h0p8kdfdqvwrmbfv-r-PNDSIBGE-0.1.1
rewriting symlink /nix/store/xhq9jni2asxbim84h0p8kdfdqvwrmbfv-r-PNDSIBGE-0.1.1/nix-support/propagated-user-env-packages to be relative to /nix/store/xhq9jni2asxbim84h0p8kdfdqvwrmbfv-r-PNDSIBGE-0.1.1
