this derivation will be built:
  /nix/store/dbngxza0r580c14n183n4crw7cc7jiv8-r-prodest-1.0.1.drv
this path will be fetched (0.51 MiB download, 0.51 MiB unpacked):
  /nix/store/dlq760wyr8dysag2k1akdmn9knnr3fb7-prodest_1.0.1.tar.gz
copying path '/nix/store/dlq760wyr8dysag2k1akdmn9knnr3fb7-prodest_1.0.1.tar.gz' from 'https://cache.nixos.org'...
building '/nix/store/dbngxza0r580c14n183n4crw7cc7jiv8-r-prodest-1.0.1.drv'...
Running phase: unpackPhase
unpacking source archive /nix/store/dlq760wyr8dysag2k1akdmn9knnr3fb7-prodest_1.0.1.tar.gz
source root is prodest
setting SOURCE_DATE_EPOCH to timestamp 1529414492 of file prodest/MD5
Running phase: patchPhase
Running phase: updateAutotoolsGnuConfigScriptsPhase
Running phase: configurePhase
Running phase: buildPhase
Running phase: checkPhase
Running phase: installPhase
* installing *source* package ‘prodest’ ...
** package ‘prodest’ correctement décompressé et sommes MD5 vérifiées
** using staged installation
** R
** data
*** moving datasets to lazyload DB
** inst
** byte-compile and prepare package for lazy loading
** help
*** installing help indices
** building package indices
** testing if installed package can be loaded from temporary location
** testing if installed package can be loaded from final location
** testing if installed package keeps a record of temporary installation path
* DONE (prodest)
Running phase: fixupPhase
checking for references to /private/tmp/nix-build-r-prodest-1.0.1.drv-0/ in /nix/store/6ai1gz7lhkd2px5b6nghw9sa0zlbwjkp-r-prodest-1.0.1...
patching script interpreter paths in /nix/store/6ai1gz7lhkd2px5b6nghw9sa0zlbwjkp-r-prodest-1.0.1
rewriting symlink /nix/store/6ai1gz7lhkd2px5b6nghw9sa0zlbwjkp-r-prodest-1.0.1/nix-support/propagated-user-env-packages to be relative to /nix/store/6ai1gz7lhkd2px5b6nghw9sa0zlbwjkp-r-prodest-1.0.1
