these 2 derivations will be built:
  /nix/store/s47lz60p8nx2m6lqqlz918liqah2q5gw-SoilManageR_1.0.1.tar.gz.drv
  /nix/store/ail59b8fp7bwppj02nn0kjydp3fk0fmb-r-SoilManageR-1.0.1.drv
building '/nix/store/s47lz60p8nx2m6lqqlz918liqah2q5gw-SoilManageR_1.0.1.tar.gz.drv'...

trying https://cran.r-project.org/src/contrib/SoilManageR_1.0.1.tar.gz
  % Total    % Received % Xferd  Average Speed   Time    Time     Time  Current
                                 Dload  Upload   Total   Spent    Left  Speed
100  665k  100  665k    0     0  2820k      0 --:--:-- --:--:-- --:--:-- 2819k
building '/nix/store/ail59b8fp7bwppj02nn0kjydp3fk0fmb-r-SoilManageR-1.0.1.drv'...
Running phase: unpackPhase
unpacking source archive /nix/store/16rk2d7jwhhbjapjasvppvh6nx0n55ba-SoilManageR_1.0.1.tar.gz
source root is SoilManageR
setting SOURCE_DATE_EPOCH to timestamp 1727776807 of file SoilManageR/MD5
Running phase: patchPhase
Running phase: updateAutotoolsGnuConfigScriptsPhase
Running phase: configurePhase
Running phase: buildPhase
Running phase: checkPhase
Running phase: installPhase
* installing *source* package ‘SoilManageR’ ...
** package ‘SoilManageR’ correctement décompressé et sommes MD5 vérifiées
** using staged installation
** R
** data
*** moving datasets to lazyload DB
** inst
** byte-compile and prepare package for lazy loading
** help
*** installing help indices
*** copying figures
** building package indices
** installing vignettes
** testing if installed package can be loaded from temporary location
** testing if installed package can be loaded from final location
** testing if installed package keeps a record of temporary installation path
* DONE (SoilManageR)
Running phase: fixupPhase
checking for references to /private/tmp/nix-build-r-SoilManageR-1.0.1.drv-0/ in /nix/store/cmwgnvsp7bx2aak8cx9z2rwz6qys38md-r-SoilManageR-1.0.1...
patching script interpreter paths in /nix/store/cmwgnvsp7bx2aak8cx9z2rwz6qys38md-r-SoilManageR-1.0.1
rewriting symlink /nix/store/cmwgnvsp7bx2aak8cx9z2rwz6qys38md-r-SoilManageR-1.0.1/nix-support/propagated-user-env-packages to be relative to /nix/store/cmwgnvsp7bx2aak8cx9z2rwz6qys38md-r-SoilManageR-1.0.1
