this derivation will be built:
  /nix/store/jyrr4m8jfa9wvkq4bhm2f9yzi1rnccfn-r-ecos-0.1.6.drv
building '/nix/store/jyrr4m8jfa9wvkq4bhm2f9yzi1rnccfn-r-ecos-0.1.6.drv'...
Running phase: unpackPhase
unpacking source archive /nix/store/49j8i0vmh3dpav2pkh209rl2biil7fm8-ecos_0.1.6.tar.gz
source root is ecos
setting SOURCE_DATE_EPOCH to timestamp 1707381602 of file ecos/MD5
Running phase: patchPhase
Running phase: updateAutotoolsGnuConfigScriptsPhase
Running phase: configurePhase
Running phase: buildPhase
Running phase: checkPhase
Running phase: installPhase
* installing *source* package ‘ecos’ ...
** package ‘ecos’ correctement décompressé et sommes MD5 vérifiées
** using staged installation
** R
** data
*** moving datasets to lazyload DB
** byte-compile and prepare package for lazy loading
** help
*** installing help indices
*** copying figures
** building package indices
** testing if installed package can be loaded from temporary location
** testing if installed package can be loaded from final location
** testing if installed package keeps a record of temporary installation path
* DONE (ecos)
Running phase: fixupPhase
checking for references to /private/tmp/nix-build-r-ecos-0.1.6.drv-0/ in /nix/store/njkzb19b6aa1jlngqxx90cx0dpr4j6zy-r-ecos-0.1.6...
patching script interpreter paths in /nix/store/njkzb19b6aa1jlngqxx90cx0dpr4j6zy-r-ecos-0.1.6
rewriting symlink /nix/store/njkzb19b6aa1jlngqxx90cx0dpr4j6zy-r-ecos-0.1.6/nix-support/propagated-user-env-packages to be relative to /nix/store/njkzb19b6aa1jlngqxx90cx0dpr4j6zy-r-ecos-0.1.6
