this derivation will be built:
  /nix/store/x9zqaf6frcmp2lcc1963cmk383jcvv8p-r-rt3-0.1.2.drv
this path will be fetched (0.01 MiB download, 0.01 MiB unpacked):
  /nix/store/j4z02qqf7d1jhsikix6qr2yqm8gz61v2-rt3_0.1.2.tar.gz
copying path '/nix/store/j4z02qqf7d1jhsikix6qr2yqm8gz61v2-rt3_0.1.2.tar.gz' from 'https://cache.nixos.org'...
building '/nix/store/x9zqaf6frcmp2lcc1963cmk383jcvv8p-r-rt3-0.1.2.drv'...
Running phase: unpackPhase
unpacking source archive /nix/store/j4z02qqf7d1jhsikix6qr2yqm8gz61v2-rt3_0.1.2.tar.gz
source root is rt3
setting SOURCE_DATE_EPOCH to timestamp 1480977788 of file rt3/MD5
Running phase: patchPhase
Running phase: updateAutotoolsGnuConfigScriptsPhase
Running phase: configurePhase
Running phase: buildPhase
Running phase: checkPhase
Running phase: installPhase
* installing *source* package ‘rt3’ ...
** package ‘rt3’ correctement décompressé et sommes MD5 vérifiées
** using staged installation
** R
** byte-compile and prepare package for lazy loading
** help
*** installing help indices
** building package indices
** testing if installed package can be loaded from temporary location
** testing if installed package can be loaded from final location
** testing if installed package keeps a record of temporary installation path
* DONE (rt3)
Running phase: fixupPhase
checking for references to /private/tmp/nix-build-r-rt3-0.1.2.drv-0/ in /nix/store/64gimxngffzjk4z3fm7vv3cn2pqw38gz-r-rt3-0.1.2...
patching script interpreter paths in /nix/store/64gimxngffzjk4z3fm7vv3cn2pqw38gz-r-rt3-0.1.2
