this derivation will be built:
  /nix/store/41lgk17q025rjlxr42iygpbvrkl3qijj-r-mvProbit-0.1-10.drv
this path will be fetched (0.02 MiB download, 0.02 MiB unpacked):
  /nix/store/44844a922n5zin3h96ffzjcw78yxrh9i-mvProbit_0.1-10.tar.gz
copying path '/nix/store/44844a922n5zin3h96ffzjcw78yxrh9i-mvProbit_0.1-10.tar.gz' from 'https://cache.nixos.org'...
building '/nix/store/41lgk17q025rjlxr42iygpbvrkl3qijj-r-mvProbit-0.1-10.drv'...
Running phase: unpackPhase
unpacking source archive /nix/store/44844a922n5zin3h96ffzjcw78yxrh9i-mvProbit_0.1-10.tar.gz
source root is mvProbit
setting SOURCE_DATE_EPOCH to timestamp 1610347802 of file mvProbit/MD5
Running phase: patchPhase
Running phase: updateAutotoolsGnuConfigScriptsPhase
Running phase: configurePhase
Running phase: buildPhase
Running phase: checkPhase
Running phase: installPhase
* installing *source* package ‘mvProbit’ ...
** package ‘mvProbit’ correctement décompressé et sommes MD5 vérifiées
** using staged installation
** R
** inst
** byte-compile and prepare package for lazy loading
** help
*** installing help indices
** building package indices
** testing if installed package can be loaded from temporary location
** testing if installed package can be loaded from final location
** testing if installed package keeps a record of temporary installation path
* DONE (mvProbit)
Running phase: fixupPhase
checking for references to /private/tmp/nix-build-r-mvProbit-0.1-10.drv-0/ in /nix/store/cjx7y8lmjs9xj95s9q3n76qhr6a3lmwr-r-mvProbit-0.1-10...
patching script interpreter paths in /nix/store/cjx7y8lmjs9xj95s9q3n76qhr6a3lmwr-r-mvProbit-0.1-10
rewriting symlink /nix/store/cjx7y8lmjs9xj95s9q3n76qhr6a3lmwr-r-mvProbit-0.1-10/nix-support/propagated-user-env-packages to be relative to /nix/store/cjx7y8lmjs9xj95s9q3n76qhr6a3lmwr-r-mvProbit-0.1-10
