this derivation will be built:
  /nix/store/whb9ybbqmnx54kqbmbp03z2dnczzvrd4-r-AutoAds-0.1.0.drv
building '/nix/store/whb9ybbqmnx54kqbmbp03z2dnczzvrd4-r-AutoAds-0.1.0.drv'...
Running phase: unpackPhase
unpacking source archive /nix/store/zs1s24is0d12ivfx81jcxsbix2p38b3s-AutoAds_0.1.0.tar.gz
source root is AutoAds
setting SOURCE_DATE_EPOCH to timestamp 1688838602 of file AutoAds/MD5
Running phase: patchPhase
Running phase: updateAutotoolsGnuConfigScriptsPhase
Running phase: configurePhase
Running phase: buildPhase
Running phase: checkPhase
Running phase: installPhase
* installing *source* package ‘AutoAds’ ...
** package ‘AutoAds’ correctement décompressé et sommes MD5 vérifiées
** using staged installation
** R
** byte-compile and prepare package for lazy loading
** help
*** installing help indices
** building package indices
** testing if installed package can be loaded from temporary location
** testing if installed package can be loaded from final location
** testing if installed package keeps a record of temporary installation path
* DONE (AutoAds)
Running phase: fixupPhase
checking for references to /private/tmp/nix-build-r-AutoAds-0.1.0.drv-0/ in /nix/store/xp35di8qfs02fhqnn958p33ay487k723-r-AutoAds-0.1.0...
patching script interpreter paths in /nix/store/xp35di8qfs02fhqnn958p33ay487k723-r-AutoAds-0.1.0
rewriting symlink /nix/store/xp35di8qfs02fhqnn958p33ay487k723-r-AutoAds-0.1.0/nix-support/propagated-user-env-packages to be relative to /nix/store/xp35di8qfs02fhqnn958p33ay487k723-r-AutoAds-0.1.0
