this derivation will be built:
  /nix/store/shgfjc7p74r2lbhk3z65h74p1d4g9y34-r-multiFANOVA-0.1.0.drv
this path will be fetched (0.01 MiB download, 0.01 MiB unpacked):
  /nix/store/pf2k4gjsb7z3n1b6mvbxw1922d0ram6s-multiFANOVA_0.1.0.tar.gz
copying path '/nix/store/pf2k4gjsb7z3n1b6mvbxw1922d0ram6s-multiFANOVA_0.1.0.tar.gz' from 'https://cache.nixos.org'...
building '/nix/store/shgfjc7p74r2lbhk3z65h74p1d4g9y34-r-multiFANOVA-0.1.0.drv'...
Running phase: unpackPhase
unpacking source archive /nix/store/pf2k4gjsb7z3n1b6mvbxw1922d0ram6s-multiFANOVA_0.1.0.tar.gz
source root is multiFANOVA
setting SOURCE_DATE_EPOCH to timestamp 1688650802 of file multiFANOVA/MD5
Running phase: patchPhase
Running phase: updateAutotoolsGnuConfigScriptsPhase
Running phase: configurePhase
Running phase: buildPhase
Running phase: checkPhase
Running phase: installPhase
* installing *source* package ‘multiFANOVA’ ...
** package ‘multiFANOVA’ correctement décompressé et sommes MD5 vérifiées
** using staged installation
** R
** byte-compile and prepare package for lazy loading
** help
*** installing help indices
** building package indices
** testing if installed package can be loaded from temporary location
** testing if installed package can be loaded from final location
** testing if installed package keeps a record of temporary installation path
* DONE (multiFANOVA)
Running phase: fixupPhase
checking for references to /private/tmp/nix-build-r-multiFANOVA-0.1.0.drv-0/ in /nix/store/938jpzz9pf1ap7k8qxzp3w32r6m49inn-r-multiFANOVA-0.1.0...
patching script interpreter paths in /nix/store/938jpzz9pf1ap7k8qxzp3w32r6m49inn-r-multiFANOVA-0.1.0
rewriting symlink /nix/store/938jpzz9pf1ap7k8qxzp3w32r6m49inn-r-multiFANOVA-0.1.0/nix-support/propagated-user-env-packages to be relative to /nix/store/938jpzz9pf1ap7k8qxzp3w32r6m49inn-r-multiFANOVA-0.1.0
