this derivation will be built:
  /nix/store/n6yf7v5z00gncsd1cj8ww7wd1rp552d7-r-satdad-1.1.drv
this path will be fetched (2.46 MiB download, 2.46 MiB unpacked):
  /nix/store/hnbavay7b7ssf7an1qhlk21wcp91yz52-satdad_1.1.tar.gz
copying path '/nix/store/hnbavay7b7ssf7an1qhlk21wcp91yz52-satdad_1.1.tar.gz' from 'https://cache.nixos.org'...
building '/nix/store/n6yf7v5z00gncsd1cj8ww7wd1rp552d7-r-satdad-1.1.drv'...
Running phase: unpackPhase
unpacking source archive /nix/store/hnbavay7b7ssf7an1qhlk21wcp91yz52-satdad_1.1.tar.gz
source root is satdad
setting SOURCE_DATE_EPOCH to timestamp 1680102002 of file satdad/MD5
Running phase: patchPhase
Running phase: updateAutotoolsGnuConfigScriptsPhase
Running phase: configurePhase
Running phase: buildPhase
Running phase: checkPhase
Running phase: installPhase
* installing *source* package ‘satdad’ ...
** package ‘satdad’ correctement décompressé et sommes MD5 vérifiées
** using staged installation
** libs
using C++ compiler: ‘clang version 16.0.6’
using SDK: ‘’
/nix/store/v39c0h6xv6hvki2k1bsyp5n090q8y2bp-clang-wrapper-16.0.6/bin/c++ -std=gnu++17 -I"/nix/store/lir8rmsk7dxbj7v1spqmv69z4mafg16l-R-4.4.2/lib/R/include" -DNDEBUG  -I'/nix/store/da7yi2xf3argx9hlnn3f0k95b8y1yx2l-r-Rcpp-1.0.13-1/library/Rcpp/include' -I'/nix/store/4w8j39mxla47i5piv5f0z7cwxnb50wds-r-RcppArmadillo-14.2.0-1/library/RcppArmadillo/include' -I'/nix/store/k3y4927612y2lxd8d04hhvx801x9zc8y-r-BH-1.84.0-0/library/BH/include' -isystem /nix/store/0mmz5i705116bfykc7i1r9jxqwyghj2a-libcxx-16.0.6-dev/include/c++/v1    -fPIC  -g -O2   -c RcppExports.cpp -o RcppExports.o
/nix/store/v39c0h6xv6hvki2k1bsyp5n090q8y2bp-clang-wrapper-16.0.6/bin/c++ -std=gnu++17 -I"/nix/store/lir8rmsk7dxbj7v1spqmv69z4mafg16l-R-4.4.2/lib/R/include" -DNDEBUG  -I'/nix/store/da7yi2xf3argx9hlnn3f0k95b8y1yx2l-r-Rcpp-1.0.13-1/library/Rcpp/include' -I'/nix/store/4w8j39mxla47i5piv5f0z7cwxnb50wds-r-RcppArmadillo-14.2.0-1/library/RcppArmadillo/include' -I'/nix/store/k3y4927612y2lxd8d04hhvx801x9zc8y-r-BH-1.84.0-0/library/BH/include' -isystem /nix/store/0mmz5i705116bfykc7i1r9jxqwyghj2a-libcxx-16.0.6-dev/include/c++/v1    -fPIC  -g -O2   -c satdad_functions_cpp.cpp -o satdad_functions_cpp.o
/nix/store/v39c0h6xv6hvki2k1bsyp5n090q8y2bp-clang-wrapper-16.0.6/bin/c++ -std=gnu++17 -dynamiclib -Wl,-headerpad_max_install_names -undefined dynamic_lookup -L/nix/store/lir8rmsk7dxbj7v1spqmv69z4mafg16l-R-4.4.2/lib/R/lib -L/nix/store/88xkgzh5g9xppsg3hdxxxh9q43rnxk6k-libcxx-16.0.6/lib -o satdad.so RcppExports.o satdad_functions_cpp.o -L/nix/store/lir8rmsk7dxbj7v1spqmv69z4mafg16l-R-4.4.2/lib/R/lib -lR -lintl -Wl,-framework -Wl,CoreFoundation
installing to /nix/store/ikpjs5zkma28kbypnvpyqsjl7aim3rz6-r-satdad-1.1/library/00LOCK-satdad/00new/satdad/libs
** R
** data
*** moving datasets to lazyload DB
** inst
** byte-compile and prepare package for lazy loading
** help
*** installing help indices
** building package indices
** installing vignettes
** testing if installed package can be loaded from temporary location
** checking absolute paths in shared objects and dynamic libraries
** testing if installed package can be loaded from final location
** testing if installed package keeps a record of temporary installation path
* DONE (satdad)
Running phase: fixupPhase
checking for references to /private/tmp/nix-build-r-satdad-1.1.drv-0/ in /nix/store/ikpjs5zkma28kbypnvpyqsjl7aim3rz6-r-satdad-1.1...
patching script interpreter paths in /nix/store/ikpjs5zkma28kbypnvpyqsjl7aim3rz6-r-satdad-1.1
rewriting symlink /nix/store/ikpjs5zkma28kbypnvpyqsjl7aim3rz6-r-satdad-1.1/nix-support/propagated-user-env-packages to be relative to /nix/store/ikpjs5zkma28kbypnvpyqsjl7aim3rz6-r-satdad-1.1
