this derivation will be built:
  /nix/store/lhqsvvwf3ry1gn6kj7l7iqsg2igwq13l-r-linguisticsdown-1.2.0.drv
this path will be fetched (0.02 MiB download, 0.02 MiB unpacked):
  /nix/store/nmsnx86w0w0zbkip20vczqkxw62z16ly-linguisticsdown_1.2.0.tar.gz
copying path '/nix/store/nmsnx86w0w0zbkip20vczqkxw62z16ly-linguisticsdown_1.2.0.tar.gz' from 'https://cache.nixos.org'...
building '/nix/store/lhqsvvwf3ry1gn6kj7l7iqsg2igwq13l-r-linguisticsdown-1.2.0.drv'...
Running phase: unpackPhase
unpacking source archive /nix/store/nmsnx86w0w0zbkip20vczqkxw62z16ly-linguisticsdown_1.2.0.tar.gz
source root is linguisticsdown
setting SOURCE_DATE_EPOCH to timestamp 1551418204 of file linguisticsdown/MD5
Running phase: patchPhase
Running phase: updateAutotoolsGnuConfigScriptsPhase
Running phase: configurePhase
Running phase: buildPhase
Running phase: checkPhase
Running phase: installPhase
* installing *source* package ‘linguisticsdown’ ...
** package ‘linguisticsdown’ correctement décompressé et sommes MD5 vérifiées
** using staged installation
** R
** inst
** byte-compile and prepare package for lazy loading
** help
*** installing help indices
** building package indices
** testing if installed package can be loaded from temporary location
** testing if installed package can be loaded from final location
** testing if installed package keeps a record of temporary installation path
* DONE (linguisticsdown)
Running phase: fixupPhase
checking for references to /private/tmp/nix-build-r-linguisticsdown-1.2.0.drv-0/ in /nix/store/v2kwhqkgpyai9hlps48knx7nw03x7rak-r-linguisticsdown-1.2.0...
patching script interpreter paths in /nix/store/v2kwhqkgpyai9hlps48knx7nw03x7rak-r-linguisticsdown-1.2.0
rewriting symlink /nix/store/v2kwhqkgpyai9hlps48knx7nw03x7rak-r-linguisticsdown-1.2.0/nix-support/propagated-user-env-packages to be relative to /nix/store/v2kwhqkgpyai9hlps48knx7nw03x7rak-r-linguisticsdown-1.2.0
