these 2 derivations will be built:
  /nix/store/snvdkc2n193kw5avbhcp4r5l45p8xh9v-shinyQueryBuilder_0.1.0.tar.gz.drv
  /nix/store/kv603glzc6wyyzxvcwh2x1jk96qggal9-r-shinyQueryBuilder-0.1.0.drv
building '/nix/store/snvdkc2n193kw5avbhcp4r5l45p8xh9v-shinyQueryBuilder_0.1.0.tar.gz.drv'...

trying https://cran.r-project.org/src/contrib/shinyQueryBuilder_0.1.0.tar.gz
  % Total    % Received % Xferd  Average Speed   Time    Time     Time  Current
                                 Dload  Upload   Total   Spent    Left  Speed
100 1341k  100 1341k    0     0  4095k      0 --:--:-- --:--:-- --:--:-- 4089k
building '/nix/store/kv603glzc6wyyzxvcwh2x1jk96qggal9-r-shinyQueryBuilder-0.1.0.drv'...
Running phase: unpackPhase
unpacking source archive /nix/store/yfgb9z54md9afg1nbmmy072rm1irn2hi-shinyQueryBuilder_0.1.0.tar.gz
source root is shinyQueryBuilder
setting SOURCE_DATE_EPOCH to timestamp 1727359202 of file shinyQueryBuilder/MD5
Running phase: patchPhase
Running phase: updateAutotoolsGnuConfigScriptsPhase
Running phase: configurePhase
Running phase: buildPhase
Running phase: checkPhase
Running phase: installPhase
* installing *source* package ‘shinyQueryBuilder’ ...
** package ‘shinyQueryBuilder’ correctement décompressé et sommes MD5 vérifiées
** using staged installation
** R
** inst
** byte-compile and prepare package for lazy loading
** help
*** installing help indices
*** copying figures
** building package indices
** installing vignettes
** testing if installed package can be loaded from temporary location
** testing if installed package can be loaded from final location
** testing if installed package keeps a record of temporary installation path
* DONE (shinyQueryBuilder)
Running phase: fixupPhase
checking for references to /private/tmp/nix-build-r-shinyQueryBuilder-0.1.0.drv-0/ in /nix/store/p5xxq95hx44b6xzb7d4bf6d51q1gvhzf-r-shinyQueryBuilder-0.1.0...
patching script interpreter paths in /nix/store/p5xxq95hx44b6xzb7d4bf6d51q1gvhzf-r-shinyQueryBuilder-0.1.0
rewriting symlink /nix/store/p5xxq95hx44b6xzb7d4bf6d51q1gvhzf-r-shinyQueryBuilder-0.1.0/nix-support/propagated-user-env-packages to be relative to /nix/store/p5xxq95hx44b6xzb7d4bf6d51q1gvhzf-r-shinyQueryBuilder-0.1.0
