this derivation will be built:
  /nix/store/ymkw1s5x24h3rx8d0crz4qmljdn1dfss-r-langevitour-0.7.drv
this path will be fetched (0.34 MiB download, 0.34 MiB unpacked):
  /nix/store/arsclaiwm9zmddpl4k8adbq2m5hi9b8r-langevitour_0.7.tar.gz
copying path '/nix/store/arsclaiwm9zmddpl4k8adbq2m5hi9b8r-langevitour_0.7.tar.gz' from 'https://cache.nixos.org'...
building '/nix/store/ymkw1s5x24h3rx8d0crz4qmljdn1dfss-r-langevitour-0.7.drv'...
Running phase: unpackPhase
unpacking source archive /nix/store/arsclaiwm9zmddpl4k8adbq2m5hi9b8r-langevitour_0.7.tar.gz
source root is langevitour
setting SOURCE_DATE_EPOCH to timestamp 1708749002 of file langevitour/MD5
Running phase: patchPhase
Running phase: updateAutotoolsGnuConfigScriptsPhase
Running phase: configurePhase
Running phase: buildPhase
Running phase: checkPhase
Running phase: installPhase
* installing *source* package ‘langevitour’ ...
** package ‘langevitour’ correctement décompressé et sommes MD5 vérifiées
** using staged installation
** R
** data
** inst
** byte-compile and prepare package for lazy loading
** help
*** installing help indices
** building package indices
** installing vignettes
** testing if installed package can be loaded from temporary location
** testing if installed package can be loaded from final location
** testing if installed package keeps a record of temporary installation path
* DONE (langevitour)
Running phase: fixupPhase
checking for references to /private/tmp/nix-build-r-langevitour-0.7.drv-0/ in /nix/store/4hc0nhh4pmz8wy935f5p9l2ppaslxlyd-r-langevitour-0.7...
patching script interpreter paths in /nix/store/4hc0nhh4pmz8wy935f5p9l2ppaslxlyd-r-langevitour-0.7
rewriting symlink /nix/store/4hc0nhh4pmz8wy935f5p9l2ppaslxlyd-r-langevitour-0.7/nix-support/propagated-user-env-packages to be relative to /nix/store/4hc0nhh4pmz8wy935f5p9l2ppaslxlyd-r-langevitour-0.7
