this derivation will be built:
  /nix/store/1ps7cza0kkqb2pcj0lrv9w18ly6fig8m-r-ldhmm-0.6.1.drv
this path will be fetched (1.27 MiB download, 1.27 MiB unpacked):
  /nix/store/fnmi05cfy0kpjb830vccy6f4csk4gj80-ldhmm_0.6.1.tar.gz
copying path '/nix/store/fnmi05cfy0kpjb830vccy6f4csk4gj80-ldhmm_0.6.1.tar.gz' from 'https://cache.nixos.org'...
building '/nix/store/1ps7cza0kkqb2pcj0lrv9w18ly6fig8m-r-ldhmm-0.6.1.drv'...
Running phase: unpackPhase
unpacking source archive /nix/store/fnmi05cfy0kpjb830vccy6f4csk4gj80-ldhmm_0.6.1.tar.gz
source root is ldhmm
setting SOURCE_DATE_EPOCH to timestamp 1702271402 of file ldhmm/MD5
Running phase: patchPhase
Running phase: updateAutotoolsGnuConfigScriptsPhase
Running phase: configurePhase
Running phase: buildPhase
Running phase: checkPhase
Running phase: installPhase
* installing *source* package ‘ldhmm’ ...
** package ‘ldhmm’ correctement décompressé et sommes MD5 vérifiées
** using staged installation
** R
** inst
** byte-compile and prepare package for lazy loading
** help
*** installing help indices
** building package indices
** testing if installed package can be loaded from temporary location
** testing if installed package can be loaded from final location
** testing if installed package keeps a record of temporary installation path
* DONE (ldhmm)
Running phase: fixupPhase
checking for references to /private/tmp/nix-build-r-ldhmm-0.6.1.drv-0/ in /nix/store/rb167r2ph324hl4jjphbxq1hs04zhbny-r-ldhmm-0.6.1...
patching script interpreter paths in /nix/store/rb167r2ph324hl4jjphbxq1hs04zhbny-r-ldhmm-0.6.1
rewriting symlink /nix/store/rb167r2ph324hl4jjphbxq1hs04zhbny-r-ldhmm-0.6.1/nix-support/propagated-user-env-packages to be relative to /nix/store/rb167r2ph324hl4jjphbxq1hs04zhbny-r-ldhmm-0.6.1
