this derivation will be built:
  /nix/store/1fjbxzyan4200vzx9mwkpakim7swyk6k-r-natserv-1.0.0.drv
this path will be fetched (0.17 MiB download, 0.17 MiB unpacked):
  /nix/store/yv2d68r11p5947i6pj5zqfrsrzkf8fkb-natserv_1.0.0.tar.gz
copying path '/nix/store/yv2d68r11p5947i6pj5zqfrsrzkf8fkb-natserv_1.0.0.tar.gz' from 'https://cache.nixos.org'...
building '/nix/store/1fjbxzyan4200vzx9mwkpakim7swyk6k-r-natserv-1.0.0.drv'...
Running phase: unpackPhase
unpacking source archive /nix/store/yv2d68r11p5947i6pj5zqfrsrzkf8fkb-natserv_1.0.0.tar.gz
source root is natserv
setting SOURCE_DATE_EPOCH to timestamp 1589668207 of file natserv/MD5
Running phase: patchPhase
Running phase: updateAutotoolsGnuConfigScriptsPhase
Running phase: configurePhase
Running phase: buildPhase
Running phase: checkPhase
Running phase: installPhase
* installing *source* package ‘natserv’ ...
** package ‘natserv’ correctement décompressé et sommes MD5 vérifiées
** using staged installation
** R
** data
*** moving datasets to lazyload DB
** inst
** byte-compile and prepare package for lazy loading
** help
*** installing help indices
*** copying figures
** building package indices
** installing vignettes
** testing if installed package can be loaded from temporary location
** testing if installed package can be loaded from final location
** testing if installed package keeps a record of temporary installation path
* DONE (natserv)
Running phase: fixupPhase
checking for references to /private/tmp/nix-build-r-natserv-1.0.0.drv-0/ in /nix/store/s3v24ri5k878z625d6c3c0k0jsfj9x4p-r-natserv-1.0.0...
patching script interpreter paths in /nix/store/s3v24ri5k878z625d6c3c0k0jsfj9x4p-r-natserv-1.0.0
rewriting symlink /nix/store/s3v24ri5k878z625d6c3c0k0jsfj9x4p-r-natserv-1.0.0/nix-support/propagated-user-env-packages to be relative to /nix/store/s3v24ri5k878z625d6c3c0k0jsfj9x4p-r-natserv-1.0.0
