this derivation will be built:
  /nix/store/d0bfnl86njalx5w23mcvq99dgyghhwmy-r-rineq-0.2.3.drv
this path will be fetched (0.34 MiB download, 0.34 MiB unpacked):
  /nix/store/mysmkbqnszg2ppz375r1agbbbap32zkc-rineq_0.2.3.tar.gz
copying path '/nix/store/mysmkbqnszg2ppz375r1agbbbap32zkc-rineq_0.2.3.tar.gz' from 'https://cache.nixos.org'...
building '/nix/store/d0bfnl86njalx5w23mcvq99dgyghhwmy-r-rineq-0.2.3.drv'...
Running phase: unpackPhase
unpacking source archive /nix/store/mysmkbqnszg2ppz375r1agbbbap32zkc-rineq_0.2.3.tar.gz
source root is rineq
setting SOURCE_DATE_EPOCH to timestamp 1681827002 of file rineq/MD5
Running phase: patchPhase
Running phase: updateAutotoolsGnuConfigScriptsPhase
Running phase: configurePhase
Running phase: buildPhase
Running phase: checkPhase
Running phase: installPhase
* installing *source* package ‘rineq’ ...
** package ‘rineq’ correctement décompressé et sommes MD5 vérifiées
** using staged installation
** R
** data
*** moving datasets to lazyload DB
** byte-compile and prepare package for lazy loading
** help
*** installing help indices
** building package indices
** testing if installed package can be loaded from temporary location
** testing if installed package can be loaded from final location
** testing if installed package keeps a record of temporary installation path
* DONE (rineq)
Running phase: fixupPhase
checking for references to /private/tmp/nix-build-r-rineq-0.2.3.drv-0/ in /nix/store/iyaf8j4yfs09mbfxqs3k8x6ywzmwqk3n-r-rineq-0.2.3...
patching script interpreter paths in /nix/store/iyaf8j4yfs09mbfxqs3k8x6ywzmwqk3n-r-rineq-0.2.3
