these 2 derivations will be built:
  /nix/store/y9xy9vj9p85zr2qgv9a7ji4bgzzkvl1j-sjSDM_1.0.6.tar.gz.drv
  /nix/store/77z112w0mib5parhasxz63p7qg3bm22p-r-sjSDM-1.0.6.drv
building '/nix/store/y9xy9vj9p85zr2qgv9a7ji4bgzzkvl1j-sjSDM_1.0.6.tar.gz.drv'...

trying https://cran.r-project.org/src/contrib/sjSDM_1.0.6.tar.gz
  % Total    % Received % Xferd  Average Speed   Time    Time     Time  Current
                                 Dload  Upload   Total   Spent    Left  Speed
100 1268k  100 1268k    0     0  3567k      0 --:--:-- --:--:-- --:--:-- 3573k
building '/nix/store/77z112w0mib5parhasxz63p7qg3bm22p-r-sjSDM-1.0.6.drv'...
Running phase: unpackPhase
unpacking source archive /nix/store/rcysxcywlrq8zrmqvjag0bxcn17cc3px-sjSDM_1.0.6.tar.gz
source root is sjSDM
setting SOURCE_DATE_EPOCH to timestamp 1724068806 of file sjSDM/MD5
Running phase: patchPhase
Running phase: updateAutotoolsGnuConfigScriptsPhase
Running phase: configurePhase
Running phase: buildPhase
Running phase: checkPhase
Running phase: installPhase
* installing *source* package ‘sjSDM’ ...
** package ‘sjSDM’ correctement décompressé et sommes MD5 vérifiées
** using staged installation
** R
** data
*** moving datasets to lazyload DB
** inst
** byte-compile and prepare package for lazy loading
** help
*** installing help indices
*** copying figures
** building package indices
** installing vignettes
** testing if installed package can be loaded from temporary location
** testing if installed package can be loaded from final location
** testing if installed package keeps a record of temporary installation path
* DONE (sjSDM)
Running phase: fixupPhase
checking for references to /private/tmp/nix-build-r-sjSDM-1.0.6.drv-0/ in /nix/store/7f011smw9pd08220hpmc7wmnkhzwdq8l-r-sjSDM-1.0.6...
patching script interpreter paths in /nix/store/7f011smw9pd08220hpmc7wmnkhzwdq8l-r-sjSDM-1.0.6
rewriting symlink /nix/store/7f011smw9pd08220hpmc7wmnkhzwdq8l-r-sjSDM-1.0.6/nix-support/propagated-user-env-packages to be relative to /nix/store/7f011smw9pd08220hpmc7wmnkhzwdq8l-r-sjSDM-1.0.6
