this derivation will be built:
  /nix/store/h238xxwd6bhb9hz8s87mqf6zx35xq0di-r-springpheno-0.5.0.drv
this path will be fetched (0.09 MiB download, 0.09 MiB unpacked):
  /nix/store/1yfnbcn5r16d62y5rsxf2v73gpry5391-springpheno_0.5.0.tar.gz
copying path '/nix/store/1yfnbcn5r16d62y5rsxf2v73gpry5391-springpheno_0.5.0.tar.gz' from 'https://cache.nixos.org'...
building '/nix/store/h238xxwd6bhb9hz8s87mqf6zx35xq0di-r-springpheno-0.5.0.drv'...
Running phase: unpackPhase
unpacking source archive /nix/store/1yfnbcn5r16d62y5rsxf2v73gpry5391-springpheno_0.5.0.tar.gz
source root is springpheno
setting SOURCE_DATE_EPOCH to timestamp 1636620602 of file springpheno/MD5
Running phase: patchPhase
Running phase: updateAutotoolsGnuConfigScriptsPhase
Running phase: configurePhase
Running phase: buildPhase
Running phase: checkPhase
Running phase: installPhase
* installing *source* package ‘springpheno’ ...
** package ‘springpheno’ correctement décompressé et sommes MD5 vérifiées
** using staged installation
** R
** data
*** moving datasets to lazyload DB
** byte-compile and prepare package for lazy loading
** help
*** installing help indices
** building package indices
** testing if installed package can be loaded from temporary location
** testing if installed package can be loaded from final location
** testing if installed package keeps a record of temporary installation path
* DONE (springpheno)
Running phase: fixupPhase
checking for references to /private/tmp/nix-build-r-springpheno-0.5.0.drv-0/ in /nix/store/21dxqqahsq3m7qj7frzxawvszslr7xfs-r-springpheno-0.5.0...
patching script interpreter paths in /nix/store/21dxqqahsq3m7qj7frzxawvszslr7xfs-r-springpheno-0.5.0
