this derivation will be built:
  /nix/store/y2zjnja5d3k163vay6mj03kyai85rcyr-r-nivm-0.5.drv
this path will be fetched (0.02 MiB download, 0.02 MiB unpacked):
  /nix/store/s80fzhrhf8aks8iv1jrc2k3w4ymn980g-nivm_0.5.tar.gz
copying path '/nix/store/s80fzhrhf8aks8iv1jrc2k3w4ymn980g-nivm_0.5.tar.gz' from 'https://cache.nixos.org'...
building '/nix/store/y2zjnja5d3k163vay6mj03kyai85rcyr-r-nivm-0.5.drv'...
Running phase: unpackPhase
unpacking source archive /nix/store/s80fzhrhf8aks8iv1jrc2k3w4ymn980g-nivm_0.5.tar.gz
source root is nivm
setting SOURCE_DATE_EPOCH to timestamp 1706220602 of file nivm/MD5
Running phase: patchPhase
Running phase: updateAutotoolsGnuConfigScriptsPhase
Running phase: configurePhase
Running phase: buildPhase
Running phase: checkPhase
Running phase: installPhase
* installing *source* package ‘nivm’ ...
** package ‘nivm’ correctement décompressé et sommes MD5 vérifiées
** using staged installation
** R
** demo
** byte-compile and prepare package for lazy loading
** help
*** installing help indices
** building package indices
** testing if installed package can be loaded from temporary location
** testing if installed package can be loaded from final location
** testing if installed package keeps a record of temporary installation path
* DONE (nivm)
Running phase: fixupPhase
checking for references to /private/tmp/nix-build-r-nivm-0.5.drv-0/ in /nix/store/zzcfb299vgl9dkl224z7afihgamdwbym-r-nivm-0.5...
patching script interpreter paths in /nix/store/zzcfb299vgl9dkl224z7afihgamdwbym-r-nivm-0.5
rewriting symlink /nix/store/zzcfb299vgl9dkl224z7afihgamdwbym-r-nivm-0.5/nix-support/propagated-user-env-packages to be relative to /nix/store/zzcfb299vgl9dkl224z7afihgamdwbym-r-nivm-0.5
