this derivation will be built:
  /nix/store/vdfnmrw4si58bpi8pr3kgp0zs46sixhy-r-UpDown-1.2.1.drv
this path will be fetched (1.81 MiB download, 1.81 MiB unpacked):
  /nix/store/fibnjbc552339nsizkmhjpvs793d28d4-UpDown_1.2.1.tar.gz
copying path '/nix/store/fibnjbc552339nsizkmhjpvs793d28d4-UpDown_1.2.1.tar.gz' from 'https://cache.nixos.org'...
building '/nix/store/vdfnmrw4si58bpi8pr3kgp0zs46sixhy-r-UpDown-1.2.1.drv'...
Running phase: unpackPhase
unpacking source archive /nix/store/fibnjbc552339nsizkmhjpvs793d28d4-UpDown_1.2.1.tar.gz
source root is UpDown
setting SOURCE_DATE_EPOCH to timestamp 1689879013 of file UpDown/MD5
Running phase: patchPhase
Running phase: updateAutotoolsGnuConfigScriptsPhase
Running phase: configurePhase
Running phase: buildPhase
Running phase: checkPhase
Running phase: installPhase
* installing *source* package ‘UpDown’ ...
** package ‘UpDown’ correctement décompressé et sommes MD5 vérifiées
** using staged installation
** R
** data
*** moving datasets to lazyload DB
** byte-compile and prepare package for lazy loading
** help
*** installing help indices
** building package indices
** testing if installed package can be loaded from temporary location
** testing if installed package can be loaded from final location
** testing if installed package keeps a record of temporary installation path
* DONE (UpDown)
Running phase: fixupPhase
checking for references to /private/tmp/nix-build-r-UpDown-1.2.1.drv-0/ in /nix/store/fkg88zrpg8w48lxp7asqxslcvhb74q3w-r-UpDown-1.2.1...
patching script interpreter paths in /nix/store/fkg88zrpg8w48lxp7asqxslcvhb74q3w-r-UpDown-1.2.1
rewriting symlink /nix/store/fkg88zrpg8w48lxp7asqxslcvhb74q3w-r-UpDown-1.2.1/nix-support/propagated-user-env-packages to be relative to /nix/store/fkg88zrpg8w48lxp7asqxslcvhb74q3w-r-UpDown-1.2.1
