this derivation will be built:
  /nix/store/bj17pcz8q13hix9k4733sai36c7xd3pd-r-func2vis-1.0-3.drv
building '/nix/store/bj17pcz8q13hix9k4733sai36c7xd3pd-r-func2vis-1.0-3.drv'...
Running phase: unpackPhase
unpacking source archive /nix/store/bxnx44pj3l889aj5xkd2hkfphh4kwdq4-func2vis_1.0-3.tar.gz
source root is func2vis
setting SOURCE_DATE_EPOCH to timestamp 1678987802 of file func2vis/MD5
Running phase: patchPhase
Running phase: updateAutotoolsGnuConfigScriptsPhase
Running phase: configurePhase
Running phase: buildPhase
Running phase: checkPhase
Running phase: installPhase
* installing *source* package ‘func2vis’ ...
** package ‘func2vis’ correctement décompressé et sommes MD5 vérifiées
** using staged installation
** R
** data
** byte-compile and prepare package for lazy loading
** help
*** installing help indices
** building package indices
** testing if installed package can be loaded from temporary location
** testing if installed package can be loaded from final location
** testing if installed package keeps a record of temporary installation path
* DONE (func2vis)
Running phase: fixupPhase
checking for references to /private/tmp/nix-build-r-func2vis-1.0-3.drv-0/ in /nix/store/84niw1ffjaq9jwv2xglnjdw734w4c0js-r-func2vis-1.0-3...
patching script interpreter paths in /nix/store/84niw1ffjaq9jwv2xglnjdw734w4c0js-r-func2vis-1.0-3
rewriting symlink /nix/store/84niw1ffjaq9jwv2xglnjdw734w4c0js-r-func2vis-1.0-3/nix-support/propagated-user-env-packages to be relative to /nix/store/84niw1ffjaq9jwv2xglnjdw734w4c0js-r-func2vis-1.0-3
