this derivation will be built:
  /nix/store/qq1r2wm2rhv9712ay0znxk2m37j377n6-r-MultiplierDEA-0.1.19.drv
this path will be fetched (0.03 MiB download, 0.03 MiB unpacked):
  /nix/store/j9aywnr1sbr1ikaiqriq0c6l29cjlb3p-MultiplierDEA_0.1.19.tar.gz
copying path '/nix/store/j9aywnr1sbr1ikaiqriq0c6l29cjlb3p-MultiplierDEA_0.1.19.tar.gz' from 'https://cache.nixos.org'...
building '/nix/store/qq1r2wm2rhv9712ay0znxk2m37j377n6-r-MultiplierDEA-0.1.19.drv'...
Running phase: unpackPhase
unpacking source archive /nix/store/j9aywnr1sbr1ikaiqriq0c6l29cjlb3p-MultiplierDEA_0.1.19.tar.gz
source root is MultiplierDEA
setting SOURCE_DATE_EPOCH to timestamp 1662070202 of file MultiplierDEA/MD5
Running phase: patchPhase
Running phase: updateAutotoolsGnuConfigScriptsPhase
Running phase: configurePhase
Running phase: buildPhase
Running phase: checkPhase
Running phase: installPhase
* installing *source* package ‘MultiplierDEA’ ...
** package ‘MultiplierDEA’ correctement décompressé et sommes MD5 vérifiées
** using staged installation
** R
** data
*** moving datasets to lazyload DB
** byte-compile and prepare package for lazy loading
** help
*** installing help indices
** building package indices
** testing if installed package can be loaded from temporary location
** testing if installed package can be loaded from final location
** testing if installed package keeps a record of temporary installation path
* DONE (MultiplierDEA)
Running phase: fixupPhase
checking for references to /private/tmp/nix-build-r-MultiplierDEA-0.1.19.drv-0/ in /nix/store/7ih2lm5iyba6qwaqw34ydw93q1bcyvg1-r-MultiplierDEA-0.1.19...
patching script interpreter paths in /nix/store/7ih2lm5iyba6qwaqw34ydw93q1bcyvg1-r-MultiplierDEA-0.1.19
rewriting symlink /nix/store/7ih2lm5iyba6qwaqw34ydw93q1bcyvg1-r-MultiplierDEA-0.1.19/nix-support/propagated-user-env-packages to be relative to /nix/store/7ih2lm5iyba6qwaqw34ydw93q1bcyvg1-r-MultiplierDEA-0.1.19
