these 3 derivations will be built:
  /nix/store/0n98ccagjwlr03hmfnli9v4rradaz74z-dawaR_0.2.6.tar.gz.drv
  /nix/store/lllkd14fi7c9ncbcix4zzn2fp7fps5j9-r-tidyRSS-2.0.7.drv
  /nix/store/qlp3mnlskr506kjga87jp2x5ycczhg6s-r-dawaR-0.2.6.drv
building '/nix/store/0n98ccagjwlr03hmfnli9v4rradaz74z-dawaR_0.2.6.tar.gz.drv'...
building '/nix/store/lllkd14fi7c9ncbcix4zzn2fp7fps5j9-r-tidyRSS-2.0.7.drv'...

trying https://cran.r-project.org/src/contrib/dawaR_0.2.6.tar.gz
  % Total    % Received % Xferd  Average Speed   Time    Time     Time  Current
                                 Dload  Upload   Total   Spent    Left  Speed
Running phase: unpackPhase
unpacking source archive /nix/store/k9p39dfmblif4vaawr7sh7jg305770rh-tidyRSS_2.0.7.tar.gz
source root is tidyRSS
setting SOURCE_DATE_EPOCH to timestamp 1678029602 of file tidyRSS/MD5
Running phase: patchPhase
Running phase: updateAutotoolsGnuConfigScriptsPhase
100  475k  100  475k    0     0  2043k      0 --:--:-- --:--:-- --:--:-- 2050k
Running phase: configurePhase
Running phase: buildPhase
Running phase: checkPhase
Running phase: installPhase
* installing *source* package ‘tidyRSS’ ...
** package ‘tidyRSS’ correctement décompressé et sommes MD5 vérifiées
** using staged installation
** R
** inst
** byte-compile and prepare package for lazy loading
** help
*** installing help indices
*** copying figures
** building package indices
** testing if installed package can be loaded from temporary location
** testing if installed package can be loaded from final location
** testing if installed package keeps a record of temporary installation path
* DONE (tidyRSS)
Running phase: fixupPhase
checking for references to /private/tmp/nix-build-r-tidyRSS-2.0.7.drv-0/ in /nix/store/5pbb0s752297clipgbp96ildisblmbwm-r-tidyRSS-2.0.7...
patching script interpreter paths in /nix/store/5pbb0s752297clipgbp96ildisblmbwm-r-tidyRSS-2.0.7
rewriting symlink /nix/store/5pbb0s752297clipgbp96ildisblmbwm-r-tidyRSS-2.0.7/nix-support/propagated-user-env-packages to be relative to /nix/store/5pbb0s752297clipgbp96ildisblmbwm-r-tidyRSS-2.0.7
building '/nix/store/qlp3mnlskr506kjga87jp2x5ycczhg6s-r-dawaR-0.2.6.drv'...
Running phase: unpackPhase
unpacking source archive /nix/store/0rk5b5jypbpi4cj2xyfq7av9xhvcj7jw-dawaR_0.2.6.tar.gz
source root is dawaR
setting SOURCE_DATE_EPOCH to timestamp 1732454402 of file dawaR/MD5
Running phase: patchPhase
Running phase: updateAutotoolsGnuConfigScriptsPhase
Running phase: configurePhase
Running phase: buildPhase
Running phase: checkPhase
Running phase: installPhase
* installing *source* package ‘dawaR’ ...
** package ‘dawaR’ correctement décompressé et sommes MD5 vérifiées
** using staged installation
** R
** inst
** byte-compile and prepare package for lazy loading
** help
*** installing help indices
*** copying figures
** building package indices
** installing vignettes
** testing if installed package can be loaded from temporary location
** testing if installed package can be loaded from final location
** testing if installed package keeps a record of temporary installation path
* DONE (dawaR)
Running phase: fixupPhase
checking for references to /private/tmp/nix-build-r-dawaR-0.2.6.drv-0/ in /nix/store/w089d9j9r346ylblrdaiy0l40ky3dlnr-r-dawaR-0.2.6...
patching script interpreter paths in /nix/store/w089d9j9r346ylblrdaiy0l40ky3dlnr-r-dawaR-0.2.6
rewriting symlink /nix/store/w089d9j9r346ylblrdaiy0l40ky3dlnr-r-dawaR-0.2.6/nix-support/propagated-user-env-packages to be relative to /nix/store/w089d9j9r346ylblrdaiy0l40ky3dlnr-r-dawaR-0.2.6
