this derivation will be built:
  /nix/store/8i6jb64y5cxhadwb277nrxd24m7114hk-r-ROpenWeatherMap-1.1.drv
this path will be fetched (0.00 MiB download, 0.00 MiB unpacked):
  /nix/store/3j3mxqp33wnqmdjckyw7cnhkwlfr101h-ROpenWeatherMap_1.1.tar.gz
copying path '/nix/store/3j3mxqp33wnqmdjckyw7cnhkwlfr101h-ROpenWeatherMap_1.1.tar.gz' from 'https://cache.nixos.org'...
building '/nix/store/8i6jb64y5cxhadwb277nrxd24m7114hk-r-ROpenWeatherMap-1.1.drv'...
Running phase: unpackPhase
unpacking source archive /nix/store/3j3mxqp33wnqmdjckyw7cnhkwlfr101h-ROpenWeatherMap_1.1.tar.gz
source root is ROpenWeatherMap
setting SOURCE_DATE_EPOCH to timestamp 1458118902 of file ROpenWeatherMap/MD5
Running phase: patchPhase
Running phase: updateAutotoolsGnuConfigScriptsPhase
Running phase: configurePhase
Running phase: buildPhase
Running phase: checkPhase
Running phase: installPhase
* installing *source* package ‘ROpenWeatherMap’ ...
** package ‘ROpenWeatherMap’ correctement décompressé et sommes MD5 vérifiées
** using staged installation
** R
** byte-compile and prepare package for lazy loading
** help
*** installing help indices
** building package indices
** testing if installed package can be loaded from temporary location
** testing if installed package can be loaded from final location
** testing if installed package keeps a record of temporary installation path
* DONE (ROpenWeatherMap)
Running phase: fixupPhase
checking for references to /private/tmp/nix-build-r-ROpenWeatherMap-1.1.drv-0/ in /nix/store/lmmjhf7mr2qga91j4kvzibzs25j60w3k-r-ROpenWeatherMap-1.1...
patching script interpreter paths in /nix/store/lmmjhf7mr2qga91j4kvzibzs25j60w3k-r-ROpenWeatherMap-1.1
rewriting symlink /nix/store/lmmjhf7mr2qga91j4kvzibzs25j60w3k-r-ROpenWeatherMap-1.1/nix-support/propagated-user-env-packages to be relative to /nix/store/lmmjhf7mr2qga91j4kvzibzs25j60w3k-r-ROpenWeatherMap-1.1
