this derivation will be built:
  /nix/store/342g14bl5fwzyi097n2lazcl8sfzz78m-r-cppcheckR-1.0.0.drv
building '/nix/store/342g14bl5fwzyi097n2lazcl8sfzz78m-r-cppcheckR-1.0.0.drv'...
Running phase: unpackPhase
unpacking source archive /nix/store/0rj2aw4sdpr7gz9rmmgc58lay8zbsvxb-cppcheckR_1.0.0.tar.gz
source root is cppcheckR
setting SOURCE_DATE_EPOCH to timestamp 1654852209 of file cppcheckR/MD5
Running phase: patchPhase
Running phase: updateAutotoolsGnuConfigScriptsPhase
Running phase: configurePhase
Running phase: buildPhase
Running phase: checkPhase
Running phase: installPhase
* installing *source* package ‘cppcheckR’ ...
** package ‘cppcheckR’ correctement décompressé et sommes MD5 vérifiées
** using staged installation
** R
** inst
** byte-compile and prepare package for lazy loading
** help
*** installing help indices
** building package indices
** testing if installed package can be loaded from temporary location
** testing if installed package can be loaded from final location
** testing if installed package keeps a record of temporary installation path
* DONE (cppcheckR)
Running phase: fixupPhase
checking for references to /private/tmp/nix-build-r-cppcheckR-1.0.0.drv-0/ in /nix/store/60pc52znrvpx06rwmz5pwbjz4wpzn4zd-r-cppcheckR-1.0.0...
patching script interpreter paths in /nix/store/60pc52znrvpx06rwmz5pwbjz4wpzn4zd-r-cppcheckR-1.0.0
rewriting symlink /nix/store/60pc52znrvpx06rwmz5pwbjz4wpzn4zd-r-cppcheckR-1.0.0/nix-support/propagated-user-env-packages to be relative to /nix/store/60pc52znrvpx06rwmz5pwbjz4wpzn4zd-r-cppcheckR-1.0.0
