this derivation will be built:
  /nix/store/kg2bdiwwagd206z6mzsdsnlpw6518vpm-r-ICSOutlier-0.4-0.drv
this path will be fetched (0.76 MiB download, 0.76 MiB unpacked):
  /nix/store/wihxfw7bbqr9npnhpgd71cnf9w2kjsd5-ICSOutlier_0.4-0.tar.gz
copying path '/nix/store/wihxfw7bbqr9npnhpgd71cnf9w2kjsd5-ICSOutlier_0.4-0.tar.gz' from 'https://cache.nixos.org'...
building '/nix/store/kg2bdiwwagd206z6mzsdsnlpw6518vpm-r-ICSOutlier-0.4-0.drv'...
Running phase: unpackPhase
unpacking source archive /nix/store/wihxfw7bbqr9npnhpgd71cnf9w2kjsd5-ICSOutlier_0.4-0.tar.gz
source root is ICSOutlier
setting SOURCE_DATE_EPOCH to timestamp 1702480202 of file ICSOutlier/MD5
Running phase: patchPhase
Running phase: updateAutotoolsGnuConfigScriptsPhase
Running phase: configurePhase
Running phase: buildPhase
Running phase: checkPhase
Running phase: installPhase
* installing *source* package ‘ICSOutlier’ ...
** package ‘ICSOutlier’ correctement décompressé et sommes MD5 vérifiées
** using staged installation
** R
** data
** inst
** byte-compile and prepare package for lazy loading
** help
*** installing help indices
** building package indices
** testing if installed package can be loaded from temporary location
** testing if installed package can be loaded from final location
** testing if installed package keeps a record of temporary installation path
* DONE (ICSOutlier)
Running phase: fixupPhase
checking for references to /private/tmp/nix-build-r-ICSOutlier-0.4-0.drv-0/ in /nix/store/xnxpv76gcz6slvg4sdlakdlsdcvkq61h-r-ICSOutlier-0.4-0...
patching script interpreter paths in /nix/store/xnxpv76gcz6slvg4sdlakdlsdcvkq61h-r-ICSOutlier-0.4-0
rewriting symlink /nix/store/xnxpv76gcz6slvg4sdlakdlsdcvkq61h-r-ICSOutlier-0.4-0/nix-support/propagated-user-env-packages to be relative to /nix/store/xnxpv76gcz6slvg4sdlakdlsdcvkq61h-r-ICSOutlier-0.4-0
