this derivation will be built:
  /nix/store/fyaxgpikj4pjmpbvj6fxbdgyhkjbrk8b-r-robflreg-1.2.drv
this path will be fetched (0.10 MiB download, 0.10 MiB unpacked):
  /nix/store/j5d3310rhzks247jrzmg3hgac71h6s9v-robflreg_1.2.tar.gz
copying path '/nix/store/j5d3310rhzks247jrzmg3hgac71h6s9v-robflreg_1.2.tar.gz' from 'https://cache.nixos.org'...
building '/nix/store/fyaxgpikj4pjmpbvj6fxbdgyhkjbrk8b-r-robflreg-1.2.drv'...
Running phase: unpackPhase
unpacking source archive /nix/store/j5d3310rhzks247jrzmg3hgac71h6s9v-robflreg_1.2.tar.gz
source root is robflreg
setting SOURCE_DATE_EPOCH to timestamp 1706045403 of file robflreg/MD5
Running phase: patchPhase
Running phase: updateAutotoolsGnuConfigScriptsPhase
Running phase: configurePhase
Running phase: buildPhase
Running phase: checkPhase
Running phase: installPhase
* installing *source* package ‘robflreg’ ...
** package ‘robflreg’ correctement décompressé et sommes MD5 vérifiées
** using staged installation
** R
** data
** byte-compile and prepare package for lazy loading
** help
*** installing help indices
** building package indices
** testing if installed package can be loaded from temporary location
** testing if installed package can be loaded from final location
** testing if installed package keeps a record of temporary installation path
* DONE (robflreg)
Running phase: fixupPhase
checking for references to /private/tmp/nix-build-r-robflreg-1.2.drv-0/ in /nix/store/vxa1cqw3bsj7lm6mfi1n6qpj8m2c29sc-r-robflreg-1.2...
patching script interpreter paths in /nix/store/vxa1cqw3bsj7lm6mfi1n6qpj8m2c29sc-r-robflreg-1.2
rewriting symlink /nix/store/vxa1cqw3bsj7lm6mfi1n6qpj8m2c29sc-r-robflreg-1.2/nix-support/propagated-user-env-packages to be relative to /nix/store/vxa1cqw3bsj7lm6mfi1n6qpj8m2c29sc-r-robflreg-1.2
