this derivation will be built:
  /nix/store/ci12dz3qh2yz88pswjxpx5fp9y8zqh6m-r-Rlgt-0.2-2.drv
this path will be fetched (0.41 MiB download, 0.42 MiB unpacked):
  /nix/store/dizpnqh26wvlvq0vkyw2r577887fdcla-Rlgt_0.2-2.tar.gz
copying path '/nix/store/dizpnqh26wvlvq0vkyw2r577887fdcla-Rlgt_0.2-2.tar.gz' from 'https://cache.nixos.org'...
building '/nix/store/ci12dz3qh2yz88pswjxpx5fp9y8zqh6m-r-Rlgt-0.2-2.drv'...
Running phase: unpackPhase
unpacking source archive /nix/store/dizpnqh26wvlvq0vkyw2r577887fdcla-Rlgt_0.2-2.tar.gz
source root is Rlgt
setting SOURCE_DATE_EPOCH to timestamp 1721166002 of file Rlgt/MD5
Running phase: patchPhase
Running phase: updateAutotoolsGnuConfigScriptsPhase
Running phase: configurePhase
Running phase: buildPhase
Running phase: checkPhase
Running phase: installPhase
* installing *source* package ‘Rlgt’ ...
** package ‘Rlgt’ correctement décompressé et sommes MD5 vérifiées
** using staged installation
le code des méthodes de la classe “Rcpp_model_base” n'a pas été vérifié pour les affectations de champs suspectes (package recommandé ‘codetools’ indisponible ?)
le code des méthodes de la classe “Rcpp_model_base” n'a pas été vérifié pour les affectations de champs suspectes (package recommandé ‘codetools’ indisponible ?)
le code des méthodes de la classe “Rcpp_stan_fit” n'a pas été vérifié pour les affectations de champs suspectes (package recommandé ‘codetools’ indisponible ?)
le code des méthodes de la classe “Rcpp_stan_fit” n'a pas été vérifié pour les affectations de champs suspectes (package recommandé ‘codetools’ indisponible ?)
** libs
using C++ compiler: ‘clang version 16.0.6’
using C++17
using SDK: ‘’


/nix/store/v39c0h6xv6hvki2k1bsyp5n090q8y2bp-clang-wrapper-16.0.6/bin/c++ -std=gnu++17 -I"/nix/store/lir8rmsk7dxbj7v1spqmv69z4mafg16l-R-4.4.2/lib/R/include" -DNDEBUG -I"../inst/include" -I"/nix/store/b50zcqfh41vjv73m6w30ccs2zs05hgxy-r-StanHeaders-2.32.10/library/StanHeaders/include/src" -DBOOST_DISABLE_ASSERTS -DEIGEN_NO_DEBUG -DBOOST_MATH_OVERFLOW_ERROR_POLICY=errno_on_error -DUSE_STANC3 -D_HAS_AUTO_PTR_ETC=0 -I'/nix/store/b50zcqfh41vjv73m6w30ccs2zs05hgxy-r-StanHeaders-2.32.10/library/StanHeaders/include' -I'/nix/store/gfma5bb11p8p393nrshp1b5c39jy4mvx-r-rstan-2.32.6/library/rstan/include' -I'/nix/store/k3y4927612y2lxd8d04hhvx801x9zc8y-r-BH-1.84.0-0/library/BH/include' -I'/nix/store/da7yi2xf3argx9hlnn3f0k95b8y1yx2l-r-Rcpp-1.0.13-1/library/Rcpp/include' -I'/nix/store/rnnw6rgkd98vplpryvk019w9yxx64gnw-r-RcppEigen-0.3.4.0.2/library/RcppEigen/include' -I'/nix/store/hcy2j5h598wrllhahyda4wgs43s3fybd-r-RcppParallel-5.1.9/library/RcppParallel/include' -isystem /nix/store/0mmz5i705116bfykc7i1r9jxqwyghj2a-libcxx-16.0.6-dev/include/c++/v1    -I'/nix/store/hcy2j5h598wrllhahyda4wgs43s3fybd-r-RcppParallel-5.1.9/library/RcppParallel/include' -D_REENTRANT -DSTAN_THREADS   -fPIC  -g -O2   -c RcppExports.cpp -o RcppExports.o


/nix/store/v39c0h6xv6hvki2k1bsyp5n090q8y2bp-clang-wrapper-16.0.6/bin/c++ -std=gnu++17 -I"/nix/store/lir8rmsk7dxbj7v1spqmv69z4mafg16l-R-4.4.2/lib/R/include" -DNDEBUG -I"../inst/include" -I"/nix/store/b50zcqfh41vjv73m6w30ccs2zs05hgxy-r-StanHeaders-2.32.10/library/StanHeaders/include/src" -DBOOST_DISABLE_ASSERTS -DEIGEN_NO_DEBUG -DBOOST_MATH_OVERFLOW_ERROR_POLICY=errno_on_error -DUSE_STANC3 -D_HAS_AUTO_PTR_ETC=0 -I'/nix/store/b50zcqfh41vjv73m6w30ccs2zs05hgxy-r-StanHeaders-2.32.10/library/StanHeaders/include' -I'/nix/store/gfma5bb11p8p393nrshp1b5c39jy4mvx-r-rstan-2.32.6/library/rstan/include' -I'/nix/store/k3y4927612y2lxd8d04hhvx801x9zc8y-r-BH-1.84.0-0/library/BH/include' -I'/nix/store/da7yi2xf3argx9hlnn3f0k95b8y1yx2l-r-Rcpp-1.0.13-1/library/Rcpp/include' -I'/nix/store/rnnw6rgkd98vplpryvk019w9yxx64gnw-r-RcppEigen-0.3.4.0.2/library/RcppEigen/include' -I'/nix/store/hcy2j5h598wrllhahyda4wgs43s3fybd-r-RcppParallel-5.1.9/library/RcppParallel/include' -isystem /nix/store/0mmz5i705116bfykc7i1r9jxqwyghj2a-libcxx-16.0.6-dev/include/c++/v1    -I'/nix/store/hcy2j5h598wrllhahyda4wgs43s3fybd-r-RcppParallel-5.1.9/library/RcppParallel/include' -D_REENTRANT -DSTAN_THREADS   -fPIC  -g -O2   -c init.cpp -o init.o


/nix/store/v39c0h6xv6hvki2k1bsyp5n090q8y2bp-clang-wrapper-16.0.6/bin/c++ -std=gnu++17 -I"/nix/store/lir8rmsk7dxbj7v1spqmv69z4mafg16l-R-4.4.2/lib/R/include" -DNDEBUG -I"../inst/include" -I"/nix/store/b50zcqfh41vjv73m6w30ccs2zs05hgxy-r-StanHeaders-2.32.10/library/StanHeaders/include/src" -DBOOST_DISABLE_ASSERTS -DEIGEN_NO_DEBUG -DBOOST_MATH_OVERFLOW_ERROR_POLICY=errno_on_error -DUSE_STANC3 -D_HAS_AUTO_PTR_ETC=0 -I'/nix/store/b50zcqfh41vjv73m6w30ccs2zs05hgxy-r-StanHeaders-2.32.10/library/StanHeaders/include' -I'/nix/store/gfma5bb11p8p393nrshp1b5c39jy4mvx-r-rstan-2.32.6/library/rstan/include' -I'/nix/store/k3y4927612y2lxd8d04hhvx801x9zc8y-r-BH-1.84.0-0/library/BH/include' -I'/nix/store/da7yi2xf3argx9hlnn3f0k95b8y1yx2l-r-Rcpp-1.0.13-1/library/Rcpp/include' -I'/nix/store/rnnw6rgkd98vplpryvk019w9yxx64gnw-r-RcppEigen-0.3.4.0.2/library/RcppEigen/include' -I'/nix/store/hcy2j5h598wrllhahyda4wgs43s3fybd-r-RcppParallel-5.1.9/library/RcppParallel/include' -isystem /nix/store/0mmz5i705116bfykc7i1r9jxqwyghj2a-libcxx-16.0.6-dev/include/c++/v1    -I'/nix/store/hcy2j5h598wrllhahyda4wgs43s3fybd-r-RcppParallel-5.1.9/library/RcppParallel/include' -D_REENTRANT -DSTAN_THREADS   -fPIC  -g -O2   -c rcpp_rexpsmooth.cpp -o rcpp_rexpsmooth.o


/nix/store/v39c0h6xv6hvki2k1bsyp5n090q8y2bp-clang-wrapper-16.0.6/bin/c++ -std=gnu++17 -I"/nix/store/lir8rmsk7dxbj7v1spqmv69z4mafg16l-R-4.4.2/lib/R/include" -DNDEBUG -I"../inst/include" -I"/nix/store/b50zcqfh41vjv73m6w30ccs2zs05hgxy-r-StanHeaders-2.32.10/library/StanHeaders/include/src" -DBOOST_DISABLE_ASSERTS -DEIGEN_NO_DEBUG -DBOOST_MATH_OVERFLOW_ERROR_POLICY=errno_on_error -DUSE_STANC3 -D_HAS_AUTO_PTR_ETC=0 -I'/nix/store/b50zcqfh41vjv73m6w30ccs2zs05hgxy-r-StanHeaders-2.32.10/library/StanHeaders/include' -I'/nix/store/gfma5bb11p8p393nrshp1b5c39jy4mvx-r-rstan-2.32.6/library/rstan/include' -I'/nix/store/k3y4927612y2lxd8d04hhvx801x9zc8y-r-BH-1.84.0-0/library/BH/include' -I'/nix/store/da7yi2xf3argx9hlnn3f0k95b8y1yx2l-r-Rcpp-1.0.13-1/library/Rcpp/include' -I'/nix/store/rnnw6rgkd98vplpryvk019w9yxx64gnw-r-RcppEigen-0.3.4.0.2/library/RcppEigen/include' -I'/nix/store/hcy2j5h598wrllhahyda4wgs43s3fybd-r-RcppParallel-5.1.9/library/RcppParallel/include' -isystem /nix/store/0mmz5i705116bfykc7i1r9jxqwyghj2a-libcxx-16.0.6-dev/include/c++/v1    -I'/nix/store/hcy2j5h598wrllhahyda4wgs43s3fybd-r-RcppParallel-5.1.9/library/RcppParallel/include' -D_REENTRANT -DSTAN_THREADS   -fPIC  -g -O2   -c stanExports_LGT.cc -o stanExports_LGT.o


/nix/store/v39c0h6xv6hvki2k1bsyp5n090q8y2bp-clang-wrapper-16.0.6/bin/c++ -std=gnu++17 -I"/nix/store/lir8rmsk7dxbj7v1spqmv69z4mafg16l-R-4.4.2/lib/R/include" -DNDEBUG -I"../inst/include" -I"/nix/store/b50zcqfh41vjv73m6w30ccs2zs05hgxy-r-StanHeaders-2.32.10/library/StanHeaders/include/src" -DBOOST_DISABLE_ASSERTS -DEIGEN_NO_DEBUG -DBOOST_MATH_OVERFLOW_ERROR_POLICY=errno_on_error -DUSE_STANC3 -D_HAS_AUTO_PTR_ETC=0 -I'/nix/store/b50zcqfh41vjv73m6w30ccs2zs05hgxy-r-StanHeaders-2.32.10/library/StanHeaders/include' -I'/nix/store/gfma5bb11p8p393nrshp1b5c39jy4mvx-r-rstan-2.32.6/library/rstan/include' -I'/nix/store/k3y4927612y2lxd8d04hhvx801x9zc8y-r-BH-1.84.0-0/library/BH/include' -I'/nix/store/da7yi2xf3argx9hlnn3f0k95b8y1yx2l-r-Rcpp-1.0.13-1/library/Rcpp/include' -I'/nix/store/rnnw6rgkd98vplpryvk019w9yxx64gnw-r-RcppEigen-0.3.4.0.2/library/RcppEigen/include' -I'/nix/store/hcy2j5h598wrllhahyda4wgs43s3fybd-r-RcppParallel-5.1.9/library/RcppParallel/include' -isystem /nix/store/0mmz5i705116bfykc7i1r9jxqwyghj2a-libcxx-16.0.6-dev/include/c++/v1    -I'/nix/store/hcy2j5h598wrllhahyda4wgs43s3fybd-r-RcppParallel-5.1.9/library/RcppParallel/include' -D_REENTRANT -DSTAN_THREADS   -fPIC  -g -O2   -c stanExports_S2GT.cc -o stanExports_S2GT.o


/nix/store/v39c0h6xv6hvki2k1bsyp5n090q8y2bp-clang-wrapper-16.0.6/bin/c++ -std=gnu++17 -I"/nix/store/lir8rmsk7dxbj7v1spqmv69z4mafg16l-R-4.4.2/lib/R/include" -DNDEBUG -I"../inst/include" -I"/nix/store/b50zcqfh41vjv73m6w30ccs2zs05hgxy-r-StanHeaders-2.32.10/library/StanHeaders/include/src" -DBOOST_DISABLE_ASSERTS -DEIGEN_NO_DEBUG -DBOOST_MATH_OVERFLOW_ERROR_POLICY=errno_on_error -DUSE_STANC3 -D_HAS_AUTO_PTR_ETC=0 -I'/nix/store/b50zcqfh41vjv73m6w30ccs2zs05hgxy-r-StanHeaders-2.32.10/library/StanHeaders/include' -I'/nix/store/gfma5bb11p8p393nrshp1b5c39jy4mvx-r-rstan-2.32.6/library/rstan/include' -I'/nix/store/k3y4927612y2lxd8d04hhvx801x9zc8y-r-BH-1.84.0-0/library/BH/include' -I'/nix/store/da7yi2xf3argx9hlnn3f0k95b8y1yx2l-r-Rcpp-1.0.13-1/library/Rcpp/include' -I'/nix/store/rnnw6rgkd98vplpryvk019w9yxx64gnw-r-RcppEigen-0.3.4.0.2/library/RcppEigen/include' -I'/nix/store/hcy2j5h598wrllhahyda4wgs43s3fybd-r-RcppParallel-5.1.9/library/RcppParallel/include' -isystem /nix/store/0mmz5i705116bfykc7i1r9jxqwyghj2a-libcxx-16.0.6-dev/include/c++/v1    -I'/nix/store/hcy2j5h598wrllhahyda4wgs43s3fybd-r-RcppParallel-5.1.9/library/RcppParallel/include' -D_REENTRANT -DSTAN_THREADS   -fPIC  -g -O2   -c stanExports_SGT.cc -o stanExports_SGT.o


/nix/store/v39c0h6xv6hvki2k1bsyp5n090q8y2bp-clang-wrapper-16.0.6/bin/c++ -std=gnu++17 -I"/nix/store/lir8rmsk7dxbj7v1spqmv69z4mafg16l-R-4.4.2/lib/R/include" -DNDEBUG -I"../inst/include" -I"/nix/store/b50zcqfh41vjv73m6w30ccs2zs05hgxy-r-StanHeaders-2.32.10/library/StanHeaders/include/src" -DBOOST_DISABLE_ASSERTS -DEIGEN_NO_DEBUG -DBOOST_MATH_OVERFLOW_ERROR_POLICY=errno_on_error -DUSE_STANC3 -D_HAS_AUTO_PTR_ETC=0 -I'/nix/store/b50zcqfh41vjv73m6w30ccs2zs05hgxy-r-StanHeaders-2.32.10/library/StanHeaders/include' -I'/nix/store/gfma5bb11p8p393nrshp1b5c39jy4mvx-r-rstan-2.32.6/library/rstan/include' -I'/nix/store/k3y4927612y2lxd8d04hhvx801x9zc8y-r-BH-1.84.0-0/library/BH/include' -I'/nix/store/da7yi2xf3argx9hlnn3f0k95b8y1yx2l-r-Rcpp-1.0.13-1/library/Rcpp/include' -I'/nix/store/rnnw6rgkd98vplpryvk019w9yxx64gnw-r-RcppEigen-0.3.4.0.2/library/RcppEigen/include' -I'/nix/store/hcy2j5h598wrllhahyda4wgs43s3fybd-r-RcppParallel-5.1.9/library/RcppParallel/include' -isystem /nix/store/0mmz5i705116bfykc7i1r9jxqwyghj2a-libcxx-16.0.6-dev/include/c++/v1    -I'/nix/store/hcy2j5h598wrllhahyda4wgs43s3fybd-r-RcppParallel-5.1.9/library/RcppParallel/include' -D_REENTRANT -DSTAN_THREADS   -fPIC  -g -O2   -c stanExports_ets.cc -o stanExports_ets.o


/nix/store/v39c0h6xv6hvki2k1bsyp5n090q8y2bp-clang-wrapper-16.0.6/bin/c++ -std=gnu++17 -I"/nix/store/lir8rmsk7dxbj7v1spqmv69z4mafg16l-R-4.4.2/lib/R/include" -DNDEBUG -I"../inst/include" -I"/nix/store/b50zcqfh41vjv73m6w30ccs2zs05hgxy-r-StanHeaders-2.32.10/library/StanHeaders/include/src" -DBOOST_DISABLE_ASSERTS -DEIGEN_NO_DEBUG -DBOOST_MATH_OVERFLOW_ERROR_POLICY=errno_on_error -DUSE_STANC3 -D_HAS_AUTO_PTR_ETC=0 -I'/nix/store/b50zcqfh41vjv73m6w30ccs2zs05hgxy-r-StanHeaders-2.32.10/library/StanHeaders/include' -I'/nix/store/gfma5bb11p8p393nrshp1b5c39jy4mvx-r-rstan-2.32.6/library/rstan/include' -I'/nix/store/k3y4927612y2lxd8d04hhvx801x9zc8y-r-BH-1.84.0-0/library/BH/include' -I'/nix/store/da7yi2xf3argx9hlnn3f0k95b8y1yx2l-r-Rcpp-1.0.13-1/library/Rcpp/include' -I'/nix/store/rnnw6rgkd98vplpryvk019w9yxx64gnw-r-RcppEigen-0.3.4.0.2/library/RcppEigen/include' -I'/nix/store/hcy2j5h598wrllhahyda4wgs43s3fybd-r-RcppParallel-5.1.9/library/RcppParallel/include' -isystem /nix/store/0mmz5i705116bfykc7i1r9jxqwyghj2a-libcxx-16.0.6-dev/include/c++/v1    -I'/nix/store/hcy2j5h598wrllhahyda4wgs43s3fybd-r-RcppParallel-5.1.9/library/RcppParallel/include' -D_REENTRANT -DSTAN_THREADS   -fPIC  -g -O2   -c stanExports_etsAAM.cc -o stanExports_etsAAM.o


/nix/store/v39c0h6xv6hvki2k1bsyp5n090q8y2bp-clang-wrapper-16.0.6/bin/c++ -std=gnu++17 -I"/nix/store/lir8rmsk7dxbj7v1spqmv69z4mafg16l-R-4.4.2/lib/R/include" -DNDEBUG -I"../inst/include" -I"/nix/store/b50zcqfh41vjv73m6w30ccs2zs05hgxy-r-StanHeaders-2.32.10/library/StanHeaders/include/src" -DBOOST_DISABLE_ASSERTS -DEIGEN_NO_DEBUG -DBOOST_MATH_OVERFLOW_ERROR_POLICY=errno_on_error -DUSE_STANC3 -D_HAS_AUTO_PTR_ETC=0 -I'/nix/store/b50zcqfh41vjv73m6w30ccs2zs05hgxy-r-StanHeaders-2.32.10/library/StanHeaders/include' -I'/nix/store/gfma5bb11p8p393nrshp1b5c39jy4mvx-r-rstan-2.32.6/library/rstan/include' -I'/nix/store/k3y4927612y2lxd8d04hhvx801x9zc8y-r-BH-1.84.0-0/library/BH/include' -I'/nix/store/da7yi2xf3argx9hlnn3f0k95b8y1yx2l-r-Rcpp-1.0.13-1/library/Rcpp/include' -I'/nix/store/rnnw6rgkd98vplpryvk019w9yxx64gnw-r-RcppEigen-0.3.4.0.2/library/RcppEigen/include' -I'/nix/store/hcy2j5h598wrllhahyda4wgs43s3fybd-r-RcppParallel-5.1.9/library/RcppParallel/include' -isystem /nix/store/0mmz5i705116bfykc7i1r9jxqwyghj2a-libcxx-16.0.6-dev/include/c++/v1    -I'/nix/store/hcy2j5h598wrllhahyda4wgs43s3fybd-r-RcppParallel-5.1.9/library/RcppParallel/include' -D_REENTRANT -DSTAN_THREADS   -fPIC  -g -O2   -c stanExports_noglobal.cc -o stanExports_noglobal.o


/nix/store/v39c0h6xv6hvki2k1bsyp5n090q8y2bp-clang-wrapper-16.0.6/bin/c++ -std=gnu++17 -I"/nix/store/lir8rmsk7dxbj7v1spqmv69z4mafg16l-R-4.4.2/lib/R/include" -DNDEBUG -I"../inst/include" -I"/nix/store/b50zcqfh41vjv73m6w30ccs2zs05hgxy-r-StanHeaders-2.32.10/library/StanHeaders/include/src" -DBOOST_DISABLE_ASSERTS -DEIGEN_NO_DEBUG -DBOOST_MATH_OVERFLOW_ERROR_POLICY=errno_on_error -DUSE_STANC3 -D_HAS_AUTO_PTR_ETC=0 -I'/nix/store/b50zcqfh41vjv73m6w30ccs2zs05hgxy-r-StanHeaders-2.32.10/library/StanHeaders/include' -I'/nix/store/gfma5bb11p8p393nrshp1b5c39jy4mvx-r-rstan-2.32.6/library/rstan/include' -I'/nix/store/k3y4927612y2lxd8d04hhvx801x9zc8y-r-BH-1.84.0-0/library/BH/include' -I'/nix/store/da7yi2xf3argx9hlnn3f0k95b8y1yx2l-r-Rcpp-1.0.13-1/library/Rcpp/include' -I'/nix/store/rnnw6rgkd98vplpryvk019w9yxx64gnw-r-RcppEigen-0.3.4.0.2/library/RcppEigen/include' -I'/nix/store/hcy2j5h598wrllhahyda4wgs43s3fybd-r-RcppParallel-5.1.9/library/RcppParallel/include' -isystem /nix/store/0mmz5i705116bfykc7i1r9jxqwyghj2a-libcxx-16.0.6-dev/include/c++/v1    -I'/nix/store/hcy2j5h598wrllhahyda4wgs43s3fybd-r-RcppParallel-5.1.9/library/RcppParallel/include' -D_REENTRANT -DSTAN_THREADS   -fPIC  -g -O2   -c stanExports_noglobalSGT.cc -o stanExports_noglobalSGT.o


/nix/store/v39c0h6xv6hvki2k1bsyp5n090q8y2bp-clang-wrapper-16.0.6/bin/c++ -std=gnu++17 -I"/nix/store/lir8rmsk7dxbj7v1spqmv69z4mafg16l-R-4.4.2/lib/R/include" -DNDEBUG -I"../inst/include" -I"/nix/store/b50zcqfh41vjv73m6w30ccs2zs05hgxy-r-StanHeaders-2.32.10/library/StanHeaders/include/src" -DBOOST_DISABLE_ASSERTS -DEIGEN_NO_DEBUG -DBOOST_MATH_OVERFLOW_ERROR_POLICY=errno_on_error -DUSE_STANC3 -D_HAS_AUTO_PTR_ETC=0 -I'/nix/store/b50zcqfh41vjv73m6w30ccs2zs05hgxy-r-StanHeaders-2.32.10/library/StanHeaders/include' -I'/nix/store/gfma5bb11p8p393nrshp1b5c39jy4mvx-r-rstan-2.32.6/library/rstan/include' -I'/nix/store/k3y4927612y2lxd8d04hhvx801x9zc8y-r-BH-1.84.0-0/library/BH/include' -I'/nix/store/da7yi2xf3argx9hlnn3f0k95b8y1yx2l-r-Rcpp-1.0.13-1/library/Rcpp/include' -I'/nix/store/rnnw6rgkd98vplpryvk019w9yxx64gnw-r-RcppEigen-0.3.4.0.2/library/RcppEigen/include' -I'/nix/store/hcy2j5h598wrllhahyda4wgs43s3fybd-r-RcppParallel-5.1.9/library/RcppParallel/include' -isystem /nix/store/0mmz5i705116bfykc7i1r9jxqwyghj2a-libcxx-16.0.6-dev/include/c++/v1    -I'/nix/store/hcy2j5h598wrllhahyda4wgs43s3fybd-r-RcppParallel-5.1.9/library/RcppParallel/include' -D_REENTRANT -DSTAN_THREADS   -fPIC  -g -O2   -c stanExports_nohet.cc -o stanExports_nohet.o


/nix/store/v39c0h6xv6hvki2k1bsyp5n090q8y2bp-clang-wrapper-16.0.6/bin/c++ -std=gnu++17 -I"/nix/store/lir8rmsk7dxbj7v1spqmv69z4mafg16l-R-4.4.2/lib/R/include" -DNDEBUG -I"../inst/include" -I"/nix/store/b50zcqfh41vjv73m6w30ccs2zs05hgxy-r-StanHeaders-2.32.10/library/StanHeaders/include/src" -DBOOST_DISABLE_ASSERTS -DEIGEN_NO_DEBUG -DBOOST_MATH_OVERFLOW_ERROR_POLICY=errno_on_error -DUSE_STANC3 -D_HAS_AUTO_PTR_ETC=0 -I'/nix/store/b50zcqfh41vjv73m6w30ccs2zs05hgxy-r-StanHeaders-2.32.10/library/StanHeaders/include' -I'/nix/store/gfma5bb11p8p393nrshp1b5c39jy4mvx-r-rstan-2.32.6/library/rstan/include' -I'/nix/store/k3y4927612y2lxd8d04hhvx801x9zc8y-r-BH-1.84.0-0/library/BH/include' -I'/nix/store/da7yi2xf3argx9hlnn3f0k95b8y1yx2l-r-Rcpp-1.0.13-1/library/Rcpp/include' -I'/nix/store/rnnw6rgkd98vplpryvk019w9yxx64gnw-r-RcppEigen-0.3.4.0.2/library/RcppEigen/include' -I'/nix/store/hcy2j5h598wrllhahyda4wgs43s3fybd-r-RcppParallel-5.1.9/library/RcppParallel/include' -isystem /nix/store/0mmz5i705116bfykc7i1r9jxqwyghj2a-libcxx-16.0.6-dev/include/c++/v1    -I'/nix/store/hcy2j5h598wrllhahyda4wgs43s3fybd-r-RcppParallel-5.1.9/library/RcppParallel/include' -D_REENTRANT -DSTAN_THREADS   -fPIC  -g -O2   -c stanExports_nohetSGT.cc -o stanExports_nohetSGT.o


/nix/store/v39c0h6xv6hvki2k1bsyp5n090q8y2bp-clang-wrapper-16.0.6/bin/c++ -std=gnu++17 -I"/nix/store/lir8rmsk7dxbj7v1spqmv69z4mafg16l-R-4.4.2/lib/R/include" -DNDEBUG -I"../inst/include" -I"/nix/store/b50zcqfh41vjv73m6w30ccs2zs05hgxy-r-StanHeaders-2.32.10/library/StanHeaders/include/src" -DBOOST_DISABLE_ASSERTS -DEIGEN_NO_DEBUG -DBOOST_MATH_OVERFLOW_ERROR_POLICY=errno_on_error -DUSE_STANC3 -D_HAS_AUTO_PTR_ETC=0 -I'/nix/store/b50zcqfh41vjv73m6w30ccs2zs05hgxy-r-StanHeaders-2.32.10/library/StanHeaders/include' -I'/nix/store/gfma5bb11p8p393nrshp1b5c39jy4mvx-r-rstan-2.32.6/library/rstan/include' -I'/nix/store/k3y4927612y2lxd8d04hhvx801x9zc8y-r-BH-1.84.0-0/library/BH/include' -I'/nix/store/da7yi2xf3argx9hlnn3f0k95b8y1yx2l-r-Rcpp-1.0.13-1/library/Rcpp/include' -I'/nix/store/rnnw6rgkd98vplpryvk019w9yxx64gnw-r-RcppEigen-0.3.4.0.2/library/RcppEigen/include' -I'/nix/store/hcy2j5h598wrllhahyda4wgs43s3fybd-r-RcppParallel-5.1.9/library/RcppParallel/include' -isystem /nix/store/0mmz5i705116bfykc7i1r9jxqwyghj2a-libcxx-16.0.6-dev/include/c++/v1    -I'/nix/store/hcy2j5h598wrllhahyda4wgs43s3fybd-r-RcppParallel-5.1.9/library/RcppParallel/include' -D_REENTRANT -DSTAN_THREADS   -fPIC  -g -O2   -c stanExports_nostudent.cc -o stanExports_nostudent.o


/nix/store/v39c0h6xv6hvki2k1bsyp5n090q8y2bp-clang-wrapper-16.0.6/bin/c++ -std=gnu++17 -I"/nix/store/lir8rmsk7dxbj7v1spqmv69z4mafg16l-R-4.4.2/lib/R/include" -DNDEBUG -I"../inst/include" -I"/nix/store/b50zcqfh41vjv73m6w30ccs2zs05hgxy-r-StanHeaders-2.32.10/library/StanHeaders/include/src" -DBOOST_DISABLE_ASSERTS -DEIGEN_NO_DEBUG -DBOOST_MATH_OVERFLOW_ERROR_POLICY=errno_on_error -DUSE_STANC3 -D_HAS_AUTO_PTR_ETC=0 -I'/nix/store/b50zcqfh41vjv73m6w30ccs2zs05hgxy-r-StanHeaders-2.32.10/library/StanHeaders/include' -I'/nix/store/gfma5bb11p8p393nrshp1b5c39jy4mvx-r-rstan-2.32.6/library/rstan/include' -I'/nix/store/k3y4927612y2lxd8d04hhvx801x9zc8y-r-BH-1.84.0-0/library/BH/include' -I'/nix/store/da7yi2xf3argx9hlnn3f0k95b8y1yx2l-r-Rcpp-1.0.13-1/library/Rcpp/include' -I'/nix/store/rnnw6rgkd98vplpryvk019w9yxx64gnw-r-RcppEigen-0.3.4.0.2/library/RcppEigen/include' -I'/nix/store/hcy2j5h598wrllhahyda4wgs43s3fybd-r-RcppParallel-5.1.9/library/RcppParallel/include' -isystem /nix/store/0mmz5i705116bfykc7i1r9jxqwyghj2a-libcxx-16.0.6-dev/include/c++/v1    -I'/nix/store/hcy2j5h598wrllhahyda4wgs43s3fybd-r-RcppParallel-5.1.9/library/RcppParallel/include' -D_REENTRANT -DSTAN_THREADS   -fPIC  -g -O2   -c stanExports_nostudentSGT.cc -o stanExports_nostudentSGT.o
/nix/store/v39c0h6xv6hvki2k1bsyp5n090q8y2bp-clang-wrapper-16.0.6/bin/c++ -std=gnu++17 -dynamiclib -Wl,-headerpad_max_install_names -undefined dynamic_lookup -L/nix/store/lir8rmsk7dxbj7v1spqmv69z4mafg16l-R-4.4.2/lib/R/lib -L/nix/store/88xkgzh5g9xppsg3hdxxxh9q43rnxk6k-libcxx-16.0.6/lib -o Rlgt.so RcppExports.o init.o rcpp_rexpsmooth.o stanExports_LGT.o stanExports_S2GT.o stanExports_SGT.o stanExports_ets.o stanExports_etsAAM.o stanExports_noglobal.o stanExports_noglobalSGT.o stanExports_nohet.o stanExports_nohetSGT.o stanExports_nostudent.o stanExports_nostudentSGT.o -L/nix/store/hcy2j5h598wrllhahyda4wgs43s3fybd-r-RcppParallel-5.1.9/library/RcppParallel/lib -ltbb -ltbbmalloc -L/nix/store/hcy2j5h598wrllhahyda4wgs43s3fybd-r-RcppParallel-5.1.9/library/RcppParallel/lib/ -Wl,-rpath,/nix/store/hcy2j5h598wrllhahyda4wgs43s3fybd-r-RcppParallel-5.1.9/library/RcppParallel/lib/ -ltbb -ltbbmalloc -L/nix/store/lir8rmsk7dxbj7v1spqmv69z4mafg16l-R-4.4.2/lib/R/lib -lR -lintl -Wl,-framework -Wl,CoreFoundation
installing to /nix/store/52nx17vwv6mawj8ywk6a7q18cqz5bhqz-r-Rlgt-0.2-2/library/00LOCK-Rlgt/00new/Rlgt/libs
** R
** data
*** moving datasets to lazyload DB
** demo
** inst
** byte-compile and prepare package for lazy loading
le code des méthodes de la classe “Rcpp_model_base” n'a pas été vérifié pour les affectations de champs suspectes (package recommandé ‘codetools’ indisponible ?)
le code des méthodes de la classe “Rcpp_model_base” n'a pas été vérifié pour les affectations de champs suspectes (package recommandé ‘codetools’ indisponible ?)
le code des méthodes de la classe “Rcpp_stan_fit” n'a pas été vérifié pour les affectations de champs suspectes (package recommandé ‘codetools’ indisponible ?)
le code des méthodes de la classe “Rcpp_stan_fit” n'a pas été vérifié pour les affectations de champs suspectes (package recommandé ‘codetools’ indisponible ?)
** help
*** installing help indices
** building package indices
** installing vignettes
** testing if installed package can be loaded from temporary location
le code des méthodes de la classe “Rcpp_model_base” n'a pas été vérifié pour les affectations de champs suspectes (package recommandé ‘codetools’ indisponible ?)
le code des méthodes de la classe “Rcpp_model_base” n'a pas été vérifié pour les affectations de champs suspectes (package recommandé ‘codetools’ indisponible ?)
le code des méthodes de la classe “Rcpp_stan_fit” n'a pas été vérifié pour les affectations de champs suspectes (package recommandé ‘codetools’ indisponible ?)
le code des méthodes de la classe “Rcpp_stan_fit” n'a pas été vérifié pour les affectations de champs suspectes (package recommandé ‘codetools’ indisponible ?)
le code des méthodes de la classe “Rcpp_rstantools_model_LGT” n'a pas été vérifié pour les affectations de champs suspectes (package recommandé ‘codetools’ indisponible ?)
le code des méthodes de la classe “Rcpp_rstantools_model_LGT” n'a pas été vérifié pour les affectations de champs suspectes (package recommandé ‘codetools’ indisponible ?)
le code des méthodes de la classe “Rcpp_rstantools_model_S2GT” n'a pas été vérifié pour les affectations de champs suspectes (package recommandé ‘codetools’ indisponible ?)
le code des méthodes de la classe “Rcpp_rstantools_model_S2GT” n'a pas été vérifié pour les affectations de champs suspectes (package recommandé ‘codetools’ indisponible ?)
le code des méthodes de la classe “Rcpp_rstantools_model_SGT” n'a pas été vérifié pour les affectations de champs suspectes (package recommandé ‘codetools’ indisponible ?)
le code des méthodes de la classe “Rcpp_rstantools_model_SGT” n'a pas été vérifié pour les affectations de champs suspectes (package recommandé ‘codetools’ indisponible ?)
le code des méthodes de la classe “Rcpp_rstantools_model_ets” n'a pas été vérifié pour les affectations de champs suspectes (package recommandé ‘codetools’ indisponible ?)
le code des méthodes de la classe “Rcpp_rstantools_model_ets” n'a pas été vérifié pour les affectations de champs suspectes (package recommandé ‘codetools’ indisponible ?)
le code des méthodes de la classe “Rcpp_rstantools_model_etsAAM” n'a pas été vérifié pour les affectations de champs suspectes (package recommandé ‘codetools’ indisponible ?)
le code des méthodes de la classe “Rcpp_rstantools_model_etsAAM” n'a pas été vérifié pour les affectations de champs suspectes (package recommandé ‘codetools’ indisponible ?)
le code des méthodes de la classe “Rcpp_rstantools_model_noglobal” n'a pas été vérifié pour les affectations de champs suspectes (package recommandé ‘codetools’ indisponible ?)
le code des méthodes de la classe “Rcpp_rstantools_model_noglobal” n'a pas été vérifié pour les affectations de champs suspectes (package recommandé ‘codetools’ indisponible ?)
le code des méthodes de la classe “Rcpp_rstantools_model_noglobalSGT” n'a pas été vérifié pour les affectations de champs suspectes (package recommandé ‘codetools’ indisponible ?)
le code des méthodes de la classe “Rcpp_rstantools_model_noglobalSGT” n'a pas été vérifié pour les affectations de champs suspectes (package recommandé ‘codetools’ indisponible ?)
le code des méthodes de la classe “Rcpp_rstantools_model_nohet” n'a pas été vérifié pour les affectations de champs suspectes (package recommandé ‘codetools’ indisponible ?)
le code des méthodes de la classe “Rcpp_rstantools_model_nohet” n'a pas été vérifié pour les affectations de champs suspectes (package recommandé ‘codetools’ indisponible ?)
le code des méthodes de la classe “Rcpp_rstantools_model_nohetSGT” n'a pas été vérifié pour les affectations de champs suspectes (package recommandé ‘codetools’ indisponible ?)
le code des méthodes de la classe “Rcpp_rstantools_model_nohetSGT” n'a pas été vérifié pour les affectations de champs suspectes (package recommandé ‘codetools’ indisponible ?)
le code des méthodes de la classe “Rcpp_rstantools_model_nostudent” n'a pas été vérifié pour les affectations de champs suspectes (package recommandé ‘codetools’ indisponible ?)
le code des méthodes de la classe “Rcpp_rstantools_model_nostudent” n'a pas été vérifié pour les affectations de champs suspectes (package recommandé ‘codetools’ indisponible ?)
le code des méthodes de la classe “Rcpp_rstantools_model_nostudentSGT” n'a pas été vérifié pour les affectations de champs suspectes (package recommandé ‘codetools’ indisponible ?)
le code des méthodes de la classe “Rcpp_rstantools_model_nostudentSGT” n'a pas été vérifié pour les affectations de champs suspectes (package recommandé ‘codetools’ indisponible ?)
** checking absolute paths in shared objects and dynamic libraries
** testing if installed package can be loaded from final location
le code des méthodes de la classe “Rcpp_model_base” n'a pas été vérifié pour les affectations de champs suspectes (package recommandé ‘codetools’ indisponible ?)
le code des méthodes de la classe “Rcpp_model_base” n'a pas été vérifié pour les affectations de champs suspectes (package recommandé ‘codetools’ indisponible ?)
le code des méthodes de la classe “Rcpp_stan_fit” n'a pas été vérifié pour les affectations de champs suspectes (package recommandé ‘codetools’ indisponible ?)
le code des méthodes de la classe “Rcpp_stan_fit” n'a pas été vérifié pour les affectations de champs suspectes (package recommandé ‘codetools’ indisponible ?)
le code des méthodes de la classe “Rcpp_rstantools_model_LGT” n'a pas été vérifié pour les affectations de champs suspectes (package recommandé ‘codetools’ indisponible ?)
le code des méthodes de la classe “Rcpp_rstantools_model_LGT” n'a pas été vérifié pour les affectations de champs suspectes (package recommandé ‘codetools’ indisponible ?)
le code des méthodes de la classe “Rcpp_rstantools_model_S2GT” n'a pas été vérifié pour les affectations de champs suspectes (package recommandé ‘codetools’ indisponible ?)
le code des méthodes de la classe “Rcpp_rstantools_model_S2GT” n'a pas été vérifié pour les affectations de champs suspectes (package recommandé ‘codetools’ indisponible ?)
le code des méthodes de la classe “Rcpp_rstantools_model_SGT” n'a pas été vérifié pour les affectations de champs suspectes (package recommandé ‘codetools’ indisponible ?)
le code des méthodes de la classe “Rcpp_rstantools_model_SGT” n'a pas été vérifié pour les affectations de champs suspectes (package recommandé ‘codetools’ indisponible ?)
le code des méthodes de la classe “Rcpp_rstantools_model_ets” n'a pas été vérifié pour les affectations de champs suspectes (package recommandé ‘codetools’ indisponible ?)
le code des méthodes de la classe “Rcpp_rstantools_model_ets” n'a pas été vérifié pour les affectations de champs suspectes (package recommandé ‘codetools’ indisponible ?)
le code des méthodes de la classe “Rcpp_rstantools_model_etsAAM” n'a pas été vérifié pour les affectations de champs suspectes (package recommandé ‘codetools’ indisponible ?)
le code des méthodes de la classe “Rcpp_rstantools_model_etsAAM” n'a pas été vérifié pour les affectations de champs suspectes (package recommandé ‘codetools’ indisponible ?)
le code des méthodes de la classe “Rcpp_rstantools_model_noglobal” n'a pas été vérifié pour les affectations de champs suspectes (package recommandé ‘codetools’ indisponible ?)
le code des méthodes de la classe “Rcpp_rstantools_model_noglobal” n'a pas été vérifié pour les affectations de champs suspectes (package recommandé ‘codetools’ indisponible ?)
le code des méthodes de la classe “Rcpp_rstantools_model_noglobalSGT” n'a pas été vérifié pour les affectations de champs suspectes (package recommandé ‘codetools’ indisponible ?)
le code des méthodes de la classe “Rcpp_rstantools_model_noglobalSGT” n'a pas été vérifié pour les affectations de champs suspectes (package recommandé ‘codetools’ indisponible ?)
le code des méthodes de la classe “Rcpp_rstantools_model_nohet” n'a pas été vérifié pour les affectations de champs suspectes (package recommandé ‘codetools’ indisponible ?)
le code des méthodes de la classe “Rcpp_rstantools_model_nohet” n'a pas été vérifié pour les affectations de champs suspectes (package recommandé ‘codetools’ indisponible ?)
le code des méthodes de la classe “Rcpp_rstantools_model_nohetSGT” n'a pas été vérifié pour les affectations de champs suspectes (package recommandé ‘codetools’ indisponible ?)
le code des méthodes de la classe “Rcpp_rstantools_model_nohetSGT” n'a pas été vérifié pour les affectations de champs suspectes (package recommandé ‘codetools’ indisponible ?)
le code des méthodes de la classe “Rcpp_rstantools_model_nostudent” n'a pas été vérifié pour les affectations de champs suspectes (package recommandé ‘codetools’ indisponible ?)
le code des méthodes de la classe “Rcpp_rstantools_model_nostudent” n'a pas été vérifié pour les affectations de champs suspectes (package recommandé ‘codetools’ indisponible ?)
le code des méthodes de la classe “Rcpp_rstantools_model_nostudentSGT” n'a pas été vérifié pour les affectations de champs suspectes (package recommandé ‘codetools’ indisponible ?)
le code des méthodes de la classe “Rcpp_rstantools_model_nostudentSGT” n'a pas été vérifié pour les affectations de champs suspectes (package recommandé ‘codetools’ indisponible ?)
** testing if installed package keeps a record of temporary installation path
* DONE (Rlgt)
installPhase completed in 7 minutes 29 seconds
Running phase: fixupPhase
checking for references to /private/tmp/nix-build-r-Rlgt-0.2-2.drv-0/ in /nix/store/52nx17vwv6mawj8ywk6a7q18cqz5bhqz-r-Rlgt-0.2-2...
patching script interpreter paths in /nix/store/52nx17vwv6mawj8ywk6a7q18cqz5bhqz-r-Rlgt-0.2-2
rewriting symlink /nix/store/52nx17vwv6mawj8ywk6a7q18cqz5bhqz-r-Rlgt-0.2-2/nix-support/propagated-user-env-packages to be relative to /nix/store/52nx17vwv6mawj8ywk6a7q18cqz5bhqz-r-Rlgt-0.2-2
