this derivation will be built:
  /nix/store/7hxvh8rzazfbzk19mpfa0gcma9qd89r0-r-tidyUSDA-0.4.1.drv
this path will be fetched (0.44 MiB download, 0.44 MiB unpacked):
  /nix/store/lxaqn8rv12r9lmcpmkjfv9na3865hcx4-tidyUSDA_0.4.1.tar.gz
copying path '/nix/store/lxaqn8rv12r9lmcpmkjfv9na3865hcx4-tidyUSDA_0.4.1.tar.gz' from 'https://cache.nixos.org'...
building '/nix/store/7hxvh8rzazfbzk19mpfa0gcma9qd89r0-r-tidyUSDA-0.4.1.drv'...
Running phase: unpackPhase
unpacking source archive /nix/store/lxaqn8rv12r9lmcpmkjfv9na3865hcx4-tidyUSDA_0.4.1.tar.gz
source root is tidyUSDA
setting SOURCE_DATE_EPOCH to timestamp 1698207602 of file tidyUSDA/MD5
Running phase: patchPhase
Running phase: updateAutotoolsGnuConfigScriptsPhase
Running phase: configurePhase
Running phase: buildPhase
Running phase: checkPhase
Running phase: installPhase
* installing *source* package ‘tidyUSDA’ ...
** package ‘tidyUSDA’ correctement décompressé et sommes MD5 vérifiées
** using staged installation
** R
** data
*** moving datasets to lazyload DB
** inst
** byte-compile and prepare package for lazy loading
** help
*** installing help indices
*** copying figures
** building package indices
** installing vignettes
** testing if installed package can be loaded from temporary location
** testing if installed package can be loaded from final location
** testing if installed package keeps a record of temporary installation path
* DONE (tidyUSDA)
Running phase: fixupPhase
checking for references to /private/tmp/nix-build-r-tidyUSDA-0.4.1.drv-0/ in /nix/store/i0vh46gi79q9387nx4hs2q4zpapy22gd-r-tidyUSDA-0.4.1...
patching script interpreter paths in /nix/store/i0vh46gi79q9387nx4hs2q4zpapy22gd-r-tidyUSDA-0.4.1
rewriting symlink /nix/store/i0vh46gi79q9387nx4hs2q4zpapy22gd-r-tidyUSDA-0.4.1/nix-support/propagated-user-env-packages to be relative to /nix/store/i0vh46gi79q9387nx4hs2q4zpapy22gd-r-tidyUSDA-0.4.1
