this derivation will be built:
  /nix/store/s2wp9kkbw6yxqw1lw3v0g5l8cgwcj5nr-r-handyFunctions-0.1.0.drv
this path will be fetched (0.06 MiB download, 0.06 MiB unpacked):
  /nix/store/swr0ync2m6gyylff290cm7n0l48g2rgc-handyFunctions_0.1.0.tar.gz
copying path '/nix/store/swr0ync2m6gyylff290cm7n0l48g2rgc-handyFunctions_0.1.0.tar.gz' from 'https://cache.nixos.org'...
building '/nix/store/s2wp9kkbw6yxqw1lw3v0g5l8cgwcj5nr-r-handyFunctions-0.1.0.drv'...
Running phase: unpackPhase
unpacking source archive /nix/store/swr0ync2m6gyylff290cm7n0l48g2rgc-handyFunctions_0.1.0.tar.gz
source root is handyFunctions
setting SOURCE_DATE_EPOCH to timestamp 1661179802 of file handyFunctions/MD5
Running phase: patchPhase
Running phase: updateAutotoolsGnuConfigScriptsPhase
Running phase: configurePhase
Running phase: buildPhase
Running phase: checkPhase
Running phase: installPhase
* installing *source* package ‘handyFunctions’ ...
** package ‘handyFunctions’ correctement décompressé et sommes MD5 vérifiées
** using staged installation
** R
** data
*** moving datasets to lazyload DB
** byte-compile and prepare package for lazy loading
** help
*** installing help indices
*** copying figures
** building package indices
** testing if installed package can be loaded from temporary location
** testing if installed package can be loaded from final location
** testing if installed package keeps a record of temporary installation path
* DONE (handyFunctions)
Running phase: fixupPhase
checking for references to /private/tmp/nix-build-r-handyFunctions-0.1.0.drv-0/ in /nix/store/ckgq3fd9sidrqribanp1286c67wylyfs-r-handyFunctions-0.1.0...
patching script interpreter paths in /nix/store/ckgq3fd9sidrqribanp1286c67wylyfs-r-handyFunctions-0.1.0
rewriting symlink /nix/store/ckgq3fd9sidrqribanp1286c67wylyfs-r-handyFunctions-0.1.0/nix-support/propagated-user-env-packages to be relative to /nix/store/ckgq3fd9sidrqribanp1286c67wylyfs-r-handyFunctions-0.1.0
