this derivation will be built:
  /nix/store/q1zvb69zdlyyrz7adim4dpq8dq6g5vgs-r-rbioapi-0.8.1.drv
this path will be fetched (0.98 MiB download, 1.00 MiB unpacked):
  /nix/store/qw1mzjwcxqd4hzgj73sngklkafm8f5yk-rbioapi_0.8.1.tar.gz
copying path '/nix/store/qw1mzjwcxqd4hzgj73sngklkafm8f5yk-rbioapi_0.8.1.tar.gz' from 'https://cache.nixos.org'...
building '/nix/store/q1zvb69zdlyyrz7adim4dpq8dq6g5vgs-r-rbioapi-0.8.1.drv'...
Running phase: unpackPhase
unpacking source archive /nix/store/qw1mzjwcxqd4hzgj73sngklkafm8f5yk-rbioapi_0.8.1.tar.gz
source root is rbioapi
setting SOURCE_DATE_EPOCH to timestamp 1711774203 of file rbioapi/MD5
Running phase: patchPhase
Running phase: updateAutotoolsGnuConfigScriptsPhase
Running phase: configurePhase
Running phase: buildPhase
Running phase: checkPhase
Running phase: installPhase
* installing *source* package ‘rbioapi’ ...
** package ‘rbioapi’ correctement décompressé et sommes MD5 vérifiées
** using staged installation
** R
** inst
** byte-compile and prepare package for lazy loading
** help
*** installing help indices
*** copying figures
** building package indices
** installing vignettes
** testing if installed package can be loaded from temporary location
** testing if installed package can be loaded from final location
** testing if installed package keeps a record of temporary installation path
* DONE (rbioapi)
Running phase: fixupPhase
checking for references to /private/tmp/nix-build-r-rbioapi-0.8.1.drv-0/ in /nix/store/g1wkkriawl9z7bgs3d0lr5239h6gs1p3-r-rbioapi-0.8.1...
patching script interpreter paths in /nix/store/g1wkkriawl9z7bgs3d0lr5239h6gs1p3-r-rbioapi-0.8.1
rewriting symlink /nix/store/g1wkkriawl9z7bgs3d0lr5239h6gs1p3-r-rbioapi-0.8.1/nix-support/propagated-user-env-packages to be relative to /nix/store/g1wkkriawl9z7bgs3d0lr5239h6gs1p3-r-rbioapi-0.8.1
