this derivation will be built:
  /nix/store/568p67r90sv3z2gvnhqbr819mh0pgf7k-r-healthequal-1.0.0.drv
this path will be fetched (0.62 MiB download, 0.62 MiB unpacked):
  /nix/store/axrw9mldrf4c6qhcgm2j066hvcaar148-healthequal_1.0.0.tar.gz
copying path '/nix/store/axrw9mldrf4c6qhcgm2j066hvcaar148-healthequal_1.0.0.tar.gz' from 'https://cache.nixos.org'...
building '/nix/store/568p67r90sv3z2gvnhqbr819mh0pgf7k-r-healthequal-1.0.0.drv'...
Running phase: unpackPhase
unpacking source archive /nix/store/axrw9mldrf4c6qhcgm2j066hvcaar148-healthequal_1.0.0.tar.gz
source root is healthequal
setting SOURCE_DATE_EPOCH to timestamp 1714656158 of file healthequal/MD5
Running phase: patchPhase
Running phase: updateAutotoolsGnuConfigScriptsPhase
Running phase: configurePhase
Running phase: buildPhase
Running phase: checkPhase
Running phase: installPhase
* installing *source* package ‘healthequal’ ...
** package ‘healthequal’ correctement décompressé et sommes MD5 vérifiées
** using staged installation
** R
** data
*** moving datasets to lazyload DB
** inst
** byte-compile and prepare package for lazy loading
** help
*** installing help indices
*** copying figures
** building package indices
** installing vignettes
** testing if installed package can be loaded from temporary location
** testing if installed package can be loaded from final location
** testing if installed package keeps a record of temporary installation path
* DONE (healthequal)
Running phase: fixupPhase
checking for references to /private/tmp/nix-build-r-healthequal-1.0.0.drv-0/ in /nix/store/gq79c5z20zlj4l1sf617ia6pbnphc5if-r-healthequal-1.0.0...
patching script interpreter paths in /nix/store/gq79c5z20zlj4l1sf617ia6pbnphc5if-r-healthequal-1.0.0
rewriting symlink /nix/store/gq79c5z20zlj4l1sf617ia6pbnphc5if-r-healthequal-1.0.0/nix-support/propagated-user-env-packages to be relative to /nix/store/gq79c5z20zlj4l1sf617ia6pbnphc5if-r-healthequal-1.0.0
