this derivation will be built:
  /nix/store/4y3labpbdiqzghnmv1fspf35qjhy889v-r-wosr-0.3.0.drv
this path will be fetched (0.03 MiB download, 0.03 MiB unpacked):
  /nix/store/8mr46mvvjr104yjdk8m6wnfnsyb58vm8-wosr_0.3.0.tar.gz
copying path '/nix/store/8mr46mvvjr104yjdk8m6wnfnsyb58vm8-wosr_0.3.0.tar.gz' from 'https://cache.nixos.org'...
building '/nix/store/4y3labpbdiqzghnmv1fspf35qjhy889v-r-wosr-0.3.0.drv'...
Running phase: unpackPhase
unpacking source archive /nix/store/8mr46mvvjr104yjdk8m6wnfnsyb58vm8-wosr_0.3.0.tar.gz
source root is wosr
setting SOURCE_DATE_EPOCH to timestamp 1541136603 of file wosr/MD5
Running phase: patchPhase
Running phase: updateAutotoolsGnuConfigScriptsPhase
Running phase: configurePhase
Running phase: buildPhase
Running phase: checkPhase
Running phase: installPhase
* installing *source* package ‘wosr’ ...
** package ‘wosr’ correctement décompressé et sommes MD5 vérifiées
** using staged installation
** R
** inst
** byte-compile and prepare package for lazy loading
** help
*** installing help indices
** building package indices
** testing if installed package can be loaded from temporary location
** testing if installed package can be loaded from final location
** testing if installed package keeps a record of temporary installation path
* DONE (wosr)
Running phase: fixupPhase
checking for references to /private/tmp/nix-build-r-wosr-0.3.0.drv-0/ in /nix/store/gj6pzbmw863y64m9pf6q2y4m907bz5y2-r-wosr-0.3.0...
patching script interpreter paths in /nix/store/gj6pzbmw863y64m9pf6q2y4m907bz5y2-r-wosr-0.3.0
rewriting symlink /nix/store/gj6pzbmw863y64m9pf6q2y4m907bz5y2-r-wosr-0.3.0/nix-support/propagated-user-env-packages to be relative to /nix/store/gj6pzbmw863y64m9pf6q2y4m907bz5y2-r-wosr-0.3.0
