this derivation will be built:
  /nix/store/a2ymlybjzprcndc00267ih5y9zjs750h-r-RRedshiftSQL-0.1.2.drv
this path will be fetched (0.00 MiB download, 0.00 MiB unpacked):
  /nix/store/vkkx8ndim03h5rk1y4dkl06s94fkrxh6-RRedshiftSQL_0.1.2.tar.gz
copying path '/nix/store/vkkx8ndim03h5rk1y4dkl06s94fkrxh6-RRedshiftSQL_0.1.2.tar.gz' from 'https://cache.nixos.org'...
building '/nix/store/a2ymlybjzprcndc00267ih5y9zjs750h-r-RRedshiftSQL-0.1.2.drv'...
Running phase: unpackPhase
unpacking source archive /nix/store/vkkx8ndim03h5rk1y4dkl06s94fkrxh6-RRedshiftSQL_0.1.2.tar.gz
source root is RRedshiftSQL
setting SOURCE_DATE_EPOCH to timestamp 1473892273 of file RRedshiftSQL/MD5
Running phase: patchPhase
Running phase: updateAutotoolsGnuConfigScriptsPhase
Running phase: configurePhase
Running phase: buildPhase
Running phase: checkPhase
Running phase: installPhase
* installing *source* package ‘RRedshiftSQL’ ...
** package ‘RRedshiftSQL’ correctement décompressé et sommes MD5 vérifiées
** using staged installation
** R
** byte-compile and prepare package for lazy loading
** help
*** installing help indices
** building package indices
** testing if installed package can be loaded from temporary location
** testing if installed package can be loaded from final location
** testing if installed package keeps a record of temporary installation path
* DONE (RRedshiftSQL)
Running phase: fixupPhase
checking for references to /private/tmp/nix-build-r-RRedshiftSQL-0.1.2.drv-0/ in /nix/store/cq04haqx73186sb4kf4489bs1ap1fmqg-r-RRedshiftSQL-0.1.2...
patching script interpreter paths in /nix/store/cq04haqx73186sb4kf4489bs1ap1fmqg-r-RRedshiftSQL-0.1.2
rewriting symlink /nix/store/cq04haqx73186sb4kf4489bs1ap1fmqg-r-RRedshiftSQL-0.1.2/nix-support/propagated-user-env-packages to be relative to /nix/store/cq04haqx73186sb4kf4489bs1ap1fmqg-r-RRedshiftSQL-0.1.2
