this derivation will be built:
  /nix/store/bnf6fr2myh0iafd2aq59id5zfna6rjji-r-threg-1.0.3.drv
this path will be fetched (0.01 MiB download, 0.01 MiB unpacked):
  /nix/store/68wk6hlcy7qp2c1w7v3if7vch3r1yqrk-threg_1.0.3.tar.gz
copying path '/nix/store/68wk6hlcy7qp2c1w7v3if7vch3r1yqrk-threg_1.0.3.tar.gz' from 'https://cache.nixos.org'...
building '/nix/store/bnf6fr2myh0iafd2aq59id5zfna6rjji-r-threg-1.0.3.drv'...
Running phase: unpackPhase
unpacking source archive /nix/store/68wk6hlcy7qp2c1w7v3if7vch3r1yqrk-threg_1.0.3.tar.gz
source root is threg
setting SOURCE_DATE_EPOCH to timestamp 1439224316 of file threg/MD5
Running phase: patchPhase
Running phase: updateAutotoolsGnuConfigScriptsPhase
Running phase: configurePhase
Running phase: buildPhase
Running phase: checkPhase
Running phase: installPhase
* installing *source* package ‘threg’ ...
** package ‘threg’ correctement décompressé et sommes MD5 vérifiées
** using staged installation
** R
** data
** inst
** byte-compile and prepare package for lazy loading
** help
*** installing help indices
** building package indices
** testing if installed package can be loaded from temporary location
** testing if installed package can be loaded from final location
** testing if installed package keeps a record of temporary installation path
* DONE (threg)
Running phase: fixupPhase
checking for references to /private/tmp/nix-build-r-threg-1.0.3.drv-0/ in /nix/store/0vx3sack71d88wjqqkcjrsrzl6zvp7f4-r-threg-1.0.3...
patching script interpreter paths in /nix/store/0vx3sack71d88wjqqkcjrsrzl6zvp7f4-r-threg-1.0.3
rewriting symlink /nix/store/0vx3sack71d88wjqqkcjrsrzl6zvp7f4-r-threg-1.0.3/nix-support/propagated-user-env-packages to be relative to /nix/store/0vx3sack71d88wjqqkcjrsrzl6zvp7f4-r-threg-1.0.3
