this derivation will be built:
  /nix/store/cq1jynv0nl71krxahzligwsqs1zc7vcx-r-shinyRatings-0.1.0.drv
this path will be fetched (0.04 MiB download, 0.04 MiB unpacked):
  /nix/store/5397al3b9prciq4amx45j2h3625vkcpx-shinyRatings_0.1.0.tar.gz
copying path '/nix/store/5397al3b9prciq4amx45j2h3625vkcpx-shinyRatings_0.1.0.tar.gz' from 'https://cache.nixos.org'...
building '/nix/store/cq1jynv0nl71krxahzligwsqs1zc7vcx-r-shinyRatings-0.1.0.drv'...
Running phase: unpackPhase
unpacking source archive /nix/store/5397al3b9prciq4amx45j2h3625vkcpx-shinyRatings_0.1.0.tar.gz
source root is shinyRatings
setting SOURCE_DATE_EPOCH to timestamp 1689262203 of file shinyRatings/MD5
Running phase: patchPhase
Running phase: updateAutotoolsGnuConfigScriptsPhase
Running phase: configurePhase
Running phase: buildPhase
Running phase: checkPhase
Running phase: installPhase
* installing *source* package ‘shinyRatings’ ...
** package ‘shinyRatings’ correctement décompressé et sommes MD5 vérifiées
** using staged installation
** R
** inst
** byte-compile and prepare package for lazy loading
** help
*** installing help indices
*** copying figures
** building package indices
** testing if installed package can be loaded from temporary location
** testing if installed package can be loaded from final location
** testing if installed package keeps a record of temporary installation path
* DONE (shinyRatings)
Running phase: fixupPhase
checking for references to /private/tmp/nix-build-r-shinyRatings-0.1.0.drv-0/ in /nix/store/2k1mgkyr38x3p0yrcx30x45qdcvpa58b-r-shinyRatings-0.1.0...
patching script interpreter paths in /nix/store/2k1mgkyr38x3p0yrcx30x45qdcvpa58b-r-shinyRatings-0.1.0
rewriting symlink /nix/store/2k1mgkyr38x3p0yrcx30x45qdcvpa58b-r-shinyRatings-0.1.0/nix-support/propagated-user-env-packages to be relative to /nix/store/2k1mgkyr38x3p0yrcx30x45qdcvpa58b-r-shinyRatings-0.1.0
