these 2 derivations will be built:
  /nix/store/4rcd92rmvx5spmnzf7rrjw64xgki6b94-r-nsprcomp-0.5.1-2.drv
  /nix/store/p939v3p1wx8wj2fhlvj5mvspqc600w1i-r-GWnnegPCA-0.0.4.drv
these 2 paths will be fetched (0.02 MiB download, 0.02 MiB unpacked):
  /nix/store/xmffyxih72zxdgjyj9knpgmvmrlldh0r-GWnnegPCA_0.0.4.tar.gz
  /nix/store/6jvjljgd6jj29lqv01bvl6s2sn8p34zr-nsprcomp_0.5.1-2.tar.gz
copying path '/nix/store/xmffyxih72zxdgjyj9knpgmvmrlldh0r-GWnnegPCA_0.0.4.tar.gz' from 'https://cache.nixos.org'...
copying path '/nix/store/6jvjljgd6jj29lqv01bvl6s2sn8p34zr-nsprcomp_0.5.1-2.tar.gz' from 'https://cache.nixos.org'...
building '/nix/store/4rcd92rmvx5spmnzf7rrjw64xgki6b94-r-nsprcomp-0.5.1-2.drv'...
Running phase: unpackPhase
unpacking source archive /nix/store/6jvjljgd6jj29lqv01bvl6s2sn8p34zr-nsprcomp_0.5.1-2.tar.gz
source root is nsprcomp
setting SOURCE_DATE_EPOCH to timestamp 1528199297 of file nsprcomp/MD5
Running phase: patchPhase
Running phase: updateAutotoolsGnuConfigScriptsPhase
Running phase: configurePhase
Running phase: buildPhase
Running phase: checkPhase
Running phase: installPhase
* installing *source* package ‘nsprcomp’ ...
** package ‘nsprcomp’ correctement décompressé et sommes MD5 vérifiées
** using staged installation
** R
** inst
** byte-compile and prepare package for lazy loading
** help
*** installing help indices
** building package indices
** testing if installed package can be loaded from temporary location
** testing if installed package can be loaded from final location
** testing if installed package keeps a record of temporary installation path
* DONE (nsprcomp)
Running phase: fixupPhase
checking for references to /private/tmp/nix-build-r-nsprcomp-0.5.1-2.drv-0/ in /nix/store/bk5h0qgj3x1pdqil5fdjxadp842gx5d7-r-nsprcomp-0.5.1-2...
patching script interpreter paths in /nix/store/bk5h0qgj3x1pdqil5fdjxadp842gx5d7-r-nsprcomp-0.5.1-2
building '/nix/store/p939v3p1wx8wj2fhlvj5mvspqc600w1i-r-GWnnegPCA-0.0.4.drv'...
Running phase: unpackPhase
unpacking source archive /nix/store/xmffyxih72zxdgjyj9knpgmvmrlldh0r-GWnnegPCA_0.0.4.tar.gz
source root is GWnnegPCA
setting SOURCE_DATE_EPOCH to timestamp 1605711006 of file GWnnegPCA/MD5
Running phase: patchPhase
Running phase: updateAutotoolsGnuConfigScriptsPhase
Running phase: configurePhase
Running phase: buildPhase
Running phase: checkPhase
Running phase: installPhase
* installing *source* package ‘GWnnegPCA’ ...
** package ‘GWnnegPCA’ correctement décompressé et sommes MD5 vérifiées
** using staged installation
** R
** byte-compile and prepare package for lazy loading
** help
*** installing help indices
** building package indices
** testing if installed package can be loaded from temporary location
** testing if installed package can be loaded from final location
** testing if installed package keeps a record of temporary installation path
* DONE (GWnnegPCA)
Running phase: fixupPhase
checking for references to /private/tmp/nix-build-r-GWnnegPCA-0.0.4.drv-0/ in /nix/store/bx591mb567pri9i39xvgyx99wq30jqhj-r-GWnnegPCA-0.0.4...
patching script interpreter paths in /nix/store/bx591mb567pri9i39xvgyx99wq30jqhj-r-GWnnegPCA-0.0.4
rewriting symlink /nix/store/bx591mb567pri9i39xvgyx99wq30jqhj-r-GWnnegPCA-0.0.4/nix-support/propagated-user-env-packages to be relative to /nix/store/bx591mb567pri9i39xvgyx99wq30jqhj-r-GWnnegPCA-0.0.4
