this derivation will be built:
  /nix/store/5h95rxkrfwz9xxzpbkis4rpi20i8wrgl-r-mombf-3.5.4.drv
building '/nix/store/5h95rxkrfwz9xxzpbkis4rpi20i8wrgl-r-mombf-3.5.4.drv'...
Running phase: unpackPhase
unpacking source archive /nix/store/c08frdqpj1ss02gy10ncfnsxhs2vlaw5-mombf_3.5.4.tar.gz
source root is mombf
setting SOURCE_DATE_EPOCH to timestamp 1707261602 of file mombf/MD5
Running phase: patchPhase
Running phase: updateAutotoolsGnuConfigScriptsPhase
Running phase: configurePhase
Running phase: buildPhase
Running phase: checkPhase
Running phase: installPhase
ERROR: dependency ‘sparseMatrixStats’ is not available for package ‘mombf’
* removing ‘/nix/store/5pp8xn9w6miqqbqycpf8jaaaqagyyqs4-r-mombf-3.5.4/library/mombf’
error: builder for '/nix/store/5h95rxkrfwz9xxzpbkis4rpi20i8wrgl-r-mombf-3.5.4.drv' failed with exit code 1;
       last 12 log lines:
       > Running phase: unpackPhase
       > unpacking source archive /nix/store/c08frdqpj1ss02gy10ncfnsxhs2vlaw5-mombf_3.5.4.tar.gz
       > source root is mombf
       > setting SOURCE_DATE_EPOCH to timestamp 1707261602 of file mombf/MD5
       > Running phase: patchPhase
       > Running phase: updateAutotoolsGnuConfigScriptsPhase
       > Running phase: configurePhase
       > Running phase: buildPhase
       > Running phase: checkPhase
       > Running phase: installPhase
       > ERROR: dependency ‘sparseMatrixStats’ is not available for package ‘mombf’
       > * removing ‘/nix/store/5pp8xn9w6miqqbqycpf8jaaaqagyyqs4-r-mombf-3.5.4/library/mombf’
       For full logs, run 'nix log /nix/store/5h95rxkrfwz9xxzpbkis4rpi20i8wrgl-r-mombf-3.5.4.drv'.
