this derivation will be built:
  /nix/store/817zm23995kjpn2xpfhkmc6imkj8a530-r-latcontrol-0.1.1.drv
this path will be fetched (0.00 MiB download, 0.00 MiB unpacked):
  /nix/store/ccjfwbgic7rrlg7z47smp8jsr8831vf4-latcontrol_0.1.1.tar.gz
copying path '/nix/store/ccjfwbgic7rrlg7z47smp8jsr8831vf4-latcontrol_0.1.1.tar.gz' from 'https://cache.nixos.org'...
building '/nix/store/817zm23995kjpn2xpfhkmc6imkj8a530-r-latcontrol-0.1.1.drv'...
Running phase: unpackPhase
unpacking source archive /nix/store/ccjfwbgic7rrlg7z47smp8jsr8831vf4-latcontrol_0.1.1.tar.gz
source root is latcontrol
setting SOURCE_DATE_EPOCH to timestamp 1719817201 of file latcontrol/MD5
Running phase: patchPhase
Running phase: updateAutotoolsGnuConfigScriptsPhase
Running phase: configurePhase
Running phase: buildPhase
Running phase: checkPhase
Running phase: installPhase
* installing *source* package ‘latcontrol’ ...
** package ‘latcontrol’ correctement décompressé et sommes MD5 vérifiées
** using staged installation
** R
** byte-compile and prepare package for lazy loading
** help
*** installing help indices
** building package indices
** testing if installed package can be loaded from temporary location
** testing if installed package can be loaded from final location
** testing if installed package keeps a record of temporary installation path
* DONE (latcontrol)
Running phase: fixupPhase
checking for references to /private/tmp/nix-build-r-latcontrol-0.1.1.drv-0/ in /nix/store/h35qr6yp9ds7w93037kzn9wmdv1x862h-r-latcontrol-0.1.1...
patching script interpreter paths in /nix/store/h35qr6yp9ds7w93037kzn9wmdv1x862h-r-latcontrol-0.1.1
rewriting symlink /nix/store/h35qr6yp9ds7w93037kzn9wmdv1x862h-r-latcontrol-0.1.1/nix-support/propagated-user-env-packages to be relative to /nix/store/h35qr6yp9ds7w93037kzn9wmdv1x862h-r-latcontrol-0.1.1
