this derivation will be built:
  /nix/store/280igngldbraz5d4nzf5wyw2spsx2krg-r-SoilHyP-0.1.7.drv
building '/nix/store/280igngldbraz5d4nzf5wyw2spsx2krg-r-SoilHyP-0.1.7.drv'...
Running phase: unpackPhase
unpacking source archive /nix/store/phlamgacc9ixx7npvxa4skh1d953b1g3-SoilHyP_0.1.7.tar.gz
source root is SoilHyP
setting SOURCE_DATE_EPOCH to timestamp 1675336207 of file SoilHyP/MD5
Running phase: patchPhase
Running phase: updateAutotoolsGnuConfigScriptsPhase
Running phase: configurePhase
Running phase: buildPhase
Running phase: checkPhase
Running phase: installPhase
* installing *source* package ‘SoilHyP’ ...
** package ‘SoilHyP’ correctement décompressé et sommes MD5 vérifiées
** using staged installation
** R
** data
** byte-compile and prepare package for lazy loading
** help
*** installing help indices
** building package indices
** testing if installed package can be loaded from temporary location
** testing if installed package can be loaded from final location
** testing if installed package keeps a record of temporary installation path
* DONE (SoilHyP)
Running phase: fixupPhase
checking for references to /private/tmp/nix-build-r-SoilHyP-0.1.7.drv-0/ in /nix/store/07b7xvricg4inh2kpw1jmg0x5518f9zx-r-SoilHyP-0.1.7...
patching script interpreter paths in /nix/store/07b7xvricg4inh2kpw1jmg0x5518f9zx-r-SoilHyP-0.1.7
rewriting symlink /nix/store/07b7xvricg4inh2kpw1jmg0x5518f9zx-r-SoilHyP-0.1.7/nix-support/propagated-user-env-packages to be relative to /nix/store/07b7xvricg4inh2kpw1jmg0x5518f9zx-r-SoilHyP-0.1.7
