this derivation will be built:
  /nix/store/s27iylc7vcgj76pnfp0cf8wc3px5xncl-r-tigerstats-0.3.2.drv
this path will be fetched (0.46 MiB download, 0.46 MiB unpacked):
  /nix/store/ynq56s3b7bsddzsqh492qd945f4nnjq9-tigerstats_0.3.2.tar.gz
copying path '/nix/store/ynq56s3b7bsddzsqh492qd945f4nnjq9-tigerstats_0.3.2.tar.gz' from 'https://cache.nixos.org'...
building '/nix/store/s27iylc7vcgj76pnfp0cf8wc3px5xncl-r-tigerstats-0.3.2.drv'...
Running phase: unpackPhase
unpacking source archive /nix/store/ynq56s3b7bsddzsqh492qd945f4nnjq9-tigerstats_0.3.2.tar.gz
source root is tigerstats
setting SOURCE_DATE_EPOCH to timestamp 1592200802 of file tigerstats/MD5
Running phase: patchPhase
Running phase: updateAutotoolsGnuConfigScriptsPhase
Running phase: configurePhase
Running phase: buildPhase
Running phase: checkPhase
Running phase: installPhase
* installing *source* package ‘tigerstats’ ...
** package ‘tigerstats’ correctement décompressé et sommes MD5 vérifiées
** using staged installation
** R
** data
*** moving datasets to lazyload DB
** inst
** byte-compile and prepare package for lazy loading
** help
*** installing help indices
** building package indices
** testing if installed package can be loaded from temporary location
** testing if installed package can be loaded from final location
** testing if installed package keeps a record of temporary installation path
* DONE (tigerstats)
Running phase: fixupPhase
checking for references to /private/tmp/nix-build-r-tigerstats-0.3.2.drv-0/ in /nix/store/bsk8bawss9zdhhlmrrgykr3xdbbc5r4c-r-tigerstats-0.3.2...
patching script interpreter paths in /nix/store/bsk8bawss9zdhhlmrrgykr3xdbbc5r4c-r-tigerstats-0.3.2
rewriting symlink /nix/store/bsk8bawss9zdhhlmrrgykr3xdbbc5r4c-r-tigerstats-0.3.2/nix-support/propagated-user-env-packages to be relative to /nix/store/bsk8bawss9zdhhlmrrgykr3xdbbc5r4c-r-tigerstats-0.3.2
