this derivation will be built:
  /nix/store/66qxcbbn40adjrkpzy8738a4aixbnc6c-r-RHMS-1.7.drv
this path will be fetched (0.03 MiB download, 0.03 MiB unpacked):
  /nix/store/c71yf3f9ccaa823nfrbnbwcg2qa629s9-RHMS_1.7.tar.gz
copying path '/nix/store/c71yf3f9ccaa823nfrbnbwcg2qa629s9-RHMS_1.7.tar.gz' from 'https://cache.nixos.org'...
building '/nix/store/66qxcbbn40adjrkpzy8738a4aixbnc6c-r-RHMS-1.7.drv'...
Running phase: unpackPhase
unpacking source archive /nix/store/c71yf3f9ccaa823nfrbnbwcg2qa629s9-RHMS_1.7.tar.gz
source root is RHMS
setting SOURCE_DATE_EPOCH to timestamp 1632757802 of file RHMS/MD5
Running phase: patchPhase
Running phase: updateAutotoolsGnuConfigScriptsPhase
Running phase: configurePhase
Running phase: buildPhase
Running phase: checkPhase
Running phase: installPhase
* installing *source* package ‘RHMS’ ...
** package ‘RHMS’ correctement décompressé et sommes MD5 vérifiées
** using staged installation
** R
** data
** byte-compile and prepare package for lazy loading
** help
*** installing help indices
** building package indices
** testing if installed package can be loaded from temporary location
** testing if installed package can be loaded from final location
** testing if installed package keeps a record of temporary installation path
* DONE (RHMS)
Running phase: fixupPhase
checking for references to /private/tmp/nix-build-r-RHMS-1.7.drv-0/ in /nix/store/kkkz9b3qc77qqzbz5bsqc6dmgbsrxl2a-r-RHMS-1.7...
patching script interpreter paths in /nix/store/kkkz9b3qc77qqzbz5bsqc6dmgbsrxl2a-r-RHMS-1.7
rewriting symlink /nix/store/kkkz9b3qc77qqzbz5bsqc6dmgbsrxl2a-r-RHMS-1.7/nix-support/propagated-user-env-packages to be relative to /nix/store/kkkz9b3qc77qqzbz5bsqc6dmgbsrxl2a-r-RHMS-1.7
