this derivation will be built:
  /nix/store/siax0k1iyxpjf19x51kjhjfw6blk764g-r-kerDAA-0.1.1.drv
this path will be fetched (0.00 MiB download, 0.00 MiB unpacked):
  /nix/store/9hdbc04zywhhk2vgypq5xzx380kxp3gv-kerDAA_0.1.1.tar.gz
copying path '/nix/store/9hdbc04zywhhk2vgypq5xzx380kxp3gv-kerDAA_0.1.1.tar.gz' from 'https://cache.nixos.org'...
building '/nix/store/siax0k1iyxpjf19x51kjhjfw6blk764g-r-kerDAA-0.1.1.drv'...
Running phase: unpackPhase
unpacking source archive /nix/store/9hdbc04zywhhk2vgypq5xzx380kxp3gv-kerDAA_0.1.1.tar.gz
source root is kerDAA
setting SOURCE_DATE_EPOCH to timestamp 1692738006 of file kerDAA/MD5
Running phase: patchPhase
Running phase: updateAutotoolsGnuConfigScriptsPhase
Running phase: configurePhase
Running phase: buildPhase
Running phase: checkPhase
Running phase: installPhase
* installing *source* package ‘kerDAA’ ...
** package ‘kerDAA’ correctement décompressé et sommes MD5 vérifiées
** using staged installation
** R
** byte-compile and prepare package for lazy loading
** help
*** installing help indices
** building package indices
** testing if installed package can be loaded from temporary location
** testing if installed package can be loaded from final location
** testing if installed package keeps a record of temporary installation path
* DONE (kerDAA)
Running phase: fixupPhase
checking for references to /private/tmp/nix-build-r-kerDAA-0.1.1.drv-0/ in /nix/store/g1kc8mdlsrm0h4laq0k2xaz7q9kib3rc-r-kerDAA-0.1.1...
patching script interpreter paths in /nix/store/g1kc8mdlsrm0h4laq0k2xaz7q9kib3rc-r-kerDAA-0.1.1
rewriting symlink /nix/store/g1kc8mdlsrm0h4laq0k2xaz7q9kib3rc-r-kerDAA-0.1.1/nix-support/propagated-user-env-packages to be relative to /nix/store/g1kc8mdlsrm0h4laq0k2xaz7q9kib3rc-r-kerDAA-0.1.1
