this derivation will be built:
  /nix/store/lgsyl8r1m9ckp3z0zsjdg3zx16x4yxmi-r-WaveletRF-0.1.0.drv
this path will be fetched (0.00 MiB download, 0.00 MiB unpacked):
  /nix/store/g2vqi55k6gih38znh5kz5lzldcq5ggxh-WaveletRF_0.1.0.tar.gz
copying path '/nix/store/g2vqi55k6gih38znh5kz5lzldcq5ggxh-WaveletRF_0.1.0.tar.gz' from 'https://cache.nixos.org'...
building '/nix/store/lgsyl8r1m9ckp3z0zsjdg3zx16x4yxmi-r-WaveletRF-0.1.0.drv'...
Running phase: unpackPhase
unpacking source archive /nix/store/g2vqi55k6gih38znh5kz5lzldcq5ggxh-WaveletRF_0.1.0.tar.gz
source root is WaveletRF
setting SOURCE_DATE_EPOCH to timestamp 1645515002 of file WaveletRF/MD5
Running phase: patchPhase
Running phase: updateAutotoolsGnuConfigScriptsPhase
Running phase: configurePhase
Running phase: buildPhase
Running phase: checkPhase
Running phase: installPhase
* installing *source* package ‘WaveletRF’ ...
** package ‘WaveletRF’ correctement décompressé et sommes MD5 vérifiées
** using staged installation
** R
** byte-compile and prepare package for lazy loading
** help
*** installing help indices
** building package indices
** testing if installed package can be loaded from temporary location
** testing if installed package can be loaded from final location
** testing if installed package keeps a record of temporary installation path
* DONE (WaveletRF)
Running phase: fixupPhase
checking for references to /private/tmp/nix-build-r-WaveletRF-0.1.0.drv-0/ in /nix/store/zdlprcmrcp1l6zqmx3m4f1xhnvnhikiy-r-WaveletRF-0.1.0...
patching script interpreter paths in /nix/store/zdlprcmrcp1l6zqmx3m4f1xhnvnhikiy-r-WaveletRF-0.1.0
rewriting symlink /nix/store/zdlprcmrcp1l6zqmx3m4f1xhnvnhikiy-r-WaveletRF-0.1.0/nix-support/propagated-user-env-packages to be relative to /nix/store/zdlprcmrcp1l6zqmx3m4f1xhnvnhikiy-r-WaveletRF-0.1.0
