this derivation will be built:
  /nix/store/jzrz9kxw9damzv89sa1aarn1b2abbws3-r-wehoop-2.1.0.drv
this path will be fetched (0.23 MiB download, 0.23 MiB unpacked):
  /nix/store/2qphq2vlizycqpncq61iql7qdyj17zwh-wehoop_2.1.0.tar.gz
copying path '/nix/store/2qphq2vlizycqpncq61iql7qdyj17zwh-wehoop_2.1.0.tar.gz' from 'https://cache.nixos.org'...
building '/nix/store/jzrz9kxw9damzv89sa1aarn1b2abbws3-r-wehoop-2.1.0.drv'...
Running phase: unpackPhase
unpacking source archive /nix/store/2qphq2vlizycqpncq61iql7qdyj17zwh-wehoop_2.1.0.tar.gz
source root is wehoop
setting SOURCE_DATE_EPOCH to timestamp 1721595001 of file wehoop/MD5
Running phase: patchPhase
Running phase: updateAutotoolsGnuConfigScriptsPhase
Running phase: configurePhase
Running phase: buildPhase
Running phase: checkPhase
Running phase: installPhase
* installing *source* package ‘wehoop’ ...
** package ‘wehoop’ correctement décompressé et sommes MD5 vérifiées
** using staged installation
** R
** byte-compile and prepare package for lazy loading
** help
*** installing help indices
** building package indices
** testing if installed package can be loaded from temporary location
** testing if installed package can be loaded from final location
** testing if installed package keeps a record of temporary installation path
* DONE (wehoop)
Running phase: fixupPhase
checking for references to /private/tmp/nix-build-r-wehoop-2.1.0.drv-0/ in /nix/store/31aahnkxq9isw4hq5wwnaxr0cnvi78bd-r-wehoop-2.1.0...
patching script interpreter paths in /nix/store/31aahnkxq9isw4hq5wwnaxr0cnvi78bd-r-wehoop-2.1.0
rewriting symlink /nix/store/31aahnkxq9isw4hq5wwnaxr0cnvi78bd-r-wehoop-2.1.0/nix-support/propagated-user-env-packages to be relative to /nix/store/31aahnkxq9isw4hq5wwnaxr0cnvi78bd-r-wehoop-2.1.0
