this derivation will be built:
  /nix/store/31garqqsm716kkg0nkcb1mcgqr42ypb4-r-sahpm-1.0.1.drv
this path will be fetched (0.01 MiB download, 0.01 MiB unpacked):
  /nix/store/4mzp6ss70davb4wwl04sp6vhg3sxwczd-sahpm_1.0.1.tar.gz
copying path '/nix/store/4mzp6ss70davb4wwl04sp6vhg3sxwczd-sahpm_1.0.1.tar.gz' from 'https://cache.nixos.org'...
building '/nix/store/31garqqsm716kkg0nkcb1mcgqr42ypb4-r-sahpm-1.0.1.drv'...
Running phase: unpackPhase
unpacking source archive /nix/store/4mzp6ss70davb4wwl04sp6vhg3sxwczd-sahpm_1.0.1.tar.gz
source root is sahpm
setting SOURCE_DATE_EPOCH to timestamp 1645690801 of file sahpm/MD5
Running phase: patchPhase
Running phase: updateAutotoolsGnuConfigScriptsPhase
Running phase: configurePhase
Running phase: buildPhase
Running phase: checkPhase
Running phase: installPhase
* installing *source* package ‘sahpm’ ...
** package ‘sahpm’ correctement décompressé et sommes MD5 vérifiées
** using staged installation
** R
** byte-compile and prepare package for lazy loading
** help
*** installing help indices
** building package indices
** testing if installed package can be loaded from temporary location
** testing if installed package can be loaded from final location
** testing if installed package keeps a record of temporary installation path
* DONE (sahpm)
Running phase: fixupPhase
checking for references to /private/tmp/nix-build-r-sahpm-1.0.1.drv-0/ in /nix/store/qiii3r23fjwqkpy5d8qxxlq72rd1y5hc-r-sahpm-1.0.1...
patching script interpreter paths in /nix/store/qiii3r23fjwqkpy5d8qxxlq72rd1y5hc-r-sahpm-1.0.1
rewriting symlink /nix/store/qiii3r23fjwqkpy5d8qxxlq72rd1y5hc-r-sahpm-1.0.1/nix-support/propagated-user-env-packages to be relative to /nix/store/qiii3r23fjwqkpy5d8qxxlq72rd1y5hc-r-sahpm-1.0.1
