this derivation will be built:
  /nix/store/nx6mh7w3yv64754svi8h6aq61nz62b9l-r-camsRad-0.3.0.drv
building '/nix/store/nx6mh7w3yv64754svi8h6aq61nz62b9l-r-camsRad-0.3.0.drv'...
Running phase: unpackPhase
unpacking source archive /nix/store/v6rwpyk0mjfcind9csyd36mnjk6szb25-camsRad_0.3.0.tar.gz
source root is camsRad
setting SOURCE_DATE_EPOCH to timestamp 1480519729 of file camsRad/MD5
Running phase: patchPhase
Running phase: updateAutotoolsGnuConfigScriptsPhase
Running phase: configurePhase
Running phase: buildPhase
Running phase: checkPhase
Running phase: installPhase
* installing *source* package ‘camsRad’ ...
** package ‘camsRad’ correctement décompressé et sommes MD5 vérifiées
** using staged installation
** R
** inst
** byte-compile and prepare package for lazy loading
** help
*** installing help indices
** building package indices
** installing vignettes
** testing if installed package can be loaded from temporary location
** testing if installed package can be loaded from final location
** testing if installed package keeps a record of temporary installation path
* DONE (camsRad)
Running phase: fixupPhase
checking for references to /private/tmp/nix-build-r-camsRad-0.3.0.drv-0/ in /nix/store/9ldav57rw7h0zfh4j02pbgpn8ninyq9s-r-camsRad-0.3.0...
patching script interpreter paths in /nix/store/9ldav57rw7h0zfh4j02pbgpn8ninyq9s-r-camsRad-0.3.0
rewriting symlink /nix/store/9ldav57rw7h0zfh4j02pbgpn8ninyq9s-r-camsRad-0.3.0/nix-support/propagated-user-env-packages to be relative to /nix/store/9ldav57rw7h0zfh4j02pbgpn8ninyq9s-r-camsRad-0.3.0
