this derivation will be built:
  /nix/store/kx0z7g40rdgaidzhsrydj0ahnk3nsdx0-r-edgarWebR-1.1.0.drv
building '/nix/store/kx0z7g40rdgaidzhsrydj0ahnk3nsdx0-r-edgarWebR-1.1.0.drv'...
Running phase: unpackPhase
unpacking source archive /nix/store/z5s3yw071cjbch0cx6qdhrxc450hmgnb-edgarWebR_1.1.0.tar.gz
source root is edgarWebR
setting SOURCE_DATE_EPOCH to timestamp 1619266206 of file edgarWebR/MD5
Running phase: patchPhase
Running phase: updateAutotoolsGnuConfigScriptsPhase
Running phase: configurePhase
Running phase: buildPhase
Running phase: checkPhase
Running phase: installPhase
* installing *source* package ‘edgarWebR’ ...
** package ‘edgarWebR’ correctement décompressé et sommes MD5 vérifiées
** using staged installation
** R
** data
*** moving datasets to lazyload DB
** inst
** byte-compile and prepare package for lazy loading
** help
*** installing help indices
** building package indices
** installing vignettes
** testing if installed package can be loaded from temporary location
** testing if installed package can be loaded from final location
** testing if installed package keeps a record of temporary installation path
* DONE (edgarWebR)
Running phase: fixupPhase
checking for references to /private/tmp/nix-build-r-edgarWebR-1.1.0.drv-0/ in /nix/store/csm1iqkm1c2lhg9m9mzll5qywrw3b62k-r-edgarWebR-1.1.0...
patching script interpreter paths in /nix/store/csm1iqkm1c2lhg9m9mzll5qywrw3b62k-r-edgarWebR-1.1.0
rewriting symlink /nix/store/csm1iqkm1c2lhg9m9mzll5qywrw3b62k-r-edgarWebR-1.1.0/nix-support/propagated-user-env-packages to be relative to /nix/store/csm1iqkm1c2lhg9m9mzll5qywrw3b62k-r-edgarWebR-1.1.0
