this derivation will be built:
  /nix/store/7p351z1i8wa36jn5c8iz3in9d1rrb1bb-r-sgpv-1.1.0.drv
this path will be fetched (0.34 MiB download, 0.34 MiB unpacked):
  /nix/store/2069njs8kgvpbb9z28qgvr3sh0x7aqms-sgpv_1.1.0.tar.gz
copying path '/nix/store/2069njs8kgvpbb9z28qgvr3sh0x7aqms-sgpv_1.1.0.tar.gz' from 'https://cache.nixos.org'...
building '/nix/store/7p351z1i8wa36jn5c8iz3in9d1rrb1bb-r-sgpv-1.1.0.drv'...
Running phase: unpackPhase
unpacking source archive /nix/store/2069njs8kgvpbb9z28qgvr3sh0x7aqms-sgpv_1.1.0.tar.gz
source root is sgpv
setting SOURCE_DATE_EPOCH to timestamp 1606165202 of file sgpv/MD5
Running phase: patchPhase
Running phase: updateAutotoolsGnuConfigScriptsPhase
Running phase: configurePhase
Running phase: buildPhase
Running phase: checkPhase
Running phase: installPhase
* installing *source* package ‘sgpv’ ...
** package ‘sgpv’ correctement décompressé et sommes MD5 vérifiées
** using staged installation
** R
** data
** byte-compile and prepare package for lazy loading
** help
*** installing help indices
** building package indices
** testing if installed package can be loaded from temporary location
** testing if installed package can be loaded from final location
** testing if installed package keeps a record of temporary installation path
* DONE (sgpv)
Running phase: fixupPhase
checking for references to /private/tmp/nix-build-r-sgpv-1.1.0.drv-0/ in /nix/store/nkjjqzvrsh81hwfny59pvrnwdxyljdx5-r-sgpv-1.1.0...
patching script interpreter paths in /nix/store/nkjjqzvrsh81hwfny59pvrnwdxyljdx5-r-sgpv-1.1.0
