this derivation will be built:
  /nix/store/6fk0vzyj8wavmkl8jnjvr15fpadvd2x2-r-tvthemes-1.3.3.drv
this path will be fetched (2.50 MiB download, 2.50 MiB unpacked):
  /nix/store/sxvf6v3524w8bn4gziyqqr3bcccfpx00-tvthemes_1.3.3.tar.gz
copying path '/nix/store/sxvf6v3524w8bn4gziyqqr3bcccfpx00-tvthemes_1.3.3.tar.gz' from 'https://cache.nixos.org'...
building '/nix/store/6fk0vzyj8wavmkl8jnjvr15fpadvd2x2-r-tvthemes-1.3.3.drv'...
Running phase: unpackPhase
unpacking source archive /nix/store/sxvf6v3524w8bn4gziyqqr3bcccfpx00-tvthemes_1.3.3.tar.gz
source root is tvthemes
setting SOURCE_DATE_EPOCH to timestamp 1709046002 of file tvthemes/MD5
Running phase: patchPhase
Running phase: updateAutotoolsGnuConfigScriptsPhase
Running phase: configurePhase
Running phase: buildPhase
Running phase: checkPhase
Running phase: installPhase
* installing *source* package ‘tvthemes’ ...
** package ‘tvthemes’ correctement décompressé et sommes MD5 vérifiées
** using staged installation
** R
** inst
** byte-compile and prepare package for lazy loading
** help
*** installing help indices
*** copying figures
** building package indices
** installing vignettes
** testing if installed package can be loaded from temporary location
** testing if installed package can be loaded from final location
** testing if installed package keeps a record of temporary installation path
* DONE (tvthemes)
Running phase: fixupPhase
checking for references to /private/tmp/nix-build-r-tvthemes-1.3.3.drv-0/ in /nix/store/4ginnxwdkjl5j7hyyy272wi264s126vj-r-tvthemes-1.3.3...
patching script interpreter paths in /nix/store/4ginnxwdkjl5j7hyyy272wi264s126vj-r-tvthemes-1.3.3
rewriting symlink /nix/store/4ginnxwdkjl5j7hyyy272wi264s126vj-r-tvthemes-1.3.3/nix-support/propagated-user-env-packages to be relative to /nix/store/4ginnxwdkjl5j7hyyy272wi264s126vj-r-tvthemes-1.3.3
