this derivation will be built:
  /nix/store/bdrz5f75g56xbj4v79w02mb37hl98lrg-r-otuSummary-0.1.2.drv
this path will be fetched (0.17 MiB download, 0.17 MiB unpacked):
  /nix/store/0lrqf086zpzs3cmydbj50r6jspx9mswm-otuSummary_0.1.2.tar.gz
copying path '/nix/store/0lrqf086zpzs3cmydbj50r6jspx9mswm-otuSummary_0.1.2.tar.gz' from 'https://cache.nixos.org'...
building '/nix/store/bdrz5f75g56xbj4v79w02mb37hl98lrg-r-otuSummary-0.1.2.drv'...
Running phase: unpackPhase
unpacking source archive /nix/store/0lrqf086zpzs3cmydbj50r6jspx9mswm-otuSummary_0.1.2.tar.gz
source root is otuSummary
setting SOURCE_DATE_EPOCH to timestamp 1693951203 of file otuSummary/MD5
Running phase: patchPhase
Running phase: updateAutotoolsGnuConfigScriptsPhase
Running phase: configurePhase
Running phase: buildPhase
Running phase: checkPhase
Running phase: installPhase
* installing *source* package ‘otuSummary’ ...
** package ‘otuSummary’ correctement décompressé et sommes MD5 vérifiées
** using staged installation
** R
** data
*** moving datasets to lazyload DB
** byte-compile and prepare package for lazy loading
** help
*** installing help indices
** building package indices
** testing if installed package can be loaded from temporary location
** testing if installed package can be loaded from final location
** testing if installed package keeps a record of temporary installation path
* DONE (otuSummary)
Running phase: fixupPhase
checking for references to /private/tmp/nix-build-r-otuSummary-0.1.2.drv-0/ in /nix/store/x1zy9v9i4n8lvzcn2c028rqzgnsv720j-r-otuSummary-0.1.2...
patching script interpreter paths in /nix/store/x1zy9v9i4n8lvzcn2c028rqzgnsv720j-r-otuSummary-0.1.2
rewriting symlink /nix/store/x1zy9v9i4n8lvzcn2c028rqzgnsv720j-r-otuSummary-0.1.2/nix-support/propagated-user-env-packages to be relative to /nix/store/x1zy9v9i4n8lvzcn2c028rqzgnsv720j-r-otuSummary-0.1.2
