this derivation will be built:
  /nix/store/9kvkr24zq2i0m345c8yvp2wpxqf6cv93-r-portes-6.0.drv
this path will be fetched (0.06 MiB download, 0.06 MiB unpacked):
  /nix/store/xdghi9x112imjcs7idry9zcisj0ri8bd-portes_6.0.tar.gz
copying path '/nix/store/xdghi9x112imjcs7idry9zcisj0ri8bd-portes_6.0.tar.gz' from 'https://cache.nixos.org'...
building '/nix/store/9kvkr24zq2i0m345c8yvp2wpxqf6cv93-r-portes-6.0.drv'...
Running phase: unpackPhase
unpacking source archive /nix/store/xdghi9x112imjcs7idry9zcisj0ri8bd-portes_6.0.tar.gz
source root is portes
setting SOURCE_DATE_EPOCH to timestamp 1687126802 of file portes/MD5
Running phase: patchPhase
Running phase: updateAutotoolsGnuConfigScriptsPhase
Running phase: configurePhase
Running phase: buildPhase
Running phase: checkPhase
Running phase: installPhase
* installing *source* package ‘portes’ ...
** package ‘portes’ correctement décompressé et sommes MD5 vérifiées
** using staged installation
** R
** data
*** moving datasets to lazyload DB
** byte-compile and prepare package for lazy loading
** help
*** installing help indices
** building package indices
** testing if installed package can be loaded from temporary location
** testing if installed package can be loaded from final location
** testing if installed package keeps a record of temporary installation path
* DONE (portes)
Running phase: fixupPhase
checking for references to /private/tmp/nix-build-r-portes-6.0.drv-0/ in /nix/store/2bmkky7ny2b2i0l3i2nj1z5cqb3wxm94-r-portes-6.0...
patching script interpreter paths in /nix/store/2bmkky7ny2b2i0l3i2nj1z5cqb3wxm94-r-portes-6.0
rewriting symlink /nix/store/2bmkky7ny2b2i0l3i2nj1z5cqb3wxm94-r-portes-6.0/nix-support/propagated-user-env-packages to be relative to /nix/store/2bmkky7ny2b2i0l3i2nj1z5cqb3wxm94-r-portes-6.0
