this derivation will be built:
  /nix/store/g8vsiz3g8wp0xbcn7nbz00phz279v8f5-r-ggplotAssist-0.1.3.drv
building '/nix/store/g8vsiz3g8wp0xbcn7nbz00phz279v8f5-r-ggplotAssist-0.1.3.drv'...
Running phase: unpackPhase
unpacking source archive /nix/store/64azaf9cyx1j44lcar5zd29p9727nilm-ggplotAssist_0.1.3.tar.gz
source root is ggplotAssist
setting SOURCE_DATE_EPOCH to timestamp 1510489486 of file ggplotAssist/MD5
Running phase: patchPhase
Running phase: updateAutotoolsGnuConfigScriptsPhase
Running phase: configurePhase
Running phase: buildPhase
Running phase: checkPhase
Running phase: installPhase
* installing *source* package ‘ggplotAssist’ ...
** package ‘ggplotAssist’ correctement décompressé et sommes MD5 vérifiées
** using staged installation
** R
** inst
** byte-compile and prepare package for lazy loading
** help
*** installing help indices
** building package indices
** installing vignettes
** testing if installed package can be loaded from temporary location
** testing if installed package can be loaded from final location
** testing if installed package keeps a record of temporary installation path
* DONE (ggplotAssist)
Running phase: fixupPhase
checking for references to /private/tmp/nix-build-r-ggplotAssist-0.1.3.drv-0/ in /nix/store/dhs9g7r2fx28ifhx0wzi1cj1kpdfmblq-r-ggplotAssist-0.1.3...
patching script interpreter paths in /nix/store/dhs9g7r2fx28ifhx0wzi1cj1kpdfmblq-r-ggplotAssist-0.1.3
rewriting symlink /nix/store/dhs9g7r2fx28ifhx0wzi1cj1kpdfmblq-r-ggplotAssist-0.1.3/nix-support/propagated-user-env-packages to be relative to /nix/store/dhs9g7r2fx28ifhx0wzi1cj1kpdfmblq-r-ggplotAssist-0.1.3
