this derivation will be built:
  /nix/store/jhz58jdp59k6zns0i051vvcmc21w06ap-r-LSRS-0.2.0.drv
this path will be fetched (0.01 MiB download, 0.01 MiB unpacked):
  /nix/store/99h9a7ra0madlq359yl1sbrj5r3971h0-LSRS_0.2.0.tar.gz
copying path '/nix/store/99h9a7ra0madlq359yl1sbrj5r3971h0-LSRS_0.2.0.tar.gz' from 'https://cache.nixos.org'...
building '/nix/store/jhz58jdp59k6zns0i051vvcmc21w06ap-r-LSRS-0.2.0.drv'...
Running phase: unpackPhase
unpacking source archive /nix/store/99h9a7ra0madlq359yl1sbrj5r3971h0-LSRS_0.2.0.tar.gz
source root is LSRS
setting SOURCE_DATE_EPOCH to timestamp 1520461152 of file LSRS/MD5
Running phase: patchPhase
Running phase: updateAutotoolsGnuConfigScriptsPhase
Running phase: configurePhase
Running phase: buildPhase
Running phase: checkPhase
Running phase: installPhase
* installing *source* package ‘LSRS’ ...
** package ‘LSRS’ correctement décompressé et sommes MD5 vérifiées
** using staged installation
** R
** byte-compile and prepare package for lazy loading
** help
*** installing help indices
** building package indices
** testing if installed package can be loaded from temporary location
** testing if installed package can be loaded from final location
** testing if installed package keeps a record of temporary installation path
* DONE (LSRS)
Running phase: fixupPhase
checking for references to /private/tmp/nix-build-r-LSRS-0.2.0.drv-0/ in /nix/store/d8ngq09jxf7vmrf0jbwrrf1xa2a6p1zb-r-LSRS-0.2.0...
patching script interpreter paths in /nix/store/d8ngq09jxf7vmrf0jbwrrf1xa2a6p1zb-r-LSRS-0.2.0
