this derivation will be built:
  /nix/store/0cjz1gk7kc5aqm5jvlv2a6qzm0qq9nkf-r-listarrays-0.4.0.drv
this path will be fetched (0.03 MiB download, 0.03 MiB unpacked):
  /nix/store/xm92idpxd920il16v130fnawyajjsb1w-listarrays_0.4.0.tar.gz
copying path '/nix/store/xm92idpxd920il16v130fnawyajjsb1w-listarrays_0.4.0.tar.gz' from 'https://cache.nixos.org'...
building '/nix/store/0cjz1gk7kc5aqm5jvlv2a6qzm0qq9nkf-r-listarrays-0.4.0.drv'...
Running phase: unpackPhase
unpacking source archive /nix/store/xm92idpxd920il16v130fnawyajjsb1w-listarrays_0.4.0.tar.gz
source root is listarrays
setting SOURCE_DATE_EPOCH to timestamp 1713535355 of file listarrays/MD5
Running phase: patchPhase
Running phase: updateAutotoolsGnuConfigScriptsPhase
Running phase: configurePhase
Running phase: buildPhase
Running phase: checkPhase
Running phase: installPhase
* installing *source* package ‘listarrays’ ...
** package ‘listarrays’ correctement décompressé et sommes MD5 vérifiées
** using staged installation
** R
** byte-compile and prepare package for lazy loading
** help
*** installing help indices
** building package indices
** testing if installed package can be loaded from temporary location
** testing if installed package can be loaded from final location
** testing if installed package keeps a record of temporary installation path
* DONE (listarrays)
Running phase: fixupPhase
checking for references to /private/tmp/nix-build-r-listarrays-0.4.0.drv-0/ in /nix/store/fnasp706ic2w307l9b5rqg58fr15sr58-r-listarrays-0.4.0...
patching script interpreter paths in /nix/store/fnasp706ic2w307l9b5rqg58fr15sr58-r-listarrays-0.4.0
