this derivation will be built:
  /nix/store/ajhl8pypf7smxa7rjkpbyi1w2hcnvmcn-r-influence.ME-0.9-9.drv
this path will be fetched (0.02 MiB download, 0.02 MiB unpacked):
  /nix/store/qzarggln70k2rqvas2mkivqb2q74517v-influence.ME_0.9-9.tar.gz
copying path '/nix/store/qzarggln70k2rqvas2mkivqb2q74517v-influence.ME_0.9-9.tar.gz' from 'https://cache.nixos.org'...
building '/nix/store/ajhl8pypf7smxa7rjkpbyi1w2hcnvmcn-r-influence.ME-0.9-9.drv'...
Running phase: unpackPhase
unpacking source archive /nix/store/qzarggln70k2rqvas2mkivqb2q74517v-influence.ME_0.9-9.tar.gz
source root is influence.ME
setting SOURCE_DATE_EPOCH to timestamp 1496819102 of file influence.ME/MD5
Running phase: patchPhase
Running phase: updateAutotoolsGnuConfigScriptsPhase
Running phase: configurePhase
Running phase: buildPhase
Running phase: checkPhase
Running phase: installPhase
* installing *source* package ‘influence.ME’ ...
** package ‘influence.ME’ correctement décompressé et sommes MD5 vérifiées
** using staged installation
** R
** data
*** moving datasets to lazyload DB
** inst
** byte-compile and prepare package for lazy loading
** help
*** installing help indices
** building package indices
** testing if installed package can be loaded from temporary location
** testing if installed package can be loaded from final location
** testing if installed package keeps a record of temporary installation path
* DONE (influence.ME)
Running phase: fixupPhase
checking for references to /private/tmp/nix-build-r-influence.ME-0.9-9.drv-0/ in /nix/store/hm4g8ib1wjkd8j6iwvfai6v12phfdhq9-r-influence.ME-0.9-9...
patching script interpreter paths in /nix/store/hm4g8ib1wjkd8j6iwvfai6v12phfdhq9-r-influence.ME-0.9-9
rewriting symlink /nix/store/hm4g8ib1wjkd8j6iwvfai6v12phfdhq9-r-influence.ME-0.9-9/nix-support/propagated-user-env-packages to be relative to /nix/store/hm4g8ib1wjkd8j6iwvfai6v12phfdhq9-r-influence.ME-0.9-9
