these 2 derivations will be built:
  /nix/store/7xdxzs6ms1pgz33r3rx7y9mv8ys5f5n5-MapperAlgo_1.0.tar.gz.drv
  /nix/store/3fbc9wrdi05s1kr4v6m24b820jl70zyh-r-MapperAlgo-1.0.drv
building '/nix/store/7xdxzs6ms1pgz33r3rx7y9mv8ys5f5n5-MapperAlgo_1.0.tar.gz.drv'...

trying https://cran.r-project.org/src/contrib/MapperAlgo_1.0.tar.gz
  % Total    % Received % Xferd  Average Speed   Time    Time     Time  Current
                                 Dload  Upload   Total   Spent    Left  Speed
100  7962  100  7962    0     0  96619      0 --:--:-- --:--:-- --:--:-- 97097
building '/nix/store/3fbc9wrdi05s1kr4v6m24b820jl70zyh-r-MapperAlgo-1.0.drv'...
Running phase: unpackPhase
unpacking source archive /nix/store/6snclmry09ji3yz6wglk8mhbwq69nywl-MapperAlgo_1.0.tar.gz
source root is MapperAlgo
setting SOURCE_DATE_EPOCH to timestamp 1726669807 of file MapperAlgo/MD5
Running phase: patchPhase
Running phase: updateAutotoolsGnuConfigScriptsPhase
Running phase: configurePhase
Running phase: buildPhase
Running phase: checkPhase
Running phase: installPhase
* installing *source* package ‘MapperAlgo’ ...
** package ‘MapperAlgo’ correctement décompressé et sommes MD5 vérifiées
** using staged installation
** R
** byte-compile and prepare package for lazy loading
** help
*** installing help indices
** building package indices
** testing if installed package can be loaded from temporary location
** testing if installed package can be loaded from final location
** testing if installed package keeps a record of temporary installation path
* DONE (MapperAlgo)
Running phase: fixupPhase
checking for references to /private/tmp/nix-build-r-MapperAlgo-1.0.drv-0/ in /nix/store/yxyskifckqrc77nsiwgl3c14lcfaf4ww-r-MapperAlgo-1.0...
patching script interpreter paths in /nix/store/yxyskifckqrc77nsiwgl3c14lcfaf4ww-r-MapperAlgo-1.0
