these 2 derivations will be built:
  /nix/store/hnfcpvkg0j47lp7f93spr67pr8rx7qzw-ToolsForCoDa_1.0.9.tar.gz.drv
  /nix/store/2q7nxdn9zcrx4rj0zxyhb0p53sqs1h5r-r-ToolsForCoDa-1.0.9.drv
building '/nix/store/hnfcpvkg0j47lp7f93spr67pr8rx7qzw-ToolsForCoDa_1.0.9.tar.gz.drv'...

trying https://cran.r-project.org/src/contrib/ToolsForCoDa_1.0.9.tar.gz
  % Total    % Received % Xferd  Average Speed   Time    Time     Time  Current
                                 Dload  Upload   Total   Spent    Left  Speed
100 93206  100 93206    0     0   677k      0 --:--:-- --:--:-- --:--:--  679k
building '/nix/store/2q7nxdn9zcrx4rj0zxyhb0p53sqs1h5r-r-ToolsForCoDa-1.0.9.drv'...
Running phase: unpackPhase
unpacking source archive /nix/store/981vxvahrfm0sliw3r0r718panmx023w-ToolsForCoDa_1.0.9.tar.gz
source root is ToolsForCoDa
setting SOURCE_DATE_EPOCH to timestamp 1725213002 of file ToolsForCoDa/MD5
Running phase: patchPhase
Running phase: updateAutotoolsGnuConfigScriptsPhase
Running phase: configurePhase
Running phase: buildPhase
Running phase: checkPhase
Running phase: installPhase
* installing *source* package ‘ToolsForCoDa’ ...
** package ‘ToolsForCoDa’ correctement décompressé et sommes MD5 vérifiées
** using staged installation
** R
** data
** inst
** byte-compile and prepare package for lazy loading
** help
*** installing help indices
** building package indices
** installing vignettes
** testing if installed package can be loaded from temporary location
** testing if installed package can be loaded from final location
** testing if installed package keeps a record of temporary installation path
* DONE (ToolsForCoDa)
Running phase: fixupPhase
checking for references to /private/tmp/nix-build-r-ToolsForCoDa-1.0.9.drv-0/ in /nix/store/vkbwgc7m3jfy9226hk60a21n7h5s7r4w-r-ToolsForCoDa-1.0.9...
patching script interpreter paths in /nix/store/vkbwgc7m3jfy9226hk60a21n7h5s7r4w-r-ToolsForCoDa-1.0.9
rewriting symlink /nix/store/vkbwgc7m3jfy9226hk60a21n7h5s7r4w-r-ToolsForCoDa-1.0.9/nix-support/propagated-user-env-packages to be relative to /nix/store/vkbwgc7m3jfy9226hk60a21n7h5s7r4w-r-ToolsForCoDa-1.0.9
