this derivation will be built:
  /nix/store/r0whcq279ynbn3869hm475d9va041wyl-r-mseapca-2.0.3.drv
this path will be fetched (0.02 MiB download, 0.02 MiB unpacked):
  /nix/store/c5923rrx3jgd85753n1ib52s5p2mrppl-mseapca_2.0.3.tar.gz
copying path '/nix/store/c5923rrx3jgd85753n1ib52s5p2mrppl-mseapca_2.0.3.tar.gz' from 'https://cache.nixos.org'...
building '/nix/store/r0whcq279ynbn3869hm475d9va041wyl-r-mseapca-2.0.3.drv'...
Running phase: unpackPhase
unpacking source archive /nix/store/c5923rrx3jgd85753n1ib52s5p2mrppl-mseapca_2.0.3.tar.gz
source root is mseapca
setting SOURCE_DATE_EPOCH to timestamp 1699096802 of file mseapca/MD5
Running phase: patchPhase
Running phase: updateAutotoolsGnuConfigScriptsPhase
Running phase: configurePhase
Running phase: buildPhase
Running phase: checkPhase
Running phase: installPhase
* installing *source* package ‘mseapca’ ...
** package ‘mseapca’ correctement décompressé et sommes MD5 vérifiées
** using staged installation
** R
** data
*** moving datasets to lazyload DB
** byte-compile and prepare package for lazy loading
** help
*** installing help indices
** building package indices
** testing if installed package can be loaded from temporary location
** testing if installed package can be loaded from final location
** testing if installed package keeps a record of temporary installation path
* DONE (mseapca)
Running phase: fixupPhase
checking for references to /private/tmp/nix-build-r-mseapca-2.0.3.drv-0/ in /nix/store/2a9djg51hf7hxcqbbh75ijccjj8bd7f8-r-mseapca-2.0.3...
patching script interpreter paths in /nix/store/2a9djg51hf7hxcqbbh75ijccjj8bd7f8-r-mseapca-2.0.3
rewriting symlink /nix/store/2a9djg51hf7hxcqbbh75ijccjj8bd7f8-r-mseapca-2.0.3/nix-support/propagated-user-env-packages to be relative to /nix/store/2a9djg51hf7hxcqbbh75ijccjj8bd7f8-r-mseapca-2.0.3
