this derivation will be built:
  /nix/store/77yfaya3dvmswxqbxscawv9kqsv52y7i-r-intRegGOF-0.85-5.drv
this path will be fetched (0.01 MiB download, 0.01 MiB unpacked):
  /nix/store/bcf55m7441c5m7fpaxg6f6rxjy3ndbz3-intRegGOF_0.85-5.tar.gz
copying path '/nix/store/bcf55m7441c5m7fpaxg6f6rxjy3ndbz3-intRegGOF_0.85-5.tar.gz' from 'https://cache.nixos.org'...
building '/nix/store/77yfaya3dvmswxqbxscawv9kqsv52y7i-r-intRegGOF-0.85-5.drv'...
Running phase: unpackPhase
unpacking source archive /nix/store/bcf55m7441c5m7fpaxg6f6rxjy3ndbz3-intRegGOF_0.85-5.tar.gz
source root is intRegGOF
setting SOURCE_DATE_EPOCH to timestamp 1526992138 of file intRegGOF/MD5
Running phase: patchPhase
Running phase: updateAutotoolsGnuConfigScriptsPhase
Running phase: configurePhase
Running phase: buildPhase
Running phase: checkPhase
Running phase: installPhase
* installing *source* package ‘intRegGOF’ ...
** package ‘intRegGOF’ correctement décompressé et sommes MD5 vérifiées
** using staged installation
** R
** byte-compile and prepare package for lazy loading
** help
*** installing help indices
** building package indices
** testing if installed package can be loaded from temporary location
** testing if installed package can be loaded from final location
** testing if installed package keeps a record of temporary installation path
* DONE (intRegGOF)
Running phase: fixupPhase
checking for references to /private/tmp/nix-build-r-intRegGOF-0.85-5.drv-0/ in /nix/store/p7gsd5v7s6c17c1a6lipzb4q80w5100a-r-intRegGOF-0.85-5...
patching script interpreter paths in /nix/store/p7gsd5v7s6c17c1a6lipzb4q80w5100a-r-intRegGOF-0.85-5
