this derivation will be built:
  /nix/store/3bndhjzyrpcjg9fppvsh25bqsf8yy4d6-r-RVenn-1.1.0.drv
this path will be fetched (0.66 MiB download, 0.66 MiB unpacked):
  /nix/store/9jlg9lpgyb2rbbxagbj2hv7684n6zypg-RVenn_1.1.0.tar.gz
copying path '/nix/store/9jlg9lpgyb2rbbxagbj2hv7684n6zypg-RVenn_1.1.0.tar.gz' from 'https://cache.nixos.org'...
building '/nix/store/3bndhjzyrpcjg9fppvsh25bqsf8yy4d6-r-RVenn-1.1.0.drv'...
Running phase: unpackPhase
unpacking source archive /nix/store/9jlg9lpgyb2rbbxagbj2hv7684n6zypg-RVenn_1.1.0.tar.gz
source root is RVenn
setting SOURCE_DATE_EPOCH to timestamp 1563486002 of file RVenn/MD5
Running phase: patchPhase
Running phase: updateAutotoolsGnuConfigScriptsPhase
Running phase: configurePhase
Running phase: buildPhase
Running phase: checkPhase
Running phase: installPhase
* installing *source* package ‘RVenn’ ...
** package ‘RVenn’ correctement décompressé et sommes MD5 vérifiées
** using staged installation
** R
** inst
** byte-compile and prepare package for lazy loading
** help
*** installing help indices
** building package indices
** installing vignettes
** testing if installed package can be loaded from temporary location
** testing if installed package can be loaded from final location
** testing if installed package keeps a record of temporary installation path
* DONE (RVenn)
Running phase: fixupPhase
checking for references to /private/tmp/nix-build-r-RVenn-1.1.0.drv-0/ in /nix/store/yjhdhj6ma6rxvzgkncw9fw9dnx3gl08d-r-RVenn-1.1.0...
patching script interpreter paths in /nix/store/yjhdhj6ma6rxvzgkncw9fw9dnx3gl08d-r-RVenn-1.1.0
rewriting symlink /nix/store/yjhdhj6ma6rxvzgkncw9fw9dnx3gl08d-r-RVenn-1.1.0/nix-support/propagated-user-env-packages to be relative to /nix/store/yjhdhj6ma6rxvzgkncw9fw9dnx3gl08d-r-RVenn-1.1.0
