this derivation will be built:
  /nix/store/v5hffq9vpjbmmaplrz30ny2zwbl72crg-r-rrandvec-1.0.0.drv
this path will be fetched (0.00 MiB download, 0.00 MiB unpacked):
  /nix/store/44f5p45vjqhzwr1wpws3f7l0ylk40yyd-rrandvec_1.0.0.tar.gz
copying path '/nix/store/44f5p45vjqhzwr1wpws3f7l0ylk40yyd-rrandvec_1.0.0.tar.gz' from 'https://cache.nixos.org'...
building '/nix/store/v5hffq9vpjbmmaplrz30ny2zwbl72crg-r-rrandvec-1.0.0.drv'...
Running phase: unpackPhase
unpacking source archive /nix/store/44f5p45vjqhzwr1wpws3f7l0ylk40yyd-rrandvec_1.0.0.tar.gz
source root is rrandvec
setting SOURCE_DATE_EPOCH to timestamp 1680160202 of file rrandvec/MD5
Running phase: patchPhase
Running phase: updateAutotoolsGnuConfigScriptsPhase
Running phase: configurePhase
Running phase: buildPhase
Running phase: checkPhase
Running phase: installPhase
* installing *source* package ‘rrandvec’ ...
** package ‘rrandvec’ correctement décompressé et sommes MD5 vérifiées
** using staged installation
** libs
using C++ compiler: ‘clang version 16.0.6’
using SDK: ‘’
/nix/store/v39c0h6xv6hvki2k1bsyp5n090q8y2bp-clang-wrapper-16.0.6/bin/c++ -std=gnu++17 -I"/nix/store/lir8rmsk7dxbj7v1spqmv69z4mafg16l-R-4.4.2/lib/R/include" -DNDEBUG  -I'/nix/store/da7yi2xf3argx9hlnn3f0k95b8y1yx2l-r-Rcpp-1.0.13-1/library/Rcpp/include' -isystem /nix/store/0mmz5i705116bfykc7i1r9jxqwyghj2a-libcxx-16.0.6-dev/include/c++/v1    -fPIC  -g -O2   -c RcppExports.cpp -o RcppExports.o
/nix/store/v39c0h6xv6hvki2k1bsyp5n090q8y2bp-clang-wrapper-16.0.6/bin/c++ -std=gnu++17 -I"/nix/store/lir8rmsk7dxbj7v1spqmv69z4mafg16l-R-4.4.2/lib/R/include" -DNDEBUG  -I'/nix/store/da7yi2xf3argx9hlnn3f0k95b8y1yx2l-r-Rcpp-1.0.13-1/library/Rcpp/include' -isystem /nix/store/0mmz5i705116bfykc7i1r9jxqwyghj2a-libcxx-16.0.6-dev/include/c++/v1    -fPIC  -g -O2   -c rrandvec.cpp -o rrandvec.o
/nix/store/v39c0h6xv6hvki2k1bsyp5n090q8y2bp-clang-wrapper-16.0.6/bin/c++ -std=gnu++17 -dynamiclib -Wl,-headerpad_max_install_names -undefined dynamic_lookup -L/nix/store/lir8rmsk7dxbj7v1spqmv69z4mafg16l-R-4.4.2/lib/R/lib -L/nix/store/88xkgzh5g9xppsg3hdxxxh9q43rnxk6k-libcxx-16.0.6/lib -o rrandvec.so RcppExports.o rrandvec.o -L/nix/store/lir8rmsk7dxbj7v1spqmv69z4mafg16l-R-4.4.2/lib/R/lib -lR -lintl -Wl,-framework -Wl,CoreFoundation
installing to /nix/store/z8cxmr2gvrjijcgm8df2vmjw4rskkh8c-r-rrandvec-1.0.0/library/00LOCK-rrandvec/00new/rrandvec/libs
** R
** byte-compile and prepare package for lazy loading
** help
*** installing help indices
** building package indices
** testing if installed package can be loaded from temporary location
** checking absolute paths in shared objects and dynamic libraries
** testing if installed package can be loaded from final location
** testing if installed package keeps a record of temporary installation path
* DONE (rrandvec)
Running phase: fixupPhase
checking for references to /private/tmp/nix-build-r-rrandvec-1.0.0.drv-0/ in /nix/store/z8cxmr2gvrjijcgm8df2vmjw4rskkh8c-r-rrandvec-1.0.0...
patching script interpreter paths in /nix/store/z8cxmr2gvrjijcgm8df2vmjw4rskkh8c-r-rrandvec-1.0.0
rewriting symlink /nix/store/z8cxmr2gvrjijcgm8df2vmjw4rskkh8c-r-rrandvec-1.0.0/nix-support/propagated-user-env-packages to be relative to /nix/store/z8cxmr2gvrjijcgm8df2vmjw4rskkh8c-r-rrandvec-1.0.0
