these 2 derivations will be built:
  /nix/store/h028p66c8c4zm0hjd5vwbv92dwjvfx85-shiny.telemetry_0.3.1.tar.gz.drv
  /nix/store/9340ilgv328c1h5zkac1jnwwhz8vnl6f-r-shiny.telemetry-0.3.1.drv
building '/nix/store/h028p66c8c4zm0hjd5vwbv92dwjvfx85-shiny.telemetry_0.3.1.tar.gz.drv'...

trying https://cran.r-project.org/src/contrib/shiny.telemetry_0.3.1.tar.gz
  % Total    % Received % Xferd  Average Speed   Time    Time     Time  Current
                                 Dload  Upload   Total   Spent    Left  Speed
100 1889k  100 1889k    0     0  4668k      0 --:--:-- --:--:-- --:--:-- 4664k
building '/nix/store/9340ilgv328c1h5zkac1jnwwhz8vnl6f-r-shiny.telemetry-0.3.1.drv'...
Running phase: unpackPhase
unpacking source archive /nix/store/w9r72y64jb8lh7y7447ci7ncyp1yg4si-shiny.telemetry_0.3.1.tar.gz
source root is shiny.telemetry
setting SOURCE_DATE_EPOCH to timestamp 1728979202 of file shiny.telemetry/MD5
Running phase: patchPhase
Running phase: updateAutotoolsGnuConfigScriptsPhase
Running phase: configurePhase
Running phase: buildPhase
Running phase: checkPhase
Running phase: installPhase
* installing *source* package ‘shiny.telemetry’ ...
** package ‘shiny.telemetry’ correctement décompressé et sommes MD5 vérifiées
** using staged installation
** R
** inst
** byte-compile and prepare package for lazy loading
Note: nombre incorrect d'arguments pour 'floor' 
** help
*** installing help indices
*** copying figures
** building package indices
** installing vignettes
** testing if installed package can be loaded from temporary location
** testing if installed package can be loaded from final location
** testing if installed package keeps a record of temporary installation path
* DONE (shiny.telemetry)
Running phase: fixupPhase
checking for references to /private/tmp/nix-build-r-shiny.telemetry-0.3.1.drv-0/ in /nix/store/89dk9z298sq1140g6gn7dblpndd2s2bk-r-shiny.telemetry-0.3.1...
patching script interpreter paths in /nix/store/89dk9z298sq1140g6gn7dblpndd2s2bk-r-shiny.telemetry-0.3.1
rewriting symlink /nix/store/89dk9z298sq1140g6gn7dblpndd2s2bk-r-shiny.telemetry-0.3.1/nix-support/propagated-user-env-packages to be relative to /nix/store/89dk9z298sq1140g6gn7dblpndd2s2bk-r-shiny.telemetry-0.3.1
