this derivation will be built:
  /nix/store/ls5pa66hw4zgc6qi6g938wwy2ai3x8lj-r-rocker-0.3.1.drv
this path will be fetched (0.07 MiB download, 0.07 MiB unpacked):
  /nix/store/npdkwjg0pw0i12r9izl7xmlvfxxpqcd2-rocker_0.3.1.tar.gz
copying path '/nix/store/npdkwjg0pw0i12r9izl7xmlvfxxpqcd2-rocker_0.3.1.tar.gz' from 'https://cache.nixos.org'...
building '/nix/store/ls5pa66hw4zgc6qi6g938wwy2ai3x8lj-r-rocker-0.3.1.drv'...
Running phase: unpackPhase
unpacking source archive /nix/store/npdkwjg0pw0i12r9izl7xmlvfxxpqcd2-rocker_0.3.1.tar.gz
source root is rocker
setting SOURCE_DATE_EPOCH to timestamp 1661035202 of file rocker/MD5
Running phase: patchPhase
Running phase: updateAutotoolsGnuConfigScriptsPhase
Running phase: configurePhase
Running phase: buildPhase
Running phase: checkPhase
Running phase: installPhase
* installing *source* package ‘rocker’ ...
** package ‘rocker’ correctement décompressé et sommes MD5 vérifiées
** using staged installation
** R
** inst
** byte-compile and prepare package for lazy loading
** help
*** installing help indices
** building package indices
** installing vignettes
** testing if installed package can be loaded from temporary location
** testing if installed package can be loaded from final location
** testing if installed package keeps a record of temporary installation path
* DONE (rocker)
Running phase: fixupPhase
checking for references to /private/tmp/nix-build-r-rocker-0.3.1.drv-0/ in /nix/store/v197kd9kc6ssi32fvp4bk1w41k4dscyj-r-rocker-0.3.1...
patching script interpreter paths in /nix/store/v197kd9kc6ssi32fvp4bk1w41k4dscyj-r-rocker-0.3.1
rewriting symlink /nix/store/v197kd9kc6ssi32fvp4bk1w41k4dscyj-r-rocker-0.3.1/nix-support/propagated-user-env-packages to be relative to /nix/store/v197kd9kc6ssi32fvp4bk1w41k4dscyj-r-rocker-0.3.1
