these 2 derivations will be built:
  /nix/store/7pv35chrhi9y384w2qa7vzm6n20335gj-r-webmockr-1.0.0.drv
  /nix/store/xxyrp7wf1m11n8n9rbgbk41vk53vigj8-r-vcr-1.6.0.drv
these 2 paths will be fetched (2.48 MiB download, 2.87 MiB unpacked):
  /nix/store/4w83i8i0lanpvj6lc4pr6s7sa782dx5w-vcr_1.6.0.tar.gz
  /nix/store/zy5pjwhah1v7wg9hkcfbscjg4y00r607-webmockr_1.0.0.tar.gz
copying path '/nix/store/4w83i8i0lanpvj6lc4pr6s7sa782dx5w-vcr_1.6.0.tar.gz' from 'https://cache.nixos.org'...
copying path '/nix/store/zy5pjwhah1v7wg9hkcfbscjg4y00r607-webmockr_1.0.0.tar.gz' from 'https://cache.nixos.org'...
building '/nix/store/7pv35chrhi9y384w2qa7vzm6n20335gj-r-webmockr-1.0.0.drv'...
Running phase: unpackPhase
unpacking source archive /nix/store/zy5pjwhah1v7wg9hkcfbscjg4y00r607-webmockr_1.0.0.tar.gz
source root is webmockr
setting SOURCE_DATE_EPOCH to timestamp 1721713802 of file webmockr/MD5
Running phase: patchPhase
Running phase: updateAutotoolsGnuConfigScriptsPhase
Running phase: configurePhase
Running phase: buildPhase
Running phase: checkPhase
Running phase: installPhase
* installing *source* package ‘webmockr’ ...
** package ‘webmockr’ correctement décompressé et sommes MD5 vérifiées
** using staged installation
** R
** inst
** byte-compile and prepare package for lazy loading
** help
*** installing help indices
** building package indices
** testing if installed package can be loaded from temporary location
** testing if installed package can be loaded from final location
** testing if installed package keeps a record of temporary installation path
* DONE (webmockr)
Running phase: fixupPhase
checking for references to /private/tmp/nix-build-r-webmockr-1.0.0.drv-0/ in /nix/store/krr7rmxm2yxqyk8zdha5icri05ayqf0l-r-webmockr-1.0.0...
patching script interpreter paths in /nix/store/krr7rmxm2yxqyk8zdha5icri05ayqf0l-r-webmockr-1.0.0
rewriting symlink /nix/store/krr7rmxm2yxqyk8zdha5icri05ayqf0l-r-webmockr-1.0.0/nix-support/propagated-user-env-packages to be relative to /nix/store/krr7rmxm2yxqyk8zdha5icri05ayqf0l-r-webmockr-1.0.0
building '/nix/store/xxyrp7wf1m11n8n9rbgbk41vk53vigj8-r-vcr-1.6.0.drv'...
Running phase: unpackPhase
unpacking source archive /nix/store/4w83i8i0lanpvj6lc4pr6s7sa782dx5w-vcr_1.6.0.tar.gz
source root is vcr
setting SOURCE_DATE_EPOCH to timestamp 1721770802 of file vcr/MD5
Running phase: patchPhase
Running phase: updateAutotoolsGnuConfigScriptsPhase
Running phase: configurePhase
Running phase: buildPhase
Running phase: checkPhase
Running phase: installPhase
* installing *source* package ‘vcr’ ...
** package ‘vcr’ correctement décompressé et sommes MD5 vérifiées
** using staged installation
** R
** data
*** moving datasets to lazyload DB
** inst
** byte-compile and prepare package for lazy loading
** help
*** installing help indices
** building package indices
** installing vignettes
** testing if installed package can be loaded from temporary location
** testing if installed package can be loaded from final location
** testing if installed package keeps a record of temporary installation path
* DONE (vcr)
Running phase: fixupPhase
checking for references to /private/tmp/nix-build-r-vcr-1.6.0.drv-0/ in /nix/store/gfvbl0kqbqjzhx9wdvf941xgk2dcmc4p-r-vcr-1.6.0...
patching script interpreter paths in /nix/store/gfvbl0kqbqjzhx9wdvf941xgk2dcmc4p-r-vcr-1.6.0
rewriting symlink /nix/store/gfvbl0kqbqjzhx9wdvf941xgk2dcmc4p-r-vcr-1.6.0/nix-support/propagated-user-env-packages to be relative to /nix/store/gfvbl0kqbqjzhx9wdvf941xgk2dcmc4p-r-vcr-1.6.0
