this derivation will be built:
  /nix/store/2x8h44fgm0iq53aa96x2s2vnvnlp2rag-r-oxcAAR-1.1.1.drv
this path will be fetched (0.31 MiB download, 0.31 MiB unpacked):
  /nix/store/afsss8phla5p6js5hfc3y36cmqy8igh0-oxcAAR_1.1.1.tar.gz
copying path '/nix/store/afsss8phla5p6js5hfc3y36cmqy8igh0-oxcAAR_1.1.1.tar.gz' from 'https://cache.nixos.org'...
building '/nix/store/2x8h44fgm0iq53aa96x2s2vnvnlp2rag-r-oxcAAR-1.1.1.drv'...
Running phase: unpackPhase
unpacking source archive /nix/store/afsss8phla5p6js5hfc3y36cmqy8igh0-oxcAAR_1.1.1.tar.gz
source root is oxcAAR
setting SOURCE_DATE_EPOCH to timestamp 1625505602 of file oxcAAR/MD5
Running phase: patchPhase
Running phase: updateAutotoolsGnuConfigScriptsPhase
Running phase: configurePhase
Running phase: buildPhase
Running phase: checkPhase
Running phase: installPhase
* installing *source* package ‘oxcAAR’ ...
** package ‘oxcAAR’ correctement décompressé et sommes MD5 vérifiées
** using staged installation
** R
** inst
** byte-compile and prepare package for lazy loading
** help
*** installing help indices
** building package indices
** installing vignettes
** testing if installed package can be loaded from temporary location
** testing if installed package can be loaded from final location
** testing if installed package keeps a record of temporary installation path
* DONE (oxcAAR)
Running phase: fixupPhase
checking for references to /private/tmp/nix-build-r-oxcAAR-1.1.1.drv-0/ in /nix/store/1s47rdcl2fkaxgay0rpv8n49knggn97z-r-oxcAAR-1.1.1...
patching script interpreter paths in /nix/store/1s47rdcl2fkaxgay0rpv8n49knggn97z-r-oxcAAR-1.1.1
rewriting symlink /nix/store/1s47rdcl2fkaxgay0rpv8n49knggn97z-r-oxcAAR-1.1.1/nix-support/propagated-user-env-packages to be relative to /nix/store/1s47rdcl2fkaxgay0rpv8n49knggn97z-r-oxcAAR-1.1.1
