this derivation will be built:
  /nix/store/ppq4lzwv2dx6mf0cn0l5nz5ry2qwv8y4-r-rstanemax-0.1.5.drv
this path will be fetched (0.23 MiB download, 0.23 MiB unpacked):
  /nix/store/59xlp26hxz7mw0yiqrvf6sp6x8qzsdym-rstanemax_0.1.5.tar.gz
copying path '/nix/store/59xlp26hxz7mw0yiqrvf6sp6x8qzsdym-rstanemax_0.1.5.tar.gz' from 'https://cache.nixos.org'...
building '/nix/store/ppq4lzwv2dx6mf0cn0l5nz5ry2qwv8y4-r-rstanemax-0.1.5.drv'...
Running phase: unpackPhase
unpacking source archive /nix/store/59xlp26hxz7mw0yiqrvf6sp6x8qzsdym-rstanemax_0.1.5.tar.gz
source root is rstanemax
setting SOURCE_DATE_EPOCH to timestamp 1694497802 of file rstanemax/MD5
Running phase: patchPhase
Running phase: updateAutotoolsGnuConfigScriptsPhase
Running phase: configurePhase
Running phase: buildPhase
Running phase: checkPhase
Running phase: installPhase
* installing *source* package ‘rstanemax’ ...
** package ‘rstanemax’ correctement décompressé et sommes MD5 vérifiées
** using staged installation
le code des méthodes de la classe “Rcpp_model_base” n'a pas été vérifié pour les affectations de champs suspectes (package recommandé ‘codetools’ indisponible ?)
le code des méthodes de la classe “Rcpp_model_base” n'a pas été vérifié pour les affectations de champs suspectes (package recommandé ‘codetools’ indisponible ?)
le code des méthodes de la classe “Rcpp_stan_fit” n'a pas été vérifié pour les affectations de champs suspectes (package recommandé ‘codetools’ indisponible ?)
le code des méthodes de la classe “Rcpp_stan_fit” n'a pas été vérifié pour les affectations de champs suspectes (package recommandé ‘codetools’ indisponible ?)
** libs
using C++ compiler: ‘clang version 16.0.6’
using C++17
using SDK: ‘’


/nix/store/v39c0h6xv6hvki2k1bsyp5n090q8y2bp-clang-wrapper-16.0.6/bin/c++ -std=gnu++17 -I"/nix/store/lir8rmsk7dxbj7v1spqmv69z4mafg16l-R-4.4.2/lib/R/include" -DNDEBUG -I"../inst/include" -I"/nix/store/b50zcqfh41vjv73m6w30ccs2zs05hgxy-r-StanHeaders-2.32.10/library/StanHeaders/include/src" -DBOOST_DISABLE_ASSERTS -DEIGEN_NO_DEBUG -DBOOST_MATH_OVERFLOW_ERROR_POLICY=errno_on_error -DUSE_STANC3 -D_HAS_AUTO_PTR_ETC=0 -I'/nix/store/b50zcqfh41vjv73m6w30ccs2zs05hgxy-r-StanHeaders-2.32.10/library/StanHeaders/include' -I'/nix/store/gfma5bb11p8p393nrshp1b5c39jy4mvx-r-rstan-2.32.6/library/rstan/include' -I'/nix/store/k3y4927612y2lxd8d04hhvx801x9zc8y-r-BH-1.84.0-0/library/BH/include' -I'/nix/store/da7yi2xf3argx9hlnn3f0k95b8y1yx2l-r-Rcpp-1.0.13-1/library/Rcpp/include' -I'/nix/store/rnnw6rgkd98vplpryvk019w9yxx64gnw-r-RcppEigen-0.3.4.0.2/library/RcppEigen/include' -I'/nix/store/hcy2j5h598wrllhahyda4wgs43s3fybd-r-RcppParallel-5.1.9/library/RcppParallel/include' -isystem /nix/store/0mmz5i705116bfykc7i1r9jxqwyghj2a-libcxx-16.0.6-dev/include/c++/v1    -I'/nix/store/hcy2j5h598wrllhahyda4wgs43s3fybd-r-RcppParallel-5.1.9/library/RcppParallel/include' -D_REENTRANT -DSTAN_THREADS   -fPIC  -g -O2   -c RcppExports.cpp -o RcppExports.o


/nix/store/v39c0h6xv6hvki2k1bsyp5n090q8y2bp-clang-wrapper-16.0.6/bin/c++ -std=gnu++17 -I"/nix/store/lir8rmsk7dxbj7v1spqmv69z4mafg16l-R-4.4.2/lib/R/include" -DNDEBUG -I"../inst/include" -I"/nix/store/b50zcqfh41vjv73m6w30ccs2zs05hgxy-r-StanHeaders-2.32.10/library/StanHeaders/include/src" -DBOOST_DISABLE_ASSERTS -DEIGEN_NO_DEBUG -DBOOST_MATH_OVERFLOW_ERROR_POLICY=errno_on_error -DUSE_STANC3 -D_HAS_AUTO_PTR_ETC=0 -I'/nix/store/b50zcqfh41vjv73m6w30ccs2zs05hgxy-r-StanHeaders-2.32.10/library/StanHeaders/include' -I'/nix/store/gfma5bb11p8p393nrshp1b5c39jy4mvx-r-rstan-2.32.6/library/rstan/include' -I'/nix/store/k3y4927612y2lxd8d04hhvx801x9zc8y-r-BH-1.84.0-0/library/BH/include' -I'/nix/store/da7yi2xf3argx9hlnn3f0k95b8y1yx2l-r-Rcpp-1.0.13-1/library/Rcpp/include' -I'/nix/store/rnnw6rgkd98vplpryvk019w9yxx64gnw-r-RcppEigen-0.3.4.0.2/library/RcppEigen/include' -I'/nix/store/hcy2j5h598wrllhahyda4wgs43s3fybd-r-RcppParallel-5.1.9/library/RcppParallel/include' -isystem /nix/store/0mmz5i705116bfykc7i1r9jxqwyghj2a-libcxx-16.0.6-dev/include/c++/v1    -I'/nix/store/hcy2j5h598wrllhahyda4wgs43s3fybd-r-RcppParallel-5.1.9/library/RcppParallel/include' -D_REENTRANT -DSTAN_THREADS   -fPIC  -g -O2   -c stanExports_emax.cc -o stanExports_emax.o
/nix/store/v39c0h6xv6hvki2k1bsyp5n090q8y2bp-clang-wrapper-16.0.6/bin/c++ -std=gnu++17 -dynamiclib -Wl,-headerpad_max_install_names -undefined dynamic_lookup -L/nix/store/lir8rmsk7dxbj7v1spqmv69z4mafg16l-R-4.4.2/lib/R/lib -L/nix/store/88xkgzh5g9xppsg3hdxxxh9q43rnxk6k-libcxx-16.0.6/lib -o rstanemax.so RcppExports.o stanExports_emax.o -L/nix/store/hcy2j5h598wrllhahyda4wgs43s3fybd-r-RcppParallel-5.1.9/library/RcppParallel/lib -ltbb -ltbbmalloc -L/nix/store/hcy2j5h598wrllhahyda4wgs43s3fybd-r-RcppParallel-5.1.9/library/RcppParallel/lib/ -Wl,-rpath,/nix/store/hcy2j5h598wrllhahyda4wgs43s3fybd-r-RcppParallel-5.1.9/library/RcppParallel/lib/ -ltbb -ltbbmalloc -L/nix/store/lir8rmsk7dxbj7v1spqmv69z4mafg16l-R-4.4.2/lib/R/lib -lR -lintl -Wl,-framework -Wl,CoreFoundation
installing to /nix/store/dlfywy7g6nzma02ffvrm6j6fl9bz0mqd-r-rstanemax-0.1.5/library/00LOCK-rstanemax/00new/rstanemax/libs
** R
** data
*** moving datasets to lazyload DB
** inst
** byte-compile and prepare package for lazy loading
le code des méthodes de la classe “Rcpp_model_base” n'a pas été vérifié pour les affectations de champs suspectes (package recommandé ‘codetools’ indisponible ?)
le code des méthodes de la classe “Rcpp_model_base” n'a pas été vérifié pour les affectations de champs suspectes (package recommandé ‘codetools’ indisponible ?)
le code des méthodes de la classe “Rcpp_stan_fit” n'a pas été vérifié pour les affectations de champs suspectes (package recommandé ‘codetools’ indisponible ?)
le code des méthodes de la classe “Rcpp_stan_fit” n'a pas été vérifié pour les affectations de champs suspectes (package recommandé ‘codetools’ indisponible ?)
** help
*** installing help indices
*** copying figures
** building package indices
** installing vignettes
** testing if installed package can be loaded from temporary location
le code des méthodes de la classe “Rcpp_model_base” n'a pas été vérifié pour les affectations de champs suspectes (package recommandé ‘codetools’ indisponible ?)
le code des méthodes de la classe “Rcpp_model_base” n'a pas été vérifié pour les affectations de champs suspectes (package recommandé ‘codetools’ indisponible ?)
le code des méthodes de la classe “Rcpp_stan_fit” n'a pas été vérifié pour les affectations de champs suspectes (package recommandé ‘codetools’ indisponible ?)
le code des méthodes de la classe “Rcpp_stan_fit” n'a pas été vérifié pour les affectations de champs suspectes (package recommandé ‘codetools’ indisponible ?)
le code des méthodes de la classe “Rcpp_rstantools_model_emax” n'a pas été vérifié pour les affectations de champs suspectes (package recommandé ‘codetools’ indisponible ?)
le code des méthodes de la classe “Rcpp_rstantools_model_emax” n'a pas été vérifié pour les affectations de champs suspectes (package recommandé ‘codetools’ indisponible ?)
** checking absolute paths in shared objects and dynamic libraries
** testing if installed package can be loaded from final location
le code des méthodes de la classe “Rcpp_model_base” n'a pas été vérifié pour les affectations de champs suspectes (package recommandé ‘codetools’ indisponible ?)
le code des méthodes de la classe “Rcpp_model_base” n'a pas été vérifié pour les affectations de champs suspectes (package recommandé ‘codetools’ indisponible ?)
le code des méthodes de la classe “Rcpp_stan_fit” n'a pas été vérifié pour les affectations de champs suspectes (package recommandé ‘codetools’ indisponible ?)
le code des méthodes de la classe “Rcpp_stan_fit” n'a pas été vérifié pour les affectations de champs suspectes (package recommandé ‘codetools’ indisponible ?)
le code des méthodes de la classe “Rcpp_rstantools_model_emax” n'a pas été vérifié pour les affectations de champs suspectes (package recommandé ‘codetools’ indisponible ?)
le code des méthodes de la classe “Rcpp_rstantools_model_emax” n'a pas été vérifié pour les affectations de champs suspectes (package recommandé ‘codetools’ indisponible ?)
** testing if installed package keeps a record of temporary installation path
* DONE (rstanemax)
installPhase completed in 42 seconds
Running phase: fixupPhase
checking for references to /private/tmp/nix-build-r-rstanemax-0.1.5.drv-0/ in /nix/store/dlfywy7g6nzma02ffvrm6j6fl9bz0mqd-r-rstanemax-0.1.5...
patching script interpreter paths in /nix/store/dlfywy7g6nzma02ffvrm6j6fl9bz0mqd-r-rstanemax-0.1.5
rewriting symlink /nix/store/dlfywy7g6nzma02ffvrm6j6fl9bz0mqd-r-rstanemax-0.1.5/nix-support/propagated-user-env-packages to be relative to /nix/store/dlfywy7g6nzma02ffvrm6j6fl9bz0mqd-r-rstanemax-0.1.5
