these 4 derivations will be built:
  /nix/store/95n421qg44h72pbyw7lz1jfdgq7l84gc-RNiftyReg_2.8.4.tar.gz.drv
  /nix/store/kjzmw2h96a3kf2d6maf2aspdzv4l7rl6-r-RNiftyReg-2.8.4.drv
  /nix/store/v80f6qikkdjd4jn6lfjqpl66w4jhm1fr-r-pdftools-3.4.1.drv
  /nix/store/gacbprzpr95jncfzydx8z00h6c8jf0aq-r-mapscanner-0.1.1.drv
this path will be fetched (2.43 MiB download, 2.43 MiB unpacked):
  /nix/store/bl8r0rq78bxlj616kapknnzc8m6hwn83-mapscanner_0.1.1.tar.gz
copying path '/nix/store/bl8r0rq78bxlj616kapknnzc8m6hwn83-mapscanner_0.1.1.tar.gz' from 'https://cache.nixos.org'...
building '/nix/store/v80f6qikkdjd4jn6lfjqpl66w4jhm1fr-r-pdftools-3.4.1.drv'...
building '/nix/store/95n421qg44h72pbyw7lz1jfdgq7l84gc-RNiftyReg_2.8.4.tar.gz.drv'...
Running phase: unpackPhase
unpacking source archive /nix/store/asay0ihqi1nd7qf6g9787ydj1v7gx8v8-pdftools_3.4.1.tar.gz

trying https://cran.r-project.org/src/contrib/RNiftyReg_2.8.4.tar.gz
source root is pdftools
  % Total    % Received % Xferd  Average Speed   Time    Time     Time  Current
                                 Dload  Upload   Total   Spent    Left  Speed
setting SOURCE_DATE_EPOCH to timestamp 1726821602 of file pdftools/MD5
Running phase: patchPhase
Running phase: updateAutotoolsGnuConfigScriptsPhase
Running phase: configurePhase
Running phase: buildPhase
Running phase: checkPhase
Running phase: glibPreInstallPhase
Running phase: installPhase
* installing *source* package ‘pdftools’ ...
** package ‘pdftools’ correctement décompressé et sommes MD5 vérifiées
** using staged installation
100 3836k  100 3836k    0     0  4394k      0 --:--:-- --:--:-- --:--:-- 4394k
building '/nix/store/kjzmw2h96a3kf2d6maf2aspdzv4l7rl6-r-RNiftyReg-2.8.4.drv'...
Found pkg-config cflags and libs!
Using PKG_CFLAGS=-I/nix/store/czxybss90yhbsrai630ry5cmz5syhkqf-poppler-glib-24.02.0-dev/include/poppler/cpp
Using PKG_LIBS=-L/nix/store/9ixww70y9rby0jch465iiwbqz1j9zcvf-poppler-glib-24.02.0/lib -lpoppler-cpp
Running phase: unpackPhase
unpacking source archive /nix/store/87div7dsr1fhn0l1aq3rmmchwbqac533-RNiftyReg_2.8.4.tar.gz
source root is RNiftyReg
setting SOURCE_DATE_EPOCH to timestamp 1727712602 of file RNiftyReg/MD5
Running phase: patchPhase
Running phase: updateAutotoolsGnuConfigScriptsPhase
Running phase: configurePhase
Running phase: buildPhase
Running phase: checkPhase
Running phase: installPhase
Package poppler-data was not found in the pkg-config search path.
Perhaps you should add the directory containing `poppler-data.pc'
to the PKG_CONFIG_PATH environment variable
No package 'poppler-data' found
ERROR: configuration failed for package ‘pdftools’
* removing ‘/nix/store/iypffqzwq4nr7vhci0y08bybj28vvgrl-r-pdftools-3.4.1/library/pdftools’
error: builder for '/nix/store/v80f6qikkdjd4jn6lfjqpl66w4jhm1fr-r-pdftools-3.4.1.drv' failed with exit code 1;
       last 23 log lines:
       > Running phase: unpackPhase
       > unpacking source archive /nix/store/asay0ihqi1nd7qf6g9787ydj1v7gx8v8-pdftools_3.4.1.tar.gz
       > source root is pdftools
       > setting SOURCE_DATE_EPOCH to timestamp 1726821602 of file pdftools/MD5
       > Running phase: patchPhase
       > Running phase: updateAutotoolsGnuConfigScriptsPhase
       > Running phase: configurePhase
       > Running phase: buildPhase
       > Running phase: checkPhase
       > Running phase: glibPreInstallPhase
       > Running phase: installPhase
       > * installing *source* package ‘pdftools’ ...
       > ** package ‘pdftools’ correctement décompressé et sommes MD5 vérifiées
       > ** using staged installation
       > Found pkg-config cflags and libs!
       > Using PKG_CFLAGS=-I/nix/store/czxybss90yhbsrai630ry5cmz5syhkqf-poppler-glib-24.02.0-dev/include/poppler/cpp
       > Using PKG_LIBS=-L/nix/store/9ixww70y9rby0jch465iiwbqz1j9zcvf-poppler-glib-24.02.0/lib -lpoppler-cpp
       > Package poppler-data was not found in the pkg-config search path.
       > Perhaps you should add the directory containing `poppler-data.pc'
       > to the PKG_CONFIG_PATH environment variable
       > No package 'poppler-data' found
       > ERROR: configuration failed for package ‘pdftools’
       > * removing ‘/nix/store/iypffqzwq4nr7vhci0y08bybj28vvgrl-r-pdftools-3.4.1/library/pdftools’
       For full logs, run 'nix log /nix/store/v80f6qikkdjd4jn6lfjqpl66w4jhm1fr-r-pdftools-3.4.1.drv'.
error: 1 dependencies of derivation '/nix/store/gacbprzpr95jncfzydx8z00h6c8jf0aq-r-mapscanner-0.1.1.drv' failed to build
