this derivation will be built:
  /nix/store/d337xfckgaajhnhxm339vgvws3a7885a-r-wec-0.4-1.drv
this path will be fetched (0.09 MiB download, 0.09 MiB unpacked):
  /nix/store/wkpcwn3vxgyh3cfqf6x0rbs6i0j63hha-wec_0.4-1.tar.gz
copying path '/nix/store/wkpcwn3vxgyh3cfqf6x0rbs6i0j63hha-wec_0.4-1.tar.gz' from 'https://cache.nixos.org'...
building '/nix/store/d337xfckgaajhnhxm339vgvws3a7885a-r-wec-0.4-1.drv'...
Running phase: unpackPhase
unpacking source archive /nix/store/wkpcwn3vxgyh3cfqf6x0rbs6i0j63hha-wec_0.4-1.tar.gz
source root is wec
setting SOURCE_DATE_EPOCH to timestamp 1509460486 of file wec/MD5
Running phase: patchPhase
Running phase: updateAutotoolsGnuConfigScriptsPhase
Running phase: configurePhase
Running phase: buildPhase
Running phase: checkPhase
Running phase: installPhase
* installing *source* package ‘wec’ ...
** package ‘wec’ correctement décompressé et sommes MD5 vérifiées
** using staged installation
** R
** data
** inst
** byte-compile and prepare package for lazy loading
** help
*** installing help indices
** building package indices
** testing if installed package can be loaded from temporary location
** testing if installed package can be loaded from final location
** testing if installed package keeps a record of temporary installation path
* DONE (wec)
Running phase: fixupPhase
checking for references to /private/tmp/nix-build-r-wec-0.4-1.drv-0/ in /nix/store/k5n7lgicfha3sxyi0kb06qd6zplz6mj4-r-wec-0.4-1...
patching script interpreter paths in /nix/store/k5n7lgicfha3sxyi0kb06qd6zplz6mj4-r-wec-0.4-1
rewriting symlink /nix/store/k5n7lgicfha3sxyi0kb06qd6zplz6mj4-r-wec-0.4-1/nix-support/propagated-user-env-packages to be relative to /nix/store/k5n7lgicfha3sxyi0kb06qd6zplz6mj4-r-wec-0.4-1
