these 2 derivations will be built:
  /nix/store/7dlzxkjy0dpy3qv1rglbkfqa4shz1bfn-NeuralEstimators_0.1.1.tar.gz.drv
  /nix/store/x3kc0l3si8syfy726v0r75ysgq3pwqzc-r-NeuralEstimators-0.1.1.drv
building '/nix/store/7dlzxkjy0dpy3qv1rglbkfqa4shz1bfn-NeuralEstimators_0.1.1.tar.gz.drv'...

trying https://cran.r-project.org/src/contrib/NeuralEstimators_0.1.1.tar.gz
  % Total    % Received % Xferd  Average Speed   Time    Time     Time  Current
                                 Dload  Upload   Total   Spent    Left  Speed
100  375k  100  375k    0     0  1584k      0 --:--:-- --:--:-- --:--:-- 1585k
building '/nix/store/x3kc0l3si8syfy726v0r75ysgq3pwqzc-r-NeuralEstimators-0.1.1.drv'...
Running phase: unpackPhase
unpacking source archive /nix/store/i63xgmpc6bxarskmrd6rpyy1c10s4v9p-NeuralEstimators_0.1.1.tar.gz
source root is NeuralEstimators
setting SOURCE_DATE_EPOCH to timestamp 1730622602 of file NeuralEstimators/MD5
Running phase: patchPhase
Running phase: updateAutotoolsGnuConfigScriptsPhase
Running phase: configurePhase
Running phase: buildPhase
Running phase: checkPhase
Running phase: installPhase
* installing *source* package ‘NeuralEstimators’ ...
** package ‘NeuralEstimators’ correctement décompressé et sommes MD5 vérifiées
** using staged installation
** R
** inst
** byte-compile and prepare package for lazy loading
** help
*** installing help indices
** building package indices
** installing vignettes
** testing if installed package can be loaded from temporary location
** testing if installed package can be loaded from final location
** testing if installed package keeps a record of temporary installation path
* DONE (NeuralEstimators)
Running phase: fixupPhase
checking for references to /private/tmp/nix-build-r-NeuralEstimators-0.1.1.drv-0/ in /nix/store/fm2alafnq98fmr0gvqqky9gha3q2ncz2-r-NeuralEstimators-0.1.1...
patching script interpreter paths in /nix/store/fm2alafnq98fmr0gvqqky9gha3q2ncz2-r-NeuralEstimators-0.1.1
rewriting symlink /nix/store/fm2alafnq98fmr0gvqqky9gha3q2ncz2-r-NeuralEstimators-0.1.1/nix-support/propagated-user-env-packages to be relative to /nix/store/fm2alafnq98fmr0gvqqky9gha3q2ncz2-r-NeuralEstimators-0.1.1
