this derivation will be built:
  /nix/store/f2i9v9xmp479mj1pn0z6xhzzwm68qada-r-hillshader-0.1.2.drv
this path will be fetched (4.25 MiB download, 4.25 MiB unpacked):
  /nix/store/98mky893d98y30355ppk62v71zjhwhv1-hillshader_0.1.2.tar.gz
copying path '/nix/store/98mky893d98y30355ppk62v71zjhwhv1-hillshader_0.1.2.tar.gz' from 'https://cache.nixos.org'...
building '/nix/store/f2i9v9xmp479mj1pn0z6xhzzwm68qada-r-hillshader-0.1.2.drv'...
Running phase: unpackPhase
unpacking source archive /nix/store/98mky893d98y30355ppk62v71zjhwhv1-hillshader_0.1.2.tar.gz
source root is hillshader
setting SOURCE_DATE_EPOCH to timestamp 1706524202 of file hillshader/MD5
Running phase: patchPhase
Running phase: updateAutotoolsGnuConfigScriptsPhase
Running phase: configurePhase
Running phase: buildPhase
Running phase: checkPhase
Running phase: installPhase
* installing *source* package ‘hillshader’ ...
** package ‘hillshader’ correctement décompressé et sommes MD5 vérifiées
** using staged installation
** R
** data
*** moving datasets to lazyload DB
** byte-compile and prepare package for lazy loading
** help
*** installing help indices
*** copying figures
** building package indices
** testing if installed package can be loaded from temporary location
** testing if installed package can be loaded from final location
** testing if installed package keeps a record of temporary installation path
* DONE (hillshader)
Running phase: fixupPhase
checking for references to /private/tmp/nix-build-r-hillshader-0.1.2.drv-0/ in /nix/store/v9xkk8q8zf5cd1wqhdxcgi93drlgikf3-r-hillshader-0.1.2...
patching script interpreter paths in /nix/store/v9xkk8q8zf5cd1wqhdxcgi93drlgikf3-r-hillshader-0.1.2
rewriting symlink /nix/store/v9xkk8q8zf5cd1wqhdxcgi93drlgikf3-r-hillshader-0.1.2/nix-support/propagated-user-env-packages to be relative to /nix/store/v9xkk8q8zf5cd1wqhdxcgi93drlgikf3-r-hillshader-0.1.2
