these 2 derivations will be built:
  /nix/store/byf0szdsz6p9q3mn4lbjf8xlzfwksm1p-pseudobibeR_1.2.tar.gz.drv
  /nix/store/zwwmifnljm8rr1jpsmymgms42ls08zsa-r-pseudobibeR-1.2.drv
building '/nix/store/byf0szdsz6p9q3mn4lbjf8xlzfwksm1p-pseudobibeR_1.2.tar.gz.drv'...

trying https://cran.r-project.org/src/contrib/pseudobibeR_1.2.tar.gz
  % Total    % Received % Xferd  Average Speed   Time    Time     Time  Current
                                 Dload  Upload   Total   Spent    Left  Speed
100 55217  100 55217    0     0   387k      0 --:--:-- --:--:-- --:--:--  387k
building '/nix/store/zwwmifnljm8rr1jpsmymgms42ls08zsa-r-pseudobibeR-1.2.drv'...
Running phase: unpackPhase
unpacking source archive /nix/store/9k63ki5ff5cxi5bqcz829kzwanfvpzkr-pseudobibeR_1.2.tar.gz
source root is pseudobibeR
setting SOURCE_DATE_EPOCH to timestamp 1732018806 of file pseudobibeR/MD5
Running phase: patchPhase
Running phase: updateAutotoolsGnuConfigScriptsPhase
Running phase: configurePhase
Running phase: buildPhase
Running phase: checkPhase
Running phase: installPhase
* installing *source* package ‘pseudobibeR’ ...
** package ‘pseudobibeR’ correctement décompressé et sommes MD5 vérifiées
** using staged installation
** R
** data
*** moving datasets to lazyload DB
** byte-compile and prepare package for lazy loading
** help
*** installing help indices
** building package indices
** testing if installed package can be loaded from temporary location
** testing if installed package can be loaded from final location
** testing if installed package keeps a record of temporary installation path
* DONE (pseudobibeR)
Running phase: fixupPhase
checking for references to /private/tmp/nix-build-r-pseudobibeR-1.2.drv-0/ in /nix/store/q58zchq4pv3nsl21d7yvznnqyh3m8880-r-pseudobibeR-1.2...
patching script interpreter paths in /nix/store/q58zchq4pv3nsl21d7yvznnqyh3m8880-r-pseudobibeR-1.2
rewriting symlink /nix/store/q58zchq4pv3nsl21d7yvznnqyh3m8880-r-pseudobibeR-1.2/nix-support/propagated-user-env-packages to be relative to /nix/store/q58zchq4pv3nsl21d7yvznnqyh3m8880-r-pseudobibeR-1.2
