this derivation will be built:
  /nix/store/6xqc2ci428wmmxdrgr57vjyg8msc86ba-r-semmcmc-0.0.6.drv
this path will be fetched (0.01 MiB download, 0.01 MiB unpacked):
  /nix/store/78iczhj07j7x5z7sj0w8mmkj2lrqa7ib-semmcmc_0.0.6.tar.gz
copying path '/nix/store/78iczhj07j7x5z7sj0w8mmkj2lrqa7ib-semmcmc_0.0.6.tar.gz' from 'https://cache.nixos.org'...
building '/nix/store/6xqc2ci428wmmxdrgr57vjyg8msc86ba-r-semmcmc-0.0.6.drv'...
Running phase: unpackPhase
unpacking source archive /nix/store/78iczhj07j7x5z7sj0w8mmkj2lrqa7ib-semmcmc_0.0.6.tar.gz
source root is semmcmc
setting SOURCE_DATE_EPOCH to timestamp 1620879603 of file semmcmc/MD5
Running phase: patchPhase
Running phase: updateAutotoolsGnuConfigScriptsPhase
Running phase: configurePhase
Running phase: buildPhase
Running phase: checkPhase
Running phase: installPhase
* installing *source* package ‘semmcmc’ ...
** package ‘semmcmc’ correctement décompressé et sommes MD5 vérifiées
** using staged installation
** R
** inst
** byte-compile and prepare package for lazy loading
** help
*** installing help indices
** building package indices
** testing if installed package can be loaded from temporary location
** testing if installed package can be loaded from final location
** testing if installed package keeps a record of temporary installation path
* DONE (semmcmc)
Running phase: fixupPhase
checking for references to /private/tmp/nix-build-r-semmcmc-0.0.6.drv-0/ in /nix/store/nlv0xghg882fkxgsdpffcmb3x0nqm2lb-r-semmcmc-0.0.6...
patching script interpreter paths in /nix/store/nlv0xghg882fkxgsdpffcmb3x0nqm2lb-r-semmcmc-0.0.6
rewriting symlink /nix/store/nlv0xghg882fkxgsdpffcmb3x0nqm2lb-r-semmcmc-0.0.6/nix-support/propagated-user-env-packages to be relative to /nix/store/nlv0xghg882fkxgsdpffcmb3x0nqm2lb-r-semmcmc-0.0.6
