this derivation will be built:
  /nix/store/37s5zyp8cgvdq6d16gfkgnzbbrx266dd-r-LS2Wstat-2.1-5.drv
this path will be fetched (0.02 MiB download, 0.02 MiB unpacked):
  /nix/store/clcprbk0i1768ah8hdgv7li4pmhfrf7j-LS2Wstat_2.1-5.tar.gz
copying path '/nix/store/clcprbk0i1768ah8hdgv7li4pmhfrf7j-LS2Wstat_2.1-5.tar.gz' from 'https://cache.nixos.org'...
building '/nix/store/37s5zyp8cgvdq6d16gfkgnzbbrx266dd-r-LS2Wstat-2.1-5.drv'...
Running phase: unpackPhase
unpacking source archive /nix/store/clcprbk0i1768ah8hdgv7li4pmhfrf7j-LS2Wstat_2.1-5.tar.gz
source root is LS2Wstat
setting SOURCE_DATE_EPOCH to timestamp 1694940756 of file LS2Wstat/MD5
Running phase: patchPhase
Running phase: updateAutotoolsGnuConfigScriptsPhase
Running phase: configurePhase
Running phase: buildPhase
Running phase: checkPhase
Running phase: installPhase
* installing *source* package ‘LS2Wstat’ ...
** package ‘LS2Wstat’ correctement décompressé et sommes MD5 vérifiées
** using staged installation
** R
** byte-compile and prepare package for lazy loading
** help
*** installing help indices
** building package indices
** testing if installed package can be loaded from temporary location
** testing if installed package can be loaded from final location
** testing if installed package keeps a record of temporary installation path
* DONE (LS2Wstat)
Running phase: fixupPhase
checking for references to /private/tmp/nix-build-r-LS2Wstat-2.1-5.drv-0/ in /nix/store/y6sjbgwmhrxgczwmrfhrxq1gfhywskwh-r-LS2Wstat-2.1-5...
patching script interpreter paths in /nix/store/y6sjbgwmhrxgczwmrfhrxq1gfhywskwh-r-LS2Wstat-2.1-5
rewriting symlink /nix/store/y6sjbgwmhrxgczwmrfhrxq1gfhywskwh-r-LS2Wstat-2.1-5/nix-support/propagated-user-env-packages to be relative to /nix/store/y6sjbgwmhrxgczwmrfhrxq1gfhywskwh-r-LS2Wstat-2.1-5
