this derivation will be built:
  /nix/store/z1b8p3xfjxj2fzd2f9x50km7qzillvgr-r-newIMVC-0.1.0.drv
this path will be fetched (0.01 MiB download, 0.01 MiB unpacked):
  /nix/store/710ak9j0lna6m26z0v9lj0cw48fka16d-newIMVC_0.1.0.tar.gz
copying path '/nix/store/710ak9j0lna6m26z0v9lj0cw48fka16d-newIMVC_0.1.0.tar.gz' from 'https://cache.nixos.org'...
building '/nix/store/z1b8p3xfjxj2fzd2f9x50km7qzillvgr-r-newIMVC-0.1.0.drv'...
Running phase: unpackPhase
unpacking source archive /nix/store/710ak9j0lna6m26z0v9lj0cw48fka16d-newIMVC_0.1.0.tar.gz
source root is newIMVC
setting SOURCE_DATE_EPOCH to timestamp 1713279013 of file newIMVC/MD5
Running phase: patchPhase
Running phase: updateAutotoolsGnuConfigScriptsPhase
Running phase: configurePhase
Running phase: buildPhase
Running phase: checkPhase
Running phase: installPhase
* installing *source* package ‘newIMVC’ ...
** package ‘newIMVC’ correctement décompressé et sommes MD5 vérifiées
** using staged installation
** R
** inst
** byte-compile and prepare package for lazy loading
** help
*** installing help indices
** building package indices
** installing vignettes
** testing if installed package can be loaded from temporary location
** testing if installed package can be loaded from final location
** testing if installed package keeps a record of temporary installation path
* DONE (newIMVC)
Running phase: fixupPhase
checking for references to /private/tmp/nix-build-r-newIMVC-0.1.0.drv-0/ in /nix/store/mww9sgrvz5vpzx5ksq6lspq4r2ax2002-r-newIMVC-0.1.0...
patching script interpreter paths in /nix/store/mww9sgrvz5vpzx5ksq6lspq4r2ax2002-r-newIMVC-0.1.0
rewriting symlink /nix/store/mww9sgrvz5vpzx5ksq6lspq4r2ax2002-r-newIMVC-0.1.0/nix-support/propagated-user-env-packages to be relative to /nix/store/mww9sgrvz5vpzx5ksq6lspq4r2ax2002-r-newIMVC-0.1.0
