this derivation will be built:
  /nix/store/dlnijxsbcicabc309b711i9b2d95bsva-r-MM2Sdata-1.0.3.drv
this path will be fetched (4.66 MiB download, 4.66 MiB unpacked):
  /nix/store/y4cz7960yiylz4aahrlls80709ip0gmm-MM2Sdata_1.0.3.tar.gz
copying path '/nix/store/y4cz7960yiylz4aahrlls80709ip0gmm-MM2Sdata_1.0.3.tar.gz' from 'https://cache.nixos.org'...
building '/nix/store/dlnijxsbcicabc309b711i9b2d95bsva-r-MM2Sdata-1.0.3.drv'...
Running phase: unpackPhase
unpacking source archive /nix/store/y4cz7960yiylz4aahrlls80709ip0gmm-MM2Sdata_1.0.3.tar.gz
source root is MM2Sdata
setting SOURCE_DATE_EPOCH to timestamp 1552695267 of file MM2Sdata/MD5
Running phase: patchPhase
Running phase: updateAutotoolsGnuConfigScriptsPhase
Running phase: configurePhase
Running phase: buildPhase
Running phase: checkPhase
Running phase: installPhase
* installing *source* package ‘MM2Sdata’ ...
** package ‘MM2Sdata’ correctement décompressé et sommes MD5 vérifiées
** using staged installation
** data
** inst
** help
*** installing help indices
** building package indices
** installing vignettes
** testing if installed package can be loaded from temporary location
** testing if installed package can be loaded from final location
** testing if installed package keeps a record of temporary installation path
* DONE (MM2Sdata)
Running phase: fixupPhase
checking for references to /private/tmp/nix-build-r-MM2Sdata-1.0.3.drv-0/ in /nix/store/6y065d2nyrgx9acwdj8j9h5yxbwdapwc-r-MM2Sdata-1.0.3...
patching script interpreter paths in /nix/store/6y065d2nyrgx9acwdj8j9h5yxbwdapwc-r-MM2Sdata-1.0.3
rewriting symlink /nix/store/6y065d2nyrgx9acwdj8j9h5yxbwdapwc-r-MM2Sdata-1.0.3/nix-support/propagated-user-env-packages to be relative to /nix/store/6y065d2nyrgx9acwdj8j9h5yxbwdapwc-r-MM2Sdata-1.0.3
