this derivation will be built:
  /nix/store/6mwaqrjkwrhj61x1alyy4wcmvahp7j3l-r-RpeakChrom-1.1.0.drv
this path will be fetched (0.11 MiB download, 0.11 MiB unpacked):
  /nix/store/0lli4dlsjryyxjiam4lxx1sbrlz4dwja-RpeakChrom_1.1.0.tar.gz
copying path '/nix/store/0lli4dlsjryyxjiam4lxx1sbrlz4dwja-RpeakChrom_1.1.0.tar.gz' from 'https://cache.nixos.org'...
building '/nix/store/6mwaqrjkwrhj61x1alyy4wcmvahp7j3l-r-RpeakChrom-1.1.0.drv'...
Running phase: unpackPhase
unpacking source archive /nix/store/0lli4dlsjryyxjiam4lxx1sbrlz4dwja-RpeakChrom_1.1.0.tar.gz
source root is RpeakChrom
setting SOURCE_DATE_EPOCH to timestamp 1492797754 of file RpeakChrom/MD5
Running phase: patchPhase
Running phase: updateAutotoolsGnuConfigScriptsPhase
Running phase: configurePhase
Running phase: buildPhase
Running phase: checkPhase
Running phase: installPhase
* installing *source* package ‘RpeakChrom’ ...
** package ‘RpeakChrom’ correctement décompressé et sommes MD5 vérifiées
** using staged installation
** R
** data
*** moving datasets to lazyload DB
** byte-compile and prepare package for lazy loading
** help
*** installing help indices
** building package indices
** testing if installed package can be loaded from temporary location
** testing if installed package can be loaded from final location
** testing if installed package keeps a record of temporary installation path
* DONE (RpeakChrom)
Running phase: fixupPhase
checking for references to /private/tmp/nix-build-r-RpeakChrom-1.1.0.drv-0/ in /nix/store/b3i597cpbgvy7dfyzlcb95lb9s226cqf-r-RpeakChrom-1.1.0...
patching script interpreter paths in /nix/store/b3i597cpbgvy7dfyzlcb95lb9s226cqf-r-RpeakChrom-1.1.0
rewriting symlink /nix/store/b3i597cpbgvy7dfyzlcb95lb9s226cqf-r-RpeakChrom-1.1.0/nix-support/propagated-user-env-packages to be relative to /nix/store/b3i597cpbgvy7dfyzlcb95lb9s226cqf-r-RpeakChrom-1.1.0
