this derivation will be built:
  /nix/store/9fx8zp9nms60rydf5z5v6y25hwnk50ak-r-treasury-0.2.0.drv
this path will be fetched (0.16 MiB download, 0.16 MiB unpacked):
  /nix/store/9zmw1w8mf7q6qsfkmh9dmyd42dslxqs6-treasury_0.2.0.tar.gz
copying path '/nix/store/9zmw1w8mf7q6qsfkmh9dmyd42dslxqs6-treasury_0.2.0.tar.gz' from 'https://cache.nixos.org'...
building '/nix/store/9fx8zp9nms60rydf5z5v6y25hwnk50ak-r-treasury-0.2.0.drv'...
Running phase: unpackPhase
unpacking source archive /nix/store/9zmw1w8mf7q6qsfkmh9dmyd42dslxqs6-treasury_0.2.0.tar.gz
source root is treasury
setting SOURCE_DATE_EPOCH to timestamp 1720205402 of file treasury/MD5
Running phase: patchPhase
Running phase: updateAutotoolsGnuConfigScriptsPhase
Running phase: configurePhase
Running phase: buildPhase
Running phase: checkPhase
Running phase: installPhase
* installing *source* package ‘treasury’ ...
** package ‘treasury’ correctement décompressé et sommes MD5 vérifiées
** using staged installation
** R
** byte-compile and prepare package for lazy loading
** help
*** installing help indices
*** copying figures
** building package indices
** testing if installed package can be loaded from temporary location
** testing if installed package can be loaded from final location
** testing if installed package keeps a record of temporary installation path
* DONE (treasury)
Running phase: fixupPhase
checking for references to /private/tmp/nix-build-r-treasury-0.2.0.drv-0/ in /nix/store/3aq6bnmq93fxv23834xw9clbklcaq7in-r-treasury-0.2.0...
patching script interpreter paths in /nix/store/3aq6bnmq93fxv23834xw9clbklcaq7in-r-treasury-0.2.0
rewriting symlink /nix/store/3aq6bnmq93fxv23834xw9clbklcaq7in-r-treasury-0.2.0/nix-support/propagated-user-env-packages to be relative to /nix/store/3aq6bnmq93fxv23834xw9clbklcaq7in-r-treasury-0.2.0
