these 2 derivations will be built:
  /nix/store/w3liyx0mn8cr0h6h83crl1x0yx9wiy37-netropy_0.2.0.tar.gz.drv
  /nix/store/n27nnlbd4wfkx46d0kpg2psxz2wlnhs8-r-netropy-0.2.0.drv
building '/nix/store/w3liyx0mn8cr0h6h83crl1x0yx9wiy37-netropy_0.2.0.tar.gz.drv'...

trying https://cran.r-project.org/src/contrib/netropy_0.2.0.tar.gz
  % Total    % Received % Xferd  Average Speed   Time    Time     Time  Current
                                 Dload  Upload   Total   Spent    Left  Speed
100  423k  100  423k    0     0  1845k      0 --:--:-- --:--:-- --:--:-- 1848k
building '/nix/store/n27nnlbd4wfkx46d0kpg2psxz2wlnhs8-r-netropy-0.2.0.drv'...
Running phase: unpackPhase
unpacking source archive /nix/store/l57p7rfa7xy6ymq478i2y7aqmha18fda-netropy_0.2.0.tar.gz
source root is netropy
setting SOURCE_DATE_EPOCH to timestamp 1725634802 of file netropy/MD5
Running phase: patchPhase
Running phase: updateAutotoolsGnuConfigScriptsPhase
Running phase: configurePhase
Running phase: buildPhase
Running phase: checkPhase
Running phase: installPhase
* installing *source* package ‘netropy’ ...
** package ‘netropy’ correctement décompressé et sommes MD5 vérifiées
** using staged installation
** R
** data
*** moving datasets to lazyload DB
** inst
** byte-compile and prepare package for lazy loading
** help
*** installing help indices
*** copying figures
** building package indices
** installing vignettes
** testing if installed package can be loaded from temporary location
** testing if installed package can be loaded from final location
** testing if installed package keeps a record of temporary installation path
* DONE (netropy)
Running phase: fixupPhase
checking for references to /private/tmp/nix-build-r-netropy-0.2.0.drv-0/ in /nix/store/krmvpzivbs7a2zjq0f40pmb2zwlay9zk-r-netropy-0.2.0...
patching script interpreter paths in /nix/store/krmvpzivbs7a2zjq0f40pmb2zwlay9zk-r-netropy-0.2.0
rewriting symlink /nix/store/krmvpzivbs7a2zjq0f40pmb2zwlay9zk-r-netropy-0.2.0/nix-support/propagated-user-env-packages to be relative to /nix/store/krmvpzivbs7a2zjq0f40pmb2zwlay9zk-r-netropy-0.2.0
