this derivation will be built:
  /nix/store/rx7jpfgdcy85pd8l6nfvkplcgmjmamfa-r-simmer.plot-0.1.18.drv
this path will be fetched (0.13 MiB download, 0.13 MiB unpacked):
  /nix/store/6l7lgijhwlrqx1znn8kwpbak484y9qcy-simmer.plot_0.1.18.tar.gz
copying path '/nix/store/6l7lgijhwlrqx1znn8kwpbak484y9qcy-simmer.plot_0.1.18.tar.gz' from 'https://cache.nixos.org'...
building '/nix/store/rx7jpfgdcy85pd8l6nfvkplcgmjmamfa-r-simmer.plot-0.1.18.drv'...
Running phase: unpackPhase
unpacking source archive /nix/store/6l7lgijhwlrqx1znn8kwpbak484y9qcy-simmer.plot_0.1.18.tar.gz
source root is simmer.plot
setting SOURCE_DATE_EPOCH to timestamp 1689629402 of file simmer.plot/MD5
Running phase: patchPhase
Running phase: updateAutotoolsGnuConfigScriptsPhase
Running phase: configurePhase
Running phase: buildPhase
Running phase: checkPhase
Running phase: installPhase
* installing *source* package ‘simmer.plot’ ...
** package ‘simmer.plot’ correctement décompressé et sommes MD5 vérifiées
** using staged installation
** R
** inst
** byte-compile and prepare package for lazy loading
** help
*** installing help indices
** building package indices
** installing vignettes
** testing if installed package can be loaded from temporary location
** testing if installed package can be loaded from final location
** testing if installed package keeps a record of temporary installation path
* DONE (simmer.plot)
Running phase: fixupPhase
checking for references to /private/tmp/nix-build-r-simmer.plot-0.1.18.drv-0/ in /nix/store/j01vxrpm3pm2s68sxygp5wmmp9xislqj-r-simmer.plot-0.1.18...
patching script interpreter paths in /nix/store/j01vxrpm3pm2s68sxygp5wmmp9xislqj-r-simmer.plot-0.1.18
rewriting symlink /nix/store/j01vxrpm3pm2s68sxygp5wmmp9xislqj-r-simmer.plot-0.1.18/nix-support/propagated-user-env-packages to be relative to /nix/store/j01vxrpm3pm2s68sxygp5wmmp9xislqj-r-simmer.plot-0.1.18
