these 2 derivations will be built:
  /nix/store/qpnshm0x20bxmgn2cjwkxh6y8vkznbai-tidygate_1.0.14.tar.gz.drv
  /nix/store/qhr21939xds18pm39wcir9nxicrzczp8-r-tidygate-1.0.14.drv
building '/nix/store/qpnshm0x20bxmgn2cjwkxh6y8vkznbai-tidygate_1.0.14.tar.gz.drv'...

trying https://cran.r-project.org/src/contrib/tidygate_1.0.14.tar.gz
  % Total    % Received % Xferd  Average Speed   Time    Time     Time  Current
                                 Dload  Upload   Total   Spent    Left  Speed
100 2081k  100 2081k    0     0  5760k      0 --:--:-- --:--:-- --:--:-- 5750k
building '/nix/store/qhr21939xds18pm39wcir9nxicrzczp8-r-tidygate-1.0.14.drv'...
Running phase: unpackPhase
unpacking source archive /nix/store/cw71zj72x8n8vfxx3h9c0974ga4j3phy-tidygate_1.0.14.tar.gz
source root is tidygate
setting SOURCE_DATE_EPOCH to timestamp 1726602602 of file tidygate/MD5
Running phase: patchPhase
Running phase: updateAutotoolsGnuConfigScriptsPhase
Running phase: configurePhase
Running phase: buildPhase
Running phase: checkPhase
Running phase: installPhase
* installing *source* package ‘tidygate’ ...
** package ‘tidygate’ correctement décompressé et sommes MD5 vérifiées
** using staged installation
** R
** data
*** moving datasets to lazyload DB
** inst
** byte-compile and prepare package for lazy loading
Note: nombre incorrect d'arguments pour '>' 
** help
*** installing help indices
*** copying figures
** building package indices
** installing vignettes
** testing if installed package can be loaded from temporary location
** testing if installed package can be loaded from final location
** testing if installed package keeps a record of temporary installation path
* DONE (tidygate)
Running phase: fixupPhase
checking for references to /private/tmp/nix-build-r-tidygate-1.0.14.drv-0/ in /nix/store/z5a31xjjqimvdwpcwqqfvfb6hqk8pkjn-r-tidygate-1.0.14...
patching script interpreter paths in /nix/store/z5a31xjjqimvdwpcwqqfvfb6hqk8pkjn-r-tidygate-1.0.14
rewriting symlink /nix/store/z5a31xjjqimvdwpcwqqfvfb6hqk8pkjn-r-tidygate-1.0.14/nix-support/propagated-user-env-packages to be relative to /nix/store/z5a31xjjqimvdwpcwqqfvfb6hqk8pkjn-r-tidygate-1.0.14
