this derivation will be built:
  /nix/store/2rpy10hprby7kqiq5zgppadnhh1rwbqq-r-Nmisc-0.3.7.drv
this path will be fetched (0.02 MiB download, 0.02 MiB unpacked):
  /nix/store/p0i5vs52vna1vyx3inf0850lf2py46i5-Nmisc_0.3.7.tar.gz
copying path '/nix/store/p0i5vs52vna1vyx3inf0850lf2py46i5-Nmisc_0.3.7.tar.gz' from 'https://cache.nixos.org'...
building '/nix/store/2rpy10hprby7kqiq5zgppadnhh1rwbqq-r-Nmisc-0.3.7.drv'...
Running phase: unpackPhase
unpacking source archive /nix/store/p0i5vs52vna1vyx3inf0850lf2py46i5-Nmisc_0.3.7.tar.gz
source root is Nmisc
setting SOURCE_DATE_EPOCH to timestamp 1619617802 of file Nmisc/MD5
Running phase: patchPhase
Running phase: updateAutotoolsGnuConfigScriptsPhase
Running phase: configurePhase
Running phase: buildPhase
Running phase: checkPhase
Running phase: installPhase
* installing *source* package ‘Nmisc’ ...
** package ‘Nmisc’ correctement décompressé et sommes MD5 vérifiées
** using staged installation
** R
** byte-compile and prepare package for lazy loading
** help
*** installing help indices
** building package indices
** testing if installed package can be loaded from temporary location
** testing if installed package can be loaded from final location
** testing if installed package keeps a record of temporary installation path
* DONE (Nmisc)
Running phase: fixupPhase
checking for references to /private/tmp/nix-build-r-Nmisc-0.3.7.drv-0/ in /nix/store/9imp4adb7lmvjgssj3v9scspqmaf02k6-r-Nmisc-0.3.7...
patching script interpreter paths in /nix/store/9imp4adb7lmvjgssj3v9scspqmaf02k6-r-Nmisc-0.3.7
rewriting symlink /nix/store/9imp4adb7lmvjgssj3v9scspqmaf02k6-r-Nmisc-0.3.7/nix-support/propagated-user-env-packages to be relative to /nix/store/9imp4adb7lmvjgssj3v9scspqmaf02k6-r-Nmisc-0.3.7
