this derivation will be built:
  /nix/store/jr5xi7nx8w8lp7sdy159nl2g2yq4j60k-r-nscancor-0.7.0-6.drv
this path will be fetched (0.02 MiB download, 0.02 MiB unpacked):
  /nix/store/vp059iarb29c07f9m3z0y1cqhnjwldwg-nscancor_0.7.0-6.tar.gz
copying path '/nix/store/vp059iarb29c07f9m3z0y1cqhnjwldwg-nscancor_0.7.0-6.tar.gz' from 'https://cache.nixos.org'...
building '/nix/store/jr5xi7nx8w8lp7sdy159nl2g2yq4j60k-r-nscancor-0.7.0-6.drv'...
Running phase: unpackPhase
unpacking source archive /nix/store/vp059iarb29c07f9m3z0y1cqhnjwldwg-nscancor_0.7.0-6.tar.gz
source root is nscancor
setting SOURCE_DATE_EPOCH to timestamp 1680271202 of file nscancor/MD5
Running phase: patchPhase
Running phase: updateAutotoolsGnuConfigScriptsPhase
Running phase: configurePhase
Running phase: buildPhase
Running phase: checkPhase
Running phase: installPhase
* installing *source* package ‘nscancor’ ...
** package ‘nscancor’ correctement décompressé et sommes MD5 vérifiées
** using staged installation
** R
** inst
** byte-compile and prepare package for lazy loading
** help
*** installing help indices
** building package indices
** testing if installed package can be loaded from temporary location
** testing if installed package can be loaded from final location
** testing if installed package keeps a record of temporary installation path
* DONE (nscancor)
Running phase: fixupPhase
checking for references to /private/tmp/nix-build-r-nscancor-0.7.0-6.drv-0/ in /nix/store/6xckckcks5s43nrx7jxajw4i71rf12qf-r-nscancor-0.7.0-6...
patching script interpreter paths in /nix/store/6xckckcks5s43nrx7jxajw4i71rf12qf-r-nscancor-0.7.0-6
