this derivation will be built:
  /nix/store/6wrhmbsy7xwz9f99hl9fcjbqjvvmmvxz-r-syslognet-0.1.2.1.drv
this path will be fetched (0.00 MiB download, 0.00 MiB unpacked):
  /nix/store/n2mbrjabpik9w61i3084m81an5165zpq-syslognet_0.1.2.1.tar.gz
copying path '/nix/store/n2mbrjabpik9w61i3084m81an5165zpq-syslognet_0.1.2.1.tar.gz' from 'https://cache.nixos.org'...
building '/nix/store/6wrhmbsy7xwz9f99hl9fcjbqjvvmmvxz-r-syslognet-0.1.2.1.drv'...
Running phase: unpackPhase
unpacking source archive /nix/store/n2mbrjabpik9w61i3084m81an5165zpq-syslognet_0.1.2.1.tar.gz
source root is syslognet
setting SOURCE_DATE_EPOCH to timestamp 1578499805 of file syslognet/MD5
Running phase: patchPhase
Running phase: updateAutotoolsGnuConfigScriptsPhase
Running phase: configurePhase
Running phase: buildPhase
Running phase: checkPhase
Running phase: installPhase
* installing *source* package ‘syslognet’ ...
** package ‘syslognet’ correctement décompressé et sommes MD5 vérifiées
** using staged installation
** R
** byte-compile and prepare package for lazy loading
** help
*** installing help indices
** building package indices
** testing if installed package can be loaded from temporary location
** testing if installed package can be loaded from final location
** testing if installed package keeps a record of temporary installation path
* DONE (syslognet)
Running phase: fixupPhase
checking for references to /private/tmp/nix-build-r-syslognet-0.1.2.1.drv-0/ in /nix/store/70ilgax1c880n2w7sfyls5c0r4zm80h8-r-syslognet-0.1.2.1...
patching script interpreter paths in /nix/store/70ilgax1c880n2w7sfyls5c0r4zm80h8-r-syslognet-0.1.2.1
