this derivation will be built:
  /nix/store/8z7d8wgx5hv7y12h2s5qs81yb79v7ay0-r-fpp2-2.5.drv
building '/nix/store/8z7d8wgx5hv7y12h2s5qs81yb79v7ay0-r-fpp2-2.5.drv'...
Running phase: unpackPhase
unpacking source archive /nix/store/yvd0jaj94k4pflq5i52vqs58icy7j24g-fpp2_2.5.tar.gz
source root is fpp2
setting SOURCE_DATE_EPOCH to timestamp 1676791802 of file fpp2/MD5
Running phase: patchPhase
Running phase: updateAutotoolsGnuConfigScriptsPhase
Running phase: configurePhase
Running phase: buildPhase
Running phase: checkPhase
Running phase: installPhase
* installing *source* package ‘fpp2’ ...
** package ‘fpp2’ correctement décompressé et sommes MD5 vérifiées
** using staged installation
** R
** data
*** moving datasets to lazyload DB
** byte-compile and prepare package for lazy loading
** help
*** installing help indices
** building package indices
** testing if installed package can be loaded from temporary location
** testing if installed package can be loaded from final location
** testing if installed package keeps a record of temporary installation path
* DONE (fpp2)
Running phase: fixupPhase
checking for references to /private/tmp/nix-build-r-fpp2-2.5.drv-0/ in /nix/store/wjdqani25hir0aq8ivw16pr9d3sh8blb-r-fpp2-2.5...
patching script interpreter paths in /nix/store/wjdqani25hir0aq8ivw16pr9d3sh8blb-r-fpp2-2.5
rewriting symlink /nix/store/wjdqani25hir0aq8ivw16pr9d3sh8blb-r-fpp2-2.5/nix-support/propagated-user-env-packages to be relative to /nix/store/wjdqani25hir0aq8ivw16pr9d3sh8blb-r-fpp2-2.5
