this derivation will be built:
  /nix/store/2cgwx6vjjskj89rgaja5izwndwi5g6n5-r-stlARIMA-0.1.0.drv
this path will be fetched (0.00 MiB download, 0.00 MiB unpacked):
  /nix/store/lars2016jc9j0xs5n1rxyziw9fbx2cmj-stlARIMA_0.1.0.tar.gz
copying path '/nix/store/lars2016jc9j0xs5n1rxyziw9fbx2cmj-stlARIMA_0.1.0.tar.gz' from 'https://cache.nixos.org'...
building '/nix/store/2cgwx6vjjskj89rgaja5izwndwi5g6n5-r-stlARIMA-0.1.0.drv'...
Running phase: unpackPhase
unpacking source archive /nix/store/lars2016jc9j0xs5n1rxyziw9fbx2cmj-stlARIMA_0.1.0.tar.gz
source root is stlARIMA
setting SOURCE_DATE_EPOCH to timestamp 1629103802 of file stlARIMA/MD5
Running phase: patchPhase
Running phase: updateAutotoolsGnuConfigScriptsPhase
Running phase: configurePhase
Running phase: buildPhase
Running phase: checkPhase
Running phase: installPhase
* installing *source* package ‘stlARIMA’ ...
** package ‘stlARIMA’ correctement décompressé et sommes MD5 vérifiées
** using staged installation
** R
** data
*** moving datasets to lazyload DB
** byte-compile and prepare package for lazy loading
** help
*** installing help indices
** building package indices
** testing if installed package can be loaded from temporary location
** testing if installed package can be loaded from final location
** testing if installed package keeps a record of temporary installation path
* DONE (stlARIMA)
Running phase: fixupPhase
checking for references to /private/tmp/nix-build-r-stlARIMA-0.1.0.drv-0/ in /nix/store/fjfhaiiwxvcwk0x9w1nwxmfycdm3qvwk-r-stlARIMA-0.1.0...
patching script interpreter paths in /nix/store/fjfhaiiwxvcwk0x9w1nwxmfycdm3qvwk-r-stlARIMA-0.1.0
rewriting symlink /nix/store/fjfhaiiwxvcwk0x9w1nwxmfycdm3qvwk-r-stlARIMA-0.1.0/nix-support/propagated-user-env-packages to be relative to /nix/store/fjfhaiiwxvcwk0x9w1nwxmfycdm3qvwk-r-stlARIMA-0.1.0
