this derivation will be built:
  /nix/store/yi4bc321r76f9brhc5rg55h56alvjizk-r-PSSIM-0.1.0.drv
this path will be fetched (0.03 MiB download, 0.03 MiB unpacked):
  /nix/store/wynpi89pj6z895gcshpa48g2s7z3n4s0-PSSIM_0.1.0.tar.gz
copying path '/nix/store/wynpi89pj6z895gcshpa48g2s7z3n4s0-PSSIM_0.1.0.tar.gz' from 'https://cache.nixos.org'...
building '/nix/store/yi4bc321r76f9brhc5rg55h56alvjizk-r-PSSIM-0.1.0.drv'...
Running phase: unpackPhase
unpacking source archive /nix/store/wynpi89pj6z895gcshpa48g2s7z3n4s0-PSSIM_0.1.0.tar.gz
source root is PSSIM
setting SOURCE_DATE_EPOCH to timestamp 1599731403 of file PSSIM/MD5
Running phase: patchPhase
Running phase: updateAutotoolsGnuConfigScriptsPhase
Running phase: configurePhase
Running phase: buildPhase
Running phase: checkPhase
Running phase: installPhase
* installing *source* package ‘PSSIM’ ...
** package ‘PSSIM’ correctement décompressé et sommes MD5 vérifiées
** using staged installation
** R
** data
*** moving datasets to lazyload DB
** byte-compile and prepare package for lazy loading
** help
*** installing help indices
** building package indices
** testing if installed package can be loaded from temporary location
** testing if installed package can be loaded from final location
** testing if installed package keeps a record of temporary installation path
* DONE (PSSIM)
Running phase: fixupPhase
checking for references to /private/tmp/nix-build-r-PSSIM-0.1.0.drv-0/ in /nix/store/ddfy3h6anjqvcr94wkfm90hrq99w7a6b-r-PSSIM-0.1.0...
patching script interpreter paths in /nix/store/ddfy3h6anjqvcr94wkfm90hrq99w7a6b-r-PSSIM-0.1.0
