this derivation will be built:
  /nix/store/h5ydmdps7y4kjdswiy5xcpgvb0gns72g-r-mediacloudr-0.1.0.drv
this path will be fetched (0.02 MiB download, 0.02 MiB unpacked):
  /nix/store/wqkx6dp8n4bz2mrd27ciigz9wdf5zg5a-mediacloudr_0.1.0.tar.gz
copying path '/nix/store/wqkx6dp8n4bz2mrd27ciigz9wdf5zg5a-mediacloudr_0.1.0.tar.gz' from 'https://cache.nixos.org'...
building '/nix/store/h5ydmdps7y4kjdswiy5xcpgvb0gns72g-r-mediacloudr-0.1.0.drv'...
Running phase: unpackPhase
unpacking source archive /nix/store/wqkx6dp8n4bz2mrd27ciigz9wdf5zg5a-mediacloudr_0.1.0.tar.gz
source root is mediacloudr
setting SOURCE_DATE_EPOCH to timestamp 1563954602 of file mediacloudr/MD5
Running phase: patchPhase
Running phase: updateAutotoolsGnuConfigScriptsPhase
Running phase: configurePhase
Running phase: buildPhase
Running phase: checkPhase
Running phase: installPhase
* installing *source* package ‘mediacloudr’ ...
** package ‘mediacloudr’ correctement décompressé et sommes MD5 vérifiées
** using staged installation
** R
** data
*** moving datasets to lazyload DB
** inst
** byte-compile and prepare package for lazy loading
** help
*** installing help indices
** building package indices
** installing vignettes
** testing if installed package can be loaded from temporary location
** testing if installed package can be loaded from final location
** testing if installed package keeps a record of temporary installation path
* DONE (mediacloudr)
Running phase: fixupPhase
checking for references to /private/tmp/nix-build-r-mediacloudr-0.1.0.drv-0/ in /nix/store/17wkrgcg0r5c9rkyqyiawfm9g1s2s085-r-mediacloudr-0.1.0...
patching script interpreter paths in /nix/store/17wkrgcg0r5c9rkyqyiawfm9g1s2s085-r-mediacloudr-0.1.0
rewriting symlink /nix/store/17wkrgcg0r5c9rkyqyiawfm9g1s2s085-r-mediacloudr-0.1.0/nix-support/propagated-user-env-packages to be relative to /nix/store/17wkrgcg0r5c9rkyqyiawfm9g1s2s085-r-mediacloudr-0.1.0
