this derivation will be built:
  /nix/store/lqsnm8alc26r5jc01bg8yjr4dlz84b6a-r-lolR-2.1.drv
this path will be fetched (2.47 MiB download, 2.47 MiB unpacked):
  /nix/store/i261az85m0nzifdnhi58i9ibqm10h1bi-lolR_2.1.tar.gz
copying path '/nix/store/i261az85m0nzifdnhi58i9ibqm10h1bi-lolR_2.1.tar.gz' from 'https://cache.nixos.org'...
building '/nix/store/lqsnm8alc26r5jc01bg8yjr4dlz84b6a-r-lolR-2.1.drv'...
Running phase: unpackPhase
unpacking source archive /nix/store/i261az85m0nzifdnhi58i9ibqm10h1bi-lolR_2.1.tar.gz
source root is lolR
setting SOURCE_DATE_EPOCH to timestamp 1593210603 of file lolR/MD5
Running phase: patchPhase
Running phase: updateAutotoolsGnuConfigScriptsPhase
Running phase: configurePhase
Running phase: buildPhase
Running phase: checkPhase
Running phase: installPhase
* installing *source* package ‘lolR’ ...
** package ‘lolR’ correctement décompressé et sommes MD5 vérifiées
** using staged installation
** R
** inst
** byte-compile and prepare package for lazy loading
** help
*** installing help indices
** building package indices
** installing vignettes
** testing if installed package can be loaded from temporary location
** testing if installed package can be loaded from final location
** testing if installed package keeps a record of temporary installation path
* DONE (lolR)
Running phase: fixupPhase
checking for references to /private/tmp/nix-build-r-lolR-2.1.drv-0/ in /nix/store/a8i01qw9n3mr5j6hbning3rdzy4ngd88-r-lolR-2.1...
patching script interpreter paths in /nix/store/a8i01qw9n3mr5j6hbning3rdzy4ngd88-r-lolR-2.1
rewriting symlink /nix/store/a8i01qw9n3mr5j6hbning3rdzy4ngd88-r-lolR-2.1/nix-support/propagated-user-env-packages to be relative to /nix/store/a8i01qw9n3mr5j6hbning3rdzy4ngd88-r-lolR-2.1
