this derivation will be built:
  /nix/store/clp3lfs5k7z04kv3xx09rmixsqi77knh-r-dots-0.0.2.drv
building '/nix/store/clp3lfs5k7z04kv3xx09rmixsqi77knh-r-dots-0.0.2.drv'...
Running phase: unpackPhase
unpacking source archive /nix/store/cnvhyg7b84f9jgxsfg2ff1r29wqraym9-dots_0.0.2.tar.gz
source root is dots
setting SOURCE_DATE_EPOCH to timestamp 1657874407 of file dots/MD5
Running phase: patchPhase
Running phase: updateAutotoolsGnuConfigScriptsPhase
Running phase: configurePhase
Running phase: buildPhase
Running phase: checkPhase
Running phase: installPhase
* installing *source* package ‘dots’ ...
** package ‘dots’ correctement décompressé et sommes MD5 vérifiées
** using staged installation
** R
** data
*** moving datasets to lazyload DB
** inst
** byte-compile and prepare package for lazy loading
** help
*** installing help indices
*** copying figures
** building package indices
** installing vignettes
** testing if installed package can be loaded from temporary location
** testing if installed package can be loaded from final location
** testing if installed package keeps a record of temporary installation path
* DONE (dots)
Running phase: fixupPhase
checking for references to /private/tmp/nix-build-r-dots-0.0.2.drv-0/ in /nix/store/mm3aqm0q0jm9vqs918qja4dd0b2pc0rd-r-dots-0.0.2...
patching script interpreter paths in /nix/store/mm3aqm0q0jm9vqs918qja4dd0b2pc0rd-r-dots-0.0.2
rewriting symlink /nix/store/mm3aqm0q0jm9vqs918qja4dd0b2pc0rd-r-dots-0.0.2/nix-support/propagated-user-env-packages to be relative to /nix/store/mm3aqm0q0jm9vqs918qja4dd0b2pc0rd-r-dots-0.0.2
