these 2 derivations will be built:
  /nix/store/w4c32b3rqqgs4xf4r7xzwbsvg09a2wi4-qmvs_0.2.2.tar.gz.drv
  /nix/store/gz5nrl0fwgz262x2ad8ylm1gfqhhbgki-r-qmvs-0.2.2.drv
building '/nix/store/w4c32b3rqqgs4xf4r7xzwbsvg09a2wi4-qmvs_0.2.2.tar.gz.drv'...

trying https://cran.r-project.org/src/contrib/qmvs_0.2.2.tar.gz
  % Total    % Received % Xferd  Average Speed   Time    Time     Time  Current
                                 Dload  Upload   Total   Spent    Left  Speed
100 18111  100 18111    0     0   128k      0 --:--:-- --:--:-- --:--:--  129k
building '/nix/store/gz5nrl0fwgz262x2ad8ylm1gfqhhbgki-r-qmvs-0.2.2.drv'...
Running phase: unpackPhase
unpacking source archive /nix/store/7nwwyvii6bqlp83dhhyknmh9vsadq215-qmvs_0.2.2.tar.gz
source root is qmvs
setting SOURCE_DATE_EPOCH to timestamp 1730690402 of file qmvs/MD5
Running phase: patchPhase
Running phase: updateAutotoolsGnuConfigScriptsPhase
Running phase: configurePhase
Running phase: buildPhase
Running phase: checkPhase
Running phase: installPhase
* installing *source* package ‘qmvs’ ...
** package ‘qmvs’ correctement décompressé et sommes MD5 vérifiées
** using staged installation
** libs
using C compiler: ‘clang version 16.0.6’
using C++ compiler: ‘clang version 16.0.6’
using SDK: ‘’
/nix/store/v39c0h6xv6hvki2k1bsyp5n090q8y2bp-clang-wrapper-16.0.6/bin/c++ -std=gnu++17 -I"/nix/store/lir8rmsk7dxbj7v1spqmv69z4mafg16l-R-4.4.2/lib/R/include" -DNDEBUG   -isystem /nix/store/0mmz5i705116bfykc7i1r9jxqwyghj2a-libcxx-16.0.6-dev/include/c++/v1    -fPIC  -g -O2   -c qmvs.cc -o qmvs.o
/nix/store/v39c0h6xv6hvki2k1bsyp5n090q8y2bp-clang-wrapper-16.0.6/bin/cc -I"/nix/store/lir8rmsk7dxbj7v1spqmv69z4mafg16l-R-4.4.2/lib/R/include" -DNDEBUG   -isystem /nix/store/0mmz5i705116bfykc7i1r9jxqwyghj2a-libcxx-16.0.6-dev/include/c++/v1    -fPIC  -g -O2  -c zzz.c -o zzz.o
/nix/store/v39c0h6xv6hvki2k1bsyp5n090q8y2bp-clang-wrapper-16.0.6/bin/c++ -std=gnu++17 -dynamiclib -Wl,-headerpad_max_install_names -undefined dynamic_lookup -L/nix/store/lir8rmsk7dxbj7v1spqmv69z4mafg16l-R-4.4.2/lib/R/lib -L/nix/store/88xkgzh5g9xppsg3hdxxxh9q43rnxk6k-libcxx-16.0.6/lib -o qmvs.so qmvs.o zzz.o -L/nix/store/lir8rmsk7dxbj7v1spqmv69z4mafg16l-R-4.4.2/lib/R/lib -lR -lintl -Wl,-framework -Wl,CoreFoundation
installing to /nix/store/v05g7wkf5wyscyfy395d3fp67mx8g5dl-r-qmvs-0.2.2/library/00LOCK-qmvs/00new/qmvs/libs
** R
** byte-compile and prepare package for lazy loading
** help
*** installing help indices
** building package indices
** testing if installed package can be loaded from temporary location
** checking absolute paths in shared objects and dynamic libraries
** testing if installed package can be loaded from final location
** testing if installed package keeps a record of temporary installation path
* DONE (qmvs)
Running phase: fixupPhase
checking for references to /private/tmp/nix-build-r-qmvs-0.2.2.drv-0/ in /nix/store/v05g7wkf5wyscyfy395d3fp67mx8g5dl-r-qmvs-0.2.2...
patching script interpreter paths in /nix/store/v05g7wkf5wyscyfy395d3fp67mx8g5dl-r-qmvs-0.2.2
