this derivation will be built:
  /nix/store/lc1vp38g2nadjm0lriql4b6qf8caydq4-r-sgmodel-0.1.2.drv
this path will be fetched (0.01 MiB download, 0.01 MiB unpacked):
  /nix/store/099w01zqa8nvgzf3vpklqwzq8igkicnc-sgmodel_0.1.2.tar.gz
copying path '/nix/store/099w01zqa8nvgzf3vpklqwzq8igkicnc-sgmodel_0.1.2.tar.gz' from 'https://cache.nixos.org'...
building '/nix/store/lc1vp38g2nadjm0lriql4b6qf8caydq4-r-sgmodel-0.1.2.drv'...
Running phase: unpackPhase
unpacking source archive /nix/store/099w01zqa8nvgzf3vpklqwzq8igkicnc-sgmodel_0.1.2.tar.gz
source root is sgmodel
setting SOURCE_DATE_EPOCH to timestamp 1706133602 of file sgmodel/MD5
Running phase: patchPhase
Running phase: updateAutotoolsGnuConfigScriptsPhase
Running phase: configurePhase
Running phase: buildPhase
Running phase: checkPhase
Running phase: installPhase
* installing *source* package ‘sgmodel’ ...
** package ‘sgmodel’ correctement décompressé et sommes MD5 vérifiées
** using staged installation
** R
** inst
** byte-compile and prepare package for lazy loading
** help
*** installing help indices
** building package indices
** installing vignettes
** testing if installed package can be loaded from temporary location
** testing if installed package can be loaded from final location
** testing if installed package keeps a record of temporary installation path
* DONE (sgmodel)
Running phase: fixupPhase
checking for references to /private/tmp/nix-build-r-sgmodel-0.1.2.drv-0/ in /nix/store/3avyrmmx8n7hs19nln87qrzrnwljqhy1-r-sgmodel-0.1.2...
patching script interpreter paths in /nix/store/3avyrmmx8n7hs19nln87qrzrnwljqhy1-r-sgmodel-0.1.2
rewriting symlink /nix/store/3avyrmmx8n7hs19nln87qrzrnwljqhy1-r-sgmodel-0.1.2/nix-support/propagated-user-env-packages to be relative to /nix/store/3avyrmmx8n7hs19nln87qrzrnwljqhy1-r-sgmodel-0.1.2
