this derivation will be built:
  /nix/store/0sc2cmzy91ac9gcqk78cg9kgkp1xlbnk-r-vimp-2.3.3.drv
this path will be fetched (0.36 MiB download, 0.36 MiB unpacked):
  /nix/store/rw6pvdrlz1yg6dmqa5mzrvmng2cia8a9-vimp_2.3.3.tar.gz
copying path '/nix/store/rw6pvdrlz1yg6dmqa5mzrvmng2cia8a9-vimp_2.3.3.tar.gz' from 'https://cache.nixos.org'...
building '/nix/store/0sc2cmzy91ac9gcqk78cg9kgkp1xlbnk-r-vimp-2.3.3.drv'...
Running phase: unpackPhase
unpacking source archive /nix/store/rw6pvdrlz1yg6dmqa5mzrvmng2cia8a9-vimp_2.3.3.tar.gz
source root is vimp
setting SOURCE_DATE_EPOCH to timestamp 1693257002 of file vimp/MD5
Running phase: patchPhase
Running phase: updateAutotoolsGnuConfigScriptsPhase
Running phase: configurePhase
Running phase: buildPhase
Running phase: checkPhase
Running phase: installPhase
* installing *source* package ‘vimp’ ...
** package ‘vimp’ correctement décompressé et sommes MD5 vérifiées
** using staged installation
** R
** data
*** moving datasets to lazyload DB
** inst
** byte-compile and prepare package for lazy loading
** help
*** installing help indices
*** copying figures
** building package indices
** installing vignettes
** testing if installed package can be loaded from temporary location
** testing if installed package can be loaded from final location
** testing if installed package keeps a record of temporary installation path
* DONE (vimp)
Running phase: fixupPhase
checking for references to /private/tmp/nix-build-r-vimp-2.3.3.drv-0/ in /nix/store/d4hmv4dk2p6yhfd585cgfw6msi2smnjx-r-vimp-2.3.3...
patching script interpreter paths in /nix/store/d4hmv4dk2p6yhfd585cgfw6msi2smnjx-r-vimp-2.3.3
rewriting symlink /nix/store/d4hmv4dk2p6yhfd585cgfw6msi2smnjx-r-vimp-2.3.3/nix-support/propagated-user-env-packages to be relative to /nix/store/d4hmv4dk2p6yhfd585cgfw6msi2smnjx-r-vimp-2.3.3
