this derivation will be built:
  /nix/store/9f2y6asnl2kl2nhmaxk0xm6w6pakh64g-r-wikkitidy-0.1.13.drv
this path will be fetched (0.76 MiB download, 0.76 MiB unpacked):
  /nix/store/ndsjky6d38kvhp02ajwiqp1599waqi1r-wikkitidy_0.1.13.tar.gz
copying path '/nix/store/ndsjky6d38kvhp02ajwiqp1599waqi1r-wikkitidy_0.1.13.tar.gz' from 'https://cache.nixos.org'...
building '/nix/store/9f2y6asnl2kl2nhmaxk0xm6w6pakh64g-r-wikkitidy-0.1.13.drv'...
Running phase: unpackPhase
unpacking source archive /nix/store/ndsjky6d38kvhp02ajwiqp1599waqi1r-wikkitidy_0.1.13.tar.gz
source root is wikkitidy
setting SOURCE_DATE_EPOCH to timestamp 1723890606 of file wikkitidy/MD5
Running phase: patchPhase
Running phase: updateAutotoolsGnuConfigScriptsPhase
Running phase: configurePhase
Running phase: buildPhase
Running phase: checkPhase
Running phase: installPhase
* installing *source* package ‘wikkitidy’ ...
** package ‘wikkitidy’ correctement décompressé et sommes MD5 vérifiées
** using staged installation
** R
** inst
** byte-compile and prepare package for lazy loading
** help
*** installing help indices
*** copying figures
** building package indices
** testing if installed package can be loaded from temporary location
** testing if installed package can be loaded from final location
** testing if installed package keeps a record of temporary installation path
* DONE (wikkitidy)
Running phase: fixupPhase
checking for references to /private/tmp/nix-build-r-wikkitidy-0.1.13.drv-0/ in /nix/store/1pvm1zdjmivazkf6isbv40lw88wvs387-r-wikkitidy-0.1.13...
patching script interpreter paths in /nix/store/1pvm1zdjmivazkf6isbv40lw88wvs387-r-wikkitidy-0.1.13
rewriting symlink /nix/store/1pvm1zdjmivazkf6isbv40lw88wvs387-r-wikkitidy-0.1.13/nix-support/propagated-user-env-packages to be relative to /nix/store/1pvm1zdjmivazkf6isbv40lw88wvs387-r-wikkitidy-0.1.13
