this derivation will be built:
  /nix/store/lcgj5x5wkqvgmnrsrlnzvv04gbbdqgkz-r-lenght-0.1.0.drv
this path will be fetched (0.06 MiB download, 0.06 MiB unpacked):
  /nix/store/sy4z67frnyf6sxabwdrkdl6hz4bjxbfs-lenght_0.1.0.tar.gz
copying path '/nix/store/sy4z67frnyf6sxabwdrkdl6hz4bjxbfs-lenght_0.1.0.tar.gz' from 'https://cache.nixos.org'...
building '/nix/store/lcgj5x5wkqvgmnrsrlnzvv04gbbdqgkz-r-lenght-0.1.0.drv'...
Running phase: unpackPhase
unpacking source archive /nix/store/sy4z67frnyf6sxabwdrkdl6hz4bjxbfs-lenght_0.1.0.tar.gz
source root is lenght
setting SOURCE_DATE_EPOCH to timestamp 1680168009 of file lenght/MD5
Running phase: patchPhase
Running phase: updateAutotoolsGnuConfigScriptsPhase
Running phase: configurePhase
Running phase: buildPhase
Running phase: checkPhase
Running phase: installPhase
* installing *source* package ‘lenght’ ...
** package ‘lenght’ correctement décompressé et sommes MD5 vérifiées
** using staged installation
** R
** byte-compile and prepare package for lazy loading
** help
*** installing help indices
*** copying figures
** building package indices
** testing if installed package can be loaded from temporary location
** testing if installed package can be loaded from final location
** testing if installed package keeps a record of temporary installation path
* DONE (lenght)
Running phase: fixupPhase
checking for references to /private/tmp/nix-build-r-lenght-0.1.0.drv-0/ in /nix/store/9b1jzjrkdqyh4l0rynl488gs51jcb7h5-r-lenght-0.1.0...
patching script interpreter paths in /nix/store/9b1jzjrkdqyh4l0rynl488gs51jcb7h5-r-lenght-0.1.0
