this derivation will be built:
  /nix/store/7snxyyxizccqbszxf85k5hhilgqn6w5x-r-TDLM-1.0.0.drv
this path will be fetched (1.79 MiB download, 1.79 MiB unpacked):
  /nix/store/75iyib284xzymkgzvh4x4snhsc080ppb-TDLM_1.0.0.tar.gz
copying path '/nix/store/75iyib284xzymkgzvh4x4snhsc080ppb-TDLM_1.0.0.tar.gz' from 'https://cache.nixos.org'...
building '/nix/store/7snxyyxizccqbszxf85k5hhilgqn6w5x-r-TDLM-1.0.0.drv'...
Running phase: unpackPhase
unpacking source archive /nix/store/75iyib284xzymkgzvh4x4snhsc080ppb-TDLM_1.0.0.tar.gz
source root is TDLM
setting SOURCE_DATE_EPOCH to timestamp 1702976402 of file TDLM/MD5
Running phase: patchPhase
Running phase: updateAutotoolsGnuConfigScriptsPhase
Running phase: configurePhase
Running phase: buildPhase
Running phase: checkPhase
Running phase: installPhase
* installing *source* package ‘TDLM’ ...
** package ‘TDLM’ correctement décompressé et sommes MD5 vérifiées
** using staged installation
** R
** data
*** moving datasets to lazyload DB
** inst
** byte-compile and prepare package for lazy loading
** help
*** installing help indices
*** copying figures
** building package indices
** installing vignettes
** testing if installed package can be loaded from temporary location
** testing if installed package can be loaded from final location
** testing if installed package keeps a record of temporary installation path
* DONE (TDLM)
Running phase: fixupPhase
checking for references to /private/tmp/nix-build-r-TDLM-1.0.0.drv-0/ in /nix/store/fbri7i9mwh0c4qv5sb92c6ald3s6b2qy-r-TDLM-1.0.0...
patching script interpreter paths in /nix/store/fbri7i9mwh0c4qv5sb92c6ald3s6b2qy-r-TDLM-1.0.0
rewriting symlink /nix/store/fbri7i9mwh0c4qv5sb92c6ald3s6b2qy-r-TDLM-1.0.0/nix-support/propagated-user-env-packages to be relative to /nix/store/fbri7i9mwh0c4qv5sb92c6ald3s6b2qy-r-TDLM-1.0.0
