this derivation will be built:
  /nix/store/21q902gqqfpf4vlsfsz0vcydlb25v3ym-r-EFA.dimensions-0.1.8.4.drv
building '/nix/store/21q902gqqfpf4vlsfsz0vcydlb25v3ym-r-EFA.dimensions-0.1.8.4.drv'...
Running phase: unpackPhase
unpacking source archive /nix/store/w9i3049052x528nksbvqc7kr0nzyi565-EFA.dimensions_0.1.8.4.tar.gz
source root is EFA.dimensions
setting SOURCE_DATE_EPOCH to timestamp 1717658406 of file EFA.dimensions/MD5
Running phase: patchPhase
Running phase: updateAutotoolsGnuConfigScriptsPhase
Running phase: configurePhase
Running phase: buildPhase
Running phase: checkPhase
Running phase: installPhase
* installing *source* package ‘EFA.dimensions’ ...
** package ‘EFA.dimensions’ correctement décompressé et sommes MD5 vérifiées
** using staged installation
** R
** data
*** moving datasets to lazyload DB
** byte-compile and prepare package for lazy loading
** help
*** installing help indices
** building package indices
** testing if installed package can be loaded from temporary location
** testing if installed package can be loaded from final location
** testing if installed package keeps a record of temporary installation path
* DONE (EFA.dimensions)
Running phase: fixupPhase
checking for references to /private/tmp/nix-build-r-EFA.dimensions-0.1.8.4.drv-0/ in /nix/store/29xvalp16g9ny3rpap0pqlcgaaxvqyp4-r-EFA.dimensions-0.1.8.4...
patching script interpreter paths in /nix/store/29xvalp16g9ny3rpap0pqlcgaaxvqyp4-r-EFA.dimensions-0.1.8.4
rewriting symlink /nix/store/29xvalp16g9ny3rpap0pqlcgaaxvqyp4-r-EFA.dimensions-0.1.8.4/nix-support/propagated-user-env-packages to be relative to /nix/store/29xvalp16g9ny3rpap0pqlcgaaxvqyp4-r-EFA.dimensions-0.1.8.4
