this derivation will be built:
  /nix/store/yd5y1wqrannp30ls0pg49dgwgfdn6n5z-r-emayili-0.9.1.drv
building '/nix/store/yd5y1wqrannp30ls0pg49dgwgfdn6n5z-r-emayili-0.9.1.drv'...
Running phase: unpackPhase
unpacking source archive /nix/store/6w6xwlya1wdzafd3gjdc0ky6y4flf452-emayili_0.9.1.tar.gz
source root is emayili
setting SOURCE_DATE_EPOCH to timestamp 1719223202 of file emayili/MD5
Running phase: patchPhase
Running phase: updateAutotoolsGnuConfigScriptsPhase
Running phase: configurePhase
Running phase: buildPhase
Running phase: checkPhase
Running phase: installPhase
* installing *source* package ‘emayili’ ...
** package ‘emayili’ correctement décompressé et sommes MD5 vérifiées
** using staged installation
** R
** inst
** byte-compile and prepare package for lazy loading
** help
*** installing help indices
*** copying figures
** building package indices
** testing if installed package can be loaded from temporary location
** testing if installed package can be loaded from final location
** testing if installed package keeps a record of temporary installation path
* DONE (emayili)
Running phase: fixupPhase
checking for references to /private/tmp/nix-build-r-emayili-0.9.1.drv-0/ in /nix/store/m1d6lljgadddha77b5wfajj7n3wsgsg0-r-emayili-0.9.1...
patching script interpreter paths in /nix/store/m1d6lljgadddha77b5wfajj7n3wsgsg0-r-emayili-0.9.1
rewriting symlink /nix/store/m1d6lljgadddha77b5wfajj7n3wsgsg0-r-emayili-0.9.1/nix-support/propagated-user-env-packages to be relative to /nix/store/m1d6lljgadddha77b5wfajj7n3wsgsg0-r-emayili-0.9.1
