this derivation will be built:
  /nix/store/2cyn08gkkrxzd2522r3j557767l6blxj-r-zoeppritz-1.0-9.drv
this path will be fetched (0.01 MiB download, 0.01 MiB unpacked):
  /nix/store/bl2mw3kmmyimgw9fwrmb1ryv2pdhgsax-zoeppritz_1.0-9.tar.gz
copying path '/nix/store/bl2mw3kmmyimgw9fwrmb1ryv2pdhgsax-zoeppritz_1.0-9.tar.gz' from 'https://cache.nixos.org'...
building '/nix/store/2cyn08gkkrxzd2522r3j557767l6blxj-r-zoeppritz-1.0-9.drv'...
Running phase: unpackPhase
unpacking source archive /nix/store/bl2mw3kmmyimgw9fwrmb1ryv2pdhgsax-zoeppritz_1.0-9.tar.gz
source root is zoeppritz
setting SOURCE_DATE_EPOCH to timestamp 1692461402 of file zoeppritz/MD5
Running phase: patchPhase
Running phase: updateAutotoolsGnuConfigScriptsPhase
Running phase: configurePhase
Running phase: buildPhase
Running phase: checkPhase
Running phase: installPhase
* installing *source* package ‘zoeppritz’ ...
** package ‘zoeppritz’ correctement décompressé et sommes MD5 vérifiées
** using staged installation
** R
** demo
** byte-compile and prepare package for lazy loading
** help
*** installing help indices
** building package indices
** testing if installed package can be loaded from temporary location
** testing if installed package can be loaded from final location
** testing if installed package keeps a record of temporary installation path
* DONE (zoeppritz)
Running phase: fixupPhase
checking for references to /private/tmp/nix-build-r-zoeppritz-1.0-9.drv-0/ in /nix/store/zqf7dgrv9k45ndy0n5d4a4321ppfr2q0-r-zoeppritz-1.0-9...
patching script interpreter paths in /nix/store/zqf7dgrv9k45ndy0n5d4a4321ppfr2q0-r-zoeppritz-1.0-9
