this derivation will be built:
  /nix/store/2pz0s0278kn5i9afw9sb98g0ig29xpa6-r-shinyrecipes-0.1.0.drv
this path will be fetched (0.04 MiB download, 0.04 MiB unpacked):
  /nix/store/4nxf73myrq588d4ka7yqrmi0hxw7dp88-shinyrecipes_0.1.0.tar.gz
copying path '/nix/store/4nxf73myrq588d4ka7yqrmi0hxw7dp88-shinyrecipes_0.1.0.tar.gz' from 'https://cache.nixos.org'...
building '/nix/store/2pz0s0278kn5i9afw9sb98g0ig29xpa6-r-shinyrecipes-0.1.0.drv'...
Running phase: unpackPhase
unpacking source archive /nix/store/4nxf73myrq588d4ka7yqrmi0hxw7dp88-shinyrecipes_0.1.0.tar.gz
source root is shinyrecipes
setting SOURCE_DATE_EPOCH to timestamp 1588699802 of file shinyrecipes/MD5
Running phase: patchPhase
Running phase: updateAutotoolsGnuConfigScriptsPhase
Running phase: configurePhase
Running phase: buildPhase
Running phase: checkPhase
Running phase: installPhase
* installing *source* package ‘shinyrecipes’ ...
** package ‘shinyrecipes’ correctement décompressé et sommes MD5 vérifiées
** using staged installation
** R
** inst
** byte-compile and prepare package for lazy loading
** help
*** installing help indices
*** copying figures
** building package indices
** testing if installed package can be loaded from temporary location
** testing if installed package can be loaded from final location
** testing if installed package keeps a record of temporary installation path
* DONE (shinyrecipes)
Running phase: fixupPhase
checking for references to /private/tmp/nix-build-r-shinyrecipes-0.1.0.drv-0/ in /nix/store/mlhwysqkgs57kzhvfk83bwf1hi8igpwm-r-shinyrecipes-0.1.0...
patching script interpreter paths in /nix/store/mlhwysqkgs57kzhvfk83bwf1hi8igpwm-r-shinyrecipes-0.1.0
rewriting symlink /nix/store/mlhwysqkgs57kzhvfk83bwf1hi8igpwm-r-shinyrecipes-0.1.0/nix-support/propagated-user-env-packages to be relative to /nix/store/mlhwysqkgs57kzhvfk83bwf1hi8igpwm-r-shinyrecipes-0.1.0
