this derivation will be built:
  /nix/store/89zny8p293gl174ppy1dq9164cjqxldd-r-NBR-0.1.5.drv
this path will be fetched (0.55 MiB download, 0.55 MiB unpacked):
  /nix/store/bn3cd343p8qpxn0v2650nc4d3imp5416-NBR_0.1.5.tar.gz
copying path '/nix/store/bn3cd343p8qpxn0v2650nc4d3imp5416-NBR_0.1.5.tar.gz' from 'https://cache.nixos.org'...
building '/nix/store/89zny8p293gl174ppy1dq9164cjqxldd-r-NBR-0.1.5.drv'...
Running phase: unpackPhase
unpacking source archive /nix/store/bn3cd343p8qpxn0v2650nc4d3imp5416-NBR_0.1.5.tar.gz
source root is NBR
setting SOURCE_DATE_EPOCH to timestamp 1664793602 of file NBR/MD5
Running phase: patchPhase
Running phase: updateAutotoolsGnuConfigScriptsPhase
Running phase: configurePhase
Running phase: buildPhase
Running phase: checkPhase
Running phase: installPhase
* installing *source* package ‘NBR’ ...
** package ‘NBR’ correctement décompressé et sommes MD5 vérifiées
** using staged installation
** R
** data
*** moving datasets to lazyload DB
** inst
** byte-compile and prepare package for lazy loading
** help
*** installing help indices
** building package indices
** installing vignettes
** testing if installed package can be loaded from temporary location
** testing if installed package can be loaded from final location
** testing if installed package keeps a record of temporary installation path
* DONE (NBR)
Running phase: fixupPhase
checking for references to /private/tmp/nix-build-r-NBR-0.1.5.drv-0/ in /nix/store/xgwlmabvfhhqf0j2wcrbagz5jh1k13yd-r-NBR-0.1.5...
patching script interpreter paths in /nix/store/xgwlmabvfhhqf0j2wcrbagz5jh1k13yd-r-NBR-0.1.5
rewriting symlink /nix/store/xgwlmabvfhhqf0j2wcrbagz5jh1k13yd-r-NBR-0.1.5/nix-support/propagated-user-env-packages to be relative to /nix/store/xgwlmabvfhhqf0j2wcrbagz5jh1k13yd-r-NBR-0.1.5
