this derivation will be built:
  /nix/store/pa7k2r8x7mmk54i5gvvsycgbhn9l5z9k-r-hilbert-0.2.1.drv
this path will be fetched (2.81 MiB download, 2.82 MiB unpacked):
  /nix/store/8192vhmyc3ll7w3faxkl0ghldy448sk4-hilbert_0.2.1.tar.gz
copying path '/nix/store/8192vhmyc3ll7w3faxkl0ghldy448sk4-hilbert_0.2.1.tar.gz' from 'https://cache.nixos.org'...
building '/nix/store/pa7k2r8x7mmk54i5gvvsycgbhn9l5z9k-r-hilbert-0.2.1.drv'...
Running phase: unpackPhase
unpacking source archive /nix/store/8192vhmyc3ll7w3faxkl0ghldy448sk4-hilbert_0.2.1.tar.gz
source root is hilbert
setting SOURCE_DATE_EPOCH to timestamp 1649407350 of file hilbert/MD5
Running phase: patchPhase
Running phase: updateAutotoolsGnuConfigScriptsPhase
Running phase: configurePhase
Running phase: buildPhase
Running phase: checkPhase
Running phase: installPhase
* installing *source* package ‘hilbert’ ...
** package ‘hilbert’ correctement décompressé et sommes MD5 vérifiées
** using staged installation
** libs
using C++ compiler: ‘clang version 16.0.6’
using C++11
using SDK: ‘’
/nix/store/v39c0h6xv6hvki2k1bsyp5n090q8y2bp-clang-wrapper-16.0.6/bin/c++ -std=gnu++11 -I"/nix/store/lir8rmsk7dxbj7v1spqmv69z4mafg16l-R-4.4.2/lib/R/include" -DNDEBUG  -I'/nix/store/s8kadyz083p6s8ssybgj4fbgxa8xznv7-r-cpp11-0.5.0/library/cpp11/include' -isystem /nix/store/0mmz5i705116bfykc7i1r9jxqwyghj2a-libcxx-16.0.6-dev/include/c++/v1    -I../inst/include -fPIC  -g -O2   -c cpp11.cpp -o cpp11.o
/nix/store/v39c0h6xv6hvki2k1bsyp5n090q8y2bp-clang-wrapper-16.0.6/bin/c++ -std=gnu++11 -I"/nix/store/lir8rmsk7dxbj7v1spqmv69z4mafg16l-R-4.4.2/lib/R/include" -DNDEBUG  -I'/nix/store/s8kadyz083p6s8ssybgj4fbgxa8xznv7-r-cpp11-0.5.0/library/cpp11/include' -isystem /nix/store/0mmz5i705116bfykc7i1r9jxqwyghj2a-libcxx-16.0.6-dev/include/c++/v1    -I../inst/include -fPIC  -g -O2   -c hilbert-interface.cpp -o hilbert-interface.o
/nix/store/v39c0h6xv6hvki2k1bsyp5n090q8y2bp-clang-wrapper-16.0.6/bin/c++ -std=gnu++11 -I"/nix/store/lir8rmsk7dxbj7v1spqmv69z4mafg16l-R-4.4.2/lib/R/include" -DNDEBUG  -I'/nix/store/s8kadyz083p6s8ssybgj4fbgxa8xznv7-r-cpp11-0.5.0/library/cpp11/include' -isystem /nix/store/0mmz5i705116bfykc7i1r9jxqwyghj2a-libcxx-16.0.6-dev/include/c++/v1    -I../inst/include -fPIC  -g -O2   -c hilbert-interface64.cpp -o hilbert-interface64.o
/nix/store/v39c0h6xv6hvki2k1bsyp5n090q8y2bp-clang-wrapper-16.0.6/bin/c++ -std=gnu++11 -dynamiclib -Wl,-headerpad_max_install_names -undefined dynamic_lookup -L/nix/store/lir8rmsk7dxbj7v1spqmv69z4mafg16l-R-4.4.2/lib/R/lib -L/nix/store/88xkgzh5g9xppsg3hdxxxh9q43rnxk6k-libcxx-16.0.6/lib -o hilbert.so cpp11.o hilbert-interface.o hilbert-interface64.o -L/nix/store/plkk3bwn0g0v67pfc4f8j0sixxwdn01f-lapack-3/lib -llapack -L/nix/store/p8mgb558fybdfiqvcc64jaxzgh3c2yms-blas-3/lib -lblas -L/nix/store/h84vsys3h7wkvnwhx3fz6ynrlpla2mpv-gfortran-13.3.0-lib/lib -L/nix/store/3awww7sqz8gygkr9hw5s7wd57iwz1qg3-cctools-binutils-darwin-wrapper-1010.6/bin -L/nix/store/kwlx6bz5n81gqa9kyx6207rzp0yq0pj4-gfortran-13.3.0/lib/gcc/aarch64-apple-darwin/13.3.0 -L/nix/store/kwlx6bz5n81gqa9kyx6207rzp0yq0pj4-gfortran-13.3.0/lib -lemutls_w -lheapt_w -lintl -lgfortran -lquadmath -L/nix/store/lir8rmsk7dxbj7v1spqmv69z4mafg16l-R-4.4.2/lib/R/lib -lR -lintl -Wl,-framework -Wl,CoreFoundation
ld: warning: could not create compact unwind for ___emutls_get_address: does not use standard frame
ld: warning: could not create compact unwind for _allocate_tramp_ctrl: does not use standard frame
ld: warning: could not create compact unwind for ___gcc_nested_func_ptr_created: does not use standard frame
ld: warning: could not create compact unwind for ___gcc_nested_func_ptr_deleted: does not use standard frame
installing to /nix/store/q35iq3d093iphnvp00vfszghw48v2vnj-r-hilbert-0.2.1/library/00LOCK-hilbert/00new/hilbert/libs
** R
** inst
** byte-compile and prepare package for lazy loading
** help
*** installing help indices
** building package indices
** installing vignettes
** testing if installed package can be loaded from temporary location
** checking absolute paths in shared objects and dynamic libraries
** testing if installed package can be loaded from final location
** testing if installed package keeps a record of temporary installation path
* DONE (hilbert)
Running phase: fixupPhase
checking for references to /private/tmp/nix-build-r-hilbert-0.2.1.drv-0/ in /nix/store/q35iq3d093iphnvp00vfszghw48v2vnj-r-hilbert-0.2.1...
patching script interpreter paths in /nix/store/q35iq3d093iphnvp00vfszghw48v2vnj-r-hilbert-0.2.1
rewriting symlink /nix/store/q35iq3d093iphnvp00vfszghw48v2vnj-r-hilbert-0.2.1/nix-support/propagated-user-env-packages to be relative to /nix/store/q35iq3d093iphnvp00vfszghw48v2vnj-r-hilbert-0.2.1
