this derivation will be built:
  /nix/store/drw5yijsjiq91w58yjl549wc2976gzvq-r-inops-0.0.1.drv
this path will be fetched (0.03 MiB download, 0.03 MiB unpacked):
  /nix/store/dcajyksyw3lilkkgr2i9dszm53fkp6jr-inops_0.0.1.tar.gz
copying path '/nix/store/dcajyksyw3lilkkgr2i9dszm53fkp6jr-inops_0.0.1.tar.gz' from 'https://cache.nixos.org'...
building '/nix/store/drw5yijsjiq91w58yjl549wc2976gzvq-r-inops-0.0.1.drv'...
Running phase: unpackPhase
unpacking source archive /nix/store/dcajyksyw3lilkkgr2i9dszm53fkp6jr-inops_0.0.1.tar.gz
source root is inops
setting SOURCE_DATE_EPOCH to timestamp 1574167203 of file inops/MD5
Running phase: patchPhase
Running phase: updateAutotoolsGnuConfigScriptsPhase
Running phase: configurePhase
Running phase: buildPhase
Running phase: checkPhase
Running phase: installPhase
* installing *source* package ‘inops’ ...
** package ‘inops’ correctement décompressé et sommes MD5 vérifiées
** using staged installation
** R
** inst
** byte-compile and prepare package for lazy loading
** help
*** installing help indices
** building package indices
** installing vignettes
** testing if installed package can be loaded from temporary location
** testing if installed package can be loaded from final location
** testing if installed package keeps a record of temporary installation path
* DONE (inops)
Running phase: fixupPhase
checking for references to /private/tmp/nix-build-r-inops-0.0.1.drv-0/ in /nix/store/2bjh31jcd61qz6jkmzdfw14agmgryd9k-r-inops-0.0.1...
patching script interpreter paths in /nix/store/2bjh31jcd61qz6jkmzdfw14agmgryd9k-r-inops-0.0.1
