this derivation will be built:
  /nix/store/5rcvcn9pzp37n48kh0wfb50d1vv6p90p-r-MWright-0.3.2.drv
this path will be fetched (0.01 MiB download, 0.01 MiB unpacked):
  /nix/store/0zwwficrfl2h16q57ph9mdvc0949kypz-MWright_0.3.2.tar.gz
copying path '/nix/store/0zwwficrfl2h16q57ph9mdvc0949kypz-MWright_0.3.2.tar.gz' from 'https://cache.nixos.org'...
building '/nix/store/5rcvcn9pzp37n48kh0wfb50d1vv6p90p-r-MWright-0.3.2.drv'...
Running phase: unpackPhase
unpacking source archive /nix/store/0zwwficrfl2h16q57ph9mdvc0949kypz-MWright_0.3.2.tar.gz
source root is MWright
setting SOURCE_DATE_EPOCH to timestamp 1565218805 of file MWright/MD5
Running phase: patchPhase
Running phase: updateAutotoolsGnuConfigScriptsPhase
Running phase: configurePhase
Running phase: buildPhase
Running phase: checkPhase
Running phase: installPhase
* installing *source* package ‘MWright’ ...
** package ‘MWright’ correctement décompressé et sommes MD5 vérifiées
** using staged installation
** R
** byte-compile and prepare package for lazy loading
** help
*** installing help indices
** building package indices
** testing if installed package can be loaded from temporary location
** testing if installed package can be loaded from final location
** testing if installed package keeps a record of temporary installation path
* DONE (MWright)
Running phase: fixupPhase
checking for references to /private/tmp/nix-build-r-MWright-0.3.2.drv-0/ in /nix/store/cqq6fyyb2p54xsj13rlp7pshpz9swynp-r-MWright-0.3.2...
patching script interpreter paths in /nix/store/cqq6fyyb2p54xsj13rlp7pshpz9swynp-r-MWright-0.3.2
rewriting symlink /nix/store/cqq6fyyb2p54xsj13rlp7pshpz9swynp-r-MWright-0.3.2/nix-support/propagated-user-env-packages to be relative to /nix/store/cqq6fyyb2p54xsj13rlp7pshpz9swynp-r-MWright-0.3.2
