this derivation will be built:
  /nix/store/j4hjx0gknx435v5hy80hi1kpzpm2zkgm-r-plutor-0.1.0.drv
this path will be fetched (0.36 MiB download, 0.36 MiB unpacked):
  /nix/store/bgpihyzpfwxlf3zxq61yshnpb1b7pjbp-plutor_0.1.0.tar.gz
copying path '/nix/store/bgpihyzpfwxlf3zxq61yshnpb1b7pjbp-plutor_0.1.0.tar.gz' from 'https://cache.nixos.org'...
building '/nix/store/j4hjx0gknx435v5hy80hi1kpzpm2zkgm-r-plutor-0.1.0.drv'...
Running phase: unpackPhase
unpacking source archive /nix/store/bgpihyzpfwxlf3zxq61yshnpb1b7pjbp-plutor_0.1.0.tar.gz
source root is plutor
setting SOURCE_DATE_EPOCH to timestamp 1698393602 of file plutor/MD5
Running phase: patchPhase
Running phase: updateAutotoolsGnuConfigScriptsPhase
Running phase: configurePhase
Running phase: buildPhase
Running phase: checkPhase
Running phase: installPhase
* installing *source* package ‘plutor’ ...
** package ‘plutor’ correctement décompressé et sommes MD5 vérifiées
** using staged installation
** R
** data
*** moving datasets to lazyload DB
** byte-compile and prepare package for lazy loading
** help
*** installing help indices
*** copying figures
** building package indices
** testing if installed package can be loaded from temporary location
** testing if installed package can be loaded from final location
** testing if installed package keeps a record of temporary installation path
* DONE (plutor)
Running phase: fixupPhase
checking for references to /private/tmp/nix-build-r-plutor-0.1.0.drv-0/ in /nix/store/d7gy3ix6h6bgvijlng3cnvm8jq29i4ps-r-plutor-0.1.0...
patching script interpreter paths in /nix/store/d7gy3ix6h6bgvijlng3cnvm8jq29i4ps-r-plutor-0.1.0
rewriting symlink /nix/store/d7gy3ix6h6bgvijlng3cnvm8jq29i4ps-r-plutor-0.1.0/nix-support/propagated-user-env-packages to be relative to /nix/store/d7gy3ix6h6bgvijlng3cnvm8jq29i4ps-r-plutor-0.1.0
