this derivation will be built:
  /nix/store/dpj293lj4pjwsr5mmg8cyl7kaicvf2as-r-Rcpp11-3.1.2.0.1.drv
this path will be fetched (0.10 MiB download, 0.10 MiB unpacked):
  /nix/store/y1nw33rjbqfvkhgjmfvnzavr61hvwli2-Rcpp11_3.1.2.0.1.tar.gz
copying path '/nix/store/y1nw33rjbqfvkhgjmfvnzavr61hvwli2-Rcpp11_3.1.2.0.1.tar.gz' from 'https://cache.nixos.org'...
building '/nix/store/dpj293lj4pjwsr5mmg8cyl7kaicvf2as-r-Rcpp11-3.1.2.0.1.drv'...
Running phase: unpackPhase
unpacking source archive /nix/store/y1nw33rjbqfvkhgjmfvnzavr61hvwli2-Rcpp11_3.1.2.0.1.tar.gz
source root is Rcpp11
setting SOURCE_DATE_EPOCH to timestamp 1602693272 of file Rcpp11/MD5
Running phase: patchPhase
Running phase: updateAutotoolsGnuConfigScriptsPhase
Running phase: configurePhase
Running phase: buildPhase
Running phase: checkPhase
Running phase: installPhase
* installing *source* package ‘Rcpp11’ ...
** package ‘Rcpp11’ correctement décompressé et sommes MD5 vérifiées
** using staged installation
** R
** inst
** byte-compile and prepare package for lazy loading
** help
*** installing help indices
** building package indices
** testing if installed package can be loaded from temporary location
** testing if installed package can be loaded from final location
** testing if installed package keeps a record of temporary installation path
* DONE (Rcpp11)
Running phase: fixupPhase
checking for references to /private/tmp/nix-build-r-Rcpp11-3.1.2.0.1.drv-0/ in /nix/store/yfk8xfwb1b75nkkrx4rpw5v7r86l45xk-r-Rcpp11-3.1.2.0.1...
patching script interpreter paths in /nix/store/yfk8xfwb1b75nkkrx4rpw5v7r86l45xk-r-Rcpp11-3.1.2.0.1
