this derivation will be built:
  /nix/store/awf76ys87ib0yj45yjf93x6f2fdhcgv0-r-routr-0.4.1.drv
this path will be fetched (0.05 MiB download, 0.05 MiB unpacked):
  /nix/store/8slymxd9f526iv3spw5rlg8lj979ccqj-routr_0.4.1.tar.gz
copying path '/nix/store/8slymxd9f526iv3spw5rlg8lj979ccqj-routr_0.4.1.tar.gz' from 'https://cache.nixos.org'...
building '/nix/store/awf76ys87ib0yj45yjf93x6f2fdhcgv0-r-routr-0.4.1.drv'...
Running phase: unpackPhase
unpacking source archive /nix/store/8slymxd9f526iv3spw5rlg8lj979ccqj-routr_0.4.1.tar.gz
source root is routr
setting SOURCE_DATE_EPOCH to timestamp 1660916405 of file routr/MD5
Running phase: patchPhase
Running phase: updateAutotoolsGnuConfigScriptsPhase
Running phase: configurePhase
Running phase: buildPhase
Running phase: checkPhase
Running phase: installPhase
* installing *source* package ‘routr’ ...
** package ‘routr’ correctement décompressé et sommes MD5 vérifiées
** using staged installation
** R
** byte-compile and prepare package for lazy loading
** help
*** installing help indices
*** copying figures
** building package indices
** testing if installed package can be loaded from temporary location
** testing if installed package can be loaded from final location
** testing if installed package keeps a record of temporary installation path
* DONE (routr)
Running phase: fixupPhase
checking for references to /private/tmp/nix-build-r-routr-0.4.1.drv-0/ in /nix/store/jpc6l3dc7wj7jg58wil7nhb9ccfmm01b-r-routr-0.4.1...
patching script interpreter paths in /nix/store/jpc6l3dc7wj7jg58wil7nhb9ccfmm01b-r-routr-0.4.1
rewriting symlink /nix/store/jpc6l3dc7wj7jg58wil7nhb9ccfmm01b-r-routr-0.4.1/nix-support/propagated-user-env-packages to be relative to /nix/store/jpc6l3dc7wj7jg58wil7nhb9ccfmm01b-r-routr-0.4.1
