this derivation will be built:
  /nix/store/nj5azw25a26xwrsrsrk5f5w2j9al4g37-r-lconnect-0.1.2.drv
this path will be fetched (0.17 MiB download, 0.17 MiB unpacked):
  /nix/store/9g9gby4v2v2w6h6amv8n8ivxdrb61k64-lconnect_0.1.2.tar.gz
copying path '/nix/store/9g9gby4v2v2w6h6amv8n8ivxdrb61k64-lconnect_0.1.2.tar.gz' from 'https://cache.nixos.org'...
building '/nix/store/nj5azw25a26xwrsrsrk5f5w2j9al4g37-r-lconnect-0.1.2.drv'...
Running phase: unpackPhase
unpacking source archive /nix/store/9g9gby4v2v2w6h6amv8n8ivxdrb61k64-lconnect_0.1.2.tar.gz
source root is lconnect
setting SOURCE_DATE_EPOCH to timestamp 1709953802 of file lconnect/MD5
Running phase: patchPhase
Running phase: updateAutotoolsGnuConfigScriptsPhase
Running phase: configurePhase
Running phase: buildPhase
Running phase: checkPhase
Running phase: installPhase
* installing *source* package ‘lconnect’ ...
** package ‘lconnect’ correctement décompressé et sommes MD5 vérifiées
** using staged installation
** libs
using C++ compiler: ‘clang version 16.0.6’
using SDK: ‘’
/nix/store/v39c0h6xv6hvki2k1bsyp5n090q8y2bp-clang-wrapper-16.0.6/bin/c++ -std=gnu++17 -I"/nix/store/lir8rmsk7dxbj7v1spqmv69z4mafg16l-R-4.4.2/lib/R/include" -DNDEBUG  -I'/nix/store/da7yi2xf3argx9hlnn3f0k95b8y1yx2l-r-Rcpp-1.0.13-1/library/Rcpp/include' -isystem /nix/store/0mmz5i705116bfykc7i1r9jxqwyghj2a-libcxx-16.0.6-dev/include/c++/v1    -fPIC  -g -O2   -c IICRcpp.cpp -o IICRcpp.o
/nix/store/v39c0h6xv6hvki2k1bsyp5n090q8y2bp-clang-wrapper-16.0.6/bin/c++ -std=gnu++17 -I"/nix/store/lir8rmsk7dxbj7v1spqmv69z4mafg16l-R-4.4.2/lib/R/include" -DNDEBUG  -I'/nix/store/da7yi2xf3argx9hlnn3f0k95b8y1yx2l-r-Rcpp-1.0.13-1/library/Rcpp/include' -isystem /nix/store/0mmz5i705116bfykc7i1r9jxqwyghj2a-libcxx-16.0.6-dev/include/c++/v1    -fPIC  -g -O2   -c RcppExports.cpp -o RcppExports.o
/nix/store/v39c0h6xv6hvki2k1bsyp5n090q8y2bp-clang-wrapper-16.0.6/bin/c++ -std=gnu++17 -dynamiclib -Wl,-headerpad_max_install_names -undefined dynamic_lookup -L/nix/store/lir8rmsk7dxbj7v1spqmv69z4mafg16l-R-4.4.2/lib/R/lib -L/nix/store/88xkgzh5g9xppsg3hdxxxh9q43rnxk6k-libcxx-16.0.6/lib -o lconnect.so IICRcpp.o RcppExports.o -L/nix/store/lir8rmsk7dxbj7v1spqmv69z4mafg16l-R-4.4.2/lib/R/lib -lR -lintl -Wl,-framework -Wl,CoreFoundation
installing to /nix/store/civfsshyamixrs5xbp4m6jvgy0xijw92-r-lconnect-0.1.2/library/00LOCK-lconnect/00new/lconnect/libs
** R
** inst
** byte-compile and prepare package for lazy loading
** help
*** installing help indices
** building package indices
** testing if installed package can be loaded from temporary location
** checking absolute paths in shared objects and dynamic libraries
** testing if installed package can be loaded from final location
** testing if installed package keeps a record of temporary installation path
* DONE (lconnect)
Running phase: fixupPhase
checking for references to /private/tmp/nix-build-r-lconnect-0.1.2.drv-0/ in /nix/store/civfsshyamixrs5xbp4m6jvgy0xijw92-r-lconnect-0.1.2...
patching script interpreter paths in /nix/store/civfsshyamixrs5xbp4m6jvgy0xijw92-r-lconnect-0.1.2
rewriting symlink /nix/store/civfsshyamixrs5xbp4m6jvgy0xijw92-r-lconnect-0.1.2/nix-support/propagated-user-env-packages to be relative to /nix/store/civfsshyamixrs5xbp4m6jvgy0xijw92-r-lconnect-0.1.2
