this derivation will be built:
  /nix/store/rvcbvfj2b1gjbqwlmq236wxdr1a949ag-r-pwt-7.1-1.drv
this path will be fetched (7.20 MiB download, 7.20 MiB unpacked):
  /nix/store/6si2vy4j5vi8m41p2wm9wx2v2yyd1nlk-pwt_7.1-1.tar.gz
copying path '/nix/store/6si2vy4j5vi8m41p2wm9wx2v2yyd1nlk-pwt_7.1-1.tar.gz' from 'https://cache.nixos.org'...
building '/nix/store/rvcbvfj2b1gjbqwlmq236wxdr1a949ag-r-pwt-7.1-1.drv'...
Running phase: unpackPhase
unpacking source archive /nix/store/6si2vy4j5vi8m41p2wm9wx2v2yyd1nlk-pwt_7.1-1.tar.gz
source root is pwt
setting SOURCE_DATE_EPOCH to timestamp 1374992411 of file pwt/MD5
Running phase: patchPhase
Running phase: updateAutotoolsGnuConfigScriptsPhase
Running phase: configurePhase
Running phase: buildPhase
Running phase: checkPhase
Running phase: installPhase
* installing *source* package ‘pwt’ ...
** package ‘pwt’ correctement décompressé et sommes MD5 vérifiées
** using staged installation
** R
** data
*** moving datasets to lazyload DB
** inst
** byte-compile and prepare package for lazy loading
** help
*** installing help indices
** building package indices
** testing if installed package can be loaded from temporary location
** testing if installed package can be loaded from final location
** testing if installed package keeps a record of temporary installation path
* DONE (pwt)
Running phase: fixupPhase
checking for references to /private/tmp/nix-build-r-pwt-7.1-1.drv-0/ in /nix/store/58fwx4jd6b8fmxfj3j8y09asz2kqaifl-r-pwt-7.1-1...
patching script interpreter paths in /nix/store/58fwx4jd6b8fmxfj3j8y09asz2kqaifl-r-pwt-7.1-1
