this derivation will be built:
  /nix/store/jkj7mc4fdl7mx1pmmbr6m25ib4kyic1c-r-EQUALrepeat-0.4.0.drv
building '/nix/store/jkj7mc4fdl7mx1pmmbr6m25ib4kyic1c-r-EQUALrepeat-0.4.0.drv'...
Running phase: unpackPhase
unpacking source archive /nix/store/i8v3yc4jkarj3w2gzcry5rhv0p15h643-EQUALrepeat_0.4.0.tar.gz
source root is EQUALrepeat
setting SOURCE_DATE_EPOCH to timestamp 1725639012 of file EQUALrepeat/MD5
Running phase: patchPhase
Running phase: updateAutotoolsGnuConfigScriptsPhase
Running phase: configurePhase
Running phase: buildPhase
Running phase: checkPhase
Running phase: installPhase
* installing *source* package ‘EQUALrepeat’ ...
** package ‘EQUALrepeat’ correctement décompressé et sommes MD5 vérifiées
** using staged installation
** R
** byte-compile and prepare package for lazy loading
** help
*** installing help indices
** building package indices
** testing if installed package can be loaded from temporary location
** testing if installed package can be loaded from final location
** testing if installed package keeps a record of temporary installation path
* DONE (EQUALrepeat)
Running phase: fixupPhase
checking for references to /private/tmp/nix-build-r-EQUALrepeat-0.4.0.drv-0/ in /nix/store/y6ya5a1wbl9rg3w1312fdpk247g108fw-r-EQUALrepeat-0.4.0...
patching script interpreter paths in /nix/store/y6ya5a1wbl9rg3w1312fdpk247g108fw-r-EQUALrepeat-0.4.0
rewriting symlink /nix/store/y6ya5a1wbl9rg3w1312fdpk247g108fw-r-EQUALrepeat-0.4.0/nix-support/propagated-user-env-packages to be relative to /nix/store/y6ya5a1wbl9rg3w1312fdpk247g108fw-r-EQUALrepeat-0.4.0
