this derivation will be built:
  /nix/store/63r8aa48ys7aagr654jimw0yq7p19835-r-trud-0.1.0.drv
this path will be fetched (0.53 MiB download, 0.53 MiB unpacked):
  /nix/store/fppz76wnn7k6lzyfc69v6la4284745xp-trud_0.1.0.tar.gz
copying path '/nix/store/fppz76wnn7k6lzyfc69v6la4284745xp-trud_0.1.0.tar.gz' from 'https://cache.nixos.org'...
building '/nix/store/63r8aa48ys7aagr654jimw0yq7p19835-r-trud-0.1.0.drv'...
Running phase: unpackPhase
unpacking source archive /nix/store/fppz76wnn7k6lzyfc69v6la4284745xp-trud_0.1.0.tar.gz
source root is trud
setting SOURCE_DATE_EPOCH to timestamp 1721694002 of file trud/MD5
Running phase: patchPhase
Running phase: updateAutotoolsGnuConfigScriptsPhase
Running phase: configurePhase
Running phase: buildPhase
Running phase: checkPhase
Running phase: installPhase
* installing *source* package ‘trud’ ...
** package ‘trud’ correctement décompressé et sommes MD5 vérifiées
** using staged installation
** R
** byte-compile and prepare package for lazy loading
** help
*** installing help indices
*** copying figures
** building package indices
** testing if installed package can be loaded from temporary location
** testing if installed package can be loaded from final location
** testing if installed package keeps a record of temporary installation path
* DONE (trud)
Running phase: fixupPhase
checking for references to /private/tmp/nix-build-r-trud-0.1.0.drv-0/ in /nix/store/aljwsf6hrcd76kw41l64dmakk2sgkk8g-r-trud-0.1.0...
patching script interpreter paths in /nix/store/aljwsf6hrcd76kw41l64dmakk2sgkk8g-r-trud-0.1.0
rewriting symlink /nix/store/aljwsf6hrcd76kw41l64dmakk2sgkk8g-r-trud-0.1.0/nix-support/propagated-user-env-packages to be relative to /nix/store/aljwsf6hrcd76kw41l64dmakk2sgkk8g-r-trud-0.1.0
