these 2 derivations will be built:
  /nix/store/d03hzgkfh47gvdj9ddkvpha6l318pkpv-photobiologyInOut_0.4.29.tar.gz.drv
  /nix/store/hqflbmvj0ndlmh8nmb0jfc6igfv6ll9q-r-photobiologyInOut-0.4.29.drv
building '/nix/store/d03hzgkfh47gvdj9ddkvpha6l318pkpv-photobiologyInOut_0.4.29.tar.gz.drv'...

trying https://cran.r-project.org/src/contrib/photobiologyInOut_0.4.29.tar.gz
  % Total    % Received % Xferd  Average Speed   Time    Time     Time  Current
                                 Dload  Upload   Total   Spent    Left  Speed
100 1491k  100 1491k    0     0  3681k      0 --:--:-- --:--:-- --:--:-- 3682k
building '/nix/store/hqflbmvj0ndlmh8nmb0jfc6igfv6ll9q-r-photobiologyInOut-0.4.29.drv'...
Running phase: unpackPhase
unpacking source archive /nix/store/7n2rkpld0szbzgmr11wx2zflknz0nk49-photobiologyInOut_0.4.29.tar.gz
source root is photobiologyInOut
setting SOURCE_DATE_EPOCH to timestamp 1732316403 of file photobiologyInOut/MD5
Running phase: patchPhase
Running phase: updateAutotoolsGnuConfigScriptsPhase
Running phase: configurePhase
Running phase: buildPhase
Running phase: checkPhase
Running phase: installPhase
* installing *source* package ‘photobiologyInOut’ ...
** package ‘photobiologyInOut’ correctement décompressé et sommes MD5 vérifiées
** using staged installation
** R
** inst
** byte-compile and prepare package for lazy loading
** help
*** installing help indices
*** copying figures
** building package indices
** installing vignettes
** testing if installed package can be loaded from temporary location
** testing if installed package can be loaded from final location
** testing if installed package keeps a record of temporary installation path
* DONE (photobiologyInOut)
Running phase: fixupPhase
checking for references to /private/tmp/nix-build-r-photobiologyInOut-0.4.29.drv-0/ in /nix/store/lgfh9xc1cvxwrbnndyx8i0ikm4xl610g-r-photobiologyInOut-0.4.29...
patching script interpreter paths in /nix/store/lgfh9xc1cvxwrbnndyx8i0ikm4xl610g-r-photobiologyInOut-0.4.29
rewriting symlink /nix/store/lgfh9xc1cvxwrbnndyx8i0ikm4xl610g-r-photobiologyInOut-0.4.29/nix-support/propagated-user-env-packages to be relative to /nix/store/lgfh9xc1cvxwrbnndyx8i0ikm4xl610g-r-photobiologyInOut-0.4.29
