this derivation will be built:
  /nix/store/p75q8lg68jz1kid9cqn0kih39jyx84c7-r-sensiPhy-0.8.5.drv
this path will be fetched (0.70 MiB download, 0.70 MiB unpacked):
  /nix/store/7pvm0jva4rh230a6i8cj7077disn28dr-sensiPhy_0.8.5.tar.gz
copying path '/nix/store/7pvm0jva4rh230a6i8cj7077disn28dr-sensiPhy_0.8.5.tar.gz' from 'https://cache.nixos.org'...
building '/nix/store/p75q8lg68jz1kid9cqn0kih39jyx84c7-r-sensiPhy-0.8.5.drv'...
Running phase: unpackPhase
unpacking source archive /nix/store/7pvm0jva4rh230a6i8cj7077disn28dr-sensiPhy_0.8.5.tar.gz
source root is sensiPhy
setting SOURCE_DATE_EPOCH to timestamp 1585839002 of file sensiPhy/MD5
Running phase: patchPhase
Running phase: updateAutotoolsGnuConfigScriptsPhase
Running phase: configurePhase
Running phase: buildPhase
Running phase: checkPhase
Running phase: installPhase
* installing *source* package ‘sensiPhy’ ...
** package ‘sensiPhy’ correctement décompressé et sommes MD5 vérifiées
** using staged installation
** R
** data
*** moving datasets to lazyload DB
** inst
** byte-compile and prepare package for lazy loading
** help
*** installing help indices
** building package indices
** installing vignettes
** testing if installed package can be loaded from temporary location
** testing if installed package can be loaded from final location
** testing if installed package keeps a record of temporary installation path
* DONE (sensiPhy)
Running phase: fixupPhase
checking for references to /private/tmp/nix-build-r-sensiPhy-0.8.5.drv-0/ in /nix/store/2j086advs5hv8xkij7zz17iwrq47mx91-r-sensiPhy-0.8.5...
patching script interpreter paths in /nix/store/2j086advs5hv8xkij7zz17iwrq47mx91-r-sensiPhy-0.8.5
rewriting symlink /nix/store/2j086advs5hv8xkij7zz17iwrq47mx91-r-sensiPhy-0.8.5/nix-support/propagated-user-env-packages to be relative to /nix/store/2j086advs5hv8xkij7zz17iwrq47mx91-r-sensiPhy-0.8.5
