this derivation will be built:
  /nix/store/67qcxv0hx9dz131p6x74512nmj4bl970-r-speechbr-2.0.0.drv
this path will be fetched (0.55 MiB download, 0.55 MiB unpacked):
  /nix/store/bnjhwyabzn7yn0g9aqi7863bqzpwgimy-speechbr_2.0.0.tar.gz
copying path '/nix/store/bnjhwyabzn7yn0g9aqi7863bqzpwgimy-speechbr_2.0.0.tar.gz' from 'https://cache.nixos.org'...
building '/nix/store/67qcxv0hx9dz131p6x74512nmj4bl970-r-speechbr-2.0.0.drv'...
Running phase: unpackPhase
unpacking source archive /nix/store/bnjhwyabzn7yn0g9aqi7863bqzpwgimy-speechbr_2.0.0.tar.gz
source root is speechbr
setting SOURCE_DATE_EPOCH to timestamp 1647707402 of file speechbr/MD5
Running phase: patchPhase
Running phase: updateAutotoolsGnuConfigScriptsPhase
Running phase: configurePhase
Running phase: buildPhase
Running phase: checkPhase
Running phase: installPhase
* installing *source* package ‘speechbr’ ...
** package ‘speechbr’ correctement décompressé et sommes MD5 vérifiées
** using staged installation
** R
** byte-compile and prepare package for lazy loading
** help
*** installing help indices
*** copying figures
** building package indices
** testing if installed package can be loaded from temporary location
** testing if installed package can be loaded from final location
** testing if installed package keeps a record of temporary installation path
* DONE (speechbr)
Running phase: fixupPhase
checking for references to /private/tmp/nix-build-r-speechbr-2.0.0.drv-0/ in /nix/store/c97844c706zgjzin5ljp2ywihg0hn9gv-r-speechbr-2.0.0...
patching script interpreter paths in /nix/store/c97844c706zgjzin5ljp2ywihg0hn9gv-r-speechbr-2.0.0
rewriting symlink /nix/store/c97844c706zgjzin5ljp2ywihg0hn9gv-r-speechbr-2.0.0/nix-support/propagated-user-env-packages to be relative to /nix/store/c97844c706zgjzin5ljp2ywihg0hn9gv-r-speechbr-2.0.0
