this derivation will be built:
  /nix/store/9v8qw12jsc23dmh2caw4642zh665p35h-r-TSstudio-0.1.7.drv
this path will be fetched (1.22 MiB download, 1.23 MiB unpacked):
  /nix/store/dn287h88azvn579n0rgslrcv5182vfbx-TSstudio_0.1.7.tar.gz
copying path '/nix/store/dn287h88azvn579n0rgslrcv5182vfbx-TSstudio_0.1.7.tar.gz' from 'https://cache.nixos.org'...
building '/nix/store/9v8qw12jsc23dmh2caw4642zh665p35h-r-TSstudio-0.1.7.drv'...
Running phase: unpackPhase
unpacking source archive /nix/store/dn287h88azvn579n0rgslrcv5182vfbx-TSstudio_0.1.7.tar.gz
source root is TSstudio
setting SOURCE_DATE_EPOCH to timestamp 1691556007 of file TSstudio/MD5
Running phase: patchPhase
Running phase: updateAutotoolsGnuConfigScriptsPhase
Running phase: configurePhase
Running phase: buildPhase
Running phase: checkPhase
Running phase: installPhase
* installing *source* package ‘TSstudio’ ...
** package ‘TSstudio’ correctement décompressé et sommes MD5 vérifiées
** using staged installation
** R
** data
*** moving datasets to lazyload DB
** inst
** byte-compile and prepare package for lazy loading
** help
*** installing help indices
** building package indices
** installing vignettes
** testing if installed package can be loaded from temporary location
** testing if installed package can be loaded from final location
** testing if installed package keeps a record of temporary installation path
* DONE (TSstudio)
Running phase: fixupPhase
checking for references to /private/tmp/nix-build-r-TSstudio-0.1.7.drv-0/ in /nix/store/s9arfxl6k9d19x7an95dzyxlcyan2s9x-r-TSstudio-0.1.7...
patching script interpreter paths in /nix/store/s9arfxl6k9d19x7an95dzyxlcyan2s9x-r-TSstudio-0.1.7
rewriting symlink /nix/store/s9arfxl6k9d19x7an95dzyxlcyan2s9x-r-TSstudio-0.1.7/nix-support/propagated-user-env-packages to be relative to /nix/store/s9arfxl6k9d19x7an95dzyxlcyan2s9x-r-TSstudio-0.1.7
