this derivation will be built:
  /nix/store/141z8r8wz2clagc7i9wk6hcjdwmlz9ad-r-ipeadatar-0.1.6.drv
this path will be fetched (0.03 MiB download, 0.03 MiB unpacked):
  /nix/store/m3kwiaixy7rkaxk5ji42ggbpc2zj6diw-ipeadatar_0.1.6.tar.gz
copying path '/nix/store/m3kwiaixy7rkaxk5ji42ggbpc2zj6diw-ipeadatar_0.1.6.tar.gz' from 'https://cache.nixos.org'...
building '/nix/store/141z8r8wz2clagc7i9wk6hcjdwmlz9ad-r-ipeadatar-0.1.6.drv'...
Running phase: unpackPhase
unpacking source archive /nix/store/m3kwiaixy7rkaxk5ji42ggbpc2zj6diw-ipeadatar_0.1.6.tar.gz
source root is ipeadatar
setting SOURCE_DATE_EPOCH to timestamp 1643874605 of file ipeadatar/MD5
Running phase: patchPhase
Running phase: updateAutotoolsGnuConfigScriptsPhase
Running phase: configurePhase
Running phase: buildPhase
Running phase: checkPhase
Running phase: installPhase
* installing *source* package ‘ipeadatar’ ...
** package ‘ipeadatar’ correctement décompressé et sommes MD5 vérifiées
** using staged installation
** R
** inst
** byte-compile and prepare package for lazy loading
** help
*** installing help indices
** building package indices
** installing vignettes
** testing if installed package can be loaded from temporary location
** testing if installed package can be loaded from final location
** testing if installed package keeps a record of temporary installation path
* DONE (ipeadatar)
Running phase: fixupPhase
checking for references to /private/tmp/nix-build-r-ipeadatar-0.1.6.drv-0/ in /nix/store/3zwi9wk78sxxzvaiqhn8374glgy4msyy-r-ipeadatar-0.1.6...
patching script interpreter paths in /nix/store/3zwi9wk78sxxzvaiqhn8374glgy4msyy-r-ipeadatar-0.1.6
rewriting symlink /nix/store/3zwi9wk78sxxzvaiqhn8374glgy4msyy-r-ipeadatar-0.1.6/nix-support/propagated-user-env-packages to be relative to /nix/store/3zwi9wk78sxxzvaiqhn8374glgy4msyy-r-ipeadatar-0.1.6
