this derivation will be built:
  /nix/store/djv2j5cw4h4bqbi32c3d9hpb9qgq7cza-r-chronicle-0.3.drv
building '/nix/store/djv2j5cw4h4bqbi32c3d9hpb9qgq7cza-r-chronicle-0.3.drv'...
Running phase: unpackPhase
unpacking source archive /nix/store/p98rpdjim1rrs98s3qhw901xz6rh1mmh-chronicle_0.3.tar.gz
source root is chronicle
setting SOURCE_DATE_EPOCH to timestamp 1624597202 of file chronicle/MD5
Running phase: patchPhase
Running phase: updateAutotoolsGnuConfigScriptsPhase
Running phase: configurePhase
Running phase: buildPhase
Running phase: checkPhase
Running phase: installPhase
* installing *source* package ‘chronicle’ ...
** package ‘chronicle’ correctement décompressé et sommes MD5 vérifiées
** using staged installation
** R
** inst
** byte-compile and prepare package for lazy loading
** help
*** installing help indices
** building package indices
** installing vignettes
** testing if installed package can be loaded from temporary location
** testing if installed package can be loaded from final location
** testing if installed package keeps a record of temporary installation path
* DONE (chronicle)
Running phase: fixupPhase
checking for references to /private/tmp/nix-build-r-chronicle-0.3.drv-0/ in /nix/store/xsra2ac5scamk0hxklf1ypvb6nfh53fk-r-chronicle-0.3...
patching script interpreter paths in /nix/store/xsra2ac5scamk0hxklf1ypvb6nfh53fk-r-chronicle-0.3
rewriting symlink /nix/store/xsra2ac5scamk0hxklf1ypvb6nfh53fk-r-chronicle-0.3/nix-support/propagated-user-env-packages to be relative to /nix/store/xsra2ac5scamk0hxklf1ypvb6nfh53fk-r-chronicle-0.3
