this derivation will be built:
  /nix/store/jzwzm5q40554w66idj8byxlqi87aids4-r-mongopipe-0.1.1.drv
this path will be fetched (0.01 MiB download, 0.01 MiB unpacked):
  /nix/store/7mir5yr7jn0b1v8zpq90zs902r45h9sb-mongopipe_0.1.1.tar.gz
copying path '/nix/store/7mir5yr7jn0b1v8zpq90zs902r45h9sb-mongopipe_0.1.1.tar.gz' from 'https://cache.nixos.org'...
building '/nix/store/jzwzm5q40554w66idj8byxlqi87aids4-r-mongopipe-0.1.1.drv'...
Running phase: unpackPhase
unpacking source archive /nix/store/7mir5yr7jn0b1v8zpq90zs902r45h9sb-mongopipe_0.1.1.tar.gz
source root is mongopipe
setting SOURCE_DATE_EPOCH to timestamp 1611143406 of file mongopipe/MD5
Running phase: patchPhase
Running phase: updateAutotoolsGnuConfigScriptsPhase
Running phase: configurePhase
Running phase: buildPhase
Running phase: checkPhase
Running phase: installPhase
* installing *source* package ‘mongopipe’ ...
** package ‘mongopipe’ correctement décompressé et sommes MD5 vérifiées
** using staged installation
** R
** byte-compile and prepare package for lazy loading
** help
*** installing help indices
*** copying figures
** building package indices
** testing if installed package can be loaded from temporary location
** testing if installed package can be loaded from final location
** testing if installed package keeps a record of temporary installation path
* DONE (mongopipe)
Running phase: fixupPhase
checking for references to /private/tmp/nix-build-r-mongopipe-0.1.1.drv-0/ in /nix/store/1xv2x1kqi502s8pp6q4n3xn4clklaw8a-r-mongopipe-0.1.1...
patching script interpreter paths in /nix/store/1xv2x1kqi502s8pp6q4n3xn4clklaw8a-r-mongopipe-0.1.1
rewriting symlink /nix/store/1xv2x1kqi502s8pp6q4n3xn4clklaw8a-r-mongopipe-0.1.1/nix-support/propagated-user-env-packages to be relative to /nix/store/1xv2x1kqi502s8pp6q4n3xn4clklaw8a-r-mongopipe-0.1.1
