this derivation will be built:
  /nix/store/wlg8x36wa1cifchs31qdmff8gmd8aib4-r-TransP-0.1.drv
this path will be fetched (0.00 MiB download, 0.00 MiB unpacked):
  /nix/store/3nkhfzz1gkd8jsh722p7c7r15h3xkhfx-TransP_0.1.tar.gz
copying path '/nix/store/3nkhfzz1gkd8jsh722p7c7r15h3xkhfx-TransP_0.1.tar.gz' from 'https://cache.nixos.org'...
building '/nix/store/wlg8x36wa1cifchs31qdmff8gmd8aib4-r-TransP-0.1.drv'...
Running phase: unpackPhase
unpacking source archive /nix/store/3nkhfzz1gkd8jsh722p7c7r15h3xkhfx-TransP_0.1.tar.gz
source root is TransP
setting SOURCE_DATE_EPOCH to timestamp 1455386472 of file TransP/MD5
Running phase: patchPhase
Running phase: updateAutotoolsGnuConfigScriptsPhase
Running phase: configurePhase
Running phase: buildPhase
Running phase: checkPhase
Running phase: installPhase
* installing *source* package ‘TransP’ ...
** package ‘TransP’ correctement décompressé et sommes MD5 vérifiées
** using staged installation
** R
** byte-compile and prepare package for lazy loading
** help
*** installing help indices
** building package indices
** testing if installed package can be loaded from temporary location
** testing if installed package can be loaded from final location
** testing if installed package keeps a record of temporary installation path
* DONE (TransP)
Running phase: fixupPhase
checking for references to /private/tmp/nix-build-r-TransP-0.1.drv-0/ in /nix/store/9rlibn2aa5j6pm9im8wmsxfxssn2blrl-r-TransP-0.1...
patching script interpreter paths in /nix/store/9rlibn2aa5j6pm9im8wmsxfxssn2blrl-r-TransP-0.1
