these 2 derivations will be built:
  /nix/store/zrgdld9hkwdvkl3j0mbnwxwhmz93q25p-r-pps-1.0.drv
  /nix/store/8wy5k47j45vxd7xxsrs8kkg5n0sfrl8i-r-natstrat-2.0.0.drv
these 2 paths will be fetched (0.55 MiB download, 0.55 MiB unpacked):
  /nix/store/3xpx47mvix45dshsp3mzmb85mzmzcdlv-natstrat_2.0.0.tar.gz
  /nix/store/cx6zr82h7vl0zxwdrbpwb0dk1s6gqsfd-pps_1.0.tar.gz
copying path '/nix/store/3xpx47mvix45dshsp3mzmb85mzmzcdlv-natstrat_2.0.0.tar.gz' from 'https://cache.nixos.org'...
copying path '/nix/store/cx6zr82h7vl0zxwdrbpwb0dk1s6gqsfd-pps_1.0.tar.gz' from 'https://cache.nixos.org'...
building '/nix/store/zrgdld9hkwdvkl3j0mbnwxwhmz93q25p-r-pps-1.0.drv'...
Running phase: unpackPhase
unpacking source archive /nix/store/cx6zr82h7vl0zxwdrbpwb0dk1s6gqsfd-pps_1.0.tar.gz
source root is pps
setting SOURCE_DATE_EPOCH to timestamp 1610862602 of file pps/MD5
Running phase: patchPhase
Running phase: updateAutotoolsGnuConfigScriptsPhase
Running phase: configurePhase
Running phase: buildPhase
Running phase: checkPhase
Running phase: installPhase
* installing *source* package ‘pps’ ...
** package ‘pps’ correctement décompressé et sommes MD5 vérifiées
** using staged installation
** R
** data
** inst
** byte-compile and prepare package for lazy loading
** help
*** installing help indices
** building package indices
** testing if installed package can be loaded from temporary location
** testing if installed package can be loaded from final location
** testing if installed package keeps a record of temporary installation path
* DONE (pps)
Running phase: fixupPhase
checking for references to /private/tmp/nix-build-r-pps-1.0.drv-0/ in /nix/store/yx5nlacwhbgnfmqcarwdz1yhiynr3xdn-r-pps-1.0...
patching script interpreter paths in /nix/store/yx5nlacwhbgnfmqcarwdz1yhiynr3xdn-r-pps-1.0
building '/nix/store/8wy5k47j45vxd7xxsrs8kkg5n0sfrl8i-r-natstrat-2.0.0.drv'...
Running phase: unpackPhase
unpacking source archive /nix/store/3xpx47mvix45dshsp3mzmb85mzmzcdlv-natstrat_2.0.0.tar.gz
source root is natstrat
setting SOURCE_DATE_EPOCH to timestamp 1634289002 of file natstrat/MD5
Running phase: patchPhase
Running phase: updateAutotoolsGnuConfigScriptsPhase
Running phase: configurePhase
Running phase: buildPhase
Running phase: checkPhase
Running phase: installPhase
* installing *source* package ‘natstrat’ ...
** package ‘natstrat’ correctement décompressé et sommes MD5 vérifiées
** using staged installation
** R
** data
*** moving datasets to lazyload DB
** inst
** byte-compile and prepare package for lazy loading
** help
*** installing help indices
** building package indices
** installing vignettes
** testing if installed package can be loaded from temporary location
** testing if installed package can be loaded from final location
** testing if installed package keeps a record of temporary installation path
* DONE (natstrat)
Running phase: fixupPhase
checking for references to /private/tmp/nix-build-r-natstrat-2.0.0.drv-0/ in /nix/store/35i6gxkqf1xp2c16iygwyn9d2p6wsx0f-r-natstrat-2.0.0...
patching script interpreter paths in /nix/store/35i6gxkqf1xp2c16iygwyn9d2p6wsx0f-r-natstrat-2.0.0
rewriting symlink /nix/store/35i6gxkqf1xp2c16iygwyn9d2p6wsx0f-r-natstrat-2.0.0/nix-support/propagated-user-env-packages to be relative to /nix/store/35i6gxkqf1xp2c16iygwyn9d2p6wsx0f-r-natstrat-2.0.0
