this derivation will be built:
  /nix/store/lsf6rdgy0709avxcygib4w97qskmf494-r-jds.rmd-0.3.3.drv
this path will be fetched (0.03 MiB download, 0.03 MiB unpacked):
  /nix/store/6jcdqp31kv38jj2mi317k5a9ar8san05-jds.rmd_0.3.3.tar.gz
copying path '/nix/store/6jcdqp31kv38jj2mi317k5a9ar8san05-jds.rmd_0.3.3.tar.gz' from 'https://cache.nixos.org'...
building '/nix/store/lsf6rdgy0709avxcygib4w97qskmf494-r-jds.rmd-0.3.3.drv'...
Running phase: unpackPhase
unpacking source archive /nix/store/6jcdqp31kv38jj2mi317k5a9ar8san05-jds.rmd_0.3.3.tar.gz
source root is jds.rmd
setting SOURCE_DATE_EPOCH to timestamp 1687319402 of file jds.rmd/MD5
Running phase: patchPhase
Running phase: updateAutotoolsGnuConfigScriptsPhase
Running phase: configurePhase
Running phase: buildPhase
Running phase: checkPhase
Running phase: installPhase
* installing *source* package ‘jds.rmd’ ...
** package ‘jds.rmd’ correctement décompressé et sommes MD5 vérifiées
** using staged installation
** R
** inst
** byte-compile and prepare package for lazy loading
** help
*** installing help indices
** building package indices
** testing if installed package can be loaded from temporary location
** testing if installed package can be loaded from final location
** testing if installed package keeps a record of temporary installation path
* DONE (jds.rmd)
Running phase: fixupPhase
checking for references to /private/tmp/nix-build-r-jds.rmd-0.3.3.drv-0/ in /nix/store/mclainmkyf9cv1nxhm6m30biywdf6n38-r-jds.rmd-0.3.3...
patching script interpreter paths in /nix/store/mclainmkyf9cv1nxhm6m30biywdf6n38-r-jds.rmd-0.3.3
rewriting symlink /nix/store/mclainmkyf9cv1nxhm6m30biywdf6n38-r-jds.rmd-0.3.3/nix-support/propagated-user-env-packages to be relative to /nix/store/mclainmkyf9cv1nxhm6m30biywdf6n38-r-jds.rmd-0.3.3
