this derivation will be built:
  /nix/store/ns55app7zjdf02qm2rvrxlz865n99q2n-r-toolmaRk-0.0.1.drv
this path will be fetched (0.32 MiB download, 0.32 MiB unpacked):
  /nix/store/vmrm2a6c2ymcg9df2sff55xsai3i90vp-toolmaRk_0.0.1.tar.gz
copying path '/nix/store/vmrm2a6c2ymcg9df2sff55xsai3i90vp-toolmaRk_0.0.1.tar.gz' from 'https://cache.nixos.org'...
building '/nix/store/ns55app7zjdf02qm2rvrxlz865n99q2n-r-toolmaRk-0.0.1.drv'...
Running phase: unpackPhase
unpacking source archive /nix/store/vmrm2a6c2ymcg9df2sff55xsai3i90vp-toolmaRk_0.0.1.tar.gz
source root is toolmaRk
setting SOURCE_DATE_EPOCH to timestamp 1516099065 of file toolmaRk/MD5
Running phase: patchPhase
Running phase: updateAutotoolsGnuConfigScriptsPhase
Running phase: configurePhase
Running phase: buildPhase
Running phase: checkPhase
Running phase: installPhase
* installing *source* package ‘toolmaRk’ ...
** package ‘toolmaRk’ correctement décompressé et sommes MD5 vérifiées
** using staged installation
** R
** data
*** moving datasets to lazyload DB
** byte-compile and prepare package for lazy loading
** help
*** installing help indices
** building package indices
** testing if installed package can be loaded from temporary location
** testing if installed package can be loaded from final location
** testing if installed package keeps a record of temporary installation path
* DONE (toolmaRk)
Running phase: fixupPhase
checking for references to /private/tmp/nix-build-r-toolmaRk-0.0.1.drv-0/ in /nix/store/gv96kvwrkxhbpbd7adrhp8glql6dyq9j-r-toolmaRk-0.0.1...
patching script interpreter paths in /nix/store/gv96kvwrkxhbpbd7adrhp8glql6dyq9j-r-toolmaRk-0.0.1
rewriting symlink /nix/store/gv96kvwrkxhbpbd7adrhp8glql6dyq9j-r-toolmaRk-0.0.1/nix-support/propagated-user-env-packages to be relative to /nix/store/gv96kvwrkxhbpbd7adrhp8glql6dyq9j-r-toolmaRk-0.0.1
