this derivation will be built:
  /nix/store/ahlg7i47vshb8j0yqybc27r2xfvpm4zj-r-TNRS-0.3.6.drv
this path will be fetched (0.08 MiB download, 0.08 MiB unpacked):
  /nix/store/4dmc9z3fzck0q01mxssq72hhv7c2dk95-TNRS_0.3.6.tar.gz
copying path '/nix/store/4dmc9z3fzck0q01mxssq72hhv7c2dk95-TNRS_0.3.6.tar.gz' from 'https://cache.nixos.org'...
building '/nix/store/ahlg7i47vshb8j0yqybc27r2xfvpm4zj-r-TNRS-0.3.6.drv'...
Running phase: unpackPhase
unpacking source archive /nix/store/4dmc9z3fzck0q01mxssq72hhv7c2dk95-TNRS_0.3.6.tar.gz
source root is TNRS
setting SOURCE_DATE_EPOCH to timestamp 1715566395 of file TNRS/MD5
Running phase: patchPhase
Running phase: updateAutotoolsGnuConfigScriptsPhase
Running phase: configurePhase
Running phase: buildPhase
Running phase: checkPhase
Running phase: installPhase
* installing *source* package ‘TNRS’ ...
** package ‘TNRS’ correctement décompressé et sommes MD5 vérifiées
** using staged installation
** R
** data
*** moving datasets to lazyload DB
** inst
** byte-compile and prepare package for lazy loading
** help
*** installing help indices
** building package indices
** installing vignettes
** testing if installed package can be loaded from temporary location
** testing if installed package can be loaded from final location
** testing if installed package keeps a record of temporary installation path
* DONE (TNRS)
Running phase: fixupPhase
checking for references to /private/tmp/nix-build-r-TNRS-0.3.6.drv-0/ in /nix/store/slcyr61izvfyasma68xyd1l14arvvpvc-r-TNRS-0.3.6...
patching script interpreter paths in /nix/store/slcyr61izvfyasma68xyd1l14arvvpvc-r-TNRS-0.3.6
rewriting symlink /nix/store/slcyr61izvfyasma68xyd1l14arvvpvc-r-TNRS-0.3.6/nix-support/propagated-user-env-packages to be relative to /nix/store/slcyr61izvfyasma68xyd1l14arvvpvc-r-TNRS-0.3.6
