this derivation will be built:
  /nix/store/nfkpjyy6gzsskwmv4j2jhg6zr784j53n-r-roger-1.5-1.drv
this path will be fetched (0.03 MiB download, 0.03 MiB unpacked):
  /nix/store/v3hij0vivcffr4sr0plsb6x2cvlq6g2f-roger_1.5-1.tar.gz
copying path '/nix/store/v3hij0vivcffr4sr0plsb6x2cvlq6g2f-roger_1.5-1.tar.gz' from 'https://cache.nixos.org'...
building '/nix/store/nfkpjyy6gzsskwmv4j2jhg6zr784j53n-r-roger-1.5-1.drv'...
Running phase: unpackPhase
unpacking source archive /nix/store/v3hij0vivcffr4sr0plsb6x2cvlq6g2f-roger_1.5-1.tar.gz
source root is roger
setting SOURCE_DATE_EPOCH to timestamp 1698121203 of file roger/MD5
Running phase: patchPhase
Running phase: updateAutotoolsGnuConfigScriptsPhase
Running phase: configurePhase
Running phase: buildPhase
Running phase: checkPhase
Running phase: installPhase
* installing *source* package ‘roger’ ...
** package ‘roger’ correctement décompressé et sommes MD5 vérifiées
** using staged installation
** R
** inst
** byte-compile and prepare package for lazy loading
** help
*** installing help indices
** building package indices
** testing if installed package can be loaded from temporary location
** testing if installed package can be loaded from final location
** testing if installed package keeps a record of temporary installation path
* DONE (roger)
Running phase: fixupPhase
checking for references to /private/tmp/nix-build-r-roger-1.5-1.drv-0/ in /nix/store/5xqnyxvsq486f3fbb02iwg290nh0pvgs-r-roger-1.5-1...
patching script interpreter paths in /nix/store/5xqnyxvsq486f3fbb02iwg290nh0pvgs-r-roger-1.5-1
