these 2 derivations will be built:
  /nix/store/l253za67ahg3xx52kyzfx6jxw4j4mpp9-hbamr_2.3.2.tar.gz.drv
  /nix/store/gpwxn4jnadyic1dgxfzsfg5bv8a54mq2-r-hbamr-2.3.2.drv
building '/nix/store/l253za67ahg3xx52kyzfx6jxw4j4mpp9-hbamr_2.3.2.tar.gz.drv'...

trying https://cran.r-project.org/src/contrib/hbamr_2.3.2.tar.gz
  % Total    % Received % Xferd  Average Speed   Time    Time     Time  Current
                                 Dload  Upload   Total   Spent    Left  Speed
100  655k  100  655k    0     0  1842k      0 --:--:-- --:--:-- --:--:-- 1846k
building '/nix/store/gpwxn4jnadyic1dgxfzsfg5bv8a54mq2-r-hbamr-2.3.2.drv'...
Running phase: unpackPhase
unpacking source archive /nix/store/066afy39wqkfjah2mqyz9353cwh3pwkc-hbamr_2.3.2.tar.gz
source root is hbamr
setting SOURCE_DATE_EPOCH to timestamp 1727094007 of file hbamr/MD5
Running phase: patchPhase
Running phase: updateAutotoolsGnuConfigScriptsPhase
Running phase: configurePhase
Running phase: buildPhase
Running phase: checkPhase
Running phase: installPhase
* installing *source* package ‘hbamr’ ...
** package ‘hbamr’ correctement décompressé et sommes MD5 vérifiées
** using staged installation
** libs
using C++ compiler: ‘clang version 16.0.6’
using C++17
using SDK: ‘’


/nix/store/v39c0h6xv6hvki2k1bsyp5n090q8y2bp-clang-wrapper-16.0.6/bin/c++ -std=gnu++17 -I"/nix/store/lir8rmsk7dxbj7v1spqmv69z4mafg16l-R-4.4.2/lib/R/include" -DNDEBUG -I"../inst/include" -I"/nix/store/b50zcqfh41vjv73m6w30ccs2zs05hgxy-r-StanHeaders-2.32.10/library/StanHeaders/include/src" -DBOOST_DISABLE_ASSERTS -DEIGEN_NO_DEBUG -DBOOST_MATH_OVERFLOW_ERROR_POLICY=errno_on_error -DUSE_STANC3 -D_HAS_AUTO_PTR_ETC=0 -I'/nix/store/k3y4927612y2lxd8d04hhvx801x9zc8y-r-BH-1.84.0-0/library/BH/include' -I'/nix/store/da7yi2xf3argx9hlnn3f0k95b8y1yx2l-r-Rcpp-1.0.13-1/library/Rcpp/include' -I'/nix/store/rnnw6rgkd98vplpryvk019w9yxx64gnw-r-RcppEigen-0.3.4.0.2/library/RcppEigen/include' -I'/nix/store/hcy2j5h598wrllhahyda4wgs43s3fybd-r-RcppParallel-5.1.9/library/RcppParallel/include' -I'/nix/store/gfma5bb11p8p393nrshp1b5c39jy4mvx-r-rstan-2.32.6/library/rstan/include' -I'/nix/store/b50zcqfh41vjv73m6w30ccs2zs05hgxy-r-StanHeaders-2.32.10/library/StanHeaders/include' -isystem /nix/store/0mmz5i705116bfykc7i1r9jxqwyghj2a-libcxx-16.0.6-dev/include/c++/v1    -I'/nix/store/hcy2j5h598wrllhahyda4wgs43s3fybd-r-RcppParallel-5.1.9/library/RcppParallel/include' -D_REENTRANT -DSTAN_THREADS   -fPIC  -g -O2   -c RcppExports.cpp -o RcppExports.o


/nix/store/v39c0h6xv6hvki2k1bsyp5n090q8y2bp-clang-wrapper-16.0.6/bin/c++ -std=gnu++17 -I"/nix/store/lir8rmsk7dxbj7v1spqmv69z4mafg16l-R-4.4.2/lib/R/include" -DNDEBUG -I"../inst/include" -I"/nix/store/b50zcqfh41vjv73m6w30ccs2zs05hgxy-r-StanHeaders-2.32.10/library/StanHeaders/include/src" -DBOOST_DISABLE_ASSERTS -DEIGEN_NO_DEBUG -DBOOST_MATH_OVERFLOW_ERROR_POLICY=errno_on_error -DUSE_STANC3 -D_HAS_AUTO_PTR_ETC=0 -I'/nix/store/k3y4927612y2lxd8d04hhvx801x9zc8y-r-BH-1.84.0-0/library/BH/include' -I'/nix/store/da7yi2xf3argx9hlnn3f0k95b8y1yx2l-r-Rcpp-1.0.13-1/library/Rcpp/include' -I'/nix/store/rnnw6rgkd98vplpryvk019w9yxx64gnw-r-RcppEigen-0.3.4.0.2/library/RcppEigen/include' -I'/nix/store/hcy2j5h598wrllhahyda4wgs43s3fybd-r-RcppParallel-5.1.9/library/RcppParallel/include' -I'/nix/store/gfma5bb11p8p393nrshp1b5c39jy4mvx-r-rstan-2.32.6/library/rstan/include' -I'/nix/store/b50zcqfh41vjv73m6w30ccs2zs05hgxy-r-StanHeaders-2.32.10/library/StanHeaders/include' -isystem /nix/store/0mmz5i705116bfykc7i1r9jxqwyghj2a-libcxx-16.0.6-dev/include/c++/v1    -I'/nix/store/hcy2j5h598wrllhahyda4wgs43s3fybd-r-RcppParallel-5.1.9/library/RcppParallel/include' -D_REENTRANT -DSTAN_THREADS   -fPIC  -g -O2   -c stanExports_BAM.cc -o stanExports_BAM.o


/nix/store/v39c0h6xv6hvki2k1bsyp5n090q8y2bp-clang-wrapper-16.0.6/bin/c++ -std=gnu++17 -I"/nix/store/lir8rmsk7dxbj7v1spqmv69z4mafg16l-R-4.4.2/lib/R/include" -DNDEBUG -I"../inst/include" -I"/nix/store/b50zcqfh41vjv73m6w30ccs2zs05hgxy-r-StanHeaders-2.32.10/library/StanHeaders/include/src" -DBOOST_DISABLE_ASSERTS -DEIGEN_NO_DEBUG -DBOOST_MATH_OVERFLOW_ERROR_POLICY=errno_on_error -DUSE_STANC3 -D_HAS_AUTO_PTR_ETC=0 -I'/nix/store/k3y4927612y2lxd8d04hhvx801x9zc8y-r-BH-1.84.0-0/library/BH/include' -I'/nix/store/da7yi2xf3argx9hlnn3f0k95b8y1yx2l-r-Rcpp-1.0.13-1/library/Rcpp/include' -I'/nix/store/rnnw6rgkd98vplpryvk019w9yxx64gnw-r-RcppEigen-0.3.4.0.2/library/RcppEigen/include' -I'/nix/store/hcy2j5h598wrllhahyda4wgs43s3fybd-r-RcppParallel-5.1.9/library/RcppParallel/include' -I'/nix/store/gfma5bb11p8p393nrshp1b5c39jy4mvx-r-rstan-2.32.6/library/rstan/include' -I'/nix/store/b50zcqfh41vjv73m6w30ccs2zs05hgxy-r-StanHeaders-2.32.10/library/StanHeaders/include' -isystem /nix/store/0mmz5i705116bfykc7i1r9jxqwyghj2a-libcxx-16.0.6-dev/include/c++/v1    -I'/nix/store/hcy2j5h598wrllhahyda4wgs43s3fybd-r-RcppParallel-5.1.9/library/RcppParallel/include' -D_REENTRANT -DSTAN_THREADS   -fPIC  -g -O2   -c stanExports_FBAM.cc -o stanExports_FBAM.o


/nix/store/v39c0h6xv6hvki2k1bsyp5n090q8y2bp-clang-wrapper-16.0.6/bin/c++ -std=gnu++17 -I"/nix/store/lir8rmsk7dxbj7v1spqmv69z4mafg16l-R-4.4.2/lib/R/include" -DNDEBUG -I"../inst/include" -I"/nix/store/b50zcqfh41vjv73m6w30ccs2zs05hgxy-r-StanHeaders-2.32.10/library/StanHeaders/include/src" -DBOOST_DISABLE_ASSERTS -DEIGEN_NO_DEBUG -DBOOST_MATH_OVERFLOW_ERROR_POLICY=errno_on_error -DUSE_STANC3 -D_HAS_AUTO_PTR_ETC=0 -I'/nix/store/k3y4927612y2lxd8d04hhvx801x9zc8y-r-BH-1.84.0-0/library/BH/include' -I'/nix/store/da7yi2xf3argx9hlnn3f0k95b8y1yx2l-r-Rcpp-1.0.13-1/library/Rcpp/include' -I'/nix/store/rnnw6rgkd98vplpryvk019w9yxx64gnw-r-RcppEigen-0.3.4.0.2/library/RcppEigen/include' -I'/nix/store/hcy2j5h598wrllhahyda4wgs43s3fybd-r-RcppParallel-5.1.9/library/RcppParallel/include' -I'/nix/store/gfma5bb11p8p393nrshp1b5c39jy4mvx-r-rstan-2.32.6/library/rstan/include' -I'/nix/store/b50zcqfh41vjv73m6w30ccs2zs05hgxy-r-StanHeaders-2.32.10/library/StanHeaders/include' -isystem /nix/store/0mmz5i705116bfykc7i1r9jxqwyghj2a-libcxx-16.0.6-dev/include/c++/v1    -I'/nix/store/hcy2j5h598wrllhahyda4wgs43s3fybd-r-RcppParallel-5.1.9/library/RcppParallel/include' -D_REENTRANT -DSTAN_THREADS   -fPIC  -g -O2   -c stanExports_FBAM_MULTI.cc -o stanExports_FBAM_MULTI.o


/nix/store/v39c0h6xv6hvki2k1bsyp5n090q8y2bp-clang-wrapper-16.0.6/bin/c++ -std=gnu++17 -I"/nix/store/lir8rmsk7dxbj7v1spqmv69z4mafg16l-R-4.4.2/lib/R/include" -DNDEBUG -I"../inst/include" -I"/nix/store/b50zcqfh41vjv73m6w30ccs2zs05hgxy-r-StanHeaders-2.32.10/library/StanHeaders/include/src" -DBOOST_DISABLE_ASSERTS -DEIGEN_NO_DEBUG -DBOOST_MATH_OVERFLOW_ERROR_POLICY=errno_on_error -DUSE_STANC3 -D_HAS_AUTO_PTR_ETC=0 -I'/nix/store/k3y4927612y2lxd8d04hhvx801x9zc8y-r-BH-1.84.0-0/library/BH/include' -I'/nix/store/da7yi2xf3argx9hlnn3f0k95b8y1yx2l-r-Rcpp-1.0.13-1/library/Rcpp/include' -I'/nix/store/rnnw6rgkd98vplpryvk019w9yxx64gnw-r-RcppEigen-0.3.4.0.2/library/RcppEigen/include' -I'/nix/store/hcy2j5h598wrllhahyda4wgs43s3fybd-r-RcppParallel-5.1.9/library/RcppParallel/include' -I'/nix/store/gfma5bb11p8p393nrshp1b5c39jy4mvx-r-rstan-2.32.6/library/rstan/include' -I'/nix/store/b50zcqfh41vjv73m6w30ccs2zs05hgxy-r-StanHeaders-2.32.10/library/StanHeaders/include' -isystem /nix/store/0mmz5i705116bfykc7i1r9jxqwyghj2a-libcxx-16.0.6-dev/include/c++/v1    -I'/nix/store/hcy2j5h598wrllhahyda4wgs43s3fybd-r-RcppParallel-5.1.9/library/RcppParallel/include' -D_REENTRANT -DSTAN_THREADS   -fPIC  -g -O2   -c stanExports_FBAM_MULTI_NF.cc -o stanExports_FBAM_MULTI_NF.o


/nix/store/v39c0h6xv6hvki2k1bsyp5n090q8y2bp-clang-wrapper-16.0.6/bin/c++ -std=gnu++17 -I"/nix/store/lir8rmsk7dxbj7v1spqmv69z4mafg16l-R-4.4.2/lib/R/include" -DNDEBUG -I"../inst/include" -I"/nix/store/b50zcqfh41vjv73m6w30ccs2zs05hgxy-r-StanHeaders-2.32.10/library/StanHeaders/include/src" -DBOOST_DISABLE_ASSERTS -DEIGEN_NO_DEBUG -DBOOST_MATH_OVERFLOW_ERROR_POLICY=errno_on_error -DUSE_STANC3 -D_HAS_AUTO_PTR_ETC=0 -I'/nix/store/k3y4927612y2lxd8d04hhvx801x9zc8y-r-BH-1.84.0-0/library/BH/include' -I'/nix/store/da7yi2xf3argx9hlnn3f0k95b8y1yx2l-r-Rcpp-1.0.13-1/library/Rcpp/include' -I'/nix/store/rnnw6rgkd98vplpryvk019w9yxx64gnw-r-RcppEigen-0.3.4.0.2/library/RcppEigen/include' -I'/nix/store/hcy2j5h598wrllhahyda4wgs43s3fybd-r-RcppParallel-5.1.9/library/RcppParallel/include' -I'/nix/store/gfma5bb11p8p393nrshp1b5c39jy4mvx-r-rstan-2.32.6/library/rstan/include' -I'/nix/store/b50zcqfh41vjv73m6w30ccs2zs05hgxy-r-StanHeaders-2.32.10/library/StanHeaders/include' -isystem /nix/store/0mmz5i705116bfykc7i1r9jxqwyghj2a-libcxx-16.0.6-dev/include/c++/v1    -I'/nix/store/hcy2j5h598wrllhahyda4wgs43s3fybd-r-RcppParallel-5.1.9/library/RcppParallel/include' -D_REENTRANT -DSTAN_THREADS   -fPIC  -g -O2   -c stanExports_HBAM.cc -o stanExports_HBAM.o


/nix/store/v39c0h6xv6hvki2k1bsyp5n090q8y2bp-clang-wrapper-16.0.6/bin/c++ -std=gnu++17 -I"/nix/store/lir8rmsk7dxbj7v1spqmv69z4mafg16l-R-4.4.2/lib/R/include" -DNDEBUG -I"../inst/include" -I"/nix/store/b50zcqfh41vjv73m6w30ccs2zs05hgxy-r-StanHeaders-2.32.10/library/StanHeaders/include/src" -DBOOST_DISABLE_ASSERTS -DEIGEN_NO_DEBUG -DBOOST_MATH_OVERFLOW_ERROR_POLICY=errno_on_error -DUSE_STANC3 -D_HAS_AUTO_PTR_ETC=0 -I'/nix/store/k3y4927612y2lxd8d04hhvx801x9zc8y-r-BH-1.84.0-0/library/BH/include' -I'/nix/store/da7yi2xf3argx9hlnn3f0k95b8y1yx2l-r-Rcpp-1.0.13-1/library/Rcpp/include' -I'/nix/store/rnnw6rgkd98vplpryvk019w9yxx64gnw-r-RcppEigen-0.3.4.0.2/library/RcppEigen/include' -I'/nix/store/hcy2j5h598wrllhahyda4wgs43s3fybd-r-RcppParallel-5.1.9/library/RcppParallel/include' -I'/nix/store/gfma5bb11p8p393nrshp1b5c39jy4mvx-r-rstan-2.32.6/library/rstan/include' -I'/nix/store/b50zcqfh41vjv73m6w30ccs2zs05hgxy-r-StanHeaders-2.32.10/library/StanHeaders/include' -isystem /nix/store/0mmz5i705116bfykc7i1r9jxqwyghj2a-libcxx-16.0.6-dev/include/c++/v1    -I'/nix/store/hcy2j5h598wrllhahyda4wgs43s3fybd-r-RcppParallel-5.1.9/library/RcppParallel/include' -D_REENTRANT -DSTAN_THREADS   -fPIC  -g -O2   -c stanExports_HBAM_MINI.cc -o stanExports_HBAM_MINI.o


/nix/store/v39c0h6xv6hvki2k1bsyp5n090q8y2bp-clang-wrapper-16.0.6/bin/c++ -std=gnu++17 -I"/nix/store/lir8rmsk7dxbj7v1spqmv69z4mafg16l-R-4.4.2/lib/R/include" -DNDEBUG -I"../inst/include" -I"/nix/store/b50zcqfh41vjv73m6w30ccs2zs05hgxy-r-StanHeaders-2.32.10/library/StanHeaders/include/src" -DBOOST_DISABLE_ASSERTS -DEIGEN_NO_DEBUG -DBOOST_MATH_OVERFLOW_ERROR_POLICY=errno_on_error -DUSE_STANC3 -D_HAS_AUTO_PTR_ETC=0 -I'/nix/store/k3y4927612y2lxd8d04hhvx801x9zc8y-r-BH-1.84.0-0/library/BH/include' -I'/nix/store/da7yi2xf3argx9hlnn3f0k95b8y1yx2l-r-Rcpp-1.0.13-1/library/Rcpp/include' -I'/nix/store/rnnw6rgkd98vplpryvk019w9yxx64gnw-r-RcppEigen-0.3.4.0.2/library/RcppEigen/include' -I'/nix/store/hcy2j5h598wrllhahyda4wgs43s3fybd-r-RcppParallel-5.1.9/library/RcppParallel/include' -I'/nix/store/gfma5bb11p8p393nrshp1b5c39jy4mvx-r-rstan-2.32.6/library/rstan/include' -I'/nix/store/b50zcqfh41vjv73m6w30ccs2zs05hgxy-r-StanHeaders-2.32.10/library/StanHeaders/include' -isystem /nix/store/0mmz5i705116bfykc7i1r9jxqwyghj2a-libcxx-16.0.6-dev/include/c++/v1    -I'/nix/store/hcy2j5h598wrllhahyda4wgs43s3fybd-r-RcppParallel-5.1.9/library/RcppParallel/include' -D_REENTRANT -DSTAN_THREADS   -fPIC  -g -O2   -c stanExports_HBAM_MULTI.cc -o stanExports_HBAM_MULTI.o


/nix/store/v39c0h6xv6hvki2k1bsyp5n090q8y2bp-clang-wrapper-16.0.6/bin/c++ -std=gnu++17 -I"/nix/store/lir8rmsk7dxbj7v1spqmv69z4mafg16l-R-4.4.2/lib/R/include" -DNDEBUG -I"../inst/include" -I"/nix/store/b50zcqfh41vjv73m6w30ccs2zs05hgxy-r-StanHeaders-2.32.10/library/StanHeaders/include/src" -DBOOST_DISABLE_ASSERTS -DEIGEN_NO_DEBUG -DBOOST_MATH_OVERFLOW_ERROR_POLICY=errno_on_error -DUSE_STANC3 -D_HAS_AUTO_PTR_ETC=0 -I'/nix/store/k3y4927612y2lxd8d04hhvx801x9zc8y-r-BH-1.84.0-0/library/BH/include' -I'/nix/store/da7yi2xf3argx9hlnn3f0k95b8y1yx2l-r-Rcpp-1.0.13-1/library/Rcpp/include' -I'/nix/store/rnnw6rgkd98vplpryvk019w9yxx64gnw-r-RcppEigen-0.3.4.0.2/library/RcppEigen/include' -I'/nix/store/hcy2j5h598wrllhahyda4wgs43s3fybd-r-RcppParallel-5.1.9/library/RcppParallel/include' -I'/nix/store/gfma5bb11p8p393nrshp1b5c39jy4mvx-r-rstan-2.32.6/library/rstan/include' -I'/nix/store/b50zcqfh41vjv73m6w30ccs2zs05hgxy-r-StanHeaders-2.32.10/library/StanHeaders/include' -isystem /nix/store/0mmz5i705116bfykc7i1r9jxqwyghj2a-libcxx-16.0.6-dev/include/c++/v1    -I'/nix/store/hcy2j5h598wrllhahyda4wgs43s3fybd-r-RcppParallel-5.1.9/library/RcppParallel/include' -D_REENTRANT -DSTAN_THREADS   -fPIC  -g -O2   -c stanExports_HBAM_MULTI_NF.cc -o stanExports_HBAM_MULTI_NF.o


/nix/store/v39c0h6xv6hvki2k1bsyp5n090q8y2bp-clang-wrapper-16.0.6/bin/c++ -std=gnu++17 -I"/nix/store/lir8rmsk7dxbj7v1spqmv69z4mafg16l-R-4.4.2/lib/R/include" -DNDEBUG -I"../inst/include" -I"/nix/store/b50zcqfh41vjv73m6w30ccs2zs05hgxy-r-StanHeaders-2.32.10/library/StanHeaders/include/src" -DBOOST_DISABLE_ASSERTS -DEIGEN_NO_DEBUG -DBOOST_MATH_OVERFLOW_ERROR_POLICY=errno_on_error -DUSE_STANC3 -D_HAS_AUTO_PTR_ETC=0 -I'/nix/store/k3y4927612y2lxd8d04hhvx801x9zc8y-r-BH-1.84.0-0/library/BH/include' -I'/nix/store/da7yi2xf3argx9hlnn3f0k95b8y1yx2l-r-Rcpp-1.0.13-1/library/Rcpp/include' -I'/nix/store/rnnw6rgkd98vplpryvk019w9yxx64gnw-r-RcppEigen-0.3.4.0.2/library/RcppEigen/include' -I'/nix/store/hcy2j5h598wrllhahyda4wgs43s3fybd-r-RcppParallel-5.1.9/library/RcppParallel/include' -I'/nix/store/gfma5bb11p8p393nrshp1b5c39jy4mvx-r-rstan-2.32.6/library/rstan/include' -I'/nix/store/b50zcqfh41vjv73m6w30ccs2zs05hgxy-r-StanHeaders-2.32.10/library/StanHeaders/include' -isystem /nix/store/0mmz5i705116bfykc7i1r9jxqwyghj2a-libcxx-16.0.6-dev/include/c++/v1    -I'/nix/store/hcy2j5h598wrllhahyda4wgs43s3fybd-r-RcppParallel-5.1.9/library/RcppParallel/include' -D_REENTRANT -DSTAN_THREADS   -fPIC  -g -O2   -c stanExports_HBAM_NF.cc -o stanExports_HBAM_NF.o


/nix/store/v39c0h6xv6hvki2k1bsyp5n090q8y2bp-clang-wrapper-16.0.6/bin/c++ -std=gnu++17 -I"/nix/store/lir8rmsk7dxbj7v1spqmv69z4mafg16l-R-4.4.2/lib/R/include" -DNDEBUG -I"../inst/include" -I"/nix/store/b50zcqfh41vjv73m6w30ccs2zs05hgxy-r-StanHeaders-2.32.10/library/StanHeaders/include/src" -DBOOST_DISABLE_ASSERTS -DEIGEN_NO_DEBUG -DBOOST_MATH_OVERFLOW_ERROR_POLICY=errno_on_error -DUSE_STANC3 -D_HAS_AUTO_PTR_ETC=0 -I'/nix/store/k3y4927612y2lxd8d04hhvx801x9zc8y-r-BH-1.84.0-0/library/BH/include' -I'/nix/store/da7yi2xf3argx9hlnn3f0k95b8y1yx2l-r-Rcpp-1.0.13-1/library/Rcpp/include' -I'/nix/store/rnnw6rgkd98vplpryvk019w9yxx64gnw-r-RcppEigen-0.3.4.0.2/library/RcppEigen/include' -I'/nix/store/hcy2j5h598wrllhahyda4wgs43s3fybd-r-RcppParallel-5.1.9/library/RcppParallel/include' -I'/nix/store/gfma5bb11p8p393nrshp1b5c39jy4mvx-r-rstan-2.32.6/library/rstan/include' -I'/nix/store/b50zcqfh41vjv73m6w30ccs2zs05hgxy-r-StanHeaders-2.32.10/library/StanHeaders/include' -isystem /nix/store/0mmz5i705116bfykc7i1r9jxqwyghj2a-libcxx-16.0.6-dev/include/c++/v1    -I'/nix/store/hcy2j5h598wrllhahyda4wgs43s3fybd-r-RcppParallel-5.1.9/library/RcppParallel/include' -D_REENTRANT -DSTAN_THREADS   -fPIC  -g -O2   -c stanExports_HBAM_R_MINI.cc -o stanExports_HBAM_R_MINI.o
/nix/store/v39c0h6xv6hvki2k1bsyp5n090q8y2bp-clang-wrapper-16.0.6/bin/c++ -std=gnu++17 -dynamiclib -Wl,-headerpad_max_install_names -undefined dynamic_lookup -L/nix/store/lir8rmsk7dxbj7v1spqmv69z4mafg16l-R-4.4.2/lib/R/lib -L/nix/store/88xkgzh5g9xppsg3hdxxxh9q43rnxk6k-libcxx-16.0.6/lib -o hbamr.so RcppExports.o stanExports_BAM.o stanExports_FBAM.o stanExports_FBAM_MULTI.o stanExports_FBAM_MULTI_NF.o stanExports_HBAM.o stanExports_HBAM_MINI.o stanExports_HBAM_MULTI.o stanExports_HBAM_MULTI_NF.o stanExports_HBAM_NF.o stanExports_HBAM_R_MINI.o -L/nix/store/hcy2j5h598wrllhahyda4wgs43s3fybd-r-RcppParallel-5.1.9/library/RcppParallel/lib -ltbb -ltbbmalloc -L/nix/store/hcy2j5h598wrllhahyda4wgs43s3fybd-r-RcppParallel-5.1.9/library/RcppParallel/lib/ -Wl,-rpath,/nix/store/hcy2j5h598wrllhahyda4wgs43s3fybd-r-RcppParallel-5.1.9/library/RcppParallel/lib/ -ltbb -ltbbmalloc -L/nix/store/lir8rmsk7dxbj7v1spqmv69z4mafg16l-R-4.4.2/lib/R/lib -lR -lintl -Wl,-framework -Wl,CoreFoundation
installing to /nix/store/6adkgpbn5ch67gyrzxq2qbb7yjbyx9ai-r-hbamr-2.3.2/library/00LOCK-hbamr/00new/hbamr/libs
** R
** data
*** moving datasets to lazyload DB
** inst
** byte-compile and prepare package for lazy loading
** help
*** installing help indices
*** copying figures
** building package indices
** installing vignettes
** testing if installed package can be loaded from temporary location
** checking absolute paths in shared objects and dynamic libraries
** testing if installed package can be loaded from final location
** testing if installed package keeps a record of temporary installation path
* DONE (hbamr)
installPhase completed in 7 minutes 43 seconds
Running phase: fixupPhase
checking for references to /private/tmp/nix-build-r-hbamr-2.3.2.drv-0/ in /nix/store/6adkgpbn5ch67gyrzxq2qbb7yjbyx9ai-r-hbamr-2.3.2...
patching script interpreter paths in /nix/store/6adkgpbn5ch67gyrzxq2qbb7yjbyx9ai-r-hbamr-2.3.2
rewriting symlink /nix/store/6adkgpbn5ch67gyrzxq2qbb7yjbyx9ai-r-hbamr-2.3.2/nix-support/propagated-user-env-packages to be relative to /nix/store/6adkgpbn5ch67gyrzxq2qbb7yjbyx9ai-r-hbamr-2.3.2
