this derivation will be built:
  /nix/store/jgbnb4r2jp6baykn22d3z66y1kzgh9in-r-mosaicCalc-0.6.4.drv
this path will be fetched (1.98 MiB download, 1.98 MiB unpacked):
  /nix/store/3m18q4r4lqwlczd3q1snij4zm2sjgq3r-mosaicCalc_0.6.4.tar.gz
copying path '/nix/store/3m18q4r4lqwlczd3q1snij4zm2sjgq3r-mosaicCalc_0.6.4.tar.gz' from 'https://cache.nixos.org'...
building '/nix/store/jgbnb4r2jp6baykn22d3z66y1kzgh9in-r-mosaicCalc-0.6.4.drv'...
Running phase: unpackPhase
unpacking source archive /nix/store/3m18q4r4lqwlczd3q1snij4zm2sjgq3r-mosaicCalc_0.6.4.tar.gz
source root is mosaicCalc
setting SOURCE_DATE_EPOCH to timestamp 1722009002 of file mosaicCalc/MD5
Running phase: patchPhase
Running phase: updateAutotoolsGnuConfigScriptsPhase
Running phase: configurePhase
Running phase: buildPhase
Running phase: checkPhase
Running phase: installPhase
* installing *source* package ‘mosaicCalc’ ...
** package ‘mosaicCalc’ correctement décompressé et sommes MD5 vérifiées
** using staged installation
** R
** data
*** moving datasets to lazyload DB
** inst
** byte-compile and prepare package for lazy loading
** help
*** installing help indices
** building package indices
** installing vignettes
** testing if installed package can be loaded from temporary location
** testing if installed package can be loaded from final location
** testing if installed package keeps a record of temporary installation path
* DONE (mosaicCalc)
Running phase: fixupPhase
checking for references to /private/tmp/nix-build-r-mosaicCalc-0.6.4.drv-0/ in /nix/store/jdvax9rgfrlsb01g3z36y8cyrphbawgn-r-mosaicCalc-0.6.4...
patching script interpreter paths in /nix/store/jdvax9rgfrlsb01g3z36y8cyrphbawgn-r-mosaicCalc-0.6.4
rewriting symlink /nix/store/jdvax9rgfrlsb01g3z36y8cyrphbawgn-r-mosaicCalc-0.6.4/nix-support/propagated-user-env-packages to be relative to /nix/store/jdvax9rgfrlsb01g3z36y8cyrphbawgn-r-mosaicCalc-0.6.4
