these 2 derivations will be built:
  /nix/store/gznmjrywllgx523n6zn7w9gxrv25503i-PHeval_1.1.tar.gz.drv
  /nix/store/qm844mqzs3c62ccpsxpvgng7kiypnmp4-r-PHeval-1.1.drv
building '/nix/store/gznmjrywllgx523n6zn7w9gxrv25503i-PHeval_1.1.tar.gz.drv'...

trying https://cran.r-project.org/src/contrib/PHeval_1.1.tar.gz
  % Total    % Received % Xferd  Average Speed   Time    Time     Time  Current
                                 Dload  Upload   Total   Spent    Left  Speed
100  7470  100  7470    0     0  87899      0 --:--:-- --:--:-- --:--:-- 88928
building '/nix/store/qm844mqzs3c62ccpsxpvgng7kiypnmp4-r-PHeval-1.1.drv'...
Running phase: unpackPhase
unpacking source archive /nix/store/x07174zpmfp1hynjnkdml3vz989z40p3-PHeval_1.1.tar.gz
source root is PHeval
setting SOURCE_DATE_EPOCH to timestamp 1725288003 of file PHeval/MD5
Running phase: patchPhase
Running phase: updateAutotoolsGnuConfigScriptsPhase
Running phase: configurePhase
Running phase: buildPhase
Running phase: checkPhase
Running phase: installPhase
* installing *source* package ‘PHeval’ ...
** package ‘PHeval’ correctement décompressé et sommes MD5 vérifiées
** using staged installation
** R
** byte-compile and prepare package for lazy loading
** help
*** installing help indices
** building package indices
** testing if installed package can be loaded from temporary location
** testing if installed package can be loaded from final location
** testing if installed package keeps a record of temporary installation path
* DONE (PHeval)
Running phase: fixupPhase
checking for references to /private/tmp/nix-build-r-PHeval-1.1.drv-0/ in /nix/store/xvjrn0ibaj6zzwwwv9h2d26qvfw87ycl-r-PHeval-1.1...
patching script interpreter paths in /nix/store/xvjrn0ibaj6zzwwwv9h2d26qvfw87ycl-r-PHeval-1.1
rewriting symlink /nix/store/xvjrn0ibaj6zzwwwv9h2d26qvfw87ycl-r-PHeval-1.1/nix-support/propagated-user-env-packages to be relative to /nix/store/xvjrn0ibaj6zzwwwv9h2d26qvfw87ycl-r-PHeval-1.1
