this derivation will be built:
  /nix/store/d95nhbs1rdy1q0vk82rvc9700y1gpdfl-r-ndi-0.1.5.drv
this path will be fetched (0.98 MiB download, 0.98 MiB unpacked):
  /nix/store/nakfqy4im78fxx84cx610d99rjpjli9w-ndi_0.1.5.tar.gz
copying path '/nix/store/nakfqy4im78fxx84cx610d99rjpjli9w-ndi_0.1.5.tar.gz' from 'https://cache.nixos.org'...
building '/nix/store/d95nhbs1rdy1q0vk82rvc9700y1gpdfl-r-ndi-0.1.5.drv'...
Running phase: unpackPhase
unpacking source archive /nix/store/nakfqy4im78fxx84cx610d99rjpjli9w-ndi_0.1.5.tar.gz
source root is ndi
setting SOURCE_DATE_EPOCH to timestamp 1706037607 of file ndi/MD5
Running phase: patchPhase
Running phase: updateAutotoolsGnuConfigScriptsPhase
Running phase: configurePhase
Running phase: buildPhase
Running phase: checkPhase
Running phase: installPhase
* installing *source* package ‘ndi’ ...
** package ‘ndi’ correctement décompressé et sommes MD5 vérifiées
** using staged installation
** R
** data
*** moving datasets to lazyload DB
** inst
** byte-compile and prepare package for lazy loading
** help
*** installing help indices
** building package indices
** installing vignettes
** testing if installed package can be loaded from temporary location
** testing if installed package can be loaded from final location
** testing if installed package keeps a record of temporary installation path
* DONE (ndi)
Running phase: fixupPhase
checking for references to /private/tmp/nix-build-r-ndi-0.1.5.drv-0/ in /nix/store/gy7gpq41i2v03zbvv3wsva2iv7vb926r-r-ndi-0.1.5...
patching script interpreter paths in /nix/store/gy7gpq41i2v03zbvv3wsva2iv7vb926r-r-ndi-0.1.5
rewriting symlink /nix/store/gy7gpq41i2v03zbvv3wsva2iv7vb926r-r-ndi-0.1.5/nix-support/propagated-user-env-packages to be relative to /nix/store/gy7gpq41i2v03zbvv3wsva2iv7vb926r-r-ndi-0.1.5
