this derivation will be built:
  /nix/store/n8zhnj20yndghdl22q0m46l97qhbypil-r-relgam-1.0.drv
this path will be fetched (0.21 MiB download, 0.21 MiB unpacked):
  /nix/store/bbgs9nghv6g5s9my00sdcw5h7gr314dm-relgam_1.0.tar.gz
copying path '/nix/store/bbgs9nghv6g5s9my00sdcw5h7gr314dm-relgam_1.0.tar.gz' from 'https://cache.nixos.org'...
building '/nix/store/n8zhnj20yndghdl22q0m46l97qhbypil-r-relgam-1.0.drv'...
Running phase: unpackPhase
unpacking source archive /nix/store/bbgs9nghv6g5s9my00sdcw5h7gr314dm-relgam_1.0.tar.gz
source root is relgam
setting SOURCE_DATE_EPOCH to timestamp 1578931802 of file relgam/MD5
Running phase: patchPhase
Running phase: updateAutotoolsGnuConfigScriptsPhase
Running phase: configurePhase
Running phase: buildPhase
Running phase: checkPhase
Running phase: installPhase
* installing *source* package ‘relgam’ ...
** package ‘relgam’ correctement décompressé et sommes MD5 vérifiées
** using staged installation
** R
** inst
** byte-compile and prepare package for lazy loading
** help
*** installing help indices
** building package indices
** installing vignettes
** testing if installed package can be loaded from temporary location
** testing if installed package can be loaded from final location
** testing if installed package keeps a record of temporary installation path
* DONE (relgam)
Running phase: fixupPhase
checking for references to /private/tmp/nix-build-r-relgam-1.0.drv-0/ in /nix/store/0qr6r20q1zy6hj511ya6pl4rr7krsy5y-r-relgam-1.0...
patching script interpreter paths in /nix/store/0qr6r20q1zy6hj511ya6pl4rr7krsy5y-r-relgam-1.0
rewriting symlink /nix/store/0qr6r20q1zy6hj511ya6pl4rr7krsy5y-r-relgam-1.0/nix-support/propagated-user-env-packages to be relative to /nix/store/0qr6r20q1zy6hj511ya6pl4rr7krsy5y-r-relgam-1.0
