this derivation will be built:
  /nix/store/qnkrjs2vjkhpks9zxday0f1dig0h1xzd-r-NPMLEcmprsk-3.0.drv
this path will be fetched (0.00 MiB download, 0.00 MiB unpacked):
  /nix/store/grr20aaj6ncafv603vv7xqfz2wpxljh9-NPMLEcmprsk_3.0.tar.gz
copying path '/nix/store/grr20aaj6ncafv603vv7xqfz2wpxljh9-NPMLEcmprsk_3.0.tar.gz' from 'https://cache.nixos.org'...
building '/nix/store/qnkrjs2vjkhpks9zxday0f1dig0h1xzd-r-NPMLEcmprsk-3.0.drv'...
Running phase: unpackPhase
unpacking source archive /nix/store/grr20aaj6ncafv603vv7xqfz2wpxljh9-NPMLEcmprsk_3.0.tar.gz
source root is NPMLEcmprsk
setting SOURCE_DATE_EPOCH to timestamp 1533280202 of file NPMLEcmprsk/MD5
Running phase: patchPhase
Running phase: updateAutotoolsGnuConfigScriptsPhase
Running phase: configurePhase
Running phase: buildPhase
Running phase: checkPhase
Running phase: installPhase
* installing *source* package ‘NPMLEcmprsk’ ...
** package ‘NPMLEcmprsk’ correctement décompressé et sommes MD5 vérifiées
** using staged installation
** R
** byte-compile and prepare package for lazy loading
** help
*** installing help indices
** building package indices
** testing if installed package can be loaded from temporary location
** testing if installed package can be loaded from final location
** testing if installed package keeps a record of temporary installation path
* DONE (NPMLEcmprsk)
Running phase: fixupPhase
checking for references to /private/tmp/nix-build-r-NPMLEcmprsk-3.0.drv-0/ in /nix/store/9p86mcaz0hp1f6viwrnnjcqj0s06dqfr-r-NPMLEcmprsk-3.0...
patching script interpreter paths in /nix/store/9p86mcaz0hp1f6viwrnnjcqj0s06dqfr-r-NPMLEcmprsk-3.0
