this derivation will be built:
  /nix/store/znplvclp5s828c1nrmc4ls9ipczg7d35-r-verbaliseR-0.1.drv
this path will be fetched (0.13 MiB download, 0.13 MiB unpacked):
  /nix/store/8h50gqymy7627agj7ck0d3xwsgbfk4i0-verbaliseR_0.1.tar.gz
copying path '/nix/store/8h50gqymy7627agj7ck0d3xwsgbfk4i0-verbaliseR_0.1.tar.gz' from 'https://cache.nixos.org'...
building '/nix/store/znplvclp5s828c1nrmc4ls9ipczg7d35-r-verbaliseR-0.1.drv'...
Running phase: unpackPhase
unpacking source archive /nix/store/8h50gqymy7627agj7ck0d3xwsgbfk4i0-verbaliseR_0.1.tar.gz
source root is verbaliseR
setting SOURCE_DATE_EPOCH to timestamp 1663750202 of file verbaliseR/MD5
Running phase: patchPhase
Running phase: updateAutotoolsGnuConfigScriptsPhase
Running phase: configurePhase
Running phase: buildPhase
Running phase: checkPhase
Running phase: installPhase
* installing *source* package ‘verbaliseR’ ...
** package ‘verbaliseR’ correctement décompressé et sommes MD5 vérifiées
** using staged installation
** R
** inst
** byte-compile and prepare package for lazy loading
** help
*** installing help indices
** building package indices
** testing if installed package can be loaded from temporary location
** testing if installed package can be loaded from final location
** testing if installed package keeps a record of temporary installation path
* DONE (verbaliseR)
Running phase: fixupPhase
checking for references to /private/tmp/nix-build-r-verbaliseR-0.1.drv-0/ in /nix/store/chypm3qp5b3sszgs6fag3i7hf6f70ibd-r-verbaliseR-0.1...
patching script interpreter paths in /nix/store/chypm3qp5b3sszgs6fag3i7hf6f70ibd-r-verbaliseR-0.1
rewriting symlink /nix/store/chypm3qp5b3sszgs6fag3i7hf6f70ibd-r-verbaliseR-0.1/nix-support/propagated-user-env-packages to be relative to /nix/store/chypm3qp5b3sszgs6fag3i7hf6f70ibd-r-verbaliseR-0.1
