these 2 derivations will be built:
  /nix/store/whl2rsw18mq2zdjnv858xvkjnafshwhw-r-PowerSDI-1.0.0.drv
  /nix/store/k6gvqjxfmip8652aydps059farfzg0d4-r-CropWaterBalance-0.2.0.drv
building '/nix/store/whl2rsw18mq2zdjnv858xvkjnafshwhw-r-PowerSDI-1.0.0.drv'...
Running phase: unpackPhase
unpacking source archive /nix/store/2q8wvbka53iq8h1v1bckb5y84sg5dgqz-PowerSDI_1.0.0.tar.gz
source root is PowerSDI
setting SOURCE_DATE_EPOCH to timestamp 1705317602 of file PowerSDI/MD5
Running phase: patchPhase
Running phase: updateAutotoolsGnuConfigScriptsPhase
Running phase: configurePhase
Running phase: buildPhase
Running phase: checkPhase
Running phase: installPhase
* installing *source* package ‘PowerSDI’ ...
** package ‘PowerSDI’ correctement décompressé et sommes MD5 vérifiées
** using staged installation
** R
** data
*** moving datasets to lazyload DB
** inst
** byte-compile and prepare package for lazy loading
** help
*** installing help indices
** building package indices
** installing vignettes
** testing if installed package can be loaded from temporary location
** testing if installed package can be loaded from final location
** testing if installed package keeps a record of temporary installation path
* DONE (PowerSDI)
Running phase: fixupPhase
checking for references to /private/tmp/nix-build-r-PowerSDI-1.0.0.drv-0/ in /nix/store/0dj8dnn17hhpn2cxxlyngs494xmaiy88-r-PowerSDI-1.0.0...
patching script interpreter paths in /nix/store/0dj8dnn17hhpn2cxxlyngs494xmaiy88-r-PowerSDI-1.0.0
rewriting symlink /nix/store/0dj8dnn17hhpn2cxxlyngs494xmaiy88-r-PowerSDI-1.0.0/nix-support/propagated-user-env-packages to be relative to /nix/store/0dj8dnn17hhpn2cxxlyngs494xmaiy88-r-PowerSDI-1.0.0
building '/nix/store/k6gvqjxfmip8652aydps059farfzg0d4-r-CropWaterBalance-0.2.0.drv'...
Running phase: unpackPhase
unpacking source archive /nix/store/ch10spz7fwaaik852l619j7sd57rf7if-CropWaterBalance_0.2.0.tar.gz
source root is CropWaterBalance
setting SOURCE_DATE_EPOCH to timestamp 1713448975 of file CropWaterBalance/MD5
Running phase: patchPhase
Running phase: updateAutotoolsGnuConfigScriptsPhase
Running phase: configurePhase
Running phase: buildPhase
Running phase: checkPhase
Running phase: installPhase
* installing *source* package ‘CropWaterBalance’ ...
** package ‘CropWaterBalance’ correctement décompressé et sommes MD5 vérifiées
** using staged installation
** R
** data
*** moving datasets to lazyload DB
** inst
** byte-compile and prepare package for lazy loading
** help
*** installing help indices
** building package indices
** installing vignettes
** testing if installed package can be loaded from temporary location
** testing if installed package can be loaded from final location
** testing if installed package keeps a record of temporary installation path
* DONE (CropWaterBalance)
Running phase: fixupPhase
checking for references to /private/tmp/nix-build-r-CropWaterBalance-0.2.0.drv-0/ in /nix/store/3yrqi81mdszi849rsp6hqnzjay5nwq9n-r-CropWaterBalance-0.2.0...
patching script interpreter paths in /nix/store/3yrqi81mdszi849rsp6hqnzjay5nwq9n-r-CropWaterBalance-0.2.0
rewriting symlink /nix/store/3yrqi81mdszi849rsp6hqnzjay5nwq9n-r-CropWaterBalance-0.2.0/nix-support/propagated-user-env-packages to be relative to /nix/store/3yrqi81mdszi849rsp6hqnzjay5nwq9n-r-CropWaterBalance-0.2.0
