these 2 derivations will be built:
  /nix/store/7dkkwznigg3dfx7azharia66hqsmvnj2-r-labourR-1.0.0.drv
  /nix/store/cs60wz2ckxhyfdac3qc1yxpnwc7l4w3n-r-iscoCrosswalks-1.0.0.drv
these 2 paths will be fetched (3.01 MiB download, 3.01 MiB unpacked):
  /nix/store/h8ikppgai2dxcmswmlzzn7yw6gnz5cnz-iscoCrosswalks_1.0.0.tar.gz
  /nix/store/ggymn7w9b8fagzjpnpj8nrrmmkc2m5yw-labourR_1.0.0.tar.gz
copying path '/nix/store/h8ikppgai2dxcmswmlzzn7yw6gnz5cnz-iscoCrosswalks_1.0.0.tar.gz' from 'https://cache.nixos.org'...
copying path '/nix/store/ggymn7w9b8fagzjpnpj8nrrmmkc2m5yw-labourR_1.0.0.tar.gz' from 'https://cache.nixos.org'...
building '/nix/store/7dkkwznigg3dfx7azharia66hqsmvnj2-r-labourR-1.0.0.drv'...
Running phase: unpackPhase
unpacking source archive /nix/store/ggymn7w9b8fagzjpnpj8nrrmmkc2m5yw-labourR_1.0.0.tar.gz
source root is labourR
setting SOURCE_DATE_EPOCH to timestamp 1595064607 of file labourR/MD5
Running phase: patchPhase
Running phase: updateAutotoolsGnuConfigScriptsPhase
Running phase: configurePhase
Running phase: buildPhase
Running phase: checkPhase
Running phase: installPhase
* installing *source* package ‘labourR’ ...
** package ‘labourR’ correctement décompressé et sommes MD5 vérifiées
** using staged installation
** R
** data
*** moving datasets to lazyload DB
** inst
** byte-compile and prepare package for lazy loading
** help
*** installing help indices
*** copying figures
** building package indices
** installing vignettes
** testing if installed package can be loaded from temporary location
** testing if installed package can be loaded from final location
** testing if installed package keeps a record of temporary installation path
* DONE (labourR)
Running phase: fixupPhase
checking for references to /private/tmp/nix-build-r-labourR-1.0.0.drv-0/ in /nix/store/1g096fsz43g78wxrxmj39hdw4mv2fyrw-r-labourR-1.0.0...
patching script interpreter paths in /nix/store/1g096fsz43g78wxrxmj39hdw4mv2fyrw-r-labourR-1.0.0
rewriting symlink /nix/store/1g096fsz43g78wxrxmj39hdw4mv2fyrw-r-labourR-1.0.0/nix-support/propagated-user-env-packages to be relative to /nix/store/1g096fsz43g78wxrxmj39hdw4mv2fyrw-r-labourR-1.0.0
building '/nix/store/cs60wz2ckxhyfdac3qc1yxpnwc7l4w3n-r-iscoCrosswalks-1.0.0.drv'...
Running phase: unpackPhase
unpacking source archive /nix/store/h8ikppgai2dxcmswmlzzn7yw6gnz5cnz-iscoCrosswalks_1.0.0.tar.gz
source root is iscoCrosswalks
setting SOURCE_DATE_EPOCH to timestamp 1652806202 of file iscoCrosswalks/MD5
Running phase: patchPhase
Running phase: updateAutotoolsGnuConfigScriptsPhase
Running phase: configurePhase
Running phase: buildPhase
Running phase: checkPhase
Running phase: installPhase
* installing *source* package ‘iscoCrosswalks’ ...
** package ‘iscoCrosswalks’ correctement décompressé et sommes MD5 vérifiées
** using staged installation
** R
** data
*** moving datasets to lazyload DB
** inst
** byte-compile and prepare package for lazy loading
** help
*** installing help indices
*** copying figures
** building package indices
** installing vignettes
** testing if installed package can be loaded from temporary location
** testing if installed package can be loaded from final location
** testing if installed package keeps a record of temporary installation path
* DONE (iscoCrosswalks)
Running phase: fixupPhase
checking for references to /private/tmp/nix-build-r-iscoCrosswalks-1.0.0.drv-0/ in /nix/store/4fdhx7s2d53nm57kh03n5ngrk96ccg2k-r-iscoCrosswalks-1.0.0...
patching script interpreter paths in /nix/store/4fdhx7s2d53nm57kh03n5ngrk96ccg2k-r-iscoCrosswalks-1.0.0
rewriting symlink /nix/store/4fdhx7s2d53nm57kh03n5ngrk96ccg2k-r-iscoCrosswalks-1.0.0/nix-support/propagated-user-env-packages to be relative to /nix/store/4fdhx7s2d53nm57kh03n5ngrk96ccg2k-r-iscoCrosswalks-1.0.0
