this derivation will be built:
  /nix/store/yfbk7nsf7jsy8vicplv7c99krmcia543-r-tidyedgar-1.0.1.drv
this path will be fetched (0.09 MiB download, 0.09 MiB unpacked):
  /nix/store/snyiynpj95szsc0pfzw7q1x839v4jbjs-tidyedgar_1.0.1.tar.gz
copying path '/nix/store/snyiynpj95szsc0pfzw7q1x839v4jbjs-tidyedgar_1.0.1.tar.gz' from 'https://cache.nixos.org'...
building '/nix/store/yfbk7nsf7jsy8vicplv7c99krmcia543-r-tidyedgar-1.0.1.drv'...
Running phase: unpackPhase
unpacking source archive /nix/store/snyiynpj95szsc0pfzw7q1x839v4jbjs-tidyedgar_1.0.1.tar.gz
source root is tidyedgar
setting SOURCE_DATE_EPOCH to timestamp 1707492002 of file tidyedgar/MD5
Running phase: patchPhase
Running phase: updateAutotoolsGnuConfigScriptsPhase
Running phase: configurePhase
Running phase: buildPhase
Running phase: checkPhase
Running phase: installPhase
* installing *source* package ‘tidyedgar’ ...
** package ‘tidyedgar’ correctement décompressé et sommes MD5 vérifiées
** using staged installation
** R
** byte-compile and prepare package for lazy loading
** help
*** installing help indices
*** copying figures
** building package indices
** testing if installed package can be loaded from temporary location
** testing if installed package can be loaded from final location
** testing if installed package keeps a record of temporary installation path
* DONE (tidyedgar)
Running phase: fixupPhase
checking for references to /private/tmp/nix-build-r-tidyedgar-1.0.1.drv-0/ in /nix/store/hdm5d4n25rfwcwl9v2jc3hd3s653qsbx-r-tidyedgar-1.0.1...
patching script interpreter paths in /nix/store/hdm5d4n25rfwcwl9v2jc3hd3s653qsbx-r-tidyedgar-1.0.1
rewriting symlink /nix/store/hdm5d4n25rfwcwl9v2jc3hd3s653qsbx-r-tidyedgar-1.0.1/nix-support/propagated-user-env-packages to be relative to /nix/store/hdm5d4n25rfwcwl9v2jc3hd3s653qsbx-r-tidyedgar-1.0.1
