this derivation will be built:
  /nix/store/bj3gbzrhxcxm4alimp3dsyj4ir313irm-r-tboot-0.2.1.drv
this path will be fetched (0.14 MiB download, 0.14 MiB unpacked):
  /nix/store/i0in7ags3n8mgpfd18rb4dmnj91sfvrp-tboot_0.2.1.tar.gz
copying path '/nix/store/i0in7ags3n8mgpfd18rb4dmnj91sfvrp-tboot_0.2.1.tar.gz' from 'https://cache.nixos.org'...
building '/nix/store/bj3gbzrhxcxm4alimp3dsyj4ir313irm-r-tboot-0.2.1.drv'...
Running phase: unpackPhase
unpacking source archive /nix/store/i0in7ags3n8mgpfd18rb4dmnj91sfvrp-tboot_0.2.1.tar.gz
source root is tboot
setting SOURCE_DATE_EPOCH to timestamp 1606927202 of file tboot/MD5
Running phase: patchPhase
Running phase: updateAutotoolsGnuConfigScriptsPhase
Running phase: configurePhase
Running phase: buildPhase
Running phase: checkPhase
Running phase: installPhase
* installing *source* package ‘tboot’ ...
** package ‘tboot’ correctement décompressé et sommes MD5 vérifiées
** using staged installation
** R
** inst
** byte-compile and prepare package for lazy loading
** help
*** installing help indices
** building package indices
** installing vignettes
** testing if installed package can be loaded from temporary location
** testing if installed package can be loaded from final location
** testing if installed package keeps a record of temporary installation path
* DONE (tboot)
Running phase: fixupPhase
checking for references to /private/tmp/nix-build-r-tboot-0.2.1.drv-0/ in /nix/store/fm3n2fl11fgj0swpx2hj6gfalank97sk-r-tboot-0.2.1...
patching script interpreter paths in /nix/store/fm3n2fl11fgj0swpx2hj6gfalank97sk-r-tboot-0.2.1
rewriting symlink /nix/store/fm3n2fl11fgj0swpx2hj6gfalank97sk-r-tboot-0.2.1/nix-support/propagated-user-env-packages to be relative to /nix/store/fm3n2fl11fgj0swpx2hj6gfalank97sk-r-tboot-0.2.1
