this derivation will be built:
  /nix/store/4923lqgyinxc3wilid1v1bk7hjyl4x2i-r-mrct-0.0.1.0.drv
this path will be fetched (0.03 MiB download, 0.03 MiB unpacked):
  /nix/store/dqysdav4sh1wb0j561kbnc1phy6lra0q-mrct_0.0.1.0.tar.gz
copying path '/nix/store/dqysdav4sh1wb0j561kbnc1phy6lra0q-mrct_0.0.1.0.tar.gz' from 'https://cache.nixos.org'...
building '/nix/store/4923lqgyinxc3wilid1v1bk7hjyl4x2i-r-mrct-0.0.1.0.drv'...
Running phase: unpackPhase
unpacking source archive /nix/store/dqysdav4sh1wb0j561kbnc1phy6lra0q-mrct_0.0.1.0.tar.gz
source root is mrct
setting SOURCE_DATE_EPOCH to timestamp 1692285763 of file mrct/MD5
Running phase: patchPhase
Running phase: updateAutotoolsGnuConfigScriptsPhase
Running phase: configurePhase
Running phase: buildPhase
Running phase: checkPhase
Running phase: installPhase
* installing *source* package ‘mrct’ ...
** package ‘mrct’ correctement décompressé et sommes MD5 vérifiées
** using staged installation
** R
** inst
** byte-compile and prepare package for lazy loading
** help
*** installing help indices
** building package indices
** testing if installed package can be loaded from temporary location
** testing if installed package can be loaded from final location
** testing if installed package keeps a record of temporary installation path
* DONE (mrct)
Running phase: fixupPhase
checking for references to /private/tmp/nix-build-r-mrct-0.0.1.0.drv-0/ in /nix/store/bsbh4d1hagywlvbxnbijb4cr1lfqjj6l-r-mrct-0.0.1.0...
patching script interpreter paths in /nix/store/bsbh4d1hagywlvbxnbijb4cr1lfqjj6l-r-mrct-0.0.1.0
rewriting symlink /nix/store/bsbh4d1hagywlvbxnbijb4cr1lfqjj6l-r-mrct-0.0.1.0/nix-support/propagated-user-env-packages to be relative to /nix/store/bsbh4d1hagywlvbxnbijb4cr1lfqjj6l-r-mrct-0.0.1.0
