this derivation will be built:
  /nix/store/yq4kd7nd7a7jp7b3vml19wz92fdp84xv-r-kgc-1.0.0.2.drv
this path will be fetched (1.40 MiB download, 1.40 MiB unpacked):
  /nix/store/qa6idp1q2yjxmdw4i7hiv2569j9xz1dm-kgc_1.0.0.2.tar.gz
copying path '/nix/store/qa6idp1q2yjxmdw4i7hiv2569j9xz1dm-kgc_1.0.0.2.tar.gz' from 'https://cache.nixos.org'...
building '/nix/store/yq4kd7nd7a7jp7b3vml19wz92fdp84xv-r-kgc-1.0.0.2.drv'...
Running phase: unpackPhase
unpacking source archive /nix/store/qa6idp1q2yjxmdw4i7hiv2569j9xz1dm-kgc_1.0.0.2.tar.gz
source root is kgc
setting SOURCE_DATE_EPOCH to timestamp 1513813493 of file kgc/MD5
Running phase: patchPhase
Running phase: updateAutotoolsGnuConfigScriptsPhase
Running phase: configurePhase
Running phase: buildPhase
Running phase: checkPhase
Running phase: installPhase
* installing *source* package ‘kgc’ ...
** package ‘kgc’ correctement décompressé et sommes MD5 vérifiées
** using staged installation
** R
** data
*** moving datasets to lazyload DB
** inst
** byte-compile and prepare package for lazy loading
** help
*** installing help indices
** building package indices
** installing vignettes
** testing if installed package can be loaded from temporary location
** testing if installed package can be loaded from final location
** testing if installed package keeps a record of temporary installation path
* DONE (kgc)
Running phase: fixupPhase
checking for references to /private/tmp/nix-build-r-kgc-1.0.0.2.drv-0/ in /nix/store/q6dxgycyc4ay50vawsgwk9k4rgkbsp09-r-kgc-1.0.0.2...
patching script interpreter paths in /nix/store/q6dxgycyc4ay50vawsgwk9k4rgkbsp09-r-kgc-1.0.0.2
rewriting symlink /nix/store/q6dxgycyc4ay50vawsgwk9k4rgkbsp09-r-kgc-1.0.0.2/nix-support/propagated-user-env-packages to be relative to /nix/store/q6dxgycyc4ay50vawsgwk9k4rgkbsp09-r-kgc-1.0.0.2
