this derivation will be built:
  /nix/store/d9xybijkqbzq80d2vv575m50b23j1d8d-r-valet-0.9.0.drv
this path will be fetched (0.01 MiB download, 0.01 MiB unpacked):
  /nix/store/6j5xprf1g18z9dswjjsnkvww26hm1vsl-valet_0.9.0.tar.gz
copying path '/nix/store/6j5xprf1g18z9dswjjsnkvww26hm1vsl-valet_0.9.0.tar.gz' from 'https://cache.nixos.org'...
building '/nix/store/d9xybijkqbzq80d2vv575m50b23j1d8d-r-valet-0.9.0.drv'...
Running phase: unpackPhase
unpacking source archive /nix/store/6j5xprf1g18z9dswjjsnkvww26hm1vsl-valet_0.9.0.tar.gz
source root is valet
setting SOURCE_DATE_EPOCH to timestamp 1649751002 of file valet/MD5
Running phase: patchPhase
Running phase: updateAutotoolsGnuConfigScriptsPhase
Running phase: configurePhase
Running phase: buildPhase
Running phase: checkPhase
Running phase: installPhase
* installing *source* package ‘valet’ ...
** package ‘valet’ correctement décompressé et sommes MD5 vérifiées
** using staged installation
** R
** byte-compile and prepare package for lazy loading
** help
*** installing help indices
** building package indices
** testing if installed package can be loaded from temporary location
** testing if installed package can be loaded from final location
** testing if installed package keeps a record of temporary installation path
* DONE (valet)
Running phase: fixupPhase
checking for references to /private/tmp/nix-build-r-valet-0.9.0.drv-0/ in /nix/store/17h3vw72d3yjs37wqjzpzi7z5ilj69ji-r-valet-0.9.0...
patching script interpreter paths in /nix/store/17h3vw72d3yjs37wqjzpzi7z5ilj69ji-r-valet-0.9.0
rewriting symlink /nix/store/17h3vw72d3yjs37wqjzpzi7z5ilj69ji-r-valet-0.9.0/nix-support/propagated-user-env-packages to be relative to /nix/store/17h3vw72d3yjs37wqjzpzi7z5ilj69ji-r-valet-0.9.0
