this derivation will be built:
  /nix/store/4s2pslahdn2q65kiji7p7sgr92q5zdb0-r-simpleNeural-0.1.3.drv
this path will be fetched (0.90 MiB download, 0.90 MiB unpacked):
  /nix/store/yx483bmcavb75kg1dv6sdl73w3hz6xqn-simpleNeural_0.1.3.tar.gz
copying path '/nix/store/yx483bmcavb75kg1dv6sdl73w3hz6xqn-simpleNeural_0.1.3.tar.gz' from 'https://cache.nixos.org'...
building '/nix/store/4s2pslahdn2q65kiji7p7sgr92q5zdb0-r-simpleNeural-0.1.3.drv'...
Running phase: unpackPhase
unpacking source archive /nix/store/yx483bmcavb75kg1dv6sdl73w3hz6xqn-simpleNeural_0.1.3.tar.gz
source root is simpleNeural
setting SOURCE_DATE_EPOCH to timestamp 1582041002 of file simpleNeural/MD5
Running phase: patchPhase
Running phase: updateAutotoolsGnuConfigScriptsPhase
Running phase: configurePhase
Running phase: buildPhase
Running phase: checkPhase
Running phase: installPhase
* installing *source* package ‘simpleNeural’ ...
** package ‘simpleNeural’ correctement décompressé et sommes MD5 vérifiées
** using staged installation
** R
** data
*** moving datasets to lazyload DB
** byte-compile and prepare package for lazy loading
** help
*** installing help indices
** building package indices
** testing if installed package can be loaded from temporary location
** testing if installed package can be loaded from final location
** testing if installed package keeps a record of temporary installation path
* DONE (simpleNeural)
Running phase: fixupPhase
checking for references to /private/tmp/nix-build-r-simpleNeural-0.1.3.drv-0/ in /nix/store/5j88q5illdjrbdzfzs8yaxlwr2368grb-r-simpleNeural-0.1.3...
patching script interpreter paths in /nix/store/5j88q5illdjrbdzfzs8yaxlwr2368grb-r-simpleNeural-0.1.3
