these 5 derivations will be built:
  /nix/store/1xny4hjsdb0nvflfvjaxb8zrrpxlqvc9-r-qdapDictionaries-1.0.7.drv
  /nix/store/i45ca36aljg5gx4k3plxzpzkkipjgnzv-r-qdapTools-1.3.7.drv
  /nix/store/l244qqq7svdh501sd3sbx29kn9gvxw7q-r-venneuler-1.1-4.drv
  /nix/store/kijamy9zl3wlgvmhw25biz59295rzwxv-r-qdap-2.4.6.drv
  /nix/store/zp3h2h0n3n97fk2yjzbahbzwq8xy0g9w-r-NLPutils-0.0-5.1.drv
this path will be fetched (0.00 MiB download, 0.00 MiB unpacked):
  /nix/store/b0mafqh8zsa0fy20qdq253q23bxmaj4j-NLPutils_0.0-5.1.tar.gz
copying path '/nix/store/b0mafqh8zsa0fy20qdq253q23bxmaj4j-NLPutils_0.0-5.1.tar.gz' from 'https://cache.nixos.org'...
building '/nix/store/1xny4hjsdb0nvflfvjaxb8zrrpxlqvc9-r-qdapDictionaries-1.0.7.drv'...
building '/nix/store/i45ca36aljg5gx4k3plxzpzkkipjgnzv-r-qdapTools-1.3.7.drv'...
building '/nix/store/l244qqq7svdh501sd3sbx29kn9gvxw7q-r-venneuler-1.1-4.drv'...
Running phase: unpackPhase
unpacking source archive /nix/store/gxxsphz4791y7wbxjip7nhmpckar7j06-qdapDictionaries_1.0.7.tar.gz
source root is qdapDictionaries
setting SOURCE_DATE_EPOCH to timestamp 1520249348 of file qdapDictionaries/MD5
Running phase: patchPhase
Running phase: updateAutotoolsGnuConfigScriptsPhase
Running phase: configurePhase
Running phase: buildPhase
Running phase: checkPhase
Running phase: installPhase
Running phase: unpackPhase
unpacking source archive /nix/store/7svdx196iacggd4qyw1w2zfl2blnj1f4-qdapTools_1.3.7.tar.gz
source root is qdapTools
setting SOURCE_DATE_EPOCH to timestamp 1683703202 of file qdapTools/MD5
Running phase: patchPhase
Running phase: updateAutotoolsGnuConfigScriptsPhase
* installing *source* package ‘qdapDictionaries’ ...
** package ‘qdapDictionaries’ correctement décompressé et sommes MD5 vérifiées
** using staged installation
Running phase: configurePhase
** R
** data
*** moving datasets to lazyload DB
Running phase: buildPhase
Running phase: checkPhase
Running phase: installPhase
Running phase: unpackPhase
unpacking source archive /nix/store/a8qq5r8l2hvi997r5q29bjlpiczza0qv-venneuler_1.1-4.tar.gz
source root is venneuler
setting SOURCE_DATE_EPOCH to timestamp 1705245602 of file venneuler/MD5
Running phase: patchPhase
Running phase: updateAutotoolsGnuConfigScriptsPhase
Running phase: configurePhase
Running phase: buildPhase
Running phase: checkPhase
Running phase: installPhase
* installing *source* package ‘qdapTools’ ...
** package ‘qdapTools’ correctement décompressé et sommes MD5 vérifiées
** using staged installation
** R
** inst
** byte-compile and prepare package for lazy loading
* installing *source* package ‘venneuler’ ...
** package ‘venneuler’ correctement décompressé et sommes MD5 vérifiées
** using staged installation
** R
** inst
** byte-compile and prepare package for lazy loading
** help
*** installing help indices
** building package indices
** inst
** byte-compile and prepare package for lazy loading
** testing if installed package can be loaded from temporary location
** help
*** installing help indices
** help
*** installing help indices
** building package indices
** building package indices
** testing if installed package can be loaded from temporary location
** testing if installed package can be loaded from temporary location
** testing if installed package can be loaded from final location
** testing if installed package can be loaded from final location
** testing if installed package keeps a record of temporary installation path
* DONE (qdapDictionaries)
Running phase: fixupPhase
** testing if installed package can be loaded from final location
checking for references to /private/tmp/nix-build-r-qdapDictionaries-1.0.7.drv-0/ in /nix/store/swa444mm9sxffkdl6kjk075rq5v48lb0-r-qdapDictionaries-1.0.7...
patching script interpreter paths in /nix/store/swa444mm9sxffkdl6kjk075rq5v48lb0-r-qdapDictionaries-1.0.7
** testing if installed package keeps a record of temporary installation path
* DONE (venneuler)
Running phase: fixupPhase
checking for references to /private/tmp/nix-build-r-venneuler-1.1-4.drv-0/ in /nix/store/7q4hvjzn5r3p4d717smhbzs5pl1yjhiz-r-venneuler-1.1-4...
patching script interpreter paths in /nix/store/7q4hvjzn5r3p4d717smhbzs5pl1yjhiz-r-venneuler-1.1-4
rewriting symlink /nix/store/7q4hvjzn5r3p4d717smhbzs5pl1yjhiz-r-venneuler-1.1-4/nix-support/propagated-user-env-packages to be relative to /nix/store/7q4hvjzn5r3p4d717smhbzs5pl1yjhiz-r-venneuler-1.1-4
** testing if installed package keeps a record of temporary installation path
* DONE (qdapTools)
Running phase: fixupPhase
checking for references to /private/tmp/nix-build-r-qdapTools-1.3.7.drv-0/ in /nix/store/143c6pw5q42g9yi511ksnx2ymgr61wkx-r-qdapTools-1.3.7...
patching script interpreter paths in /nix/store/143c6pw5q42g9yi511ksnx2ymgr61wkx-r-qdapTools-1.3.7
rewriting symlink /nix/store/143c6pw5q42g9yi511ksnx2ymgr61wkx-r-qdapTools-1.3.7/nix-support/propagated-user-env-packages to be relative to /nix/store/143c6pw5q42g9yi511ksnx2ymgr61wkx-r-qdapTools-1.3.7
building '/nix/store/kijamy9zl3wlgvmhw25biz59295rzwxv-r-qdap-2.4.6.drv'...
Running phase: unpackPhase
unpacking source archive /nix/store/i8d9d0lf036nplh2k9sgajcw1vv8bs0f-qdap_2.4.6.tar.gz
source root is qdap
setting SOURCE_DATE_EPOCH to timestamp 1683785402 of file qdap/MD5
Running phase: patchPhase
Running phase: updateAutotoolsGnuConfigScriptsPhase
Running phase: configurePhase
Running phase: buildPhase
Running phase: checkPhase
Running phase: installPhase
* installing *source* package ‘qdap’ ...
** package ‘qdap’ correctement décompressé et sommes MD5 vérifiées
** using staged installation
** R
** data
*** moving datasets to lazyload DB
** inst
** byte-compile and prepare package for lazy loading
** help
*** installing help indices
** building package indices
** testing if installed package can be loaded from temporary location
** testing if installed package can be loaded from final location
** testing if installed package keeps a record of temporary installation path
* DONE (qdap)
Running phase: fixupPhase
checking for references to /private/tmp/nix-build-r-qdap-2.4.6.drv-0/ in /nix/store/qsci06j4mqai537hnavl3pd34i25q3q1-r-qdap-2.4.6...
patching script interpreter paths in /nix/store/qsci06j4mqai537hnavl3pd34i25q3q1-r-qdap-2.4.6
rewriting symlink /nix/store/qsci06j4mqai537hnavl3pd34i25q3q1-r-qdap-2.4.6/nix-support/propagated-user-env-packages to be relative to /nix/store/qsci06j4mqai537hnavl3pd34i25q3q1-r-qdap-2.4.6
building '/nix/store/zp3h2h0n3n97fk2yjzbahbzwq8xy0g9w-r-NLPutils-0.0-5.1.drv'...
Running phase: unpackPhase
unpacking source archive /nix/store/b0mafqh8zsa0fy20qdq253q23bxmaj4j-NLPutils_0.0-5.1.tar.gz
source root is NLPutils
setting SOURCE_DATE_EPOCH to timestamp 1683791992 of file NLPutils/MD5
Running phase: patchPhase
Running phase: updateAutotoolsGnuConfigScriptsPhase
Running phase: configurePhase
Running phase: buildPhase
Running phase: checkPhase
Running phase: installPhase
* installing *source* package ‘NLPutils’ ...
** package ‘NLPutils’ correctement décompressé et sommes MD5 vérifiées
** using staged installation
** R
** byte-compile and prepare package for lazy loading
** help
*** installing help indices
** building package indices
** testing if installed package can be loaded from temporary location
** testing if installed package can be loaded from final location
** testing if installed package keeps a record of temporary installation path
* DONE (NLPutils)
Running phase: fixupPhase
checking for references to /private/tmp/nix-build-r-NLPutils-0.0-5.1.drv-0/ in /nix/store/id657wq7qhhw86kbd418a2jl349qwskf-r-NLPutils-0.0-5.1...
patching script interpreter paths in /nix/store/id657wq7qhhw86kbd418a2jl349qwskf-r-NLPutils-0.0-5.1
rewriting symlink /nix/store/id657wq7qhhw86kbd418a2jl349qwskf-r-NLPutils-0.0-5.1/nix-support/propagated-user-env-packages to be relative to /nix/store/id657wq7qhhw86kbd418a2jl349qwskf-r-NLPutils-0.0-5.1
