this derivation will be built:
  /nix/store/cgssf8lhxflkg5lla4pqawfpy440pgmd-r-texteffect-0.3.drv
this path will be fetched (0.02 MiB download, 0.02 MiB unpacked):
  /nix/store/jz8jackl4nzfzbvi6j52csrnf0v28j0c-texteffect_0.3.tar.gz
copying path '/nix/store/jz8jackl4nzfzbvi6j52csrnf0v28j0c-texteffect_0.3.tar.gz' from 'https://cache.nixos.org'...
building '/nix/store/cgssf8lhxflkg5lla4pqawfpy440pgmd-r-texteffect-0.3.drv'...
Running phase: unpackPhase
unpacking source archive /nix/store/jz8jackl4nzfzbvi6j52csrnf0v28j0c-texteffect_0.3.tar.gz
source root is texteffect
setting SOURCE_DATE_EPOCH to timestamp 1553405406 of file texteffect/MD5
Running phase: patchPhase
Running phase: updateAutotoolsGnuConfigScriptsPhase
Running phase: configurePhase
Running phase: buildPhase
Running phase: checkPhase
Running phase: installPhase
* installing *source* package ‘texteffect’ ...
** package ‘texteffect’ correctement décompressé et sommes MD5 vérifiées
** using staged installation
** R
** data
*** moving datasets to lazyload DB
** byte-compile and prepare package for lazy loading
** help
*** installing help indices
** building package indices
** testing if installed package can be loaded from temporary location
** testing if installed package can be loaded from final location
** testing if installed package keeps a record of temporary installation path
* DONE (texteffect)
Running phase: fixupPhase
checking for references to /private/tmp/nix-build-r-texteffect-0.3.drv-0/ in /nix/store/llxy8ysfqy9p9xzqd3r34ih3zc8h2pfz-r-texteffect-0.3...
patching script interpreter paths in /nix/store/llxy8ysfqy9p9xzqd3r34ih3zc8h2pfz-r-texteffect-0.3
rewriting symlink /nix/store/llxy8ysfqy9p9xzqd3r34ih3zc8h2pfz-r-texteffect-0.3/nix-support/propagated-user-env-packages to be relative to /nix/store/llxy8ysfqy9p9xzqd3r34ih3zc8h2pfz-r-texteffect-0.3
