this derivation will be built:
  /nix/store/zc66yi716mcnmp3pb8khjfhzpf9vbmdj-r-mvcauchy-1.1.drv
this path will be fetched (0.01 MiB download, 0.01 MiB unpacked):
  /nix/store/ibri7awz0ad47w38sbn679jszwv250r2-mvcauchy_1.1.tar.gz
copying path '/nix/store/ibri7awz0ad47w38sbn679jszwv250r2-mvcauchy_1.1.tar.gz' from 'https://cache.nixos.org'...
building '/nix/store/zc66yi716mcnmp3pb8khjfhzpf9vbmdj-r-mvcauchy-1.1.drv'...
Running phase: unpackPhase
unpacking source archive /nix/store/ibri7awz0ad47w38sbn679jszwv250r2-mvcauchy_1.1.tar.gz
source root is mvcauchy
setting SOURCE_DATE_EPOCH to timestamp 1717494323 of file mvcauchy/MD5
Running phase: patchPhase
Running phase: updateAutotoolsGnuConfigScriptsPhase
Running phase: configurePhase
Running phase: buildPhase
Running phase: checkPhase
Running phase: installPhase
* installing *source* package ‘mvcauchy’ ...
** package ‘mvcauchy’ correctement décompressé et sommes MD5 vérifiées
** using staged installation
** R
** byte-compile and prepare package for lazy loading
** help
*** installing help indices
** building package indices
** testing if installed package can be loaded from temporary location
** testing if installed package can be loaded from final location
** testing if installed package keeps a record of temporary installation path
* DONE (mvcauchy)
Running phase: fixupPhase
checking for references to /private/tmp/nix-build-r-mvcauchy-1.1.drv-0/ in /nix/store/hnwv2pxc6181cgdd2lbc9qx9vcrwqgcn-r-mvcauchy-1.1...
patching script interpreter paths in /nix/store/hnwv2pxc6181cgdd2lbc9qx9vcrwqgcn-r-mvcauchy-1.1
rewriting symlink /nix/store/hnwv2pxc6181cgdd2lbc9qx9vcrwqgcn-r-mvcauchy-1.1/nix-support/propagated-user-env-packages to be relative to /nix/store/hnwv2pxc6181cgdd2lbc9qx9vcrwqgcn-r-mvcauchy-1.1
