this derivation will be built:
  /nix/store/vj07jfifhp42x2bq0kwc96pl5r5f1dfp-r-KSPM-0.2.1.drv
this path will be fetched (0.10 MiB download, 0.10 MiB unpacked):
  /nix/store/gyza2sa8frn5gxi8nvif8y6badafi99i-KSPM_0.2.1.tar.gz
copying path '/nix/store/gyza2sa8frn5gxi8nvif8y6badafi99i-KSPM_0.2.1.tar.gz' from 'https://cache.nixos.org'...
building '/nix/store/vj07jfifhp42x2bq0kwc96pl5r5f1dfp-r-KSPM-0.2.1.drv'...
Running phase: unpackPhase
unpacking source archive /nix/store/gyza2sa8frn5gxi8nvif8y6badafi99i-KSPM_0.2.1.tar.gz
source root is KSPM
setting SOURCE_DATE_EPOCH to timestamp 1597066331 of file KSPM/MD5
Running phase: patchPhase
Running phase: updateAutotoolsGnuConfigScriptsPhase
Running phase: configurePhase
Running phase: buildPhase
Running phase: checkPhase
Running phase: installPhase
* installing *source* package ‘KSPM’ ...
** package ‘KSPM’ correctement décompressé et sommes MD5 vérifiées
** using staged installation
** R
** data
*** moving datasets to lazyload DB
** inst
** byte-compile and prepare package for lazy loading
** help
*** installing help indices
** building package indices
** installing vignettes
** testing if installed package can be loaded from temporary location
** testing if installed package can be loaded from final location
** testing if installed package keeps a record of temporary installation path
* DONE (KSPM)
Running phase: fixupPhase
checking for references to /private/tmp/nix-build-r-KSPM-0.2.1.drv-0/ in /nix/store/ip1wgiy4lnykfd7j0bxy5iq8aqciqld2-r-KSPM-0.2.1...
patching script interpreter paths in /nix/store/ip1wgiy4lnykfd7j0bxy5iq8aqciqld2-r-KSPM-0.2.1
rewriting symlink /nix/store/ip1wgiy4lnykfd7j0bxy5iq8aqciqld2-r-KSPM-0.2.1/nix-support/propagated-user-env-packages to be relative to /nix/store/ip1wgiy4lnykfd7j0bxy5iq8aqciqld2-r-KSPM-0.2.1
