this derivation will be built:
  /nix/store/jsi4azadz4qlzfd9s1qqwfdjxb67j1iz-r-rabi-1.0.2.drv
this path will be fetched (0.03 MiB download, 0.03 MiB unpacked):
  /nix/store/jlkxdpjccgbi315ja32dp7km1dqhi583-rabi_1.0.2.tar.gz
copying path '/nix/store/jlkxdpjccgbi315ja32dp7km1dqhi583-rabi_1.0.2.tar.gz' from 'https://cache.nixos.org'...
building '/nix/store/jsi4azadz4qlzfd9s1qqwfdjxb67j1iz-r-rabi-1.0.2.drv'...
Running phase: unpackPhase
unpacking source archive /nix/store/jlkxdpjccgbi315ja32dp7km1dqhi583-rabi_1.0.2.tar.gz
source root is rabi
setting SOURCE_DATE_EPOCH to timestamp 1575924002 of file rabi/MD5
Running phase: patchPhase
Running phase: updateAutotoolsGnuConfigScriptsPhase
Running phase: configurePhase
Running phase: buildPhase
Running phase: checkPhase
Running phase: installPhase
* installing *source* package ‘rabi’ ...
** package ‘rabi’ correctement décompressé et sommes MD5 vérifiées
** using staged installation
** R
** inst
** byte-compile and prepare package for lazy loading
** help
*** installing help indices
** building package indices
** installing vignettes
** testing if installed package can be loaded from temporary location
** testing if installed package can be loaded from final location
** testing if installed package keeps a record of temporary installation path
* DONE (rabi)
Running phase: fixupPhase
checking for references to /private/tmp/nix-build-r-rabi-1.0.2.drv-0/ in /nix/store/vmxbazz89dbrp5y20hvfy58kq2glqipv-r-rabi-1.0.2...
patching script interpreter paths in /nix/store/vmxbazz89dbrp5y20hvfy58kq2glqipv-r-rabi-1.0.2
rewriting symlink /nix/store/vmxbazz89dbrp5y20hvfy58kq2glqipv-r-rabi-1.0.2/nix-support/propagated-user-env-packages to be relative to /nix/store/vmxbazz89dbrp5y20hvfy58kq2glqipv-r-rabi-1.0.2
