these 2 derivations will be built:
  /nix/store/l140k65zi5lfmbbi6i1nc6rz7hzqld96-r-tidycat-0.1.2.drv
  /nix/store/8nlns5n5qvxd4bb9jbpsdccn2hiw0l3n-r-prettyglm-1.0.1.drv
these 2 paths will be fetched (2.55 MiB download, 2.55 MiB unpacked):
  /nix/store/0c8dr53a85hggrmm6gabplki5wfi1paa-prettyglm_1.0.1.tar.gz
  /nix/store/4kilh106hl99dr7qy5x162rb5wh0n3rn-tidycat_0.1.2.tar.gz
copying path '/nix/store/0c8dr53a85hggrmm6gabplki5wfi1paa-prettyglm_1.0.1.tar.gz' from 'https://cache.nixos.org'...
copying path '/nix/store/4kilh106hl99dr7qy5x162rb5wh0n3rn-tidycat_0.1.2.tar.gz' from 'https://cache.nixos.org'...
building '/nix/store/l140k65zi5lfmbbi6i1nc6rz7hzqld96-r-tidycat-0.1.2.drv'...
Running phase: unpackPhase
unpacking source archive /nix/store/4kilh106hl99dr7qy5x162rb5wh0n3rn-tidycat_0.1.2.tar.gz
source root is tidycat
setting SOURCE_DATE_EPOCH to timestamp 1627878002 of file tidycat/MD5
Running phase: patchPhase
Running phase: updateAutotoolsGnuConfigScriptsPhase
Running phase: configurePhase
Running phase: buildPhase
Running phase: checkPhase
Running phase: installPhase
* installing *source* package ‘tidycat’ ...
** package ‘tidycat’ correctement décompressé et sommes MD5 vérifiées
** using staged installation
** R
** inst
** byte-compile and prepare package for lazy loading
** help
*** installing help indices
*** copying figures
** building package indices
** installing vignettes
** testing if installed package can be loaded from temporary location
** testing if installed package can be loaded from final location
** testing if installed package keeps a record of temporary installation path
* DONE (tidycat)
Running phase: fixupPhase
checking for references to /private/tmp/nix-build-r-tidycat-0.1.2.drv-0/ in /nix/store/qbsya69qlx0lwmabpm0dkj87hpb9hllv-r-tidycat-0.1.2...
patching script interpreter paths in /nix/store/qbsya69qlx0lwmabpm0dkj87hpb9hllv-r-tidycat-0.1.2
rewriting symlink /nix/store/qbsya69qlx0lwmabpm0dkj87hpb9hllv-r-tidycat-0.1.2/nix-support/propagated-user-env-packages to be relative to /nix/store/qbsya69qlx0lwmabpm0dkj87hpb9hllv-r-tidycat-0.1.2
building '/nix/store/8nlns5n5qvxd4bb9jbpsdccn2hiw0l3n-r-prettyglm-1.0.1.drv'...
Running phase: unpackPhase
unpacking source archive /nix/store/0c8dr53a85hggrmm6gabplki5wfi1paa-prettyglm_1.0.1.tar.gz
source root is prettyglm
setting SOURCE_DATE_EPOCH to timestamp 1693989602 of file prettyglm/MD5
Running phase: patchPhase
Running phase: updateAutotoolsGnuConfigScriptsPhase
Running phase: configurePhase
Running phase: buildPhase
Running phase: checkPhase
Running phase: installPhase
* installing *source* package ‘prettyglm’ ...
** package ‘prettyglm’ correctement décompressé et sommes MD5 vérifiées
** using staged installation
** R
** data
*** moving datasets to lazyload DB
** inst
** byte-compile and prepare package for lazy loading
** help
*** installing help indices
*** copying figures
** building package indices
** installing vignettes
** testing if installed package can be loaded from temporary location
** testing if installed package can be loaded from final location
** testing if installed package keeps a record of temporary installation path
* DONE (prettyglm)
Running phase: fixupPhase
checking for references to /private/tmp/nix-build-r-prettyglm-1.0.1.drv-0/ in /nix/store/dxfdfc19si7zyl0ri46kycld3nnmq1dw-r-prettyglm-1.0.1...
patching script interpreter paths in /nix/store/dxfdfc19si7zyl0ri46kycld3nnmq1dw-r-prettyglm-1.0.1
rewriting symlink /nix/store/dxfdfc19si7zyl0ri46kycld3nnmq1dw-r-prettyglm-1.0.1/nix-support/propagated-user-env-packages to be relative to /nix/store/dxfdfc19si7zyl0ri46kycld3nnmq1dw-r-prettyglm-1.0.1
