this derivation will be built:
  /nix/store/0n59nlqhzndv3g4xksfywd03y2xznwbx-r-RAthena-2.6.1.drv
this path will be fetched (0.34 MiB download, 0.34 MiB unpacked):
  /nix/store/rl8cj8195k64y0pl9ff32r8a9ihfm9rm-RAthena_2.6.1.tar.gz
copying path '/nix/store/rl8cj8195k64y0pl9ff32r8a9ihfm9rm-RAthena_2.6.1.tar.gz' from 'https://cache.nixos.org'...
building '/nix/store/0n59nlqhzndv3g4xksfywd03y2xznwbx-r-RAthena-2.6.1.drv'...
Running phase: unpackPhase
unpacking source archive /nix/store/rl8cj8195k64y0pl9ff32r8a9ihfm9rm-RAthena_2.6.1.tar.gz
source root is RAthena
setting SOURCE_DATE_EPOCH to timestamp 1671529806 of file RAthena/MD5
Running phase: patchPhase
Running phase: updateAutotoolsGnuConfigScriptsPhase
Running phase: configurePhase
Running phase: buildPhase
Running phase: checkPhase
Running phase: installPhase
* installing *source* package ‘RAthena’ ...
** package ‘RAthena’ correctement décompressé et sommes MD5 vérifiées
** using staged installation
** R
** inst
** byte-compile and prepare package for lazy loading
** help
*** installing help indices
** building package indices
** installing vignettes
** testing if installed package can be loaded from temporary location
** testing if installed package can be loaded from final location
** testing if installed package keeps a record of temporary installation path
* DONE (RAthena)
Running phase: fixupPhase
checking for references to /private/tmp/nix-build-r-RAthena-2.6.1.drv-0/ in /nix/store/1h5kq30dn66fj26r4416lwv30wlkaxnf-r-RAthena-2.6.1...
patching script interpreter paths in /nix/store/1h5kq30dn66fj26r4416lwv30wlkaxnf-r-RAthena-2.6.1
rewriting symlink /nix/store/1h5kq30dn66fj26r4416lwv30wlkaxnf-r-RAthena-2.6.1/nix-support/propagated-user-env-packages to be relative to /nix/store/1h5kq30dn66fj26r4416lwv30wlkaxnf-r-RAthena-2.6.1
