these 2 derivations will be built:
  /nix/store/qkx6zypdm6614g64wawwzmjii8sizzwp-Path.Analysis_0.1.tar.gz.drv
  /nix/store/2i6rlgw6rv2bm0wxv4a18hmhg6pprlh4-r-Path.Analysis-0.1.drv
building '/nix/store/qkx6zypdm6614g64wawwzmjii8sizzwp-Path.Analysis_0.1.tar.gz.drv'...

trying https://cran.r-project.org/src/contrib/Path.Analysis_0.1.tar.gz
  % Total    % Received % Xferd  Average Speed   Time    Time     Time  Current
                                 Dload  Upload   Total   Spent    Left  Speed
100  808k  100  808k    0     0  3007k      0 --:--:-- --:--:-- --:--:-- 3004k
building '/nix/store/2i6rlgw6rv2bm0wxv4a18hmhg6pprlh4-r-Path.Analysis-0.1.drv'...
Running phase: unpackPhase
unpacking source archive /nix/store/g57yni34mcfqrhwdqxlwpbk22vki35za-Path.Analysis_0.1.tar.gz
source root is Path.Analysis
setting SOURCE_DATE_EPOCH to timestamp 1727252405 of file Path.Analysis/MD5
Running phase: patchPhase
Running phase: updateAutotoolsGnuConfigScriptsPhase
Running phase: configurePhase
Running phase: buildPhase
Running phase: checkPhase
Running phase: installPhase
* installing *source* package ‘Path.Analysis’ ...
** package ‘Path.Analysis’ correctement décompressé et sommes MD5 vérifiées
** using staged installation
** R
** data
*** moving datasets to lazyload DB
** inst
** byte-compile and prepare package for lazy loading
** help
*** installing help indices
*** copying figures
** building package indices
** installing vignettes
** testing if installed package can be loaded from temporary location
** testing if installed package can be loaded from final location
** testing if installed package keeps a record of temporary installation path
* DONE (Path.Analysis)
Running phase: fixupPhase
checking for references to /private/tmp/nix-build-r-Path.Analysis-0.1.drv-0/ in /nix/store/3wpl7wi8ghjj2fnqg8vzvlpnc48djx2v-r-Path.Analysis-0.1...
patching script interpreter paths in /nix/store/3wpl7wi8ghjj2fnqg8vzvlpnc48djx2v-r-Path.Analysis-0.1
rewriting symlink /nix/store/3wpl7wi8ghjj2fnqg8vzvlpnc48djx2v-r-Path.Analysis-0.1/nix-support/propagated-user-env-packages to be relative to /nix/store/3wpl7wi8ghjj2fnqg8vzvlpnc48djx2v-r-Path.Analysis-0.1
