this derivation will be built:
  /nix/store/cyi0f8rv2l2gbvzf27ycyhqbjz4jwlrn-r-rIntervalTree-0.1.0.drv
this path will be fetched (0.01 MiB download, 0.01 MiB unpacked):
  /nix/store/4sm5vx2m6gzgrx2v31ks2kx1ppai1hx3-rIntervalTree_0.1.0.tar.gz
copying path '/nix/store/4sm5vx2m6gzgrx2v31ks2kx1ppai1hx3-rIntervalTree_0.1.0.tar.gz' from 'https://cache.nixos.org'...
building '/nix/store/cyi0f8rv2l2gbvzf27ycyhqbjz4jwlrn-r-rIntervalTree-0.1.0.drv'...
Running phase: unpackPhase
unpacking source archive /nix/store/4sm5vx2m6gzgrx2v31ks2kx1ppai1hx3-rIntervalTree_0.1.0.tar.gz
source root is rIntervalTree
setting SOURCE_DATE_EPOCH to timestamp 1556011203 of file rIntervalTree/MD5
Running phase: patchPhase
Running phase: updateAutotoolsGnuConfigScriptsPhase
Running phase: configurePhase
Running phase: buildPhase
Running phase: checkPhase
Running phase: installPhase
* installing *source* package ‘rIntervalTree’ ...
** package ‘rIntervalTree’ correctement décompressé et sommes MD5 vérifiées
** using staged installation
** R
** data
*** moving datasets to lazyload DB
** byte-compile and prepare package for lazy loading
** help
*** installing help indices
** building package indices
** testing if installed package can be loaded from temporary location
** testing if installed package can be loaded from final location
** testing if installed package keeps a record of temporary installation path
* DONE (rIntervalTree)
Running phase: fixupPhase
checking for references to /private/tmp/nix-build-r-rIntervalTree-0.1.0.drv-0/ in /nix/store/6741761pz4j6valvkqimh10dxz42vir6-r-rIntervalTree-0.1.0...
patching script interpreter paths in /nix/store/6741761pz4j6valvkqimh10dxz42vir6-r-rIntervalTree-0.1.0
