these 2 derivations will be built:
  /nix/store/lcq4y3xsaz5jc2iy72ih6ygjiqk3hchp-r-vegdata-0.9.12.drv
  /nix/store/37mnm3ccydslz9biq3l7d8y50a3v1vsi-r-taxlist-0.3.0.drv
these 2 paths will be fetched (2.70 MiB download, 2.70 MiB unpacked):
  /nix/store/d86gbxcbvjhvw35b7fwjia0yjklyyh1n-taxlist_0.3.0.tar.gz
  /nix/store/lrhbbpc5ykpjcy1qbyz393b44g69avjd-vegdata_0.9.12.tar.gz
copying path '/nix/store/d86gbxcbvjhvw35b7fwjia0yjklyyh1n-taxlist_0.3.0.tar.gz' from 'https://cache.nixos.org'...
copying path '/nix/store/lrhbbpc5ykpjcy1qbyz393b44g69avjd-vegdata_0.9.12.tar.gz' from 'https://cache.nixos.org'...
building '/nix/store/lcq4y3xsaz5jc2iy72ih6ygjiqk3hchp-r-vegdata-0.9.12.drv'...
Running phase: unpackPhase
unpacking source archive /nix/store/lrhbbpc5ykpjcy1qbyz393b44g69avjd-vegdata_0.9.12.tar.gz
source root is vegdata
setting SOURCE_DATE_EPOCH to timestamp 1706554202 of file vegdata/MD5
Running phase: patchPhase
Running phase: updateAutotoolsGnuConfigScriptsPhase
Running phase: configurePhase
Running phase: buildPhase
Running phase: checkPhase
Running phase: installPhase
* installing *source* package ‘vegdata’ ...
** package ‘vegdata’ correctement décompressé et sommes MD5 vérifiées
** using staged installation
** R
** data
*** moving datasets to lazyload DB
** inst
** byte-compile and prepare package for lazy loading
** help
*** installing help indices
** building package indices
** installing vignettes
** testing if installed package can be loaded from temporary location
** testing if installed package can be loaded from final location
** testing if installed package keeps a record of temporary installation path
* DONE (vegdata)
Running phase: fixupPhase
checking for references to /private/tmp/nix-build-r-vegdata-0.9.12.drv-0/ in /nix/store/15asb2ibsp2967a1zl0vzsa8wc89ndfi-r-vegdata-0.9.12...
patching script interpreter paths in /nix/store/15asb2ibsp2967a1zl0vzsa8wc89ndfi-r-vegdata-0.9.12
rewriting symlink /nix/store/15asb2ibsp2967a1zl0vzsa8wc89ndfi-r-vegdata-0.9.12/nix-support/propagated-user-env-packages to be relative to /nix/store/15asb2ibsp2967a1zl0vzsa8wc89ndfi-r-vegdata-0.9.12
building '/nix/store/37mnm3ccydslz9biq3l7d8y50a3v1vsi-r-taxlist-0.3.0.drv'...
Running phase: unpackPhase
unpacking source archive /nix/store/d86gbxcbvjhvw35b7fwjia0yjklyyh1n-taxlist_0.3.0.tar.gz
source root is taxlist
setting SOURCE_DATE_EPOCH to timestamp 1720013402 of file taxlist/MD5
Running phase: patchPhase
Running phase: updateAutotoolsGnuConfigScriptsPhase
Running phase: configurePhase
Running phase: buildPhase
Running phase: checkPhase
Running phase: installPhase
* installing *source* package ‘taxlist’ ...
** package ‘taxlist’ correctement décompressé et sommes MD5 vérifiées
** using staged installation
** R
** data
*** moving datasets to lazyload DB
** inst
** byte-compile and prepare package for lazy loading
Une nouvelle fonction générique est créée pour ‘print’ dans package ‘taxlist’
** help
*** installing help indices
*** copying figures
** building package indices
** installing vignettes
** testing if installed package can be loaded from temporary location
** testing if installed package can be loaded from final location
** testing if installed package keeps a record of temporary installation path
* DONE (taxlist)
Running phase: fixupPhase
checking for references to /private/tmp/nix-build-r-taxlist-0.3.0.drv-0/ in /nix/store/m7zqzscis0gdmrz3qw2lb7b14lcvgchr-r-taxlist-0.3.0...
patching script interpreter paths in /nix/store/m7zqzscis0gdmrz3qw2lb7b14lcvgchr-r-taxlist-0.3.0
rewriting symlink /nix/store/m7zqzscis0gdmrz3qw2lb7b14lcvgchr-r-taxlist-0.3.0/nix-support/propagated-user-env-packages to be relative to /nix/store/m7zqzscis0gdmrz3qw2lb7b14lcvgchr-r-taxlist-0.3.0
