this derivation will be built:
  /nix/store/gwq4iv6i0x8gn9hbq02qc7wwa64bzssb-r-SCORPION-1.0.2.drv
this path will be fetched (0.80 MiB download, 0.80 MiB unpacked):
  /nix/store/10h5j1pngcks97spmm1iwa8lr64wrijg-SCORPION_1.0.2.tar.gz
copying path '/nix/store/10h5j1pngcks97spmm1iwa8lr64wrijg-SCORPION_1.0.2.tar.gz' from 'https://cache.nixos.org'...
building '/nix/store/gwq4iv6i0x8gn9hbq02qc7wwa64bzssb-r-SCORPION-1.0.2.drv'...
Running phase: unpackPhase
unpacking source archive /nix/store/10h5j1pngcks97spmm1iwa8lr64wrijg-SCORPION_1.0.2.tar.gz
source root is SCORPION
setting SOURCE_DATE_EPOCH to timestamp 1717008602 of file SCORPION/MD5
Running phase: patchPhase
Running phase: updateAutotoolsGnuConfigScriptsPhase
Running phase: configurePhase
Running phase: buildPhase
Running phase: checkPhase
Running phase: installPhase
* installing *source* package ‘SCORPION’ ...
** package ‘SCORPION’ correctement décompressé et sommes MD5 vérifiées
** using staged installation
** R
** data
*** moving datasets to lazyload DB
** inst
** byte-compile and prepare package for lazy loading
** help
*** installing help indices
** building package indices
** testing if installed package can be loaded from temporary location
** testing if installed package can be loaded from final location
** testing if installed package keeps a record of temporary installation path
* DONE (SCORPION)
Running phase: fixupPhase
checking for references to /private/tmp/nix-build-r-SCORPION-1.0.2.drv-0/ in /nix/store/fscikha95rsw289921k82s95n1aw5gwm-r-SCORPION-1.0.2...
patching script interpreter paths in /nix/store/fscikha95rsw289921k82s95n1aw5gwm-r-SCORPION-1.0.2
rewriting symlink /nix/store/fscikha95rsw289921k82s95n1aw5gwm-r-SCORPION-1.0.2/nix-support/propagated-user-env-packages to be relative to /nix/store/fscikha95rsw289921k82s95n1aw5gwm-r-SCORPION-1.0.2
