this derivation will be built:
  /nix/store/fy2x2dmlrqz3yv6myp6sxl5xz2jmq7g8-r-estadistica-0.2.3.drv
building '/nix/store/fy2x2dmlrqz3yv6myp6sxl5xz2jmq7g8-r-estadistica-0.2.3.drv'...
Running phase: unpackPhase
unpacking source archive /nix/store/qlmgl2r89746d9gj8hsvf97018hnkxhv-estadistica_0.2.3.tar.gz
source root is estadistica
setting SOURCE_DATE_EPOCH to timestamp 1684171202 of file estadistica/MD5
Running phase: patchPhase
Running phase: updateAutotoolsGnuConfigScriptsPhase
Running phase: configurePhase
Running phase: buildPhase
Running phase: checkPhase
Running phase: installPhase
* installing *source* package ‘estadistica’ ...
** package ‘estadistica’ correctement décompressé et sommes MD5 vérifiées
** using staged installation
** R
** data
*** moving datasets to lazyload DB
** inst
** byte-compile and prepare package for lazy loading
** help
*** installing help indices
*** copying figures
** building package indices
** testing if installed package can be loaded from temporary location
** testing if installed package can be loaded from final location
** testing if installed package keeps a record of temporary installation path
* DONE (estadistica)
Running phase: fixupPhase
checking for references to /private/tmp/nix-build-r-estadistica-0.2.3.drv-0/ in /nix/store/r40anjs124zq4x42k02lk160hgy6v58z-r-estadistica-0.2.3...
patching script interpreter paths in /nix/store/r40anjs124zq4x42k02lk160hgy6v58z-r-estadistica-0.2.3
rewriting symlink /nix/store/r40anjs124zq4x42k02lk160hgy6v58z-r-estadistica-0.2.3/nix-support/propagated-user-env-packages to be relative to /nix/store/r40anjs124zq4x42k02lk160hgy6v58z-r-estadistica-0.2.3
