this derivation will be built:
  /nix/store/ihc4jjk7i8qh63kyhmxf0hbg89cqhya0-r-postlogic-0.1.0.1.drv
this path will be fetched (0.00 MiB download, 0.00 MiB unpacked):
  /nix/store/8mdka4i86n9x01cgakbvjqbi1yz9z47l-postlogic_0.1.0.1.tar.gz
copying path '/nix/store/8mdka4i86n9x01cgakbvjqbi1yz9z47l-postlogic_0.1.0.1.tar.gz' from 'https://cache.nixos.org'...
building '/nix/store/ihc4jjk7i8qh63kyhmxf0hbg89cqhya0-r-postlogic-0.1.0.1.drv'...
Running phase: unpackPhase
unpacking source archive /nix/store/8mdka4i86n9x01cgakbvjqbi1yz9z47l-postlogic_0.1.0.1.tar.gz
source root is postlogic
setting SOURCE_DATE_EPOCH to timestamp 1576660526 of file postlogic/MD5
Running phase: patchPhase
Running phase: updateAutotoolsGnuConfigScriptsPhase
Running phase: configurePhase
Running phase: buildPhase
Running phase: checkPhase
Running phase: installPhase
* installing *source* package ‘postlogic’ ...
** package ‘postlogic’ correctement décompressé et sommes MD5 vérifiées
** using staged installation
** R
** inst
** byte-compile and prepare package for lazy loading
** help
*** installing help indices
** building package indices
** testing if installed package can be loaded from temporary location
** testing if installed package can be loaded from final location
** testing if installed package keeps a record of temporary installation path
* DONE (postlogic)
Running phase: fixupPhase
checking for references to /private/tmp/nix-build-r-postlogic-0.1.0.1.drv-0/ in /nix/store/xsjq3ckkgq7hyy9cgmpj50d9x7m5bz8j-r-postlogic-0.1.0.1...
patching script interpreter paths in /nix/store/xsjq3ckkgq7hyy9cgmpj50d9x7m5bz8j-r-postlogic-0.1.0.1
