these 2 derivations will be built:
  /nix/store/z5r7aba2644jr9b2fcxmm5f2xgqda5fd-r-ssym-1.5.8.drv
  /nix/store/v6hlmdiav1r6apfvs7n3n6ybdpbm1c1m-r-PartCensReg-1.39.drv
these 2 paths will be fetched (0.07 MiB download, 0.07 MiB unpacked):
  /nix/store/viggb20wq1lrc62xfapng0d6ygigm886-PartCensReg_1.39.tar.gz
  /nix/store/vh0g253xz1k60x4qsy18al78dckirjwg-ssym_1.5.8.tar.gz
copying path '/nix/store/viggb20wq1lrc62xfapng0d6ygigm886-PartCensReg_1.39.tar.gz' from 'https://cache.nixos.org'...
copying path '/nix/store/vh0g253xz1k60x4qsy18al78dckirjwg-ssym_1.5.8.tar.gz' from 'https://cache.nixos.org'...
building '/nix/store/z5r7aba2644jr9b2fcxmm5f2xgqda5fd-r-ssym-1.5.8.drv'...
Running phase: unpackPhase
unpacking source archive /nix/store/vh0g253xz1k60x4qsy18al78dckirjwg-ssym_1.5.8.tar.gz
source root is ssym
setting SOURCE_DATE_EPOCH to timestamp 1682124612 of file ssym/MD5
Running phase: patchPhase
Running phase: updateAutotoolsGnuConfigScriptsPhase
Running phase: configurePhase
Running phase: buildPhase
Running phase: checkPhase
Running phase: installPhase
* installing *source* package ‘ssym’ ...
** package ‘ssym’ correctement décompressé et sommes MD5 vérifiées
** using staged installation
** R
** data
** byte-compile and prepare package for lazy loading
** help
*** installing help indices
** building package indices
** testing if installed package can be loaded from temporary location
** testing if installed package can be loaded from final location
** testing if installed package keeps a record of temporary installation path
* DONE (ssym)
Running phase: fixupPhase
checking for references to /private/tmp/nix-build-r-ssym-1.5.8.drv-0/ in /nix/store/99iix29ia5w99sw63p1m7qna8bbmhvwv-r-ssym-1.5.8...
patching script interpreter paths in /nix/store/99iix29ia5w99sw63p1m7qna8bbmhvwv-r-ssym-1.5.8
rewriting symlink /nix/store/99iix29ia5w99sw63p1m7qna8bbmhvwv-r-ssym-1.5.8/nix-support/propagated-user-env-packages to be relative to /nix/store/99iix29ia5w99sw63p1m7qna8bbmhvwv-r-ssym-1.5.8
building '/nix/store/v6hlmdiav1r6apfvs7n3n6ybdpbm1c1m-r-PartCensReg-1.39.drv'...
Running phase: unpackPhase
unpacking source archive /nix/store/viggb20wq1lrc62xfapng0d6ygigm886-PartCensReg_1.39.tar.gz
source root is PartCensReg
setting SOURCE_DATE_EPOCH to timestamp 1520550185 of file PartCensReg/MD5
Running phase: patchPhase
Running phase: updateAutotoolsGnuConfigScriptsPhase
Running phase: configurePhase
Running phase: buildPhase
Running phase: checkPhase
Running phase: installPhase
* installing *source* package ‘PartCensReg’ ...
** package ‘PartCensReg’ correctement décompressé et sommes MD5 vérifiées
** using staged installation
** R
** byte-compile and prepare package for lazy loading
** help
*** installing help indices
** building package indices
** testing if installed package can be loaded from temporary location
** testing if installed package can be loaded from final location
** testing if installed package keeps a record of temporary installation path
* DONE (PartCensReg)
Running phase: fixupPhase
checking for references to /private/tmp/nix-build-r-PartCensReg-1.39.drv-0/ in /nix/store/x2lrdmqv1sr0p9n3pbqaa1fxy4fvs9qy-r-PartCensReg-1.39...
patching script interpreter paths in /nix/store/x2lrdmqv1sr0p9n3pbqaa1fxy4fvs9qy-r-PartCensReg-1.39
rewriting symlink /nix/store/x2lrdmqv1sr0p9n3pbqaa1fxy4fvs9qy-r-PartCensReg-1.39/nix-support/propagated-user-env-packages to be relative to /nix/store/x2lrdmqv1sr0p9n3pbqaa1fxy4fvs9qy-r-PartCensReg-1.39
