this derivation will be built:
  /nix/store/x5a8ddqaynwpn0xk0rzyy5dfqjkb899y-r-hyfo-1.4.6.drv
this path will be fetched (0.42 MiB download, 0.43 MiB unpacked):
  /nix/store/siy5m9pq46h0plnsvq168cb75ylzs0hw-hyfo_1.4.6.tar.gz
copying path '/nix/store/siy5m9pq46h0plnsvq168cb75ylzs0hw-hyfo_1.4.6.tar.gz' from 'https://cache.nixos.org'...
building '/nix/store/x5a8ddqaynwpn0xk0rzyy5dfqjkb899y-r-hyfo-1.4.6.drv'...
Running phase: unpackPhase
unpacking source archive /nix/store/siy5m9pq46h0plnsvq168cb75ylzs0hw-hyfo_1.4.6.tar.gz
source root is hyfo
setting SOURCE_DATE_EPOCH to timestamp 1692177153 of file hyfo/MD5
Running phase: patchPhase
Running phase: updateAutotoolsGnuConfigScriptsPhase
Running phase: configurePhase
Running phase: buildPhase
Running phase: checkPhase
Running phase: installPhase
* installing *source* package ‘hyfo’ ...
** package ‘hyfo’ correctement décompressé et sommes MD5 vérifiées
** using staged installation
** R
** data
*** moving datasets to lazyload DB
** inst
** byte-compile and prepare package for lazy loading
** help
*** installing help indices
** building package indices
** installing vignettes
** testing if installed package can be loaded from temporary location
** testing if installed package can be loaded from final location
** testing if installed package keeps a record of temporary installation path
* DONE (hyfo)
Running phase: fixupPhase
checking for references to /private/tmp/nix-build-r-hyfo-1.4.6.drv-0/ in /nix/store/nw9920cgg459pv4bq8dq95377c7j3ijz-r-hyfo-1.4.6...
patching script interpreter paths in /nix/store/nw9920cgg459pv4bq8dq95377c7j3ijz-r-hyfo-1.4.6
rewriting symlink /nix/store/nw9920cgg459pv4bq8dq95377c7j3ijz-r-hyfo-1.4.6/nix-support/propagated-user-env-packages to be relative to /nix/store/nw9920cgg459pv4bq8dq95377c7j3ijz-r-hyfo-1.4.6
