this derivation will be built:
  /nix/store/sly68fi9bz442hxpkzdyzkgzyg9fzxjw-r-RCTS-0.2.4.drv
this path will be fetched (0.42 MiB download, 0.42 MiB unpacked):
  /nix/store/iwwswv7psly70n431z7wp88hlsvmzarq-RCTS_0.2.4.tar.gz
copying path '/nix/store/iwwswv7psly70n431z7wp88hlsvmzarq-RCTS_0.2.4.tar.gz' from 'https://cache.nixos.org'...
building '/nix/store/sly68fi9bz442hxpkzdyzkgzyg9fzxjw-r-RCTS-0.2.4.drv'...
Running phase: unpackPhase
unpacking source archive /nix/store/iwwswv7psly70n431z7wp88hlsvmzarq-RCTS_0.2.4.tar.gz
source root is RCTS
setting SOURCE_DATE_EPOCH to timestamp 1684420202 of file RCTS/MD5
Running phase: patchPhase
Running phase: updateAutotoolsGnuConfigScriptsPhase
Running phase: configurePhase
Running phase: buildPhase
Running phase: checkPhase
Running phase: installPhase
* installing *source* package ‘RCTS’ ...
** package ‘RCTS’ correctement décompressé et sommes MD5 vérifiées
** using staged installation
** R
** data
*** moving datasets to lazyload DB
** inst
** byte-compile and prepare package for lazy loading
** help
*** installing help indices
** building package indices
** testing if installed package can be loaded from temporary location
** testing if installed package can be loaded from final location
** testing if installed package keeps a record of temporary installation path
* DONE (RCTS)
Running phase: fixupPhase
checking for references to /private/tmp/nix-build-r-RCTS-0.2.4.drv-0/ in /nix/store/7pciip0mzibcr34f6aziyi0bqy3px2iw-r-RCTS-0.2.4...
patching script interpreter paths in /nix/store/7pciip0mzibcr34f6aziyi0bqy3px2iw-r-RCTS-0.2.4
rewriting symlink /nix/store/7pciip0mzibcr34f6aziyi0bqy3px2iw-r-RCTS-0.2.4/nix-support/propagated-user-env-packages to be relative to /nix/store/7pciip0mzibcr34f6aziyi0bqy3px2iw-r-RCTS-0.2.4
