this derivation will be built:
  /nix/store/ncs5nn180srqqakfcdhsn37gaavd332c-r-MLeval-0.3.drv
this path will be fetched (0.35 MiB download, 0.35 MiB unpacked):
  /nix/store/k5pr5dvhlmxlhpkpbhjwlw1yad79h9ap-MLeval_0.3.tar.gz
copying path '/nix/store/k5pr5dvhlmxlhpkpbhjwlw1yad79h9ap-MLeval_0.3.tar.gz' from 'https://cache.nixos.org'...
building '/nix/store/ncs5nn180srqqakfcdhsn37gaavd332c-r-MLeval-0.3.drv'...
Running phase: unpackPhase
unpacking source archive /nix/store/k5pr5dvhlmxlhpkpbhjwlw1yad79h9ap-MLeval_0.3.tar.gz
source root is MLeval
setting SOURCE_DATE_EPOCH to timestamp 1581489602 of file MLeval/MD5
Running phase: patchPhase
Running phase: updateAutotoolsGnuConfigScriptsPhase
Running phase: configurePhase
Running phase: buildPhase
Running phase: checkPhase
Running phase: installPhase
* installing *source* package ‘MLeval’ ...
** package ‘MLeval’ correctement décompressé et sommes MD5 vérifiées
** using staged installation
** R
** data
*** moving datasets to lazyload DB
** inst
** byte-compile and prepare package for lazy loading
** help
*** installing help indices
** building package indices
** installing vignettes
** testing if installed package can be loaded from temporary location
** testing if installed package can be loaded from final location
** testing if installed package keeps a record of temporary installation path
* DONE (MLeval)
Running phase: fixupPhase
checking for references to /private/tmp/nix-build-r-MLeval-0.3.drv-0/ in /nix/store/kvfbhaznb4jrjnpj7pl04makzp0fb8fa-r-MLeval-0.3...
patching script interpreter paths in /nix/store/kvfbhaznb4jrjnpj7pl04makzp0fb8fa-r-MLeval-0.3
rewriting symlink /nix/store/kvfbhaznb4jrjnpj7pl04makzp0fb8fa-r-MLeval-0.3/nix-support/propagated-user-env-packages to be relative to /nix/store/kvfbhaznb4jrjnpj7pl04makzp0fb8fa-r-MLeval-0.3
