this derivation will be built:
  /nix/store/2fy304s8rnx4k3ambjr4q3lmdfw9hrmf-r-SimHaz-0.1.drv
this path will be fetched (0.01 MiB download, 0.01 MiB unpacked):
  /nix/store/ykgk7z05s7jnaf3f06qv7av17k83apy5-SimHaz_0.1.tar.gz
copying path '/nix/store/ykgk7z05s7jnaf3f06qv7av17k83apy5-SimHaz_0.1.tar.gz' from 'https://cache.nixos.org'...
building '/nix/store/2fy304s8rnx4k3ambjr4q3lmdfw9hrmf-r-SimHaz-0.1.drv'...
Running phase: unpackPhase
unpacking source archive /nix/store/ykgk7z05s7jnaf3f06qv7av17k83apy5-SimHaz_0.1.tar.gz
source root is SimHaz
setting SOURCE_DATE_EPOCH to timestamp 1445236911 of file SimHaz/MD5
Running phase: patchPhase
Running phase: updateAutotoolsGnuConfigScriptsPhase
Running phase: configurePhase
Running phase: buildPhase
Running phase: checkPhase
Running phase: installPhase
* installing *source* package ‘SimHaz’ ...
** package ‘SimHaz’ correctement décompressé et sommes MD5 vérifiées
** using staged installation
** R
** byte-compile and prepare package for lazy loading
** help
*** installing help indices
** building package indices
** testing if installed package can be loaded from temporary location
** testing if installed package can be loaded from final location
** testing if installed package keeps a record of temporary installation path
* DONE (SimHaz)
Running phase: fixupPhase
checking for references to /private/tmp/nix-build-r-SimHaz-0.1.drv-0/ in /nix/store/z6lm181lf5ln1y8zkkfp3bv1dqafc5cm-r-SimHaz-0.1...
patching script interpreter paths in /nix/store/z6lm181lf5ln1y8zkkfp3bv1dqafc5cm-r-SimHaz-0.1
rewriting symlink /nix/store/z6lm181lf5ln1y8zkkfp3bv1dqafc5cm-r-SimHaz-0.1/nix-support/propagated-user-env-packages to be relative to /nix/store/z6lm181lf5ln1y8zkkfp3bv1dqafc5cm-r-SimHaz-0.1
