these 2 derivations will be built:
  /nix/store/i2zh0kw1m3xhfv3h33zyamqxb80cxa92-SFM_0.1.0.tar.gz.drv
  /nix/store/yarkwvx6c26j0gga33c8b2wjinfff0p0-r-SFM-0.1.0.drv
building '/nix/store/i2zh0kw1m3xhfv3h33zyamqxb80cxa92-SFM_0.1.0.tar.gz.drv'...

trying https://cran.r-project.org/src/contrib/SFM_0.1.0.tar.gz
  % Total    % Received % Xferd  Average Speed   Time    Time     Time  Current
                                 Dload  Upload   Total   Spent    Left  Speed
100  4974  100  4974    0     0  55974      0 --:--:-- --:--:-- --:--:-- 56522
building '/nix/store/yarkwvx6c26j0gga33c8b2wjinfff0p0-r-SFM-0.1.0.drv'...
Running phase: unpackPhase
unpacking source archive /nix/store/1cdpb4jxhvl09nqpd0fj8lq2njr235sf-SFM_0.1.0.tar.gz
source root is SFM
setting SOURCE_DATE_EPOCH to timestamp 1731417002 of file SFM/MD5
Running phase: patchPhase
Running phase: updateAutotoolsGnuConfigScriptsPhase
Running phase: configurePhase
Running phase: buildPhase
Running phase: checkPhase
Running phase: installPhase
* installing *source* package ‘SFM’ ...
** package ‘SFM’ correctement décompressé et sommes MD5 vérifiées
** using staged installation
** R
** byte-compile and prepare package for lazy loading
** help
*** installing help indices
** building package indices
** testing if installed package can be loaded from temporary location
** testing if installed package can be loaded from final location
** testing if installed package keeps a record of temporary installation path
* DONE (SFM)
Running phase: fixupPhase
checking for references to /private/tmp/nix-build-r-SFM-0.1.0.drv-0/ in /nix/store/b1f0jr9kdq4fd3j5q7d31idikkz6qnnd-r-SFM-0.1.0...
patching script interpreter paths in /nix/store/b1f0jr9kdq4fd3j5q7d31idikkz6qnnd-r-SFM-0.1.0
rewriting symlink /nix/store/b1f0jr9kdq4fd3j5q7d31idikkz6qnnd-r-SFM-0.1.0/nix-support/propagated-user-env-packages to be relative to /nix/store/b1f0jr9kdq4fd3j5q7d31idikkz6qnnd-r-SFM-0.1.0
