this derivation will be built:
  /nix/store/2rs55vxxby7f4flnwqj5dwch38xrlpjc-r-swamp-1.5.1.drv
this path will be fetched (0.03 MiB download, 0.03 MiB unpacked):
  /nix/store/bxq2fs5xwyqc7yv1lia3c1v1ysa07xlc-swamp_1.5.1.tar.gz
copying path '/nix/store/bxq2fs5xwyqc7yv1lia3c1v1ysa07xlc-swamp_1.5.1.tar.gz' from 'https://cache.nixos.org'...
building '/nix/store/2rs55vxxby7f4flnwqj5dwch38xrlpjc-r-swamp-1.5.1.drv'...
Running phase: unpackPhase
unpacking source archive /nix/store/bxq2fs5xwyqc7yv1lia3c1v1ysa07xlc-swamp_1.5.1.tar.gz
source root is swamp
setting SOURCE_DATE_EPOCH to timestamp 1575645002 of file swamp/MD5
Running phase: patchPhase
Running phase: updateAutotoolsGnuConfigScriptsPhase
Running phase: configurePhase
Running phase: buildPhase
Running phase: checkPhase
Running phase: installPhase
* installing *source* package ‘swamp’ ...
** package ‘swamp’ correctement décompressé et sommes MD5 vérifiées
** using staged installation
** R
** byte-compile and prepare package for lazy loading
** help
*** installing help indices
** building package indices
** testing if installed package can be loaded from temporary location
** testing if installed package can be loaded from final location
** testing if installed package keeps a record of temporary installation path
* DONE (swamp)
Running phase: fixupPhase
checking for references to /private/tmp/nix-build-r-swamp-1.5.1.drv-0/ in /nix/store/m89wa4kihhggbmylkd63vnwh4c3633h6-r-swamp-1.5.1...
patching script interpreter paths in /nix/store/m89wa4kihhggbmylkd63vnwh4c3633h6-r-swamp-1.5.1
rewriting symlink /nix/store/m89wa4kihhggbmylkd63vnwh4c3633h6-r-swamp-1.5.1/nix-support/propagated-user-env-packages to be relative to /nix/store/m89wa4kihhggbmylkd63vnwh4c3633h6-r-swamp-1.5.1
