these 2 derivations will be built:
  /nix/store/4wwylnvcxkk0zpc4yvan3a6crqq88nvy-simodels_0.2.0.tar.gz.drv
  /nix/store/7jlk4v2bq7zzjp7b9r7jh26zs8s1z5cd-r-simodels-0.2.0.drv
building '/nix/store/4wwylnvcxkk0zpc4yvan3a6crqq88nvy-simodels_0.2.0.tar.gz.drv'...

trying https://cran.r-project.org/src/contrib/simodels_0.2.0.tar.gz
  % Total    % Received % Xferd  Average Speed   Time    Time     Time  Current
                                 Dload  Upload   Total   Spent    Left  Speed
100  754k  100  754k    0     0  3254k      0 --:--:-- --:--:-- --:--:-- 3264k
building '/nix/store/7jlk4v2bq7zzjp7b9r7jh26zs8s1z5cd-r-simodels-0.2.0.drv'...
Running phase: unpackPhase
unpacking source archive /nix/store/qf3fv34bfabdxca36hhnvc0zqrz73dkg-simodels_0.2.0.tar.gz
source root is simodels
setting SOURCE_DATE_EPOCH to timestamp 1724335801 of file simodels/MD5
Running phase: patchPhase
Running phase: updateAutotoolsGnuConfigScriptsPhase
Running phase: configurePhase
Running phase: buildPhase
Running phase: checkPhase
Running phase: installPhase
* installing *source* package ‘simodels’ ...
** package ‘simodels’ correctement décompressé et sommes MD5 vérifiées
** using staged installation
** R
** data
*** moving datasets to lazyload DB
** inst
** byte-compile and prepare package for lazy loading
** help
*** installing help indices
*** copying figures
** building package indices
** installing vignettes
** testing if installed package can be loaded from temporary location
** testing if installed package can be loaded from final location
** testing if installed package keeps a record of temporary installation path
* DONE (simodels)
Running phase: fixupPhase
checking for references to /private/tmp/nix-build-r-simodels-0.2.0.drv-0/ in /nix/store/vjpd2wsw694vi4bb0h75lwnmqhf4vsfx-r-simodels-0.2.0...
patching script interpreter paths in /nix/store/vjpd2wsw694vi4bb0h75lwnmqhf4vsfx-r-simodels-0.2.0
rewriting symlink /nix/store/vjpd2wsw694vi4bb0h75lwnmqhf4vsfx-r-simodels-0.2.0/nix-support/propagated-user-env-packages to be relative to /nix/store/vjpd2wsw694vi4bb0h75lwnmqhf4vsfx-r-simodels-0.2.0
