this derivation will be built:
  /nix/store/sp0shniws130yqnyzqgccm6kayvfbvs9-r-RMBC-0.1.0.drv
this path will be fetched (0.02 MiB download, 0.02 MiB unpacked):
  /nix/store/2cx47xjqs8zn4vlx1pfn2bwgyk99rk6j-RMBC_0.1.0.tar.gz
copying path '/nix/store/2cx47xjqs8zn4vlx1pfn2bwgyk99rk6j-RMBC_0.1.0.tar.gz' from 'https://cache.nixos.org'...
building '/nix/store/sp0shniws130yqnyzqgccm6kayvfbvs9-r-RMBC-0.1.0.drv'...
Running phase: unpackPhase
unpacking source archive /nix/store/2cx47xjqs8zn4vlx1pfn2bwgyk99rk6j-RMBC_0.1.0.tar.gz
source root is RMBC
setting SOURCE_DATE_EPOCH to timestamp 1626936005 of file RMBC/MD5
Running phase: patchPhase
Running phase: updateAutotoolsGnuConfigScriptsPhase
Running phase: configurePhase
Running phase: buildPhase
Running phase: checkPhase
Running phase: installPhase
* installing *source* package ‘RMBC’ ...
** package ‘RMBC’ correctement décompressé et sommes MD5 vérifiées
** using staged installation
** R
** data
*** moving datasets to lazyload DB
** byte-compile and prepare package for lazy loading
** help
*** installing help indices
** building package indices
** testing if installed package can be loaded from temporary location
** testing if installed package can be loaded from final location
** testing if installed package keeps a record of temporary installation path
* DONE (RMBC)
Running phase: fixupPhase
checking for references to /private/tmp/nix-build-r-RMBC-0.1.0.drv-0/ in /nix/store/iqkig1xc5pbhl0vf8jr3q8dh0mg39q7k-r-RMBC-0.1.0...
patching script interpreter paths in /nix/store/iqkig1xc5pbhl0vf8jr3q8dh0mg39q7k-r-RMBC-0.1.0
rewriting symlink /nix/store/iqkig1xc5pbhl0vf8jr3q8dh0mg39q7k-r-RMBC-0.1.0/nix-support/propagated-user-env-packages to be relative to /nix/store/iqkig1xc5pbhl0vf8jr3q8dh0mg39q7k-r-RMBC-0.1.0
