this derivation will be built:
  /nix/store/vbqrbfaxwygxsmx7vb239bg45dcz89r7-r-spectralAnalysis-4.3.3.drv
this path will be fetched (1.86 MiB download, 1.86 MiB unpacked):
  /nix/store/xpmymrs4qixdqglvvw3ysllrcijjgzm3-spectralAnalysis_4.3.3.tar.gz
copying path '/nix/store/xpmymrs4qixdqglvvw3ysllrcijjgzm3-spectralAnalysis_4.3.3.tar.gz' from 'https://cache.nixos.org'...
building '/nix/store/vbqrbfaxwygxsmx7vb239bg45dcz89r7-r-spectralAnalysis-4.3.3.drv'...
Running phase: unpackPhase
unpacking source archive /nix/store/xpmymrs4qixdqglvvw3ysllrcijjgzm3-spectralAnalysis_4.3.3.tar.gz
source root is spectralAnalysis
setting SOURCE_DATE_EPOCH to timestamp 1706604602 of file spectralAnalysis/MD5
Running phase: patchPhase
Running phase: updateAutotoolsGnuConfigScriptsPhase
Running phase: configurePhase
Running phase: buildPhase
Running phase: checkPhase
Running phase: installPhase
* installing *source* package ‘spectralAnalysis’ ...
** package ‘spectralAnalysis’ correctement décompressé et sommes MD5 vérifiées
** using staged installation
** R
** inst
** byte-compile and prepare package for lazy loading
Une nouvelle fonction générique est créée pour ‘smooth’ dans package ‘spectralAnalysis’
** help
*** installing help indices
** building package indices
** installing vignettes
** testing if installed package can be loaded from temporary location
** testing if installed package can be loaded from final location
** testing if installed package keeps a record of temporary installation path
* DONE (spectralAnalysis)
Running phase: fixupPhase
checking for references to /private/tmp/nix-build-r-spectralAnalysis-4.3.3.drv-0/ in /nix/store/5cw85ysgzwf8mzg8fdxp02xpiibski22-r-spectralAnalysis-4.3.3...
patching script interpreter paths in /nix/store/5cw85ysgzwf8mzg8fdxp02xpiibski22-r-spectralAnalysis-4.3.3
rewriting symlink /nix/store/5cw85ysgzwf8mzg8fdxp02xpiibski22-r-spectralAnalysis-4.3.3/nix-support/propagated-user-env-packages to be relative to /nix/store/5cw85ysgzwf8mzg8fdxp02xpiibski22-r-spectralAnalysis-4.3.3
