this derivation will be built:
  /nix/store/2v6l0qlnm2xc5f4qfshk9vrg58fvigrp-r-sqlstrings-1.0.0.drv
this path will be fetched (0.00 MiB download, 0.00 MiB unpacked):
  /nix/store/jg9wy4rrdv89w2g1mflx4bzz0jqihpq8-sqlstrings_1.0.0.tar.gz
copying path '/nix/store/jg9wy4rrdv89w2g1mflx4bzz0jqihpq8-sqlstrings_1.0.0.tar.gz' from 'https://cache.nixos.org'...
building '/nix/store/2v6l0qlnm2xc5f4qfshk9vrg58fvigrp-r-sqlstrings-1.0.0.drv'...
Running phase: unpackPhase
unpacking source archive /nix/store/jg9wy4rrdv89w2g1mflx4bzz0jqihpq8-sqlstrings_1.0.0.tar.gz
source root is sqlstrings
setting SOURCE_DATE_EPOCH to timestamp 1662711005 of file sqlstrings/MD5
Running phase: patchPhase
Running phase: updateAutotoolsGnuConfigScriptsPhase
Running phase: configurePhase
Running phase: buildPhase
Running phase: checkPhase
Running phase: installPhase
* installing *source* package ‘sqlstrings’ ...
** package ‘sqlstrings’ correctement décompressé et sommes MD5 vérifiées
** using staged installation
** R
** byte-compile and prepare package for lazy loading
** help
*** installing help indices
** building package indices
** testing if installed package can be loaded from temporary location
** testing if installed package can be loaded from final location
** testing if installed package keeps a record of temporary installation path
* DONE (sqlstrings)
Running phase: fixupPhase
checking for references to /private/tmp/nix-build-r-sqlstrings-1.0.0.drv-0/ in /nix/store/hhcga1iqirbzixqfdp0x991bm5a357p3-r-sqlstrings-1.0.0...
patching script interpreter paths in /nix/store/hhcga1iqirbzixqfdp0x991bm5a357p3-r-sqlstrings-1.0.0
rewriting symlink /nix/store/hhcga1iqirbzixqfdp0x991bm5a357p3-r-sqlstrings-1.0.0/nix-support/propagated-user-env-packages to be relative to /nix/store/hhcga1iqirbzixqfdp0x991bm5a357p3-r-sqlstrings-1.0.0
