this derivation will be built:
  /nix/store/ad88iya34vq3jwn4pqzw9x2shwqc0lcb-r-d4storagehub4R-0.4-4.drv
building '/nix/store/ad88iya34vq3jwn4pqzw9x2shwqc0lcb-r-d4storagehub4R-0.4-4.drv'...
Running phase: unpackPhase
unpacking source archive /nix/store/0ykl3vpy0cpmcl86c9a8mfl7kl5knxss-d4storagehub4R_0.4-4.tar.gz
source root is d4storagehub4R
setting SOURCE_DATE_EPOCH to timestamp 1713168002 of file d4storagehub4R/MD5
Running phase: patchPhase
Running phase: updateAutotoolsGnuConfigScriptsPhase
Running phase: configurePhase
Running phase: buildPhase
Running phase: checkPhase
Running phase: installPhase
* installing *source* package ‘d4storagehub4R’ ...
** package ‘d4storagehub4R’ correctement décompressé et sommes MD5 vérifiées
** using staged installation
** R
** byte-compile and prepare package for lazy loading
** help
*** installing help indices
** building package indices
** testing if installed package can be loaded from temporary location
** testing if installed package can be loaded from final location
** testing if installed package keeps a record of temporary installation path
* DONE (d4storagehub4R)
Running phase: fixupPhase
checking for references to /private/tmp/nix-build-r-d4storagehub4R-0.4-4.drv-0/ in /nix/store/nmp5j6g7dgv95bryv7b0nm05lbz6xwdn-r-d4storagehub4R-0.4-4...
patching script interpreter paths in /nix/store/nmp5j6g7dgv95bryv7b0nm05lbz6xwdn-r-d4storagehub4R-0.4-4
rewriting symlink /nix/store/nmp5j6g7dgv95bryv7b0nm05lbz6xwdn-r-d4storagehub4R-0.4-4/nix-support/propagated-user-env-packages to be relative to /nix/store/nmp5j6g7dgv95bryv7b0nm05lbz6xwdn-r-d4storagehub4R-0.4-4
