this derivation will be built:
  /nix/store/p620ms7dh5vvnh5vj4yyd2h88b38gcr9-r-multibiasmeta-0.2.2.drv
this path will be fetched (0.06 MiB download, 0.06 MiB unpacked):
  /nix/store/hfx9vhbxry9jwimfryw5cp9769ib71dk-multibiasmeta_0.2.2.tar.gz
copying path '/nix/store/hfx9vhbxry9jwimfryw5cp9769ib71dk-multibiasmeta_0.2.2.tar.gz' from 'https://cache.nixos.org'...
building '/nix/store/p620ms7dh5vvnh5vj4yyd2h88b38gcr9-r-multibiasmeta-0.2.2.drv'...
Running phase: unpackPhase
unpacking source archive /nix/store/hfx9vhbxry9jwimfryw5cp9769ib71dk-multibiasmeta_0.2.2.tar.gz
source root is multibiasmeta
setting SOURCE_DATE_EPOCH to timestamp 1692798602 of file multibiasmeta/MD5
Running phase: patchPhase
Running phase: updateAutotoolsGnuConfigScriptsPhase
Running phase: configurePhase
Running phase: buildPhase
Running phase: checkPhase
Running phase: installPhase
* installing *source* package ‘multibiasmeta’ ...
** package ‘multibiasmeta’ correctement décompressé et sommes MD5 vérifiées
** using staged installation
** R
** data
*** moving datasets to lazyload DB
** inst
** byte-compile and prepare package for lazy loading
** help
*** installing help indices
** building package indices
** installing vignettes
** testing if installed package can be loaded from temporary location
** testing if installed package can be loaded from final location
** testing if installed package keeps a record of temporary installation path
* DONE (multibiasmeta)
Running phase: fixupPhase
checking for references to /private/tmp/nix-build-r-multibiasmeta-0.2.2.drv-0/ in /nix/store/5mhn1w41nj1br3l4knhq7qxkb0qqwix6-r-multibiasmeta-0.2.2...
patching script interpreter paths in /nix/store/5mhn1w41nj1br3l4knhq7qxkb0qqwix6-r-multibiasmeta-0.2.2
rewriting symlink /nix/store/5mhn1w41nj1br3l4knhq7qxkb0qqwix6-r-multibiasmeta-0.2.2/nix-support/propagated-user-env-packages to be relative to /nix/store/5mhn1w41nj1br3l4knhq7qxkb0qqwix6-r-multibiasmeta-0.2.2
