this derivation will be built:
  /nix/store/59if9zccamr3xcmilnajdvk182hq64jj-r-volatilityTrader-1.0.1.drv
this path will be fetched (0.01 MiB download, 0.01 MiB unpacked):
  /nix/store/4614rk6yr2cf5qk2cl8vhc4spsf5wxs7-volatilityTrader_1.0.1.tar.gz
copying path '/nix/store/4614rk6yr2cf5qk2cl8vhc4spsf5wxs7-volatilityTrader_1.0.1.tar.gz' from 'https://cache.nixos.org'...
building '/nix/store/59if9zccamr3xcmilnajdvk182hq64jj-r-volatilityTrader-1.0.1.drv'...
Running phase: unpackPhase
unpacking source archive /nix/store/4614rk6yr2cf5qk2cl8vhc4spsf5wxs7-volatilityTrader_1.0.1.tar.gz
source root is volatilityTrader
setting SOURCE_DATE_EPOCH to timestamp 1666723202 of file volatilityTrader/MD5
Running phase: patchPhase
Running phase: updateAutotoolsGnuConfigScriptsPhase
Running phase: configurePhase
Running phase: buildPhase
Running phase: checkPhase
Running phase: installPhase
* installing *source* package ‘volatilityTrader’ ...
** package ‘volatilityTrader’ correctement décompressé et sommes MD5 vérifiées
** using staged installation
** R
** byte-compile and prepare package for lazy loading
** help
*** installing help indices
** building package indices
** testing if installed package can be loaded from temporary location
** testing if installed package can be loaded from final location
** testing if installed package keeps a record of temporary installation path
* DONE (volatilityTrader)
Running phase: fixupPhase
checking for references to /private/tmp/nix-build-r-volatilityTrader-1.0.1.drv-0/ in /nix/store/h1nif4widnnv06kxbd211v3np0nq4j75-r-volatilityTrader-1.0.1...
patching script interpreter paths in /nix/store/h1nif4widnnv06kxbd211v3np0nq4j75-r-volatilityTrader-1.0.1
rewriting symlink /nix/store/h1nif4widnnv06kxbd211v3np0nq4j75-r-volatilityTrader-1.0.1/nix-support/propagated-user-env-packages to be relative to /nix/store/h1nif4widnnv06kxbd211v3np0nq4j75-r-volatilityTrader-1.0.1
