this derivation will be built:
  /nix/store/5fx131q544wqa3h9vfv2j2d6667yaw4z-r-ruimtehol-0.3.2.drv
this path will be fetched (3.16 MiB download, 3.16 MiB unpacked):
  /nix/store/xxhmq1ka7n0z18w2mq24vbq0cci09xmr-ruimtehol_0.3.2.tar.gz
copying path '/nix/store/xxhmq1ka7n0z18w2mq24vbq0cci09xmr-ruimtehol_0.3.2.tar.gz' from 'https://cache.nixos.org'...
building '/nix/store/5fx131q544wqa3h9vfv2j2d6667yaw4z-r-ruimtehol-0.3.2.drv'...
Running phase: unpackPhase
unpacking source archive /nix/store/xxhmq1ka7n0z18w2mq24vbq0cci09xmr-ruimtehol_0.3.2.tar.gz
source root is ruimtehol
setting SOURCE_DATE_EPOCH to timestamp 1708642202 of file ruimtehol/MD5
Running phase: patchPhase
Running phase: updateAutotoolsGnuConfigScriptsPhase
Running phase: configurePhase
Running phase: buildPhase
Running phase: checkPhase
Running phase: installPhase
* installing *source* package ‘ruimtehol’ ...
** package ‘ruimtehol’ correctement décompressé et sommes MD5 vérifiées
** using staged installation
** libs
using C++ compiler: ‘clang version 16.0.6’
using SDK: ‘’
/nix/store/v39c0h6xv6hvki2k1bsyp5n090q8y2bp-clang-wrapper-16.0.6/bin/c++ -std=gnu++17 -I"/nix/store/lir8rmsk7dxbj7v1spqmv69z4mafg16l-R-4.4.2/lib/R/include" -DNDEBUG -pthread -DSTRICT_R_HEADERS -DBOOST_NO_AUTO_PTR -I./Starspace/src -I'/nix/store/da7yi2xf3argx9hlnn3f0k95b8y1yx2l-r-Rcpp-1.0.13-1/library/Rcpp/include' -I'/nix/store/k3y4927612y2lxd8d04hhvx801x9zc8y-r-BH-1.84.0-0/library/BH/include' -isystem /nix/store/0mmz5i705116bfykc7i1r9jxqwyghj2a-libcxx-16.0.6-dev/include/c++/v1    -fPIC  -g -O2   -c Starspace/src/utils/args.cpp -o Starspace/src/utils/args.o
/nix/store/v39c0h6xv6hvki2k1bsyp5n090q8y2bp-clang-wrapper-16.0.6/bin/c++ -std=gnu++17 -I"/nix/store/lir8rmsk7dxbj7v1spqmv69z4mafg16l-R-4.4.2/lib/R/include" -DNDEBUG -pthread -DSTRICT_R_HEADERS -DBOOST_NO_AUTO_PTR -I./Starspace/src -I'/nix/store/da7yi2xf3argx9hlnn3f0k95b8y1yx2l-r-Rcpp-1.0.13-1/library/Rcpp/include' -I'/nix/store/k3y4927612y2lxd8d04hhvx801x9zc8y-r-BH-1.84.0-0/library/BH/include' -isystem /nix/store/0mmz5i705116bfykc7i1r9jxqwyghj2a-libcxx-16.0.6-dev/include/c++/v1    -fPIC  -g -O2   -c Starspace/src/utils/normalize.cpp -o Starspace/src/utils/normalize.o
/nix/store/v39c0h6xv6hvki2k1bsyp5n090q8y2bp-clang-wrapper-16.0.6/bin/c++ -std=gnu++17 -I"/nix/store/lir8rmsk7dxbj7v1spqmv69z4mafg16l-R-4.4.2/lib/R/include" -DNDEBUG -pthread -DSTRICT_R_HEADERS -DBOOST_NO_AUTO_PTR -I./Starspace/src -I'/nix/store/da7yi2xf3argx9hlnn3f0k95b8y1yx2l-r-Rcpp-1.0.13-1/library/Rcpp/include' -I'/nix/store/k3y4927612y2lxd8d04hhvx801x9zc8y-r-BH-1.84.0-0/library/BH/include' -isystem /nix/store/0mmz5i705116bfykc7i1r9jxqwyghj2a-libcxx-16.0.6-dev/include/c++/v1    -fPIC  -g -O2   -c Starspace/src/utils/utils.cpp -o Starspace/src/utils/utils.o
/nix/store/v39c0h6xv6hvki2k1bsyp5n090q8y2bp-clang-wrapper-16.0.6/bin/c++ -std=gnu++17 -I"/nix/store/lir8rmsk7dxbj7v1spqmv69z4mafg16l-R-4.4.2/lib/R/include" -DNDEBUG -pthread -DSTRICT_R_HEADERS -DBOOST_NO_AUTO_PTR -I./Starspace/src -I'/nix/store/da7yi2xf3argx9hlnn3f0k95b8y1yx2l-r-Rcpp-1.0.13-1/library/Rcpp/include' -I'/nix/store/k3y4927612y2lxd8d04hhvx801x9zc8y-r-BH-1.84.0-0/library/BH/include' -isystem /nix/store/0mmz5i705116bfykc7i1r9jxqwyghj2a-libcxx-16.0.6-dev/include/c++/v1    -fPIC  -g -O2   -c Starspace/src/data.cpp -o Starspace/src/data.o
/nix/store/v39c0h6xv6hvki2k1bsyp5n090q8y2bp-clang-wrapper-16.0.6/bin/c++ -std=gnu++17 -I"/nix/store/lir8rmsk7dxbj7v1spqmv69z4mafg16l-R-4.4.2/lib/R/include" -DNDEBUG -pthread -DSTRICT_R_HEADERS -DBOOST_NO_AUTO_PTR -I./Starspace/src -I'/nix/store/da7yi2xf3argx9hlnn3f0k95b8y1yx2l-r-Rcpp-1.0.13-1/library/Rcpp/include' -I'/nix/store/k3y4927612y2lxd8d04hhvx801x9zc8y-r-BH-1.84.0-0/library/BH/include' -isystem /nix/store/0mmz5i705116bfykc7i1r9jxqwyghj2a-libcxx-16.0.6-dev/include/c++/v1    -fPIC  -g -O2   -c Starspace/src/dict.cpp -o Starspace/src/dict.o
/nix/store/v39c0h6xv6hvki2k1bsyp5n090q8y2bp-clang-wrapper-16.0.6/bin/c++ -std=gnu++17 -I"/nix/store/lir8rmsk7dxbj7v1spqmv69z4mafg16l-R-4.4.2/lib/R/include" -DNDEBUG -pthread -DSTRICT_R_HEADERS -DBOOST_NO_AUTO_PTR -I./Starspace/src -I'/nix/store/da7yi2xf3argx9hlnn3f0k95b8y1yx2l-r-Rcpp-1.0.13-1/library/Rcpp/include' -I'/nix/store/k3y4927612y2lxd8d04hhvx801x9zc8y-r-BH-1.84.0-0/library/BH/include' -isystem /nix/store/0mmz5i705116bfykc7i1r9jxqwyghj2a-libcxx-16.0.6-dev/include/c++/v1    -fPIC  -g -O2   -c Starspace/src/doc_data.cpp -o Starspace/src/doc_data.o
/nix/store/v39c0h6xv6hvki2k1bsyp5n090q8y2bp-clang-wrapper-16.0.6/bin/c++ -std=gnu++17 -I"/nix/store/lir8rmsk7dxbj7v1spqmv69z4mafg16l-R-4.4.2/lib/R/include" -DNDEBUG -pthread -DSTRICT_R_HEADERS -DBOOST_NO_AUTO_PTR -I./Starspace/src -I'/nix/store/da7yi2xf3argx9hlnn3f0k95b8y1yx2l-r-Rcpp-1.0.13-1/library/Rcpp/include' -I'/nix/store/k3y4927612y2lxd8d04hhvx801x9zc8y-r-BH-1.84.0-0/library/BH/include' -isystem /nix/store/0mmz5i705116bfykc7i1r9jxqwyghj2a-libcxx-16.0.6-dev/include/c++/v1    -fPIC  -g -O2   -c Starspace/src/doc_parser.cpp -o Starspace/src/doc_parser.o
/nix/store/v39c0h6xv6hvki2k1bsyp5n090q8y2bp-clang-wrapper-16.0.6/bin/c++ -std=gnu++17 -I"/nix/store/lir8rmsk7dxbj7v1spqmv69z4mafg16l-R-4.4.2/lib/R/include" -DNDEBUG -pthread -DSTRICT_R_HEADERS -DBOOST_NO_AUTO_PTR -I./Starspace/src -I'/nix/store/da7yi2xf3argx9hlnn3f0k95b8y1yx2l-r-Rcpp-1.0.13-1/library/Rcpp/include' -I'/nix/store/k3y4927612y2lxd8d04hhvx801x9zc8y-r-BH-1.84.0-0/library/BH/include' -isystem /nix/store/0mmz5i705116bfykc7i1r9jxqwyghj2a-libcxx-16.0.6-dev/include/c++/v1    -fPIC  -g -O2   -c Starspace/src/model.cpp -o Starspace/src/model.o
/nix/store/v39c0h6xv6hvki2k1bsyp5n090q8y2bp-clang-wrapper-16.0.6/bin/c++ -std=gnu++17 -I"/nix/store/lir8rmsk7dxbj7v1spqmv69z4mafg16l-R-4.4.2/lib/R/include" -DNDEBUG -pthread -DSTRICT_R_HEADERS -DBOOST_NO_AUTO_PTR -I./Starspace/src -I'/nix/store/da7yi2xf3argx9hlnn3f0k95b8y1yx2l-r-Rcpp-1.0.13-1/library/Rcpp/include' -I'/nix/store/k3y4927612y2lxd8d04hhvx801x9zc8y-r-BH-1.84.0-0/library/BH/include' -isystem /nix/store/0mmz5i705116bfykc7i1r9jxqwyghj2a-libcxx-16.0.6-dev/include/c++/v1    -fPIC  -g -O2   -c Starspace/src/parser.cpp -o Starspace/src/parser.o
In file included from Starspace/src/model.cpp:10:
In file included from ./Starspace/src/model.h:12:
In file included from ./Starspace/src/matrix.h:26:
In file included from /nix/store/k3y4927612y2lxd8d04hhvx801x9zc8y-r-BH-1.84.0-0/library/BH/include/boost/numeric/ublas/matrix.hpp:17:
In file included from /nix/store/k3y4927612y2lxd8d04hhvx801x9zc8y-r-BH-1.84.0-0/library/BH/include/boost/config.hpp:48:
/nix/store/k3y4927612y2lxd8d04hhvx801x9zc8y-r-BH-1.84.0-0/library/BH/include/boost/config/stdlib/libcpp.hpp:98:11: warning: 'BOOST_NO_AUTO_PTR' macro redefined [-Wmacro-redefined]
#  define BOOST_NO_AUTO_PTR
          ^
<command line>:4:9: note: previous definition is here
#define BOOST_NO_AUTO_PTR 1
        ^
In file included from Starspace/src/doc_parser.cpp:16:
In file included from /nix/store/k3y4927612y2lxd8d04hhvx801x9zc8y-r-BH-1.84.0-0/library/BH/include/boost/algorithm/string.hpp:18:
In file included from /nix/store/k3y4927612y2lxd8d04hhvx801x9zc8y-r-BH-1.84.0-0/library/BH/include/boost/algorithm/string/std_containers_traits.hpp:18:
In file included from /nix/store/k3y4927612y2lxd8d04hhvx801x9zc8y-r-BH-1.84.0-0/library/BH/include/boost/config.hpp:48:
/nix/store/k3y4927612y2lxd8d04hhvx801x9zc8y-r-BH-1.84.0-0/library/BH/include/boost/config/stdlib/libcpp.hpp:98:11: warning: 'BOOST_NO_AUTO_PTR' macro redefined [-Wmacro-redefined]
#  define BOOST_NO_AUTO_PTR
          ^
<command line>:4:9: note: previous definition is here
#define BOOST_NO_AUTO_PTR 1
        ^
In file included from Starspace/src/parser.cpp:18:
In file included from /nix/store/k3y4927612y2lxd8d04hhvx801x9zc8y-r-BH-1.84.0-0/library/BH/include/boost/algorithm/string.hpp:18:
In file included from /nix/store/k3y4927612y2lxd8d04hhvx801x9zc8y-r-BH-1.84.0-0/library/BH/include/boost/algorithm/string/std_containers_traits.hpp:18:
In file included from /nix/store/k3y4927612y2lxd8d04hhvx801x9zc8y-r-BH-1.84.0-0/library/BH/include/boost/config.hpp:48:
/nix/store/k3y4927612y2lxd8d04hhvx801x9zc8y-r-BH-1.84.0-0/library/BH/include/boost/config/stdlib/libcpp.hpp:98:11: warning: 'BOOST_NO_AUTO_PTR' macro redefined [-Wmacro-redefined]
#  define BOOST_NO_AUTO_PTR
          ^
<command line>:4:9: note: previous definition is here
#define BOOST_NO_AUTO_PTR 1
        ^
/nix/store/v39c0h6xv6hvki2k1bsyp5n090q8y2bp-clang-wrapper-16.0.6/bin/c++ -std=gnu++17 -I"/nix/store/lir8rmsk7dxbj7v1spqmv69z4mafg16l-R-4.4.2/lib/R/include" -DNDEBUG -pthread -DSTRICT_R_HEADERS -DBOOST_NO_AUTO_PTR -I./Starspace/src -I'/nix/store/da7yi2xf3argx9hlnn3f0k95b8y1yx2l-r-Rcpp-1.0.13-1/library/Rcpp/include' -I'/nix/store/k3y4927612y2lxd8d04hhvx801x9zc8y-r-BH-1.84.0-0/library/BH/include' -isystem /nix/store/0mmz5i705116bfykc7i1r9jxqwyghj2a-libcxx-16.0.6-dev/include/c++/v1    -fPIC  -g -O2   -c Starspace/src/proj.cpp -o Starspace/src/proj.o
1 warning generated.
/nix/store/v39c0h6xv6hvki2k1bsyp5n090q8y2bp-clang-wrapper-16.0.6/bin/c++ -std=gnu++17 -I"/nix/store/lir8rmsk7dxbj7v1spqmv69z4mafg16l-R-4.4.2/lib/R/include" -DNDEBUG -pthread -DSTRICT_R_HEADERS -DBOOST_NO_AUTO_PTR -I./Starspace/src -I'/nix/store/da7yi2xf3argx9hlnn3f0k95b8y1yx2l-r-Rcpp-1.0.13-1/library/Rcpp/include' -I'/nix/store/k3y4927612y2lxd8d04hhvx801x9zc8y-r-BH-1.84.0-0/library/BH/include' -isystem /nix/store/0mmz5i705116bfykc7i1r9jxqwyghj2a-libcxx-16.0.6-dev/include/c++/v1    -fPIC  -g -O2   -c Starspace/src/starspace.cpp -o Starspace/src/starspace.o
/nix/store/v39c0h6xv6hvki2k1bsyp5n090q8y2bp-clang-wrapper-16.0.6/bin/c++ -std=gnu++17 -I"/nix/store/lir8rmsk7dxbj7v1spqmv69z4mafg16l-R-4.4.2/lib/R/include" -DNDEBUG -pthread -DSTRICT_R_HEADERS -DBOOST_NO_AUTO_PTR -I./Starspace/src -I'/nix/store/da7yi2xf3argx9hlnn3f0k95b8y1yx2l-r-Rcpp-1.0.13-1/library/Rcpp/include' -I'/nix/store/k3y4927612y2lxd8d04hhvx801x9zc8y-r-BH-1.84.0-0/library/BH/include' -isystem /nix/store/0mmz5i705116bfykc7i1r9jxqwyghj2a-libcxx-16.0.6-dev/include/c++/v1    -fPIC  -g -O2   -c rcpp_textspace.cpp -o rcpp_textspace.o
In file included from Starspace/src/proj.cpp:11:
In file included from ./Starspace/src/proj.h:14:
In file included from ./Starspace/src/matrix.h:26:
In file included from /nix/store/k3y4927612y2lxd8d04hhvx801x9zc8y-r-BH-1.84.0-0/library/BH/include/boost/numeric/ublas/matrix.hpp:17:
In file included from /nix/store/k3y4927612y2lxd8d04hhvx801x9zc8y-r-BH-1.84.0-0/library/BH/include/boost/config.hpp:48:
/nix/store/k3y4927612y2lxd8d04hhvx801x9zc8y-r-BH-1.84.0-0/library/BH/include/boost/config/stdlib/libcpp.hpp:98:11: warning: 'BOOST_NO_AUTO_PTR' macro redefined [-Wmacro-redefined]
#  define BOOST_NO_AUTO_PTR
          ^
<command line>:4:9: note: previous definition is here
#define BOOST_NO_AUTO_PTR 1
        ^
In file included from Starspace/src/model.cpp:10:
In file included from ./Starspace/src/model.h:12:
In file included from ./Starspace/src/matrix.h:26:
In file included from /nix/store/k3y4927612y2lxd8d04hhvx801x9zc8y-r-BH-1.84.0-0/library/BH/include/boost/numeric/ublas/matrix.hpp:18:
In file included from /nix/store/k3y4927612y2lxd8d04hhvx801x9zc8y-r-BH-1.84.0-0/library/BH/include/boost/numeric/ublas/vector.hpp:21:
In file included from /nix/store/k3y4927612y2lxd8d04hhvx801x9zc8y-r-BH-1.84.0-0/library/BH/include/boost/numeric/ublas/storage.hpp:27:
In file included from /nix/store/k3y4927612y2lxd8d04hhvx801x9zc8y-r-BH-1.84.0-0/library/BH/include/boost/numeric/ublas/traits.hpp:21:
/nix/store/k3y4927612y2lxd8d04hhvx801x9zc8y-r-BH-1.84.0-0/library/BH/include/boost/numeric/ublas/detail/iterator.hpp:204:21: warning: 'iterator<boost::numeric::ublas::dense_random_access_iterator_tag, float>' is deprecated [-Wdeprecated-declarations]
        public std::iterator<IC, T> {
                    ^
/nix/store/k3y4927612y2lxd8d04hhvx801x9zc8y-r-BH-1.84.0-0/library/BH/include/boost/numeric/ublas/matrix.hpp:809:20: note: in instantiation of template class 'boost::numeric::ublas::random_access_iterator_base<boost::numeric::ublas::dense_random_access_iterator_tag, boost::numeric::ublas::matrix<float>::const_iterator2, float>' requested here
            public random_access_iterator_base<dense_random_access_iterator_tag,
                   ^
/nix/store/k3y4927612y2lxd8d04hhvx801x9zc8y-r-BH-1.84.0-0/library/BH/include/boost/numeric/ublas/matrix_proxy.hpp:241:50: note: in instantiation of member class 'boost::numeric::ublas::matrix<float>::const_iterator2' requested here
            public iterator_base_traits<typename const_subiterator_type::iterator_category>::template
                                                 ^
/nix/store/k3y4927612y2lxd8d04hhvx801x9zc8y-r-BH-1.84.0-0/library/BH/include/boost/numeric/ublas/vector_expression.hpp:1650:64: note: in instantiation of member class 'boost::numeric::ublas::matrix_row<boost::numeric::ublas::matrix<float>>::const_iterator' requested here
        typedef typename iterator_restrict_traits<typename E1::const_iterator::iterator_category,
                                                               ^
/nix/store/k3y4927612y2lxd8d04hhvx801x9zc8y-r-BH-1.84.0-0/library/BH/include/boost/numeric/ublas/vector_expression.hpp:1744:16: note: in instantiation of template class 'boost::numeric::ublas::vector_scalar_binary<boost::numeric::ublas::matrix_row<boost::numeric::ublas::matrix<float>>, boost::numeric::ublas::matrix_row<boost::numeric::ublas::matrix<float>>, boost::numeric::ublas::vector_inner_prod<boost::numeric::ublas::matrix_row<boost::numeric::ublas::matrix<float>>, boost::numeric::ublas::matrix_row<boost::numeric::ublas::matrix<float>>, float>>' requested here
        return expression_type (e1 (), e2 ());
               ^
Starspace/src/model.cpp:114:17: note: in instantiation of function template specialization 'boost::numeric::ublas::inner_prod<boost::numeric::ublas::matrix_row<boost::numeric::ublas::matrix<float>>, boost::numeric::ublas::matrix_row<boost::numeric::ublas::matrix<float>>>' requested here
  return ublas::inner_prod(a, b);
                ^
/nix/store/0mmz5i705116bfykc7i1r9jxqwyghj2a-libcxx-16.0.6-dev/include/c++/v1/__iterator/iterator.h:24:29: note: 'iterator<boost::numeric::ublas::dense_random_access_iterator_tag, float>' has been explicitly marked deprecated here
struct _LIBCPP_TEMPLATE_VIS _LIBCPP_DEPRECATED_IN_CXX17 iterator
                            ^
/nix/store/0mmz5i705116bfykc7i1r9jxqwyghj2a-libcxx-16.0.6-dev/include/c++/v1/__config:808:41: note: expanded from macro '_LIBCPP_DEPRECATED_IN_CXX17'
#    define _LIBCPP_DEPRECATED_IN_CXX17 _LIBCPP_DEPRECATED
                                        ^
/nix/store/0mmz5i705116bfykc7i1r9jxqwyghj2a-libcxx-16.0.6-dev/include/c++/v1/__config:781:49: note: expanded from macro '_LIBCPP_DEPRECATED'
#      define _LIBCPP_DEPRECATED __attribute__((deprecated))
                                                ^
In file included from Starspace/src/model.cpp:10:
In file included from ./Starspace/src/model.h:12:
In file included from ./Starspace/src/matrix.h:26:
In file included from /nix/store/k3y4927612y2lxd8d04hhvx801x9zc8y-r-BH-1.84.0-0/library/BH/include/boost/numeric/ublas/matrix.hpp:18:
In file included from /nix/store/k3y4927612y2lxd8d04hhvx801x9zc8y-r-BH-1.84.0-0/library/BH/include/boost/numeric/ublas/vector.hpp:21:
In file included from /nix/store/k3y4927612y2lxd8d04hhvx801x9zc8y-r-BH-1.84.0-0/library/BH/include/boost/numeric/ublas/storage.hpp:27:
In file included from /nix/store/k3y4927612y2lxd8d04hhvx801x9zc8y-r-BH-1.84.0-0/library/BH/include/boost/numeric/ublas/traits.hpp:21:
/nix/store/k3y4927612y2lxd8d04hhvx801x9zc8y-r-BH-1.84.0-0/library/BH/include/boost/numeric/ublas/detail/iterator.hpp:204:21: warning: 'iterator<boost::numeric::ublas::dense_random_access_iterator_tag, float>' is deprecated [-Wdeprecated-declarations]
        public std::iterator<IC, T> {
                    ^
/nix/store/k3y4927612y2lxd8d04hhvx801x9zc8y-r-BH-1.84.0-0/library/BH/include/boost/numeric/ublas/matrix_proxy.hpp:241:20: note: in instantiation of template class 'boost::numeric::ublas::random_access_iterator_base<boost::numeric::ublas::dense_random_access_iterator_tag, boost::numeric::ublas::matrix_row<boost::numeric::ublas::matrix<float>>::const_iterator, float>' requested here
            public iterator_base_traits<typename const_subiterator_type::iterator_category>::template
                   ^
/nix/store/k3y4927612y2lxd8d04hhvx801x9zc8y-r-BH-1.84.0-0/library/BH/include/boost/numeric/ublas/vector_expression.hpp:1650:64: note: in instantiation of member class 'boost::numeric::ublas::matrix_row<boost::numeric::ublas::matrix<float>>::const_iterator' requested here
        typedef typename iterator_restrict_traits<typename E1::const_iterator::iterator_category,
                                                               ^
/nix/store/k3y4927612y2lxd8d04hhvx801x9zc8y-r-BH-1.84.0-0/library/BH/include/boost/numeric/ublas/vector_expression.hpp:1744:16: note: in instantiation of template class 'boost::numeric::ublas::vector_scalar_binary<boost::numeric::ublas::matrix_row<boost::numeric::ublas::matrix<float>>, boost::numeric::ublas::matrix_row<boost::numeric::ublas::matrix<float>>, boost::numeric::ublas::vector_inner_prod<boost::numeric::ublas::matrix_row<boost::numeric::ublas::matrix<float>>, boost::numeric::ublas::matrix_row<boost::numeric::ublas::matrix<float>>, float>>' requested here
        return expression_type (e1 (), e2 ());
               ^
Starspace/src/model.cpp:114:17: note: in instantiation of function template specialization 'boost::numeric::ublas::inner_prod<boost::numeric::ublas::matrix_row<boost::numeric::ublas::matrix<float>>, boost::numeric::ublas::matrix_row<boost::numeric::ublas::matrix<float>>>' requested here
  return ublas::inner_prod(a, b);
                ^
/nix/store/0mmz5i705116bfykc7i1r9jxqwyghj2a-libcxx-16.0.6-dev/include/c++/v1/__iterator/iterator.h:24:29: note: 'iterator<boost::numeric::ublas::dense_random_access_iterator_tag, float>' has been explicitly marked deprecated here
struct _LIBCPP_TEMPLATE_VIS _LIBCPP_DEPRECATED_IN_CXX17 iterator
                            ^
/nix/store/0mmz5i705116bfykc7i1r9jxqwyghj2a-libcxx-16.0.6-dev/include/c++/v1/__config:808:41: note: expanded from macro '_LIBCPP_DEPRECATED_IN_CXX17'
#    define _LIBCPP_DEPRECATED_IN_CXX17 _LIBCPP_DEPRECATED
                                        ^
/nix/store/0mmz5i705116bfykc7i1r9jxqwyghj2a-libcxx-16.0.6-dev/include/c++/v1/__config:781:49: note: expanded from macro '_LIBCPP_DEPRECATED'
#      define _LIBCPP_DEPRECATED __attribute__((deprecated))
                                                ^
In file included from Starspace/src/model.cpp:10:
In file included from ./Starspace/src/model.h:12:
In file included from ./Starspace/src/matrix.h:26:
In file included from /nix/store/k3y4927612y2lxd8d04hhvx801x9zc8y-r-BH-1.84.0-0/library/BH/include/boost/numeric/ublas/matrix.hpp:18:
In file included from /nix/store/k3y4927612y2lxd8d04hhvx801x9zc8y-r-BH-1.84.0-0/library/BH/include/boost/numeric/ublas/vector.hpp:21:
In file included from /nix/store/k3y4927612y2lxd8d04hhvx801x9zc8y-r-BH-1.84.0-0/library/BH/include/boost/numeric/ublas/storage.hpp:27:
In file included from /nix/store/k3y4927612y2lxd8d04hhvx801x9zc8y-r-BH-1.84.0-0/library/BH/include/boost/numeric/ublas/traits.hpp:21:
/nix/store/k3y4927612y2lxd8d04hhvx801x9zc8y-r-BH-1.84.0-0/library/BH/include/boost/numeric/ublas/detail/iterator.hpp:204:21: warning: 'iterator<boost::numeric::ublas::dense_random_access_iterator_tag, float>' is deprecated [-Wdeprecated-declarations]
        public std::iterator<IC, T> {
                    ^
/nix/store/k3y4927612y2lxd8d04hhvx801x9zc8y-r-BH-1.84.0-0/library/BH/include/boost/numeric/ublas/vector_expression.hpp:1333:20: note: in instantiation of template class 'boost::numeric::ublas::random_access_iterator_base<boost::numeric::ublas::dense_random_access_iterator_tag, boost::numeric::ublas::vector_binary_scalar2<boost::numeric::ublas::matrix_row<boost::numeric::ublas::matrix<float>>, const float, boost::numeric::ublas::scalar_multiplies<float, float>>::const_iterator, float>' requested here
            public iterator_base_traits<typename E1::const_iterator::iterator_category>::template
                   ^
/nix/store/k3y4927612y2lxd8d04hhvx801x9zc8y-r-BH-1.84.0-0/library/BH/include/boost/numeric/ublas/vector_expression.hpp:654:88: note: in instantiation of member class 'boost::numeric::ublas::vector_binary_scalar2<boost::numeric::ublas::matrix_row<boost::numeric::ublas::matrix<float>>, const float, boost::numeric::ublas::scalar_multiplies<float, float>>::const_iterator' requested here
                                                                          typename E2::const_iterator::iterator_category>::iterator_category>::template
                                                                                       ^
/nix/store/k3y4927612y2lxd8d04hhvx801x9zc8y-r-BH-1.84.0-0/library/BH/include/boost/numeric/ublas/detail/vector_assign.hpp:486:59: note: in instantiation of member class 'boost::numeric::ublas::vector_binary<boost::numeric::ublas::matrix_row<boost::numeric::ublas::matrix<float>>, boost::numeric::ublas::vector_binary_scalar2<boost::numeric::ublas::matrix_row<boost::numeric::ublas::matrix<float>>, const float, boost::numeric::ublas::scalar_multiplies<float, float>>, boost::numeric::ublas::scalar_plus<float, float>>::const_iterator' requested here
                                              typename E::const_iterator::iterator_category>::storage_category storage_category;
                                                          ^
/nix/store/k3y4927612y2lxd8d04hhvx801x9zc8y-r-BH-1.84.0-0/library/BH/include/boost/numeric/ublas/vector.hpp:131:10: note: in instantiation of function template specialization 'boost::numeric::ublas::vector_assign<boost::numeric::ublas::scalar_assign, boost::numeric::ublas::vector<float>, boost::numeric::ublas::vector_binary<boost::numeric::ublas::matrix_row<boost::numeric::ublas::matrix<float>>, boost::numeric::ublas::vector_binary_scalar2<boost::numeric::ublas::matrix_row<boost::numeric::ublas::matrix<float>>, const float, boost::numeric::ublas::scalar_multiplies<float, float>>, boost::numeric::ublas::scalar_plus<float, float>>>' requested here
                vector_assign<scalar_assign> (*this, ae);
                ^
/nix/store/k3y4927612y2lxd8d04hhvx801x9zc8y-r-BH-1.84.0-0/library/BH/include/boost/numeric/ublas/matrix_proxy.hpp:139:50: note: in instantiation of function template specialization 'boost::numeric::ublas::vector<float>::vector<boost::numeric::ublas::vector_binary<boost::numeric::ublas::matrix_row<boost::numeric::ublas::matrix<float>>, boost::numeric::ublas::vector_binary_scalar2<boost::numeric::ublas::matrix_row<boost::numeric::ublas::matrix<float>>, const float, boost::numeric::ublas::scalar_multiplies<float, float>>, boost::numeric::ublas::scalar_plus<float, float>>>' requested here
            vector_assign<scalar_assign> (*this, typename vector_temporary_traits<M>::type (*this + ae));
                                                 ^
./Starspace/src/proj.h:58:14: note: in instantiation of function template specialization 'boost::numeric::ublas::matrix_row<boost::numeric::ublas::matrix<float>>::operator+=<boost::numeric::ublas::vector_binary_scalar2<boost::numeric::ublas::matrix_row<boost::numeric::ublas::matrix<float>>, const float, boost::numeric::ublas::scalar_multiplies<float, float>>>' requested here
      outRow += this->row(pair.first) * pair.second;
             ^
Starspace/src/model.cpp:146:19: note: in instantiation of member function 'starspace::SparseLinear<>::forward' requested here
  LHSEmbeddings_->forward(ws, retval);
                  ^
/nix/store/0mmz5i705116bfykc7i1r9jxqwyghj2a-libcxx-16.0.6-dev/include/c++/v1/__iterator/iterator.h:24:29: note: 'iterator<boost::numeric::ublas::dense_random_access_iterator_tag, float>' has been explicitly marked deprecated here
struct _LIBCPP_TEMPLATE_VIS _LIBCPP_DEPRECATED_IN_CXX17 iterator
                            ^
/nix/store/0mmz5i705116bfykc7i1r9jxqwyghj2a-libcxx-16.0.6-dev/include/c++/v1/__config:808:41: note: expanded from macro '_LIBCPP_DEPRECATED_IN_CXX17'
#    define _LIBCPP_DEPRECATED_IN_CXX17 _LIBCPP_DEPRECATED
                                        ^
/nix/store/0mmz5i705116bfykc7i1r9jxqwyghj2a-libcxx-16.0.6-dev/include/c++/v1/__config:781:49: note: expanded from macro '_LIBCPP_DEPRECATED'
#      define _LIBCPP_DEPRECATED __attribute__((deprecated))
                                                ^
In file included from Starspace/src/model.cpp:10:
In file included from ./Starspace/src/model.h:12:
In file included from ./Starspace/src/matrix.h:26:
In file included from /nix/store/k3y4927612y2lxd8d04hhvx801x9zc8y-r-BH-1.84.0-0/library/BH/include/boost/numeric/ublas/matrix.hpp:18:
In file included from /nix/store/k3y4927612y2lxd8d04hhvx801x9zc8y-r-BH-1.84.0-0/library/BH/include/boost/numeric/ublas/vector.hpp:21:
In file included from /nix/store/k3y4927612y2lxd8d04hhvx801x9zc8y-r-BH-1.84.0-0/library/BH/include/boost/numeric/ublas/storage.hpp:27:
In file included from /nix/store/k3y4927612y2lxd8d04hhvx801x9zc8y-r-BH-1.84.0-0/library/BH/include/boost/numeric/ublas/traits.hpp:21:
/nix/store/k3y4927612y2lxd8d04hhvx801x9zc8y-r-BH-1.84.0-0/library/BH/include/boost/numeric/ublas/detail/iterator.hpp:204:21: warning: 'iterator<boost::numeric::ublas::dense_random_access_iterator_tag, float>' is deprecated [-Wdeprecated-declarations]
        public std::iterator<IC, T> {
                    ^
/nix/store/k3y4927612y2lxd8d04hhvx801x9zc8y-r-BH-1.84.0-0/library/BH/include/boost/numeric/ublas/vector_expression.hpp:653:20: note: in instantiation of template class 'boost::numeric::ublas::random_access_iterator_base<boost::numeric::ublas::dense_random_access_iterator_tag, boost::numeric::ublas::vector_binary<boost::numeric::ublas::matrix_row<boost::numeric::ublas::matrix<float>>, boost::numeric::ublas::vector_binary_scalar2<boost::numeric::ublas::matrix_row<boost::numeric::ublas::matrix<float>>, const float, boost::numeric::ublas::scalar_multiplies<float, float>>, boost::numeric::ublas::scalar_plus<float, float>>::const_iterator, float>' requested here
            public iterator_base_traits<typename iterator_restrict_traits<typename E1::const_iterator::iterator_category,
                   ^
/nix/store/k3y4927612y2lxd8d04hhvx801x9zc8y-r-BH-1.84.0-0/library/BH/include/boost/numeric/ublas/detail/vector_assign.hpp:486:59: note: in instantiation of member class 'boost::numeric::ublas::vector_binary<boost::numeric::ublas::matrix_row<boost::numeric::ublas::matrix<float>>, boost::numeric::ublas::vector_binary_scalar2<boost::numeric::ublas::matrix_row<boost::numeric::ublas::matrix<float>>, const float, boost::numeric::ublas::scalar_multiplies<float, float>>, boost::numeric::ublas::scalar_plus<float, float>>::const_iterator' requested here
                                              typename E::const_iterator::iterator_category>::storage_category storage_category;
                                                          ^
/nix/store/k3y4927612y2lxd8d04hhvx801x9zc8y-r-BH-1.84.0-0/library/BH/include/boost/numeric/ublas/vector.hpp:131:10: note: in instantiation of function template specialization 'boost::numeric::ublas::vector_assign<boost::numeric::ublas::scalar_assign, boost::numeric::ublas::vector<float>, boost::numeric::ublas::vector_binary<boost::numeric::ublas::matrix_row<boost::numeric::ublas::matrix<float>>, boost::numeric::ublas::vector_binary_scalar2<boost::numeric::ublas::matrix_row<boost::numeric::ublas::matrix<float>>, const float, boost::numeric::ublas::scalar_multiplies<float, float>>, boost::numeric::ublas::scalar_plus<float, float>>>' requested here
                vector_assign<scalar_assign> (*this, ae);
                ^
/nix/store/k3y4927612y2lxd8d04hhvx801x9zc8y-r-BH-1.84.0-0/library/BH/include/boost/numeric/ublas/matrix_proxy.hpp:139:50: note: in instantiation of function template specialization 'boost::numeric::ublas::vector<float>::vector<boost::numeric::ublas::vector_binary<boost::numeric::ublas::matrix_row<boost::numeric::ublas::matrix<float>>, boost::numeric::ublas::vector_binary_scalar2<boost::numeric::ublas::matrix_row<boost::numeric::ublas::matrix<float>>, const float, boost::numeric::ublas::scalar_multiplies<float, float>>, boost::numeric::ublas::scalar_plus<float, float>>>' requested here
            vector_assign<scalar_assign> (*this, typename vector_temporary_traits<M>::type (*this + ae));
                                                 ^
./Starspace/src/proj.h:58:14: note: in instantiation of function template specialization 'boost::numeric::ublas::matrix_row<boost::numeric::ublas::matrix<float>>::operator+=<boost::numeric::ublas::vector_binary_scalar2<boost::numeric::ublas::matrix_row<boost::numeric::ublas::matrix<float>>, const float, boost::numeric::ublas::scalar_multiplies<float, float>>>' requested here
      outRow += this->row(pair.first) * pair.second;
             ^
Starspace/src/model.cpp:146:19: note: in instantiation of member function 'starspace::SparseLinear<>::forward' requested here
  LHSEmbeddings_->forward(ws, retval);
                  ^
/nix/store/0mmz5i705116bfykc7i1r9jxqwyghj2a-libcxx-16.0.6-dev/include/c++/v1/__iterator/iterator.h:24:29: note: 'iterator<boost::numeric::ublas::dense_random_access_iterator_tag, float>' has been explicitly marked deprecated here
struct _LIBCPP_TEMPLATE_VIS _LIBCPP_DEPRECATED_IN_CXX17 iterator
                            ^
/nix/store/0mmz5i705116bfykc7i1r9jxqwyghj2a-libcxx-16.0.6-dev/include/c++/v1/__config:808:41: note: expanded from macro '_LIBCPP_DEPRECATED_IN_CXX17'
#    define _LIBCPP_DEPRECATED_IN_CXX17 _LIBCPP_DEPRECATED
                                        ^
/nix/store/0mmz5i705116bfykc7i1r9jxqwyghj2a-libcxx-16.0.6-dev/include/c++/v1/__config:781:49: note: expanded from macro '_LIBCPP_DEPRECATED'
#      define _LIBCPP_DEPRECATED __attribute__((deprecated))
                                                ^
In file included from Starspace/src/model.cpp:10:
In file included from ./Starspace/src/model.h:12:
In file included from ./Starspace/src/matrix.h:26:
In file included from /nix/store/k3y4927612y2lxd8d04hhvx801x9zc8y-r-BH-1.84.0-0/library/BH/include/boost/numeric/ublas/matrix.hpp:18:
In file included from /nix/store/k3y4927612y2lxd8d04hhvx801x9zc8y-r-BH-1.84.0-0/library/BH/include/boost/numeric/ublas/vector.hpp:21:
In file included from /nix/store/k3y4927612y2lxd8d04hhvx801x9zc8y-r-BH-1.84.0-0/library/BH/include/boost/numeric/ublas/storage.hpp:27:
In file included from /nix/store/k3y4927612y2lxd8d04hhvx801x9zc8y-r-BH-1.84.0-0/library/BH/include/boost/numeric/ublas/traits.hpp:21:
/nix/store/k3y4927612y2lxd8d04hhvx801x9zc8y-r-BH-1.84.0-0/library/BH/include/boost/numeric/ublas/detail/iterator.hpp:204:21: warning: 'iterator<boost::numeric::ublas::dense_random_access_iterator_tag, float>' is deprecated [-Wdeprecated-declarations]
        public std::iterator<IC, T> {
                    ^
/nix/store/k3y4927612y2lxd8d04hhvx801x9zc8y-r-BH-1.84.0-0/library/BH/include/boost/numeric/ublas/vector.hpp:518:18: note: in instantiation of template class 'boost::numeric::ublas::random_access_iterator_base<boost::numeric::ublas::dense_random_access_iterator_tag, boost::numeric::ublas::vector<float>::const_iterator, float>' requested here
                 public random_access_iterator_base<dense_random_access_iterator_tag,
                        ^
/nix/store/k3y4927612y2lxd8d04hhvx801x9zc8y-r-BH-1.84.0-0/library/BH/include/boost/numeric/ublas/detail/vector_assign.hpp:486:59: note: in instantiation of member class 'boost::numeric::ublas::vector<float>::const_iterator' requested here
                                              typename E::const_iterator::iterator_category>::storage_category storage_category;
                                                          ^
/nix/store/k3y4927612y2lxd8d04hhvx801x9zc8y-r-BH-1.84.0-0/library/BH/include/boost/numeric/ublas/matrix_proxy.hpp:139:13: note: in instantiation of function template specialization 'boost::numeric::ublas::vector_assign<boost::numeric::ublas::scalar_assign, boost::numeric::ublas::matrix_row<boost::numeric::ublas::matrix<float>>, boost::numeric::ublas::vector<float>>' requested here
            vector_assign<scalar_assign> (*this, typename vector_temporary_traits<M>::type (*this + ae));
            ^
./Starspace/src/proj.h:58:14: note: in instantiation of function template specialization 'boost::numeric::ublas::matrix_row<boost::numeric::ublas::matrix<float>>::operator+=<boost::numeric::ublas::vector_binary_scalar2<boost::numeric::ublas::matrix_row<boost::numeric::ublas::matrix<float>>, const float, boost::numeric::ublas::scalar_multiplies<float, float>>>' requested here
      outRow += this->row(pair.first) * pair.second;
             ^
Starspace/src/model.cpp:146:19: note: in instantiation of member function 'starspace::SparseLinear<>::forward' requested here
  LHSEmbeddings_->forward(ws, retval);
                  ^
/nix/store/0mmz5i705116bfykc7i1r9jxqwyghj2a-libcxx-16.0.6-dev/include/c++/v1/__iterator/iterator.h:24:29: note: 'iterator<boost::numeric::ublas::dense_random_access_iterator_tag, float>' has been explicitly marked deprecated here
struct _LIBCPP_TEMPLATE_VIS _LIBCPP_DEPRECATED_IN_CXX17 iterator
                            ^
/nix/store/0mmz5i705116bfykc7i1r9jxqwyghj2a-libcxx-16.0.6-dev/include/c++/v1/__config:808:41: note: expanded from macro '_LIBCPP_DEPRECATED_IN_CXX17'
#    define _LIBCPP_DEPRECATED_IN_CXX17 _LIBCPP_DEPRECATED
                                        ^
/nix/store/0mmz5i705116bfykc7i1r9jxqwyghj2a-libcxx-16.0.6-dev/include/c++/v1/__config:781:49: note: expanded from macro '_LIBCPP_DEPRECATED'
#      define _LIBCPP_DEPRECATED __attribute__((deprecated))
                                                ^
1 warning generated.
In file included from Starspace/src/model.cpp:10:
In file included from ./Starspace/src/model.h:12:
In file included from ./Starspace/src/matrix.h:26:
In file included from /nix/store/k3y4927612y2lxd8d04hhvx801x9zc8y-r-BH-1.84.0-0/library/BH/include/boost/numeric/ublas/matrix.hpp:18:
In file included from /nix/store/k3y4927612y2lxd8d04hhvx801x9zc8y-r-BH-1.84.0-0/library/BH/include/boost/numeric/ublas/vector.hpp:21:
In file included from /nix/store/k3y4927612y2lxd8d04hhvx801x9zc8y-r-BH-1.84.0-0/library/BH/include/boost/numeric/ublas/storage.hpp:27:
In file included from /nix/store/k3y4927612y2lxd8d04hhvx801x9zc8y-r-BH-1.84.0-0/library/BH/include/boost/numeric/ublas/traits.hpp:21:
/nix/store/k3y4927612y2lxd8d04hhvx801x9zc8y-r-BH-1.84.0-0/library/BH/include/boost/numeric/ublas/detail/iterator.hpp:149:21: warning: 'iterator<boost::numeric::ublas::sparse_bidirectional_iterator_tag, float>' is deprecated [-Wdeprecated-declarations]
        public std::iterator<IC, T> {
                    ^
/nix/store/k3y4927612y2lxd8d04hhvx801x9zc8y-r-BH-1.84.0-0/library/BH/include/boost/numeric/ublas/matrix.hpp:3564:20: note: in instantiation of template class 'boost::numeric::ublas::bidirectional_iterator_base<boost::numeric::ublas::sparse_bidirectional_iterator_tag, boost::numeric::ublas::zero_matrix<float>::const_iterator1, float>' requested here
            public bidirectional_iterator_base<sparse_bidirectional_iterator_tag,
                   ^
/nix/store/k3y4927612y2lxd8d04hhvx801x9zc8y-r-BH-1.84.0-0/library/BH/include/boost/numeric/ublas/detail/matrix_assign.hpp:1364:59: note: in instantiation of member class 'boost::numeric::ublas::zero_matrix<float>::const_iterator1' requested here
                                              typename E::const_iterator1::iterator_category,
                                                          ^
/nix/store/k3y4927612y2lxd8d04hhvx801x9zc8y-r-BH-1.84.0-0/library/BH/include/boost/numeric/ublas/matrix.hpp:359:13: note: in instantiation of function template specialization 'boost::numeric::ublas::matrix_assign<boost::numeric::ublas::scalar_assign, boost::numeric::ublas::matrix<float>, boost::numeric::ublas::zero_matrix<float>>' requested here
            matrix_assign<scalar_assign> (*this, ae);
            ^
/nix/store/k3y4927612y2lxd8d04hhvx801x9zc8y-r-BH-1.84.0-0/library/BH/include/boost/numeric/ublas/matrix.hpp:342:13: note: in instantiation of function template specialization 'boost::numeric::ublas::matrix<float>::assign<boost::numeric::ublas::zero_matrix<float>>' requested here
            assign (m);
            ^
Starspace/src/model.cpp:454:18: note: in instantiation of function template specialization 'boost::numeric::ublas::matrix<float>::operator=<boost::numeric::ublas::zero_matrix<float>>' requested here
  negMean.matrix = zero_matrix<Real>(1, cols);
                 ^
/nix/store/0mmz5i705116bfykc7i1r9jxqwyghj2a-libcxx-16.0.6-dev/include/c++/v1/__iterator/iterator.h:24:29: note: 'iterator<boost::numeric::ublas::sparse_bidirectional_iterator_tag, float>' has been explicitly marked deprecated here
struct _LIBCPP_TEMPLATE_VIS _LIBCPP_DEPRECATED_IN_CXX17 iterator
                            ^
/nix/store/0mmz5i705116bfykc7i1r9jxqwyghj2a-libcxx-16.0.6-dev/include/c++/v1/__config:808:41: note: expanded from macro '_LIBCPP_DEPRECATED_IN_CXX17'
#    define _LIBCPP_DEPRECATED_IN_CXX17 _LIBCPP_DEPRECATED
                                        ^
/nix/store/0mmz5i705116bfykc7i1r9jxqwyghj2a-libcxx-16.0.6-dev/include/c++/v1/__config:781:49: note: expanded from macro '_LIBCPP_DEPRECATED'
#      define _LIBCPP_DEPRECATED __attribute__((deprecated))
                                                ^
In file included from Starspace/src/model.cpp:10:
In file included from ./Starspace/src/model.h:12:
In file included from ./Starspace/src/matrix.h:26:
In file included from /nix/store/k3y4927612y2lxd8d04hhvx801x9zc8y-r-BH-1.84.0-0/library/BH/include/boost/numeric/ublas/matrix.hpp:18:
In file included from /nix/store/k3y4927612y2lxd8d04hhvx801x9zc8y-r-BH-1.84.0-0/library/BH/include/boost/numeric/ublas/vector.hpp:21:
In file included from /nix/store/k3y4927612y2lxd8d04hhvx801x9zc8y-r-BH-1.84.0-0/library/BH/include/boost/numeric/ublas/storage.hpp:27:
In file included from /nix/store/k3y4927612y2lxd8d04hhvx801x9zc8y-r-BH-1.84.0-0/library/BH/include/boost/numeric/ublas/traits.hpp:21:
/nix/store/k3y4927612y2lxd8d04hhvx801x9zc8y-r-BH-1.84.0-0/library/BH/include/boost/numeric/ublas/detail/iterator.hpp:149:21: warning: 'iterator<boost::numeric::ublas::sparse_bidirectional_iterator_tag, float>' is deprecated [-Wdeprecated-declarations]
        public std::iterator<IC, T> {
                    ^
/nix/store/k3y4927612y2lxd8d04hhvx801x9zc8y-r-BH-1.84.0-0/library/BH/include/boost/numeric/ublas/matrix.hpp:3710:20: note: in instantiation of template class 'boost::numeric::ublas::bidirectional_iterator_base<boost::numeric::ublas::sparse_bidirectional_iterator_tag, boost::numeric::ublas::zero_matrix<float>::const_iterator2, float>' requested here
            public bidirectional_iterator_base<sparse_bidirectional_iterator_tag,
                   ^
/nix/store/k3y4927612y2lxd8d04hhvx801x9zc8y-r-BH-1.84.0-0/library/BH/include/boost/numeric/ublas/detail/matrix_assign.hpp:1365:59: note: in instantiation of member class 'boost::numeric::ublas::zero_matrix<float>::const_iterator2' requested here
                                              typename E::const_iterator2::iterator_category>::storage_category storage_category;
                                                          ^
/nix/store/k3y4927612y2lxd8d04hhvx801x9zc8y-r-BH-1.84.0-0/library/BH/include/boost/numeric/ublas/matrix.hpp:359:13: note: in instantiation of function template specialization 'boost::numeric::ublas::matrix_assign<boost::numeric::ublas::scalar_assign, boost::numeric::ublas::matrix<float>, boost::numeric::ublas::zero_matrix<float>>' requested here
            matrix_assign<scalar_assign> (*this, ae);
            ^
/nix/store/k3y4927612y2lxd8d04hhvx801x9zc8y-r-BH-1.84.0-0/library/BH/include/boost/numeric/ublas/matrix.hpp:342:13: note: in instantiation of function template specialization 'boost::numeric::ublas::matrix<float>::assign<boost::numeric::ublas::zero_matrix<float>>' requested here
            assign (m);
            ^
Starspace/src/model.cpp:454:18: note: in instantiation of function template specialization 'boost::numeric::ublas::matrix<float>::operator=<boost::numeric::ublas::zero_matrix<float>>' requested here
  negMean.matrix = zero_matrix<Real>(1, cols);
                 ^
/nix/store/0mmz5i705116bfykc7i1r9jxqwyghj2a-libcxx-16.0.6-dev/include/c++/v1/__iterator/iterator.h:24:29: note: 'iterator<boost::numeric::ublas::sparse_bidirectional_iterator_tag, float>' has been explicitly marked deprecated here
struct _LIBCPP_TEMPLATE_VIS _LIBCPP_DEPRECATED_IN_CXX17 iterator
                            ^
/nix/store/0mmz5i705116bfykc7i1r9jxqwyghj2a-libcxx-16.0.6-dev/include/c++/v1/__config:808:41: note: expanded from macro '_LIBCPP_DEPRECATED_IN_CXX17'
#    define _LIBCPP_DEPRECATED_IN_CXX17 _LIBCPP_DEPRECATED
                                        ^
/nix/store/0mmz5i705116bfykc7i1r9jxqwyghj2a-libcxx-16.0.6-dev/include/c++/v1/__config:781:49: note: expanded from macro '_LIBCPP_DEPRECATED'
#      define _LIBCPP_DEPRECATED __attribute__((deprecated))
                                                ^
In file included from /nix/store/v39c0h6xv6hvki2k1bsyp5n090q8y2bp-clang-wrapper-16.0.6/bin/c++ -std=gnu++17 -I"/nix/store/lir8rmsk7dxbj7v1spqmv69z4mafg16l-R-4.4.2/lib/R/include" -DNDEBUG -pthread -DSTRICT_R_HEADERS -DBOOST_NO_AUTO_PTR -I./Starspace/src -I'/nix/store/da7yi2xf3argx9hlnn3f0k95b8y1yx2l-r-Rcpp-1.0.13-1/library/Rcpp/include' -I'/nix/store/k3y4927612y2lxd8d04hhvx801x9zc8y-r-BH-1.84.0-0/library/BH/include' -isystem /nix/store/0mmz5i705116bfykc7i1r9jxqwyghj2a-libcxx-16.0.6-dev/include/c++/v1    -fPIC  -g -O2   -c RcppExports.cpp -o RcppExports.o
Starspace/src/model.cpp:10:
In file included from ./Starspace/src/model.h:12:
In file included from ./Starspace/src/matrix.h:26:
In file included from /nix/store/k3y4927612y2lxd8d04hhvx801x9zc8y-r-BH-1.84.0-0/library/BH/include/boost/numeric/ublas/matrix.hpp:18:
In file included from /nix/store/k3y4927612y2lxd8d04hhvx801x9zc8y-r-BH-1.84.0-0/library/BH/include/boost/numeric/ublas/vector.hpp:21:
In file included from /nix/store/k3y4927612y2lxd8d04hhvx801x9zc8y-r-BH-1.84.0-0/library/BH/include/boost/numeric/ublas/storage.hpp:27:
In file included from /nix/store/k3y4927612y2lxd8d04hhvx801x9zc8y-r-BH-1.84.0-0/library/BH/include/boost/numeric/ublas/traits.hpp:21:
/nix/store/k3y4927612y2lxd8d04hhvx801x9zc8y-r-BH-1.84.0-0/library/BH/include/boost/numeric/ublas/detail/iterator.hpp:204:21: warning: 'iterator<boost::numeric::ublas::dense_random_access_iterator_tag, float>' is deprecated [-Wdeprecated-declarations]
        public std::iterator<IC, T> {
                    ^
/nix/store/k3y4927612y2lxd8d04hhvx801x9zc8y-r-BH-1.84.0-0/library/BH/include/boost/numeric/ublas/matrix.hpp:990:20: note: in instantiation of template class 'boost::numeric::ublas::random_access_iterator_base<boost::numeric::ublas::dense_random_access_iterator_tag, boost::numeric::ublas::matrix<float>::iterator2, float>' requested here
            public random_access_iterator_base<dense_random_access_iterator_tag,
                   ^
/nix/store/k3y4927612y2lxd8d04hhvx801x9zc8y-r-BH-1.84.0-0/library/BH/include/boost/numeric/ublas/detail/matrix_assign.hpp:969:31: note: in instantiation of member class 'boost::numeric::ublas::matrix<float>::iterator2' requested here
        typedef F<typename M::iterator2::reference, typename E::value_type> functor_type;
                              ^
/nix/store/k3y4927612y2lxd8d04hhvx801x9zc8y-r-BH-1.84.0-0/library/BH/include/boost/numeric/ublas/detail/matrix_assign.hpp:1371:9: note: in instantiation of function template specialization 'boost::numeric::ublas::matrix_assign<boost::numeric::ublas::scalar_assign, boost::numeric::ublas::basic_full<>, boost::numeric::ublas::matrix<float>, boost::numeric::ublas::zero_matrix<float>>' requested here
        matrix_assign<F, unrestricted> (m, e, storage_category (), orientation_category ());
        ^
/nix/store/k3y4927612y2lxd8d04hhvx801x9zc8y-r-BH-1.84.0-0/library/BH/include/boost/numeric/ublas/matrix.hpp:359:13: note: in instantiation of function template specialization 'boost::numeric::ublas::matrix_assign<boost::numeric::ublas::scalar_assign, boost::numeric::ublas::matrix<float>, boost::numeric::ublas::zero_matrix<float>>' requested here
            matrix_assign<scalar_assign> (*this, ae);
            ^
/nix/store/k3y4927612y2lxd8d04hhvx801x9zc8y-r-BH-1.84.0-0/library/BH/include/boost/numeric/ublas/matrix.hpp:342:13: note: in instantiation of function template specialization 'boost::numeric::ublas::matrix<float>::assign<boost::numeric::ublas::zero_matrix<float>>' requested here
            assign (m);
            ^
Starspace/src/model.cpp:454:18: note: in instantiation of function template specialization 'boost::numeric::ublas::matrix<float>::operator=<boost::numeric::ublas::zero_matrix<float>>' requested here
  negMean.matrix = zero_matrix<Real>(1, cols);
                 ^
/nix/store/0mmz5i705116bfykc7i1r9jxqwyghj2a-libcxx-16.0.6-dev/include/c++/v1/__iterator/iterator.h:24:29: note: 'iterator<boost::numeric::ublas::dense_random_access_iterator_tag, float>' has been explicitly marked deprecated here
struct _LIBCPP_TEMPLATE_VIS _LIBCPP_DEPRECATED_IN_CXX17 iterator
                            ^
/nix/store/0mmz5i705116bfykc7i1r9jxqwyghj2a-libcxx-16.0.6-dev/include/c++/v1/__config:808:41: note: expanded from macro '_LIBCPP_DEPRECATED_IN_CXX17'
#    define _LIBCPP_DEPRECATED_IN_CXX17 _LIBCPP_DEPRECATED
                                        ^
/nix/store/0mmz5i705116bfykc7i1r9jxqwyghj2a-libcxx-16.0.6-dev/include/c++/v1/__config:781:49: note: expanded from macro '_LIBCPP_DEPRECATED'
#      define _LIBCPP_DEPRECATED __attribute__((deprecated))
                                                ^
In file included from Starspace/src/model.cpp:10:
In file included from ./Starspace/src/model.h:12:
In file included from ./Starspace/src/matrix.h:26:
In file included from /nix/store/k3y4927612y2lxd8d04hhvx801x9zc8y-r-BH-1.84.0-0/library/BH/include/boost/numeric/ublas/matrix.hpp:18:
In file included from /nix/store/k3y4927612y2lxd8d04hhvx801x9zc8y-r-BH-1.84.0-0/library/BH/include/boost/numeric/ublas/vector.hpp:21:
In file included from /nix/store/k3y4927612y2lxd8d04hhvx801x9zc8y-r-BH-1.84.0-0/library/BH/include/boost/numeric/ublas/storage.hpp:27:
In file included from /nix/store/k3y4927612y2lxd8d04hhvx801x9zc8y-r-BH-1.84.0-0/library/BH/include/boost/numeric/ublas/traits.hpp:21:
/nix/store/k3y4927612y2lxd8d04hhvx801x9zc8y-r-BH-1.84.0-0/library/BH/include/boost/numeric/ublas/detail/iterator.hpp:204:21: warning: 'iterator<boost::numeric::ublas::dense_random_access_iterator_tag, float>' is deprecated [-Wdeprecated-declarations]
        public std::iterator<IC, T> {
                    ^
/nix/store/k3y4927612y2lxd8d04hhvx801x9zc8y-r-BH-1.84.0-0/library/BH/include/boost/numeric/ublas/matrix.hpp:486:20: note: in instantiation of template class 'boost::numeric::ublas::random_access_iterator_base<boost::numeric::ublas::dense_random_access_iterator_tag, boost::numeric::ublas::matrix<float>::const_iterator1, float>' requested here
            public random_access_iterator_base<dense_random_access_iterator_tag,
                   ^
/nix/store/k3y4927612y2lxd8d04hhvx801x9zc8y-r-BH-1.84.0-0/library/BH/include/boost/numeric/ublas/matrix_expression.hpp:2149:81: note: in instantiation of member class 'boost::numeric::ublas::matrix<float>::const_iterator1' requested here
            public iterator_base_traits<typename iterator_restrict_traits<typename E1::const_iterator1::iterator_category,
                                                                                       ^
/nix/store/k3y4927612y2lxd8d04hhvx801x9zc8y-r-BH-1.84.0-0/library/BH/include/boost/numeric/ublas/detail/matrix_assign.hpp:1364:59: note: in instantiation of member class 'boost::numeric::ublas::matrix_binary<boost::numeric::ublas::matrix<float>, boost::numeric::ublas::matrix_binary_scalar1<const float, boost::numeric::ublas::matrix<float>, boost::numeric::ublas::scalar_multiplies<float, float>>, boost::numeric::ublas::scalar_plus<float, float>>::const_iterator1' requested here
                                              typename E::const_iterator1::iterator_category,
                                                          ^
/nix/store/k3y4927612y2lxd8d04hhvx801x9zc8y-r-BH-1.84.0-0/library/BH/include/boost/numeric/ublas/matrix.hpp:172:13: note: in instantiation of function template specialization 'boost::numeric::ublas::matrix_assign<boost::numeric::ublas::scalar_assign, boost::numeric::ublas::matrix<float>, boost::numeric::ublas::matrix_binary<boost::numeric::ublas::matrix<float>, boost::numeric::ublas::matrix_binary_scalar1<const float, boost::numeric::ublas::matrix<float>, boost::numeric::ublas::scalar_multiplies<float, float>>, boost::numeric::ublas::scalar_plus<float, float>>>' requested here
            matrix_assign<scalar_assign> (*this, ae);
            ^
/nix/store/k3y4927612y2lxd8d04hhvx801x9zc8y-r-BH-1.84.0-0/library/BH/include/boost/numeric/ublas/matrix.hpp:365:23: note: in instantiation of function template specialization 'boost::numeric::ublas::matrix<float>::matrix<boost::numeric::ublas::matrix_binary<boost::numeric::ublas::matrix<float>, boost::numeric::ublas::matrix_binary_scalar1<const float, boost::numeric::ublas::matrix<float>, boost::numeric::ublas::scalar_multiplies<float, float>>, boost::numeric::ublas::scalar_plus<float, float>>>' requested here
            self_type temporary (*this + ae);
                      ^
./Starspace/src/matrix.h:103:12: note: in instantiation of function template specialization 'boost::numeric::ublas::matrix<float>::operator+=<boost::numeric::ublas::matrix_binary_scalar1<const float, boost::numeric::ublas::matrix<float>, boost::numeric::ublas::scalar_multiplies<float, float>>>' requested here
    matrix += scale * rhs.matrix;
           ^
Starspace/src/model.cpp:476:15: note: in instantiation of member function 'starspace::Matrix<>::add' requested here
      negMean.add(rhsN);
              ^
/nix/store/0mmz5i705116bfykc7i1r9jxqwyghj2a-libcxx-16.0.6-dev/include/c++/v1/__iterator/iterator.h:24:29: note: 'iterator<boost::numeric::ublas::dense_random_access_iterator_tag, float>' has been explicitly marked deprecated here
struct _LIBCPP_TEMPLATE_VIS _LIBCPP_DEPRECATED_IN_CXX17 iterator
                            ^
/nix/store/0mmz5i705116bfykc7i1r9jxqwyghj2a-libcxx-16.0.6-dev/include/c++/v1/__config:808:41: note: expanded from macro '_LIBCPP_DEPRECATED_IN_CXX17'
#    define _LIBCPP_DEPRECATED_IN_CXX17 _LIBCPP_DEPRECATED
                                        ^
/nix/store/0mmz5i705116bfykc7i1r9jxqwyghj2a-libcxx-16.0.6-dev/include/c++/v1/__config:781:49: note: expanded from macro '_LIBCPP_DEPRECATED'
#      define _LIBCPP_DEPRECATED __attribute__((deprecated))
                                                ^
In file included from Starspace/src/model.cpp:10:
In file included from ./Starspace/src/model.h:12:
In file included from ./Starspace/src/matrix.h:26:
In file included from /nix/store/k3y4927612y2lxd8d04hhvx801x9zc8y-r-BH-1.84.0-0/library/BH/include/boost/numeric/ublas/matrix.hpp:18:
In file included from /nix/store/k3y4927612y2lxd8d04hhvx801x9zc8y-r-BH-1.84.0-0/library/BH/include/boost/numeric/ublas/vector.hpp:21:
In file included from /nix/store/k3y4927612y2lxd8d04hhvx801x9zc8y-r-BH-1.84.0-0/library/BH/include/boost/numeric/ublas/storage.hpp:27:
In file included from /nix/store/k3y4927612y2lxd8d04hhvx801x9zc8y-r-BH-1.84.0-0/library/BH/include/boost/numeric/ublas/traits.hpp:21:
/nix/store/k3y4927612y2lxd8d04hhvx801x9zc8y-r-BH-1.84.0-0/library/BH/include/boost/numeric/ublas/detail/iterator.hpp:204:21: warning: 'iterator<boost::numeric::ublas::dense_random_access_iterator_tag, float>' is deprecated [-Wdeprecated-declarations]
        public std::iterator<IC, T> {
                    ^
/nix/store/k3y4927612y2lxd8d04hhvx801x9zc8y-r-BH-1.84.0-0/library/BH/include/boost/numeric/ublas/matrix_expression.hpp:3054:13: note: in instantiation of template class 'boost::numeric::ublas::random_access_iterator_base<boost::numeric::ublas::dense_random_access_iterator_tag, boost::numeric::ublas::matrix_binary_scalar1<const float, boost::numeric::ublas::matrix<float>, boost::numeric::ublas::scalar_multiplies<float, float>>::const_iterator1, float>' requested here
            public iterator_base_traits<typename E2::const_iterator1::iterator_category>::template
                   ^
/nix/store/k3y4927612y2lxd8d04hhvx801x9zc8y-r-BH-1.84.0-0/library/BH/include/boost/numeric/ublas/matrix_expression.hpp:2150:19: note: in instantiation of member class 'boost::numeric::ublas::matrix_binary_scalar1<const float, boost::numeric::ublas::matrix<float>, boost::numeric::ublas::scalar_multiplies<float, float>>::const_iterator1' requested here
            typename E2::const_iterator1::iterator_category>::iterator_category>::template
                         ^
/nix/store/k3y4927612y2lxd8d04hhvx801x9zc8y-r-BH-1.84.0-0/library/BH/include/boost/numeric/ublas/detail/matrix_assign.hpp:1364:59: note: in instantiation of member class 'boost::numeric::ublas::matrix_binary<boost::numeric::ublas::matrix<float>, boost::numeric::ublas::matrix_binary_scalar1<const float, boost::numeric::ublas::matrix<float>, boost::numeric::ublas::scalar_multiplies<float, float>>, boost::numeric::ublas::scalar_plus<float, float>>::const_iterator1' requested here
                                              typename E::const_iterator1::iterator_category,
                                                          ^
/nix/store/k3y4927612y2lxd8d04hhvx801x9zc8y-r-BH-1.84.0-0/library/BH/include/boost/numeric/ublas/matrix.hpp:172:13: note: in instantiation of function template specialization 'boost::numeric::ublas::matrix_assign<boost::numeric::ublas::scalar_assign, boost::numeric::ublas::matrix<float>, boost::numeric::ublas::matrix_binary<boost::numeric::ublas::matrix<float>, boost::numeric::ublas::matrix_binary_scalar1<const float, boost::numeric::ublas::matrix<float>, boost::numeric::ublas::scalar_multiplies<float, float>>, boost::numeric::ublas::scalar_plus<float, float>>>' requested here
            matrix_assign<scalar_assign> (*this, ae);
            ^
/nix/store/k3y4927612y2lxd8d04hhvx801x9zc8y-r-BH-1.84.0-0/library/BH/include/boost/numeric/ublas/matrix.hpp:365:23: note: in instantiation of function template specialization 'boost::numeric::ublas::matrix<float>::matrix<boost::numeric::ublas::matrix_binary<boost::numeric::ublas::matrix<float>, boost::numeric::ublas::matrix_binary_scalar1<const float, boost::numeric::ublas::matrix<float>, boost::numeric::ublas::scalar_multiplies<float, float>>, boost::numeric::ublas::scalar_plus<float, float>>>' requested here
            self_type temporary (*this + ae);
                      ^
./Starspace/src/matrix.h:103:12: note: in instantiation of function template specialization 'boost::numeric::ublas::matrix<float>::operator+=<boost::numeric::ublas::matrix_binary_scalar1<const float, boost::numeric::ublas::matrix<float>, boost::numeric::ublas::scalar_multiplies<float, float>>>' requested here
    matrix += scale * rhs.matrix;
           ^
Starspace/src/model.cpp:476:15: note: in instantiation of member function 'starspace::Matrix<>::add' requested here
      negMean.add(rhsN);
              ^
/nix/store/0mmz5i705116bfykc7i1r9jxqwyghj2a-libcxx-16.0.6-dev/include/c++/v1/__iterator/iterator.h:24:29: note: 'iterator<boost::numeric::ublas::dense_random_access_iterator_tag, float>' has been explicitly marked deprecated here
struct _LIBCPP_TEMPLATE_VIS _LIBCPP_DEPRECATED_IN_CXX17 iterator
                            ^
/nix/store/0mmz5i705116bfykc7i1r9jxqwyghj2a-libcxx-16.0.6-dev/include/c++/v1/__config:808:41: note: expanded from macro '_LIBCPP_DEPRECATED_IN_CXX17'
#    define _LIBCPP_DEPRECATED_IN_CXX17 _LIBCPP_DEPRECATED
                                        ^
/nix/store/0mmz5i705116bfykc7i1r9jxqwyghj2a-libcxx-16.0.6-dev/include/c++/v1/__config:781:49: note: expanded from macro '_LIBCPP_DEPRECATED'
#      define _LIBCPP_DEPRECATED __attribute__((deprecated))
                                                ^
In file included from Starspace/src/model.cpp:10:
In file included from ./Starspace/src/model.h:12:
In file included from ./Starspace/src/matrix.h:26:
In file included from /nix/store/k3y4927612y2lxd8d04hhvx801x9zc8y-r-BH-1.84.0-0/library/BH/include/boost/numeric/ublas/matrix.hpp:18:
In file included from /nix/store/k3y4927612y2lxd8d04hhvx801x9zc8y-r-BH-1.84.0-0/library/BH/include/boost/numeric/ublas/vector.hpp:21:
In file included from /nix/store/k3y4927612y2lxd8d04hhvx801x9zc8y-r-BH-1.84.0-0/library/BH/include/boost/numeric/ublas/storage.hpp:27:
In file included from /nix/store/k3y4927612y2lxd8d04hhvx801x9zc8y-r-BH-1.84.0-0/library/BH/include/boost/numeric/ublas/traits.hpp:21:
/nix/store/k3y4927612y2lxd8d04hhvx801x9zc8y-r-BH-1.84.0-0/library/BH/include/boost/numeric/ublas/detail/iterator.hpp:204:21: warning: 'iterator<boost::numeric::ublas::dense_random_access_iterator_tag, float>' is deprecated [-Wdeprecated-declarations]
        public std::iterator<IC, T> {
                    ^
/nix/store/k3y4927612y2lxd8d04hhvx801x9zc8y-r-BH-1.84.0-0/library/BH/include/boost/numeric/ublas/matrix_expression.hpp:2149:13: note: in instantiation of template class 'boost::numeric::ublas::random_access_iterator_base<boost::numeric::ublas::dense_random_access_iterator_tag, boost::numeric::ublas::matrix_binary<boost::numeric::ublas::matrix<float>, boost::numeric::ublas::matrix_binary_scalar1<const float, boost::numeric::ublas::matrix<float>, boost::numeric::ublas::scalar_multiplies<float, float>>, boost::numeric::ublas::scalar_plus<float, float>>::const_iterator1, float>' requested here
            public iterator_base_traits<typename iterator_restrict_traits<typename E1::const_iterator1::iterator_category,
                   ^
/nix/store/k3y4927612y2lxd8d04hhvx801x9zc8y-r-BH-1.84.0-0/library/BH/include/boost/numeric/ublas/detail/matrix_assign.hpp:1364:59: note: in instantiation of member class 'boost::numeric::ublas::matrix_binary<boost::numeric::ublas::matrix<float>, boost::numeric::ublas::matrix_binary_scalar1<const float, boost::numeric::ublas::matrix<float>, boost::numeric::ublas::scalar_multiplies<float, float>>, boost::numeric::ublas::scalar_plus<float, float>>::const_iterator1' requested here
                                              typename E::const_iterator1::iterator_category,
                                                          ^
/nix/store/k3y4927612y2lxd8d04hhvx801x9zc8y-r-BH-1.84.0-0/library/BH/include/boost/numeric/ublas/matrix.hpp:172:13: note: in instantiation of function template specialization 'boost::numeric::ublas::matrix_assign<boost::numeric::ublas::scalar_assign, boost::numeric::ublas::matrix<float>, boost::numeric::ublas::matrix_binary<boost::numeric::ublas::matrix<float>, boost::numeric::ublas::matrix_binary_scalar1<const float, boost::numeric::ublas::matrix<float>, boost::numeric::ublas::scalar_multiplies<float, float>>, boost::numeric::ublas::scalar_plus<float, float>>>' requested here
            matrix_assign<scalar_assign> (*this, ae);
            ^
/nix/store/k3y4927612y2lxd8d04hhvx801x9zc8y-r-BH-1.84.0-0/library/BH/include/boost/numeric/ublas/matrix.hpp:365:23: note: in instantiation of function template specialization 'boost::numeric::ublas::matrix<float>::matrix<boost::numeric::ublas::matrix_binary<boost::numeric::ublas::matrix<float>, boost::numeric::ublas::matrix_binary_scalar1<const float, boost::numeric::ublas::matrix<float>, boost::numeric::ublas::scalar_multiplies<float, float>>, boost::numeric::ublas::scalar_plus<float, float>>>' requested here
            self_type temporary (*this + ae);
                      ^
./Starspace/src/matrix.h:103:12: note: in instantiation of function template specialization 'boost::numeric::ublas::matrix<float>::operator+=<boost::numeric::ublas::matrix_binary_scalar1<const float, boost::numeric::ublas::matrix<float>, boost::numeric::ublas::scalar_multiplies<float, float>>>' requested here
    matrix += scale * rhs.matrix;
           ^
Starspace/src/model.cpp:476:15: note: in instantiation of member function 'starspace::Matrix<>::add' requested here
      negMean.add(rhsN);
              ^
/nix/store/0mmz5i705116bfykc7i1r9jxqwyghj2a-libcxx-16.0.6-dev/include/c++/v1/__iterator/iterator.h:24:29: note: 'iterator<boost::numeric::ublas::dense_random_access_iterator_tag, float>' has been explicitly marked deprecated here
struct _LIBCPP_TEMPLATE_VIS _LIBCPP_DEPRECATED_IN_CXX17 iterator
                            ^
/nix/store/0mmz5i705116bfykc7i1r9jxqwyghj2a-libcxx-16.0.6-dev/include/c++/v1/__config:808:41: note: expanded from macro '_LIBCPP_DEPRECATED_IN_CXX17'
#    define _LIBCPP_DEPRECATED_IN_CXX17 _LIBCPP_DEPRECATED
                                        ^
/nix/store/0mmz5i705116bfykc7i1r9jxqwyghj2a-libcxx-16.0.6-dev/include/c++/v1/__config:781:49: note: expanded from macro '_LIBCPP_DEPRECATED'
#      define _LIBCPP_DEPRECATED __attribute__((deprecated))
                                                ^
In file included from Starspace/src/model.cpp:10:
In file included from ./Starspace/src/model.h:12:
In file included from ./Starspace/src/matrix.h:26:
In file included from /nix/store/k3y4927612y2lxd8d04hhvx801x9zc8y-r-BH-1.84.0-0/library/BH/include/boost/numeric/ublas/matrix.hpp:18:
In file included from /nix/store/k3y4927612y2lxd8d04hhvx801x9zc8y-r-BH-1.84.0-0/library/BH/include/boost/numeric/ublas/vector.hpp:21:
In file included from /nix/store/k3y4927612y2lxd8d04hhvx801x9zc8y-r-BH-1.84.0-0/library/BH/include/boost/numeric/ublas/storage.hpp:27:
In file included from /nix/store/k3y4927612y2lxd8d04hhvx801x9zc8y-r-BH-1.84.0-0/library/BH/include/boost/numeric/ublas/traits.hpp:21:
/nix/store/k3y4927612y2lxd8d04hhvx801x9zc8y-r-BH-1.84.0-0/library/BH/include/boost/numeric/ublas/detail/iterator.hpp:204:21: warning: 'iterator<boost::numeric::ublas::dense_random_access_iterator_tag, float>' is deprecated [-Wdeprecated-declarations]
        public std::iterator<IC, T> {
                    ^
/nix/store/k3y4927612y2lxd8d04hhvx801x9zc8y-r-BH-1.84.0-0/library/BH/include/boost/numeric/ublas/matrix_expression.hpp:3233:13: note: in instantiation of template class 'boost::numeric::ublas::random_access_iterator_base<boost::numeric::ublas::dense_random_access_iterator_tag, boost::numeric::ublas::matrix_binary_scalar1<const float, boost::numeric::ublas::matrix<float>, boost::numeric::ublas::scalar_multiplies<float, float>>::const_iterator2, float>' requested here
            public iterator_base_traits<typename E2::const_iterator2::iterator_category>::template
                   ^
/nix/store/k3y4927612y2lxd8d04hhvx801x9zc8y-r-BH-1.84.0-0/library/BH/include/boost/numeric/ublas/matrix_expression.hpp:2501:19: note: in instantiation of member class 'boost::numeric::ublas::matrix_binary_scalar1<const float, boost::numeric::ublas::matrix<float>, boost::numeric::ublas::scalar_multiplies<float, float>>::const_iterator2' requested here
            typename E2::const_iterator2::iterator_category>::iterator_category>::template
                         ^
/nix/store/k3y4927612y2lxd8d04hhvx801x9zc8y-r-BH-1.84.0-0/library/BH/include/boost/numeric/ublas/detail/matrix_assign.hpp:1365:59: note: in instantiation of member class 'boost::numeric::ublas::matrix_binary<boost::numeric::ublas::matrix<float>, boost::numeric::ublas::matrix_binary_scalar1<const float, boost::numeric::ublas::matrix<float>, boost::numeric::ublas::scalar_multiplies<float, float>>, boost::numeric::ublas::scalar_plus<float, float>>::const_iterator2' requested here
                                              typename E::const_iterator2::iterator_category>::storage_category storage_category;
                                                          ^
/nix/store/k3y4927612y2lxd8d04hhvx801x9zc8y-r-BH-1.84.0-0/library/BH/include/boost/numeric/ublas/matrix.hpp:172:13: note: in instantiation of function template specialization 'boost::numeric::ublas::matrix_assign<boost::numeric::ublas::scalar_assign, boost::numeric::ublas::matrix<float>, boost::numeric::ublas::matrix_binary<boost::numeric::ublas::matrix<float>, boost::numeric::ublas::matrix_binary_scalar1<const float, boost::numeric::ublas::matrix<float>, boost::numeric::ublas::scalar_multiplies<float, float>>, boost::numeric::ublas::scalar_plus<float, float>>>' requested here
            matrix_assign<scalar_assign> (*this, ae);
            ^
/nix/store/k3y4927612y2lxd8d04hhvx801x9zc8y-r-BH-1.84.0-0/library/BH/include/boost/numeric/ublas/matrix.hpp:365:23: note: in instantiation of function template specialization 'boost::numeric::ublas::matrix<float>::matrix<boost::numeric::ublas::matrix_binary<boost::numeric::ublas::matrix<float>, boost::numeric::ublas::matrix_binary_scalar1<const float, boost::numeric::ublas::matrix<float>, boost::numeric::ublas::scalar_multiplies<float, float>>, boost::numeric::ublas::scalar_plus<float, float>>>' requested here
            self_type temporary (*this + ae);
                      ^
./Starspace/src/matrix.h:103:12: note: in instantiation of function template specialization 'boost::numeric::ublas::matrix<float>::operator+=<boost::numeric::ublas::matrix_binary_scalar1<const float, boost::numeric::ublas::matrix<float>, boost::numeric::ublas::scalar_multiplies<float, float>>>' requested here
    matrix += scale * rhs.matrix;
           ^
Starspace/src/model.cpp:476:15: note: in instantiation of member function 'starspace::Matrix<>::add' requested here
      negMean.add(rhsN);
              ^
/nix/store/0mmz5i705116bfykc7i1r9jxqwyghj2a-libcxx-16.0.6-dev/include/c++/v1/__iterator/iterator.h:24:29: note: 'iterator<boost::numeric::ublas::dense_random_access_iterator_tag, float>' has been explicitly marked deprecated here
struct _LIBCPP_TEMPLATE_VIS _LIBCPP_DEPRECATED_IN_CXX17 iterator
                            ^
/nix/store/0mmz5i705116bfykc7i1r9jxqwyghj2a-libcxx-16.0.6-dev/include/c++/v1/__config:808:41: note: expanded from macro '_LIBCPP_DEPRECATED_IN_CXX17'
#    define _LIBCPP_DEPRECATED_IN_CXX17 _LIBCPP_DEPRECATED
                                        ^
/nix/store/0mmz5i705116bfykc7i1r9jxqwyghj2a-libcxx-16.0.6-dev/include/c++/v1/__config:781:49: note: expanded from macro '_LIBCPP_DEPRECATED'
#      define _LIBCPP_DEPRECATED __attribute__((deprecated))
                                                ^
In file included from Starspace/src/model.cpp:10:
In file included from ./Starspace/src/model.h:12:
In file included from ./Starspace/src/matrix.h:26:
In file included from /nix/store/k3y4927612y2lxd8d04hhvx801x9zc8y-r-BH-1.84.0-0/library/BH/include/boost/numeric/ublas/matrix.hpp:18:
In file included from /nix/store/k3y4927612y2lxd8d04hhvx801x9zc8y-r-BH-1.84.0-0/library/BH/include/boost/numeric/ublas/vector.hpp:21:
In file included from /nix/store/k3y4927612y2lxd8d04hhvx801x9zc8y-r-BH-1.84.0-0/library/BH/include/boost/numeric/ublas/storage.hpp:27:
In file included from /nix/store/k3y4927612y2lxd8d04hhvx801x9zc8y-r-BH-1.84.0-0/library/BH/include/boost/numeric/ublas/traits.hpp:21:
/nix/store/k3y4927612y2lxd8d04hhvx801x9zc8y-r-BH-1.84.0-0/library/BH/include/boost/numeric/ublas/detail/iterator.hpp:204:21: warning: 'iterator<boost::numeric::ublas::dense_random_access_iterator_tag, float>' is deprecated [-Wdeprecated-declarations]
        public std::iterator<IC, T> {
                    ^
/nix/store/k3y4927612y2lxd8d04hhvx801x9zc8y-r-BH-1.84.0-0/library/BH/include/boost/numeric/ublas/matrix_expression.hpp:2500:13: note: in instantiation of template class 'boost::numeric::ublas::random_access_iterator_base<boost::numeric::ublas::dense_random_access_iterator_tag, boost::numeric::ublas::matrix_binary<boost::numeric::ublas::matrix<float>, boost::numeric::ublas::matrix_binary_scalar1<const float, boost::numeric::ublas::matrix<float>, boost::numeric::ublas::scalar_multiplies<float, float>>, boost::numeric::ublas::scalar_plus<float, float>>::const_iterator2, float>' requested here
            public iterator_base_traits<typename iterator_restrict_traits<typename E1::const_iterator2::iterator_category,
                   ^
/nix/store/k3y4927612y2lxd8d04hhvx801x9zc8y-r-BH-1.84.0-0/library/BH/include/boost/numeric/ublas/detail/matrix_assign.hpp:1365:59: note: in instantiation of member class 'boost::numeric::ublas::matrix_binary<boost::numeric::ublas::matrix<float>, boost::numeric::ublas::matrix_binary_scalar1<const float, boost::numeric::ublas::matrix<float>, boost::numeric::ublas::scalar_multiplies<float, float>>, boost::numeric::ublas::scalar_plus<float, float>>::const_iterator2' requested here
                                              typename E::const_iterator2::iterator_category>::storage_category storage_category;
                                                          ^
/nix/store/k3y4927612y2lxd8d04hhvx801x9zc8y-r-BH-1.84.0-0/library/BH/include/boost/numeric/ublas/matrix.hpp:172:13: note: in instantiation of function template specialization 'boost::numeric::ublas::matrix_assign<boost::numeric::ublas::scalar_assign, boost::numeric::ublas::matrix<float>, boost::numeric::ublas::matrix_binary<boost::numeric::ublas::matrix<float>, boost::numeric::ublas::matrix_binary_scalar1<const float, boost::numeric::ublas::matrix<float>, boost::numeric::ublas::scalar_multiplies<float, float>>, boost::numeric::ublas::scalar_plus<float, float>>>' requested here
            matrix_assign<scalar_assign> (*this, ae);
            ^
/nix/store/k3y4927612y2lxd8d04hhvx801x9zc8y-r-BH-1.84.0-0/library/BH/include/boost/numeric/ublas/matrix.hpp:365:23: note: in instantiation of function template specialization 'boost::numeric::ublas::matrix<float>::matrix<boost::numeric::ublas::matrix_binary<boost::numeric::ublas::matrix<float>, boost::numeric::ublas::matrix_binary_scalar1<const float, boost::numeric::ublas::matrix<float>, boost::numeric::ublas::scalar_multiplies<float, float>>, boost::numeric::ublas::scalar_plus<float, float>>>' requested here
            self_type temporary (*this + ae);
                      ^
./Starspace/src/matrix.h:103:12: note: in instantiation of function template specialization 'boost::numeric::ublas::matrix<float>::operator+=<boost::numeric::ublas::matrix_binary_scalar1<const float, boost::numeric::ublas::matrix<float>, boost::numeric::ublas::scalar_multiplies<float, float>>>' requested here
    matrix += scale * rhs.matrix;
           ^
Starspace/src/model.cpp:476:15: note: in instantiation of member function 'starspace::Matrix<>::add' requested here
      negMean.add(rhsN);
              ^
/nix/store/0mmz5i705116bfykc7i1r9jxqwyghj2a-libcxx-16.0.6-dev/include/c++/v1/__iterator/iterator.h:24:29: note: 'iterator<boost::numeric::ublas::dense_random_access_iterator_tag, float>' has been explicitly marked deprecated here
struct _LIBCPP_TEMPLATE_VIS _LIBCPP_DEPRECATED_IN_CXX17 iterator
                            ^
/nix/store/0mmz5i705116bfykc7i1r9jxqwyghj2a-libcxx-16.0.6-dev/include/c++/v1/__config:808:41: note: expanded from macro '_LIBCPP_DEPRECATED_IN_CXX17'
#    define _LIBCPP_DEPRECATED_IN_CXX17 _LIBCPP_DEPRECATED
                                        ^
/nix/store/0mmz5i705116bfykc7i1r9jxqwyghj2a-libcxx-16.0.6-dev/include/c++/v1/__config:781:49: note: expanded from macro '_LIBCPP_DEPRECATED'
#      define _LIBCPP_DEPRECATED __attribute__((deprecated))
                                                ^
In file included from Starspace/src/model.cpp:10:
In file included from ./Starspace/src/model.h:12:
In file included from ./Starspace/src/matrix.h:26:
In file included from /nix/store/k3y4927612y2lxd8d04hhvx801x9zc8y-r-BH-1.84.0-0/library/BH/include/boost/numeric/ublas/matrix.hpp:18:
In file included from /nix/store/k3y4927612y2lxd8d04hhvx801x9zc8y-r-BH-1.84.0-0/library/BH/include/boost/numeric/ublas/vector.hpp:21:
In file included from /nix/store/k3y4927612y2lxd8d04hhvx801x9zc8y-r-BH-1.84.0-0/library/BH/include/boost/numeric/ublas/storage.hpp:27:
In file included from /nix/store/k3y4927612y2lxd8d04hhvx801x9zc8y-r-BH-1.84.0-0/library/BH/include/boost/numeric/ublas/traits.hpp:21:
/nix/store/k3y4927612y2lxd8d04hhvx801x9zc8y-r-BH-1.84.0-0/library/BH/include/boost/numeric/ublas/detail/iterator.hpp:204:21: warning: 'iterator<boost::numeric::ublas::dense_random_access_iterator_tag, float>' is deprecated [-Wdeprecated-declarations]
        public std::iterator<IC, T> {
                    ^
/nix/store/k3y4927612y2lxd8d04hhvx801x9zc8y-r-BH-1.84.0-0/library/BH/include/boost/numeric/ublas/vector_expression.hpp:1090:20: note: in instantiation of template class 'boost::numeric::ublas::random_access_iterator_base<boost::numeric::ublas::dense_random_access_iterator_tag, boost::numeric::ublas::vector_binary_scalar1<const float, boost::numeric::ublas::matrix_row<boost::numeric::ublas::matrix<float>>, boost::numeric::ublas::scalar_multiplies<float, float>>::const_iterator, float>' requested here
            public iterator_base_traits<typename E2::const_iterator::iterator_category>::template
                   ^
/nix/store/k3y4927612y2lxd8d04hhvx801x9zc8y-r-BH-1.84.0-0/library/BH/include/boost/numeric/ublas/vector_expression.hpp:654:88: note: in instantiation of member class 'boost::numeric::ublas::vector_binary_scalar1<const float, boost::numeric::ublas::matrix_row<boost::numeric::ublas::matrix<float>>, boost::numeric::ublas::scalar_multiplies<float, float>>::const_iterator' requested here
                                                                          typename E2::const_iterator::iterator_category>::iterator_category>::template
                                                                                       ^
/nix/store/k3y4927612y2lxd8d04hhvx801x9zc8y-r-BH-1.84.0-0/library/BH/include/boost/numeric/ublas/detail/vector_assign.hpp:486:59: note: in instantiation of member class 'boost::numeric::ublas::vector_binary<boost::numeric::ublas::matrix_row<boost::numeric::ublas::matrix<float>>, boost::numeric::ublas::vector_binary_scalar1<const float, boost::numeric::ublas::matrix_row<boost::numeric::ublas::matrix<float>>, boost::numeric::ublas::scalar_multiplies<float, float>>, boost::numeric::ublas::scalar_minus<float, float>>::const_iterator' requested here
                                              typename E::const_iterator::iterator_category>::storage_category storage_category;
                                                          ^
/nix/store/k3y4927612y2lxd8d04hhvx801x9zc8y-r-BH-1.84.0-0/library/BH/include/boost/numeric/ublas/vector.hpp:131:10: note: in instantiation of function template specialization 'boost::numeric::ublas::vector_assign<boost::numeric::ublas::scalar_assign, boost::numeric::ublas::vector<float>, boost::numeric::ublas::vector_binary<boost::numeric::ublas::matrix_row<boost::numeric::ublas::matrix<float>>, boost::numeric::ublas::vector_binary_scalar1<const float, boost::numeric::ublas::matrix_row<boost::numeric::ublas::matrix<float>>, boost::numeric::ublas::scalar_multiplies<float, float>>, boost::numeric::ublas::scalar_minus<float, float>>>' requested here
                vector_assign<scalar_assign> (*this, ae);
                ^
/nix/store/k3y4927612y2lxd8d04hhvx801x9zc8y-r-BH-1.84.0-0/library/BH/include/boost/numeric/ublas/matrix_proxy.hpp:151:50: note: in instantiation of function template specialization 'boost::numeric::ublas::vector<float>::vector<boost::numeric::ublas::vector_binary<boost::numeric::ublas::matrix_row<boost::numeric::ublas::matrix<float>>, boost::numeric::ublas::vector_binary_scalar1<const float, boost::numeric::ublas::matrix_row<boost::numeric::ublas::matrix<float>>, boost::numeric::ublas::scalar_multiplies<float, float>>, boost::numeric::ublas::scalar_minus<float, float>>>' requested here
            vector_assign<scalar_assign> (*this, typename vector_temporary_traits<M>::type (*this - ae));
                                                 ^
Starspace/src/model.cpp:630:10: note: in instantiation of function template specialization 'boost::numeric::ublas::matrix_row<boost::numeric::ublas::matrix<float>>::operator-=<boost::numeric::ublas::vector_binary_scalar1<const float, boost::numeric::ublas::matrix_row<boost::numeric::ublas::matrix<float>>, boost::numeric::ublas::scalar_multiplies<float, float>>>' requested here
    dest -= (rate * src);
         ^
/nix/store/0mmz5i705116bfykc7i1r9jxqwyghj2a-libcxx-16.0.6-dev/include/c++/v1/__iterator/iterator.h:24:29: note: 'iterator<boost::numeric::ublas::dense_random_access_iterator_tag, float>' has been explicitly marked deprecated here
struct _LIBCPP_TEMPLATE_VIS _LIBCPP_DEPRECATED_IN_CXX17 iterator
                            ^
/nix/store/0mmz5i705116bfykc7i1r9jxqwyghj2a-libcxx-16.0.6-dev/include/c++/v1/__config:808:41: note: expanded from macro '_LIBCPP_DEPRECATED_IN_CXX17'
#    define _LIBCPP_DEPRECATED_IN_CXX17 _LIBCPP_DEPRECATED
                                        ^
/nix/store/0mmz5i705116bfykc7i1r9jxqwyghj2a-libcxx-16.0.6-dev/include/c++/v1/__config:781:49: note: expanded from macro '_LIBCPP_DEPRECATED'
#      define _LIBCPP_DEPRECATED __attribute__((deprecated))
                                                ^
In file included from Starspace/src/model.cpp:10:
In file included from ./Starspace/src/model.h:12:
In file included from ./Starspace/src/matrix.h:26:
In file included from /nix/store/k3y4927612y2lxd8d04hhvx801x9zc8y-r-BH-1.84.0-0/library/BH/include/boost/numeric/ublas/matrix.hpp:18:
In file included from /nix/store/k3y4927612y2lxd8d04hhvx801x9zc8y-r-BH-1.84.0-0/library/BH/include/boost/numeric/ublas/vector.hpp:21:
In file included from /nix/store/k3y4927612y2lxd8d04hhvx801x9zc8y-r-BH-1.84.0-0/library/BH/include/boost/numeric/ublas/storage.hpp:27:
In file included from /nix/store/k3y4927612y2lxd8d04hhvx801x9zc8y-r-BH-1.84.0-0/library/BH/include/boost/numeric/ublas/traits.hpp:21:
/nix/store/k3y4927612y2lxd8d04hhvx801x9zc8y-r-BH-1.84.0-0/library/BH/include/boost/numeric/ublas/detail/iterator.hpp:204:21: warning: 'iterator<boost::numeric::ublas::dense_random_access_iterator_tag, float>' is deprecated [-Wdeprecated-declarations]
        public std::iterator<IC, T> {
                    ^
/nix/store/k3y4927612y2lxd8d04hhvx801x9zc8y-r-BH-1.84.0-0/library/BH/include/boost/numeric/ublas/vector_expression.hpp:653:20: note: in instantiation of template class 'boost::numeric::ublas::random_access_iterator_base<boost::numeric::ublas::dense_random_access_iterator_tag, boost::numeric::ublas::vector_binary<boost::numeric::ublas::matrix_row<boost::numeric::ublas::matrix<float>>, boost::numeric::ublas::vector_binary_scalar1<const float, boost::numeric::ublas::matrix_row<boost::numeric::ublas::matrix<float>>, boost::numeric::ublas::scalar_multiplies<float, float>>, boost::numeric::ublas::scalar_minus<float, float>>::const_iterator, float>' requested here
            public iterator_base_traits<typename iterator_restrict_traits<typename E1::const_iterator::iterator_category,
                   ^
/nix/store/k3y4927612y2lxd8d04hhvx801x9zc8y-r-BH-1.84.0-0/library/BH/include/boost/numeric/ublas/detail/vector_assign.hpp:486:59: note: in instantiation of member class 'boost::numeric::ublas::vector_binary<boost::numeric::ublas::matrix_row<boost::numeric::ublas::matrix<float>>, boost::numeric::ublas::vector_binary_scalar1<const float, boost::numeric::ublas::matrix_row<boost::numeric::ublas::matrix<float>>, boost::numeric::ublas::scalar_multiplies<float, float>>, boost::numeric::ublas::scalar_minus<float, float>>::const_iterator' requested here
                                              typename E::const_iterator::iterator_category>::storage_category storage_category;
                                                          ^
/nix/store/k3y4927612y2lxd8d04hhvx801x9zc8y-r-BH-1.84.0-0/library/BH/include/boost/numeric/ublas/vector.hpp:131:10: note: in instantiation of function template specialization 'boost::numeric::ublas::vector_assign<boost::numeric::ublas::scalar_assign, boost::numeric::ublas::vector<float>, boost::numeric::ublas::vector_binary<boost::numeric::ublas::matrix_row<boost::numeric::ublas::matrix<float>>, boost::numeric::ublas::vector_binary_scalar1<const float, boost::numeric::ublas::matrix_row<boost::numeric::ublas::matrix<float>>, boost::numeric::ublas::scalar_multiplies<float, float>>, boost::numeric::ublas::scalar_minus<float, float>>>' requested here
                vector_assign<scalar_assign> (*this, ae);
                ^
/nix/store/k3y4927612y2lxd8d04hhvx801x9zc8y-r-BH-1.84.0-0/library/BH/include/boost/numeric/ublas/matrix_proxy.hpp:151:50: note: in instantiation of function template specialization 'boost::numeric::ublas::vector<float>::vector<boost::numeric::ublas::vector_binary<boost::numeric::ublas::matrix_row<boost::numeric::ublas::matrix<float>>, boost::numeric::ublas::vector_binary_scalar1<const float, boost::numeric::ublas::matrix_row<boost::numeric::ublas::matrix<float>>, boost::numeric::ublas::scalar_multiplies<float, float>>, boost::numeric::ublas::scalar_minus<float, float>>>' requested here
            vector_assign<scalar_assign> (*this, typename vector_temporary_traits<M>::type (*this - ae));
                                                 ^
Starspace/src/model.cpp:630:10: note: in instantiation of function template specialization 'boost::numeric::ublas::matrix_row<boost::numeric::ublas::matrix<float>>::operator-=<boost::numeric::ublas::vector_binary_scalar1<const float, boost::numeric::ublas::matrix_row<boost::numeric::ublas::matrix<float>>, boost::numeric::ublas::scalar_multiplies<float, float>>>' requested here
    dest -= (rate * src);
         ^
/nix/store/0mmz5i705116bfykc7i1r9jxqwyghj2a-libcxx-16.0.6-dev/include/c++/v1/__iterator/iterator.h:24:29: note: 'iterator<boost::numeric::ublas::dense_random_access_iterator_tag, float>' has been explicitly marked deprecated here
struct _LIBCPP_TEMPLATE_VIS _LIBCPP_DEPRECATED_IN_CXX17 iterator
                            ^
/nix/store/0mmz5i705116bfykc7i1r9jxqwyghj2a-libcxx-16.0.6-dev/include/c++/v1/__config:808:41: note: expanded from macro '_LIBCPP_DEPRECATED_IN_CXX17'
#    define _LIBCPP_DEPRECATED_IN_CXX17 _LIBCPP_DEPRECATED
                                        ^
/nix/store/0mmz5i705116bfykc7i1r9jxqwyghj2a-libcxx-16.0.6-dev/include/c++/v1/__config:781:49: note: expanded from macro '_LIBCPP_DEPRECATED'
#      define _LIBCPP_DEPRECATED __attribute__((deprecated))
                                                ^
In file included from Starspace/src/starspace.cpp:11:
In file included from ./Starspace/src/starspace.h:14:
In file included from ./Starspace/src/matrix.h:26:
In file included from /nix/store/k3y4927612y2lxd8d04hhvx801x9zc8y-r-BH-1.84.0-0/library/BH/include/boost/numeric/ublas/matrix.hpp:17:
In file included from /nix/store/k3y4927612y2lxd8d04hhvx801x9zc8y-r-BH-1.84.0-0/library/BH/include/boost/config.hpp:48:
/nix/store/k3y4927612y2lxd8d04hhvx801x9zc8y-r-BH-1.84.0-0/library/BH/include/boost/config/stdlib/libcpp.hpp:98:11: warning: 'BOOST_NO_AUTO_PTR' macro redefined [-Wmacro-redefined]
#  define BOOST_NO_AUTO_PTR
          ^
<command line>:4:9: note: previous definition is here
#define BOOST_NO_AUTO_PTR 1
        ^
1 warning generated.
In file included from rcpp_textspace.cpp:2:
In file included from ./Starspace/src/starspace.h:14:
In file included from ./Starspace/src/matrix.h:26:
In file included from /nix/store/k3y4927612y2lxd8d04hhvx801x9zc8y-r-BH-1.84.0-0/library/BH/include/boost/numeric/ublas/matrix.hpp:17:
In file included from /nix/store/k3y4927612y2lxd8d04hhvx801x9zc8y-r-BH-1.84.0-0/library/BH/include/boost/config.hpp:48:
/nix/store/k3y4927612y2lxd8d04hhvx801x9zc8y-r-BH-1.84.0-0/library/BH/include/boost/config/stdlib/libcpp.hpp:98:11: warning: 'BOOST_NO_AUTO_PTR' macro redefined [-Wmacro-redefined]
#  define BOOST_NO_AUTO_PTR
          ^
<command line>:4:9: note: previous definition is here
#define BOOST_NO_AUTO_PTR 1
        ^
16 warnings generated.
1 warning generated.
1 warning generated.
/nix/store/v39c0h6xv6hvki2k1bsyp5n090q8y2bp-clang-wrapper-16.0.6/bin/c++ -std=gnu++17 -dynamiclib -Wl,-headerpad_max_install_names -undefined dynamic_lookup -L/nix/store/lir8rmsk7dxbj7v1spqmv69z4mafg16l-R-4.4.2/lib/R/lib -L/nix/store/88xkgzh5g9xppsg3hdxxxh9q43rnxk6k-libcxx-16.0.6/lib -o ruimtehol.so Starspace/src/utils/args.o Starspace/src/utils/normalize.o Starspace/src/utils/utils.o Starspace/src/data.o Starspace/src/dict.o Starspace/src/doc_data.o Starspace/src/doc_parser.o Starspace/src/model.o Starspace/src/parser.o Starspace/src/proj.o Starspace/src/starspace.o rcpp_textspace.o RcppExports.o -pthread -L/nix/store/lir8rmsk7dxbj7v1spqmv69z4mafg16l-R-4.4.2/lib/R/lib -lR -lintl -Wl,-framework -Wl,CoreFoundation
rm -f Starspace/src/utils/args.o Starspace/src/utils/normalize.o Starspace/src/utils/utils.o Starspace/src/data.o Starspace/src/dict.o Starspace/src/doc_data.o Starspace/src/doc_parser.o Starspace/src/model.o Starspace/src/parser.o Starspace/src/proj.o Starspace/src/starspace.o rcpp_textspace.o RcppExports.o
installing to /nix/store/bf4sk1jz2fil09w38q1y328hm20pfzfv-r-ruimtehol-0.3.2/library/00LOCK-ruimtehol/00new/ruimtehol/libs
** R
** data
*** moving datasets to lazyload DB
** inst
** byte-compile and prepare package for lazy loading
** help
*** installing help indices
** building package indices
** installing vignettes
** testing if installed package can be loaded from temporary location
** checking absolute paths in shared objects and dynamic libraries
** testing if installed package can be loaded from final location
** testing if installed package keeps a record of temporary installation path
* DONE (ruimtehol)
Running phase: fixupPhase
checking for references to /private/tmp/nix-build-r-ruimtehol-0.3.2.drv-0/ in /nix/store/bf4sk1jz2fil09w38q1y328hm20pfzfv-r-ruimtehol-0.3.2...
patching script interpreter paths in /nix/store/bf4sk1jz2fil09w38q1y328hm20pfzfv-r-ruimtehol-0.3.2
rewriting symlink /nix/store/bf4sk1jz2fil09w38q1y328hm20pfzfv-r-ruimtehol-0.3.2/nix-support/propagated-user-env-packages to be relative to /nix/store/bf4sk1jz2fil09w38q1y328hm20pfzfv-r-ruimtehol-0.3.2
