these 2 derivations will be built:
  /nix/store/7agq04d5mw83wmwiszq5spyrqb1iyb29-IATanalytics_0.2.0.tar.gz.drv
  /nix/store/n7gyc68vhdvhpjl51ss91vj9ya3f5k75-r-IATanalytics-0.2.0.drv
building '/nix/store/7agq04d5mw83wmwiszq5spyrqb1iyb29-IATanalytics_0.2.0.tar.gz.drv'...

trying https://cran.r-project.org/src/contrib/IATanalytics_0.2.0.tar.gz
  % Total    % Received % Xferd  Average Speed   Time    Time     Time  Current
                                 Dload  Upload   Total   Spent    Left  Speed
100  6590  100  6590    0     0  72136      0 --:--:-- --:--:-- --:--:-- 72417
building '/nix/store/n7gyc68vhdvhpjl51ss91vj9ya3f5k75-r-IATanalytics-0.2.0.drv'...
Running phase: unpackPhase
unpacking source archive /nix/store/ygng0npwzz8sr8rcxim801n9hj9j5ns3-IATanalytics_0.2.0.tar.gz
source root is IATanalytics
setting SOURCE_DATE_EPOCH to timestamp 1725635406 of file IATanalytics/MD5
Running phase: patchPhase
Running phase: updateAutotoolsGnuConfigScriptsPhase
Running phase: configurePhase
Running phase: buildPhase
Running phase: checkPhase
Running phase: installPhase
* installing *source* package ‘IATanalytics’ ...
** package ‘IATanalytics’ correctement décompressé et sommes MD5 vérifiées
** using staged installation
** R
** data
*** moving datasets to lazyload DB
** byte-compile and prepare package for lazy loading
** help
*** installing help indices
** building package indices
** testing if installed package can be loaded from temporary location
** testing if installed package can be loaded from final location
** testing if installed package keeps a record of temporary installation path
* DONE (IATanalytics)
Running phase: fixupPhase
checking for references to /private/tmp/nix-build-r-IATanalytics-0.2.0.drv-0/ in /nix/store/2hgq7mppzqjr3lz0a0a3k1p4vbkawhj6-r-IATanalytics-0.2.0...
patching script interpreter paths in /nix/store/2hgq7mppzqjr3lz0a0a3k1p4vbkawhj6-r-IATanalytics-0.2.0
