these 2 derivations will be built:
  /nix/store/kjg3brjm1gkjcd2y7lbqd0d965frx04p-rix_0.12.4.tar.gz.drv
  /nix/store/h5gg89ndnnmq384ckf6svsgx4hkdy3jv-r-rix-0.12.4.drv
building '/nix/store/kjg3brjm1gkjcd2y7lbqd0d965frx04p-rix_0.12.4.tar.gz.drv'...

trying https://cran.r-project.org/src/contrib/rix_0.12.4.tar.gz
  % Total    % Received % Xferd  Average Speed   Time    Time     Time  Current
                                 Dload  Upload   Total   Spent    Left  Speed
100 1895k  100 1895k    0     0  4160k      0 --:--:-- --:--:-- --:--:-- 4157k
building '/nix/store/h5gg89ndnnmq384ckf6svsgx4hkdy3jv-r-rix-0.12.4.drv'...
Running phase: unpackPhase
unpacking source archive /nix/store/gvmpy0p2ja85bfv1l4g28cxc7sfnfh6z-rix_0.12.4.tar.gz
source root is rix
setting SOURCE_DATE_EPOCH to timestamp 1727900405 of file rix/MD5
Running phase: patchPhase
Running phase: updateAutotoolsGnuConfigScriptsPhase
Running phase: configurePhase
Running phase: buildPhase
Running phase: checkPhase
Running phase: installPhase
* installing *source* package ‘rix’ ...
** package ‘rix’ correctement décompressé et sommes MD5 vérifiées
** using staged installation
** R
** inst
** byte-compile and prepare package for lazy loading
** help
*** installing help indices
*** copying figures
** building package indices
** installing vignettes
** testing if installed package can be loaded from temporary location
** testing if installed package can be loaded from final location
** testing if installed package keeps a record of temporary installation path
* DONE (rix)
Running phase: fixupPhase
checking for references to /private/tmp/nix-build-r-rix-0.12.4.drv-0/ in /nix/store/6710pr24zdxk1hj5rxrwsdrasi43k26b-r-rix-0.12.4...
patching script interpreter paths in /nix/store/6710pr24zdxk1hj5rxrwsdrasi43k26b-r-rix-0.12.4
rewriting symlink /nix/store/6710pr24zdxk1hj5rxrwsdrasi43k26b-r-rix-0.12.4/nix-support/propagated-user-env-packages to be relative to /nix/store/6710pr24zdxk1hj5rxrwsdrasi43k26b-r-rix-0.12.4
