this derivation will be built:
  /nix/store/m0s4s26nm8cpcf4mxadmw507g61dgi5z-r-sendgridr-0.6.1.drv
this path will be fetched (0.05 MiB download, 0.05 MiB unpacked):
  /nix/store/m5x1s4ghhvhqws2vgryrfpyrh3f8w7vz-sendgridr_0.6.1.tar.gz
copying path '/nix/store/m5x1s4ghhvhqws2vgryrfpyrh3f8w7vz-sendgridr_0.6.1.tar.gz' from 'https://cache.nixos.org'...
building '/nix/store/m0s4s26nm8cpcf4mxadmw507g61dgi5z-r-sendgridr-0.6.1.drv'...
Running phase: unpackPhase
unpacking source archive /nix/store/m5x1s4ghhvhqws2vgryrfpyrh3f8w7vz-sendgridr_0.6.1.tar.gz
source root is sendgridr
setting SOURCE_DATE_EPOCH to timestamp 1667761202 of file sendgridr/MD5
Running phase: patchPhase
Running phase: updateAutotoolsGnuConfigScriptsPhase
Running phase: configurePhase
Running phase: buildPhase
Running phase: checkPhase
Running phase: installPhase
* installing *source* package ‘sendgridr’ ...
** package ‘sendgridr’ correctement décompressé et sommes MD5 vérifiées
** using staged installation
** R
** inst
** byte-compile and prepare package for lazy loading
** help
*** installing help indices
*** copying figures
** building package indices
** testing if installed package can be loaded from temporary location
** testing if installed package can be loaded from final location
** testing if installed package keeps a record of temporary installation path
* DONE (sendgridr)
Running phase: fixupPhase
checking for references to /private/tmp/nix-build-r-sendgridr-0.6.1.drv-0/ in /nix/store/sc4fjy4rmfjsaa2fz3cprwc091sqs25w-r-sendgridr-0.6.1...
patching script interpreter paths in /nix/store/sc4fjy4rmfjsaa2fz3cprwc091sqs25w-r-sendgridr-0.6.1
rewriting symlink /nix/store/sc4fjy4rmfjsaa2fz3cprwc091sqs25w-r-sendgridr-0.6.1/nix-support/propagated-user-env-packages to be relative to /nix/store/sc4fjy4rmfjsaa2fz3cprwc091sqs25w-r-sendgridr-0.6.1
