these 2 derivations will be built:
  /nix/store/2pjl4swps5i81sl6v3m37r12jxfr1pzd-PepMapViz_1.0.0.tar.gz.drv
  /nix/store/y07sdi9mwxsdn3nscp4cyv03la6g3139-r-PepMapViz-1.0.0.drv
building '/nix/store/2pjl4swps5i81sl6v3m37r12jxfr1pzd-PepMapViz_1.0.0.tar.gz.drv'...

trying https://cran.r-project.org/src/contrib/PepMapViz_1.0.0.tar.gz
  % Total    % Received % Xferd  Average Speed   Time    Time     Time  Current
                                 Dload  Upload   Total   Spent    Left  Speed
100  379k  100  379k    0     0  1878k      0 --:--:-- --:--:-- --:--:-- 1879k
building '/nix/store/y07sdi9mwxsdn3nscp4cyv03la6g3139-r-PepMapViz-1.0.0.drv'...
Running phase: unpackPhase
unpacking source archive /nix/store/0bk4np3rr8vrn412f6bfp417i9fha61f-PepMapViz_1.0.0.tar.gz
source root is PepMapViz
setting SOURCE_DATE_EPOCH to timestamp 1731506413 of file PepMapViz/MD5
Running phase: patchPhase
Running phase: updateAutotoolsGnuConfigScriptsPhase
Running phase: configurePhase
Running phase: buildPhase
Running phase: checkPhase
Running phase: installPhase
* installing *source* package ‘PepMapViz’ ...
** package ‘PepMapViz’ correctement décompressé et sommes MD5 vérifiées
** using staged installation
** R
** inst
** byte-compile and prepare package for lazy loading
** help
*** installing help indices
** building package indices
** installing vignettes
** testing if installed package can be loaded from temporary location
** testing if installed package can be loaded from final location
** testing if installed package keeps a record of temporary installation path
* DONE (PepMapViz)
Running phase: fixupPhase
checking for references to /private/tmp/nix-build-r-PepMapViz-1.0.0.drv-0/ in /nix/store/9v6d4b95n1hcmqyzvp8w6v5ndi8dy3vn-r-PepMapViz-1.0.0...
patching script interpreter paths in /nix/store/9v6d4b95n1hcmqyzvp8w6v5ndi8dy3vn-r-PepMapViz-1.0.0
rewriting symlink /nix/store/9v6d4b95n1hcmqyzvp8w6v5ndi8dy3vn-r-PepMapViz-1.0.0/nix-support/propagated-user-env-packages to be relative to /nix/store/9v6d4b95n1hcmqyzvp8w6v5ndi8dy3vn-r-PepMapViz-1.0.0
