this derivation will be built:
  /nix/store/r1xjz89x38i3k3cx8716rxmj3s0rqq3d-r-woeBinning-0.1.6.drv
this path will be fetched (0.04 MiB download, 0.04 MiB unpacked):
  /nix/store/gqvndyans339cnah2xqnap2fk5z4bh18-woeBinning_0.1.6.tar.gz
copying path '/nix/store/gqvndyans339cnah2xqnap2fk5z4bh18-woeBinning_0.1.6.tar.gz' from 'https://cache.nixos.org'...
building '/nix/store/r1xjz89x38i3k3cx8716rxmj3s0rqq3d-r-woeBinning-0.1.6.drv'...
Running phase: unpackPhase
unpacking source archive /nix/store/gqvndyans339cnah2xqnap2fk5z4bh18-woeBinning_0.1.6.tar.gz
source root is woeBinning
setting SOURCE_DATE_EPOCH to timestamp 1532796003 of file woeBinning/MD5
Running phase: patchPhase
Running phase: updateAutotoolsGnuConfigScriptsPhase
Running phase: configurePhase
Running phase: buildPhase
Running phase: checkPhase
Running phase: installPhase
* installing *source* package ‘woeBinning’ ...
** package ‘woeBinning’ correctement décompressé et sommes MD5 vérifiées
** using staged installation
** R
** data
*** moving datasets to lazyload DB
** byte-compile and prepare package for lazy loading
** help
*** installing help indices
** building package indices
** testing if installed package can be loaded from temporary location
** testing if installed package can be loaded from final location
** testing if installed package keeps a record of temporary installation path
* DONE (woeBinning)
Running phase: fixupPhase
checking for references to /private/tmp/nix-build-r-woeBinning-0.1.6.drv-0/ in /nix/store/ycy61gl5c3nd5x7z3y7s82n6rcpif9b9-r-woeBinning-0.1.6...
patching script interpreter paths in /nix/store/ycy61gl5c3nd5x7z3y7s82n6rcpif9b9-r-woeBinning-0.1.6
