this derivation will be built:
  /nix/store/p08jpm9bn8gljab8wimp9dyqs8m9xgyz-r-phenesse-0.1.2.drv
this path will be fetched (0.02 MiB download, 0.02 MiB unpacked):
  /nix/store/6pag7j0110i3x5hcgf7lm5r3yl54901y-phenesse_0.1.2.tar.gz
copying path '/nix/store/6pag7j0110i3x5hcgf7lm5r3yl54901y-phenesse_0.1.2.tar.gz' from 'https://cache.nixos.org'...
building '/nix/store/p08jpm9bn8gljab8wimp9dyqs8m9xgyz-r-phenesse-0.1.2.drv'...
Running phase: unpackPhase
unpacking source archive /nix/store/6pag7j0110i3x5hcgf7lm5r3yl54901y-phenesse_0.1.2.tar.gz
source root is phenesse
setting SOURCE_DATE_EPOCH to timestamp 1595977206 of file phenesse/MD5
Running phase: patchPhase
Running phase: updateAutotoolsGnuConfigScriptsPhase
Running phase: configurePhase
Running phase: buildPhase
Running phase: checkPhase
Running phase: installPhase
* installing *source* package ‘phenesse’ ...
** package ‘phenesse’ correctement décompressé et sommes MD5 vérifiées
** using staged installation
** R
** data
*** moving datasets to lazyload DB
** inst
** byte-compile and prepare package for lazy loading
** help
*** installing help indices
** building package indices
** installing vignettes
** testing if installed package can be loaded from temporary location
** testing if installed package can be loaded from final location
** testing if installed package keeps a record of temporary installation path
* DONE (phenesse)
Running phase: fixupPhase
checking for references to /private/tmp/nix-build-r-phenesse-0.1.2.drv-0/ in /nix/store/4kkcsl8nywkxhjnbmzi5x2ac5nj4j4is-r-phenesse-0.1.2...
patching script interpreter paths in /nix/store/4kkcsl8nywkxhjnbmzi5x2ac5nj4j4is-r-phenesse-0.1.2
rewriting symlink /nix/store/4kkcsl8nywkxhjnbmzi5x2ac5nj4j4is-r-phenesse-0.1.2/nix-support/propagated-user-env-packages to be relative to /nix/store/4kkcsl8nywkxhjnbmzi5x2ac5nj4j4is-r-phenesse-0.1.2
