this derivation will be built:
  /nix/store/cyhb9p7jkcwb6kl82s11d7il5ygghdqh-r-SASmarkdown-0.8.2.drv
this path will be fetched (0.04 MiB download, 0.04 MiB unpacked):
  /nix/store/imsiychrnjw9b0qxp8j1xs288wn56asw-SASmarkdown_0.8.2.tar.gz
copying path '/nix/store/imsiychrnjw9b0qxp8j1xs288wn56asw-SASmarkdown_0.8.2.tar.gz' from 'https://cache.nixos.org'...
building '/nix/store/cyhb9p7jkcwb6kl82s11d7il5ygghdqh-r-SASmarkdown-0.8.2.drv'...
Running phase: unpackPhase
unpacking source archive /nix/store/imsiychrnjw9b0qxp8j1xs288wn56asw-SASmarkdown_0.8.2.tar.gz
source root is SASmarkdown
setting SOURCE_DATE_EPOCH to timestamp 1678469406 of file SASmarkdown/MD5
Running phase: patchPhase
Running phase: updateAutotoolsGnuConfigScriptsPhase
Running phase: configurePhase
Running phase: buildPhase
Running phase: checkPhase
Running phase: installPhase
* installing *source* package ‘SASmarkdown’ ...
** package ‘SASmarkdown’ correctement décompressé et sommes MD5 vérifiées
** using staged installation
** R
** inst
** byte-compile and prepare package for lazy loading
** help
*** installing help indices
** building package indices
** testing if installed package can be loaded from temporary location
** testing if installed package can be loaded from final location
** testing if installed package keeps a record of temporary installation path
* DONE (SASmarkdown)
Running phase: fixupPhase
checking for references to /private/tmp/nix-build-r-SASmarkdown-0.8.2.drv-0/ in /nix/store/hnnbyalqnvk7c5p1pi99j6mqnix4vyjn-r-SASmarkdown-0.8.2...
patching script interpreter paths in /nix/store/hnnbyalqnvk7c5p1pi99j6mqnix4vyjn-r-SASmarkdown-0.8.2
rewriting symlink /nix/store/hnnbyalqnvk7c5p1pi99j6mqnix4vyjn-r-SASmarkdown-0.8.2/nix-support/propagated-user-env-packages to be relative to /nix/store/hnnbyalqnvk7c5p1pi99j6mqnix4vyjn-r-SASmarkdown-0.8.2
