this derivation will be built:
  /nix/store/wkka97sjffvvd6f8dzhz6hm28la2xv9l-r-LPRelevance-3.3.drv
this path will be fetched (0.17 MiB download, 0.17 MiB unpacked):
  /nix/store/38c9a1k1ggii4ghjy4z32q4nljjds4qp-LPRelevance_3.3.tar.gz
copying path '/nix/store/38c9a1k1ggii4ghjy4z32q4nljjds4qp-LPRelevance_3.3.tar.gz' from 'https://cache.nixos.org'...
building '/nix/store/wkka97sjffvvd6f8dzhz6hm28la2xv9l-r-LPRelevance-3.3.drv'...
Running phase: unpackPhase
unpacking source archive /nix/store/38c9a1k1ggii4ghjy4z32q4nljjds4qp-LPRelevance_3.3.tar.gz
source root is LPRelevance
setting SOURCE_DATE_EPOCH to timestamp 1652854802 of file LPRelevance/MD5
Running phase: patchPhase
Running phase: updateAutotoolsGnuConfigScriptsPhase
Running phase: configurePhase
Running phase: buildPhase
Running phase: checkPhase
Running phase: installPhase
* installing *source* package ‘LPRelevance’ ...
** package ‘LPRelevance’ correctement décompressé et sommes MD5 vérifiées
** using staged installation
** R
** data
** byte-compile and prepare package for lazy loading
** help
*** installing help indices
** building package indices
** testing if installed package can be loaded from temporary location
** testing if installed package can be loaded from final location
** testing if installed package keeps a record of temporary installation path
* DONE (LPRelevance)
Running phase: fixupPhase
checking for references to /private/tmp/nix-build-r-LPRelevance-3.3.drv-0/ in /nix/store/l8n5dmkqdphkhsiji08ikhnmms1sw7rx-r-LPRelevance-3.3...
patching script interpreter paths in /nix/store/l8n5dmkqdphkhsiji08ikhnmms1sw7rx-r-LPRelevance-3.3
rewriting symlink /nix/store/l8n5dmkqdphkhsiji08ikhnmms1sw7rx-r-LPRelevance-3.3/nix-support/propagated-user-env-packages to be relative to /nix/store/l8n5dmkqdphkhsiji08ikhnmms1sw7rx-r-LPRelevance-3.3
