these 2 derivations will be built:
  /nix/store/3bcfacafwxdfw9nlqi6girqh5fncib4z-SingleCaseES_0.7.3.tar.gz.drv
  /nix/store/8m05w45d80rvfdk1gyv94kvg7qzj3b0z-r-SingleCaseES-0.7.3.drv
building '/nix/store/3bcfacafwxdfw9nlqi6girqh5fncib4z-SingleCaseES_0.7.3.tar.gz.drv'...

trying https://cran.r-project.org/src/contrib/SingleCaseES_0.7.3.tar.gz
  % Total    % Received % Xferd  Average Speed   Time    Time     Time  Current
                                 Dload  Upload   Total   Spent    Left  Speed
100  263k  100  263k    0     0  1362k      0 --:--:-- --:--:-- --:--:-- 1366k
building '/nix/store/8m05w45d80rvfdk1gyv94kvg7qzj3b0z-r-SingleCaseES-0.7.3.drv'...
Running phase: unpackPhase
unpacking source archive /nix/store/bckzxkm6hljqccpldsw9yfzjm8nzspav-SingleCaseES_0.7.3.tar.gz
source root is SingleCaseES
setting SOURCE_DATE_EPOCH to timestamp 1725701402 of file SingleCaseES/MD5
Running phase: patchPhase
Running phase: updateAutotoolsGnuConfigScriptsPhase
Running phase: configurePhase
Running phase: buildPhase
Running phase: checkPhase
Running phase: installPhase
* installing *source* package ‘SingleCaseES’ ...
** package ‘SingleCaseES’ correctement décompressé et sommes MD5 vérifiées
** using staged installation
** R
** data
*** moving datasets to lazyload DB
** inst
** byte-compile and prepare package for lazy loading
** help
*** installing help indices
** building package indices
** installing vignettes
** testing if installed package can be loaded from temporary location
** testing if installed package can be loaded from final location
** testing if installed package keeps a record of temporary installation path
* DONE (SingleCaseES)
Running phase: fixupPhase
checking for references to /private/tmp/nix-build-r-SingleCaseES-0.7.3.drv-0/ in /nix/store/ag756s3n6g0363ndmqp1a447qq0l5k71-r-SingleCaseES-0.7.3...
patching script interpreter paths in /nix/store/ag756s3n6g0363ndmqp1a447qq0l5k71-r-SingleCaseES-0.7.3
rewriting symlink /nix/store/ag756s3n6g0363ndmqp1a447qq0l5k71-r-SingleCaseES-0.7.3/nix-support/propagated-user-env-packages to be relative to /nix/store/ag756s3n6g0363ndmqp1a447qq0l5k71-r-SingleCaseES-0.7.3
