this derivation will be built:
  /nix/store/p0qmh6h7prh244cgjg1zfmmx611s0lfk-r-hdmed-1.0.1.drv
this path will be fetched (0.07 MiB download, 0.07 MiB unpacked):
  /nix/store/asdva0fmy6qbcgi7pvwgjwvphikgy2zc-hdmed_1.0.1.tar.gz
copying path '/nix/store/asdva0fmy6qbcgi7pvwgjwvphikgy2zc-hdmed_1.0.1.tar.gz' from 'https://cache.nixos.org'...
building '/nix/store/p0qmh6h7prh244cgjg1zfmmx611s0lfk-r-hdmed-1.0.1.drv'...
Running phase: unpackPhase
unpacking source archive /nix/store/asdva0fmy6qbcgi7pvwgjwvphikgy2zc-hdmed_1.0.1.tar.gz
source root is hdmed
setting SOURCE_DATE_EPOCH to timestamp 1715740807 of file hdmed/MD5
Running phase: patchPhase
Running phase: updateAutotoolsGnuConfigScriptsPhase
Running phase: configurePhase
Running phase: buildPhase
Running phase: checkPhase
Running phase: installPhase
* installing *source* package ‘hdmed’ ...
** package ‘hdmed’ correctement décompressé et sommes MD5 vérifiées
** using staged installation
** R
** data
*** moving datasets to lazyload DB
** inst
** byte-compile and prepare package for lazy loading
** help
*** installing help indices
** building package indices
** testing if installed package can be loaded from temporary location
** testing if installed package can be loaded from final location
** testing if installed package keeps a record of temporary installation path
* DONE (hdmed)
Running phase: fixupPhase
checking for references to /private/tmp/nix-build-r-hdmed-1.0.1.drv-0/ in /nix/store/1kiaqqlhj498sc4byb0ldm48597rhg06-r-hdmed-1.0.1...
patching script interpreter paths in /nix/store/1kiaqqlhj498sc4byb0ldm48597rhg06-r-hdmed-1.0.1
rewriting symlink /nix/store/1kiaqqlhj498sc4byb0ldm48597rhg06-r-hdmed-1.0.1/nix-support/propagated-user-env-packages to be relative to /nix/store/1kiaqqlhj498sc4byb0ldm48597rhg06-r-hdmed-1.0.1
