this derivation will be built:
  /nix/store/n3zdgqdr2c3jr63a37zh164dhdbck4i7-r-partialised-0.1.1.drv
this path will be fetched (0.00 MiB download, 0.00 MiB unpacked):
  /nix/store/aiazxhjipzc7b3xbr4n85y22vrn4f1rh-partialised_0.1.1.tar.gz
copying path '/nix/store/aiazxhjipzc7b3xbr4n85y22vrn4f1rh-partialised_0.1.1.tar.gz' from 'https://cache.nixos.org'...
building '/nix/store/n3zdgqdr2c3jr63a37zh164dhdbck4i7-r-partialised-0.1.1.drv'...
Running phase: unpackPhase
unpacking source archive /nix/store/aiazxhjipzc7b3xbr4n85y22vrn4f1rh-partialised_0.1.1.tar.gz
source root is partialised
setting SOURCE_DATE_EPOCH to timestamp 1667560802 of file partialised/MD5
Running phase: patchPhase
Running phase: updateAutotoolsGnuConfigScriptsPhase
Running phase: configurePhase
Running phase: buildPhase
Running phase: checkPhase
Running phase: installPhase
* installing *source* package ‘partialised’ ...
** package ‘partialised’ correctement décompressé et sommes MD5 vérifiées
** using staged installation
** R
** byte-compile and prepare package for lazy loading
** help
*** installing help indices
** building package indices
** testing if installed package can be loaded from temporary location
** testing if installed package can be loaded from final location
** testing if installed package keeps a record of temporary installation path
* DONE (partialised)
Running phase: fixupPhase
checking for references to /private/tmp/nix-build-r-partialised-0.1.1.drv-0/ in /nix/store/4744i343s7h4galzikh0i1hnynnacs6d-r-partialised-0.1.1...
patching script interpreter paths in /nix/store/4744i343s7h4galzikh0i1hnynnacs6d-r-partialised-0.1.1
rewriting symlink /nix/store/4744i343s7h4galzikh0i1hnynnacs6d-r-partialised-0.1.1/nix-support/propagated-user-env-packages to be relative to /nix/store/4744i343s7h4galzikh0i1hnynnacs6d-r-partialised-0.1.1
