this derivation will be built:
  /nix/store/jm5liaw1mikpvhi4h2da73yqhjv76sq2-r-HPLB-1.0.0.drv
this path will be fetched (0.01 MiB download, 0.01 MiB unpacked):
  /nix/store/i9xpakda21f274y2k30298lqs246hrjs-HPLB_1.0.0.tar.gz
copying path '/nix/store/i9xpakda21f274y2k30298lqs246hrjs-HPLB_1.0.0.tar.gz' from 'https://cache.nixos.org'...
building '/nix/store/jm5liaw1mikpvhi4h2da73yqhjv76sq2-r-HPLB-1.0.0.drv'...
Running phase: unpackPhase
unpacking source archive /nix/store/i9xpakda21f274y2k30298lqs246hrjs-HPLB_1.0.0.tar.gz
source root is HPLB
setting SOURCE_DATE_EPOCH to timestamp 1591707002 of file HPLB/MD5
Running phase: patchPhase
Running phase: updateAutotoolsGnuConfigScriptsPhase
Running phase: configurePhase
Running phase: buildPhase
Running phase: checkPhase
Running phase: installPhase
* installing *source* package ‘HPLB’ ...
** package ‘HPLB’ correctement décompressé et sommes MD5 vérifiées
** using staged installation
** R
** byte-compile and prepare package for lazy loading
** help
*** installing help indices
** building package indices
** testing if installed package can be loaded from temporary location
** testing if installed package can be loaded from final location
** testing if installed package keeps a record of temporary installation path
* DONE (HPLB)
Running phase: fixupPhase
checking for references to /private/tmp/nix-build-r-HPLB-1.0.0.drv-0/ in /nix/store/x4sq0jhkkm5hbagjagcgmgn7m26vjbx5-r-HPLB-1.0.0...
patching script interpreter paths in /nix/store/x4sq0jhkkm5hbagjagcgmgn7m26vjbx5-r-HPLB-1.0.0
rewriting symlink /nix/store/x4sq0jhkkm5hbagjagcgmgn7m26vjbx5-r-HPLB-1.0.0/nix-support/propagated-user-env-packages to be relative to /nix/store/x4sq0jhkkm5hbagjagcgmgn7m26vjbx5-r-HPLB-1.0.0
