this derivation will be built:
  /nix/store/s5hl3ncvi0dhwam486258fxfhy8cizap-r-radar-1.0.0.drv
this path will be fetched (0.01 MiB download, 0.01 MiB unpacked):
  /nix/store/mlp4x5qcs9gnb5wzz9h7wj9xgkvbvjcz-radar_1.0.0.tar.gz
copying path '/nix/store/mlp4x5qcs9gnb5wzz9h7wj9xgkvbvjcz-radar_1.0.0.tar.gz' from 'https://cache.nixos.org'...
building '/nix/store/s5hl3ncvi0dhwam486258fxfhy8cizap-r-radar-1.0.0.drv'...
Running phase: unpackPhase
unpacking source archive /nix/store/mlp4x5qcs9gnb5wzz9h7wj9xgkvbvjcz-radar_1.0.0.tar.gz
source root is radar
setting SOURCE_DATE_EPOCH to timestamp 1417536266 of file radar/MD5
Running phase: patchPhase
Running phase: updateAutotoolsGnuConfigScriptsPhase
Running phase: configurePhase
Running phase: buildPhase
Running phase: checkPhase
Running phase: installPhase
* installing *source* package ‘radar’ ...
** package ‘radar’ correctement décompressé et sommes MD5 vérifiées
** using staged installation
** R
** data
** byte-compile and prepare package for lazy loading
** help
*** installing help indices
** building package indices
** testing if installed package can be loaded from temporary location
** testing if installed package can be loaded from final location
** testing if installed package keeps a record of temporary installation path
* DONE (radar)
Running phase: fixupPhase
checking for references to /private/tmp/nix-build-r-radar-1.0.0.drv-0/ in /nix/store/7z5f28h11qmbij8xqk1a86s8v50ywqmi-r-radar-1.0.0...
patching script interpreter paths in /nix/store/7z5f28h11qmbij8xqk1a86s8v50ywqmi-r-radar-1.0.0
