this derivation will be built:
  /nix/store/gabxas26vw6pa3asgj16f0iim1js2lf8-r-vote-2.4-3.drv
this path will be fetched (0.20 MiB download, 0.20 MiB unpacked):
  /nix/store/k1hrsc82bmqjkw9p9rzmsgrjqmcij7q5-vote_2.4-3.tar.gz
copying path '/nix/store/k1hrsc82bmqjkw9p9rzmsgrjqmcij7q5-vote_2.4-3.tar.gz' from 'https://cache.nixos.org'...
building '/nix/store/gabxas26vw6pa3asgj16f0iim1js2lf8-r-vote-2.4-3.drv'...
Running phase: unpackPhase
unpacking source archive /nix/store/k1hrsc82bmqjkw9p9rzmsgrjqmcij7q5-vote_2.4-3.tar.gz
source root is vote
setting SOURCE_DATE_EPOCH to timestamp 1702185002 of file vote/MD5
Running phase: patchPhase
Running phase: updateAutotoolsGnuConfigScriptsPhase
Running phase: configurePhase
Running phase: buildPhase
Running phase: checkPhase
Running phase: installPhase
* installing *source* package ‘vote’ ...
** package ‘vote’ correctement décompressé et sommes MD5 vérifiées
** using staged installation
** R
** data
** inst
** byte-compile and prepare package for lazy loading
** help
*** installing help indices
** building package indices
** testing if installed package can be loaded from temporary location
** testing if installed package can be loaded from final location
** testing if installed package keeps a record of temporary installation path
* DONE (vote)
Running phase: fixupPhase
checking for references to /private/tmp/nix-build-r-vote-2.4-3.drv-0/ in /nix/store/bxa11l3cacci4mfnhld88b4ap4rnz4p8-r-vote-2.4-3...
patching script interpreter paths in /nix/store/bxa11l3cacci4mfnhld88b4ap4rnz4p8-r-vote-2.4-3
rewriting symlink /nix/store/bxa11l3cacci4mfnhld88b4ap4rnz4p8-r-vote-2.4-3/nix-support/propagated-user-env-packages to be relative to /nix/store/bxa11l3cacci4mfnhld88b4ap4rnz4p8-r-vote-2.4-3
