this derivation will be built:
  /nix/store/3z55zyl33hgkqy5fdyy8c2xafv5kv5gh-r-segMGarch-1.2.drv
this path will be fetched (0.02 MiB download, 0.02 MiB unpacked):
  /nix/store/69ss8ixppr04a7g7qjc5vpiyy4i7jw8g-segMGarch_1.2.tar.gz
copying path '/nix/store/69ss8ixppr04a7g7qjc5vpiyy4i7jw8g-segMGarch_1.2.tar.gz' from 'https://cache.nixos.org'...
building '/nix/store/3z55zyl33hgkqy5fdyy8c2xafv5kv5gh-r-segMGarch-1.2.drv'...
Running phase: unpackPhase
unpacking source archive /nix/store/69ss8ixppr04a7g7qjc5vpiyy4i7jw8g-segMGarch_1.2.tar.gz
source root is segMGarch
setting SOURCE_DATE_EPOCH to timestamp 1547764203 of file segMGarch/MD5
Running phase: patchPhase
Running phase: updateAutotoolsGnuConfigScriptsPhase
Running phase: configurePhase
Running phase: buildPhase
Running phase: checkPhase
Running phase: installPhase
* installing *source* package ‘segMGarch’ ...
** package ‘segMGarch’ correctement décompressé et sommes MD5 vérifiées
** using staged installation
** libs
using C++ compiler: ‘clang version 16.0.6’
using SDK: ‘’
/nix/store/v39c0h6xv6hvki2k1bsyp5n090q8y2bp-clang-wrapper-16.0.6/bin/c++ -std=gnu++17 -I"/nix/store/lir8rmsk7dxbj7v1spqmv69z4mafg16l-R-4.4.2/lib/R/include" -DNDEBUG  -I'/nix/store/da7yi2xf3argx9hlnn3f0k95b8y1yx2l-r-Rcpp-1.0.13-1/library/Rcpp/include' -I'/nix/store/4w8j39mxla47i5piv5f0z7cwxnb50wds-r-RcppArmadillo-14.2.0-1/library/RcppArmadillo/include' -isystem /nix/store/0mmz5i705116bfykc7i1r9jxqwyghj2a-libcxx-16.0.6-dev/include/c++/v1    -fPIC  -g -O2   -c RcppExports.cpp -o RcppExports.o
/nix/store/v39c0h6xv6hvki2k1bsyp5n090q8y2bp-clang-wrapper-16.0.6/bin/c++ -std=gnu++17 -I"/nix/store/lir8rmsk7dxbj7v1spqmv69z4mafg16l-R-4.4.2/lib/R/include" -DNDEBUG  -I'/nix/store/da7yi2xf3argx9hlnn3f0k95b8y1yx2l-r-Rcpp-1.0.13-1/library/Rcpp/include' -I'/nix/store/4w8j39mxla47i5piv5f0z7cwxnb50wds-r-RcppArmadillo-14.2.0-1/library/RcppArmadillo/include' -isystem /nix/store/0mmz5i705116bfykc7i1r9jxqwyghj2a-libcxx-16.0.6-dev/include/c++/v1    -fPIC  -g -O2   -c util.cpp -o util.o
/nix/store/v39c0h6xv6hvki2k1bsyp5n090q8y2bp-clang-wrapper-16.0.6/bin/c++ -std=gnu++17 -dynamiclib -Wl,-headerpad_max_install_names -undefined dynamic_lookup -L/nix/store/lir8rmsk7dxbj7v1spqmv69z4mafg16l-R-4.4.2/lib/R/lib -L/nix/store/88xkgzh5g9xppsg3hdxxxh9q43rnxk6k-libcxx-16.0.6/lib -o segMGarch.so RcppExports.o util.o -L/nix/store/lir8rmsk7dxbj7v1spqmv69z4mafg16l-R-4.4.2/lib/R/lib -lR -lintl -Wl,-framework -Wl,CoreFoundation
installing to /nix/store/ccix3gnmq7726rzqh0rh97h7v6lmzn1w-r-segMGarch-1.2/library/00LOCK-segMGarch/00new/segMGarch/libs
** R
** byte-compile and prepare package for lazy loading
dans la méthode pour ‘garch.seg’ avec la signature ‘"tvMGarch"’ : aucune définition de la classe “tvMGarch” n'est trouvée
dans la méthode pour ‘gen_pc_coef’ avec la signature ‘"simMGarch"’ : aucune définition de la classe “simMGarch” n'est trouvée
dans la méthode pour ‘pc_Sigma’ avec la signature ‘"simMGarch"’ : aucune définition de la classe “simMGarch” n'est trouvée
dans la méthode pour ‘pc_cccsim’ avec la signature ‘"simMGarch"’ : aucune définition de la classe “simMGarch” n'est trouvée
** help
*** installing help indices
** building package indices
** testing if installed package can be loaded from temporary location
** checking absolute paths in shared objects and dynamic libraries
** testing if installed package can be loaded from final location
** testing if installed package keeps a record of temporary installation path
* DONE (segMGarch)
Running phase: fixupPhase
checking for references to /private/tmp/nix-build-r-segMGarch-1.2.drv-0/ in /nix/store/ccix3gnmq7726rzqh0rh97h7v6lmzn1w-r-segMGarch-1.2...
patching script interpreter paths in /nix/store/ccix3gnmq7726rzqh0rh97h7v6lmzn1w-r-segMGarch-1.2
rewriting symlink /nix/store/ccix3gnmq7726rzqh0rh97h7v6lmzn1w-r-segMGarch-1.2/nix-support/propagated-user-env-packages to be relative to /nix/store/ccix3gnmq7726rzqh0rh97h7v6lmzn1w-r-segMGarch-1.2
