this derivation will be built:
  /nix/store/i9kqk5khnvnmz5v7b6505y702f00acxg-r-medicaldata-0.2.0.drv
this path will be fetched (0.49 MiB download, 0.49 MiB unpacked):
  /nix/store/pyswzav62n00l1kv8z8qgw3908w8px4m-medicaldata_0.2.0.tar.gz
copying path '/nix/store/pyswzav62n00l1kv8z8qgw3908w8px4m-medicaldata_0.2.0.tar.gz' from 'https://cache.nixos.org'...
building '/nix/store/i9kqk5khnvnmz5v7b6505y702f00acxg-r-medicaldata-0.2.0.drv'...
Running phase: unpackPhase
unpacking source archive /nix/store/pyswzav62n00l1kv8z8qgw3908w8px4m-medicaldata_0.2.0.tar.gz
source root is medicaldata
setting SOURCE_DATE_EPOCH to timestamp 1629097206 of file medicaldata/MD5
Running phase: patchPhase
Running phase: updateAutotoolsGnuConfigScriptsPhase
Running phase: configurePhase
Running phase: buildPhase
Running phase: checkPhase
Running phase: installPhase
* installing *source* package ‘medicaldata’ ...
** package ‘medicaldata’ correctement décompressé et sommes MD5 vérifiées
** using staged installation
** R
** data
*** moving datasets to lazyload DB
** inst
** byte-compile and prepare package for lazy loading
** help
*** installing help indices
*** copying figures
** building package indices
** installing vignettes
** testing if installed package can be loaded from temporary location
** testing if installed package can be loaded from final location
** testing if installed package keeps a record of temporary installation path
* DONE (medicaldata)
Running phase: fixupPhase
checking for references to /private/tmp/nix-build-r-medicaldata-0.2.0.drv-0/ in /nix/store/gisfbsx6xsrj4abil7nbghnxmg7y2ajl-r-medicaldata-0.2.0...
patching script interpreter paths in /nix/store/gisfbsx6xsrj4abil7nbghnxmg7y2ajl-r-medicaldata-0.2.0
