this derivation will be built:
  /nix/store/l0692dbi1vp8wbq8was8vxqb9j6x7fsz-r-lievens-0.0.1.drv
this path will be fetched (2.30 MiB download, 2.30 MiB unpacked):
  /nix/store/dhi65n5nnfv0w3ky289rmwxwc2dd9bx1-lievens_0.0.1.tar.gz
copying path '/nix/store/dhi65n5nnfv0w3ky289rmwxwc2dd9bx1-lievens_0.0.1.tar.gz' from 'https://cache.nixos.org'...
building '/nix/store/l0692dbi1vp8wbq8was8vxqb9j6x7fsz-r-lievens-0.0.1.drv'...
Running phase: unpackPhase
unpacking source archive /nix/store/dhi65n5nnfv0w3ky289rmwxwc2dd9bx1-lievens_0.0.1.tar.gz
source root is lievens
setting SOURCE_DATE_EPOCH to timestamp 1714741802 of file lievens/MD5
Running phase: patchPhase
Running phase: updateAutotoolsGnuConfigScriptsPhase
Running phase: configurePhase
Running phase: buildPhase
Running phase: checkPhase
Running phase: installPhase
* installing *source* package ‘lievens’ ...
** package ‘lievens’ correctement décompressé et sommes MD5 vérifiées
** using staged installation
** R
** data
*** moving datasets to lazyload DB
** byte-compile and prepare package for lazy loading
** help
*** installing help indices
*** copying figures
** building package indices
** testing if installed package can be loaded from temporary location
** testing if installed package can be loaded from final location
** testing if installed package keeps a record of temporary installation path
* DONE (lievens)
Running phase: fixupPhase
checking for references to /private/tmp/nix-build-r-lievens-0.0.1.drv-0/ in /nix/store/b9wrjl31kgxz02ws6bb13vnamz12w2q2-r-lievens-0.0.1...
patching script interpreter paths in /nix/store/b9wrjl31kgxz02ws6bb13vnamz12w2q2-r-lievens-0.0.1
rewriting symlink /nix/store/b9wrjl31kgxz02ws6bb13vnamz12w2q2-r-lievens-0.0.1/nix-support/propagated-user-env-packages to be relative to /nix/store/b9wrjl31kgxz02ws6bb13vnamz12w2q2-r-lievens-0.0.1
