these 2 derivations will be built:
  /nix/store/3r573crcrfkxxgmfr8fc7niyjp65lqap-SWTools_1.1.0.tar.gz.drv
  /nix/store/jsljya9s0jg11jvjydlpkk3k9f88paip-r-SWTools-1.1.0.drv
building '/nix/store/3r573crcrfkxxgmfr8fc7niyjp65lqap-SWTools_1.1.0.tar.gz.drv'...

trying https://cran.r-project.org/src/contrib/SWTools_1.1.0.tar.gz
  % Total    % Received % Xferd  Average Speed   Time    Time     Time  Current
                                 Dload  Upload   Total   Spent    Left  Speed
100  173k  100  173k    0     0   897k      0 --:--:-- --:--:-- --:--:--  901k
building '/nix/store/jsljya9s0jg11jvjydlpkk3k9f88paip-r-SWTools-1.1.0.drv'...
Running phase: unpackPhase
unpacking source archive /nix/store/dg1jfybzx17lazkigzclr82nh47bxpmc-SWTools_1.1.0.tar.gz
source root is SWTools
setting SOURCE_DATE_EPOCH to timestamp 1728887402 of file SWTools/MD5
Running phase: patchPhase
Running phase: updateAutotoolsGnuConfigScriptsPhase
Running phase: configurePhase
Running phase: buildPhase
Running phase: checkPhase
Running phase: installPhase
* installing *source* package ‘SWTools’ ...
** package ‘SWTools’ correctement décompressé et sommes MD5 vérifiées
** using staged installation
** R
** inst
** byte-compile and prepare package for lazy loading
** help
*** installing help indices
** building package indices
** testing if installed package can be loaded from temporary location
** testing if installed package can be loaded from final location
** testing if installed package keeps a record of temporary installation path
* DONE (SWTools)
Running phase: fixupPhase
checking for references to /private/tmp/nix-build-r-SWTools-1.1.0.drv-0/ in /nix/store/bi35k952w39znrwgry1yly77rkzy3vb1-r-SWTools-1.1.0...
patching script interpreter paths in /nix/store/bi35k952w39znrwgry1yly77rkzy3vb1-r-SWTools-1.1.0
rewriting symlink /nix/store/bi35k952w39znrwgry1yly77rkzy3vb1-r-SWTools-1.1.0/nix-support/propagated-user-env-packages to be relative to /nix/store/bi35k952w39znrwgry1yly77rkzy3vb1-r-SWTools-1.1.0
