this derivation will be built:
  /nix/store/nvh87595lyr01q1l94vvavb1i3g7visl-r-hctrial-0.1.0.drv
this path will be fetched (0.01 MiB download, 0.01 MiB unpacked):
  /nix/store/00i6wxii0d2nmdmx0lcaqp73yr7glz1y-hctrial_0.1.0.tar.gz
copying path '/nix/store/00i6wxii0d2nmdmx0lcaqp73yr7glz1y-hctrial_0.1.0.tar.gz' from 'https://cache.nixos.org'...
building '/nix/store/nvh87595lyr01q1l94vvavb1i3g7visl-r-hctrial-0.1.0.drv'...
Running phase: unpackPhase
unpacking source archive /nix/store/00i6wxii0d2nmdmx0lcaqp73yr7glz1y-hctrial_0.1.0.tar.gz
source root is hctrial
setting SOURCE_DATE_EPOCH to timestamp 1545405606 of file hctrial/MD5
Running phase: patchPhase
Running phase: updateAutotoolsGnuConfigScriptsPhase
Running phase: configurePhase
Running phase: buildPhase
Running phase: checkPhase
Running phase: installPhase
* installing *source* package ‘hctrial’ ...
** package ‘hctrial’ correctement décompressé et sommes MD5 vérifiées
** using staged installation
** R
** byte-compile and prepare package for lazy loading
** help
*** installing help indices
** building package indices
** testing if installed package can be loaded from temporary location
** testing if installed package can be loaded from final location
** testing if installed package keeps a record of temporary installation path
* DONE (hctrial)
Running phase: fixupPhase
checking for references to /private/tmp/nix-build-r-hctrial-0.1.0.drv-0/ in /nix/store/m302l02g1kas1bajcjny733sv456pr7m-r-hctrial-0.1.0...
patching script interpreter paths in /nix/store/m302l02g1kas1bajcjny733sv456pr7m-r-hctrial-0.1.0
rewriting symlink /nix/store/m302l02g1kas1bajcjny733sv456pr7m-r-hctrial-0.1.0/nix-support/propagated-user-env-packages to be relative to /nix/store/m302l02g1kas1bajcjny733sv456pr7m-r-hctrial-0.1.0
