these 2 derivations will be built:
  /nix/store/va5dywd6ph332ghrgnvb8x8xz045yls7-mlpwr_1.1.1.tar.gz.drv
  /nix/store/vw8an3ia2p34kpf1a1j8x9qy8b517rhx-r-mlpwr-1.1.1.drv
building '/nix/store/va5dywd6ph332ghrgnvb8x8xz045yls7-mlpwr_1.1.1.tar.gz.drv'...

trying https://cran.r-project.org/src/contrib/mlpwr_1.1.1.tar.gz
  % Total    % Received % Xferd  Average Speed   Time    Time     Time  Current
                                 Dload  Upload   Total   Spent    Left  Speed
100  964k  100  964k    0     0  3567k      0 --:--:-- --:--:-- --:--:-- 3570k
building '/nix/store/vw8an3ia2p34kpf1a1j8x9qy8b517rhx-r-mlpwr-1.1.1.drv'...
Running phase: unpackPhase
unpacking source archive /nix/store/n9wjb8mvkgx3vgkshv27ikf7r9h5rckx-mlpwr_1.1.1.tar.gz
source root is mlpwr
setting SOURCE_DATE_EPOCH to timestamp 1727996430 of file mlpwr/MD5
Running phase: patchPhase
Running phase: updateAutotoolsGnuConfigScriptsPhase
Running phase: configurePhase
Running phase: buildPhase
Running phase: checkPhase
Running phase: installPhase
* installing *source* package ‘mlpwr’ ...
** package ‘mlpwr’ correctement décompressé et sommes MD5 vérifiées
** using staged installation
** R
** data
*** moving datasets to lazyload DB
** inst
** byte-compile and prepare package for lazy loading
** help
*** installing help indices
*** copying figures
** building package indices
** installing vignettes
** testing if installed package can be loaded from temporary location
** testing if installed package can be loaded from final location
** testing if installed package keeps a record of temporary installation path
* DONE (mlpwr)
Running phase: fixupPhase
checking for references to /private/tmp/nix-build-r-mlpwr-1.1.1.drv-0/ in /nix/store/8d0r5hy060yh3xsgmarzxvd4vpvadvg5-r-mlpwr-1.1.1...
patching script interpreter paths in /nix/store/8d0r5hy060yh3xsgmarzxvd4vpvadvg5-r-mlpwr-1.1.1
rewriting symlink /nix/store/8d0r5hy060yh3xsgmarzxvd4vpvadvg5-r-mlpwr-1.1.1/nix-support/propagated-user-env-packages to be relative to /nix/store/8d0r5hy060yh3xsgmarzxvd4vpvadvg5-r-mlpwr-1.1.1
