this derivation will be built:
  /nix/store/a515602ipvj800i4j8lawdd44jzyignj-r-simET-1.0.3.drv
this path will be fetched (0.08 MiB download, 0.08 MiB unpacked):
  /nix/store/659s241scjvc7p59p4i3gdb2w4m7cwwc-simET_1.0.3.tar.gz
copying path '/nix/store/659s241scjvc7p59p4i3gdb2w4m7cwwc-simET_1.0.3.tar.gz' from 'https://cache.nixos.org'...
building '/nix/store/a515602ipvj800i4j8lawdd44jzyignj-r-simET-1.0.3.drv'...
Running phase: unpackPhase
unpacking source archive /nix/store/659s241scjvc7p59p4i3gdb2w4m7cwwc-simET_1.0.3.tar.gz
source root is simET
setting SOURCE_DATE_EPOCH to timestamp 1692456002 of file simET/MD5
Running phase: patchPhase
Running phase: updateAutotoolsGnuConfigScriptsPhase
Running phase: configurePhase
Running phase: buildPhase
Running phase: checkPhase
Running phase: installPhase
* installing *source* package ‘simET’ ...
** package ‘simET’ correctement décompressé et sommes MD5 vérifiées
** using staged installation
** R
** data
*** moving datasets to lazyload DB
** byte-compile and prepare package for lazy loading
** help
*** installing help indices
** building package indices
** testing if installed package can be loaded from temporary location
** testing if installed package can be loaded from final location
** testing if installed package keeps a record of temporary installation path
* DONE (simET)
Running phase: fixupPhase
checking for references to /private/tmp/nix-build-r-simET-1.0.3.drv-0/ in /nix/store/janfyj120jc177bhm5zi5fmq2lqgch0n-r-simET-1.0.3...
patching script interpreter paths in /nix/store/janfyj120jc177bhm5zi5fmq2lqgch0n-r-simET-1.0.3
rewriting symlink /nix/store/janfyj120jc177bhm5zi5fmq2lqgch0n-r-simET-1.0.3/nix-support/propagated-user-env-packages to be relative to /nix/store/janfyj120jc177bhm5zi5fmq2lqgch0n-r-simET-1.0.3
