this derivation will be built:
  /nix/store/wazb6qjgnmlp27y28l71dmsqchx2695f-r-LassoSIR-0.1.1.drv
this path will be fetched (0.01 MiB download, 0.01 MiB unpacked):
  /nix/store/mq85cnk18q3gv2ylvzyi7jvxnalgys6w-LassoSIR_0.1.1.tar.gz
copying path '/nix/store/mq85cnk18q3gv2ylvzyi7jvxnalgys6w-LassoSIR_0.1.1.tar.gz' from 'https://cache.nixos.org'...
building '/nix/store/wazb6qjgnmlp27y28l71dmsqchx2695f-r-LassoSIR-0.1.1.drv'...
Running phase: unpackPhase
unpacking source archive /nix/store/mq85cnk18q3gv2ylvzyi7jvxnalgys6w-LassoSIR_0.1.1.tar.gz
source root is LassoSIR
setting SOURCE_DATE_EPOCH to timestamp 1512579339 of file LassoSIR/MD5
Running phase: patchPhase
Running phase: updateAutotoolsGnuConfigScriptsPhase
Running phase: configurePhase
Running phase: buildPhase
Running phase: checkPhase
Running phase: installPhase
* installing *source* package ‘LassoSIR’ ...
** package ‘LassoSIR’ correctement décompressé et sommes MD5 vérifiées
** using staged installation
** R
** byte-compile and prepare package for lazy loading
** help
*** installing help indices
** building package indices
** testing if installed package can be loaded from temporary location
** testing if installed package can be loaded from final location
** testing if installed package keeps a record of temporary installation path
* DONE (LassoSIR)
Running phase: fixupPhase
checking for references to /private/tmp/nix-build-r-LassoSIR-0.1.1.drv-0/ in /nix/store/cwrpniwhk1chnia0mgxjp3jmii01wg02-r-LassoSIR-0.1.1...
patching script interpreter paths in /nix/store/cwrpniwhk1chnia0mgxjp3jmii01wg02-r-LassoSIR-0.1.1
rewriting symlink /nix/store/cwrpniwhk1chnia0mgxjp3jmii01wg02-r-LassoSIR-0.1.1/nix-support/propagated-user-env-packages to be relative to /nix/store/cwrpniwhk1chnia0mgxjp3jmii01wg02-r-LassoSIR-0.1.1
