these 2 derivations will be built:
  /nix/store/ylbg4sv3mi8lyyvmvbzwdm961jzi4mwd-healthyR.ai_0.1.0.tar.gz.drv
  /nix/store/hkm3j0hc51if0gzzny07qm71lkw1h18q-r-healthyR.ai-0.1.0.drv
building '/nix/store/ylbg4sv3mi8lyyvmvbzwdm961jzi4mwd-healthyR.ai_0.1.0.tar.gz.drv'...

trying https://cran.r-project.org/src/contrib/healthyR.ai_0.1.0.tar.gz
  % Total    % Received % Xferd  Average Speed   Time    Time     Time  Current
                                 Dload  Upload   Total   Spent    Left  Speed
100  250k  100  250k    0     0  1312k      0 --:--:-- --:--:-- --:--:-- 1317k
building '/nix/store/hkm3j0hc51if0gzzny07qm71lkw1h18q-r-healthyR.ai-0.1.0.drv'...
Running phase: unpackPhase
unpacking source archive /nix/store/zzn1ccvwwgiqgl93idn412wgljd7bayz-healthyR.ai_0.1.0.tar.gz
source root is healthyR.ai
setting SOURCE_DATE_EPOCH to timestamp 1726037402 of file healthyR.ai/MD5
Running phase: patchPhase
Running phase: updateAutotoolsGnuConfigScriptsPhase
Running phase: configurePhase
Running phase: buildPhase
Running phase: checkPhase
Running phase: installPhase
* installing *source* package ‘healthyR.ai’ ...
** package ‘healthyR.ai’ correctement décompressé et sommes MD5 vérifiées
** using staged installation
** R
** inst
** byte-compile and prepare package for lazy loading
** help
*** installing help indices
*** copying figures
** building package indices
** installing vignettes
** testing if installed package can be loaded from temporary location
** testing if installed package can be loaded from final location
** testing if installed package keeps a record of temporary installation path
* DONE (healthyR.ai)
Running phase: fixupPhase
checking for references to /private/tmp/nix-build-r-healthyR.ai-0.1.0.drv-0/ in /nix/store/z3kzj9l7c49d47ia8jnnhfbhn8b12jfk-r-healthyR.ai-0.1.0...
patching script interpreter paths in /nix/store/z3kzj9l7c49d47ia8jnnhfbhn8b12jfk-r-healthyR.ai-0.1.0
rewriting symlink /nix/store/z3kzj9l7c49d47ia8jnnhfbhn8b12jfk-r-healthyR.ai-0.1.0/nix-support/propagated-user-env-packages to be relative to /nix/store/z3kzj9l7c49d47ia8jnnhfbhn8b12jfk-r-healthyR.ai-0.1.0
