this derivation will be built:
  /nix/store/pv3wg3qa2v6zl7x7llsfr8nss18zcbxz-r-opticut-0.1-3.drv
this path will be fetched (0.18 MiB download, 0.18 MiB unpacked):
  /nix/store/aswv6lx8ziyn84qxi47znh75vx13xhy7-opticut_0.1-3.tar.gz
copying path '/nix/store/aswv6lx8ziyn84qxi47znh75vx13xhy7-opticut_0.1-3.tar.gz' from 'https://cache.nixos.org'...
building '/nix/store/pv3wg3qa2v6zl7x7llsfr8nss18zcbxz-r-opticut-0.1-3.drv'...
Running phase: unpackPhase
unpacking source archive /nix/store/aswv6lx8ziyn84qxi47znh75vx13xhy7-opticut_0.1-3.tar.gz
source root is opticut
setting SOURCE_DATE_EPOCH to timestamp 1716328805 of file opticut/MD5
Running phase: patchPhase
Running phase: updateAutotoolsGnuConfigScriptsPhase
Running phase: configurePhase
Running phase: buildPhase
Running phase: checkPhase
Running phase: installPhase
* installing *source* package ‘opticut’ ...
** package ‘opticut’ correctement décompressé et sommes MD5 vérifiées
** using staged installation
** R
** data
*** moving datasets to lazyload DB
** inst
** byte-compile and prepare package for lazy loading
** help
*** installing help indices
** building package indices
** testing if installed package can be loaded from temporary location
** testing if installed package can be loaded from final location
** testing if installed package keeps a record of temporary installation path
* DONE (opticut)
Running phase: fixupPhase
checking for references to /private/tmp/nix-build-r-opticut-0.1-3.drv-0/ in /nix/store/m297hgk5s8nah7y6n6b0p81fd4ph46lp-r-opticut-0.1-3...
patching script interpreter paths in /nix/store/m297hgk5s8nah7y6n6b0p81fd4ph46lp-r-opticut-0.1-3
rewriting symlink /nix/store/m297hgk5s8nah7y6n6b0p81fd4ph46lp-r-opticut-0.1-3/nix-support/propagated-user-env-packages to be relative to /nix/store/m297hgk5s8nah7y6n6b0p81fd4ph46lp-r-opticut-0.1-3
