this derivation will be built:
  /nix/store/v72avxnsicplr58sb3np38y4cd5fp8fd-r-Oncofilterfast-1.0.0.drv
this path will be fetched (0.15 MiB download, 0.15 MiB unpacked):
  /nix/store/kjspbb0lcxz9r5kxj5cnmfszfc49jgfz-Oncofilterfast_1.0.0.tar.gz
copying path '/nix/store/kjspbb0lcxz9r5kxj5cnmfszfc49jgfz-Oncofilterfast_1.0.0.tar.gz' from 'https://cache.nixos.org'...
building '/nix/store/v72avxnsicplr58sb3np38y4cd5fp8fd-r-Oncofilterfast-1.0.0.drv'...
Running phase: unpackPhase
unpacking source archive /nix/store/kjspbb0lcxz9r5kxj5cnmfszfc49jgfz-Oncofilterfast_1.0.0.tar.gz
source root is Oncofilterfast
setting SOURCE_DATE_EPOCH to timestamp 1711534206 of file Oncofilterfast/MD5
Running phase: patchPhase
Running phase: updateAutotoolsGnuConfigScriptsPhase
Running phase: configurePhase
Running phase: buildPhase
Running phase: checkPhase
Running phase: installPhase
* installing *source* package ‘Oncofilterfast’ ...
** package ‘Oncofilterfast’ correctement décompressé et sommes MD5 vérifiées
** using staged installation
** R
** inst
** byte-compile and prepare package for lazy loading
** help
*** installing help indices
** building package indices
** testing if installed package can be loaded from temporary location
** testing if installed package can be loaded from final location
** testing if installed package keeps a record of temporary installation path
* DONE (Oncofilterfast)
Running phase: fixupPhase
checking for references to /private/tmp/nix-build-r-Oncofilterfast-1.0.0.drv-0/ in /nix/store/av3jzc3vxx6zki32zqnvnhlklw5ifmlg-r-Oncofilterfast-1.0.0...
patching script interpreter paths in /nix/store/av3jzc3vxx6zki32zqnvnhlklw5ifmlg-r-Oncofilterfast-1.0.0
rewriting symlink /nix/store/av3jzc3vxx6zki32zqnvnhlklw5ifmlg-r-Oncofilterfast-1.0.0/nix-support/propagated-user-env-packages to be relative to /nix/store/av3jzc3vxx6zki32zqnvnhlklw5ifmlg-r-Oncofilterfast-1.0.0
