these 2 derivations will be built:
  /nix/store/cyrjq79yx06dq4qyhavfirrsipyy3bhh-PCBS_0.1.1.tar.gz.drv
  /nix/store/46xzlgpgkjfcppb4adx7iln280xcwf5y-r-PCBS-0.1.1.drv
building '/nix/store/cyrjq79yx06dq4qyhavfirrsipyy3bhh-PCBS_0.1.1.tar.gz.drv'...

trying https://cran.r-project.org/src/contrib/PCBS_0.1.1.tar.gz
  % Total    % Received % Xferd  Average Speed   Time    Time     Time  Current
                                 Dload  Upload   Total   Spent    Left  Speed
100 1003k  100 1003k    0     0  3632k      0 --:--:-- --:--:-- --:--:-- 3636k
building '/nix/store/46xzlgpgkjfcppb4adx7iln280xcwf5y-r-PCBS-0.1.1.drv'...
Running phase: unpackPhase
unpacking source archive /nix/store/qpivf5hf115aa00kmrp2ddyqg7w2mypk-PCBS_0.1.1.tar.gz
source root is PCBS
setting SOURCE_DATE_EPOCH to timestamp 1724781602 of file PCBS/MD5
Running phase: patchPhase
Running phase: updateAutotoolsGnuConfigScriptsPhase
Running phase: configurePhase
Running phase: buildPhase
Running phase: checkPhase
Running phase: installPhase
* installing *source* package ‘PCBS’ ...
** package ‘PCBS’ correctement décompressé et sommes MD5 vérifiées
** using staged installation
** R
** data
*** moving datasets to lazyload DB
** byte-compile and prepare package for lazy loading
** help
*** installing help indices
** building package indices
** testing if installed package can be loaded from temporary location
** testing if installed package can be loaded from final location
** testing if installed package keeps a record of temporary installation path
* DONE (PCBS)
Running phase: fixupPhase
checking for references to /private/tmp/nix-build-r-PCBS-0.1.1.drv-0/ in /nix/store/a2c855vgrrd5w47rih3f2y0ypafb6i5q-r-PCBS-0.1.1...
patching script interpreter paths in /nix/store/a2c855vgrrd5w47rih3f2y0ypafb6i5q-r-PCBS-0.1.1
rewriting symlink /nix/store/a2c855vgrrd5w47rih3f2y0ypafb6i5q-r-PCBS-0.1.1/nix-support/propagated-user-env-packages to be relative to /nix/store/a2c855vgrrd5w47rih3f2y0ypafb6i5q-r-PCBS-0.1.1
