this derivation will be built:
  /nix/store/j094gffs43bf30hqhkcdsh50zfv7v078-r-latexpdf-0.1.8.drv
this path will be fetched (0.08 MiB download, 0.08 MiB unpacked):
  /nix/store/g11qgmxwxam6zbcwmgr1wqp79ncizbhi-latexpdf_0.1.8.tar.gz
copying path '/nix/store/g11qgmxwxam6zbcwmgr1wqp79ncizbhi-latexpdf_0.1.8.tar.gz' from 'https://cache.nixos.org'...
building '/nix/store/j094gffs43bf30hqhkcdsh50zfv7v078-r-latexpdf-0.1.8.drv'...
Running phase: unpackPhase
unpacking source archive /nix/store/g11qgmxwxam6zbcwmgr1wqp79ncizbhi-latexpdf_0.1.8.tar.gz
source root is latexpdf
setting SOURCE_DATE_EPOCH to timestamp 1703010602 of file latexpdf/MD5
Running phase: patchPhase
Running phase: updateAutotoolsGnuConfigScriptsPhase
Running phase: configurePhase
Running phase: buildPhase
Running phase: checkPhase
Running phase: installPhase
* installing *source* package ‘latexpdf’ ...
** package ‘latexpdf’ correctement décompressé et sommes MD5 vérifiées
** using staged installation
** R
** inst
** byte-compile and prepare package for lazy loading
** help
*** installing help indices
** building package indices
** installing vignettes
** testing if installed package can be loaded from temporary location
** testing if installed package can be loaded from final location
** testing if installed package keeps a record of temporary installation path
* DONE (latexpdf)
Running phase: fixupPhase
checking for references to /private/tmp/nix-build-r-latexpdf-0.1.8.drv-0/ in /nix/store/k1v53782ci168pccppfy1c0bpm6krvpy-r-latexpdf-0.1.8...
patching script interpreter paths in /nix/store/k1v53782ci168pccppfy1c0bpm6krvpy-r-latexpdf-0.1.8
