this derivation will be built:
  /nix/store/l1qr5jcqb8zw3wc9qv1298xc82yhzcps-r-pez-1.2-4.drv
this path will be fetched (0.59 MiB download, 0.59 MiB unpacked):
  /nix/store/zq14w0jbrrmlw5m7w2na2dfcx05ahh53-pez_1.2-4.tar.gz
copying path '/nix/store/zq14w0jbrrmlw5m7w2na2dfcx05ahh53-pez_1.2-4.tar.gz' from 'https://cache.nixos.org'...
building '/nix/store/l1qr5jcqb8zw3wc9qv1298xc82yhzcps-r-pez-1.2-4.drv'...
Running phase: unpackPhase
unpacking source archive /nix/store/zq14w0jbrrmlw5m7w2na2dfcx05ahh53-pez_1.2-4.tar.gz
source root is pez
setting SOURCE_DATE_EPOCH to timestamp 1661968802 of file pez/MD5
Running phase: patchPhase
Running phase: updateAutotoolsGnuConfigScriptsPhase
Running phase: configurePhase
Running phase: buildPhase
Running phase: checkPhase
Running phase: installPhase
* installing *source* package ‘pez’ ...
** package ‘pez’ correctement décompressé et sommes MD5 vérifiées
** using staged installation
** R
** data
** inst
** byte-compile and prepare package for lazy loading
** help
*** installing help indices
** building package indices
** installing vignettes
** testing if installed package can be loaded from temporary location
** testing if installed package can be loaded from final location
** testing if installed package keeps a record of temporary installation path
* DONE (pez)
Running phase: fixupPhase
checking for references to /private/tmp/nix-build-r-pez-1.2-4.drv-0/ in /nix/store/z1ga7f1f062pqjs18gbhjx53gdkig1dn-r-pez-1.2-4...
patching script interpreter paths in /nix/store/z1ga7f1f062pqjs18gbhjx53gdkig1dn-r-pez-1.2-4
rewriting symlink /nix/store/z1ga7f1f062pqjs18gbhjx53gdkig1dn-r-pez-1.2-4/nix-support/propagated-user-env-packages to be relative to /nix/store/z1ga7f1f062pqjs18gbhjx53gdkig1dn-r-pez-1.2-4
