this derivation will be built:
  /nix/store/8m0375pzp4gfjx7yl4rrfx37100w4lip-r-NU.Learning-1.5.drv
this path will be fetched (2.03 MiB download, 2.03 MiB unpacked):
  /nix/store/zkam0m12z44k79gl64l85vm7fkfh3wih-NU.Learning_1.5.tar.gz
copying path '/nix/store/zkam0m12z44k79gl64l85vm7fkfh3wih-NU.Learning_1.5.tar.gz' from 'https://cache.nixos.org'...
building '/nix/store/8m0375pzp4gfjx7yl4rrfx37100w4lip-r-NU.Learning-1.5.drv'...
Running phase: unpackPhase
unpacking source archive /nix/store/zkam0m12z44k79gl64l85vm7fkfh3wih-NU.Learning_1.5.tar.gz
source root is NU.Learning
setting SOURCE_DATE_EPOCH to timestamp 1696114363 of file NU.Learning/MD5
Running phase: patchPhase
Running phase: updateAutotoolsGnuConfigScriptsPhase
Running phase: configurePhase
Running phase: buildPhase
Running phase: checkPhase
Running phase: installPhase
* installing *source* package ‘NU.Learning’ ...
** package ‘NU.Learning’ correctement décompressé et sommes MD5 vérifiées
** using staged installation
** R
** data
** demo
** byte-compile and prepare package for lazy loading
** help
*** installing help indices
** building package indices
** testing if installed package can be loaded from temporary location
** testing if installed package can be loaded from final location
** testing if installed package keeps a record of temporary installation path
* DONE (NU.Learning)
Running phase: fixupPhase
checking for references to /private/tmp/nix-build-r-NU.Learning-1.5.drv-0/ in /nix/store/4c4cvw7fjiydn5bi9hmyz1z27cmnzalh-r-NU.Learning-1.5...
patching script interpreter paths in /nix/store/4c4cvw7fjiydn5bi9hmyz1z27cmnzalh-r-NU.Learning-1.5
rewriting symlink /nix/store/4c4cvw7fjiydn5bi9hmyz1z27cmnzalh-r-NU.Learning-1.5/nix-support/propagated-user-env-packages to be relative to /nix/store/4c4cvw7fjiydn5bi9hmyz1z27cmnzalh-r-NU.Learning-1.5
