this derivation will be built:
  /nix/store/vj2ianbm0sm4pv06sk1v7gnmn5iwfmlw-r-NCSampling-1.0.drv
this path will be fetched (0.06 MiB download, 0.06 MiB unpacked):
  /nix/store/mgwckqfp17am73295a1x08ss3vvb49ya-NCSampling_1.0.tar.gz
copying path '/nix/store/mgwckqfp17am73295a1x08ss3vvb49ya-NCSampling_1.0.tar.gz' from 'https://cache.nixos.org'...
building '/nix/store/vj2ianbm0sm4pv06sk1v7gnmn5iwfmlw-r-NCSampling-1.0.drv'...
Running phase: unpackPhase
unpacking source archive /nix/store/mgwckqfp17am73295a1x08ss3vvb49ya-NCSampling_1.0.tar.gz
source root is NCSampling
setting SOURCE_DATE_EPOCH to timestamp 1498544065 of file NCSampling/MD5
Running phase: patchPhase
Running phase: updateAutotoolsGnuConfigScriptsPhase
Running phase: configurePhase
Running phase: buildPhase
Running phase: checkPhase
Running phase: installPhase
* installing *source* package ‘NCSampling’ ...
** package ‘NCSampling’ correctement décompressé et sommes MD5 vérifiées
** using staged installation
** R
** data
** byte-compile and prepare package for lazy loading
** help
*** installing help indices
** building package indices
** testing if installed package can be loaded from temporary location
** testing if installed package can be loaded from final location
** testing if installed package keeps a record of temporary installation path
* DONE (NCSampling)
Running phase: fixupPhase
checking for references to /private/tmp/nix-build-r-NCSampling-1.0.drv-0/ in /nix/store/a7qvcb4pp98iid3i2dyclfk0xybbxxpj-r-NCSampling-1.0...
patching script interpreter paths in /nix/store/a7qvcb4pp98iid3i2dyclfk0xybbxxpj-r-NCSampling-1.0
rewriting symlink /nix/store/a7qvcb4pp98iid3i2dyclfk0xybbxxpj-r-NCSampling-1.0/nix-support/propagated-user-env-packages to be relative to /nix/store/a7qvcb4pp98iid3i2dyclfk0xybbxxpj-r-NCSampling-1.0
