this derivation will be built:
  /nix/store/83ah5z4nn4rdj47bvvzykj4v4482lhk2-r-PakPMICS2018hh-0.1.0.drv
this path will be fetched (3.30 MiB download, 3.30 MiB unpacked):
  /nix/store/8bwwd4xzhyi92aw2sr91wvngpfj19z0m-PakPMICS2018hh_0.1.0.tar.gz
copying path '/nix/store/8bwwd4xzhyi92aw2sr91wvngpfj19z0m-PakPMICS2018hh_0.1.0.tar.gz' from 'https://cache.nixos.org'...
building '/nix/store/83ah5z4nn4rdj47bvvzykj4v4482lhk2-r-PakPMICS2018hh-0.1.0.drv'...
Running phase: unpackPhase
unpacking source archive /nix/store/8bwwd4xzhyi92aw2sr91wvngpfj19z0m-PakPMICS2018hh_0.1.0.tar.gz
source root is PakPMICS2018hh
setting SOURCE_DATE_EPOCH to timestamp 1559903403 of file PakPMICS2018hh/MD5
Running phase: patchPhase
Running phase: updateAutotoolsGnuConfigScriptsPhase
Running phase: configurePhase
Running phase: buildPhase
Running phase: checkPhase
Running phase: installPhase
* installing *source* package ‘PakPMICS2018hh’ ...
** package ‘PakPMICS2018hh’ correctement décompressé et sommes MD5 vérifiées
** using staged installation
** R
** data
*** moving datasets to lazyload DB
** inst
** byte-compile and prepare package for lazy loading
** help
*** installing help indices
** building package indices
** installing vignettes
** testing if installed package can be loaded from temporary location
** testing if installed package can be loaded from final location
** testing if installed package keeps a record of temporary installation path
* DONE (PakPMICS2018hh)
Running phase: fixupPhase
checking for references to /private/tmp/nix-build-r-PakPMICS2018hh-0.1.0.drv-0/ in /nix/store/9m8wvwxxcwb7xgb877ar5c5p32cr62hl-r-PakPMICS2018hh-0.1.0...
patching script interpreter paths in /nix/store/9m8wvwxxcwb7xgb877ar5c5p32cr62hl-r-PakPMICS2018hh-0.1.0
rewriting symlink /nix/store/9m8wvwxxcwb7xgb877ar5c5p32cr62hl-r-PakPMICS2018hh-0.1.0/nix-support/propagated-user-env-packages to be relative to /nix/store/9m8wvwxxcwb7xgb877ar5c5p32cr62hl-r-PakPMICS2018hh-0.1.0
