this derivation will be built:
  /nix/store/fi3prnkzskqdq630zjjw2v8jzdg6ivwl-r-REFA-0.1.0.drv
this path will be fetched (0.01 MiB download, 0.00 MiB unpacked):
  /nix/store/xp1n4ap9yjn0dcd9jlkbw4r669fbl2h0-REFA_0.1.0.tar.gz
copying path '/nix/store/xp1n4ap9yjn0dcd9jlkbw4r669fbl2h0-REFA_0.1.0.tar.gz' from 'https://cache.nixos.org'...
building '/nix/store/fi3prnkzskqdq630zjjw2v8jzdg6ivwl-r-REFA-0.1.0.drv'...
Running phase: unpackPhase
unpacking source archive /nix/store/xp1n4ap9yjn0dcd9jlkbw4r669fbl2h0-REFA_0.1.0.tar.gz
source root is REFA
setting SOURCE_DATE_EPOCH to timestamp 1700407205 of file REFA/MD5
Running phase: patchPhase
Running phase: updateAutotoolsGnuConfigScriptsPhase
Running phase: configurePhase
Running phase: buildPhase
Running phase: checkPhase
Running phase: installPhase
* installing *source* package ‘REFA’ ...
** package ‘REFA’ correctement décompressé et sommes MD5 vérifiées
** using staged installation
** R
** byte-compile and prepare package for lazy loading
** help
*** installing help indices
** building package indices
** testing if installed package can be loaded from temporary location
** testing if installed package can be loaded from final location
** testing if installed package keeps a record of temporary installation path
* DONE (REFA)
Running phase: fixupPhase
checking for references to /private/tmp/nix-build-r-REFA-0.1.0.drv-0/ in /nix/store/fhml934by91vp7xc5lxi6y5b9jhwbxpy-r-REFA-0.1.0...
patching script interpreter paths in /nix/store/fhml934by91vp7xc5lxi6y5b9jhwbxpy-r-REFA-0.1.0
rewriting symlink /nix/store/fhml934by91vp7xc5lxi6y5b9jhwbxpy-r-REFA-0.1.0/nix-support/propagated-user-env-packages to be relative to /nix/store/fhml934by91vp7xc5lxi6y5b9jhwbxpy-r-REFA-0.1.0
