this derivation will be built:
  /nix/store/1b8hr7hp0bb7k7566c964iaq4qmz0a5b-r-MiRSEA-1.1.1.drv
this path will be fetched (1.07 MiB download, 1.07 MiB unpacked):
  /nix/store/xkjc9anr7gx06qj3z9b0vl6181w7kvmx-MiRSEA_1.1.1.tar.gz
copying path '/nix/store/xkjc9anr7gx06qj3z9b0vl6181w7kvmx-MiRSEA_1.1.1.tar.gz' from 'https://cache.nixos.org'...
building '/nix/store/1b8hr7hp0bb7k7566c964iaq4qmz0a5b-r-MiRSEA-1.1.1.drv'...
Running phase: unpackPhase
unpacking source archive /nix/store/xkjc9anr7gx06qj3z9b0vl6181w7kvmx-MiRSEA_1.1.1.tar.gz
source root is MiRSEA
setting SOURCE_DATE_EPOCH to timestamp 1706089756 of file MiRSEA/MD5
Running phase: patchPhase
Running phase: updateAutotoolsGnuConfigScriptsPhase
Running phase: configurePhase
Running phase: buildPhase
Running phase: checkPhase
Running phase: installPhase
* installing *source* package ‘MiRSEA’ ...
** package ‘MiRSEA’ correctement décompressé et sommes MD5 vérifiées
** using staged installation
** R
** data
*** moving datasets to lazyload DB
** inst
** byte-compile and prepare package for lazy loading
** help
*** installing help indices
** building package indices
** installing vignettes
** testing if installed package can be loaded from temporary location
** testing if installed package can be loaded from final location
** testing if installed package keeps a record of temporary installation path
* DONE (MiRSEA)
Running phase: fixupPhase
checking for references to /private/tmp/nix-build-r-MiRSEA-1.1.1.drv-0/ in /nix/store/hc8pwwfijx2dzk6sfswhdh6pwd2dcmam-r-MiRSEA-1.1.1...
patching script interpreter paths in /nix/store/hc8pwwfijx2dzk6sfswhdh6pwd2dcmam-r-MiRSEA-1.1.1
