these 2 derivations will be built:
  /nix/store/hg4ixdsl21blzhh19g1d3v6lka2dp192-r-spcosa-0.4-2.drv
  /nix/store/lrh93j369as8w83sw4npchx8q2rvkd97-r-intamapInteractive-1.2-6.drv
these 2 paths will be fetched (0.54 MiB download, 0.54 MiB unpacked):
  /nix/store/6h6k9w7vzpifvargjbxvgnnwr57i2lsb-intamapInteractive_1.2-6.tar.gz
  /nix/store/sj4v32x5y21059qic2s5vjinm0c22zig-spcosa_0.4-2.tar.gz
copying path '/nix/store/6h6k9w7vzpifvargjbxvgnnwr57i2lsb-intamapInteractive_1.2-6.tar.gz' from 'https://cache.nixos.org'...
copying path '/nix/store/sj4v32x5y21059qic2s5vjinm0c22zig-spcosa_0.4-2.tar.gz' from 'https://cache.nixos.org'...
building '/nix/store/hg4ixdsl21blzhh19g1d3v6lka2dp192-r-spcosa-0.4-2.drv'...
Running phase: unpackPhase
unpacking source archive /nix/store/sj4v32x5y21059qic2s5vjinm0c22zig-spcosa_0.4-2.tar.gz
source root is spcosa
setting SOURCE_DATE_EPOCH to timestamp 1681209002 of file spcosa/MD5
Running phase: patchPhase
Running phase: updateAutotoolsGnuConfigScriptsPhase
Running phase: configurePhase
Running phase: buildPhase
Running phase: checkPhase
Running phase: installPhase
* installing *source* package ‘spcosa’ ...
** package ‘spcosa’ correctement décompressé et sommes MD5 vérifiées
** using staged installation
** R
** demo
** inst
** byte-compile and prepare package for lazy loading
** help
*** installing help indices
** building package indices
** installing vignettes
** testing if installed package can be loaded from temporary location
** testing if installed package can be loaded from final location
** testing if installed package keeps a record of temporary installation path
* DONE (spcosa)
Running phase: fixupPhase
checking for references to /private/tmp/nix-build-r-spcosa-0.4-2.drv-0/ in /nix/store/3jdbpabhv7zy9q44pf1bwkfkwjskzjcq-r-spcosa-0.4-2...
patching script interpreter paths in /nix/store/3jdbpabhv7zy9q44pf1bwkfkwjskzjcq-r-spcosa-0.4-2
rewriting symlink /nix/store/3jdbpabhv7zy9q44pf1bwkfkwjskzjcq-r-spcosa-0.4-2/nix-support/propagated-user-env-packages to be relative to /nix/store/3jdbpabhv7zy9q44pf1bwkfkwjskzjcq-r-spcosa-0.4-2
building '/nix/store/lrh93j369as8w83sw4npchx8q2rvkd97-r-intamapInteractive-1.2-6.drv'...
Running phase: unpackPhase
unpacking source archive /nix/store/6h6k9w7vzpifvargjbxvgnnwr57i2lsb-intamapInteractive_1.2-6.tar.gz
source root is intamapInteractive
setting SOURCE_DATE_EPOCH to timestamp 1698672605 of file intamapInteractive/MD5
Running phase: patchPhase
Running phase: updateAutotoolsGnuConfigScriptsPhase
Running phase: configurePhase
Running phase: buildPhase
Running phase: checkPhase
Running phase: installPhase
* installing *source* package ‘intamapInteractive’ ...
** package ‘intamapInteractive’ correctement décompressé et sommes MD5 vérifiées
** using staged installation
** R
** demo
** inst
** byte-compile and prepare package for lazy loading
** help
*** installing help indices
** building package indices
** testing if installed package can be loaded from temporary location
** testing if installed package can be loaded from final location
** testing if installed package keeps a record of temporary installation path
* DONE (intamapInteractive)
Running phase: fixupPhase
checking for references to /private/tmp/nix-build-r-intamapInteractive-1.2-6.drv-0/ in /nix/store/pxpv9r4vi2z5xyq173nzram3rv1rqbzy-r-intamapInteractive-1.2-6...
patching script interpreter paths in /nix/store/pxpv9r4vi2z5xyq173nzram3rv1rqbzy-r-intamapInteractive-1.2-6
rewriting symlink /nix/store/pxpv9r4vi2z5xyq173nzram3rv1rqbzy-r-intamapInteractive-1.2-6/nix-support/propagated-user-env-packages to be relative to /nix/store/pxpv9r4vi2z5xyq173nzram3rv1rqbzy-r-intamapInteractive-1.2-6
