this derivation will be built:
  /nix/store/fgmfa06c360mm814n80w0ydap4pk1dcd-r-Mapinguari-2.0.1.drv
this path will be fetched (1.29 MiB download, 1.29 MiB unpacked):
  /nix/store/yinmfddfgr9vdl79f3wdcgarpim8iqsp-Mapinguari_2.0.1.tar.gz
copying path '/nix/store/yinmfddfgr9vdl79f3wdcgarpim8iqsp-Mapinguari_2.0.1.tar.gz' from 'https://cache.nixos.org'...
building '/nix/store/fgmfa06c360mm814n80w0ydap4pk1dcd-r-Mapinguari-2.0.1.drv'...
Running phase: unpackPhase
unpacking source archive /nix/store/yinmfddfgr9vdl79f3wdcgarpim8iqsp-Mapinguari_2.0.1.tar.gz
source root is Mapinguari
setting SOURCE_DATE_EPOCH to timestamp 1687777805 of file Mapinguari/MD5
Running phase: patchPhase
Running phase: updateAutotoolsGnuConfigScriptsPhase
Running phase: configurePhase
Running phase: buildPhase
Running phase: checkPhase
Running phase: installPhase
* installing *source* package ‘Mapinguari’ ...
** package ‘Mapinguari’ correctement décompressé et sommes MD5 vérifiées
** using staged installation
** R
** data
*** moving datasets to lazyload DB
** byte-compile and prepare package for lazy loading
** help
*** installing help indices
** building package indices
** testing if installed package can be loaded from temporary location
** testing if installed package can be loaded from final location
** testing if installed package keeps a record of temporary installation path
* DONE (Mapinguari)
Running phase: fixupPhase
checking for references to /private/tmp/nix-build-r-Mapinguari-2.0.1.drv-0/ in /nix/store/q2s34x89aw4fpp4anahyl3km0rgd1zvi-r-Mapinguari-2.0.1...
patching script interpreter paths in /nix/store/q2s34x89aw4fpp4anahyl3km0rgd1zvi-r-Mapinguari-2.0.1
rewriting symlink /nix/store/q2s34x89aw4fpp4anahyl3km0rgd1zvi-r-Mapinguari-2.0.1/nix-support/propagated-user-env-packages to be relative to /nix/store/q2s34x89aw4fpp4anahyl3km0rgd1zvi-r-Mapinguari-2.0.1
