this derivation will be built:
  /nix/store/h3nirv4950zqqjmwaiww4ybvzmp5y4dh-r-Rapp-0.2.0.drv
this path will be fetched (1.45 MiB download, 1.45 MiB unpacked):
  /nix/store/qgha6j7qg1xrqhqjfb2bf15m7vvms3gx-Rapp_0.2.0.tar.gz
copying path '/nix/store/qgha6j7qg1xrqhqjfb2bf15m7vvms3gx-Rapp_0.2.0.tar.gz' from 'https://cache.nixos.org'...
building '/nix/store/h3nirv4950zqqjmwaiww4ybvzmp5y4dh-r-Rapp-0.2.0.drv'...
Running phase: unpackPhase
unpacking source archive /nix/store/qgha6j7qg1xrqhqjfb2bf15m7vvms3gx-Rapp_0.2.0.tar.gz
source root is Rapp
setting SOURCE_DATE_EPOCH to timestamp 1721063402 of file Rapp/MD5
Running phase: patchPhase
Running phase: updateAutotoolsGnuConfigScriptsPhase
Running phase: configurePhase
Running phase: buildPhase
Running phase: checkPhase
Running phase: installPhase
* installing *source* package ‘Rapp’ ...
** package ‘Rapp’ correctement décompressé et sommes MD5 vérifiées
** using staged installation
** R
** exec
** inst
** byte-compile and prepare package for lazy loading
** help
*** installing help indices
*** copying figures
** building package indices
** testing if installed package can be loaded from temporary location
** testing if installed package can be loaded from final location
** testing if installed package keeps a record of temporary installation path
* DONE (Rapp)
Running phase: fixupPhase
checking for references to /private/tmp/nix-build-r-Rapp-0.2.0.drv-0/ in /nix/store/8nf54k7rdis43cvp56l0yygfkl2p6lhw-r-Rapp-0.2.0...
patching script interpreter paths in /nix/store/8nf54k7rdis43cvp56l0yygfkl2p6lhw-r-Rapp-0.2.0
/nix/store/8nf54k7rdis43cvp56l0yygfkl2p6lhw-r-Rapp-0.2.0/library/Rapp/exec/Rapp: interpreter directive changed from "#!/bin/sh" to "/nix/store/sk8z3kdy6iaky6sg972k6fkh3iw2rn3d-bash-5.2p37/bin/sh"
rewriting symlink /nix/store/8nf54k7rdis43cvp56l0yygfkl2p6lhw-r-Rapp-0.2.0/nix-support/propagated-user-env-packages to be relative to /nix/store/8nf54k7rdis43cvp56l0yygfkl2p6lhw-r-Rapp-0.2.0
