this derivation will be built:
  /nix/store/w8a8bqlv1353srijnk5c7am67iv2i1dd-r-healthyR.data-1.1.1.drv
this path will be fetched (4.63 MiB download, 4.63 MiB unpacked):
  /nix/store/jrwb1nf70wkijrmlwfk1j3nppjla3hmx-healthyR.data_1.1.1.tar.gz
copying path '/nix/store/jrwb1nf70wkijrmlwfk1j3nppjla3hmx-healthyR.data_1.1.1.tar.gz' from 'https://cache.nixos.org'...
building '/nix/store/w8a8bqlv1353srijnk5c7am67iv2i1dd-r-healthyR.data-1.1.1.drv'...
Running phase: unpackPhase
unpacking source archive /nix/store/jrwb1nf70wkijrmlwfk1j3nppjla3hmx-healthyR.data_1.1.1.tar.gz
source root is healthyR.data
setting SOURCE_DATE_EPOCH to timestamp 1720093802 of file healthyR.data/MD5
Running phase: patchPhase
Running phase: updateAutotoolsGnuConfigScriptsPhase
Running phase: configurePhase
Running phase: buildPhase
Running phase: checkPhase
Running phase: installPhase
* installing *source* package ‘healthyR.data’ ...
** package ‘healthyR.data’ correctement décompressé et sommes MD5 vérifiées
** using staged installation
** R
** data
*** moving datasets to lazyload DB
** byte-compile and prepare package for lazy loading
** help
*** installing help indices
*** copying figures
** building package indices
** testing if installed package can be loaded from temporary location
** testing if installed package can be loaded from final location
** testing if installed package keeps a record of temporary installation path
* DONE (healthyR.data)
Running phase: fixupPhase
checking for references to /private/tmp/nix-build-r-healthyR.data-1.1.1.drv-0/ in /nix/store/1bg5h87fxqxj1hfvw3b6g21k87awqsym-r-healthyR.data-1.1.1...
patching script interpreter paths in /nix/store/1bg5h87fxqxj1hfvw3b6g21k87awqsym-r-healthyR.data-1.1.1
rewriting symlink /nix/store/1bg5h87fxqxj1hfvw3b6g21k87awqsym-r-healthyR.data-1.1.1/nix-support/propagated-user-env-packages to be relative to /nix/store/1bg5h87fxqxj1hfvw3b6g21k87awqsym-r-healthyR.data-1.1.1
