this derivation will be built:
  /nix/store/gwvb5bm49fncvb34b10i05hjy5l7288d-r-MScombine-1.4.drv
this path will be fetched (0.06 MiB download, 0.06 MiB unpacked):
  /nix/store/kx9ddrrpgg7ajnf3yq7n6wch0ra5c9fw-MScombine_1.4.tar.gz
copying path '/nix/store/kx9ddrrpgg7ajnf3yq7n6wch0ra5c9fw-MScombine_1.4.tar.gz' from 'https://cache.nixos.org'...
building '/nix/store/gwvb5bm49fncvb34b10i05hjy5l7288d-r-MScombine-1.4.drv'...
Running phase: unpackPhase
unpacking source archive /nix/store/kx9ddrrpgg7ajnf3yq7n6wch0ra5c9fw-MScombine_1.4.tar.gz
source root is MScombine
setting SOURCE_DATE_EPOCH to timestamp 1549362813 of file MScombine/MD5
Running phase: patchPhase
Running phase: updateAutotoolsGnuConfigScriptsPhase
Running phase: configurePhase
Running phase: buildPhase
Running phase: checkPhase
Running phase: installPhase
* installing *source* package ‘MScombine’ ...
** package ‘MScombine’ correctement décompressé et sommes MD5 vérifiées
** using staged installation
** R
** inst
** byte-compile and prepare package for lazy loading
** help
*** installing help indices
** building package indices
** testing if installed package can be loaded from temporary location
** testing if installed package can be loaded from final location
** testing if installed package keeps a record of temporary installation path
* DONE (MScombine)
Running phase: fixupPhase
checking for references to /private/tmp/nix-build-r-MScombine-1.4.drv-0/ in /nix/store/fd49hgjck3d6cscxfk44i06ha0144ils-r-MScombine-1.4...
patching script interpreter paths in /nix/store/fd49hgjck3d6cscxfk44i06ha0144ils-r-MScombine-1.4
rewriting symlink /nix/store/fd49hgjck3d6cscxfk44i06ha0144ils-r-MScombine-1.4/nix-support/propagated-user-env-packages to be relative to /nix/store/fd49hgjck3d6cscxfk44i06ha0144ils-r-MScombine-1.4
