this derivation will be built:
  /nix/store/w2674m1ddqsxzhpsfl31x74dxj2k3ldg-r-queryparser-0.3.2.drv
this path will be fetched (0.06 MiB download, 0.06 MiB unpacked):
  /nix/store/x7f2511jnbq1wxl63pl2zbx7cpwmn0iz-queryparser_0.3.2.tar.gz
copying path '/nix/store/x7f2511jnbq1wxl63pl2zbx7cpwmn0iz-queryparser_0.3.2.tar.gz' from 'https://cache.nixos.org'...
building '/nix/store/w2674m1ddqsxzhpsfl31x74dxj2k3ldg-r-queryparser-0.3.2.drv'...
Running phase: unpackPhase
unpacking source archive /nix/store/x7f2511jnbq1wxl63pl2zbx7cpwmn0iz-queryparser_0.3.2.tar.gz
source root is queryparser
setting SOURCE_DATE_EPOCH to timestamp 1673299202 of file queryparser/MD5
Running phase: patchPhase
Running phase: updateAutotoolsGnuConfigScriptsPhase
Running phase: configurePhase
Running phase: buildPhase
Running phase: checkPhase
Running phase: installPhase
* installing *source* package ‘queryparser’ ...
** package ‘queryparser’ correctement décompressé et sommes MD5 vérifiées
** using staged installation
** R
** byte-compile and prepare package for lazy loading
** help
*** installing help indices
*** copying figures
** building package indices
** testing if installed package can be loaded from temporary location
** testing if installed package can be loaded from final location
** testing if installed package keeps a record of temporary installation path
* DONE (queryparser)
Running phase: fixupPhase
checking for references to /private/tmp/nix-build-r-queryparser-0.3.2.drv-0/ in /nix/store/xdwns8ibp9llcv50nmjc3nwlnk3bbkyb-r-queryparser-0.3.2...
patching script interpreter paths in /nix/store/xdwns8ibp9llcv50nmjc3nwlnk3bbkyb-r-queryparser-0.3.2
