this derivation will be built:
  /nix/store/78w8wf69svgybbch0fzx0z723cy1pgqq-r-PoissonPCA-1.0.3.drv
this path will be fetched (0.10 MiB download, 0.10 MiB unpacked):
  /nix/store/7dgcp3gvpvw591yzbs781ycf8lqvk7v9-PoissonPCA_1.0.3.tar.gz
copying path '/nix/store/7dgcp3gvpvw591yzbs781ycf8lqvk7v9-PoissonPCA_1.0.3.tar.gz' from 'https://cache.nixos.org'...
building '/nix/store/78w8wf69svgybbch0fzx0z723cy1pgqq-r-PoissonPCA-1.0.3.drv'...
Running phase: unpackPhase
unpacking source archive /nix/store/7dgcp3gvpvw591yzbs781ycf8lqvk7v9-PoissonPCA_1.0.3.tar.gz
source root is PoissonPCA
setting SOURCE_DATE_EPOCH to timestamp 1629213602 of file PoissonPCA/MD5
Running phase: patchPhase
Running phase: updateAutotoolsGnuConfigScriptsPhase
Running phase: configurePhase
Running phase: buildPhase
Running phase: checkPhase
Running phase: installPhase
* installing *source* package ‘PoissonPCA’ ...
** package ‘PoissonPCA’ correctement décompressé et sommes MD5 vérifiées
** using staged installation
** libs
using C compiler: ‘clang version 16.0.6’
using C++ compiler: ‘clang version 16.0.6’
using SDK: ‘’
/nix/store/v39c0h6xv6hvki2k1bsyp5n090q8y2bp-clang-wrapper-16.0.6/bin/c++ -std=gnu++17 -I"/nix/store/lir8rmsk7dxbj7v1spqmv69z4mafg16l-R-4.4.2/lib/R/include" -DNDEBUG   -isystem /nix/store/0mmz5i705116bfykc7i1r9jxqwyghj2a-libcxx-16.0.6-dev/include/c++/v1    -fPIC  -g -O2   -c LogPoissonEstimators.cpp -o LogPoissonEstimators.o
/nix/store/v39c0h6xv6hvki2k1bsyp5n090q8y2bp-clang-wrapper-16.0.6/bin/cc -I"/nix/store/lir8rmsk7dxbj7v1spqmv69z4mafg16l-R-4.4.2/lib/R/include" -DNDEBUG   -isystem /nix/store/0mmz5i705116bfykc7i1r9jxqwyghj2a-libcxx-16.0.6-dev/include/c++/v1    -fPIC  -g -O2  -c PoissonPCA_init.c -o PoissonPCA_init.o
/nix/store/v39c0h6xv6hvki2k1bsyp5n090q8y2bp-clang-wrapper-16.0.6/bin/c++ -std=gnu++17 -I"/nix/store/lir8rmsk7dxbj7v1spqmv69z4mafg16l-R-4.4.2/lib/R/include" -DNDEBUG   -isystem /nix/store/0mmz5i705116bfykc7i1r9jxqwyghj2a-libcxx-16.0.6-dev/include/c++/v1    -fPIC  -g -O2   -c Projection.cpp -o Projection.o
/nix/store/v39c0h6xv6hvki2k1bsyp5n090q8y2bp-clang-wrapper-16.0.6/bin/c++ -std=gnu++17 -dynamiclib -Wl,-headerpad_max_install_names -undefined dynamic_lookup -L/nix/store/lir8rmsk7dxbj7v1spqmv69z4mafg16l-R-4.4.2/lib/R/lib -L/nix/store/88xkgzh5g9xppsg3hdxxxh9q43rnxk6k-libcxx-16.0.6/lib -o PoissonPCA.so LogPoissonEstimators.o PoissonPCA_init.o Projection.o -L/nix/store/lir8rmsk7dxbj7v1spqmv69z4mafg16l-R-4.4.2/lib/R/lib -lR -lintl -Wl,-framework -Wl,CoreFoundation
installing to /nix/store/w0111ijdi1b6625krpca4q230kcigzas-r-PoissonPCA-1.0.3/library/00LOCK-PoissonPCA/00new/PoissonPCA/libs
** R
** inst
** byte-compile and prepare package for lazy loading
** help
*** installing help indices
** building package indices
** installing vignettes
** testing if installed package can be loaded from temporary location
** checking absolute paths in shared objects and dynamic libraries
** testing if installed package can be loaded from final location
** testing if installed package keeps a record of temporary installation path
* DONE (PoissonPCA)
Running phase: fixupPhase
checking for references to /private/tmp/nix-build-r-PoissonPCA-1.0.3.drv-0/ in /nix/store/w0111ijdi1b6625krpca4q230kcigzas-r-PoissonPCA-1.0.3...
patching script interpreter paths in /nix/store/w0111ijdi1b6625krpca4q230kcigzas-r-PoissonPCA-1.0.3
/nix/store/w0111ijdi1b6625krpca4q230kcigzas-r-PoissonPCA-1.0.3/library/PoissonPCA/test_code/testLogEstimation.sh: interpreter directive changed from "#!/bin/bash" to "/nix/store/sk8z3kdy6iaky6sg972k6fkh3iw2rn3d-bash-5.2p37/bin/bash"
