this derivation will be built:
  /nix/store/6ffwya0diyc3k4cvgzkjzcybi123c1ic-r-templates-0.4.0.drv
this path will be fetched (0.01 MiB download, 0.01 MiB unpacked):
  /nix/store/j2ism6p1adbblr8zgzjikxfxfkz8hbfj-templates_0.4.0.tar.gz
copying path '/nix/store/j2ism6p1adbblr8zgzjikxfxfkz8hbfj-templates_0.4.0.tar.gz' from 'https://cache.nixos.org'...
building '/nix/store/6ffwya0diyc3k4cvgzkjzcybi123c1ic-r-templates-0.4.0.drv'...
Running phase: unpackPhase
unpacking source archive /nix/store/j2ism6p1adbblr8zgzjikxfxfkz8hbfj-templates_0.4.0.tar.gz
source root is templates
setting SOURCE_DATE_EPOCH to timestamp 1710503402 of file templates/MD5
Running phase: patchPhase
Running phase: updateAutotoolsGnuConfigScriptsPhase
Running phase: configurePhase
Running phase: buildPhase
Running phase: checkPhase
Running phase: installPhase
* installing *source* package ‘templates’ ...
** package ‘templates’ correctement décompressé et sommes MD5 vérifiées
** using staged installation
** R
** inst
** byte-compile and prepare package for lazy loading
** help
*** installing help indices
** building package indices
** installing vignettes
** testing if installed package can be loaded from temporary location
** testing if installed package can be loaded from final location
** testing if installed package keeps a record of temporary installation path
* DONE (templates)
Running phase: fixupPhase
checking for references to /private/tmp/nix-build-r-templates-0.4.0.drv-0/ in /nix/store/12xyy22bhhpagan3qji8g228dvl74r7l-r-templates-0.4.0...
patching script interpreter paths in /nix/store/12xyy22bhhpagan3qji8g228dvl74r7l-r-templates-0.4.0
rewriting symlink /nix/store/12xyy22bhhpagan3qji8g228dvl74r7l-r-templates-0.4.0/nix-support/propagated-user-env-packages to be relative to /nix/store/12xyy22bhhpagan3qji8g228dvl74r7l-r-templates-0.4.0
