this derivation will be built:
  /nix/store/wfijymid06wpq0qqpfk3ylvkx9p9nxb3-r-merTools-0.6.2.drv
this path will be fetched (0.61 MiB download, 0.61 MiB unpacked):
  /nix/store/n5gwjmx19w9071mwsn0v0s7h0z5xdaw6-merTools_0.6.2.tar.gz
copying path '/nix/store/n5gwjmx19w9071mwsn0v0s7h0z5xdaw6-merTools_0.6.2.tar.gz' from 'https://cache.nixos.org'...
building '/nix/store/wfijymid06wpq0qqpfk3ylvkx9p9nxb3-r-merTools-0.6.2.drv'...
Running phase: unpackPhase
unpacking source archive /nix/store/n5gwjmx19w9071mwsn0v0s7h0z5xdaw6-merTools_0.6.2.tar.gz
source root is merTools
setting SOURCE_DATE_EPOCH to timestamp 1707376807 of file merTools/MD5
Running phase: patchPhase
Running phase: updateAutotoolsGnuConfigScriptsPhase
Running phase: configurePhase
Running phase: buildPhase
Running phase: checkPhase
Running phase: installPhase
* installing *source* package ‘merTools’ ...
** package ‘merTools’ correctement décompressé et sommes MD5 vérifiées
** using staged installation
** R
** data
*** moving datasets to lazyload DB
** inst
** byte-compile and prepare package for lazy loading
** help
*** installing help indices
*** copying figures
** building package indices
** installing vignettes
** testing if installed package can be loaded from temporary location
** testing if installed package can be loaded from final location
** testing if installed package keeps a record of temporary installation path
* DONE (merTools)
Running phase: fixupPhase
checking for references to /private/tmp/nix-build-r-merTools-0.6.2.drv-0/ in /nix/store/s37zy875jjbazbmd7lgavwpbqmgl30b9-r-merTools-0.6.2...
patching script interpreter paths in /nix/store/s37zy875jjbazbmd7lgavwpbqmgl30b9-r-merTools-0.6.2
rewriting symlink /nix/store/s37zy875jjbazbmd7lgavwpbqmgl30b9-r-merTools-0.6.2/nix-support/propagated-user-env-packages to be relative to /nix/store/s37zy875jjbazbmd7lgavwpbqmgl30b9-r-merTools-0.6.2
