this derivation will be built:
  /nix/store/bcmv6b7na3777mcn71iyifgp0szk9m1j-r-susographql-0.1.6.drv
this path will be fetched (0.07 MiB download, 0.07 MiB unpacked):
  /nix/store/hw75s1dfcs3sd72ylak6rprv9kdggihs-susographql_0.1.6.tar.gz
copying path '/nix/store/hw75s1dfcs3sd72ylak6rprv9kdggihs-susographql_0.1.6.tar.gz' from 'https://cache.nixos.org'...
building '/nix/store/bcmv6b7na3777mcn71iyifgp0szk9m1j-r-susographql-0.1.6.drv'...
Running phase: unpackPhase
unpacking source archive /nix/store/hw75s1dfcs3sd72ylak6rprv9kdggihs-susographql_0.1.6.tar.gz
source root is susographql
setting SOURCE_DATE_EPOCH to timestamp 1705518602 of file susographql/MD5
Running phase: patchPhase
Running phase: updateAutotoolsGnuConfigScriptsPhase
Running phase: configurePhase
Running phase: buildPhase
Running phase: checkPhase
Running phase: installPhase
* installing *source* package ‘susographql’ ...
** package ‘susographql’ correctement décompressé et sommes MD5 vérifiées
** using staged installation
** R
** byte-compile and prepare package for lazy loading
** help
*** installing help indices
*** copying figures
** building package indices
** testing if installed package can be loaded from temporary location
** testing if installed package can be loaded from final location
** testing if installed package keeps a record of temporary installation path
* DONE (susographql)
Running phase: fixupPhase
checking for references to /private/tmp/nix-build-r-susographql-0.1.6.drv-0/ in /nix/store/6fh6l5mkw3w5vdy90n480lpr5h3j1gqk-r-susographql-0.1.6...
patching script interpreter paths in /nix/store/6fh6l5mkw3w5vdy90n480lpr5h3j1gqk-r-susographql-0.1.6
rewriting symlink /nix/store/6fh6l5mkw3w5vdy90n480lpr5h3j1gqk-r-susographql-0.1.6/nix-support/propagated-user-env-packages to be relative to /nix/store/6fh6l5mkw3w5vdy90n480lpr5h3j1gqk-r-susographql-0.1.6
