this derivation will be built:
  /nix/store/vxs156g5ihmrrhinc9k4ymg21f17c23k-r-rapport-1.1.drv
this path will be fetched (0.85 MiB download, 0.85 MiB unpacked):
  /nix/store/7dh31487xd5vw43mf99jblxlgaj0n5wi-rapport_1.1.tar.gz
copying path '/nix/store/7dh31487xd5vw43mf99jblxlgaj0n5wi-rapport_1.1.tar.gz' from 'https://cache.nixos.org'...
building '/nix/store/vxs156g5ihmrrhinc9k4ymg21f17c23k-r-rapport-1.1.drv'...
Running phase: unpackPhase
unpacking source archive /nix/store/7dh31487xd5vw43mf99jblxlgaj0n5wi-rapport_1.1.tar.gz
source root is rapport
setting SOURCE_DATE_EPOCH to timestamp 1618177802 of file rapport/MD5
Running phase: patchPhase
Running phase: updateAutotoolsGnuConfigScriptsPhase
Running phase: configurePhase
Running phase: buildPhase
Running phase: checkPhase
Running phase: installPhase
* installing *source* package ‘rapport’ ...
** package ‘rapport’ correctement décompressé et sommes MD5 vérifiées
** using staged installation
** R
** data
*** moving datasets to lazyload DB
** demo
** inst
** byte-compile and prepare package for lazy loading
** help
*** installing help indices
** building package indices
** testing if installed package can be loaded from temporary location
** testing if installed package can be loaded from final location
** testing if installed package keeps a record of temporary installation path
* DONE (rapport)
Running phase: fixupPhase
checking for references to /private/tmp/nix-build-r-rapport-1.1.drv-0/ in /nix/store/x5arx264y370lazhggxnmbxgvdj58ygj-r-rapport-1.1...
patching script interpreter paths in /nix/store/x5arx264y370lazhggxnmbxgvdj58ygj-r-rapport-1.1
rewriting symlink /nix/store/x5arx264y370lazhggxnmbxgvdj58ygj-r-rapport-1.1/nix-support/propagated-user-env-packages to be relative to /nix/store/x5arx264y370lazhggxnmbxgvdj58ygj-r-rapport-1.1
