this derivation will be built:
  /nix/store/yn2cw9kyiv2g3igdhifj5s26x3cf53a0-r-NetworkExtinction-1.0.3.drv
this path will be fetched (0.65 MiB download, 0.65 MiB unpacked):
  /nix/store/szkx5s2yr6q2lf37hl4gwabg2n7w42f6-NetworkExtinction_1.0.3.tar.gz
copying path '/nix/store/szkx5s2yr6q2lf37hl4gwabg2n7w42f6-NetworkExtinction_1.0.3.tar.gz' from 'https://cache.nixos.org'...
building '/nix/store/yn2cw9kyiv2g3igdhifj5s26x3cf53a0-r-NetworkExtinction-1.0.3.drv'...
Running phase: unpackPhase
unpacking source archive /nix/store/szkx5s2yr6q2lf37hl4gwabg2n7w42f6-NetworkExtinction_1.0.3.tar.gz
source root is NetworkExtinction
setting SOURCE_DATE_EPOCH to timestamp 1680262802 of file NetworkExtinction/MD5
Running phase: patchPhase
Running phase: updateAutotoolsGnuConfigScriptsPhase
Running phase: configurePhase
Running phase: buildPhase
Running phase: checkPhase
Running phase: installPhase
* installing *source* package ‘NetworkExtinction’ ...
** package ‘NetworkExtinction’ correctement décompressé et sommes MD5 vérifiées
** using staged installation
** R
** data
*** moving datasets to lazyload DB
** inst
** byte-compile and prepare package for lazy loading
** help
*** installing help indices
*** copying figures
** building package indices
** installing vignettes
** testing if installed package can be loaded from temporary location
** testing if installed package can be loaded from final location
** testing if installed package keeps a record of temporary installation path
* DONE (NetworkExtinction)
Running phase: fixupPhase
checking for references to /private/tmp/nix-build-r-NetworkExtinction-1.0.3.drv-0/ in /nix/store/n7d00ccr2vg47krshd785mk4zl0k800h-r-NetworkExtinction-1.0.3...
patching script interpreter paths in /nix/store/n7d00ccr2vg47krshd785mk4zl0k800h-r-NetworkExtinction-1.0.3
rewriting symlink /nix/store/n7d00ccr2vg47krshd785mk4zl0k800h-r-NetworkExtinction-1.0.3/nix-support/propagated-user-env-packages to be relative to /nix/store/n7d00ccr2vg47krshd785mk4zl0k800h-r-NetworkExtinction-1.0.3
