this derivation will be built:
  /nix/store/w5mi3r625z8yyjz9mw6ygm4dfqk63y62-r-xSub-3.0.2.drv
this path will be fetched (0.15 MiB download, 0.15 MiB unpacked):
  /nix/store/jzippgbwjfjv19vqdaz3kqlz7dw4dhgr-xSub_3.0.2.tar.gz
copying path '/nix/store/jzippgbwjfjv19vqdaz3kqlz7dw4dhgr-xSub_3.0.2.tar.gz' from 'https://cache.nixos.org'...
building '/nix/store/w5mi3r625z8yyjz9mw6ygm4dfqk63y62-r-xSub-3.0.2.drv'...
Running phase: unpackPhase
unpacking source archive /nix/store/jzippgbwjfjv19vqdaz3kqlz7dw4dhgr-xSub_3.0.2.tar.gz
source root is xSub
setting SOURCE_DATE_EPOCH to timestamp 1656607202 of file xSub/MD5
Running phase: patchPhase
Running phase: updateAutotoolsGnuConfigScriptsPhase
Running phase: configurePhase
Running phase: buildPhase
Running phase: checkPhase
Running phase: installPhase
* installing *source* package ‘xSub’ ...
** package ‘xSub’ correctement décompressé et sommes MD5 vérifiées
** using staged installation
** R
** data
*** moving datasets to lazyload DB
** byte-compile and prepare package for lazy loading
** help
*** installing help indices
** building package indices
** testing if installed package can be loaded from temporary location
** testing if installed package can be loaded from final location
** testing if installed package keeps a record of temporary installation path
* DONE (xSub)
Running phase: fixupPhase
checking for references to /private/tmp/nix-build-r-xSub-3.0.2.drv-0/ in /nix/store/nqxz091imfkpfwq8hiicn16yamvc9g38-r-xSub-3.0.2...
patching script interpreter paths in /nix/store/nqxz091imfkpfwq8hiicn16yamvc9g38-r-xSub-3.0.2
rewriting symlink /nix/store/nqxz091imfkpfwq8hiicn16yamvc9g38-r-xSub-3.0.2/nix-support/propagated-user-env-packages to be relative to /nix/store/nqxz091imfkpfwq8hiicn16yamvc9g38-r-xSub-3.0.2
