this derivation will be built:
  /nix/store/rby1m55xlsqicmnqlqa9n9snm6pxbq37-r-KNNShiny-0.1.0.drv
this path will be fetched (0.12 MiB download, 0.12 MiB unpacked):
  /nix/store/wiay7v4w14ng8b0dfdl1bmccnwdb8966-KNNShiny_0.1.0.tar.gz
copying path '/nix/store/wiay7v4w14ng8b0dfdl1bmccnwdb8966-KNNShiny_0.1.0.tar.gz' from 'https://cache.nixos.org'...
building '/nix/store/rby1m55xlsqicmnqlqa9n9snm6pxbq37-r-KNNShiny-0.1.0.drv'...
Running phase: unpackPhase
unpacking source archive /nix/store/wiay7v4w14ng8b0dfdl1bmccnwdb8966-KNNShiny_0.1.0.tar.gz
source root is KNNShiny
setting SOURCE_DATE_EPOCH to timestamp 1557417607 of file KNNShiny/MD5
Running phase: patchPhase
Running phase: updateAutotoolsGnuConfigScriptsPhase
Running phase: configurePhase
Running phase: buildPhase
Running phase: checkPhase
Running phase: installPhase
* installing *source* package ‘KNNShiny’ ...
** package ‘KNNShiny’ correctement décompressé et sommes MD5 vérifiées
** using staged installation
** R
** inst
** byte-compile and prepare package for lazy loading
** help
*** installing help indices
** building package indices
** testing if installed package can be loaded from temporary location
** testing if installed package can be loaded from final location
** testing if installed package keeps a record of temporary installation path
* DONE (KNNShiny)
Running phase: fixupPhase
checking for references to /private/tmp/nix-build-r-KNNShiny-0.1.0.drv-0/ in /nix/store/wn3rhidqfci573f2rclsyxg2r8f0dxsg-r-KNNShiny-0.1.0...
patching script interpreter paths in /nix/store/wn3rhidqfci573f2rclsyxg2r8f0dxsg-r-KNNShiny-0.1.0
rewriting symlink /nix/store/wn3rhidqfci573f2rclsyxg2r8f0dxsg-r-KNNShiny-0.1.0/nix-support/propagated-user-env-packages to be relative to /nix/store/wn3rhidqfci573f2rclsyxg2r8f0dxsg-r-KNNShiny-0.1.0
