this derivation will be built:
  /nix/store/p0wwkcdkil1isbqxj1pbrd9aqr3g9rj6-r-rbooster-1.1.0.drv
this path will be fetched (0.11 MiB download, 0.11 MiB unpacked):
  /nix/store/hs33fba15i36grc75c98ppvjfg93jpnw-rbooster_1.1.0.tar.gz
copying path '/nix/store/hs33fba15i36grc75c98ppvjfg93jpnw-rbooster_1.1.0.tar.gz' from 'https://cache.nixos.org'...
building '/nix/store/p0wwkcdkil1isbqxj1pbrd9aqr3g9rj6-r-rbooster-1.1.0.drv'...
Running phase: unpackPhase
unpacking source archive /nix/store/hs33fba15i36grc75c98ppvjfg93jpnw-rbooster_1.1.0.tar.gz
source root is rbooster
setting SOURCE_DATE_EPOCH to timestamp 1635336005 of file rbooster/MD5
Running phase: patchPhase
Running phase: updateAutotoolsGnuConfigScriptsPhase
Running phase: configurePhase
Running phase: buildPhase
Running phase: checkPhase
Running phase: installPhase
* installing *source* package ‘rbooster’ ...
** package ‘rbooster’ correctement décompressé et sommes MD5 vérifiées
** using staged installation
** R
** inst
** byte-compile and prepare package for lazy loading
** help
*** installing help indices
*** copying figures
** building package indices
** installing vignettes
** testing if installed package can be loaded from temporary location
** testing if installed package can be loaded from final location
** testing if installed package keeps a record of temporary installation path
* DONE (rbooster)
Running phase: fixupPhase
checking for references to /private/tmp/nix-build-r-rbooster-1.1.0.drv-0/ in /nix/store/rrsshzsfi3kkph3rz8mv835xxdja4hxz-r-rbooster-1.1.0...
patching script interpreter paths in /nix/store/rrsshzsfi3kkph3rz8mv835xxdja4hxz-r-rbooster-1.1.0
rewriting symlink /nix/store/rrsshzsfi3kkph3rz8mv835xxdja4hxz-r-rbooster-1.1.0/nix-support/propagated-user-env-packages to be relative to /nix/store/rrsshzsfi3kkph3rz8mv835xxdja4hxz-r-rbooster-1.1.0
