this derivation will be built:
  /nix/store/qrrr5xrpkmiskdsy5hpx2nhj2rigqg3p-r-shinyXYpad-0.2.0.drv
this path will be fetched (0.01 MiB download, 0.01 MiB unpacked):
  /nix/store/32414f6n6bahr313dai7lwksmj806b7w-shinyXYpad_0.2.0.tar.gz
copying path '/nix/store/32414f6n6bahr313dai7lwksmj806b7w-shinyXYpad_0.2.0.tar.gz' from 'https://cache.nixos.org'...
building '/nix/store/qrrr5xrpkmiskdsy5hpx2nhj2rigqg3p-r-shinyXYpad-0.2.0.drv'...
Running phase: unpackPhase
unpacking source archive /nix/store/32414f6n6bahr313dai7lwksmj806b7w-shinyXYpad_0.2.0.tar.gz
source root is shinyXYpad
setting SOURCE_DATE_EPOCH to timestamp 1664266202 of file shinyXYpad/MD5
Running phase: patchPhase
Running phase: updateAutotoolsGnuConfigScriptsPhase
Running phase: configurePhase
Running phase: buildPhase
Running phase: checkPhase
Running phase: installPhase
* installing *source* package ‘shinyXYpad’ ...
** package ‘shinyXYpad’ correctement décompressé et sommes MD5 vérifiées
** using staged installation
** R
** inst
** byte-compile and prepare package for lazy loading
** help
*** installing help indices
** building package indices
** testing if installed package can be loaded from temporary location
** testing if installed package can be loaded from final location
** testing if installed package keeps a record of temporary installation path
* DONE (shinyXYpad)
Running phase: fixupPhase
checking for references to /private/tmp/nix-build-r-shinyXYpad-0.2.0.drv-0/ in /nix/store/hlgw97zkj32lzg788jwpgkzyjsqr4hv7-r-shinyXYpad-0.2.0...
patching script interpreter paths in /nix/store/hlgw97zkj32lzg788jwpgkzyjsqr4hv7-r-shinyXYpad-0.2.0
rewriting symlink /nix/store/hlgw97zkj32lzg788jwpgkzyjsqr4hv7-r-shinyXYpad-0.2.0/nix-support/propagated-user-env-packages to be relative to /nix/store/hlgw97zkj32lzg788jwpgkzyjsqr4hv7-r-shinyXYpad-0.2.0
