this derivation will be built:
  /nix/store/329vvj4n7j8wjwk7kyrzrdv7wlx29c0k-r-tropAlgebra-0.1.1.drv
this path will be fetched (0.01 MiB download, 0.01 MiB unpacked):
  /nix/store/mwwvahpa1a1yfr6ll2yjwvzghxw5fxql-tropAlgebra_0.1.1.tar.gz
copying path '/nix/store/mwwvahpa1a1yfr6ll2yjwvzghxw5fxql-tropAlgebra_0.1.1.tar.gz' from 'https://cache.nixos.org'...
building '/nix/store/329vvj4n7j8wjwk7kyrzrdv7wlx29c0k-r-tropAlgebra-0.1.1.drv'...
Running phase: unpackPhase
unpacking source archive /nix/store/mwwvahpa1a1yfr6ll2yjwvzghxw5fxql-tropAlgebra_0.1.1.tar.gz
source root is tropAlgebra
setting SOURCE_DATE_EPOCH to timestamp 1516555644 of file tropAlgebra/MD5
Running phase: patchPhase
Running phase: updateAutotoolsGnuConfigScriptsPhase
Running phase: configurePhase
Running phase: buildPhase
Running phase: checkPhase
Running phase: installPhase
* installing *source* package ‘tropAlgebra’ ...
** package ‘tropAlgebra’ correctement décompressé et sommes MD5 vérifiées
** using staged installation
** R
** byte-compile and prepare package for lazy loading
** help
*** installing help indices
** building package indices
** testing if installed package can be loaded from temporary location
** testing if installed package can be loaded from final location
** testing if installed package keeps a record of temporary installation path
* DONE (tropAlgebra)
Running phase: fixupPhase
checking for references to /private/tmp/nix-build-r-tropAlgebra-0.1.1.drv-0/ in /nix/store/n43d1pqpxa2lwsyg468gz1zc6hfjsb42-r-tropAlgebra-0.1.1...
patching script interpreter paths in /nix/store/n43d1pqpxa2lwsyg468gz1zc6hfjsb42-r-tropAlgebra-0.1.1
