this derivation will be built:
  /nix/store/qvbnrcd3nw6hcyjb5gjar4i6zss3dgr3-r-ordgam-0.9.1.drv
this path will be fetched (1.85 MiB download, 1.85 MiB unpacked):
  /nix/store/8cm20md2z4768r1icshcaiz37m2qfs3x-ordgam_0.9.1.tar.gz
copying path '/nix/store/8cm20md2z4768r1icshcaiz37m2qfs3x-ordgam_0.9.1.tar.gz' from 'https://cache.nixos.org'...
building '/nix/store/qvbnrcd3nw6hcyjb5gjar4i6zss3dgr3-r-ordgam-0.9.1.drv'...
Running phase: unpackPhase
unpacking source archive /nix/store/8cm20md2z4768r1icshcaiz37m2qfs3x-ordgam_0.9.1.tar.gz
source root is ordgam
setting SOURCE_DATE_EPOCH to timestamp 1694683202 of file ordgam/MD5
Running phase: patchPhase
Running phase: updateAutotoolsGnuConfigScriptsPhase
Running phase: configurePhase
Running phase: buildPhase
Running phase: checkPhase
Running phase: installPhase
* installing *source* package ‘ordgam’ ...
** package ‘ordgam’ correctement décompressé et sommes MD5 vérifiées
** using staged installation
** R
** data
*** moving datasets to lazyload DB
** byte-compile and prepare package for lazy loading
** help
*** installing help indices
*** copying figures
** building package indices
** testing if installed package can be loaded from temporary location
** testing if installed package can be loaded from final location
** testing if installed package keeps a record of temporary installation path
* DONE (ordgam)
Running phase: fixupPhase
checking for references to /private/tmp/nix-build-r-ordgam-0.9.1.drv-0/ in /nix/store/sjia9agdnyjjvyj5y02npa3nd1sccd2d-r-ordgam-0.9.1...
patching script interpreter paths in /nix/store/sjia9agdnyjjvyj5y02npa3nd1sccd2d-r-ordgam-0.9.1
rewriting symlink /nix/store/sjia9agdnyjjvyj5y02npa3nd1sccd2d-r-ordgam-0.9.1/nix-support/propagated-user-env-packages to be relative to /nix/store/sjia9agdnyjjvyj5y02npa3nd1sccd2d-r-ordgam-0.9.1
