this derivation will be built:
  /nix/store/621jn2rnzp3wx10d6wgx1ifsjk2hgihr-r-survivalsvm-0.0.5.drv
this path will be fetched (0.04 MiB download, 0.04 MiB unpacked):
  /nix/store/px0bzmnlbmzy4b14wf9bjl6yk0bm2xfn-survivalsvm_0.0.5.tar.gz
copying path '/nix/store/px0bzmnlbmzy4b14wf9bjl6yk0bm2xfn-survivalsvm_0.0.5.tar.gz' from 'https://cache.nixos.org'...
building '/nix/store/621jn2rnzp3wx10d6wgx1ifsjk2hgihr-r-survivalsvm-0.0.5.drv'...
Running phase: unpackPhase
unpacking source archive /nix/store/px0bzmnlbmzy4b14wf9bjl6yk0bm2xfn-survivalsvm_0.0.5.tar.gz
source root is survivalsvm
setting SOURCE_DATE_EPOCH to timestamp 1517814073 of file survivalsvm/MD5
Running phase: patchPhase
Running phase: updateAutotoolsGnuConfigScriptsPhase
Running phase: configurePhase
Running phase: buildPhase
Running phase: checkPhase
Running phase: installPhase
* installing *source* package ‘survivalsvm’ ...
** package ‘survivalsvm’ correctement décompressé et sommes MD5 vérifiées
** using staged installation
** R
** byte-compile and prepare package for lazy loading
** help
*** installing help indices
** building package indices
** testing if installed package can be loaded from temporary location
** testing if installed package can be loaded from final location
** testing if installed package keeps a record of temporary installation path
* DONE (survivalsvm)
Running phase: fixupPhase
checking for references to /private/tmp/nix-build-r-survivalsvm-0.0.5.drv-0/ in /nix/store/mc3nrfml924982g49mfw9yxzjh8mv3dj-r-survivalsvm-0.0.5...
patching script interpreter paths in /nix/store/mc3nrfml924982g49mfw9yxzjh8mv3dj-r-survivalsvm-0.0.5
rewriting symlink /nix/store/mc3nrfml924982g49mfw9yxzjh8mv3dj-r-survivalsvm-0.0.5/nix-support/propagated-user-env-packages to be relative to /nix/store/mc3nrfml924982g49mfw9yxzjh8mv3dj-r-survivalsvm-0.0.5
