this derivation will be built:
  /nix/store/7gk440086mhpjwzdycxvk3py987z3xym-r-wally-1.0.10.drv
this path will be fetched (0.07 MiB download, 0.07 MiB unpacked):
  /nix/store/7yvqix4jj7hwn5by1anh03f3aybiyv4i-wally_1.0.10.tar.gz
copying path '/nix/store/7yvqix4jj7hwn5by1anh03f3aybiyv4i-wally_1.0.10.tar.gz' from 'https://cache.nixos.org'...
building '/nix/store/7gk440086mhpjwzdycxvk3py987z3xym-r-wally-1.0.10.drv'...
Running phase: unpackPhase
unpacking source archive /nix/store/7yvqix4jj7hwn5by1anh03f3aybiyv4i-wally_1.0.10.tar.gz
source root is wally
setting SOURCE_DATE_EPOCH to timestamp 1572446402 of file wally/MD5
Running phase: patchPhase
Running phase: updateAutotoolsGnuConfigScriptsPhase
Running phase: configurePhase
Running phase: buildPhase
Running phase: checkPhase
Running phase: installPhase
* installing *source* package ‘wally’ ...
** package ‘wally’ correctement décompressé et sommes MD5 vérifiées
** using staged installation
** R
** data
** byte-compile and prepare package for lazy loading
** help
*** installing help indices
** building package indices
** testing if installed package can be loaded from temporary location
** testing if installed package can be loaded from final location
** testing if installed package keeps a record of temporary installation path
* DONE (wally)
Running phase: fixupPhase
checking for references to /private/tmp/nix-build-r-wally-1.0.10.drv-0/ in /nix/store/qz3p42kihagaswdw7scwxr8k62pvrhp4-r-wally-1.0.10...
patching script interpreter paths in /nix/store/qz3p42kihagaswdw7scwxr8k62pvrhp4-r-wally-1.0.10
rewriting symlink /nix/store/qz3p42kihagaswdw7scwxr8k62pvrhp4-r-wally-1.0.10/nix-support/propagated-user-env-packages to be relative to /nix/store/qz3p42kihagaswdw7scwxr8k62pvrhp4-r-wally-1.0.10
