this derivation will be built:
  /nix/store/rh8n0q7z3mkv3ivn8vmiyqi2dx9il4y3-r-MVPBT-1.2-1.drv
this path will be fetched (0.01 MiB download, 0.01 MiB unpacked):
  /nix/store/zpf1qs9zhh0c8h3rwisavpx2d446nym0-MVPBT_1.2-1.tar.gz
copying path '/nix/store/zpf1qs9zhh0c8h3rwisavpx2d446nym0-MVPBT_1.2-1.tar.gz' from 'https://cache.nixos.org'...
building '/nix/store/rh8n0q7z3mkv3ivn8vmiyqi2dx9il4y3-r-MVPBT-1.2-1.drv'...
Running phase: unpackPhase
unpacking source archive /nix/store/zpf1qs9zhh0c8h3rwisavpx2d446nym0-MVPBT_1.2-1.tar.gz
source root is MVPBT
setting SOURCE_DATE_EPOCH to timestamp 1703074206 of file MVPBT/MD5
Running phase: patchPhase
Running phase: updateAutotoolsGnuConfigScriptsPhase
Running phase: configurePhase
Running phase: buildPhase
Running phase: checkPhase
Running phase: installPhase
* installing *source* package ‘MVPBT’ ...
** package ‘MVPBT’ correctement décompressé et sommes MD5 vérifiées
** using staged installation
** R
** data
*** moving datasets to lazyload DB
** byte-compile and prepare package for lazy loading
** help
*** installing help indices
** building package indices
** testing if installed package can be loaded from temporary location
** testing if installed package can be loaded from final location
** testing if installed package keeps a record of temporary installation path
* DONE (MVPBT)
Running phase: fixupPhase
checking for references to /private/tmp/nix-build-r-MVPBT-1.2-1.drv-0/ in /nix/store/y2b29h3x63rrh8f6wnr067xhmzqw6isj-r-MVPBT-1.2-1...
patching script interpreter paths in /nix/store/y2b29h3x63rrh8f6wnr067xhmzqw6isj-r-MVPBT-1.2-1
rewriting symlink /nix/store/y2b29h3x63rrh8f6wnr067xhmzqw6isj-r-MVPBT-1.2-1/nix-support/propagated-user-env-packages to be relative to /nix/store/y2b29h3x63rrh8f6wnr067xhmzqw6isj-r-MVPBT-1.2-1
