this derivation will be built:
  /nix/store/ywv1v198jbznsn50hgkaxn27cqw2r2as-r-ZIprop-0.1.1.drv
this path will be fetched (0.17 MiB download, 0.17 MiB unpacked):
  /nix/store/pjzy0j6465vrpykkb14vr2z2h0b0p58c-ZIprop_0.1.1.tar.gz
copying path '/nix/store/pjzy0j6465vrpykkb14vr2z2h0b0p58c-ZIprop_0.1.1.tar.gz' from 'https://cache.nixos.org'...
building '/nix/store/ywv1v198jbznsn50hgkaxn27cqw2r2as-r-ZIprop-0.1.1.drv'...
Running phase: unpackPhase
unpacking source archive /nix/store/pjzy0j6465vrpykkb14vr2z2h0b0p58c-ZIprop_0.1.1.tar.gz
source root is ZIprop
setting SOURCE_DATE_EPOCH to timestamp 1623244802 of file ZIprop/MD5
Running phase: patchPhase
Running phase: updateAutotoolsGnuConfigScriptsPhase
Running phase: configurePhase
Running phase: buildPhase
Running phase: checkPhase
Running phase: installPhase
* installing *source* package ‘ZIprop’ ...
** package ‘ZIprop’ correctement décompressé et sommes MD5 vérifiées
** using staged installation
** R
** data
*** moving datasets to lazyload DB
** inst
** byte-compile and prepare package for lazy loading
** help
*** installing help indices
** building package indices
** installing vignettes
** testing if installed package can be loaded from temporary location
** testing if installed package can be loaded from final location
** testing if installed package keeps a record of temporary installation path
* DONE (ZIprop)
Running phase: fixupPhase
checking for references to /private/tmp/nix-build-r-ZIprop-0.1.1.drv-0/ in /nix/store/nazzbsy3a25zqq4aa4smzdybcf21k2xm-r-ZIprop-0.1.1...
patching script interpreter paths in /nix/store/nazzbsy3a25zqq4aa4smzdybcf21k2xm-r-ZIprop-0.1.1
rewriting symlink /nix/store/nazzbsy3a25zqq4aa4smzdybcf21k2xm-r-ZIprop-0.1.1/nix-support/propagated-user-env-packages to be relative to /nix/store/nazzbsy3a25zqq4aa4smzdybcf21k2xm-r-ZIprop-0.1.1
