this derivation will be built:
  /nix/store/22vm9aqr3z0ahw8qiv69ri72brk5r1cd-r-baf-0.0.1.drv
building '/nix/store/22vm9aqr3z0ahw8qiv69ri72brk5r1cd-r-baf-0.0.1.drv'...
Running phase: unpackPhase
unpacking source archive /nix/store/gnp94fn59kvfpdcb23gbihm1ql2nc3w5-baf_0.0.1.tar.gz
source root is baf
setting SOURCE_DATE_EPOCH to timestamp 1717516806 of file baf/MD5
Running phase: patchPhase
Running phase: updateAutotoolsGnuConfigScriptsPhase
Running phase: configurePhase
Running phase: buildPhase
Running phase: checkPhase
Running phase: installPhase
* installing *source* package ‘baf’ ...
** package ‘baf’ correctement décompressé et sommes MD5 vérifiées
** using staged installation
** R
** byte-compile and prepare package for lazy loading
** help
*** installing help indices
*** copying figures
** building package indices
** testing if installed package can be loaded from temporary location
** testing if installed package can be loaded from final location
** testing if installed package keeps a record of temporary installation path
* DONE (baf)
Running phase: fixupPhase
checking for references to /private/tmp/nix-build-r-baf-0.0.1.drv-0/ in /nix/store/gj5hdrbmnpknzmbrag3a47767b6k0y78-r-baf-0.0.1...
patching script interpreter paths in /nix/store/gj5hdrbmnpknzmbrag3a47767b6k0y78-r-baf-0.0.1
rewriting symlink /nix/store/gj5hdrbmnpknzmbrag3a47767b6k0y78-r-baf-0.0.1/nix-support/propagated-user-env-packages to be relative to /nix/store/gj5hdrbmnpknzmbrag3a47767b6k0y78-r-baf-0.0.1
