this derivation will be built:
  /nix/store/p5n0v9qy3g6lqwrhzk7hzznjzmkishih-r-partR2-0.9.2.drv
this path will be fetched (3.82 MiB download, 3.82 MiB unpacked):
  /nix/store/7fzc2m0px36f4vm4p177vd8k1xk6idks-partR2_0.9.2.tar.gz
copying path '/nix/store/7fzc2m0px36f4vm4p177vd8k1xk6idks-partR2_0.9.2.tar.gz' from 'https://cache.nixos.org'...
building '/nix/store/p5n0v9qy3g6lqwrhzk7hzznjzmkishih-r-partR2-0.9.2.drv'...
Running phase: unpackPhase
unpacking source archive /nix/store/7fzc2m0px36f4vm4p177vd8k1xk6idks-partR2_0.9.2.tar.gz
source root is partR2
setting SOURCE_DATE_EPOCH to timestamp 1709558402 of file partR2/MD5
Running phase: patchPhase
Running phase: updateAutotoolsGnuConfigScriptsPhase
Running phase: configurePhase
Running phase: buildPhase
Running phase: checkPhase
Running phase: installPhase
* installing *source* package ‘partR2’ ...
** package ‘partR2’ correctement décompressé et sommes MD5 vérifiées
** using staged installation
** R
** data
*** moving datasets to lazyload DB
** inst
** byte-compile and prepare package for lazy loading
** help
*** installing help indices
** building package indices
** installing vignettes
** testing if installed package can be loaded from temporary location
** testing if installed package can be loaded from final location
** testing if installed package keeps a record of temporary installation path
* DONE (partR2)
Running phase: fixupPhase
checking for references to /private/tmp/nix-build-r-partR2-0.9.2.drv-0/ in /nix/store/6mg2xqjhj94bfg90kmmz7xwq3d0yiimb-r-partR2-0.9.2...
patching script interpreter paths in /nix/store/6mg2xqjhj94bfg90kmmz7xwq3d0yiimb-r-partR2-0.9.2
rewriting symlink /nix/store/6mg2xqjhj94bfg90kmmz7xwq3d0yiimb-r-partR2-0.9.2/nix-support/propagated-user-env-packages to be relative to /nix/store/6mg2xqjhj94bfg90kmmz7xwq3d0yiimb-r-partR2-0.9.2
