this derivation will be built:
  /nix/store/bzkja8hkxk8qr2rscnmv61bbhga15a8f-r-AdaptGauss-1.6.drv
building '/nix/store/bzkja8hkxk8qr2rscnmv61bbhga15a8f-r-AdaptGauss-1.6.drv'...
Running phase: unpackPhase
unpacking source archive /nix/store/k6xw6x30ila0a2jqwnpplg3d01i7fdcy-AdaptGauss_1.6.tar.gz
source root is AdaptGauss
setting SOURCE_DATE_EPOCH to timestamp 1706888402 of file AdaptGauss/MD5
Running phase: patchPhase
Running phase: updateAutotoolsGnuConfigScriptsPhase
Running phase: configurePhase
Running phase: buildPhase
Running phase: checkPhase
Running phase: installPhase
* installing *source* package ‘AdaptGauss’ ...
** package ‘AdaptGauss’ correctement décompressé et sommes MD5 vérifiées
** using staged installation
** libs
using C++ compiler: ‘clang version 16.0.6’
using SDK: ‘’
/nix/store/v39c0h6xv6hvki2k1bsyp5n090q8y2bp-clang-wrapper-16.0.6/bin/c++ -std=gnu++17 -I"/nix/store/lir8rmsk7dxbj7v1spqmv69z4mafg16l-R-4.4.2/lib/R/include" -DNDEBUG  -I'/nix/store/da7yi2xf3argx9hlnn3f0k95b8y1yx2l-r-Rcpp-1.0.13-1/library/Rcpp/include' -isystem /nix/store/0mmz5i705116bfykc7i1r9jxqwyghj2a-libcxx-16.0.6-dev/include/c++/v1    -fPIC  -g -O2   -c RcppExports.cpp -o RcppExports.o
/nix/store/v39c0h6xv6hvki2k1bsyp5n090q8y2bp-clang-wrapper-16.0.6/bin/c++ -std=gnu++17 -I"/nix/store/lir8rmsk7dxbj7v1spqmv69z4mafg16l-R-4.4.2/lib/R/include" -DNDEBUG  -I'/nix/store/da7yi2xf3argx9hlnn3f0k95b8y1yx2l-r-Rcpp-1.0.13-1/library/Rcpp/include' -isystem /nix/store/0mmz5i705116bfykc7i1r9jxqwyghj2a-libcxx-16.0.6-dev/include/c++/v1    -fPIC  -g -O2   -c meanC.cpp -o meanC.o
/nix/store/v39c0h6xv6hvki2k1bsyp5n090q8y2bp-clang-wrapper-16.0.6/bin/c++ -std=gnu++17 -dynamiclib -Wl,-headerpad_max_install_names -undefined dynamic_lookup -L/nix/store/lir8rmsk7dxbj7v1spqmv69z4mafg16l-R-4.4.2/lib/R/lib -L/nix/store/88xkgzh5g9xppsg3hdxxxh9q43rnxk6k-libcxx-16.0.6/lib -o AdaptGauss.so RcppExports.o meanC.o -L/nix/store/lir8rmsk7dxbj7v1spqmv69z4mafg16l-R-4.4.2/lib/R/lib -lR -lintl -Wl,-framework -Wl,CoreFoundation
installing to /nix/store/8yc8lcbg4ysylvv2fixp70pz5fchh1ck-r-AdaptGauss-1.6/library/00LOCK-AdaptGauss/00new/AdaptGauss/libs
** R
** data
** inst
** byte-compile and prepare package for lazy loading
** help
*** installing help indices
** building package indices
** installing vignettes
** testing if installed package can be loaded from temporary location
** checking absolute paths in shared objects and dynamic libraries
** testing if installed package can be loaded from final location
** testing if installed package keeps a record of temporary installation path
* DONE (AdaptGauss)
Running phase: fixupPhase
checking for references to /private/tmp/nix-build-r-AdaptGauss-1.6.drv-0/ in /nix/store/8yc8lcbg4ysylvv2fixp70pz5fchh1ck-r-AdaptGauss-1.6...
patching script interpreter paths in /nix/store/8yc8lcbg4ysylvv2fixp70pz5fchh1ck-r-AdaptGauss-1.6
rewriting symlink /nix/store/8yc8lcbg4ysylvv2fixp70pz5fchh1ck-r-AdaptGauss-1.6/nix-support/propagated-user-env-packages to be relative to /nix/store/8yc8lcbg4ysylvv2fixp70pz5fchh1ck-r-AdaptGauss-1.6
