these 2 derivations will be built:
  /nix/store/s7g1n7vp4yp78xy0k8dpqy70mbmwwb8v-RegrCoeffsExplorer_1.1.0.tar.gz.drv
  /nix/store/0144hsmwww5svxmspyksybpqq2c5sp76-r-RegrCoeffsExplorer-1.1.0.drv
building '/nix/store/s7g1n7vp4yp78xy0k8dpqy70mbmwwb8v-RegrCoeffsExplorer_1.1.0.tar.gz.drv'...

trying https://cran.r-project.org/src/contrib/RegrCoeffsExplorer_1.1.0.tar.gz
  % Total    % Received % Xferd  Average Speed   Time    Time     Time  Current
                                 Dload  Upload   Total   Spent    Left  Speed
100  630k  100  630k    0     0  2494k      0 --:--:-- --:--:-- --:--:-- 2490k
building '/nix/store/0144hsmwww5svxmspyksybpqq2c5sp76-r-RegrCoeffsExplorer-1.1.0.drv'...
Running phase: unpackPhase
unpacking source archive /nix/store/p79c8z8z1kjwhvznik903cmswnnh2gf3-RegrCoeffsExplorer_1.1.0.tar.gz
source root is RegrCoeffsExplorer
setting SOURCE_DATE_EPOCH to timestamp 1731592249 of file RegrCoeffsExplorer/MD5
Running phase: patchPhase
Running phase: updateAutotoolsGnuConfigScriptsPhase
Running phase: configurePhase
Running phase: buildPhase
Running phase: checkPhase
Running phase: installPhase
* installing *source* package ‘RegrCoeffsExplorer’ ...
** package ‘RegrCoeffsExplorer’ correctement décompressé et sommes MD5 vérifiées
** using staged installation
** R
** inst
** byte-compile and prepare package for lazy loading
** help
*** installing help indices
*** copying figures
** building package indices
** installing vignettes
** testing if installed package can be loaded from temporary location
** testing if installed package can be loaded from final location
** testing if installed package keeps a record of temporary installation path
* DONE (RegrCoeffsExplorer)
Running phase: fixupPhase
checking for references to /private/tmp/nix-build-r-RegrCoeffsExplorer-1.1.0.drv-0/ in /nix/store/6rj7vjmdcr72x3fjk7ld6q91v9aqrcqm-r-RegrCoeffsExplorer-1.1.0...
patching script interpreter paths in /nix/store/6rj7vjmdcr72x3fjk7ld6q91v9aqrcqm-r-RegrCoeffsExplorer-1.1.0
rewriting symlink /nix/store/6rj7vjmdcr72x3fjk7ld6q91v9aqrcqm-r-RegrCoeffsExplorer-1.1.0/nix-support/propagated-user-env-packages to be relative to /nix/store/6rj7vjmdcr72x3fjk7ld6q91v9aqrcqm-r-RegrCoeffsExplorer-1.1.0
