these 2 derivations will be built:
  /nix/store/yrv4gk3myk3xlaldywby8ms77zbmaggh-highlightr_1.0.2.tar.gz.drv
  /nix/store/g371xsrxq9hvhgd0z97akf08nx5xz14g-r-highlightr-1.0.2.drv
building '/nix/store/yrv4gk3myk3xlaldywby8ms77zbmaggh-highlightr_1.0.2.tar.gz.drv'...

trying https://cran.r-project.org/src/contrib/highlightr_1.0.2.tar.gz
  % Total    % Received % Xferd  Average Speed   Time    Time     Time  Current
                                 Dload  Upload   Total   Spent    Left  Speed
100  189k  100  189k    0     0  1122k      0 --:--:-- --:--:-- --:--:-- 1125k
building '/nix/store/g371xsrxq9hvhgd0z97akf08nx5xz14g-r-highlightr-1.0.2.drv'...
Running phase: unpackPhase
unpacking source archive /nix/store/r48cvz98kpki4bafkm39mqw2x88ixmzj-highlightr_1.0.2.tar.gz
source root is highlightr
setting SOURCE_DATE_EPOCH to timestamp 1729188602 of file highlightr/MD5
Running phase: patchPhase
Running phase: updateAutotoolsGnuConfigScriptsPhase
Running phase: configurePhase
Running phase: buildPhase
Running phase: checkPhase
Running phase: installPhase
* installing *source* package ‘highlightr’ ...
** package ‘highlightr’ correctement décompressé et sommes MD5 vérifiées
** using staged installation
** R
** data
*** moving datasets to lazyload DB
** inst
** byte-compile and prepare package for lazy loading
** help
*** installing help indices
*** copying figures
** building package indices
** installing vignettes
** testing if installed package can be loaded from temporary location
** testing if installed package can be loaded from final location
** testing if installed package keeps a record of temporary installation path
* DONE (highlightr)
Running phase: fixupPhase
checking for references to /private/tmp/nix-build-r-highlightr-1.0.2.drv-0/ in /nix/store/5dn0vvfh33bdvqwik6hp3p6vglvwxw3h-r-highlightr-1.0.2...
patching script interpreter paths in /nix/store/5dn0vvfh33bdvqwik6hp3p6vglvwxw3h-r-highlightr-1.0.2
rewriting symlink /nix/store/5dn0vvfh33bdvqwik6hp3p6vglvwxw3h-r-highlightr-1.0.2/nix-support/propagated-user-env-packages to be relative to /nix/store/5dn0vvfh33bdvqwik6hp3p6vglvwxw3h-r-highlightr-1.0.2
