this derivation will be built:
  /nix/store/3i4mrbzawi7p6rgfsi0a3dgn4z9hj311-r-schoenberg-2.0.3.drv
this path will be fetched (0.01 MiB download, 0.01 MiB unpacked):
  /nix/store/996djv6k1pkchn5k0qqph49jx78kfc9g-schoenberg_2.0.3.tar.gz
copying path '/nix/store/996djv6k1pkchn5k0qqph49jx78kfc9g-schoenberg_2.0.3.tar.gz' from 'https://cache.nixos.org'...
building '/nix/store/3i4mrbzawi7p6rgfsi0a3dgn4z9hj311-r-schoenberg-2.0.3.drv'...
Running phase: unpackPhase
unpacking source archive /nix/store/996djv6k1pkchn5k0qqph49jx78kfc9g-schoenberg_2.0.3.tar.gz
source root is schoenberg
setting SOURCE_DATE_EPOCH to timestamp 1706440803 of file schoenberg/MD5
Running phase: patchPhase
Running phase: updateAutotoolsGnuConfigScriptsPhase
Running phase: configurePhase
Running phase: buildPhase
Running phase: checkPhase
Running phase: installPhase
* installing *source* package ‘schoenberg’ ...
** package ‘schoenberg’ correctement décompressé et sommes MD5 vérifiées
** using staged installation
** R
** byte-compile and prepare package for lazy loading
** help
*** installing help indices
** building package indices
** testing if installed package can be loaded from temporary location
** testing if installed package can be loaded from final location
** testing if installed package keeps a record of temporary installation path
* DONE (schoenberg)
Running phase: fixupPhase
checking for references to /private/tmp/nix-build-r-schoenberg-2.0.3.drv-0/ in /nix/store/87n3xvicma6q947rc4rvi8j505ijlh30-r-schoenberg-2.0.3...
patching script interpreter paths in /nix/store/87n3xvicma6q947rc4rvi8j505ijlh30-r-schoenberg-2.0.3
rewriting symlink /nix/store/87n3xvicma6q947rc4rvi8j505ijlh30-r-schoenberg-2.0.3/nix-support/propagated-user-env-packages to be relative to /nix/store/87n3xvicma6q947rc4rvi8j505ijlh30-r-schoenberg-2.0.3
