this derivation will be built:
  /nix/store/czcxsz16m3v8j71cipmfr1i4v2jhg97j-r-logcondiscr-1.0.6.drv
this path will be fetched (0.02 MiB download, 0.02 MiB unpacked):
  /nix/store/wmgxmnlr1ss00b20ayabs5nazw3rqvbw-logcondiscr_1.0.6.tar.gz
copying path '/nix/store/wmgxmnlr1ss00b20ayabs5nazw3rqvbw-logcondiscr_1.0.6.tar.gz' from 'https://cache.nixos.org'...
building '/nix/store/czcxsz16m3v8j71cipmfr1i4v2jhg97j-r-logcondiscr-1.0.6.drv'...
Running phase: unpackPhase
unpacking source archive /nix/store/wmgxmnlr1ss00b20ayabs5nazw3rqvbw-logcondiscr_1.0.6.tar.gz
source root is logcondiscr
setting SOURCE_DATE_EPOCH to timestamp 1435920665 of file logcondiscr/MD5
Running phase: patchPhase
Running phase: updateAutotoolsGnuConfigScriptsPhase
Running phase: configurePhase
Running phase: buildPhase
Running phase: checkPhase
Running phase: installPhase
* installing *source* package ‘logcondiscr’ ...
** package ‘logcondiscr’ correctement décompressé et sommes MD5 vérifiées
** using staged installation
** R
** byte-compile and prepare package for lazy loading
** help
*** installing help indices
** building package indices
** testing if installed package can be loaded from temporary location
** testing if installed package can be loaded from final location
** testing if installed package keeps a record of temporary installation path
* DONE (logcondiscr)
Running phase: fixupPhase
checking for references to /private/tmp/nix-build-r-logcondiscr-1.0.6.drv-0/ in /nix/store/nz4yjsiicmr2wl29xy1gyn978wn3dc53-r-logcondiscr-1.0.6...
patching script interpreter paths in /nix/store/nz4yjsiicmr2wl29xy1gyn978wn3dc53-r-logcondiscr-1.0.6
rewriting symlink /nix/store/nz4yjsiicmr2wl29xy1gyn978wn3dc53-r-logcondiscr-1.0.6/nix-support/propagated-user-env-packages to be relative to /nix/store/nz4yjsiicmr2wl29xy1gyn978wn3dc53-r-logcondiscr-1.0.6
