this derivation will be built:
  /nix/store/4axrdv2822106lh7qczd8s4z5brvvy7i-r-VarReg-2.0.drv
this path will be fetched (0.76 MiB download, 0.76 MiB unpacked):
  /nix/store/9n03rk9693g93gbvh30wjnnirgn4d42d-VarReg_2.0.tar.gz
copying path '/nix/store/9n03rk9693g93gbvh30wjnnirgn4d42d-VarReg_2.0.tar.gz' from 'https://cache.nixos.org'...
building '/nix/store/4axrdv2822106lh7qczd8s4z5brvvy7i-r-VarReg-2.0.drv'...
Running phase: unpackPhase
unpacking source archive /nix/store/9n03rk9693g93gbvh30wjnnirgn4d42d-VarReg_2.0.tar.gz
source root is VarReg
setting SOURCE_DATE_EPOCH to timestamp 1684194602 of file VarReg/MD5
Running phase: patchPhase
Running phase: updateAutotoolsGnuConfigScriptsPhase
Running phase: configurePhase
Running phase: buildPhase
Running phase: checkPhase
Running phase: installPhase
* installing *source* package ‘VarReg’ ...
** package ‘VarReg’ correctement décompressé et sommes MD5 vérifiées
** using staged installation
** R
** data
*** moving datasets to lazyload DB
** inst
** byte-compile and prepare package for lazy loading
** help
*** installing help indices
*** copying figures
** building package indices
** testing if installed package can be loaded from temporary location
** testing if installed package can be loaded from final location
** testing if installed package keeps a record of temporary installation path
* DONE (VarReg)
Running phase: fixupPhase
checking for references to /private/tmp/nix-build-r-VarReg-2.0.drv-0/ in /nix/store/97j165b54as99wkgc01fcd4sbgx53m4l-r-VarReg-2.0...
patching script interpreter paths in /nix/store/97j165b54as99wkgc01fcd4sbgx53m4l-r-VarReg-2.0
rewriting symlink /nix/store/97j165b54as99wkgc01fcd4sbgx53m4l-r-VarReg-2.0/nix-support/propagated-user-env-packages to be relative to /nix/store/97j165b54as99wkgc01fcd4sbgx53m4l-r-VarReg-2.0
