these 2 derivations will be built:
  /nix/store/27c3bdfxjvjsy6gyaxfdw3cchwsdflk9-nopaco_1.0.9.tar.gz.drv
  /nix/store/bgj4h5h15skqdb5cmn1mvcyk4q1mkrm4-r-nopaco-1.0.9.drv
building '/nix/store/27c3bdfxjvjsy6gyaxfdw3cchwsdflk9-nopaco_1.0.9.tar.gz.drv'...

trying https://cran.r-project.org/src/contrib/nopaco_1.0.9.tar.gz
  % Total    % Received % Xferd  Average Speed   Time    Time     Time  Current
                                 Dload  Upload   Total   Spent    Left  Speed
100  798k  100  798k    0     0  3094k      0 --:--:-- --:--:-- --:--:-- 3096k
building '/nix/store/bgj4h5h15skqdb5cmn1mvcyk4q1mkrm4-r-nopaco-1.0.9.drv'...
Running phase: unpackPhase
unpacking source archive /nix/store/c6qfrw409a6j58vc8ls07a5ivgdlfql4-nopaco_1.0.9.tar.gz
source root is nopaco
setting SOURCE_DATE_EPOCH to timestamp 1729087801 of file nopaco/MD5
Running phase: patchPhase
Running phase: updateAutotoolsGnuConfigScriptsPhase
Running phase: configurePhase
Running phase: buildPhase
Running phase: checkPhase
Running phase: installPhase
* installing *source* package ‘nopaco’ ...
** package ‘nopaco’ correctement décompressé et sommes MD5 vérifiées
** using staged installation
** libs
using C++ compiler: ‘clang version 16.0.6’
using SDK: ‘’
/nix/store/v39c0h6xv6hvki2k1bsyp5n090q8y2bp-clang-wrapper-16.0.6/bin/c++ -std=gnu++17 -I"/nix/store/lir8rmsk7dxbj7v1spqmv69z4mafg16l-R-4.4.2/lib/R/include" -DNDEBUG   -isystem /nix/store/0mmz5i705116bfykc7i1r9jxqwyghj2a-libcxx-16.0.6-dev/include/c++/v1    -fPIC  -g -O2   -c bootstrapCI.cpp -o bootstrapCI.o
/nix/store/v39c0h6xv6hvki2k1bsyp5n090q8y2bp-clang-wrapper-16.0.6/bin/c++ -std=gnu++17 -I"/nix/store/lir8rmsk7dxbj7v1spqmv69z4mafg16l-R-4.4.2/lib/R/include" -DNDEBUG   -isystem /nix/store/0mmz5i705116bfykc7i1r9jxqwyghj2a-libcxx-16.0.6-dev/include/c++/v1    -fPIC  -g -O2   -c exactdistribution.cpp -o exactdistribution.o
/nix/store/v39c0h6xv6hvki2k1bsyp5n090q8y2bp-clang-wrapper-16.0.6/bin/c++ -std=gnu++17 -I"/nix/store/lir8rmsk7dxbj7v1spqmv69z4mafg16l-R-4.4.2/lib/R/include" -DNDEBUG   -isystem /nix/store/0mmz5i705116bfykc7i1r9jxqwyghj2a-libcxx-16.0.6-dev/include/c++/v1    -fPIC  -g -O2   -c getPsi.cpp -o getPsi.o
/nix/store/v39c0h6xv6hvki2k1bsyp5n090q8y2bp-clang-wrapper-16.0.6/bin/c++ -std=gnu++17 -I"/nix/store/lir8rmsk7dxbj7v1spqmv69z4mafg16l-R-4.4.2/lib/R/include" -DNDEBUG   -isystem /nix/store/0mmz5i705116bfykc7i1r9jxqwyghj2a-libcxx-16.0.6-dev/include/c++/v1    -fPIC  -g -O2   -c register.cpp -o register.o
/nix/store/v39c0h6xv6hvki2k1bsyp5n090q8y2bp-clang-wrapper-16.0.6/bin/c++ -std=gnu++17 -dynamiclib -Wl,-headerpad_max_install_names -undefined dynamic_lookup -L/nix/store/lir8rmsk7dxbj7v1spqmv69z4mafg16l-R-4.4.2/lib/R/lib -L/nix/store/88xkgzh5g9xppsg3hdxxxh9q43rnxk6k-libcxx-16.0.6/lib -o nopaco.so bootstrapCI.o exactdistribution.o getPsi.o register.o -L/nix/store/lir8rmsk7dxbj7v1spqmv69z4mafg16l-R-4.4.2/lib/R/lib -lR -lintl -Wl,-framework -Wl,CoreFoundation
installing to /nix/store/gihkw3dl68gw99dshcwf3sr15kvzkkw6-r-nopaco-1.0.9/library/00LOCK-nopaco/00new/nopaco/libs
** R
** data
** inst
** byte-compile and prepare package for lazy loading
** help
*** installing help indices
** building package indices
** installing vignettes
** testing if installed package can be loaded from temporary location
** checking absolute paths in shared objects and dynamic libraries
** testing if installed package can be loaded from final location
** testing if installed package keeps a record of temporary installation path
* DONE (nopaco)
Running phase: fixupPhase
checking for references to /private/tmp/nix-build-r-nopaco-1.0.9.drv-0/ in /nix/store/gihkw3dl68gw99dshcwf3sr15kvzkkw6-r-nopaco-1.0.9...
patching script interpreter paths in /nix/store/gihkw3dl68gw99dshcwf3sr15kvzkkw6-r-nopaco-1.0.9
rewriting symlink /nix/store/gihkw3dl68gw99dshcwf3sr15kvzkkw6-r-nopaco-1.0.9/nix-support/propagated-user-env-packages to be relative to /nix/store/gihkw3dl68gw99dshcwf3sr15kvzkkw6-r-nopaco-1.0.9
