this derivation will be built:
  /nix/store/zzm1a2f0sla5g5dgns3wqa9x1sfcgl1g-r-mlmhelpr-0.1.1.drv
this path will be fetched (0.12 MiB download, 0.12 MiB unpacked):
  /nix/store/krcgng29n55fkxr5wmzmhpgkgjlv4i1z-mlmhelpr_0.1.1.tar.gz
copying path '/nix/store/krcgng29n55fkxr5wmzmhpgkgjlv4i1z-mlmhelpr_0.1.1.tar.gz' from 'https://cache.nixos.org'...
building '/nix/store/zzm1a2f0sla5g5dgns3wqa9x1sfcgl1g-r-mlmhelpr-0.1.1.drv'...
Running phase: unpackPhase
unpacking source archive /nix/store/krcgng29n55fkxr5wmzmhpgkgjlv4i1z-mlmhelpr_0.1.1.tar.gz
source root is mlmhelpr
setting SOURCE_DATE_EPOCH to timestamp 1716322802 of file mlmhelpr/MD5
Running phase: patchPhase
Running phase: updateAutotoolsGnuConfigScriptsPhase
Running phase: configurePhase
Running phase: buildPhase
Running phase: checkPhase
Running phase: installPhase
* installing *source* package ‘mlmhelpr’ ...
** package ‘mlmhelpr’ correctement décompressé et sommes MD5 vérifiées
** using staged installation
** R
** data
*** moving datasets to lazyload DB
** inst
** byte-compile and prepare package for lazy loading
** help
*** installing help indices
*** copying figures
** building package indices
** testing if installed package can be loaded from temporary location
** testing if installed package can be loaded from final location
** testing if installed package keeps a record of temporary installation path
* DONE (mlmhelpr)
Running phase: fixupPhase
checking for references to /private/tmp/nix-build-r-mlmhelpr-0.1.1.drv-0/ in /nix/store/176ka4qfxm6jk964q4zwib141l97jnbi-r-mlmhelpr-0.1.1...
patching script interpreter paths in /nix/store/176ka4qfxm6jk964q4zwib141l97jnbi-r-mlmhelpr-0.1.1
rewriting symlink /nix/store/176ka4qfxm6jk964q4zwib141l97jnbi-r-mlmhelpr-0.1.1/nix-support/propagated-user-env-packages to be relative to /nix/store/176ka4qfxm6jk964q4zwib141l97jnbi-r-mlmhelpr-0.1.1
