these 2 derivations will be built:
  /nix/store/v8896lpps240rljkkzvysrckc10kmpfp-simCAT_1.0.1.tar.gz.drv
  /nix/store/21qhidb8hlf5fy9x44qy5sjpcj82xsx8-r-simCAT-1.0.1.drv
building '/nix/store/v8896lpps240rljkkzvysrckc10kmpfp-simCAT_1.0.1.tar.gz.drv'...

trying https://cran.r-project.org/src/contrib/simCAT_1.0.1.tar.gz
  % Total    % Received % Xferd  Average Speed   Time    Time     Time  Current
                                 Dload  Upload   Total   Spent    Left  Speed
100 18100  100 18100    0     0   161k      0 --:--:-- --:--:-- --:--:--  162k
building '/nix/store/21qhidb8hlf5fy9x44qy5sjpcj82xsx8-r-simCAT-1.0.1.drv'...
Running phase: unpackPhase
unpacking source archive /nix/store/k8wrc8w9hfd5xsr0yz1fa18qrb1ql0j8-simCAT_1.0.1.tar.gz
source root is simCAT
setting SOURCE_DATE_EPOCH to timestamp 1727401802 of file simCAT/MD5
Running phase: patchPhase
Running phase: updateAutotoolsGnuConfigScriptsPhase
Running phase: configurePhase
Running phase: buildPhase
Running phase: checkPhase
Running phase: installPhase
* installing *source* package ‘simCAT’ ...
** package ‘simCAT’ correctement décompressé et sommes MD5 vérifiées
** using staged installation
** R
** byte-compile and prepare package for lazy loading
** help
*** installing help indices
** building package indices
** testing if installed package can be loaded from temporary location
** testing if installed package can be loaded from final location
** testing if installed package keeps a record of temporary installation path
* DONE (simCAT)
Running phase: fixupPhase
checking for references to /private/tmp/nix-build-r-simCAT-1.0.1.drv-0/ in /nix/store/n1mffxmd1v7cz4bl25lh3nqj25w6jfjh-r-simCAT-1.0.1...
patching script interpreter paths in /nix/store/n1mffxmd1v7cz4bl25lh3nqj25w6jfjh-r-simCAT-1.0.1
rewriting symlink /nix/store/n1mffxmd1v7cz4bl25lh3nqj25w6jfjh-r-simCAT-1.0.1/nix-support/propagated-user-env-packages to be relative to /nix/store/n1mffxmd1v7cz4bl25lh3nqj25w6jfjh-r-simCAT-1.0.1
