this derivation will be built:
  /nix/store/lrmggpyhx6h57038qyl0bq4hr708b1wq-r-Robyn-3.11.1.drv
this path will be fetched (0.98 MiB download, 0.98 MiB unpacked):
  /nix/store/0wb7n1xmidijr0xnqd1dfg3hpgdk8rr4-Robyn_3.11.1.tar.gz
copying path '/nix/store/0wb7n1xmidijr0xnqd1dfg3hpgdk8rr4-Robyn_3.11.1.tar.gz' from 'https://cache.nixos.org'...
building '/nix/store/lrmggpyhx6h57038qyl0bq4hr708b1wq-r-Robyn-3.11.1.drv'...
Running phase: unpackPhase
unpacking source archive /nix/store/0wb7n1xmidijr0xnqd1dfg3hpgdk8rr4-Robyn_3.11.1.tar.gz
source root is Robyn
setting SOURCE_DATE_EPOCH to timestamp 1719473402 of file Robyn/MD5
Running phase: patchPhase
Running phase: updateAutotoolsGnuConfigScriptsPhase
Running phase: configurePhase
Running phase: buildPhase
Running phase: checkPhase
Running phase: installPhase
* installing *source* package ‘Robyn’ ...
** package ‘Robyn’ correctement décompressé et sommes MD5 vérifiées
** using staged installation
** R
** data
*** moving datasets to lazyload DB
** byte-compile and prepare package for lazy loading
** help
*** installing help indices
*** copying figures
** building package indices
** testing if installed package can be loaded from temporary location
** testing if installed package can be loaded from final location
** testing if installed package keeps a record of temporary installation path
* DONE (Robyn)
Running phase: fixupPhase
checking for references to /private/tmp/nix-build-r-Robyn-3.11.1.drv-0/ in /nix/store/cbsmf8k2xcyan990wzi3xvld914amnkd-r-Robyn-3.11.1...
patching script interpreter paths in /nix/store/cbsmf8k2xcyan990wzi3xvld914amnkd-r-Robyn-3.11.1
rewriting symlink /nix/store/cbsmf8k2xcyan990wzi3xvld914amnkd-r-Robyn-3.11.1/nix-support/propagated-user-env-packages to be relative to /nix/store/cbsmf8k2xcyan990wzi3xvld914amnkd-r-Robyn-3.11.1
