this derivation will be built:
  /nix/store/50mhfv0nvciv53zx79w1vr7ih0gh92h5-r-IFC-0.2.1.drv
this path will be fetched (0.42 MiB download, 0.42 MiB unpacked):
  /nix/store/cpckz7yjvgn77h49b9ik75k0cg6f27if-IFC_0.2.1.tar.gz
copying path '/nix/store/cpckz7yjvgn77h49b9ik75k0cg6f27if-IFC_0.2.1.tar.gz' from 'https://cache.nixos.org'...
building '/nix/store/50mhfv0nvciv53zx79w1vr7ih0gh92h5-r-IFC-0.2.1.drv'...
Running phase: unpackPhase
unpacking source archive /nix/store/cpckz7yjvgn77h49b9ik75k0cg6f27if-IFC_0.2.1.tar.gz
source root is IFC
setting SOURCE_DATE_EPOCH to timestamp 1694644353 of file IFC/MD5
Running phase: patchPhase
Running phase: updateAutotoolsGnuConfigScriptsPhase
Running phase: configurePhase
Running phase: buildPhase
Running phase: checkPhase
Running phase: installPhase
* installing *source* package ‘IFC’ ...
** package ‘IFC’ correctement décompressé et sommes MD5 vérifiées
** using staged installation
** libs
using C++ compiler: ‘clang version 16.0.6’
using SDK: ‘’
/nix/store/v39c0h6xv6hvki2k1bsyp5n090q8y2bp-clang-wrapper-16.0.6/bin/c++ -std=gnu++17 -I"/nix/store/lir8rmsk7dxbj7v1spqmv69z4mafg16l-R-4.4.2/lib/R/include" -DNDEBUG  -I'/nix/store/da7yi2xf3argx9hlnn3f0k95b8y1yx2l-r-Rcpp-1.0.13-1/library/Rcpp/include' -isystem /nix/store/0mmz5i705116bfykc7i1r9jxqwyghj2a-libcxx-16.0.6-dev/include/c++/v1    -fPIC  -g -O2   -c RcppExports.cpp -o RcppExports.o
/nix/store/v39c0h6xv6hvki2k1bsyp5n090q8y2bp-clang-wrapper-16.0.6/bin/c++ -std=gnu++17 -I"/nix/store/lir8rmsk7dxbj7v1spqmv69z4mafg16l-R-4.4.2/lib/R/include" -DNDEBUG  -I'/nix/store/da7yi2xf3argx9hlnn3f0k95b8y1yx2l-r-Rcpp-1.0.13-1/library/Rcpp/include' -isystem /nix/store/0mmz5i705116bfykc7i1r9jxqwyghj2a-libcxx-16.0.6-dev/include/c++/v1    -fPIC  -g -O2   -c ifc.cpp -o ifc.o
/nix/store/v39c0h6xv6hvki2k1bsyp5n090q8y2bp-clang-wrapper-16.0.6/bin/c++ -std=gnu++17 -dynamiclib -Wl,-headerpad_max_install_names -undefined dynamic_lookup -L/nix/store/lir8rmsk7dxbj7v1spqmv69z4mafg16l-R-4.4.2/lib/R/lib -L/nix/store/88xkgzh5g9xppsg3hdxxxh9q43rnxk6k-libcxx-16.0.6/lib -o IFC.so RcppExports.o ifc.o -L/nix/store/lir8rmsk7dxbj7v1spqmv69z4mafg16l-R-4.4.2/lib/R/lib -lR -lintl -Wl,-framework -Wl,CoreFoundation
installing to /nix/store/l7pn5wf9j8l8zg2y67xgjhn6xzd2k772-r-IFC-0.2.1/library/00LOCK-IFC/00new/IFC/libs
** R
** inst
** byte-compile and prepare package for lazy loading
** help
*** installing help indices
** building package indices
** testing if installed package can be loaded from temporary location
** checking absolute paths in shared objects and dynamic libraries
** testing if installed package can be loaded from final location
** testing if installed package keeps a record of temporary installation path
* DONE (IFC)
Running phase: fixupPhase
checking for references to /private/tmp/nix-build-r-IFC-0.2.1.drv-0/ in /nix/store/l7pn5wf9j8l8zg2y67xgjhn6xzd2k772-r-IFC-0.2.1...
patching script interpreter paths in /nix/store/l7pn5wf9j8l8zg2y67xgjhn6xzd2k772-r-IFC-0.2.1
rewriting symlink /nix/store/l7pn5wf9j8l8zg2y67xgjhn6xzd2k772-r-IFC-0.2.1/nix-support/propagated-user-env-packages to be relative to /nix/store/l7pn5wf9j8l8zg2y67xgjhn6xzd2k772-r-IFC-0.2.1
