this derivation will be built:
  /nix/store/a5x852s3aw6dwmciqs7lbk5a28rfpqi0-r-sae2-1.2-1.drv
this path will be fetched (0.02 MiB download, 0.02 MiB unpacked):
  /nix/store/dmp83k6yxahns1vpwlqniw44b37l2qhs-sae2_1.2-1.tar.gz
copying path '/nix/store/dmp83k6yxahns1vpwlqniw44b37l2qhs-sae2_1.2-1.tar.gz' from 'https://cache.nixos.org'...
building '/nix/store/a5x852s3aw6dwmciqs7lbk5a28rfpqi0-r-sae2-1.2-1.drv'...
Running phase: unpackPhase
unpacking source archive /nix/store/dmp83k6yxahns1vpwlqniw44b37l2qhs-sae2_1.2-1.tar.gz
source root is sae2
setting SOURCE_DATE_EPOCH to timestamp 1692781802 of file sae2/MD5
Running phase: patchPhase
Running phase: updateAutotoolsGnuConfigScriptsPhase
Running phase: configurePhase
Running phase: buildPhase
Running phase: checkPhase
Running phase: installPhase
* installing *source* package ‘sae2’ ...
** package ‘sae2’ correctement décompressé et sommes MD5 vérifiées
** using staged installation
** R
** byte-compile and prepare package for lazy loading
** help
*** installing help indices
** building package indices
** testing if installed package can be loaded from temporary location
** testing if installed package can be loaded from final location
** testing if installed package keeps a record of temporary installation path
* DONE (sae2)
Running phase: fixupPhase
checking for references to /private/tmp/nix-build-r-sae2-1.2-1.drv-0/ in /nix/store/99m6035hl3zmrf7h2kvk49kkr4y1r44p-r-sae2-1.2-1...
patching script interpreter paths in /nix/store/99m6035hl3zmrf7h2kvk49kkr4y1r44p-r-sae2-1.2-1
rewriting symlink /nix/store/99m6035hl3zmrf7h2kvk49kkr4y1r44p-r-sae2-1.2-1/nix-support/propagated-user-env-packages to be relative to /nix/store/99m6035hl3zmrf7h2kvk49kkr4y1r44p-r-sae2-1.2-1
