this derivation will be built:
  /nix/store/w8w0q1wvk12y5ycdxxff5vfih94nknnf-r-siebanxicor-1.0.0.drv
this path will be fetched (0.01 MiB download, 0.01 MiB unpacked):
  /nix/store/l69aa07zvyr4yj7zy08adf83hcmbj184-siebanxicor_1.0.0.tar.gz
copying path '/nix/store/l69aa07zvyr4yj7zy08adf83hcmbj184-siebanxicor_1.0.0.tar.gz' from 'https://cache.nixos.org'...
building '/nix/store/w8w0q1wvk12y5ycdxxff5vfih94nknnf-r-siebanxicor-1.0.0.drv'...
Running phase: unpackPhase
unpacking source archive /nix/store/l69aa07zvyr4yj7zy08adf83hcmbj184-siebanxicor_1.0.0.tar.gz
source root is siebanxicor
setting SOURCE_DATE_EPOCH to timestamp 1540917602 of file siebanxicor/MD5
Running phase: patchPhase
Running phase: updateAutotoolsGnuConfigScriptsPhase
Running phase: configurePhase
Running phase: buildPhase
Running phase: checkPhase
Running phase: installPhase
* installing *source* package ‘siebanxicor’ ...
** package ‘siebanxicor’ correctement décompressé et sommes MD5 vérifiées
** using staged installation
** R
** byte-compile and prepare package for lazy loading
** help
*** installing help indices
** building package indices
** testing if installed package can be loaded from temporary location
** testing if installed package can be loaded from final location
** testing if installed package keeps a record of temporary installation path
* DONE (siebanxicor)
Running phase: fixupPhase
checking for references to /private/tmp/nix-build-r-siebanxicor-1.0.0.drv-0/ in /nix/store/ab0x51kan2904bdxxplc1jynwzrk1dh8-r-siebanxicor-1.0.0...
patching script interpreter paths in /nix/store/ab0x51kan2904bdxxplc1jynwzrk1dh8-r-siebanxicor-1.0.0
rewriting symlink /nix/store/ab0x51kan2904bdxxplc1jynwzrk1dh8-r-siebanxicor-1.0.0/nix-support/propagated-user-env-packages to be relative to /nix/store/ab0x51kan2904bdxxplc1jynwzrk1dh8-r-siebanxicor-1.0.0
