this derivation will be built:
  /nix/store/n62lvszmaapd4xcyaar83wwb29hfqgcb-r-OPDOE-1.0-10.drv
this path will be fetched (0.05 MiB download, 0.05 MiB unpacked):
  /nix/store/hclghwkdif67i4vmniy4sfijrn44ggym-OPDOE_1.0-10.tar.gz
copying path '/nix/store/hclghwkdif67i4vmniy4sfijrn44ggym-OPDOE_1.0-10.tar.gz' from 'https://cache.nixos.org'...
building '/nix/store/n62lvszmaapd4xcyaar83wwb29hfqgcb-r-OPDOE-1.0-10.drv'...
Running phase: unpackPhase
unpacking source archive /nix/store/hclghwkdif67i4vmniy4sfijrn44ggym-OPDOE_1.0-10.tar.gz
source root is OPDOE
setting SOURCE_DATE_EPOCH to timestamp 1521326958 of file OPDOE/MD5
Running phase: patchPhase
Running phase: updateAutotoolsGnuConfigScriptsPhase
Running phase: configurePhase
Running phase: buildPhase
Running phase: checkPhase
Running phase: installPhase
* installing *source* package ‘OPDOE’ ...
** package ‘OPDOE’ correctement décompressé et sommes MD5 vérifiées
** using staged installation
** R
** data
** byte-compile and prepare package for lazy loading
** help
*** installing help indices
** building package indices
** testing if installed package can be loaded from temporary location
** testing if installed package can be loaded from final location
** testing if installed package keeps a record of temporary installation path
* DONE (OPDOE)
Running phase: fixupPhase
checking for references to /private/tmp/nix-build-r-OPDOE-1.0-10.drv-0/ in /nix/store/wlzihsgxpiiyypb1wxxd27nr0cdknaxj-r-OPDOE-1.0-10...
patching script interpreter paths in /nix/store/wlzihsgxpiiyypb1wxxd27nr0cdknaxj-r-OPDOE-1.0-10
rewriting symlink /nix/store/wlzihsgxpiiyypb1wxxd27nr0cdknaxj-r-OPDOE-1.0-10/nix-support/propagated-user-env-packages to be relative to /nix/store/wlzihsgxpiiyypb1wxxd27nr0cdknaxj-r-OPDOE-1.0-10
