this derivation will be built:
  /nix/store/xyfph0l4cn8q3n5k1lsrf6l0s6zq0ddi-r-vindecodr-0.1.1.drv
this path will be fetched (0.12 MiB download, 0.12 MiB unpacked):
  /nix/store/4pjh417hdcc6yjy5c3w7fxy7g1328y4p-vindecodr_0.1.1.tar.gz
copying path '/nix/store/4pjh417hdcc6yjy5c3w7fxy7g1328y4p-vindecodr_0.1.1.tar.gz' from 'https://cache.nixos.org'...
building '/nix/store/xyfph0l4cn8q3n5k1lsrf6l0s6zq0ddi-r-vindecodr-0.1.1.drv'...
Running phase: unpackPhase
unpacking source archive /nix/store/4pjh417hdcc6yjy5c3w7fxy7g1328y4p-vindecodr_0.1.1.tar.gz
source root is vindecodr
setting SOURCE_DATE_EPOCH to timestamp 1606312803 of file vindecodr/MD5
Running phase: patchPhase
Running phase: updateAutotoolsGnuConfigScriptsPhase
Running phase: configurePhase
Running phase: buildPhase
Running phase: checkPhase
Running phase: installPhase
* installing *source* package ‘vindecodr’ ...
** package ‘vindecodr’ correctement décompressé et sommes MD5 vérifiées
** using staged installation
** R
** byte-compile and prepare package for lazy loading
** help
*** installing help indices
*** copying figures
** building package indices
** testing if installed package can be loaded from temporary location
** testing if installed package can be loaded from final location
** testing if installed package keeps a record of temporary installation path
* DONE (vindecodr)
Running phase: fixupPhase
checking for references to /private/tmp/nix-build-r-vindecodr-0.1.1.drv-0/ in /nix/store/arfcrrcsx1vlinwhynx8awdql4a1kixa-r-vindecodr-0.1.1...
patching script interpreter paths in /nix/store/arfcrrcsx1vlinwhynx8awdql4a1kixa-r-vindecodr-0.1.1
rewriting symlink /nix/store/arfcrrcsx1vlinwhynx8awdql4a1kixa-r-vindecodr-0.1.1/nix-support/propagated-user-env-packages to be relative to /nix/store/arfcrrcsx1vlinwhynx8awdql4a1kixa-r-vindecodr-0.1.1
