this derivation will be built:
  /nix/store/n33jc2qfmya1wk3vipkm9j0bbybq2q1i-r-minioclient-0.0.6.drv
this path will be fetched (0.02 MiB download, 0.02 MiB unpacked):
  /nix/store/k3kx4cj0m478yx665sjjs1izfjkg83cy-minioclient_0.0.6.tar.gz
copying path '/nix/store/k3kx4cj0m478yx665sjjs1izfjkg83cy-minioclient_0.0.6.tar.gz' from 'https://cache.nixos.org'...
building '/nix/store/n33jc2qfmya1wk3vipkm9j0bbybq2q1i-r-minioclient-0.0.6.drv'...
Running phase: unpackPhase
unpacking source archive /nix/store/k3kx4cj0m478yx665sjjs1izfjkg83cy-minioclient_0.0.6.tar.gz
source root is minioclient
setting SOURCE_DATE_EPOCH to timestamp 1699351802 of file minioclient/MD5
Running phase: patchPhase
Running phase: updateAutotoolsGnuConfigScriptsPhase
Running phase: configurePhase
Running phase: buildPhase
Running phase: checkPhase
Running phase: installPhase
* installing *source* package ‘minioclient’ ...
** package ‘minioclient’ correctement décompressé et sommes MD5 vérifiées
** using staged installation
** R
** inst
** byte-compile and prepare package for lazy loading
** help
*** installing help indices
** building package indices
** testing if installed package can be loaded from temporary location
** testing if installed package can be loaded from final location
** testing if installed package keeps a record of temporary installation path
* DONE (minioclient)
Running phase: fixupPhase
checking for references to /private/tmp/nix-build-r-minioclient-0.0.6.drv-0/ in /nix/store/w9qmgf2bws8bkx1s3amxm8yq9ch9dz2p-r-minioclient-0.0.6...
patching script interpreter paths in /nix/store/w9qmgf2bws8bkx1s3amxm8yq9ch9dz2p-r-minioclient-0.0.6
rewriting symlink /nix/store/w9qmgf2bws8bkx1s3amxm8yq9ch9dz2p-r-minioclient-0.0.6/nix-support/propagated-user-env-packages to be relative to /nix/store/w9qmgf2bws8bkx1s3amxm8yq9ch9dz2p-r-minioclient-0.0.6
