this derivation will be built:
  /nix/store/k2hi0i06xnqg8bx1cagn5x3fgjrvw6d0-r-shinybrms-1.8.0.drv
this path will be fetched (0.18 MiB download, 0.18 MiB unpacked):
  /nix/store/71cqxqmx82c8hzjd8dbymdiskhl9iy5f-shinybrms_1.8.0.tar.gz
copying path '/nix/store/71cqxqmx82c8hzjd8dbymdiskhl9iy5f-shinybrms_1.8.0.tar.gz' from 'https://cache.nixos.org'...
building '/nix/store/k2hi0i06xnqg8bx1cagn5x3fgjrvw6d0-r-shinybrms-1.8.0.drv'...
Running phase: unpackPhase
unpacking source archive /nix/store/71cqxqmx82c8hzjd8dbymdiskhl9iy5f-shinybrms_1.8.0.tar.gz
source root is shinybrms
setting SOURCE_DATE_EPOCH to timestamp 1659739807 of file shinybrms/MD5
Running phase: patchPhase
Running phase: updateAutotoolsGnuConfigScriptsPhase
Running phase: configurePhase
Running phase: buildPhase
Running phase: checkPhase
Running phase: installPhase
* installing *source* package ‘shinybrms’ ...
** package ‘shinybrms’ correctement décompressé et sommes MD5 vérifiées
** using staged installation
** R
** inst
** byte-compile and prepare package for lazy loading
** help
*** installing help indices
*** copying figures
** building package indices
** testing if installed package can be loaded from temporary location
** testing if installed package can be loaded from final location
** testing if installed package keeps a record of temporary installation path
* DONE (shinybrms)
Running phase: fixupPhase
checking for references to /private/tmp/nix-build-r-shinybrms-1.8.0.drv-0/ in /nix/store/x2yk86c44zadii7c6f8cd77s090v62l0-r-shinybrms-1.8.0...
patching script interpreter paths in /nix/store/x2yk86c44zadii7c6f8cd77s090v62l0-r-shinybrms-1.8.0
rewriting symlink /nix/store/x2yk86c44zadii7c6f8cd77s090v62l0-r-shinybrms-1.8.0/nix-support/propagated-user-env-packages to be relative to /nix/store/x2yk86c44zadii7c6f8cd77s090v62l0-r-shinybrms-1.8.0
