these 2 derivations will be built:
  /nix/store/mcnvg73fijhikfyss2g15c6bm71ragcx-tidymodlr_1.0.0.tar.gz.drv
  /nix/store/0y2rjs7qsbscqsa6zdm9vavp5rfgabi0-r-tidymodlr-1.0.0.drv
building '/nix/store/mcnvg73fijhikfyss2g15c6bm71ragcx-tidymodlr_1.0.0.tar.gz.drv'...

trying https://cran.r-project.org/src/contrib/tidymodlr_1.0.0.tar.gz
  % Total    % Received % Xferd  Average Speed   Time    Time     Time  Current
                                 Dload  Upload   Total   Spent    Left  Speed
100  157k  100  157k    0     0   931k      0 --:--:-- --:--:-- --:--:--  933k
building '/nix/store/0y2rjs7qsbscqsa6zdm9vavp5rfgabi0-r-tidymodlr-1.0.0.drv'...
Running phase: unpackPhase
unpacking source archive /nix/store/p0l1jds7qf2zz9mzf4y32km3v3ynh8q8-tidymodlr_1.0.0.tar.gz
source root is tidymodlr
setting SOURCE_DATE_EPOCH to timestamp 1724675402 of file tidymodlr/MD5
Running phase: patchPhase
Running phase: updateAutotoolsGnuConfigScriptsPhase
Running phase: configurePhase
Running phase: buildPhase
Running phase: checkPhase
Running phase: installPhase
* installing *source* package ‘tidymodlr’ ...
** package ‘tidymodlr’ correctement décompressé et sommes MD5 vérifiées
** using staged installation
** R
** data
*** moving datasets to lazyload DB
** byte-compile and prepare package for lazy loading
** help
*** installing help indices
*** copying figures
** building package indices
** testing if installed package can be loaded from temporary location
** testing if installed package can be loaded from final location
** testing if installed package keeps a record of temporary installation path
* DONE (tidymodlr)
Running phase: fixupPhase
checking for references to /private/tmp/nix-build-r-tidymodlr-1.0.0.drv-0/ in /nix/store/qa2ananndnx3yk05v2s3x78867ib7z06-r-tidymodlr-1.0.0...
patching script interpreter paths in /nix/store/qa2ananndnx3yk05v2s3x78867ib7z06-r-tidymodlr-1.0.0
rewriting symlink /nix/store/qa2ananndnx3yk05v2s3x78867ib7z06-r-tidymodlr-1.0.0/nix-support/propagated-user-env-packages to be relative to /nix/store/qa2ananndnx3yk05v2s3x78867ib7z06-r-tidymodlr-1.0.0
