this derivation will be built:
  /nix/store/8a2x0jzk3lhq2zrcc0dah31n90hxzvvr-r-FedIRT-1.1.0.drv
building '/nix/store/8a2x0jzk3lhq2zrcc0dah31n90hxzvvr-r-FedIRT-1.1.0.drv'...
Running phase: unpackPhase
unpacking source archive /nix/store/vy5fwqbavx8m18bgj4a0yp9v4kqv9yna-FedIRT_1.1.0.tar.gz
source root is FedIRT
setting SOURCE_DATE_EPOCH to timestamp 1727550602 of file FedIRT/MD5
Running phase: patchPhase
Running phase: updateAutotoolsGnuConfigScriptsPhase
Running phase: configurePhase
Running phase: buildPhase
Running phase: checkPhase
Running phase: installPhase
* installing *source* package ‘FedIRT’ ...
** package ‘FedIRT’ correctement décompressé et sommes MD5 vérifiées
** using staged installation
** R
** data
*** moving datasets to lazyload DB
** inst
** byte-compile and prepare package for lazy loading
** help
*** installing help indices
** building package indices
** testing if installed package can be loaded from temporary location
** testing if installed package can be loaded from final location
** testing if installed package keeps a record of temporary installation path
* DONE (FedIRT)
Running phase: fixupPhase
checking for references to /private/tmp/nix-build-r-FedIRT-1.1.0.drv-0/ in /nix/store/19lsy2hpqd1a6i9w1cipq32s0gddyj6j-r-FedIRT-1.1.0...
patching script interpreter paths in /nix/store/19lsy2hpqd1a6i9w1cipq32s0gddyj6j-r-FedIRT-1.1.0
rewriting symlink /nix/store/19lsy2hpqd1a6i9w1cipq32s0gddyj6j-r-FedIRT-1.1.0/nix-support/propagated-user-env-packages to be relative to /nix/store/19lsy2hpqd1a6i9w1cipq32s0gddyj6j-r-FedIRT-1.1.0
