this derivation will be built:
  /nix/store/gnsc5dirl3gc15gkh5hnk095wdmz15p5-r-pKSEA-0.0.1.drv
this path will be fetched (1.98 MiB download, 1.98 MiB unpacked):
  /nix/store/ix20r4rj7cd44815x5da3yj5nfi53ygm-pKSEA_0.0.1.tar.gz
copying path '/nix/store/ix20r4rj7cd44815x5da3yj5nfi53ygm-pKSEA_0.0.1.tar.gz' from 'https://cache.nixos.org'...
building '/nix/store/gnsc5dirl3gc15gkh5hnk095wdmz15p5-r-pKSEA-0.0.1.drv'...
Running phase: unpackPhase
unpacking source archive /nix/store/ix20r4rj7cd44815x5da3yj5nfi53ygm-pKSEA_0.0.1.tar.gz
source root is pKSEA
setting SOURCE_DATE_EPOCH to timestamp 1513968368 of file pKSEA/MD5
Running phase: patchPhase
Running phase: updateAutotoolsGnuConfigScriptsPhase
Running phase: configurePhase
Running phase: buildPhase
Running phase: checkPhase
Running phase: installPhase
* installing *source* package ‘pKSEA’ ...
** package ‘pKSEA’ correctement décompressé et sommes MD5 vérifiées
** using staged installation
** R
** data
*** moving datasets to lazyload DB
** inst
** byte-compile and prepare package for lazy loading
** help
*** installing help indices
** building package indices
** testing if installed package can be loaded from temporary location
** testing if installed package can be loaded from final location
** testing if installed package keeps a record of temporary installation path
* DONE (pKSEA)
Running phase: fixupPhase
checking for references to /private/tmp/nix-build-r-pKSEA-0.0.1.drv-0/ in /nix/store/m2dnbaiyx8vwxyjj6dack1m6mrplnkqb-r-pKSEA-0.0.1...
patching script interpreter paths in /nix/store/m2dnbaiyx8vwxyjj6dack1m6mrplnkqb-r-pKSEA-0.0.1
