this derivation will be built:
  /nix/store/v2r68wdrwhsdhbgzcpia851p3v595ldg-r-shutterplot-0.1.0.drv
this path will be fetched (0.01 MiB download, 0.01 MiB unpacked):
  /nix/store/w7mn9sj9yviidwyaks91p37zqsgk60ka-shutterplot_0.1.0.tar.gz
copying path '/nix/store/w7mn9sj9yviidwyaks91p37zqsgk60ka-shutterplot_0.1.0.tar.gz' from 'https://cache.nixos.org'...
building '/nix/store/v2r68wdrwhsdhbgzcpia851p3v595ldg-r-shutterplot-0.1.0.drv'...
Running phase: unpackPhase
unpacking source archive /nix/store/w7mn9sj9yviidwyaks91p37zqsgk60ka-shutterplot_0.1.0.tar.gz
source root is shutterplot
setting SOURCE_DATE_EPOCH to timestamp 1613123406 of file shutterplot/MD5
Running phase: patchPhase
Running phase: updateAutotoolsGnuConfigScriptsPhase
Running phase: configurePhase
Running phase: buildPhase
Running phase: checkPhase
Running phase: installPhase
* installing *source* package ‘shutterplot’ ...
** package ‘shutterplot’ correctement décompressé et sommes MD5 vérifiées
** using staged installation
** R
** byte-compile and prepare package for lazy loading
** help
*** installing help indices
** building package indices
** testing if installed package can be loaded from temporary location
** testing if installed package can be loaded from final location
** testing if installed package keeps a record of temporary installation path
* DONE (shutterplot)
Running phase: fixupPhase
checking for references to /private/tmp/nix-build-r-shutterplot-0.1.0.drv-0/ in /nix/store/4b76c8rw9gqwqqz364l2x26slin71d5q-r-shutterplot-0.1.0...
patching script interpreter paths in /nix/store/4b76c8rw9gqwqqz364l2x26slin71d5q-r-shutterplot-0.1.0
