this derivation will be built:
  /nix/store/b2jvjjnvyv6785mcn18k8rq9q5k7qpdd-r-optigrab-0.9.2.1.drv
this path will be fetched (0.05 MiB download, 0.05 MiB unpacked):
  /nix/store/vbsn8lwbr2c9alq1h4vw28fr6bqprb2y-optigrab_0.9.2.1.tar.gz
copying path '/nix/store/vbsn8lwbr2c9alq1h4vw28fr6bqprb2y-optigrab_0.9.2.1.tar.gz' from 'https://cache.nixos.org'...
building '/nix/store/b2jvjjnvyv6785mcn18k8rq9q5k7qpdd-r-optigrab-0.9.2.1.drv'...
Running phase: unpackPhase
unpacking source archive /nix/store/vbsn8lwbr2c9alq1h4vw28fr6bqprb2y-optigrab_0.9.2.1.tar.gz
source root is optigrab
setting SOURCE_DATE_EPOCH to timestamp 1546886403 of file optigrab/MD5
Running phase: patchPhase
Running phase: updateAutotoolsGnuConfigScriptsPhase
Running phase: configurePhase
Running phase: buildPhase
Running phase: checkPhase
Running phase: installPhase
* installing *source* package ‘optigrab’ ...
** package ‘optigrab’ correctement décompressé et sommes MD5 vérifiées
** using staged installation
** R
** inst
** byte-compile and prepare package for lazy loading
** help
*** installing help indices
** building package indices
** installing vignettes
** testing if installed package can be loaded from temporary location
** testing if installed package can be loaded from final location
** testing if installed package keeps a record of temporary installation path
* DONE (optigrab)
Running phase: fixupPhase
checking for references to /private/tmp/nix-build-r-optigrab-0.9.2.1.drv-0/ in /nix/store/9ap8j5qs02pmgp7g89np1d2iplw7fgpp-r-optigrab-0.9.2.1...
patching script interpreter paths in /nix/store/9ap8j5qs02pmgp7g89np1d2iplw7fgpp-r-optigrab-0.9.2.1
rewriting symlink /nix/store/9ap8j5qs02pmgp7g89np1d2iplw7fgpp-r-optigrab-0.9.2.1/nix-support/propagated-user-env-packages to be relative to /nix/store/9ap8j5qs02pmgp7g89np1d2iplw7fgpp-r-optigrab-0.9.2.1
