these 2 derivations will be built:
  /nix/store/8ivf3chm3szn827883sa9r129amjzwlj-r-thregI-1.0.4.drv
  /nix/store/l7m12w6rf46cvr3sv6j5mra21m204v39-r-sMSROC-0.1.2.drv
these 2 paths will be fetched (0.08 MiB download, 0.08 MiB unpacked):
  /nix/store/fddnbrfq7wj1khrqx86bj56s01scj7a4-sMSROC_0.1.2.tar.gz
  /nix/store/f1f93nb7fxr4lwp815527wb1xvx3zy1q-thregI_1.0.4.tar.gz
copying path '/nix/store/fddnbrfq7wj1khrqx86bj56s01scj7a4-sMSROC_0.1.2.tar.gz' from 'https://cache.nixos.org'...
copying path '/nix/store/f1f93nb7fxr4lwp815527wb1xvx3zy1q-thregI_1.0.4.tar.gz' from 'https://cache.nixos.org'...
building '/nix/store/8ivf3chm3szn827883sa9r129amjzwlj-r-thregI-1.0.4.drv'...
Running phase: unpackPhase
unpacking source archive /nix/store/f1f93nb7fxr4lwp815527wb1xvx3zy1q-thregI_1.0.4.tar.gz
source root is thregI
setting SOURCE_DATE_EPOCH to timestamp 1510811683 of file thregI/MD5
Running phase: patchPhase
Running phase: updateAutotoolsGnuConfigScriptsPhase
Running phase: configurePhase
Running phase: buildPhase
Running phase: checkPhase
Running phase: installPhase
* installing *source* package ‘thregI’ ...
** package ‘thregI’ correctement décompressé et sommes MD5 vérifiées
** using staged installation
** R
** data
** byte-compile and prepare package for lazy loading
** help
*** installing help indices
** building package indices
** testing if installed package can be loaded from temporary location
** testing if installed package can be loaded from final location
** testing if installed package keeps a record of temporary installation path
* DONE (thregI)
Running phase: fixupPhase
checking for references to /private/tmp/nix-build-r-thregI-1.0.4.drv-0/ in /nix/store/smml65qjalm0jbn7nrs73m250lb2bazp-r-thregI-1.0.4...
patching script interpreter paths in /nix/store/smml65qjalm0jbn7nrs73m250lb2bazp-r-thregI-1.0.4
rewriting symlink /nix/store/smml65qjalm0jbn7nrs73m250lb2bazp-r-thregI-1.0.4/nix-support/propagated-user-env-packages to be relative to /nix/store/smml65qjalm0jbn7nrs73m250lb2bazp-r-thregI-1.0.4
building '/nix/store/l7m12w6rf46cvr3sv6j5mra21m204v39-r-sMSROC-0.1.2.drv'...
Running phase: unpackPhase
unpacking source archive /nix/store/fddnbrfq7wj1khrqx86bj56s01scj7a4-sMSROC_0.1.2.tar.gz
source root is sMSROC
setting SOURCE_DATE_EPOCH to timestamp 1701964202 of file sMSROC/MD5
Running phase: patchPhase
Running phase: updateAutotoolsGnuConfigScriptsPhase
Running phase: configurePhase
Running phase: buildPhase
Running phase: checkPhase
Running phase: installPhase
* installing *source* package ‘sMSROC’ ...
** package ‘sMSROC’ correctement décompressé et sommes MD5 vérifiées
** using staged installation
** R
** data
*** moving datasets to lazyload DB
** byte-compile and prepare package for lazy loading
** help
*** installing help indices
** building package indices
** testing if installed package can be loaded from temporary location
** testing if installed package can be loaded from final location
** testing if installed package keeps a record of temporary installation path
* DONE (sMSROC)
Running phase: fixupPhase
checking for references to /private/tmp/nix-build-r-sMSROC-0.1.2.drv-0/ in /nix/store/150bnfis3vyw1q0ly69idpyldvp34iqp-r-sMSROC-0.1.2...
patching script interpreter paths in /nix/store/150bnfis3vyw1q0ly69idpyldvp34iqp-r-sMSROC-0.1.2
rewriting symlink /nix/store/150bnfis3vyw1q0ly69idpyldvp34iqp-r-sMSROC-0.1.2/nix-support/propagated-user-env-packages to be relative to /nix/store/150bnfis3vyw1q0ly69idpyldvp34iqp-r-sMSROC-0.1.2
