these 3 derivations will be built:
  /nix/store/x1i72szg7qlvzdmhi4ijqvwahjjiz8ap-r-roloc-0.1-2.drv
  /nix/store/7xjzwbyh8n2gbqfnlkps39116yppiqmn-r-rolocISCCNBS-0.1.drv
  /nix/store/hq275qm46qv9byk1qhzalpqkssrxq396-r-BrailleR-1.0.2.drv
building '/nix/store/x1i72szg7qlvzdmhi4ijqvwahjjiz8ap-r-roloc-0.1-2.drv'...
Running phase: unpackPhase
unpacking source archive /nix/store/zx00hah0s3sbcq30rxf341vl1admpz27-roloc_0.1-2.tar.gz
source root is roloc
setting SOURCE_DATE_EPOCH to timestamp 1705953608 of file roloc/MD5
Running phase: patchPhase
Running phase: updateAutotoolsGnuConfigScriptsPhase
Running phase: configurePhase
Running phase: buildPhase
Running phase: checkPhase
Running phase: installPhase
* installing *source* package ‘roloc’ ...
** package ‘roloc’ correctement décompressé et sommes MD5 vérifiées
** using staged installation
** R
** inst
** byte-compile and prepare package for lazy loading
** help
*** installing help indices
** building package indices
** testing if installed package can be loaded from temporary location
** testing if installed package can be loaded from final location
** testing if installed package keeps a record of temporary installation path
* DONE (roloc)
Running phase: fixupPhase
checking for references to /private/tmp/nix-build-r-roloc-0.1-2.drv-0/ in /nix/store/y9kq5wlydjq6hvwm68qj27hqr0fxvki2-r-roloc-0.1-2...
patching script interpreter paths in /nix/store/y9kq5wlydjq6hvwm68qj27hqr0fxvki2-r-roloc-0.1-2
rewriting symlink /nix/store/y9kq5wlydjq6hvwm68qj27hqr0fxvki2-r-roloc-0.1-2/nix-support/propagated-user-env-packages to be relative to /nix/store/y9kq5wlydjq6hvwm68qj27hqr0fxvki2-r-roloc-0.1-2
building '/nix/store/7xjzwbyh8n2gbqfnlkps39116yppiqmn-r-rolocISCCNBS-0.1.drv'...
Running phase: unpackPhase
unpacking source archive /nix/store/rvx8chv7bkfhxiyx7mldx3lcp09bs897-rolocISCCNBS_0.1.tar.gz
source root is rolocISCCNBS
setting SOURCE_DATE_EPOCH to timestamp 1533223806 of file rolocISCCNBS/MD5
Running phase: patchPhase
Running phase: updateAutotoolsGnuConfigScriptsPhase
Running phase: configurePhase
Running phase: buildPhase
Running phase: checkPhase
Running phase: installPhase
* installing *source* package ‘rolocISCCNBS’ ...
** package ‘rolocISCCNBS’ correctement décompressé et sommes MD5 vérifiées
** using staged installation
** R
** inst
** byte-compile and prepare package for lazy loading
** help
*** installing help indices
** building package indices
** testing if installed package can be loaded from temporary location
** testing if installed package can be loaded from final location
** testing if installed package keeps a record of temporary installation path
* DONE (rolocISCCNBS)
Running phase: fixupPhase
checking for references to /private/tmp/nix-build-r-rolocISCCNBS-0.1.drv-0/ in /nix/store/6s8v7n1gpjan71r584lsz45ca85v1qbx-r-rolocISCCNBS-0.1...
patching script interpreter paths in /nix/store/6s8v7n1gpjan71r584lsz45ca85v1qbx-r-rolocISCCNBS-0.1
rewriting symlink /nix/store/6s8v7n1gpjan71r584lsz45ca85v1qbx-r-rolocISCCNBS-0.1/nix-support/propagated-user-env-packages to be relative to /nix/store/6s8v7n1gpjan71r584lsz45ca85v1qbx-r-rolocISCCNBS-0.1
building '/nix/store/hq275qm46qv9byk1qhzalpqkssrxq396-r-BrailleR-1.0.2.drv'...
Running phase: unpackPhase
unpacking source archive /nix/store/yyh5z6n4hhjrhw4m3mmz24gq28r3np1i-BrailleR_1.0.2.tar.gz
source root is BrailleR
setting SOURCE_DATE_EPOCH to timestamp 1689016212 of file BrailleR/MD5
Running phase: patchPhase
Running phase: updateAutotoolsGnuConfigScriptsPhase
Running phase: configurePhase
Running phase: buildPhase
Running phase: checkPhase
Running phase: installPhase
* installing *source* package ‘BrailleR’ ...
** package ‘BrailleR’ correctement décompressé et sommes MD5 vérifiées
** using staged installation
** R
** inst
** byte-compile and prepare package for lazy loading
** help
*** installing help indices
** building package indices
** installing vignettes
** testing if installed package can be loaded from temporary location
** testing if installed package can be loaded from final location
** testing if installed package keeps a record of temporary installation path
* DONE (BrailleR)
Running phase: fixupPhase
checking for references to /private/tmp/nix-build-r-BrailleR-1.0.2.drv-0/ in /nix/store/svlx3dsxy9h54gil8cn4gp3dpwcckln7-r-BrailleR-1.0.2...
patching script interpreter paths in /nix/store/svlx3dsxy9h54gil8cn4gp3dpwcckln7-r-BrailleR-1.0.2
rewriting symlink /nix/store/svlx3dsxy9h54gil8cn4gp3dpwcckln7-r-BrailleR-1.0.2/nix-support/propagated-user-env-packages to be relative to /nix/store/svlx3dsxy9h54gil8cn4gp3dpwcckln7-r-BrailleR-1.0.2
