this derivation will be built:
  /nix/store/dzb4liks6ih8jyvcsfshbksiwgyvphvl-r-sgee-0.6-0.drv
this path will be fetched (0.06 MiB download, 0.06 MiB unpacked):
  /nix/store/c8man7g57qpxc9crv2bdpcfg2sll7nwc-sgee_0.6-0.tar.gz
copying path '/nix/store/c8man7g57qpxc9crv2bdpcfg2sll7nwc-sgee_0.6-0.tar.gz' from 'https://cache.nixos.org'...
building '/nix/store/dzb4liks6ih8jyvcsfshbksiwgyvphvl-r-sgee-0.6-0.drv'...
Running phase: unpackPhase
unpacking source archive /nix/store/c8man7g57qpxc9crv2bdpcfg2sll7nwc-sgee_0.6-0.tar.gz
source root is sgee
setting SOURCE_DATE_EPOCH to timestamp 1515436478 of file sgee/MD5
Running phase: patchPhase
Running phase: updateAutotoolsGnuConfigScriptsPhase
Running phase: configurePhase
Running phase: buildPhase
Running phase: checkPhase
Running phase: installPhase
* installing *source* package ‘sgee’ ...
** package ‘sgee’ correctement décompressé et sommes MD5 vérifiées
** using staged installation
** R
** inst
** byte-compile and prepare package for lazy loading
** help
*** installing help indices
** building package indices
** testing if installed package can be loaded from temporary location
** testing if installed package can be loaded from final location
** testing if installed package keeps a record of temporary installation path
* DONE (sgee)
Running phase: fixupPhase
checking for references to /private/tmp/nix-build-r-sgee-0.6-0.drv-0/ in /nix/store/9advl2c60yiyb622s85rpsjkxrjh0aym-r-sgee-0.6-0...
patching script interpreter paths in /nix/store/9advl2c60yiyb622s85rpsjkxrjh0aym-r-sgee-0.6-0
rewriting symlink /nix/store/9advl2c60yiyb622s85rpsjkxrjh0aym-r-sgee-0.6-0/nix-support/propagated-user-env-packages to be relative to /nix/store/9advl2c60yiyb622s85rpsjkxrjh0aym-r-sgee-0.6-0
