these 2 derivations will be built:
  /nix/store/y3ar1848hny3bfxvlnbabnv3ngrmgw6v-mappeR_1.3.0.tar.gz.drv
  /nix/store/2fd6cpilwb49gj7x3frr4wrc1s997mcf-r-mappeR-1.3.0.drv
building '/nix/store/y3ar1848hny3bfxvlnbabnv3ngrmgw6v-mappeR_1.3.0.tar.gz.drv'...

trying https://cran.r-project.org/src/contrib/mappeR_1.3.0.tar.gz
  % Total    % Received % Xferd  Average Speed   Time    Time     Time  Current
                                 Dload  Upload   Total   Spent    Left  Speed
100  566k  100  566k    0     0  2272k      0 --:--:-- --:--:-- --:--:-- 2264k
building '/nix/store/2fd6cpilwb49gj7x3frr4wrc1s997mcf-r-mappeR-1.3.0.drv'...
Running phase: unpackPhase
unpacking source archive /nix/store/yf6n7hhpw3r42rxxc6lgqprh8kmj3v89-mappeR_1.3.0.tar.gz
source root is mappeR
setting SOURCE_DATE_EPOCH to timestamp 1730310602 of file mappeR/MD5
Running phase: patchPhase
Running phase: updateAutotoolsGnuConfigScriptsPhase
Running phase: configurePhase
Running phase: buildPhase
Running phase: checkPhase
Running phase: installPhase
* installing *source* package ‘mappeR’ ...
** package ‘mappeR’ correctement décompressé et sommes MD5 vérifiées
** using staged installation
** R
** byte-compile and prepare package for lazy loading
** help
*** installing help indices
*** copying figures
** building package indices
** testing if installed package can be loaded from temporary location
** testing if installed package can be loaded from final location
** testing if installed package keeps a record of temporary installation path
* DONE (mappeR)
Running phase: fixupPhase
checking for references to /private/tmp/nix-build-r-mappeR-1.3.0.drv-0/ in /nix/store/5ibpqcvma5iz0ssf1ffrqpmcfg5fhzmd-r-mappeR-1.3.0...
patching script interpreter paths in /nix/store/5ibpqcvma5iz0ssf1ffrqpmcfg5fhzmd-r-mappeR-1.3.0
rewriting symlink /nix/store/5ibpqcvma5iz0ssf1ffrqpmcfg5fhzmd-r-mappeR-1.3.0/nix-support/propagated-user-env-packages to be relative to /nix/store/5ibpqcvma5iz0ssf1ffrqpmcfg5fhzmd-r-mappeR-1.3.0
