this derivation will be built:
  /nix/store/0h1q2x7nmfrws1ckmibf7n8gfh8sicl9-r-Rsconctdply-0.1.3.drv
this path will be fetched (0.00 MiB download, 0.00 MiB unpacked):
  /nix/store/xa2wj5jnjb171bl0vx4d6ir1h1ppb9d7-Rsconctdply_0.1.3.tar.gz
copying path '/nix/store/xa2wj5jnjb171bl0vx4d6ir1h1ppb9d7-Rsconctdply_0.1.3.tar.gz' from 'https://cache.nixos.org'...
building '/nix/store/0h1q2x7nmfrws1ckmibf7n8gfh8sicl9-r-Rsconctdply-0.1.3.drv'...
Running phase: unpackPhase
unpacking source archive /nix/store/xa2wj5jnjb171bl0vx4d6ir1h1ppb9d7-Rsconctdply_0.1.3.tar.gz
source root is Rsconctdply
setting SOURCE_DATE_EPOCH to timestamp 1545441004 of file Rsconctdply/MD5
Running phase: patchPhase
Running phase: updateAutotoolsGnuConfigScriptsPhase
Running phase: configurePhase
Running phase: buildPhase
Running phase: checkPhase
Running phase: installPhase
* installing *source* package ‘Rsconctdply’ ...
** package ‘Rsconctdply’ correctement décompressé et sommes MD5 vérifiées
** using staged installation
** R
** byte-compile and prepare package for lazy loading
** help
*** installing help indices
** building package indices
** testing if installed package can be loaded from temporary location
** testing if installed package can be loaded from final location
** testing if installed package keeps a record of temporary installation path
* DONE (Rsconctdply)
Running phase: fixupPhase
checking for references to /private/tmp/nix-build-r-Rsconctdply-0.1.3.drv-0/ in /nix/store/81md6xfn9pbdhzfm16xp77dixsxa4wxg-r-Rsconctdply-0.1.3...
patching script interpreter paths in /nix/store/81md6xfn9pbdhzfm16xp77dixsxa4wxg-r-Rsconctdply-0.1.3
rewriting symlink /nix/store/81md6xfn9pbdhzfm16xp77dixsxa4wxg-r-Rsconctdply-0.1.3/nix-support/propagated-user-env-packages to be relative to /nix/store/81md6xfn9pbdhzfm16xp77dixsxa4wxg-r-Rsconctdply-0.1.3
