this derivation will be built:
  /nix/store/994k9zwsawl951jak97qsg268m5w8bn7-r-NBShiny2-0.1.0.drv
this path will be fetched (0.12 MiB download, 0.12 MiB unpacked):
  /nix/store/43hvjf2410y1ccg07p322r4lrjhaj08i-NBShiny2_0.1.0.tar.gz
copying path '/nix/store/43hvjf2410y1ccg07p322r4lrjhaj08i-NBShiny2_0.1.0.tar.gz' from 'https://cache.nixos.org'...
building '/nix/store/994k9zwsawl951jak97qsg268m5w8bn7-r-NBShiny2-0.1.0.drv'...
Running phase: unpackPhase
unpacking source archive /nix/store/43hvjf2410y1ccg07p322r4lrjhaj08i-NBShiny2_0.1.0.tar.gz
source root is NBShiny2
setting SOURCE_DATE_EPOCH to timestamp 1571990409 of file NBShiny2/MD5
Running phase: patchPhase
Running phase: updateAutotoolsGnuConfigScriptsPhase
Running phase: configurePhase
Running phase: buildPhase
Running phase: checkPhase
Running phase: installPhase
* installing *source* package ‘NBShiny2’ ...
** package ‘NBShiny2’ correctement décompressé et sommes MD5 vérifiées
** using staged installation
** R
** inst
** byte-compile and prepare package for lazy loading
** help
*** installing help indices
** building package indices
** testing if installed package can be loaded from temporary location
** testing if installed package can be loaded from final location
** testing if installed package keeps a record of temporary installation path
* DONE (NBShiny2)
Running phase: fixupPhase
checking for references to /private/tmp/nix-build-r-NBShiny2-0.1.0.drv-0/ in /nix/store/ywwcvjx5cs24cykv8jy6i5is72h77wcw-r-NBShiny2-0.1.0...
patching script interpreter paths in /nix/store/ywwcvjx5cs24cykv8jy6i5is72h77wcw-r-NBShiny2-0.1.0
rewriting symlink /nix/store/ywwcvjx5cs24cykv8jy6i5is72h77wcw-r-NBShiny2-0.1.0/nix-support/propagated-user-env-packages to be relative to /nix/store/ywwcvjx5cs24cykv8jy6i5is72h77wcw-r-NBShiny2-0.1.0
