this derivation will be built:
  /nix/store/jg6k6b02pba4bq8wyhfpsk00y57fia7c-r-promote-1.1.1.drv
this path will be fetched (0.01 MiB download, 0.01 MiB unpacked):
  /nix/store/cb7sk4nypqpghgkvcpc4ikys2295f8x9-promote_1.1.1.tar.gz
copying path '/nix/store/cb7sk4nypqpghgkvcpc4ikys2295f8x9-promote_1.1.1.tar.gz' from 'https://cache.nixos.org'...
building '/nix/store/jg6k6b02pba4bq8wyhfpsk00y57fia7c-r-promote-1.1.1.drv'...
Running phase: unpackPhase
unpacking source archive /nix/store/cb7sk4nypqpghgkvcpc4ikys2295f8x9-promote_1.1.1.tar.gz
source root is promote
setting SOURCE_DATE_EPOCH to timestamp 1549463403 of file promote/MD5
Running phase: patchPhase
Running phase: updateAutotoolsGnuConfigScriptsPhase
Running phase: configurePhase
Running phase: buildPhase
Running phase: checkPhase
Running phase: installPhase
* installing *source* package ‘promote’ ...
** package ‘promote’ correctement décompressé et sommes MD5 vérifiées
** using staged installation
** R
** byte-compile and prepare package for lazy loading
** help
*** installing help indices
** building package indices
** testing if installed package can be loaded from temporary location
** testing if installed package can be loaded from final location
** testing if installed package keeps a record of temporary installation path
* DONE (promote)
Running phase: fixupPhase
checking for references to /private/tmp/nix-build-r-promote-1.1.1.drv-0/ in /nix/store/ajfn73gpmnnwyh14vjm9dwmx9338s62n-r-promote-1.1.1...
patching script interpreter paths in /nix/store/ajfn73gpmnnwyh14vjm9dwmx9338s62n-r-promote-1.1.1
rewriting symlink /nix/store/ajfn73gpmnnwyh14vjm9dwmx9338s62n-r-promote-1.1.1/nix-support/propagated-user-env-packages to be relative to /nix/store/ajfn73gpmnnwyh14vjm9dwmx9338s62n-r-promote-1.1.1
