this derivation will be built:
  /nix/store/msf7sbzjmyyvrgmk0lgqmchbva2ax63x-r-sse-0.7-17.drv
this path will be fetched (0.23 MiB download, 0.23 MiB unpacked):
  /nix/store/zk64911m8fs8ylp6r66qd13jry9r0cry-sse_0.7-17.tar.gz
copying path '/nix/store/zk64911m8fs8ylp6r66qd13jry9r0cry-sse_0.7-17.tar.gz' from 'https://cache.nixos.org'...
building '/nix/store/msf7sbzjmyyvrgmk0lgqmchbva2ax63x-r-sse-0.7-17.drv'...
Running phase: unpackPhase
unpacking source archive /nix/store/zk64911m8fs8ylp6r66qd13jry9r0cry-sse_0.7-17.tar.gz
source root is sse
setting SOURCE_DATE_EPOCH to timestamp 1621437602 of file sse/MD5
Running phase: patchPhase
Running phase: updateAutotoolsGnuConfigScriptsPhase
Running phase: configurePhase
Running phase: buildPhase
Running phase: checkPhase
Running phase: installPhase
* installing *source* package ‘sse’ ...
** package ‘sse’ correctement décompressé et sommes MD5 vérifiées
** using staged installation
** R
** inst
** byte-compile and prepare package for lazy loading
** help
*** installing help indices
** building package indices
** installing vignettes
** testing if installed package can be loaded from temporary location
** testing if installed package can be loaded from final location
** testing if installed package keeps a record of temporary installation path
* DONE (sse)
Running phase: fixupPhase
checking for references to /private/tmp/nix-build-r-sse-0.7-17.drv-0/ in /nix/store/ly3gbpi777bn4nc8bqy4d87bfazh3czw-r-sse-0.7-17...
patching script interpreter paths in /nix/store/ly3gbpi777bn4nc8bqy4d87bfazh3czw-r-sse-0.7-17
rewriting symlink /nix/store/ly3gbpi777bn4nc8bqy4d87bfazh3czw-r-sse-0.7-17/nix-support/propagated-user-env-packages to be relative to /nix/store/ly3gbpi777bn4nc8bqy4d87bfazh3czw-r-sse-0.7-17
