this derivation will be built:
  /nix/store/dzg55nw8bk240y85q150ka4x3zqdq3zd-r-mvtmeta-1.1.drv
this path will be fetched (0.00 MiB download, 0.00 MiB unpacked):
  /nix/store/ackh0jxc021ayn945s5lrisfrqv32ry6-mvtmeta_1.1.tar.gz
copying path '/nix/store/ackh0jxc021ayn945s5lrisfrqv32ry6-mvtmeta_1.1.tar.gz' from 'https://cache.nixos.org'...
building '/nix/store/dzg55nw8bk240y85q150ka4x3zqdq3zd-r-mvtmeta-1.1.drv'...
Running phase: unpackPhase
unpacking source archive /nix/store/ackh0jxc021ayn945s5lrisfrqv32ry6-mvtmeta_1.1.tar.gz
source root is mvtmeta
setting SOURCE_DATE_EPOCH to timestamp 1581450603 of file mvtmeta/MD5
Running phase: patchPhase
Running phase: updateAutotoolsGnuConfigScriptsPhase
Running phase: configurePhase
Running phase: buildPhase
Running phase: checkPhase
Running phase: installPhase
* installing *source* package ‘mvtmeta’ ...
** package ‘mvtmeta’ correctement décompressé et sommes MD5 vérifiées
** using staged installation
** R
** byte-compile and prepare package for lazy loading
** help
*** installing help indices
** building package indices
** testing if installed package can be loaded from temporary location
** testing if installed package can be loaded from final location
** testing if installed package keeps a record of temporary installation path
* DONE (mvtmeta)
Running phase: fixupPhase
checking for references to /private/tmp/nix-build-r-mvtmeta-1.1.drv-0/ in /nix/store/mr32qdv34sr1ma2v6bs3kfnnvndkfrzs-r-mvtmeta-1.1...
patching script interpreter paths in /nix/store/mr32qdv34sr1ma2v6bs3kfnnvndkfrzs-r-mvtmeta-1.1
rewriting symlink /nix/store/mr32qdv34sr1ma2v6bs3kfnnvndkfrzs-r-mvtmeta-1.1/nix-support/propagated-user-env-packages to be relative to /nix/store/mr32qdv34sr1ma2v6bs3kfnnvndkfrzs-r-mvtmeta-1.1
