this derivation will be built:
  /nix/store/s32vks3pj4qny1l3waapn1rw0hpmvfqp-r-RSentiment-2.2.2.drv
this path will be fetched (0.07 MiB download, 0.07 MiB unpacked):
  /nix/store/l5xh8hl02zl0kb4h036a1pn54r7jmf74-RSentiment_2.2.2.tar.gz
copying path '/nix/store/l5xh8hl02zl0kb4h036a1pn54r7jmf74-RSentiment_2.2.2.tar.gz' from 'https://cache.nixos.org'...
building '/nix/store/s32vks3pj4qny1l3waapn1rw0hpmvfqp-r-RSentiment-2.2.2.drv'...
Running phase: unpackPhase
unpacking source archive /nix/store/l5xh8hl02zl0kb4h036a1pn54r7jmf74-RSentiment_2.2.2.tar.gz
source root is RSentiment
setting SOURCE_DATE_EPOCH to timestamp 1532704802 of file RSentiment/MD5
Running phase: patchPhase
Running phase: updateAutotoolsGnuConfigScriptsPhase
Running phase: configurePhase
Running phase: buildPhase
Running phase: checkPhase
Running phase: installPhase
* installing *source* package ‘RSentiment’ ...
** package ‘RSentiment’ correctement décompressé et sommes MD5 vérifiées
** using staged installation
** R
** inst
** byte-compile and prepare package for lazy loading
** help
*** installing help indices
** building package indices
** installing vignettes
** testing if installed package can be loaded from temporary location
** testing if installed package can be loaded from final location
** testing if installed package keeps a record of temporary installation path
* DONE (RSentiment)
Running phase: fixupPhase
checking for references to /private/tmp/nix-build-r-RSentiment-2.2.2.drv-0/ in /nix/store/vwdmsfm5n6zl3246x3k3flzwya4bpmvx-r-RSentiment-2.2.2...
patching script interpreter paths in /nix/store/vwdmsfm5n6zl3246x3k3flzwya4bpmvx-r-RSentiment-2.2.2
rewriting symlink /nix/store/vwdmsfm5n6zl3246x3k3flzwya4bpmvx-r-RSentiment-2.2.2/nix-support/propagated-user-env-packages to be relative to /nix/store/vwdmsfm5n6zl3246x3k3flzwya4bpmvx-r-RSentiment-2.2.2
