this derivation will be built:
  /nix/store/lphv88q6gl2mzdhkamrw9vjs25qg1kzc-r-rangeMapper-2.0.3.drv
this path will be fetched (0.68 MiB download, 0.68 MiB unpacked):
  /nix/store/bajaav6nfv91iigcpfz9rkm6da576qqv-rangeMapper_2.0.3.tar.gz
copying path '/nix/store/bajaav6nfv91iigcpfz9rkm6da576qqv-rangeMapper_2.0.3.tar.gz' from 'https://cache.nixos.org'...
building '/nix/store/lphv88q6gl2mzdhkamrw9vjs25qg1kzc-r-rangeMapper-2.0.3.drv'...
Running phase: unpackPhase
unpacking source archive /nix/store/bajaav6nfv91iigcpfz9rkm6da576qqv-rangeMapper_2.0.3.tar.gz
source root is rangeMapper
setting SOURCE_DATE_EPOCH to timestamp 1664835602 of file rangeMapper/MD5
Running phase: patchPhase
Running phase: updateAutotoolsGnuConfigScriptsPhase
Running phase: configurePhase
Running phase: buildPhase
Running phase: checkPhase
Running phase: installPhase
* installing *source* package ‘rangeMapper’ ...
** package ‘rangeMapper’ correctement décompressé et sommes MD5 vérifiées
** using staged installation
** R
** data
*** moving datasets to lazyload DB
** inst
** byte-compile and prepare package for lazy loading
** help
*** installing help indices
*** copying figures
** building package indices
** installing vignettes
** testing if installed package can be loaded from temporary location
** testing if installed package can be loaded from final location
** testing if installed package keeps a record of temporary installation path
* DONE (rangeMapper)
Running phase: fixupPhase
checking for references to /private/tmp/nix-build-r-rangeMapper-2.0.3.drv-0/ in /nix/store/x16rb4mz562gnjgwi6419609dvmk0jww-r-rangeMapper-2.0.3...
patching script interpreter paths in /nix/store/x16rb4mz562gnjgwi6419609dvmk0jww-r-rangeMapper-2.0.3
rewriting symlink /nix/store/x16rb4mz562gnjgwi6419609dvmk0jww-r-rangeMapper-2.0.3/nix-support/propagated-user-env-packages to be relative to /nix/store/x16rb4mz562gnjgwi6419609dvmk0jww-r-rangeMapper-2.0.3
