this derivation will be built:
  /nix/store/ph6y6zdxdrmk2x34ipl6czi0ivh1nwna-r-Rfractran-1.0.1.drv
this path will be fetched (0.01 MiB download, 0.01 MiB unpacked):
  /nix/store/whaldnwzqzgp9ws2fw8cwfh20zn0gyqk-Rfractran_1.0.1.tar.gz
copying path '/nix/store/whaldnwzqzgp9ws2fw8cwfh20zn0gyqk-Rfractran_1.0.1.tar.gz' from 'https://cache.nixos.org'...
building '/nix/store/ph6y6zdxdrmk2x34ipl6czi0ivh1nwna-r-Rfractran-1.0.1.drv'...
Running phase: unpackPhase
unpacking source archive /nix/store/whaldnwzqzgp9ws2fw8cwfh20zn0gyqk-Rfractran_1.0.1.tar.gz
source root is Rfractran
setting SOURCE_DATE_EPOCH to timestamp 1693326618 of file Rfractran/MD5
Running phase: patchPhase
Running phase: updateAutotoolsGnuConfigScriptsPhase
Running phase: configurePhase
Running phase: buildPhase
Running phase: checkPhase
Running phase: installPhase
* installing *source* package ‘Rfractran’ ...
** package ‘Rfractran’ correctement décompressé et sommes MD5 vérifiées
** using staged installation
** R
** byte-compile and prepare package for lazy loading
** help
*** installing help indices
** building package indices
** testing if installed package can be loaded from temporary location
** testing if installed package can be loaded from final location
** testing if installed package keeps a record of temporary installation path
* DONE (Rfractran)
Running phase: fixupPhase
checking for references to /private/tmp/nix-build-r-Rfractran-1.0.1.drv-0/ in /nix/store/52mf7npwbzf62wb49b5jg21x48ablcp5-r-Rfractran-1.0.1...
patching script interpreter paths in /nix/store/52mf7npwbzf62wb49b5jg21x48ablcp5-r-Rfractran-1.0.1
rewriting symlink /nix/store/52mf7npwbzf62wb49b5jg21x48ablcp5-r-Rfractran-1.0.1/nix-support/propagated-user-env-packages to be relative to /nix/store/52mf7npwbzf62wb49b5jg21x48ablcp5-r-Rfractran-1.0.1
