this derivation will be built:
  /nix/store/sacz283kmh1p9dvaw1jzi4cnrm1n9xf5-r-ODEnetwork-1.3.2.drv
this path will be fetched (0.14 MiB download, 0.14 MiB unpacked):
  /nix/store/h29n1298jrcqj4zik0f1saczxwmlx71v-ODEnetwork_1.3.2.tar.gz
copying path '/nix/store/h29n1298jrcqj4zik0f1saczxwmlx71v-ODEnetwork_1.3.2.tar.gz' from 'https://cache.nixos.org'...
building '/nix/store/sacz283kmh1p9dvaw1jzi4cnrm1n9xf5-r-ODEnetwork-1.3.2.drv'...
Running phase: unpackPhase
unpacking source archive /nix/store/h29n1298jrcqj4zik0f1saczxwmlx71v-ODEnetwork_1.3.2.tar.gz
source root is ODEnetwork
setting SOURCE_DATE_EPOCH to timestamp 1585918202 of file ODEnetwork/MD5
Running phase: patchPhase
Running phase: updateAutotoolsGnuConfigScriptsPhase
Running phase: configurePhase
Running phase: buildPhase
Running phase: checkPhase
Running phase: installPhase
* installing *source* package ‘ODEnetwork’ ...
** package ‘ODEnetwork’ correctement décompressé et sommes MD5 vérifiées
** using staged installation
** R
** inst
** byte-compile and prepare package for lazy loading
** help
*** installing help indices
** building package indices
** installing vignettes
** testing if installed package can be loaded from temporary location
** testing if installed package can be loaded from final location
** testing if installed package keeps a record of temporary installation path
* DONE (ODEnetwork)
Running phase: fixupPhase
checking for references to /private/tmp/nix-build-r-ODEnetwork-1.3.2.drv-0/ in /nix/store/rla0va31v8dbgnlgphzd93959g2pg06y-r-ODEnetwork-1.3.2...
patching script interpreter paths in /nix/store/rla0va31v8dbgnlgphzd93959g2pg06y-r-ODEnetwork-1.3.2
rewriting symlink /nix/store/rla0va31v8dbgnlgphzd93959g2pg06y-r-ODEnetwork-1.3.2/nix-support/propagated-user-env-packages to be relative to /nix/store/rla0va31v8dbgnlgphzd93959g2pg06y-r-ODEnetwork-1.3.2
