this derivation will be built:
  /nix/store/4lnzi1kspjb22rp3rxpii9zcg9fwwf2v-r-HandTill2001-1.0.1.drv
this path will be fetched (0.13 MiB download, 0.13 MiB unpacked):
  /nix/store/r35jl9hs58h2606zz1s8sgvq10rqwx43-HandTill2001_1.0.1.tar.gz
copying path '/nix/store/r35jl9hs58h2606zz1s8sgvq10rqwx43-HandTill2001_1.0.1.tar.gz' from 'https://cache.nixos.org'...
building '/nix/store/4lnzi1kspjb22rp3rxpii9zcg9fwwf2v-r-HandTill2001-1.0.1.drv'...
Running phase: unpackPhase
unpacking source archive /nix/store/r35jl9hs58h2606zz1s8sgvq10rqwx43-HandTill2001_1.0.1.tar.gz
source root is HandTill2001
setting SOURCE_DATE_EPOCH to timestamp 1604309411 of file HandTill2001/MD5
Running phase: patchPhase
Running phase: updateAutotoolsGnuConfigScriptsPhase
Running phase: configurePhase
Running phase: buildPhase
Running phase: checkPhase
Running phase: installPhase
* installing *source* package ‘HandTill2001’ ...
** package ‘HandTill2001’ correctement décompressé et sommes MD5 vérifiées
** using staged installation
** R
** data
** demo
** inst
** byte-compile and prepare package for lazy loading
** help
*** installing help indices
** building package indices
** installing vignettes
** testing if installed package can be loaded from temporary location
** testing if installed package can be loaded from final location
** testing if installed package keeps a record of temporary installation path
* DONE (HandTill2001)
Running phase: fixupPhase
checking for references to /private/tmp/nix-build-r-HandTill2001-1.0.1.drv-0/ in /nix/store/82ldq06s3lcq2r3di9yiwscscrpsdff8-r-HandTill2001-1.0.1...
patching script interpreter paths in /nix/store/82ldq06s3lcq2r3di9yiwscscrpsdff8-r-HandTill2001-1.0.1
