these 11 derivations will be built:
  /nix/store/cxp7bakmqdc8yiqvr2flylmh78fm27a4-r-pamr-1.57.drv
  /nix/store/h9abzvfc47avbwks5kv9l7pf7zg764v6-r-graph-1.48.0.drv
  /nix/store/s4207vqcgq48klbpwf3cbjh6m69k1hgq-r-topGO-2.22.0.drv
  /nix/store/965ddb7nlk2vgpq8rlzc883pbg5mzj92-r-Biostrings-2.38.4.drv
  /nix/store/y67jd9rv3zc8n5xyajmvqsjmqxyir8b3-r-KEGGREST-1.10.1.drv
  /nix/store/ml99vj35ck5ljcrcyd2j84s181dznf0w-r-DO.db-2.9.drv
  /nix/store/z7ab96x2bqpkqi5npwmgb5fvav7498w4-r-DOSE-2.8.3.drv
  /nix/store/ip3ax2spvl30z85ly68wblb5lb630ph6-r-clusterProfiler-2.4.3.drv
  /nix/store/sqkn9f68yvb2q5alpysf4aihcv611sw7-r-msigdbr-7.5.1.drv
  /nix/store/yar44cjab3iisqx4fmw23hk3psd2p434-r-siggenes-1.44.0.drv
  /nix/store/41igsr31yn7xiz6dkfyfcd3a963l0akm-r-AutoPipe-0.1.6.drv
building '/nix/store/sqkn9f68yvb2q5alpysf4aihcv611sw7-r-msigdbr-7.5.1.drv'...
building '/nix/store/cxp7bakmqdc8yiqvr2flylmh78fm27a4-r-pamr-1.57.drv'...
building '/nix/store/yar44cjab3iisqx4fmw23hk3psd2p434-r-siggenes-1.44.0.drv'...
building '/nix/store/965ddb7nlk2vgpq8rlzc883pbg5mzj92-r-Biostrings-2.38.4.drv'...
building '/nix/store/ml99vj35ck5ljcrcyd2j84s181dznf0w-r-DO.db-2.9.drv'...
building '/nix/store/h9abzvfc47avbwks5kv9l7pf7zg764v6-r-graph-1.48.0.drv'...
Running phase: unpackPhase
unpacking source archive /nix/store/p4iqvz4p9k0w9v3l4xwnsfkpd9xzblvb-msigdbr_7.5.1.tar.gz
source root is msigdbr
setting SOURCE_DATE_EPOCH to timestamp 1648623616 of file msigdbr/MD5
Running phase: patchPhase
Running phase: updateAutotoolsGnuConfigScriptsPhase
Running phase: configurePhase
Running phase: buildPhase
Running phase: checkPhase
Running phase: installPhase
* installing *source* package ‘msigdbr’ ...
** package ‘msigdbr’ correctement décompressé et sommes MD5 vérifiées
** using staged installation
** R
Running phase: unpackPhase
unpacking source archive /nix/store/5by44gxvcc19cxifingyggfrwzhcqxay-pamr_1.57.tar.gz
source root is pamr
setting SOURCE_DATE_EPOCH to timestamp 1719816002 of file pamr/MD5
Running phase: patchPhase
Running phase: updateAutotoolsGnuConfigScriptsPhase
Running phase: configurePhase
Running phase: buildPhase
Running phase: checkPhase
Running phase: installPhase
* installing *source* package ‘pamr’ ...
** package ‘pamr’ correctement décompressé et sommes MD5 vérifiées
** using staged installation
** R
** data
** byte-compile and prepare package for lazy loading
Running phase: unpackPhase
unpacking source archive /nix/store/j2h50av08lpykmdklz2bf4sf01r88096-siggenes_1.44.0.tar.gz
source root is siggenes
setting SOURCE_DATE_EPOCH to timestamp 1444782834 of file siggenes/inst/doc/siggenes.pdf
Running phase: patchPhase
Running phase: updateAutotoolsGnuConfigScriptsPhase
Running phase: configurePhase
Running phase: buildPhase
Running phase: checkPhase
Running phase: installPhase
* installing *source* package ‘siggenes’ ...
** using staged installation
** R
** inst
** byte-compile and prepare package for lazy loading
Running phase: unpackPhase
unpacking source archive /nix/store/krpgx3xhzwqc9a6k2aly5f59fd29zip8-Biostrings_2.38.4.tar.gz
source root is Biostrings
setting SOURCE_DATE_EPOCH to timestamp 1454981144 of file Biostrings/src/xscat.c
Running phase: patchPhase
Running phase: updateAutotoolsGnuConfigScriptsPhase
Running phase: configurePhase
Running phase: buildPhase
Running phase: checkPhase
Running phase: installPhase
Running phase: unpackPhase
unpacking source archive /nix/store/mr531hyx55y9mzkvhnzxsxv8qdkfzjnh-DO.db_2.9.tar.gz
source root is DO.db
* installing *source* package ‘Biostrings’ ...
** using staged installation
setting SOURCE_DATE_EPOCH to timestamp 1427492452 of file DO.db/DESCRIPTION
Running phase: patchPhase
** libs
Running phase: updateAutotoolsGnuConfigScriptsPhase
Running phase: unpackPhase
Running phase: configurePhase
unpacking source archive /nix/store/fac79mzcbdrkazwfsyzj2najqw8lik3r-graph_1.48.0.tar.gz
Running phase: buildPhase
Running phase: checkPhase
using C compiler: ‘clang version 16.0.6’
Running phase: installPhase
source root is graph
setting SOURCE_DATE_EPOCH to timestamp 1444782779 of file graph/src/graph.c
using SDK: ‘’
Running phase: patchPhase
/nix/store/v39c0h6xv6hvki2k1bsyp5n090q8y2bp-clang-wrapper-16.0.6/bin/cc -I"/nix/store/lir8rmsk7dxbj7v1spqmv69z4mafg16l-R-4.4.2/lib/R/include" -DNDEBUG  -I'/nix/store/nrq5shdg28fsf6j8ldr4nndxn3cw1lgg-r-S4Vectors-0.8.11/library/S4Vectors/include' -I'/nix/store/rsqghp5h9lx1znw3g0rn3pvfghvhwl36-r-IRanges-2.4.8/library/IRanges/include' -I'/nix/store/rxwbv4h0bwcv98z21rnj2v2clgnbs11p-r-XVector-0.10.0/library/XVector/include' -isystem /nix/store/0mmz5i705116bfykc7i1r9jxqwyghj2a-libcxx-16.0.6-dev/include/c++/v1    -fPIC  -g -O2  -c BAB_class.c -o BAB_class.o
/nix/store/v39c0h6xv6hvki2k1bsyp5n090q8y2bp-clang-wrapper-16.0.6/bin/cc -I"/nix/store/lir8rmsk7dxbj7v1spqmv69z4mafg16l-R-4.4.2/lib/R/include" -DNDEBUG  -I'/nix/store/nrq5shdg28fsf6j8ldr4nndxn3cw1lgg-r-S4Vectors-0.8.11/library/S4Vectors/include' -I'/nix/store/rsqghp5h9lx1znw3g0rn3pvfghvhwl36-r-IRanges-2.4.8/library/IRanges/include' -I'/nix/store/rxwbv4h0bwcv98z21rnj2v2clgnbs11p-r-XVector-0.10.0/library/XVector/include' -isystem /nix/store/0mmz5i705116bfykc7i1r9jxqwyghj2a-libcxx-16.0.6-dev/include/c++/v1    -fPIC  -g -O2  -c BitMatrix.c -o BitMatrix.o
/nix/store/v39c0h6xv6hvki2k1bsyp5n090q8y2bp-clang-wrapper-16.0.6/bin/cc -I"/nix/store/lir8rmsk7dxbj7v1spqmv69z4mafg16l-R-4.4.2/lib/R/include" -DNDEBUG  -I'/nix/store/nrq5shdg28fsf6j8ldr4nndxn3cw1lgg-r-S4Vectors-0.8.11/library/S4Vectors/include' -I'/nix/store/rsqghp5h9lx1znw3g0rn3pvfghvhwl36-r-IRanges-2.4.8/library/IRanges/include' -I'/nix/store/rxwbv4h0bwcv98z21rnj2v2clgnbs11p-r-XVector-0.10.0/library/XVector/include' -isystem /nix/store/0mmz5i705116bfykc7i1r9jxqwyghj2a-libcxx-16.0.6-dev/include/c++/v1    -fPIC  -g -O2  -c IRanges_stubs.c -o IRanges_stubs.o
/nix/store/v39c0h6xv6hvki2k1bsyp5n090q8y2bp-clang-wrapper-16.0.6/bin/cc -I"/nix/store/lir8rmsk7dxbj7v1spqmv69z4mafg16l-R-4.4.2/lib/R/include" -DNDEBUG  -I'/nix/store/nrq5shdg28fsf6j8ldr4nndxn3cw1lgg-r-S4Vectors-0.8.11/library/S4Vectors/include' -I'/nix/store/rsqghp5h9lx1znw3g0rn3pvfghvhwl36-r-IRanges-2.4.8/library/IRanges/include' -I'/nix/store/rxwbv4h0bwcv98z21rnj2v2clgnbs11p-r-XVector-0.10.0/library/XVector/include' -isystem /nix/store/0mmz5i705116bfykc7i1r9jxqwyghj2a-libcxx-16.0.6-dev/include/c++/v1    -fPIC  -g -O2  -c MIndex_class.c -o MIndex_class.o
/nix/store/v39c0h6xv6hvki2k1bsyp5n090q8y2bp-clang-wrapper-16.0.6/bin/cc -I"/nix/store/lir8rmsk7dxbj7v1spqmv69z4mafg16l-R-4.4.2/lib/R/include" -DNDEBUG  -I'/nix/store/nrq5shdg28fsf6j8ldr4nndxn3cw1lgg-r-S4Vectors-0.8.11/library/S4Vectors/include' -I'/nix/store/rsqghp5h9lx1znw3g0rn3pvfghvhwl36-r-IRanges-2.4.8/library/IRanges/include' -I'/nix/store/rxwbv4h0bwcv98z21rnj2v2clgnbs11p-r-XVector-0.10.0/library/XVector/include' -isystem /nix/store/0mmz5i705116bfykc7i1r9jxqwyghj2a-libcxx-16.0.6-dev/include/c++/v1    -fPIC  -g -O2  -c PreprocessedTB_class.c -o PreprocessedTB_class.o
/nix/store/v39c0h6xv6hvki2k1bsyp5n090q8y2bp-clang-wrapper-16.0.6/bin/cc -I"/nix/store/lir8rmsk7dxbj7v1spqmv69z4mafg16l-R-4.4.2/lib/R/include" -DNDEBUG  -I'/nix/store/nrq5shdg28fsf6j8ldr4nndxn3cw1lgg-r-S4Vectors-0.8.11/library/S4Vectors/include' -I'/nix/store/rsqghp5h9lx1znw3g0rn3pvfghvhwl36-r-IRanges-2.4.8/library/IRanges/include' -I'/nix/store/rxwbv4h0bwcv98z21rnj2v2clgnbs11p-r-XVector-0.10.0/library/XVector/include' -isystem /nix/store/0mmz5i705116bfykc7i1r9jxqwyghj2a-libcxx-16.0.6-dev/include/c++/v1    -fPIC  -g -O2  -c R_init_Biostrings.c -o R_init_Biostrings.o
/nix/store/v39c0h6xv6hvki2k1bsyp5n090q8y2bp-clang-wrapper-16.0.6/bin/cc -I"/nix/store/lir8rmsk7dxbj7v1spqmv69z4mafg16l-R-4.4.2/lib/R/include" -DNDEBUG  -I'/nix/store/nrq5shdg28fsf6j8ldr4nndxn3cw1lgg-r-S4Vectors-0.8.11/library/S4Vectors/include' -I'/nix/store/rsqghp5h9lx1znw3g0rn3pvfghvhwl36-r-IRanges-2.4.8/library/IRanges/include' -I'/nix/store/rxwbv4h0bwcv98z21rnj2v2clgnbs11p-r-XVector-0.10.0/library/XVector/include' -isystem /nix/store/0mmz5i705116bfykc7i1r9jxqwyghj2a-libcxx-16.0.6-dev/include/c++/v1    -fPIC  -g -O2  -c RoSeqs_utils.c -o RoSeqs_utils.o
/nix/store/v39c0h6xv6hvki2k1bsyp5n090q8y2bp-clang-wrapper-16.0.6/bin/cc -I"/nix/store/lir8rmsk7dxbj7v1spqmv69z4mafg16l-R-4.4.2/lib/R/include" -DNDEBUG  -I'/nix/store/nrq5shdg28fsf6j8ldr4nndxn3cw1lgg-r-S4Vectors-0.8.11/library/S4Vectors/include' -I'/nix/store/rsqghp5h9lx1znw3g0rn3pvfghvhwl36-r-IRanges-2.4.8/library/IRanges/include' -I'/nix/store/rxwbv4h0bwcv98z21rnj2v2clgnbs11p-r-XVector-0.10.0/library/XVector/include' -isystem /nix/store/0mmz5i705116bfykc7i1r9jxqwyghj2a-libcxx-16.0.6-dev/include/c++/v1    -fPIC  -g -O2  -c S4Vectors_stubs.c -o S4Vectors_stubs.o
Running phase: updateAutotoolsGnuConfigScriptsPhase
Running phase: configurePhase
BitMatrix.c:9:10: fatal error: 'S.h' file not found
#include <S.h> /* for Salloc() */
         ^~~~~
1 error generated.
Running phase: buildPhase
make: *** [/nix/store/lir8rmsk7dxbj7v1spqmv69z4mafg16l-R-4.4.2/lib/R/etc/Makeconf:195: BitMatrix.o] Error 1
make: *** Attente des tâches non terminées....
Running phase: checkPhase
RoSeqs_utils.c:7:10: fatal error: 'S.h' file not found
#include <S.h> /* for Salloc() */
         ^~~~~
1 error generated.
make: *** [/nix/store/lir8rmsk7dxbj7v1spqmv69z4mafg16l-R-4.4.2/lib/R/etc/Makeconf:195: RoSeqs_utils.o] Error 1
Running phase: installPhase
* installing *source* package ‘DO.db’ ...
** using staged installation
** R
** inst
** byte-compile and prepare package for lazy loading
ERROR: compilation failed for package ‘Biostrings’
* removing ‘/nix/store/h0p4cz8i5amzr29bj7wrgzxlwhc8ls87-r-Biostrings-2.38.4/library/Biostrings’
error: builder for '/nix/store/965ddb7nlk2vgpq8rlzc883pbg5mzj92-r-Biostrings-2.38.4.drv' failed with exit code 1;
       last 25 log lines:
       > ** using staged installation
       > ** libs
       > using C compiler: ‘clang version 16.0.6’
       > using SDK: ‘’
       > /nix/store/v39c0h6xv6hvki2k1bsyp5n090q8y2bp-clang-wrapper-16.0.6/bin/cc -I"/nix/store/lir8rmsk7dxbj7v1spqmv69z4mafg16l-R-4.4.2/lib/R/include" -DNDEBUG  -I'/nix/store/nrq5shdg28fsf6j8ldr4nndxn3cw1lgg-r-S4Vectors-0.8.11/library/S4Vectors/include' -I'/nix/store/rsqghp5h9lx1znw3g0rn3pvfghvhwl36-r-IRanges-2.4.8/library/IRanges/include' -I'/nix/store/rxwbv4h0bwcv98z21rnj2v2clgnbs11p-r-XVector-0.10.0/library/XVector/include' -isystem /nix/store/0mmz5i705116bfykc7i1r9jxqwyghj2a-libcxx-16.0.6-dev/include/c++/v1    -fPIC  -g -O2  -c BAB_class.c -o BAB_class.o
       > /nix/store/v39c0h6xv6hvki2k1bsyp5n090q8y2bp-clang-wrapper-16.0.6/bin/cc -I"/nix/store/lir8rmsk7dxbj7v1spqmv69z4mafg16l-R-4.4.2/lib/R/include" -DNDEBUG  -I'/nix/store/nrq5shdg28fsf6j8ldr4nndxn3cw1lgg-r-S4Vectors-0.8.11/library/S4Vectors/include' -I'/nix/store/rsqghp5h9lx1znw3g0rn3pvfghvhwl36-r-IRanges-2.4.8/library/IRanges/include' -I'/nix/store/rxwbv4h0bwcv98z21rnj2v2clgnbs11p-r-XVector-0.10.0/library/XVector/include' -isystem /nix/store/0mmz5i705116bfykc7i1r9jxqwyghj2a-libcxx-16.0.6-dev/include/c++/v1    -fPIC  -g -O2  -c BitMatrix.c -o BitMatrix.o
       > /nix/store/v39c0h6xv6hvki2k1bsyp5n090q8y2bp-clang-wrapper-16.0.6/bin/cc -I"/nix/store/lir8rmsk7dxbj7v1spqmv69z4mafg16l-R-4.4.2/lib/R/include" -DNDEBUG  -I'/nix/store/nrq5shdg28fsf6j8ldr4nndxn3cw1lgg-r-S4Vectors-0.8.11/library/S4Vectors/include' -I'/nix/store/rsqghp5h9lx1znw3g0rn3pvfghvhwl36-r-IRanges-2.4.8/library/IRanges/include' -I'/nix/store/rxwbv4h0bwcv98z21rnj2v2clgnbs11p-r-XVector-0.10.0/library/XVector/include' -isystem /nix/store/0mmz5i705116bfykc7i1r9jxqwyghj2a-libcxx-16.0.6-dev/include/c++/v1    -fPIC  -g -O2  -c IRanges_stubs.c -o IRanges_stubs.o
       > /nix/store/v39c0h6xv6hvki2k1bsyp5n090q8y2bp-clang-wrapper-16.0.6/bin/cc -I"/nix/store/lir8rmsk7dxbj7v1spqmv69z4mafg16l-R-4.4.2/lib/R/include" -DNDEBUG  -I'/nix/store/nrq5shdg28fsf6j8ldr4nndxn3cw1lgg-r-S4Vectors-0.8.11/library/S4Vectors/include' -I'/nix/store/rsqghp5h9lx1znw3g0rn3pvfghvhwl36-r-IRanges-2.4.8/library/IRanges/include' -I'/nix/store/rxwbv4h0bwcv98z21rnj2v2clgnbs11p-r-XVector-0.10.0/library/XVector/include' -isystem /nix/store/0mmz5i705116bfykc7i1r9jxqwyghj2a-libcxx-16.0.6-dev/include/c++/v1    -fPIC  -g -O2  -c MIndex_class.c -o MIndex_class.o
       > /nix/store/v39c0h6xv6hvki2k1bsyp5n090q8y2bp-clang-wrapper-16.0.6/bin/cc -I"/nix/store/lir8rmsk7dxbj7v1spqmv69z4mafg16l-R-4.4.2/lib/R/include" -DNDEBUG  -I'/nix/store/nrq5shdg28fsf6j8ldr4nndxn3cw1lgg-r-S4Vectors-0.8.11/library/S4Vectors/include' -I'/nix/store/rsqghp5h9lx1znw3g0rn3pvfghvhwl36-r-IRanges-2.4.8/library/IRanges/include' -I'/nix/store/rxwbv4h0bwcv98z21rnj2v2clgnbs11p-r-XVector-0.10.0/library/XVector/include' -isystem /nix/store/0mmz5i705116bfykc7i1r9jxqwyghj2a-libcxx-16.0.6-dev/include/c++/v1    -fPIC  -g -O2  -c PreprocessedTB_class.c -o PreprocessedTB_class.o
       > /nix/store/v39c0h6xv6hvki2k1bsyp5n090q8y2bp-clang-wrapper-16.0.6/bin/cc -I"/nix/store/lir8rmsk7dxbj7v1spqmv69z4mafg16l-R-4.4.2/lib/R/include" -DNDEBUG  -I'/nix/store/nrq5shdg28fsf6j8ldr4nndxn3cw1lgg-r-S4Vectors-0.8.11/library/S4Vectors/include' -I'/nix/store/rsqghp5h9lx1znw3g0rn3pvfghvhwl36-r-IRanges-2.4.8/library/IRanges/include' -I'/nix/store/rxwbv4h0bwcv98z21rnj2v2clgnbs11p-r-XVector-0.10.0/library/XVector/include' -isystem /nix/store/0mmz5i705116bfykc7i1r9jxqwyghj2a-libcxx-16.0.6-dev/include/c++/v1    -fPIC  -g -O2  -c R_init_Biostrings.c -o R_init_Biostrings.o
       > /nix/store/v39c0h6xv6hvki2k1bsyp5n090q8y2bp-clang-wrapper-16.0.6/bin/cc -I"/nix/store/lir8rmsk7dxbj7v1spqmv69z4mafg16l-R-4.4.2/lib/R/include" -DNDEBUG  -I'/nix/store/nrq5shdg28fsf6j8ldr4nndxn3cw1lgg-r-S4Vectors-0.8.11/library/S4Vectors/include' -I'/nix/store/rsqghp5h9lx1znw3g0rn3pvfghvhwl36-r-IRanges-2.4.8/library/IRanges/include' -I'/nix/store/rxwbv4h0bwcv98z21rnj2v2clgnbs11p-r-XVector-0.10.0/library/XVector/include' -isystem /nix/store/0mmz5i705116bfykc7i1r9jxqwyghj2a-libcxx-16.0.6-dev/include/c++/v1    -fPIC  -g -O2  -c RoSeqs_utils.c -o RoSeqs_utils.o
       > /nix/store/v39c0h6xv6hvki2k1bsyp5n090q8y2bp-clang-wrapper-16.0.6/bin/cc -I"/nix/store/lir8rmsk7dxbj7v1spqmv69z4mafg16l-R-4.4.2/lib/R/include" -DNDEBUG  -I'/nix/store/nrq5shdg28fsf6j8ldr4nndxn3cw1lgg-r-S4Vectors-0.8.11/library/S4Vectors/include' -I'/nix/store/rsqghp5h9lx1znw3g0rn3pvfghvhwl36-r-IRanges-2.4.8/library/IRanges/include' -I'/nix/store/rxwbv4h0bwcv98z21rnj2v2clgnbs11p-r-XVector-0.10.0/library/XVector/include' -isystem /nix/store/0mmz5i705116bfykc7i1r9jxqwyghj2a-libcxx-16.0.6-dev/include/c++/v1    -fPIC  -g -O2  -c S4Vectors_stubs.c -o S4Vectors_stubs.o
       > BitMatrix.c:9:10: fatal error: 'S.h' file not found
       > #include <S.h> /* for Salloc() */
       >          ^~~~~
       > 1 error generated.
       > make: *** [/nix/store/lir8rmsk7dxbj7v1spqmv69z4mafg16l-R-4.4.2/lib/R/etc/Makeconf:195: BitMatrix.o] Error 1
       > make: *** Attente des tâches non terminées....
       > RoSeqs_utils.c:7:10: fatal error: 'S.h' file not found
       > #include <S.h> /* for Salloc() */
       >          ^~~~~
       > 1 error generated.
       > make: *** [/nix/store/lir8rmsk7dxbj7v1spqmv69z4mafg16l-R-4.4.2/lib/R/etc/Makeconf:195: RoSeqs_utils.o] Error 1
       > ERROR: compilation failed for package ‘Biostrings’
       > * removing ‘/nix/store/h0p4cz8i5amzr29bj7wrgzxlwhc8ls87-r-Biostrings-2.38.4/library/Biostrings’
       For full logs, run 'nix log /nix/store/965ddb7nlk2vgpq8rlzc883pbg5mzj92-r-Biostrings-2.38.4.drv'.
error: 1 dependencies of derivation '/nix/store/y67jd9rv3zc8n5xyajmvqsjmqxyir8b3-r-KEGGREST-1.10.1.drv' failed to build
error: 1 dependencies of derivation '/nix/store/ip3ax2spvl30z85ly68wblb5lb630ph6-r-clusterProfiler-2.4.3.drv' failed to build
error: 1 dependencies of derivation '/nix/store/41igsr31yn7xiz6dkfyfcd3a963l0akm-r-AutoPipe-0.1.6.drv' failed to build
