this derivation will be built:
  /nix/store/bxc7r7715ad8qlr497i4g11a7i7bqp46-r-tls-0.1.0.drv
this path will be fetched (0.00 MiB download, 0.00 MiB unpacked):
  /nix/store/4p6ydj69cygz77vnvqc57qaxirsv2477-tls_0.1.0.tar.gz
copying path '/nix/store/4p6ydj69cygz77vnvqc57qaxirsv2477-tls_0.1.0.tar.gz' from 'https://cache.nixos.org'...
building '/nix/store/bxc7r7715ad8qlr497i4g11a7i7bqp46-r-tls-0.1.0.drv'...
Running phase: unpackPhase
unpacking source archive /nix/store/4p6ydj69cygz77vnvqc57qaxirsv2477-tls_0.1.0.tar.gz
source root is tls
setting SOURCE_DATE_EPOCH to timestamp 1538866803 of file tls/MD5
Running phase: patchPhase
Running phase: updateAutotoolsGnuConfigScriptsPhase
Running phase: configurePhase
Running phase: buildPhase
Running phase: checkPhase
Running phase: installPhase
* installing *source* package ‘tls’ ...
** package ‘tls’ correctement décompressé et sommes MD5 vérifiées
** using staged installation
** R
** byte-compile and prepare package for lazy loading
** help
*** installing help indices
** building package indices
** testing if installed package can be loaded from temporary location
** testing if installed package can be loaded from final location
** testing if installed package keeps a record of temporary installation path
* DONE (tls)
Running phase: fixupPhase
checking for references to /private/tmp/nix-build-r-tls-0.1.0.drv-0/ in /nix/store/f9zzjpmznmycqmw3gn83r1r2k0g8ifbc-r-tls-0.1.0...
patching script interpreter paths in /nix/store/f9zzjpmznmycqmw3gn83r1r2k0g8ifbc-r-tls-0.1.0
