this derivation will be built:
  /nix/store/sw8jrkiqp8wc6ld8k6b4wgm2s68jvgxk-r-ptwikiwords-0.0.3.drv
this path will be fetched (0.72 MiB download, 0.72 MiB unpacked):
  /nix/store/njkx41079p8s9hycidsnqc22vsnnlwgy-ptwikiwords_0.0.3.tar.gz
copying path '/nix/store/njkx41079p8s9hycidsnqc22vsnnlwgy-ptwikiwords_0.0.3.tar.gz' from 'https://cache.nixos.org'...
building '/nix/store/sw8jrkiqp8wc6ld8k6b4wgm2s68jvgxk-r-ptwikiwords-0.0.3.drv'...
Running phase: unpackPhase
unpacking source archive /nix/store/njkx41079p8s9hycidsnqc22vsnnlwgy-ptwikiwords_0.0.3.tar.gz
source root is ptwikiwords
setting SOURCE_DATE_EPOCH to timestamp 1475909292 of file ptwikiwords/MD5
Running phase: patchPhase
Running phase: updateAutotoolsGnuConfigScriptsPhase
Running phase: configurePhase
Running phase: buildPhase
Running phase: checkPhase
Running phase: installPhase
* installing *source* package ‘ptwikiwords’ ...
** package ‘ptwikiwords’ correctement décompressé et sommes MD5 vérifiées
** using staged installation
** R
** data
*** moving datasets to lazyload DB
** byte-compile and prepare package for lazy loading
** help
*** installing help indices
** building package indices
** testing if installed package can be loaded from temporary location
** testing if installed package can be loaded from final location
** testing if installed package keeps a record of temporary installation path
* DONE (ptwikiwords)
Running phase: fixupPhase
checking for references to /private/tmp/nix-build-r-ptwikiwords-0.0.3.drv-0/ in /nix/store/45xq2lr4xm6j3d7105qg6406xmqhr7zs-r-ptwikiwords-0.0.3...
patching script interpreter paths in /nix/store/45xq2lr4xm6j3d7105qg6406xmqhr7zs-r-ptwikiwords-0.0.3
