this derivation will be built:
  /nix/store/na6rlgk81x19lksa3hms9sp3wvvml139-r-HDStIM-0.1.0.drv
this path will be fetched (0.80 MiB download, 0.80 MiB unpacked):
  /nix/store/dlchv445yqzhllrbf3jsc019cxjvcg3r-HDStIM_0.1.0.tar.gz
copying path '/nix/store/dlchv445yqzhllrbf3jsc019cxjvcg3r-HDStIM_0.1.0.tar.gz' from 'https://cache.nixos.org'...
building '/nix/store/na6rlgk81x19lksa3hms9sp3wvvml139-r-HDStIM-0.1.0.drv'...
Running phase: unpackPhase
unpacking source archive /nix/store/dlchv445yqzhllrbf3jsc019cxjvcg3r-HDStIM_0.1.0.tar.gz
source root is HDStIM
setting SOURCE_DATE_EPOCH to timestamp 1656058212 of file HDStIM/MD5
Running phase: patchPhase
Running phase: updateAutotoolsGnuConfigScriptsPhase
Running phase: configurePhase
Running phase: buildPhase
Running phase: checkPhase
Running phase: installPhase
* installing *source* package ‘HDStIM’ ...
** package ‘HDStIM’ correctement décompressé et sommes MD5 vérifiées
** using staged installation
** R
** data
*** moving datasets to lazyload DB
** inst
** byte-compile and prepare package for lazy loading
** help
*** installing help indices
*** copying figures
** building package indices
** installing vignettes
** testing if installed package can be loaded from temporary location
** testing if installed package can be loaded from final location
** testing if installed package keeps a record of temporary installation path
* DONE (HDStIM)
Running phase: fixupPhase
checking for references to /private/tmp/nix-build-r-HDStIM-0.1.0.drv-0/ in /nix/store/6im6pnhaw4d0c8l90ys0slkgaq8swp0w-r-HDStIM-0.1.0...
patching script interpreter paths in /nix/store/6im6pnhaw4d0c8l90ys0slkgaq8swp0w-r-HDStIM-0.1.0
rewriting symlink /nix/store/6im6pnhaw4d0c8l90ys0slkgaq8swp0w-r-HDStIM-0.1.0/nix-support/propagated-user-env-packages to be relative to /nix/store/6im6pnhaw4d0c8l90ys0slkgaq8swp0w-r-HDStIM-0.1.0
