this derivation will be built:
  /nix/store/cjn4972yy2zfplq6lb6xwg9bxhia932i-r-presize-0.3.7.drv
this path will be fetched (0.40 MiB download, 0.39 MiB unpacked):
  /nix/store/h7ka3cw02r6jcg6lpr9vgzc9c7w7mkx6-presize_0.3.7.tar.gz
copying path '/nix/store/h7ka3cw02r6jcg6lpr9vgzc9c7w7mkx6-presize_0.3.7.tar.gz' from 'https://cache.nixos.org'...
building '/nix/store/cjn4972yy2zfplq6lb6xwg9bxhia932i-r-presize-0.3.7.drv'...
Running phase: unpackPhase
unpacking source archive /nix/store/h7ka3cw02r6jcg6lpr9vgzc9c7w7mkx6-presize_0.3.7.tar.gz
source root is presize
setting SOURCE_DATE_EPOCH to timestamp 1677531749 of file presize/MD5
Running phase: patchPhase
Running phase: updateAutotoolsGnuConfigScriptsPhase
Running phase: configurePhase
Running phase: buildPhase
Running phase: checkPhase
Running phase: installPhase
* installing *source* package ‘presize’ ...
** package ‘presize’ correctement décompressé et sommes MD5 vérifiées
** using staged installation
** R
** inst
** byte-compile and prepare package for lazy loading
** help
*** installing help indices
*** copying figures
** building package indices
** installing vignettes
** testing if installed package can be loaded from temporary location
** testing if installed package can be loaded from final location
** testing if installed package keeps a record of temporary installation path
* DONE (presize)
Running phase: fixupPhase
checking for references to /private/tmp/nix-build-r-presize-0.3.7.drv-0/ in /nix/store/nqr7yk841fz30fnvsdjlz1aich2a1ad1-r-presize-0.3.7...
patching script interpreter paths in /nix/store/nqr7yk841fz30fnvsdjlz1aich2a1ad1-r-presize-0.3.7
rewriting symlink /nix/store/nqr7yk841fz30fnvsdjlz1aich2a1ad1-r-presize-0.3.7/nix-support/propagated-user-env-packages to be relative to /nix/store/nqr7yk841fz30fnvsdjlz1aich2a1ad1-r-presize-0.3.7
