this derivation will be built:
  /nix/store/cd98xqd61aav7mqwfan58kl673swx8yb-r-latentcor-2.0.1.drv
this path will be fetched (2.95 MiB download, 2.95 MiB unpacked):
  /nix/store/g2sqh8sg0lb87k5vn4grwsiklkr04wb3-latentcor_2.0.1.tar.gz
copying path '/nix/store/g2sqh8sg0lb87k5vn4grwsiklkr04wb3-latentcor_2.0.1.tar.gz' from 'https://cache.nixos.org'...
building '/nix/store/cd98xqd61aav7mqwfan58kl673swx8yb-r-latentcor-2.0.1.drv'...
Running phase: unpackPhase
unpacking source archive /nix/store/g2sqh8sg0lb87k5vn4grwsiklkr04wb3-latentcor_2.0.1.tar.gz
source root is latentcor
setting SOURCE_DATE_EPOCH to timestamp 1662411002 of file latentcor/MD5
Running phase: patchPhase
Running phase: updateAutotoolsGnuConfigScriptsPhase
Running phase: configurePhase
Running phase: buildPhase
Running phase: checkPhase
Running phase: installPhase
* installing *source* package ‘latentcor’ ...
** package ‘latentcor’ correctement décompressé et sommes MD5 vérifiées
** using staged installation
** libs
using C compiler: ‘clang version 16.0.6’
using SDK: ‘’
/nix/store/v39c0h6xv6hvki2k1bsyp5n090q8y2bp-clang-wrapper-16.0.6/bin/cc -I"/nix/store/lir8rmsk7dxbj7v1spqmv69z4mafg16l-R-4.4.2/lib/R/include" -DNDEBUG   -isystem /nix/store/0mmz5i705116bfykc7i1r9jxqwyghj2a-libcxx-16.0.6-dev/include/c++/v1    -fPIC  -g -O2  -c ipol.c -o ipol.o
/nix/store/v39c0h6xv6hvki2k1bsyp5n090q8y2bp-clang-wrapper-16.0.6/bin/cc -dynamiclib -Wl,-headerpad_max_install_names -undefined dynamic_lookup -L/nix/store/lir8rmsk7dxbj7v1spqmv69z4mafg16l-R-4.4.2/lib/R/lib -L/nix/store/88xkgzh5g9xppsg3hdxxxh9q43rnxk6k-libcxx-16.0.6/lib -o latentcor.so ipol.o -L/nix/store/lir8rmsk7dxbj7v1spqmv69z4mafg16l-R-4.4.2/lib/R/lib -lR -lintl -Wl,-framework -Wl,CoreFoundation
installing to /nix/store/x0hdvkkqyhqrr7xhswnb1hbs1idvk7ss-r-latentcor-2.0.1/library/00LOCK-latentcor/00new/latentcor/libs
** R
** inst
** byte-compile and prepare package for lazy loading
** help
*** installing help indices
** building package indices
** installing vignettes
** testing if installed package can be loaded from temporary location
** checking absolute paths in shared objects and dynamic libraries
** testing if installed package can be loaded from final location
** testing if installed package keeps a record of temporary installation path
* DONE (latentcor)
Running phase: fixupPhase
checking for references to /private/tmp/nix-build-r-latentcor-2.0.1.drv-0/ in /nix/store/x0hdvkkqyhqrr7xhswnb1hbs1idvk7ss-r-latentcor-2.0.1...
patching script interpreter paths in /nix/store/x0hdvkkqyhqrr7xhswnb1hbs1idvk7ss-r-latentcor-2.0.1
rewriting symlink /nix/store/x0hdvkkqyhqrr7xhswnb1hbs1idvk7ss-r-latentcor-2.0.1/nix-support/propagated-user-env-packages to be relative to /nix/store/x0hdvkkqyhqrr7xhswnb1hbs1idvk7ss-r-latentcor-2.0.1
