this derivation will be built:
  /nix/store/ymg1bxfz0zkf0kk0087s6kh7v3i15mcg-r-svplots-0.1.0.drv
this path will be fetched (0.16 MiB download, 0.16 MiB unpacked):
  /nix/store/8dfxh61m3f0gf1s31lrrlk9jn1xcn3kh-svplots_0.1.0.tar.gz
copying path '/nix/store/8dfxh61m3f0gf1s31lrrlk9jn1xcn3kh-svplots_0.1.0.tar.gz' from 'https://cache.nixos.org'...
building '/nix/store/ymg1bxfz0zkf0kk0087s6kh7v3i15mcg-r-svplots-0.1.0.drv'...
Running phase: unpackPhase
unpacking source archive /nix/store/8dfxh61m3f0gf1s31lrrlk9jn1xcn3kh-svplots_0.1.0.tar.gz
source root is svplots
setting SOURCE_DATE_EPOCH to timestamp 1617784802 of file svplots/MD5
Running phase: patchPhase
Running phase: updateAutotoolsGnuConfigScriptsPhase
Running phase: configurePhase
Running phase: buildPhase
Running phase: checkPhase
Running phase: installPhase
* installing *source* package ‘svplots’ ...
** package ‘svplots’ correctement décompressé et sommes MD5 vérifiées
** using staged installation
** R
** inst
** byte-compile and prepare package for lazy loading
** help
*** installing help indices
** building package indices
** installing vignettes
** testing if installed package can be loaded from temporary location
** testing if installed package can be loaded from final location
** testing if installed package keeps a record of temporary installation path
* DONE (svplots)
Running phase: fixupPhase
checking for references to /private/tmp/nix-build-r-svplots-0.1.0.drv-0/ in /nix/store/ks4nspkn09z54130scb2dzx2dxia658d-r-svplots-0.1.0...
patching script interpreter paths in /nix/store/ks4nspkn09z54130scb2dzx2dxia658d-r-svplots-0.1.0
rewriting symlink /nix/store/ks4nspkn09z54130scb2dzx2dxia658d-r-svplots-0.1.0/nix-support/propagated-user-env-packages to be relative to /nix/store/ks4nspkn09z54130scb2dzx2dxia658d-r-svplots-0.1.0
