this derivation will be built:
  /nix/store/drbzh3y2kq5vygvknqv4m7sfcz1yywgk-r-jab.adverse.reactions-1.0.3.drv
this path will be fetched (0.03 MiB download, 0.03 MiB unpacked):
  /nix/store/xlv50ap8gjg0hcwn8nrplxkha2rzjy4v-jab.adverse.reactions_1.0.3.tar.gz
copying path '/nix/store/xlv50ap8gjg0hcwn8nrplxkha2rzjy4v-jab.adverse.reactions_1.0.3.tar.gz' from 'https://cache.nixos.org'...
building '/nix/store/drbzh3y2kq5vygvknqv4m7sfcz1yywgk-r-jab.adverse.reactions-1.0.3.drv'...
Running phase: unpackPhase
unpacking source archive /nix/store/xlv50ap8gjg0hcwn8nrplxkha2rzjy4v-jab.adverse.reactions_1.0.3.tar.gz
source root is jab.adverse.reactions
setting SOURCE_DATE_EPOCH to timestamp 1695168602 of file jab.adverse.reactions/MD5
Running phase: patchPhase
Running phase: updateAutotoolsGnuConfigScriptsPhase
Running phase: configurePhase
Running phase: buildPhase
Running phase: checkPhase
Running phase: installPhase
* installing *source* package ‘jab.adverse.reactions’ ...
** package ‘jab.adverse.reactions’ correctement décompressé et sommes MD5 vérifiées
** using staged installation
** R
** data
*** moving datasets to lazyload DB
** inst
** byte-compile and prepare package for lazy loading
** help
*** installing help indices
** building package indices
** testing if installed package can be loaded from temporary location
** testing if installed package can be loaded from final location
** testing if installed package keeps a record of temporary installation path
* DONE (jab.adverse.reactions)
Running phase: fixupPhase
checking for references to /private/tmp/nix-build-r-jab.adverse.reactions-1.0.3.drv-0/ in /nix/store/9fjj6awbb8sbljnb0zj1nbap564s57ji-r-jab.adverse.reactions-1.0.3...
patching script interpreter paths in /nix/store/9fjj6awbb8sbljnb0zj1nbap564s57ji-r-jab.adverse.reactions-1.0.3
