this derivation will be built:
  /nix/store/sbsb3xc9pc9dczx5rxfx3fk7xp8j12s1-r-pawacc-1.2.3.drv
this path will be fetched (0.10 MiB download, 0.10 MiB unpacked):
  /nix/store/6y27lnpnhxz4glj9wgvj65s6wfzd3bg8-pawacc_1.2.3.tar.gz
copying path '/nix/store/6y27lnpnhxz4glj9wgvj65s6wfzd3bg8-pawacc_1.2.3.tar.gz' from 'https://cache.nixos.org'...
building '/nix/store/sbsb3xc9pc9dczx5rxfx3fk7xp8j12s1-r-pawacc-1.2.3.drv'...
Running phase: unpackPhase
unpacking source archive /nix/store/6y27lnpnhxz4glj9wgvj65s6wfzd3bg8-pawacc_1.2.3.tar.gz
source root is pawacc
setting SOURCE_DATE_EPOCH to timestamp 1707729609 of file pawacc/MD5
Running phase: patchPhase
Running phase: updateAutotoolsGnuConfigScriptsPhase
Running phase: configurePhase
Running phase: buildPhase
Running phase: checkPhase
Running phase: installPhase
* installing *source* package ‘pawacc’ ...
** package ‘pawacc’ correctement décompressé et sommes MD5 vérifiées
** using staged installation
** R
** data
** inst
** byte-compile and prepare package for lazy loading
** help
*** installing help indices
** building package indices
** testing if installed package can be loaded from temporary location
** testing if installed package can be loaded from final location
** testing if installed package keeps a record of temporary installation path
* DONE (pawacc)
Running phase: fixupPhase
checking for references to /private/tmp/nix-build-r-pawacc-1.2.3.drv-0/ in /nix/store/nlmqrzgmjwqilmp0b4pyfggl39xy8gk7-r-pawacc-1.2.3...
patching script interpreter paths in /nix/store/nlmqrzgmjwqilmp0b4pyfggl39xy8gk7-r-pawacc-1.2.3
rewriting symlink /nix/store/nlmqrzgmjwqilmp0b4pyfggl39xy8gk7-r-pawacc-1.2.3/nix-support/propagated-user-env-packages to be relative to /nix/store/nlmqrzgmjwqilmp0b4pyfggl39xy8gk7-r-pawacc-1.2.3
