this derivation will be built:
  /nix/store/y2qd7mgxys9xyya576g0f8gmcbk3wmmg-r-Rdrw-1.0.2.drv
this path will be fetched (0.01 MiB download, 0.01 MiB unpacked):
  /nix/store/afn7pq1m1vnpcrblnyax0hblqmm32hrk-Rdrw_1.0.2.tar.gz
copying path '/nix/store/afn7pq1m1vnpcrblnyax0hblqmm32hrk-Rdrw_1.0.2.tar.gz' from 'https://cache.nixos.org'...
building '/nix/store/y2qd7mgxys9xyya576g0f8gmcbk3wmmg-r-Rdrw-1.0.2.drv'...
Running phase: unpackPhase
unpacking source archive /nix/store/afn7pq1m1vnpcrblnyax0hblqmm32hrk-Rdrw_1.0.2.tar.gz
source root is Rdrw
setting SOURCE_DATE_EPOCH to timestamp 1599587402 of file Rdrw/MD5
Running phase: patchPhase
Running phase: updateAutotoolsGnuConfigScriptsPhase
Running phase: configurePhase
Running phase: buildPhase
Running phase: checkPhase
Running phase: installPhase
* installing *source* package ‘Rdrw’ ...
** package ‘Rdrw’ correctement décompressé et sommes MD5 vérifiées
** using staged installation
** R
** byte-compile and prepare package for lazy loading
** help
*** installing help indices
** building package indices
** testing if installed package can be loaded from temporary location
** testing if installed package can be loaded from final location
** testing if installed package keeps a record of temporary installation path
* DONE (Rdrw)
Running phase: fixupPhase
checking for references to /private/tmp/nix-build-r-Rdrw-1.0.2.drv-0/ in /nix/store/hywf5q6p092kbp01a7mv3jg2nf7v3sy3-r-Rdrw-1.0.2...
patching script interpreter paths in /nix/store/hywf5q6p092kbp01a7mv3jg2nf7v3sy3-r-Rdrw-1.0.2
rewriting symlink /nix/store/hywf5q6p092kbp01a7mv3jg2nf7v3sy3-r-Rdrw-1.0.2/nix-support/propagated-user-env-packages to be relative to /nix/store/hywf5q6p092kbp01a7mv3jg2nf7v3sy3-r-Rdrw-1.0.2
