this derivation will be built:
  /nix/store/wi502k5173ngfzxanbw10r04a55da8q1-r-nomogramEx-3.0.drv
this path will be fetched (0.00 MiB download, 0.00 MiB unpacked):
  /nix/store/r99kfd8dsnphbg7dfpmma5n1yx0xpznf-nomogramEx_3.0.tar.gz
copying path '/nix/store/r99kfd8dsnphbg7dfpmma5n1yx0xpznf-nomogramEx_3.0.tar.gz' from 'https://cache.nixos.org'...
building '/nix/store/wi502k5173ngfzxanbw10r04a55da8q1-r-nomogramEx-3.0.drv'...
Running phase: unpackPhase
unpacking source archive /nix/store/r99kfd8dsnphbg7dfpmma5n1yx0xpznf-nomogramEx_3.0.tar.gz
source root is nomogramEx
setting SOURCE_DATE_EPOCH to timestamp 1503979005 of file nomogramEx/MD5
Running phase: patchPhase
Running phase: updateAutotoolsGnuConfigScriptsPhase
Running phase: configurePhase
Running phase: buildPhase
Running phase: checkPhase
Running phase: installPhase
* installing *source* package ‘nomogramEx’ ...
** package ‘nomogramEx’ correctement décompressé et sommes MD5 vérifiées
** using staged installation
** R
** byte-compile and prepare package for lazy loading
** help
*** installing help indices
** building package indices
** testing if installed package can be loaded from temporary location
** testing if installed package can be loaded from final location
** testing if installed package keeps a record of temporary installation path
* DONE (nomogramEx)
Running phase: fixupPhase
checking for references to /private/tmp/nix-build-r-nomogramEx-3.0.drv-0/ in /nix/store/qvq6wfd31ra4x5naxfi0jqhikdyc4wxj-r-nomogramEx-3.0...
patching script interpreter paths in /nix/store/qvq6wfd31ra4x5naxfi0jqhikdyc4wxj-r-nomogramEx-3.0
rewriting symlink /nix/store/qvq6wfd31ra4x5naxfi0jqhikdyc4wxj-r-nomogramEx-3.0/nix-support/propagated-user-env-packages to be relative to /nix/store/qvq6wfd31ra4x5naxfi0jqhikdyc4wxj-r-nomogramEx-3.0
