these 4 derivations will be built:
  /nix/store/1f4sq5v7qfcbgj0kzr5sb2qjd37shfdl-r-PCDimension-1.1.13.drv
  /nix/store/3j4ibc8mikn3wj4g4szbzz05bxavdmsy-r-Thresher-1.1.4.drv
  /nix/store/cl7yq7z173ngy932zhb6394fwxppkacv-Mercator_1.1.5.tar.gz.drv
  /nix/store/vp39fd9r8jgsd2kclm95dqcgqxljili6-r-Mercator-1.1.5.drv
these 2 paths will be fetched (1.55 MiB download, 1.56 MiB unpacked):
  /nix/store/v0ps4dk9n633hbnx549vivq87jjb1pkp-PCDimension_1.1.13.tar.gz
  /nix/store/274yvzxppp2033bqhlc58pmqxv0qgi16-Thresher_1.1.4.tar.gz
copying path '/nix/store/274yvzxppp2033bqhlc58pmqxv0qgi16-Thresher_1.1.4.tar.gz' from 'https://cache.nixos.org'...
building '/nix/store/cl7yq7z173ngy932zhb6394fwxppkacv-Mercator_1.1.5.tar.gz.drv'...
copying path '/nix/store/v0ps4dk9n633hbnx549vivq87jjb1pkp-PCDimension_1.1.13.tar.gz' from 'https://cache.nixos.org'...
building '/nix/store/1f4sq5v7qfcbgj0kzr5sb2qjd37shfdl-r-PCDimension-1.1.13.drv'...

trying https://cran.r-project.org/src/contrib/Mercator_1.1.5.tar.gz
  % Total    % Received % Xferd  Average Speed   Time    Time     Time  Current
                                 Dload  Upload   Total   Spent    Left  Speed
Running phase: unpackPhase
unpacking source archive /nix/store/v0ps4dk9n633hbnx549vivq87jjb1pkp-PCDimension_1.1.13.tar.gz
source root is PCDimension
setting SOURCE_DATE_EPOCH to timestamp 1656610202 of file PCDimension/inst/doc/PCDimension.pdf
Running phase: patchPhase
Running phase: updateAutotoolsGnuConfigScriptsPhase
Running phase: configurePhase
Running phase: buildPhase
100 2162k  100 2162k    0     0  4995k      0 --:--:-- --:--:-- --:--:-- 5004k
Running phase: checkPhase
Running phase: installPhase
* installing *source* package ‘PCDimension’ ...
** package ‘PCDimension’ correctement décompressé et sommes MD5 vérifiées
** using staged installation
** R
** data
** inst
** byte-compile and prepare package for lazy loading
** help
*** installing help indices
** building package indices
** installing vignettes
** testing if installed package can be loaded from temporary location
** testing if installed package can be loaded from final location
** testing if installed package keeps a record of temporary installation path
* DONE (PCDimension)
Running phase: fixupPhase
checking for references to /private/tmp/nix-build-r-PCDimension-1.1.13.drv-0/ in /nix/store/pv6sj977ws0d2ja96h4h9vhph745amdy-r-PCDimension-1.1.13...
patching script interpreter paths in /nix/store/pv6sj977ws0d2ja96h4h9vhph745amdy-r-PCDimension-1.1.13
rewriting symlink /nix/store/pv6sj977ws0d2ja96h4h9vhph745amdy-r-PCDimension-1.1.13/nix-support/propagated-user-env-packages to be relative to /nix/store/pv6sj977ws0d2ja96h4h9vhph745amdy-r-PCDimension-1.1.13
building '/nix/store/3j4ibc8mikn3wj4g4szbzz05bxavdmsy-r-Thresher-1.1.4.drv'...
Running phase: unpackPhase
unpacking source archive /nix/store/274yvzxppp2033bqhlc58pmqxv0qgi16-Thresher_1.1.4.tar.gz
source root is Thresher
setting SOURCE_DATE_EPOCH to timestamp 1714320005 of file Thresher/inst/doc/Thresher.pdf
Running phase: patchPhase
Running phase: updateAutotoolsGnuConfigScriptsPhase
Running phase: configurePhase
Running phase: buildPhase
Running phase: checkPhase
Running phase: installPhase
* installing *source* package ‘Thresher’ ...
** package ‘Thresher’ correctement décompressé et sommes MD5 vérifiées
** using staged installation
** R
** data
** inst
** byte-compile and prepare package for lazy loading
** help
*** installing help indices
** building package indices
** installing vignettes
** testing if installed package can be loaded from temporary location
** testing if installed package can be loaded from final location
** testing if installed package keeps a record of temporary installation path
* DONE (Thresher)
Running phase: fixupPhase
checking for references to /private/tmp/nix-build-r-Thresher-1.1.4.drv-0/ in /nix/store/hcl4j0bifsxsypjidngb5kfb5khmzga7-r-Thresher-1.1.4...
patching script interpreter paths in /nix/store/hcl4j0bifsxsypjidngb5kfb5khmzga7-r-Thresher-1.1.4
rewriting symlink /nix/store/hcl4j0bifsxsypjidngb5kfb5khmzga7-r-Thresher-1.1.4/nix-support/propagated-user-env-packages to be relative to /nix/store/hcl4j0bifsxsypjidngb5kfb5khmzga7-r-Thresher-1.1.4
building '/nix/store/vp39fd9r8jgsd2kclm95dqcgqxljili6-r-Mercator-1.1.5.drv'...
Running phase: unpackPhase
unpacking source archive /nix/store/cn1cbqq1nqx4lyhhh58mcr5kfanm8d9x-Mercator_1.1.5.tar.gz
source root is Mercator
setting SOURCE_DATE_EPOCH to timestamp 1729625402 of file Mercator/MD5
Running phase: patchPhase
Running phase: updateAutotoolsGnuConfigScriptsPhase
Running phase: configurePhase
Running phase: buildPhase
Running phase: checkPhase
Running phase: installPhase
* installing *source* package ‘Mercator’ ...
** package ‘Mercator’ correctement décompressé et sommes MD5 vérifiées
** using staged installation
** R
** data
** inst
** byte-compile and prepare package for lazy loading
** help
*** installing help indices
** building package indices
** installing vignettes
** testing if installed package can be loaded from temporary location
** testing if installed package can be loaded from final location
** testing if installed package keeps a record of temporary installation path
* DONE (Mercator)
Running phase: fixupPhase
checking for references to /private/tmp/nix-build-r-Mercator-1.1.5.drv-0/ in /nix/store/0lm15r6r8vb75b1zdzl9h582lj9ci78c-r-Mercator-1.1.5...
patching script interpreter paths in /nix/store/0lm15r6r8vb75b1zdzl9h582lj9ci78c-r-Mercator-1.1.5
rewriting symlink /nix/store/0lm15r6r8vb75b1zdzl9h582lj9ci78c-r-Mercator-1.1.5/nix-support/propagated-user-env-packages to be relative to /nix/store/0lm15r6r8vb75b1zdzl9h582lj9ci78c-r-Mercator-1.1.5
