this derivation will be built:
  /nix/store/3k9x16m770imv30g5i3gqfc76qnfn367-r-Homeric-0.1-3.drv
this path will be fetched (0.01 MiB download, 0.01 MiB unpacked):
  /nix/store/nl6dfndhqzcifwl1wzijh4hd68jzrdwq-Homeric_0.1-3.tar.gz
copying path '/nix/store/nl6dfndhqzcifwl1wzijh4hd68jzrdwq-Homeric_0.1-3.tar.gz' from 'https://cache.nixos.org'...
building '/nix/store/3k9x16m770imv30g5i3gqfc76qnfn367-r-Homeric-0.1-3.drv'...
Running phase: unpackPhase
unpacking source archive /nix/store/nl6dfndhqzcifwl1wzijh4hd68jzrdwq-Homeric_0.1-3.tar.gz
source root is Homeric
setting SOURCE_DATE_EPOCH to timestamp 1468229816 of file Homeric/MD5
Running phase: patchPhase
Running phase: updateAutotoolsGnuConfigScriptsPhase
Running phase: configurePhase
Running phase: buildPhase
Running phase: checkPhase
Running phase: installPhase
* installing *source* package ‘Homeric’ ...
** package ‘Homeric’ correctement décompressé et sommes MD5 vérifiées
** using staged installation
** R
** byte-compile and prepare package for lazy loading
** help
*** installing help indices
** building package indices
** testing if installed package can be loaded from temporary location
** testing if installed package can be loaded from final location
** testing if installed package keeps a record of temporary installation path
* DONE (Homeric)
Running phase: fixupPhase
checking for references to /private/tmp/nix-build-r-Homeric-0.1-3.drv-0/ in /nix/store/2y8ixld9r6bmgwk92fk0hmz7jr9wmz6k-r-Homeric-0.1-3...
patching script interpreter paths in /nix/store/2y8ixld9r6bmgwk92fk0hmz7jr9wmz6k-r-Homeric-0.1-3
