this derivation will be built:
  /nix/store/jnpr61knk2rx5xmv2ij8b1byx78djrzm-r-MKLE-1.0.1.drv
this path will be fetched (0.01 MiB download, 0.01 MiB unpacked):
  /nix/store/9bmr6bnzawl4ars7jjs8255lxab8xbkn-MKLE_1.0.1.tar.gz
copying path '/nix/store/9bmr6bnzawl4ars7jjs8255lxab8xbkn-MKLE_1.0.1.tar.gz' from 'https://cache.nixos.org'...
building '/nix/store/jnpr61knk2rx5xmv2ij8b1byx78djrzm-r-MKLE-1.0.1.drv'...
Running phase: unpackPhase
unpacking source archive /nix/store/9bmr6bnzawl4ars7jjs8255lxab8xbkn-MKLE_1.0.1.tar.gz
source root is MKLE
setting SOURCE_DATE_EPOCH to timestamp 1692604958 of file MKLE/MD5
Running phase: patchPhase
Running phase: updateAutotoolsGnuConfigScriptsPhase
Running phase: configurePhase
Running phase: buildPhase
Running phase: checkPhase
Running phase: installPhase
* installing *source* package ‘MKLE’ ...
** package ‘MKLE’ correctement décompressé et sommes MD5 vérifiées
** using staged installation
** R
** data
** byte-compile and prepare package for lazy loading
** help
*** installing help indices
** building package indices
** testing if installed package can be loaded from temporary location
** testing if installed package can be loaded from final location
** testing if installed package keeps a record of temporary installation path
* DONE (MKLE)
Running phase: fixupPhase
checking for references to /private/tmp/nix-build-r-MKLE-1.0.1.drv-0/ in /nix/store/6dlbsvx1m8d7y3aq1rdiqjk4vdm14aap-r-MKLE-1.0.1...
patching script interpreter paths in /nix/store/6dlbsvx1m8d7y3aq1rdiqjk4vdm14aap-r-MKLE-1.0.1
