this derivation will be built:
  /nix/store/ifvqnfgyc4wizcin3rccsq576n4sr9xs-r-POUMM-2.1.7.drv
this path will be fetched (0.43 MiB download, 0.43 MiB unpacked):
  /nix/store/lbisagkxia62qb0qvb8vij8yq284fcmj-POUMM_2.1.7.tar.gz
copying path '/nix/store/lbisagkxia62qb0qvb8vij8yq284fcmj-POUMM_2.1.7.tar.gz' from 'https://cache.nixos.org'...
building '/nix/store/ifvqnfgyc4wizcin3rccsq576n4sr9xs-r-POUMM-2.1.7.drv'...
Running phase: unpackPhase
unpacking source archive /nix/store/lbisagkxia62qb0qvb8vij8yq284fcmj-POUMM_2.1.7.tar.gz
source root is POUMM
setting SOURCE_DATE_EPOCH to timestamp 1603807218 of file POUMM/MD5
Running phase: patchPhase
Running phase: updateAutotoolsGnuConfigScriptsPhase
Running phase: configurePhase
Running phase: buildPhase
Running phase: checkPhase
Running phase: installPhase
* installing *source* package ‘POUMM’ ...
** package ‘POUMM’ correctement décompressé et sommes MD5 vérifiées
** using staged installation
** libs
using C++ compiler: ‘clang version 16.0.6’
using C++11
using SDK: ‘’
/nix/store/v39c0h6xv6hvki2k1bsyp5n090q8y2bp-clang-wrapper-16.0.6/bin/c++ -std=gnu++11 -I"/nix/store/lir8rmsk7dxbj7v1spqmv69z4mafg16l-R-4.4.2/lib/R/include" -DNDEBUG  -I'/nix/store/da7yi2xf3argx9hlnn3f0k95b8y1yx2l-r-Rcpp-1.0.13-1/library/Rcpp/include' -isystem /nix/store/0mmz5i705116bfykc7i1r9jxqwyghj2a-libcxx-16.0.6-dev/include/c++/v1    -fPIC  -g -O2   -c Rcpp.cpp -o Rcpp.o
/nix/store/v39c0h6xv6hvki2k1bsyp5n090q8y2bp-clang-wrapper-16.0.6/bin/c++ -std=gnu++11 -dynamiclib -Wl,-headerpad_max_install_names -undefined dynamic_lookup -L/nix/store/lir8rmsk7dxbj7v1spqmv69z4mafg16l-R-4.4.2/lib/R/lib -L/nix/store/88xkgzh5g9xppsg3hdxxxh9q43rnxk6k-libcxx-16.0.6/lib -o POUMM.so Rcpp.o -L/nix/store/lir8rmsk7dxbj7v1spqmv69z4mafg16l-R-4.4.2/lib/R/lib -lR -lintl -Wl,-framework -Wl,CoreFoundation
installing to /nix/store/n39hrxdnvyhmnx6grgp7lbcipcdlvj87-r-POUMM-2.1.7/library/00LOCK-POUMM/00new/POUMM/libs
** R
** data
*** moving datasets to lazyload DB
** inst
** preparing package for lazy loading
** help
*** installing help indices
** building package indices
** installing vignettes
** testing if installed package can be loaded from temporary location
** checking absolute paths in shared objects and dynamic libraries
** testing if installed package can be loaded from final location
** testing if installed package keeps a record of temporary installation path
* DONE (POUMM)
Running phase: fixupPhase
checking for references to /private/tmp/nix-build-r-POUMM-2.1.7.drv-0/ in /nix/store/n39hrxdnvyhmnx6grgp7lbcipcdlvj87-r-POUMM-2.1.7...
patching script interpreter paths in /nix/store/n39hrxdnvyhmnx6grgp7lbcipcdlvj87-r-POUMM-2.1.7
rewriting symlink /nix/store/n39hrxdnvyhmnx6grgp7lbcipcdlvj87-r-POUMM-2.1.7/nix-support/propagated-user-env-packages to be relative to /nix/store/n39hrxdnvyhmnx6grgp7lbcipcdlvj87-r-POUMM-2.1.7
