this derivation will be built:
  /nix/store/nn2xbw13fzhd4dgikva57anzbmjgkjiw-r-opticskxi-0.1.drv
this path will be fetched (0.49 MiB download, 0.49 MiB unpacked):
  /nix/store/zv5w3ij514m1yc1x9lccjcjvbbh1cjq8-opticskxi_0.1.tar.gz
copying path '/nix/store/zv5w3ij514m1yc1x9lccjcjvbbh1cjq8-opticskxi_0.1.tar.gz' from 'https://cache.nixos.org'...
building '/nix/store/nn2xbw13fzhd4dgikva57anzbmjgkjiw-r-opticskxi-0.1.drv'...
Running phase: unpackPhase
unpacking source archive /nix/store/zv5w3ij514m1yc1x9lccjcjvbbh1cjq8-opticskxi_0.1.tar.gz
source root is opticskxi
setting SOURCE_DATE_EPOCH to timestamp 1563489002 of file opticskxi/MD5
Running phase: patchPhase
Running phase: updateAutotoolsGnuConfigScriptsPhase
Running phase: configurePhase
Running phase: buildPhase
Running phase: checkPhase
Running phase: installPhase
* installing *source* package ‘opticskxi’ ...
** package ‘opticskxi’ correctement décompressé et sommes MD5 vérifiées
** using staged installation
** R
** data
** inst
** byte-compile and prepare package for lazy loading
** help
*** installing help indices
** building package indices
** installing vignettes
** testing if installed package can be loaded from temporary location
** testing if installed package can be loaded from final location
** testing if installed package keeps a record of temporary installation path
* DONE (opticskxi)
Running phase: fixupPhase
checking for references to /private/tmp/nix-build-r-opticskxi-0.1.drv-0/ in /nix/store/snn7w35d2rwygkpbkyig7n5hnvz7zndh-r-opticskxi-0.1...
patching script interpreter paths in /nix/store/snn7w35d2rwygkpbkyig7n5hnvz7zndh-r-opticskxi-0.1
rewriting symlink /nix/store/snn7w35d2rwygkpbkyig7n5hnvz7zndh-r-opticskxi-0.1/nix-support/propagated-user-env-packages to be relative to /nix/store/snn7w35d2rwygkpbkyig7n5hnvz7zndh-r-opticskxi-0.1
