these 5 derivations will be built:
  /nix/store/rd4897rrag5cwld6jwqrb051f3wzmz0n-r-dagitty-0.3-4.drv
  /nix/store/a7cq41ip0mqspdn1gmif65q2fgxylb68-r-ggdag-0.2.13.drv
  /nix/store/v21q057lb66qnhyiindajjvah51y0z0j-r-episensr-1.3.0.drv
  /nix/store/wjvjnvdbpv6iqn90cbk2cw2ld7rkgva5-r-shinymaterial-1.2.0.drv
  /nix/store/zzm2h6hr02cpsiivlb06n1gs038zw7vn-r-apisensr-1.0.0.drv
building '/nix/store/wjvjnvdbpv6iqn90cbk2cw2ld7rkgva5-r-shinymaterial-1.2.0.drv'...
building '/nix/store/rd4897rrag5cwld6jwqrb051f3wzmz0n-r-dagitty-0.3-4.drv'...
Running phase: unpackPhase
unpacking source archive /nix/store/kkzc9airk8pfyrx9bg2rh8r935w4rhxk-shinymaterial_1.2.0.tar.gz
source root is shinymaterial
setting SOURCE_DATE_EPOCH to timestamp 1598907003 of file shinymaterial/MD5
Running phase: patchPhase
Running phase: updateAutotoolsGnuConfigScriptsPhase
Running phase: unpackPhase
Running phase: configurePhase
unpacking source archive /nix/store/x4gxgp3m8899kyvxa2slyv4d75lyylq8-dagitty_0.3-4.tar.gz
Running phase: buildPhase
Running phase: checkPhase
source root is dagitty
setting SOURCE_DATE_EPOCH to timestamp 1701966602 of file dagitty/MD5
Running phase: installPhase
Running phase: patchPhase
Running phase: updateAutotoolsGnuConfigScriptsPhase
Running phase: configurePhase
Running phase: buildPhase
Running phase: checkPhase
Running phase: installPhase
* installing *source* package ‘shinymaterial’ ...
** package ‘shinymaterial’ correctement décompressé et sommes MD5 vérifiées
** using staged installation
** R
** inst
** byte-compile and prepare package for lazy loading
* installing *source* package ‘dagitty’ ...
** package ‘dagitty’ correctement décompressé et sommes MD5 vérifiées
** using staged installation
** R
** inst
** byte-compile and prepare package for lazy loading
** help
*** installing help indices
** building package indices
** testing if installed package can be loaded from temporary location
** testing if installed package can be loaded from final location
** testing if installed package keeps a record of temporary installation path
* DONE (shinymaterial)
Running phase: fixupPhase
checking for references to /private/tmp/nix-build-r-shinymaterial-1.2.0.drv-0/ in /nix/store/kkhsczk3l8lybxzypmf5a0nrhv8gb68g-r-shinymaterial-1.2.0...
patching script interpreter paths in /nix/store/kkhsczk3l8lybxzypmf5a0nrhv8gb68g-r-shinymaterial-1.2.0
rewriting symlink /nix/store/kkhsczk3l8lybxzypmf5a0nrhv8gb68g-r-shinymaterial-1.2.0/nix-support/propagated-user-env-packages to be relative to /nix/store/kkhsczk3l8lybxzypmf5a0nrhv8gb68g-r-shinymaterial-1.2.0
** help
*** installing help indices
** building package indices
** installing vignettes
** testing if installed package can be loaded from temporary location
** testing if installed package can be loaded from final location
** testing if installed package keeps a record of temporary installation path
* DONE (dagitty)
Running phase: fixupPhase
checking for references to /private/tmp/nix-build-r-dagitty-0.3-4.drv-0/ in /nix/store/kjizqjkb6clydglh7nbxnz0z3ldpgm42-r-dagitty-0.3-4...
patching script interpreter paths in /nix/store/kjizqjkb6clydglh7nbxnz0z3ldpgm42-r-dagitty-0.3-4
rewriting symlink /nix/store/kjizqjkb6clydglh7nbxnz0z3ldpgm42-r-dagitty-0.3-4/nix-support/propagated-user-env-packages to be relative to /nix/store/kjizqjkb6clydglh7nbxnz0z3ldpgm42-r-dagitty-0.3-4
building '/nix/store/a7cq41ip0mqspdn1gmif65q2fgxylb68-r-ggdag-0.2.13.drv'...
Running phase: unpackPhase
unpacking source archive /nix/store/3564s243i22wgv97y9qlfgg93nszykx6-ggdag_0.2.13.tar.gz
source root is ggdag
setting SOURCE_DATE_EPOCH to timestamp 1721641810 of file ggdag/MD5
Running phase: patchPhase
Running phase: updateAutotoolsGnuConfigScriptsPhase
Running phase: configurePhase
Running phase: buildPhase
Running phase: checkPhase
Running phase: installPhase
* installing *source* package ‘ggdag’ ...
** package ‘ggdag’ correctement décompressé et sommes MD5 vérifiées
** using staged installation
** R
** inst
** byte-compile and prepare package for lazy loading
** help
*** installing help indices
*** copying figures
** building package indices
** installing vignettes
** testing if installed package can be loaded from temporary location
** testing if installed package can be loaded from final location
** testing if installed package keeps a record of temporary installation path
* DONE (ggdag)
Running phase: fixupPhase
checking for references to /private/tmp/nix-build-r-ggdag-0.2.13.drv-0/ in /nix/store/xkrf9r110xs6c2q7f172n3ms84nqwj1d-r-ggdag-0.2.13...
patching script interpreter paths in /nix/store/xkrf9r110xs6c2q7f172n3ms84nqwj1d-r-ggdag-0.2.13
rewriting symlink /nix/store/xkrf9r110xs6c2q7f172n3ms84nqwj1d-r-ggdag-0.2.13/nix-support/propagated-user-env-packages to be relative to /nix/store/xkrf9r110xs6c2q7f172n3ms84nqwj1d-r-ggdag-0.2.13
building '/nix/store/v21q057lb66qnhyiindajjvah51y0z0j-r-episensr-1.3.0.drv'...
Running phase: unpackPhase
unpacking source archive /nix/store/q8l6xa6z8z27k0x2v1dm5rrpiw0j0f92-episensr_1.3.0.tar.gz
source root is episensr
setting SOURCE_DATE_EPOCH to timestamp 1693387205 of file episensr/MD5
Running phase: patchPhase
Running phase: updateAutotoolsGnuConfigScriptsPhase
Running phase: configurePhase
Running phase: buildPhase
Running phase: checkPhase
Running phase: installPhase
* installing *source* package ‘episensr’ ...
** package ‘episensr’ correctement décompressé et sommes MD5 vérifiées
** using staged installation
** R
** inst
** byte-compile and prepare package for lazy loading
** help
*** installing help indices
*** copying figures
** building package indices
** installing vignettes
** testing if installed package can be loaded from temporary location
** testing if installed package can be loaded from final location
** testing if installed package keeps a record of temporary installation path
* DONE (episensr)
Running phase: fixupPhase
checking for references to /private/tmp/nix-build-r-episensr-1.3.0.drv-0/ in /nix/store/s16q7f8khpg313dbxrjv5lvs1h5nrh08-r-episensr-1.3.0...
patching script interpreter paths in /nix/store/s16q7f8khpg313dbxrjv5lvs1h5nrh08-r-episensr-1.3.0
rewriting symlink /nix/store/s16q7f8khpg313dbxrjv5lvs1h5nrh08-r-episensr-1.3.0/nix-support/propagated-user-env-packages to be relative to /nix/store/s16q7f8khpg313dbxrjv5lvs1h5nrh08-r-episensr-1.3.0
building '/nix/store/zzm2h6hr02cpsiivlb06n1gs038zw7vn-r-apisensr-1.0.0.drv'...
Running phase: unpackPhase
unpacking source archive /nix/store/pjghkj6lmcgmm2979zr8gjgajq407q63-apisensr_1.0.0.tar.gz
source root is apisensr
setting SOURCE_DATE_EPOCH to timestamp 1694016008 of file apisensr/MD5
Running phase: patchPhase
Running phase: updateAutotoolsGnuConfigScriptsPhase
Running phase: configurePhase
Running phase: buildPhase
Running phase: checkPhase
Running phase: installPhase
* installing *source* package ‘apisensr’ ...
** package ‘apisensr’ correctement décompressé et sommes MD5 vérifiées
** using staged installation
** R
** inst
** byte-compile and prepare package for lazy loading
** help
*** installing help indices
*** copying figures
** building package indices
** installing vignettes
** testing if installed package can be loaded from temporary location
** testing if installed package can be loaded from final location
** testing if installed package keeps a record of temporary installation path
* DONE (apisensr)
Running phase: fixupPhase
checking for references to /private/tmp/nix-build-r-apisensr-1.0.0.drv-0/ in /nix/store/5bp4vnqv2qzp3nw08fc9r9xji7rbcdl7-r-apisensr-1.0.0...
patching script interpreter paths in /nix/store/5bp4vnqv2qzp3nw08fc9r9xji7rbcdl7-r-apisensr-1.0.0
rewriting symlink /nix/store/5bp4vnqv2qzp3nw08fc9r9xji7rbcdl7-r-apisensr-1.0.0/nix-support/propagated-user-env-packages to be relative to /nix/store/5bp4vnqv2qzp3nw08fc9r9xji7rbcdl7-r-apisensr-1.0.0
