this derivation will be built:
  /nix/store/yjq2zqsblihmvgf7f2vvjpfxlr43rh7w-r-rgl.cry-0.1.1.drv
this path will be fetched (0.44 MiB download, 0.44 MiB unpacked):
  /nix/store/1cr6mmdv8ibnpcy9rwy4vmv78l2p9ryv-rgl.cry_0.1.1.tar.gz
copying path '/nix/store/1cr6mmdv8ibnpcy9rwy4vmv78l2p9ryv-rgl.cry_0.1.1.tar.gz' from 'https://cache.nixos.org'...
building '/nix/store/yjq2zqsblihmvgf7f2vvjpfxlr43rh7w-r-rgl.cry-0.1.1.drv'...
Running phase: unpackPhase
unpacking source archive /nix/store/1cr6mmdv8ibnpcy9rwy4vmv78l2p9ryv-rgl.cry_0.1.1.tar.gz
source root is rgl.cry
setting SOURCE_DATE_EPOCH to timestamp 1718293805 of file rgl.cry/MD5
Running phase: patchPhase
Running phase: updateAutotoolsGnuConfigScriptsPhase
Running phase: configurePhase
Running phase: buildPhase
Running phase: checkPhase
Running phase: installPhase
* installing *source* package ‘rgl.cry’ ...
** package ‘rgl.cry’ correctement décompressé et sommes MD5 vérifiées
** using staged installation
** R
** inst
** byte-compile and prepare package for lazy loading
** help
*** installing help indices
*** copying figures
** building package indices
** testing if installed package can be loaded from temporary location
** testing if installed package can be loaded from final location
** testing if installed package keeps a record of temporary installation path
* DONE (rgl.cry)
Running phase: fixupPhase
checking for references to /private/tmp/nix-build-r-rgl.cry-0.1.1.drv-0/ in /nix/store/vpp4h2y6mw41gq1mip07wraz4pmi0ljb-r-rgl.cry-0.1.1...
patching script interpreter paths in /nix/store/vpp4h2y6mw41gq1mip07wraz4pmi0ljb-r-rgl.cry-0.1.1
rewriting symlink /nix/store/vpp4h2y6mw41gq1mip07wraz4pmi0ljb-r-rgl.cry-0.1.1/nix-support/propagated-user-env-packages to be relative to /nix/store/vpp4h2y6mw41gq1mip07wraz4pmi0ljb-r-rgl.cry-0.1.1
