this derivation will be built:
  /nix/store/cgryrxmar4sm0bgixxmqcaqifs1jdraw-r-scorecard-0.4.4.drv
this path will be fetched (0.09 MiB download, 0.09 MiB unpacked):
  /nix/store/hxsz0g2c57g7v8xiz2qik7c827bv6fw5-scorecard_0.4.4.tar.gz
copying path '/nix/store/hxsz0g2c57g7v8xiz2qik7c827bv6fw5-scorecard_0.4.4.tar.gz' from 'https://cache.nixos.org'...
building '/nix/store/cgryrxmar4sm0bgixxmqcaqifs1jdraw-r-scorecard-0.4.4.drv'...
Running phase: unpackPhase
unpacking source archive /nix/store/hxsz0g2c57g7v8xiz2qik7c827bv6fw5-scorecard_0.4.4.tar.gz
source root is scorecard
setting SOURCE_DATE_EPOCH to timestamp 1712988602 of file scorecard/MD5
Running phase: patchPhase
Running phase: updateAutotoolsGnuConfigScriptsPhase
Running phase: configurePhase
Running phase: buildPhase
Running phase: checkPhase
Running phase: installPhase
* installing *source* package ‘scorecard’ ...
** package ‘scorecard’ correctement décompressé et sommes MD5 vérifiées
** using staged installation
** R
** data
*** moving datasets to lazyload DB
** inst
** byte-compile and prepare package for lazy loading
** help
*** installing help indices
** building package indices
** installing vignettes
** testing if installed package can be loaded from temporary location
** testing if installed package can be loaded from final location
** testing if installed package keeps a record of temporary installation path
* DONE (scorecard)
Running phase: fixupPhase
checking for references to /private/tmp/nix-build-r-scorecard-0.4.4.drv-0/ in /nix/store/8kfldcg3g7jfh1d3pv2hhnpwkl8pc03h-r-scorecard-0.4.4...
patching script interpreter paths in /nix/store/8kfldcg3g7jfh1d3pv2hhnpwkl8pc03h-r-scorecard-0.4.4
rewriting symlink /nix/store/8kfldcg3g7jfh1d3pv2hhnpwkl8pc03h-r-scorecard-0.4.4/nix-support/propagated-user-env-packages to be relative to /nix/store/8kfldcg3g7jfh1d3pv2hhnpwkl8pc03h-r-scorecard-0.4.4
