this derivation will be built:
  /nix/store/bb2vymkpfza1w00qp2zzhxf3fp7n9d38-r-lsbs-0.1.drv
this path will be fetched (0.00 MiB download, 0.00 MiB unpacked):
  /nix/store/vi95bkkzh2jw3zz7jlx7zslgp3ijp59l-lsbs_0.1.tar.gz
copying path '/nix/store/vi95bkkzh2jw3zz7jlx7zslgp3ijp59l-lsbs_0.1.tar.gz' from 'https://cache.nixos.org'...
building '/nix/store/bb2vymkpfza1w00qp2zzhxf3fp7n9d38-r-lsbs-0.1.drv'...
Running phase: unpackPhase
unpacking source archive /nix/store/vi95bkkzh2jw3zz7jlx7zslgp3ijp59l-lsbs_0.1.tar.gz
source root is lsbs
setting SOURCE_DATE_EPOCH to timestamp 1540567803 of file lsbs/MD5
Running phase: patchPhase
Running phase: updateAutotoolsGnuConfigScriptsPhase
Running phase: configurePhase
Running phase: buildPhase
Running phase: checkPhase
Running phase: installPhase
* installing *source* package ‘lsbs’ ...
** package ‘lsbs’ correctement décompressé et sommes MD5 vérifiées
** using staged installation
** R
** byte-compile and prepare package for lazy loading
** help
*** installing help indices
** building package indices
** testing if installed package can be loaded from temporary location
** testing if installed package can be loaded from final location
** testing if installed package keeps a record of temporary installation path
* DONE (lsbs)
Running phase: fixupPhase
checking for references to /private/tmp/nix-build-r-lsbs-0.1.drv-0/ in /nix/store/i2z85cr81hlf72nv720fwljspbp7qw5n-r-lsbs-0.1...
patching script interpreter paths in /nix/store/i2z85cr81hlf72nv720fwljspbp7qw5n-r-lsbs-0.1
rewriting symlink /nix/store/i2z85cr81hlf72nv720fwljspbp7qw5n-r-lsbs-0.1/nix-support/propagated-user-env-packages to be relative to /nix/store/i2z85cr81hlf72nv720fwljspbp7qw5n-r-lsbs-0.1
