this derivation will be built:
  /nix/store/jinijlnzg8486zrzlkjziqc9l36haanj-r-LMPdata-0.1.0.drv
this path will be fetched (0.00 MiB download, 0.00 MiB unpacked):
  /nix/store/li94xdxlzhbvlpk8wn7gky2y1vavycw7-LMPdata_0.1.0.tar.gz
copying path '/nix/store/li94xdxlzhbvlpk8wn7gky2y1vavycw7-LMPdata_0.1.0.tar.gz' from 'https://cache.nixos.org'...
building '/nix/store/jinijlnzg8486zrzlkjziqc9l36haanj-r-LMPdata-0.1.0.drv'...
Running phase: unpackPhase
unpacking source archive /nix/store/li94xdxlzhbvlpk8wn7gky2y1vavycw7-LMPdata_0.1.0.tar.gz
source root is LMPdata
setting SOURCE_DATE_EPOCH to timestamp 1721344210 of file LMPdata/MD5
Running phase: patchPhase
Running phase: updateAutotoolsGnuConfigScriptsPhase
Running phase: configurePhase
Running phase: buildPhase
Running phase: checkPhase
Running phase: installPhase
* installing *source* package ‘LMPdata’ ...
** package ‘LMPdata’ correctement décompressé et sommes MD5 vérifiées
** using staged installation
** R
** byte-compile and prepare package for lazy loading
** help
*** installing help indices
** building package indices
** testing if installed package can be loaded from temporary location
** testing if installed package can be loaded from final location
** testing if installed package keeps a record of temporary installation path
* DONE (LMPdata)
Running phase: fixupPhase
checking for references to /private/tmp/nix-build-r-LMPdata-0.1.0.drv-0/ in /nix/store/mz8p4wi5xx8zn454gjwdj0r9k5d5x11h-r-LMPdata-0.1.0...
patching script interpreter paths in /nix/store/mz8p4wi5xx8zn454gjwdj0r9k5d5x11h-r-LMPdata-0.1.0
rewriting symlink /nix/store/mz8p4wi5xx8zn454gjwdj0r9k5d5x11h-r-LMPdata-0.1.0/nix-support/propagated-user-env-packages to be relative to /nix/store/mz8p4wi5xx8zn454gjwdj0r9k5d5x11h-r-LMPdata-0.1.0
