this derivation will be built:
  /nix/store/3k4lrcfcar3f7x4s9nc6j55s3zsxl7bh-r-sonify-0.0-1.drv
this path will be fetched (0.00 MiB download, 0.00 MiB unpacked):
  /nix/store/1dyawjk5sv5v51y29srkpz5kgch7rjwl-sonify_0.0-1.tar.gz
copying path '/nix/store/1dyawjk5sv5v51y29srkpz5kgch7rjwl-sonify_0.0-1.tar.gz' from 'https://cache.nixos.org'...
building '/nix/store/3k4lrcfcar3f7x4s9nc6j55s3zsxl7bh-r-sonify-0.0-1.drv'...
Running phase: unpackPhase
unpacking source archive /nix/store/1dyawjk5sv5v51y29srkpz5kgch7rjwl-sonify_0.0-1.tar.gz
source root is sonify
setting SOURCE_DATE_EPOCH to timestamp 1485961932 of file sonify/MD5
Running phase: patchPhase
Running phase: updateAutotoolsGnuConfigScriptsPhase
Running phase: configurePhase
Running phase: buildPhase
Running phase: checkPhase
Running phase: installPhase
* installing *source* package ‘sonify’ ...
** package ‘sonify’ correctement décompressé et sommes MD5 vérifiées
** using staged installation
** R
** byte-compile and prepare package for lazy loading
** help
*** installing help indices
** building package indices
** testing if installed package can be loaded from temporary location
** testing if installed package can be loaded from final location
** testing if installed package keeps a record of temporary installation path
* DONE (sonify)
Running phase: fixupPhase
checking for references to /private/tmp/nix-build-r-sonify-0.0-1.drv-0/ in /nix/store/4c1w3a7bjqdz6rxrib13yziahiw456k0-r-sonify-0.0-1...
patching script interpreter paths in /nix/store/4c1w3a7bjqdz6rxrib13yziahiw456k0-r-sonify-0.0-1
rewriting symlink /nix/store/4c1w3a7bjqdz6rxrib13yziahiw456k0-r-sonify-0.0-1/nix-support/propagated-user-env-packages to be relative to /nix/store/4c1w3a7bjqdz6rxrib13yziahiw456k0-r-sonify-0.0-1
