this derivation will be built:
  /nix/store/smpm3hrmgh8hfxb6ybn2959iw5c9rbbz-r-Phase12Compare-1.5.drv
this path will be fetched (0.03 MiB download, 0.03 MiB unpacked):
  /nix/store/v3njr5dw0clp817kn2xg5wiq3n9935r0-Phase12Compare_1.5.tar.gz
copying path '/nix/store/v3njr5dw0clp817kn2xg5wiq3n9935r0-Phase12Compare_1.5.tar.gz' from 'https://cache.nixos.org'...
building '/nix/store/smpm3hrmgh8hfxb6ybn2959iw5c9rbbz-r-Phase12Compare-1.5.drv'...
Running phase: unpackPhase
unpacking source archive /nix/store/v3njr5dw0clp817kn2xg5wiq3n9935r0-Phase12Compare_1.5.tar.gz
source root is Phase12Compare
setting SOURCE_DATE_EPOCH to timestamp 1596214802 of file Phase12Compare/MD5
Running phase: patchPhase
Running phase: updateAutotoolsGnuConfigScriptsPhase
Running phase: configurePhase
Running phase: buildPhase
Running phase: checkPhase
Running phase: installPhase
* installing *source* package ‘Phase12Compare’ ...
** package ‘Phase12Compare’ correctement décompressé et sommes MD5 vérifiées
** using staged installation
** libs
using C++ compiler: ‘clang version 16.0.6’
using SDK: ‘’
/nix/store/v39c0h6xv6hvki2k1bsyp5n090q8y2bp-clang-wrapper-16.0.6/bin/c++ -std=gnu++17 -I"/nix/store/lir8rmsk7dxbj7v1spqmv69z4mafg16l-R-4.4.2/lib/R/include" -DNDEBUG  -I'/nix/store/da7yi2xf3argx9hlnn3f0k95b8y1yx2l-r-Rcpp-1.0.13-1/library/Rcpp/include' -I'/nix/store/4w8j39mxla47i5piv5f0z7cwxnb50wds-r-RcppArmadillo-14.2.0-1/library/RcppArmadillo/include' -isystem /nix/store/0mmz5i705116bfykc7i1r9jxqwyghj2a-libcxx-16.0.6-dev/include/c++/v1    -fPIC  -g -O2   -c RcppExports.cpp -o RcppExports.o
/nix/store/v39c0h6xv6hvki2k1bsyp5n090q8y2bp-clang-wrapper-16.0.6/bin/c++ -std=gnu++17 -I"/nix/store/lir8rmsk7dxbj7v1spqmv69z4mafg16l-R-4.4.2/lib/R/include" -DNDEBUG  -I'/nix/store/da7yi2xf3argx9hlnn3f0k95b8y1yx2l-r-Rcpp-1.0.13-1/library/Rcpp/include' -I'/nix/store/4w8j39mxla47i5piv5f0z7cwxnb50wds-r-RcppArmadillo-14.2.0-1/library/RcppArmadillo/include' -isystem /nix/store/0mmz5i705116bfykc7i1r9jxqwyghj2a-libcxx-16.0.6-dev/include/c++/v1    -fPIC  -g -O2   -c SPSOCODE.cpp -o SPSOCODE.o
/nix/store/v39c0h6xv6hvki2k1bsyp5n090q8y2bp-clang-wrapper-16.0.6/bin/c++ -std=gnu++17 -dynamiclib -Wl,-headerpad_max_install_names -undefined dynamic_lookup -L/nix/store/lir8rmsk7dxbj7v1spqmv69z4mafg16l-R-4.4.2/lib/R/lib -L/nix/store/88xkgzh5g9xppsg3hdxxxh9q43rnxk6k-libcxx-16.0.6/lib -o Phase12Compare.so RcppExports.o SPSOCODE.o -L/nix/store/lir8rmsk7dxbj7v1spqmv69z4mafg16l-R-4.4.2/lib/R/lib -lR -lintl -Wl,-framework -Wl,CoreFoundation
installing to /nix/store/h58snsjbqf25nrqdwfmry1kyw50c5r9v-r-Phase12Compare-1.5/library/00LOCK-Phase12Compare/00new/Phase12Compare/libs
** R
** byte-compile and prepare package for lazy loading
** help
*** installing help indices
** building package indices
** testing if installed package can be loaded from temporary location
** checking absolute paths in shared objects and dynamic libraries
** testing if installed package can be loaded from final location
** testing if installed package keeps a record of temporary installation path
* DONE (Phase12Compare)
Running phase: fixupPhase
checking for references to /private/tmp/nix-build-r-Phase12Compare-1.5.drv-0/ in /nix/store/h58snsjbqf25nrqdwfmry1kyw50c5r9v-r-Phase12Compare-1.5...
patching script interpreter paths in /nix/store/h58snsjbqf25nrqdwfmry1kyw50c5r9v-r-Phase12Compare-1.5
rewriting symlink /nix/store/h58snsjbqf25nrqdwfmry1kyw50c5r9v-r-Phase12Compare-1.5/nix-support/propagated-user-env-packages to be relative to /nix/store/h58snsjbqf25nrqdwfmry1kyw50c5r9v-r-Phase12Compare-1.5
