this derivation will be built:
  /nix/store/x8hqalci6zix4ij63swx1ldihw7f0qcw-r-LCFdata-2.0.drv
this path will be fetched (1.62 MiB download, 1.62 MiB unpacked):
  /nix/store/k8gcb1zafmjac55y7gy4r548j569ikcv-LCFdata_2.0.tar.gz
copying path '/nix/store/k8gcb1zafmjac55y7gy4r548j569ikcv-LCFdata_2.0.tar.gz' from 'https://cache.nixos.org'...
building '/nix/store/x8hqalci6zix4ij63swx1ldihw7f0qcw-r-LCFdata-2.0.drv'...
Running phase: unpackPhase
unpacking source archive /nix/store/k8gcb1zafmjac55y7gy4r548j569ikcv-LCFdata_2.0.tar.gz
source root is LCFdata
setting SOURCE_DATE_EPOCH to timestamp 1385623303 of file LCFdata/MD5
Running phase: patchPhase
Running phase: updateAutotoolsGnuConfigScriptsPhase
Running phase: configurePhase
Running phase: buildPhase
Running phase: checkPhase
Running phase: installPhase
* installing *source* package ‘LCFdata’ ...
** package ‘LCFdata’ correctement décompressé et sommes MD5 vérifiées
** using staged installation
** data
** help
*** installing help indices
** building package indices
** testing if installed package can be loaded from temporary location
** testing if installed package can be loaded from final location
** testing if installed package keeps a record of temporary installation path
* DONE (LCFdata)
Running phase: fixupPhase
checking for references to /private/tmp/nix-build-r-LCFdata-2.0.drv-0/ in /nix/store/7vawb9lp3la9hj5xjmvkgjg3335mm52m-r-LCFdata-2.0...
patching script interpreter paths in /nix/store/7vawb9lp3la9hj5xjmvkgjg3335mm52m-r-LCFdata-2.0
