this derivation will be built:
  /nix/store/rgqrl3hc93inb6xj98wazh40ncqgc0wm-r-Perc-0.1.6.drv
this path will be fetched (0.14 MiB download, 0.14 MiB unpacked):
  /nix/store/g9iingdm22119llc6nn0qfx4fixzjzf4-Perc_0.1.6.tar.gz
copying path '/nix/store/g9iingdm22119llc6nn0qfx4fixzjzf4-Perc_0.1.6.tar.gz' from 'https://cache.nixos.org'...
building '/nix/store/rgqrl3hc93inb6xj98wazh40ncqgc0wm-r-Perc-0.1.6.drv'...
Running phase: unpackPhase
unpacking source archive /nix/store/g9iingdm22119llc6nn0qfx4fixzjzf4-Perc_0.1.6.tar.gz
source root is Perc
setting SOURCE_DATE_EPOCH to timestamp 1620768135 of file Perc/MD5
Running phase: patchPhase
Running phase: updateAutotoolsGnuConfigScriptsPhase
Running phase: configurePhase
Running phase: buildPhase
Running phase: checkPhase
Running phase: installPhase
* installing *source* package ‘Perc’ ...
** package ‘Perc’ correctement décompressé et sommes MD5 vérifiées
** using staged installation
** R
** data
*** moving datasets to lazyload DB
** inst
** byte-compile and prepare package for lazy loading
** help
*** installing help indices
** building package indices
** installing vignettes
** testing if installed package can be loaded from temporary location
** testing if installed package can be loaded from final location
** testing if installed package keeps a record of temporary installation path
* DONE (Perc)
Running phase: fixupPhase
checking for references to /private/tmp/nix-build-r-Perc-0.1.6.drv-0/ in /nix/store/27693chnp8pa1wc08mqnbz6xd05yb08x-r-Perc-0.1.6...
patching script interpreter paths in /nix/store/27693chnp8pa1wc08mqnbz6xd05yb08x-r-Perc-0.1.6
