this derivation will be built:
  /nix/store/iyfw8s2k2sq3gybkacljlgni1g5p9pva-r-AirExposure-1.0.drv
building '/nix/store/iyfw8s2k2sq3gybkacljlgni1g5p9pva-r-AirExposure-1.0.drv'...
Running phase: unpackPhase
unpacking source archive /nix/store/lkd2x87xwmrjmxbzfvb3ddr4x4rvr9ww-AirExposure_1.0.tar.gz
source root is AirExposure
setting SOURCE_DATE_EPOCH to timestamp 1724958005 of file AirExposure/MD5
Running phase: patchPhase
Running phase: updateAutotoolsGnuConfigScriptsPhase
Running phase: configurePhase
Running phase: buildPhase
Running phase: checkPhase
Running phase: installPhase
* installing *source* package ‘AirExposure’ ...
** package ‘AirExposure’ correctement décompressé et sommes MD5 vérifiées
** using staged installation
** R
** byte-compile and prepare package for lazy loading
** help
*** installing help indices
** building package indices
** testing if installed package can be loaded from temporary location
** testing if installed package can be loaded from final location
** testing if installed package keeps a record of temporary installation path
* DONE (AirExposure)
Running phase: fixupPhase
checking for references to /private/tmp/nix-build-r-AirExposure-1.0.drv-0/ in /nix/store/6q8qiq3g93yrx7p23ldjl1x829c3g0rh-r-AirExposure-1.0...
patching script interpreter paths in /nix/store/6q8qiq3g93yrx7p23ldjl1x829c3g0rh-r-AirExposure-1.0
rewriting symlink /nix/store/6q8qiq3g93yrx7p23ldjl1x829c3g0rh-r-AirExposure-1.0/nix-support/propagated-user-env-packages to be relative to /nix/store/6q8qiq3g93yrx7p23ldjl1x829c3g0rh-r-AirExposure-1.0
