this derivation will be built:
  /nix/store/2c31174fx9kg0qgq8hkvfzpfhnawk1n4-r-SIAmodules-0.1.1.drv
this path will be fetched (1.09 MiB download, 1.09 MiB unpacked):
  /nix/store/vfqkcn8fn8hy8rlanmbcrc139am5ykn1-SIAmodules_0.1.1.tar.gz
copying path '/nix/store/vfqkcn8fn8hy8rlanmbcrc139am5ykn1-SIAmodules_0.1.1.tar.gz' from 'https://cache.nixos.org'...
building '/nix/store/2c31174fx9kg0qgq8hkvfzpfhnawk1n4-r-SIAmodules-0.1.1.drv'...
Running phase: unpackPhase
unpacking source archive /nix/store/vfqkcn8fn8hy8rlanmbcrc139am5ykn1-SIAmodules_0.1.1.tar.gz
source root is SIAmodules
setting SOURCE_DATE_EPOCH to timestamp 1713865802 of file SIAmodules/MD5
Running phase: patchPhase
Running phase: updateAutotoolsGnuConfigScriptsPhase
Running phase: configurePhase
Running phase: buildPhase
Running phase: checkPhase
Running phase: installPhase
* installing *source* package ‘SIAmodules’ ...
** package ‘SIAmodules’ correctement décompressé et sommes MD5 vérifiées
** using staged installation
** R
** inst
** byte-compile and prepare package for lazy loading
** help
*** installing help indices
*** copying figures
** building package indices
** testing if installed package can be loaded from temporary location
** testing if installed package can be loaded from final location
** testing if installed package keeps a record of temporary installation path
* DONE (SIAmodules)
Running phase: fixupPhase
checking for references to /private/tmp/nix-build-r-SIAmodules-0.1.1.drv-0/ in /nix/store/i00n5a61swgspjcicgyvwp2llxm0izrx-r-SIAmodules-0.1.1...
patching script interpreter paths in /nix/store/i00n5a61swgspjcicgyvwp2llxm0izrx-r-SIAmodules-0.1.1
rewriting symlink /nix/store/i00n5a61swgspjcicgyvwp2llxm0izrx-r-SIAmodules-0.1.1/nix-support/propagated-user-env-packages to be relative to /nix/store/i00n5a61swgspjcicgyvwp2llxm0izrx-r-SIAmodules-0.1.1
