these 2 derivations will be built:
  /nix/store/d0ga5ysmzk935rnam7gnmri07v18z1hr-r-rcarbon-1.5.1.drv
  /nix/store/m2i2j06q3gs89dy5r3dqssqgg1i87kng-r-nimbleCarbon-0.2.5.drv
these 2 paths will be fetched (1.95 MiB download, 1.95 MiB unpacked):
  /nix/store/pawlnz15728bkdvgnd5kv1glf5slcg9h-nimbleCarbon_0.2.5.tar.gz
  /nix/store/g7c8bfbjc88zfbpx3wxj0bn329jdbz7b-rcarbon_1.5.1.tar.gz
copying path '/nix/store/pawlnz15728bkdvgnd5kv1glf5slcg9h-nimbleCarbon_0.2.5.tar.gz' from 'https://cache.nixos.org'...
copying path '/nix/store/g7c8bfbjc88zfbpx3wxj0bn329jdbz7b-rcarbon_1.5.1.tar.gz' from 'https://cache.nixos.org'...
building '/nix/store/d0ga5ysmzk935rnam7gnmri07v18z1hr-r-rcarbon-1.5.1.drv'...
Running phase: unpackPhase
unpacking source archive /nix/store/g7c8bfbjc88zfbpx3wxj0bn329jdbz7b-rcarbon_1.5.1.tar.gz
source root is rcarbon
setting SOURCE_DATE_EPOCH to timestamp 1692876010 of file rcarbon/MD5
Running phase: patchPhase
Running phase: updateAutotoolsGnuConfigScriptsPhase
Running phase: configurePhase
Running phase: buildPhase
Running phase: checkPhase
Running phase: installPhase
* installing *source* package ‘rcarbon’ ...
** package ‘rcarbon’ correctement décompressé et sommes MD5 vérifiées
** using staged installation
** R
** data
*** moving datasets to lazyload DB
** inst
** byte-compile and prepare package for lazy loading
** help
*** installing help indices
** building package indices
** installing vignettes
** testing if installed package can be loaded from temporary location
** testing if installed package can be loaded from final location
** testing if installed package keeps a record of temporary installation path
* DONE (rcarbon)
Running phase: fixupPhase
checking for references to /private/tmp/nix-build-r-rcarbon-1.5.1.drv-0/ in /nix/store/gqj6q3g0d7q1x6y058gxjv7ly17y2170-r-rcarbon-1.5.1...
patching script interpreter paths in /nix/store/gqj6q3g0d7q1x6y058gxjv7ly17y2170-r-rcarbon-1.5.1
rewriting symlink /nix/store/gqj6q3g0d7q1x6y058gxjv7ly17y2170-r-rcarbon-1.5.1/nix-support/propagated-user-env-packages to be relative to /nix/store/gqj6q3g0d7q1x6y058gxjv7ly17y2170-r-rcarbon-1.5.1
building '/nix/store/m2i2j06q3gs89dy5r3dqssqgg1i87kng-r-nimbleCarbon-0.2.5.drv'...
Running phase: unpackPhase
unpacking source archive /nix/store/pawlnz15728bkdvgnd5kv1glf5slcg9h-nimbleCarbon_0.2.5.tar.gz
source root is nimbleCarbon
setting SOURCE_DATE_EPOCH to timestamp 1692010802 of file nimbleCarbon/MD5
Running phase: patchPhase
Running phase: updateAutotoolsGnuConfigScriptsPhase
Running phase: configurePhase
Running phase: buildPhase
Running phase: checkPhase
Running phase: installPhase
* installing *source* package ‘nimbleCarbon’ ...
** package ‘nimbleCarbon’ correctement décompressé et sommes MD5 vérifiées
** using staged installation
** R
** data
*** moving datasets to lazyload DB
** inst
** byte-compile and prepare package for lazy loading
** help
*** installing help indices
** building package indices
** installing vignettes
** testing if installed package can be loaded from temporary location
** testing if installed package can be loaded from final location
** testing if installed package keeps a record of temporary installation path
* DONE (nimbleCarbon)
Running phase: fixupPhase
checking for references to /private/tmp/nix-build-r-nimbleCarbon-0.2.5.drv-0/ in /nix/store/ax9qrc0424zz657v527xp0nhvd7dw5ki-r-nimbleCarbon-0.2.5...
patching script interpreter paths in /nix/store/ax9qrc0424zz657v527xp0nhvd7dw5ki-r-nimbleCarbon-0.2.5
rewriting symlink /nix/store/ax9qrc0424zz657v527xp0nhvd7dw5ki-r-nimbleCarbon-0.2.5/nix-support/propagated-user-env-packages to be relative to /nix/store/ax9qrc0424zz657v527xp0nhvd7dw5ki-r-nimbleCarbon-0.2.5
