this derivation will be built:
  /nix/store/9cjb222lf6mghsx78lycg3dp28fljq21-r-r3dmol-0.1.2.drv
this path will be fetched (3.17 MiB download, 3.52 MiB unpacked):
  /nix/store/3p4r3r9gr505jjx97230qgwgwc1h9zkc-r3dmol_0.1.2.tar.gz
copying path '/nix/store/3p4r3r9gr505jjx97230qgwgwc1h9zkc-r3dmol_0.1.2.tar.gz' from 'https://cache.nixos.org'...
building '/nix/store/9cjb222lf6mghsx78lycg3dp28fljq21-r-r3dmol-0.1.2.drv'...
Running phase: unpackPhase
unpacking source archive /nix/store/3p4r3r9gr505jjx97230qgwgwc1h9zkc-r3dmol_0.1.2.tar.gz
source root is r3dmol
setting SOURCE_DATE_EPOCH to timestamp 1615734602 of file r3dmol/MD5
Running phase: patchPhase
Running phase: updateAutotoolsGnuConfigScriptsPhase
Running phase: configurePhase
Running phase: buildPhase
Running phase: checkPhase
Running phase: installPhase
* installing *source* package ‘r3dmol’ ...
** package ‘r3dmol’ correctement décompressé et sommes MD5 vérifiées
** using staged installation
** R
** data
*** moving datasets to lazyload DB
** inst
** byte-compile and prepare package for lazy loading
** help
*** installing help indices
** building package indices
** installing vignettes
** testing if installed package can be loaded from temporary location
** testing if installed package can be loaded from final location
** testing if installed package keeps a record of temporary installation path
* DONE (r3dmol)
Running phase: fixupPhase
checking for references to /private/tmp/nix-build-r-r3dmol-0.1.2.drv-0/ in /nix/store/hqzw3g41kj5lvbz4cmswkbs3bpkwh44b-r-r3dmol-0.1.2...
patching script interpreter paths in /nix/store/hqzw3g41kj5lvbz4cmswkbs3bpkwh44b-r-r3dmol-0.1.2
rewriting symlink /nix/store/hqzw3g41kj5lvbz4cmswkbs3bpkwh44b-r-r3dmol-0.1.2/nix-support/propagated-user-env-packages to be relative to /nix/store/hqzw3g41kj5lvbz4cmswkbs3bpkwh44b-r-r3dmol-0.1.2
