this derivation will be built:
  /nix/store/022nr472kdryzj4mapz3jxfp3cwg6dnx-r-ImpactEffectsize-0.7.drv
this path will be fetched (0.33 MiB download, 0.33 MiB unpacked):
  /nix/store/aqhagzamhb9rjvv54ai29wzzavymgqrq-ImpactEffectsize_0.7.tar.gz
copying path '/nix/store/aqhagzamhb9rjvv54ai29wzzavymgqrq-ImpactEffectsize_0.7.tar.gz' from 'https://cache.nixos.org'...
building '/nix/store/022nr472kdryzj4mapz3jxfp3cwg6dnx-r-ImpactEffectsize-0.7.drv'...
Running phase: unpackPhase
unpacking source archive /nix/store/aqhagzamhb9rjvv54ai29wzzavymgqrq-ImpactEffectsize_0.7.tar.gz
source root is ImpactEffectsize
setting SOURCE_DATE_EPOCH to timestamp 1713111602 of file ImpactEffectsize/MD5
Running phase: patchPhase
Running phase: updateAutotoolsGnuConfigScriptsPhase
Running phase: configurePhase
Running phase: buildPhase
Running phase: checkPhase
Running phase: installPhase
* installing *source* package ‘ImpactEffectsize’ ...
** package ‘ImpactEffectsize’ correctement décompressé et sommes MD5 vérifiées
** using staged installation
** libs
using C++ compiler: ‘clang version 16.0.6’
using SDK: ‘’
/nix/store/v39c0h6xv6hvki2k1bsyp5n090q8y2bp-clang-wrapper-16.0.6/bin/c++ -std=gnu++17 -I"/nix/store/lir8rmsk7dxbj7v1spqmv69z4mafg16l-R-4.4.2/lib/R/include" -DNDEBUG  -I'/nix/store/da7yi2xf3argx9hlnn3f0k95b8y1yx2l-r-Rcpp-1.0.13-1/library/Rcpp/include' -isystem /nix/store/0mmz5i705116bfykc7i1r9jxqwyghj2a-libcxx-16.0.6-dev/include/c++/v1    -fPIC  -g -O2   -c RcppExports.cpp -o RcppExports.o
/nix/store/v39c0h6xv6hvki2k1bsyp5n090q8y2bp-clang-wrapper-16.0.6/bin/c++ -std=gnu++17 -I"/nix/store/lir8rmsk7dxbj7v1spqmv69z4mafg16l-R-4.4.2/lib/R/include" -DNDEBUG  -I'/nix/store/da7yi2xf3argx9hlnn3f0k95b8y1yx2l-r-Rcpp-1.0.13-1/library/Rcpp/include' -isystem /nix/store/0mmz5i705116bfykc7i1r9jxqwyghj2a-libcxx-16.0.6-dev/include/c++/v1    -fPIC  -g -O2   -c c_gmd.cpp -o c_gmd.o
/nix/store/v39c0h6xv6hvki2k1bsyp5n090q8y2bp-clang-wrapper-16.0.6/bin/c++ -std=gnu++17 -I"/nix/store/lir8rmsk7dxbj7v1spqmv69z4mafg16l-R-4.4.2/lib/R/include" -DNDEBUG  -I'/nix/store/da7yi2xf3argx9hlnn3f0k95b8y1yx2l-r-Rcpp-1.0.13-1/library/Rcpp/include' -isystem /nix/store/0mmz5i705116bfykc7i1r9jxqwyghj2a-libcxx-16.0.6-dev/include/c++/v1    -fPIC  -g -O2   -c c_median.cpp -o c_median.o
/nix/store/v39c0h6xv6hvki2k1bsyp5n090q8y2bp-clang-wrapper-16.0.6/bin/c++ -std=gnu++17 -I"/nix/store/lir8rmsk7dxbj7v1spqmv69z4mafg16l-R-4.4.2/lib/R/include" -DNDEBUG  -I'/nix/store/da7yi2xf3argx9hlnn3f0k95b8y1yx2l-r-Rcpp-1.0.13-1/library/Rcpp/include' -isystem /nix/store/0mmz5i705116bfykc7i1r9jxqwyghj2a-libcxx-16.0.6-dev/include/c++/v1    -fPIC  -g -O2   -c c_quantile.cpp -o c_quantile.o
/nix/store/v39c0h6xv6hvki2k1bsyp5n090q8y2bp-clang-wrapper-16.0.6/bin/c++ -std=gnu++17 -dynamiclib -Wl,-headerpad_max_install_names -undefined dynamic_lookup -L/nix/store/lir8rmsk7dxbj7v1spqmv69z4mafg16l-R-4.4.2/lib/R/lib -L/nix/store/88xkgzh5g9xppsg3hdxxxh9q43rnxk6k-libcxx-16.0.6/lib -o ImpactEffectsize.so RcppExports.o c_gmd.o c_median.o c_quantile.o -L/nix/store/lir8rmsk7dxbj7v1spqmv69z4mafg16l-R-4.4.2/lib/R/lib -lR -lintl -Wl,-framework -Wl,CoreFoundation
installing to /nix/store/j0703m98x2pvvvvwl1xmc7bnp61dyyhx-r-ImpactEffectsize-0.7/library/00LOCK-ImpactEffectsize/00new/ImpactEffectsize/libs
** R
** data
*** moving datasets to lazyload DB
** inst
** byte-compile and prepare package for lazy loading
** help
*** installing help indices
** building package indices
** testing if installed package can be loaded from temporary location
** checking absolute paths in shared objects and dynamic libraries
** testing if installed package can be loaded from final location
** testing if installed package keeps a record of temporary installation path
* DONE (ImpactEffectsize)
Running phase: fixupPhase
checking for references to /private/tmp/nix-build-r-ImpactEffectsize-0.7.drv-0/ in /nix/store/j0703m98x2pvvvvwl1xmc7bnp61dyyhx-r-ImpactEffectsize-0.7...
patching script interpreter paths in /nix/store/j0703m98x2pvvvvwl1xmc7bnp61dyyhx-r-ImpactEffectsize-0.7
rewriting symlink /nix/store/j0703m98x2pvvvvwl1xmc7bnp61dyyhx-r-ImpactEffectsize-0.7/nix-support/propagated-user-env-packages to be relative to /nix/store/j0703m98x2pvvvvwl1xmc7bnp61dyyhx-r-ImpactEffectsize-0.7
