this derivation will be built:
  /nix/store/jhvb3brk0daadsxlvcf14zn9hnyrzb7b-r-reactablefmtr-2.0.0.drv
this path will be fetched (0.09 MiB download, 0.09 MiB unpacked):
  /nix/store/shlrvh3aj34a3k28v720b8ahwh0z2da6-reactablefmtr_2.0.0.tar.gz
copying path '/nix/store/shlrvh3aj34a3k28v720b8ahwh0z2da6-reactablefmtr_2.0.0.tar.gz' from 'https://cache.nixos.org'...
building '/nix/store/jhvb3brk0daadsxlvcf14zn9hnyrzb7b-r-reactablefmtr-2.0.0.drv'...
Running phase: unpackPhase
unpacking source archive /nix/store/shlrvh3aj34a3k28v720b8ahwh0z2da6-reactablefmtr_2.0.0.tar.gz
source root is reactablefmtr
setting SOURCE_DATE_EPOCH to timestamp 1647417002 of file reactablefmtr/MD5
Running phase: patchPhase
Running phase: updateAutotoolsGnuConfigScriptsPhase
Running phase: configurePhase
Running phase: buildPhase
Running phase: checkPhase
Running phase: installPhase
* installing *source* package ‘reactablefmtr’ ...
** package ‘reactablefmtr’ correctement décompressé et sommes MD5 vérifiées
** using staged installation
** R
** byte-compile and prepare package for lazy loading
** help
*** installing help indices
** building package indices
** testing if installed package can be loaded from temporary location
** testing if installed package can be loaded from final location
** testing if installed package keeps a record of temporary installation path
* DONE (reactablefmtr)
Running phase: fixupPhase
checking for references to /private/tmp/nix-build-r-reactablefmtr-2.0.0.drv-0/ in /nix/store/a0gx9i3ykdy1mb8kc0651lc0pxp82k3x-r-reactablefmtr-2.0.0...
patching script interpreter paths in /nix/store/a0gx9i3ykdy1mb8kc0651lc0pxp82k3x-r-reactablefmtr-2.0.0
rewriting symlink /nix/store/a0gx9i3ykdy1mb8kc0651lc0pxp82k3x-r-reactablefmtr-2.0.0/nix-support/propagated-user-env-packages to be relative to /nix/store/a0gx9i3ykdy1mb8kc0651lc0pxp82k3x-r-reactablefmtr-2.0.0
