this derivation will be built:
  /nix/store/p0knb07dxp0rpad1sa4cj1fkip1fm19a-r-kinematics-1.0.0.drv
this path will be fetched (0.64 MiB download, 0.64 MiB unpacked):
  /nix/store/3rcmc8570l7qjzw4s5ds2f3gmgyd3s92-kinematics_1.0.0.tar.gz
copying path '/nix/store/3rcmc8570l7qjzw4s5ds2f3gmgyd3s92-kinematics_1.0.0.tar.gz' from 'https://cache.nixos.org'...
building '/nix/store/p0knb07dxp0rpad1sa4cj1fkip1fm19a-r-kinematics-1.0.0.drv'...
Running phase: unpackPhase
unpacking source archive /nix/store/3rcmc8570l7qjzw4s5ds2f3gmgyd3s92-kinematics_1.0.0.tar.gz
source root is kinematics
setting SOURCE_DATE_EPOCH to timestamp 1626679802 of file kinematics/MD5
Running phase: patchPhase
Running phase: updateAutotoolsGnuConfigScriptsPhase
Running phase: configurePhase
Running phase: buildPhase
Running phase: checkPhase
Running phase: installPhase
* installing *source* package ‘kinematics’ ...
** package ‘kinematics’ correctement décompressé et sommes MD5 vérifiées
** using staged installation
** R
** data
*** moving datasets to lazyload DB
** inst
** byte-compile and prepare package for lazy loading
** help
*** installing help indices
** building package indices
** installing vignettes
** testing if installed package can be loaded from temporary location
** testing if installed package can be loaded from final location
** testing if installed package keeps a record of temporary installation path
* DONE (kinematics)
Running phase: fixupPhase
checking for references to /private/tmp/nix-build-r-kinematics-1.0.0.drv-0/ in /nix/store/kgx7xjngfb79zvxmjg968nvwbyhfld5n-r-kinematics-1.0.0...
patching script interpreter paths in /nix/store/kgx7xjngfb79zvxmjg968nvwbyhfld5n-r-kinematics-1.0.0
rewriting symlink /nix/store/kgx7xjngfb79zvxmjg968nvwbyhfld5n-r-kinematics-1.0.0/nix-support/propagated-user-env-packages to be relative to /nix/store/kgx7xjngfb79zvxmjg968nvwbyhfld5n-r-kinematics-1.0.0
