this derivation will be built:
  /nix/store/0v87b1i08a6w0w4zqz3qj3k7v5h0n3ml-r-papci-0.1.0.drv
this path will be fetched (0.02 MiB download, 0.02 MiB unpacked):
  /nix/store/zd8izhhrgi2jgvm0lha0qnspwwmn40a8-papci_0.1.0.tar.gz
copying path '/nix/store/zd8izhhrgi2jgvm0lha0qnspwwmn40a8-papci_0.1.0.tar.gz' from 'https://cache.nixos.org'...
building '/nix/store/0v87b1i08a6w0w4zqz3qj3k7v5h0n3ml-r-papci-0.1.0.drv'...
Running phase: unpackPhase
unpacking source archive /nix/store/zd8izhhrgi2jgvm0lha0qnspwwmn40a8-papci_0.1.0.tar.gz
source root is papci
setting SOURCE_DATE_EPOCH to timestamp 1631602802 of file papci/MD5
Running phase: patchPhase
Running phase: updateAutotoolsGnuConfigScriptsPhase
Running phase: configurePhase
Running phase: buildPhase
Running phase: checkPhase
Running phase: installPhase
* installing *source* package ‘papci’ ...
** package ‘papci’ correctement décompressé et sommes MD5 vérifiées
** using staged installation
** R
** inst
** byte-compile and prepare package for lazy loading
** help
*** installing help indices
** building package indices
** testing if installed package can be loaded from temporary location
** testing if installed package can be loaded from final location
** testing if installed package keeps a record of temporary installation path
* DONE (papci)
Running phase: fixupPhase
checking for references to /private/tmp/nix-build-r-papci-0.1.0.drv-0/ in /nix/store/n1jjwl7vs169g1iqwb2lj3flgy4d2qxr-r-papci-0.1.0...
patching script interpreter paths in /nix/store/n1jjwl7vs169g1iqwb2lj3flgy4d2qxr-r-papci-0.1.0
rewriting symlink /nix/store/n1jjwl7vs169g1iqwb2lj3flgy4d2qxr-r-papci-0.1.0/nix-support/propagated-user-env-packages to be relative to /nix/store/n1jjwl7vs169g1iqwb2lj3flgy4d2qxr-r-papci-0.1.0
