this derivation will be built:
  /nix/store/kdagqrv5qgbs5bksgyfzlvlcsrg4l5ba-r-gexp-1.0-21.drv
building '/nix/store/kdagqrv5qgbs5bksgyfzlvlcsrg4l5ba-r-gexp-1.0-21.drv'...
Running phase: unpackPhase
unpacking source archive /nix/store/5i37r4sf61zn2bscrlgjyv6n20c6rgiq-gexp_1.0-21.tar.gz
source root is gexp
setting SOURCE_DATE_EPOCH to timestamp 1687379406 of file gexp/MD5
Running phase: patchPhase
Running phase: updateAutotoolsGnuConfigScriptsPhase
Running phase: configurePhase
Running phase: buildPhase
Running phase: checkPhase
Running phase: installPhase
* installing *source* package ‘gexp’ ...
** package ‘gexp’ correctement décompressé et sommes MD5 vérifiées
** using staged installation
** R
** inst
** byte-compile and prepare package for lazy loading
sh: line 1: 23627 Trace/BPT trap: 5       R_TESTS= '/nix/store/lir8rmsk7dxbj7v1spqmv69z4mafg16l-R-4.4.2/lib/R/bin/R' --no-save --no-restore --no-echo 2>&1 < '/private/tmp/nix-build-r-gexp-1.0-21.drv-0/RtmpcPA1nw/file5c44798994fd'
ERROR: lazy loading failed for package ‘gexp’
* removing ‘/nix/store/i1q3aiz6bkdrfbwkzp7vwsqiw4akiqp8-r-gexp-1.0-21/library/gexp’
error: builder for '/nix/store/kdagqrv5qgbs5bksgyfzlvlcsrg4l5ba-r-gexp-1.0-21.drv' failed with exit code 1;
       last 19 log lines:
       > Running phase: unpackPhase
       > unpacking source archive /nix/store/5i37r4sf61zn2bscrlgjyv6n20c6rgiq-gexp_1.0-21.tar.gz
       > source root is gexp
       > setting SOURCE_DATE_EPOCH to timestamp 1687379406 of file gexp/MD5
       > Running phase: patchPhase
       > Running phase: updateAutotoolsGnuConfigScriptsPhase
       > Running phase: configurePhase
       > Running phase: buildPhase
       > Running phase: checkPhase
       > Running phase: installPhase
       > * installing *source* package ‘gexp’ ...
       > ** package ‘gexp’ correctement décompressé et sommes MD5 vérifiées
       > ** using staged installation
       > ** R
       > ** inst
       > ** byte-compile and prepare package for lazy loading
       > sh: line 1: 23627 Trace/BPT trap: 5       R_TESTS= '/nix/store/lir8rmsk7dxbj7v1spqmv69z4mafg16l-R-4.4.2/lib/R/bin/R' --no-save --no-restore --no-echo 2>&1 < '/private/tmp/nix-build-r-gexp-1.0-21.drv-0/RtmpcPA1nw/file5c44798994fd'
       > ERROR: lazy loading failed for package ‘gexp’
       > * removing ‘/nix/store/i1q3aiz6bkdrfbwkzp7vwsqiw4akiqp8-r-gexp-1.0-21/library/gexp’
       For full logs, run 'nix log /nix/store/kdagqrv5qgbs5bksgyfzlvlcsrg4l5ba-r-gexp-1.0-21.drv'.
