this derivation will be built:
  /nix/store/vfk5a34lw22d95iyryi6phd4s4823ixw-r-weakARMA-1.0.3.drv
this path will be fetched (0.17 MiB download, 0.17 MiB unpacked):
  /nix/store/s6zs52n0lrzkhd30qliwnxy8gfqq6rmk-weakARMA_1.0.3.tar.gz
copying path '/nix/store/s6zs52n0lrzkhd30qliwnxy8gfqq6rmk-weakARMA_1.0.3.tar.gz' from 'https://cache.nixos.org'...
building '/nix/store/vfk5a34lw22d95iyryi6phd4s4823ixw-r-weakARMA-1.0.3.drv'...
Running phase: unpackPhase
unpacking source archive /nix/store/s6zs52n0lrzkhd30qliwnxy8gfqq6rmk-weakARMA_1.0.3.tar.gz
source root is weakARMA
setting SOURCE_DATE_EPOCH to timestamp 1649080802 of file weakARMA/MD5
Running phase: patchPhase
Running phase: updateAutotoolsGnuConfigScriptsPhase
Running phase: configurePhase
Running phase: buildPhase
Running phase: checkPhase
Running phase: installPhase
* installing *source* package ‘weakARMA’ ...
** package ‘weakARMA’ correctement décompressé et sommes MD5 vérifiées
** using staged installation
** R
** data
*** moving datasets to lazyload DB
** byte-compile and prepare package for lazy loading
** help
*** installing help indices
** building package indices
** testing if installed package can be loaded from temporary location
** testing if installed package can be loaded from final location
** testing if installed package keeps a record of temporary installation path
* DONE (weakARMA)
Running phase: fixupPhase
checking for references to /private/tmp/nix-build-r-weakARMA-1.0.3.drv-0/ in /nix/store/67f3s8g0awmcf5yfw60a4dbrmdfynwj3-r-weakARMA-1.0.3...
patching script interpreter paths in /nix/store/67f3s8g0awmcf5yfw60a4dbrmdfynwj3-r-weakARMA-1.0.3
rewriting symlink /nix/store/67f3s8g0awmcf5yfw60a4dbrmdfynwj3-r-weakARMA-1.0.3/nix-support/propagated-user-env-packages to be relative to /nix/store/67f3s8g0awmcf5yfw60a4dbrmdfynwj3-r-weakARMA-1.0.3
