this derivation will be built:
  /nix/store/dbkyyqxp03bxl6aj71sp5v9s6686f4hl-r-LDlinkR-1.4.0.drv
this path will be fetched (0.08 MiB download, 0.08 MiB unpacked):
  /nix/store/pw2hfhj9lai2mzaarbn6n8nahvayhn8r-LDlinkR_1.4.0.tar.gz
copying path '/nix/store/pw2hfhj9lai2mzaarbn6n8nahvayhn8r-LDlinkR_1.4.0.tar.gz' from 'https://cache.nixos.org'...
building '/nix/store/dbkyyqxp03bxl6aj71sp5v9s6686f4hl-r-LDlinkR-1.4.0.drv'...
Running phase: unpackPhase
unpacking source archive /nix/store/pw2hfhj9lai2mzaarbn6n8nahvayhn8r-LDlinkR_1.4.0.tar.gz
source root is LDlinkR
setting SOURCE_DATE_EPOCH to timestamp 1712752802 of file LDlinkR/MD5
Running phase: patchPhase
Running phase: updateAutotoolsGnuConfigScriptsPhase
Running phase: configurePhase
Running phase: buildPhase
Running phase: checkPhase
Running phase: installPhase
* installing *source* package ‘LDlinkR’ ...
** package ‘LDlinkR’ correctement décompressé et sommes MD5 vérifiées
** using staged installation
** R
** inst
** byte-compile and prepare package for lazy loading
** help
*** installing help indices
*** copying figures
** building package indices
** installing vignettes
** testing if installed package can be loaded from temporary location
** testing if installed package can be loaded from final location
** testing if installed package keeps a record of temporary installation path
* DONE (LDlinkR)
Running phase: fixupPhase
checking for references to /private/tmp/nix-build-r-LDlinkR-1.4.0.drv-0/ in /nix/store/i0zq2b031vdihfmgppjnqxq1zvdbjs50-r-LDlinkR-1.4.0...
patching script interpreter paths in /nix/store/i0zq2b031vdihfmgppjnqxq1zvdbjs50-r-LDlinkR-1.4.0
rewriting symlink /nix/store/i0zq2b031vdihfmgppjnqxq1zvdbjs50-r-LDlinkR-1.4.0/nix-support/propagated-user-env-packages to be relative to /nix/store/i0zq2b031vdihfmgppjnqxq1zvdbjs50-r-LDlinkR-1.4.0
