this derivation will be built:
  /nix/store/p8645aiv2n525685nfqmwrxzykvxp2j4-r-YPmodelPhreg-1.0.0.drv
this path will be fetched (0.02 MiB download, 0.02 MiB unpacked):
  /nix/store/imxgz1bqhq7bza6w7hii27m5gda0l1y6-YPmodelPhreg_1.0.0.tar.gz
copying path '/nix/store/imxgz1bqhq7bza6w7hii27m5gda0l1y6-YPmodelPhreg_1.0.0.tar.gz' from 'https://cache.nixos.org'...
building '/nix/store/p8645aiv2n525685nfqmwrxzykvxp2j4-r-YPmodelPhreg-1.0.0.drv'...
Running phase: unpackPhase
unpacking source archive /nix/store/imxgz1bqhq7bza6w7hii27m5gda0l1y6-YPmodelPhreg_1.0.0.tar.gz
source root is YPmodelPhreg
setting SOURCE_DATE_EPOCH to timestamp 1688578388 of file YPmodelPhreg/MD5
Running phase: patchPhase
Running phase: updateAutotoolsGnuConfigScriptsPhase
Running phase: configurePhase
Running phase: buildPhase
Running phase: checkPhase
Running phase: installPhase
* installing *source* package ‘YPmodelPhreg’ ...
** package ‘YPmodelPhreg’ correctement décompressé et sommes MD5 vérifiées
** using staged installation
** R
** data
** byte-compile and prepare package for lazy loading
** help
*** installing help indices
** building package indices
** testing if installed package can be loaded from temporary location
** testing if installed package can be loaded from final location
** testing if installed package keeps a record of temporary installation path
* DONE (YPmodelPhreg)
Running phase: fixupPhase
checking for references to /private/tmp/nix-build-r-YPmodelPhreg-1.0.0.drv-0/ in /nix/store/0i4j329x3c7pnhxh8bw90d5gp0i374z3-r-YPmodelPhreg-1.0.0...
patching script interpreter paths in /nix/store/0i4j329x3c7pnhxh8bw90d5gp0i374z3-r-YPmodelPhreg-1.0.0
rewriting symlink /nix/store/0i4j329x3c7pnhxh8bw90d5gp0i374z3-r-YPmodelPhreg-1.0.0/nix-support/propagated-user-env-packages to be relative to /nix/store/0i4j329x3c7pnhxh8bw90d5gp0i374z3-r-YPmodelPhreg-1.0.0
