this derivation will be built:
  /nix/store/56xwgn63viyxy1bsmjv87ljnjbm3py31-r-guidedPLS-1.0.0.drv
this path will be fetched (0.25 MiB download, 0.25 MiB unpacked):
  /nix/store/vxzmyxs3i7imkzvbm618w2c5qma02j21-guidedPLS_1.0.0.tar.gz
copying path '/nix/store/vxzmyxs3i7imkzvbm618w2c5qma02j21-guidedPLS_1.0.0.tar.gz' from 'https://cache.nixos.org'...
building '/nix/store/56xwgn63viyxy1bsmjv87ljnjbm3py31-r-guidedPLS-1.0.0.drv'...
Running phase: unpackPhase
unpacking source archive /nix/store/vxzmyxs3i7imkzvbm618w2c5qma02j21-guidedPLS_1.0.0.tar.gz
source root is guidedPLS
setting SOURCE_DATE_EPOCH to timestamp 1683862202 of file guidedPLS/MD5
Running phase: patchPhase
Running phase: updateAutotoolsGnuConfigScriptsPhase
Running phase: configurePhase
Running phase: buildPhase
Running phase: checkPhase
Running phase: installPhase
* installing *source* package ‘guidedPLS’ ...
** package ‘guidedPLS’ correctement décompressé et sommes MD5 vérifiées
** using staged installation
** R
** inst
** byte-compile and prepare package for lazy loading
** help
*** installing help indices
** building package indices
** installing vignettes
** testing if installed package can be loaded from temporary location
** testing if installed package can be loaded from final location
** testing if installed package keeps a record of temporary installation path
* DONE (guidedPLS)
Running phase: fixupPhase
checking for references to /private/tmp/nix-build-r-guidedPLS-1.0.0.drv-0/ in /nix/store/aps4jh3rgs7dqs0cqgrs4rxvr7mn2rfq-r-guidedPLS-1.0.0...
patching script interpreter paths in /nix/store/aps4jh3rgs7dqs0cqgrs4rxvr7mn2rfq-r-guidedPLS-1.0.0
rewriting symlink /nix/store/aps4jh3rgs7dqs0cqgrs4rxvr7mn2rfq-r-guidedPLS-1.0.0/nix-support/propagated-user-env-packages to be relative to /nix/store/aps4jh3rgs7dqs0cqgrs4rxvr7mn2rfq-r-guidedPLS-1.0.0
