this derivation will be built:
  /nix/store/zkiwm1y7lww7z6gfdi5f0m0xmmw42r69-r-higrad-0.1.0.drv
this path will be fetched (0.01 MiB download, 0.01 MiB unpacked):
  /nix/store/hlkdn4nh5aa3y0xrnx21p4xv8siy5z3d-higrad_0.1.0.tar.gz
copying path '/nix/store/hlkdn4nh5aa3y0xrnx21p4xv8siy5z3d-higrad_0.1.0.tar.gz' from 'https://cache.nixos.org'...
building '/nix/store/zkiwm1y7lww7z6gfdi5f0m0xmmw42r69-r-higrad-0.1.0.drv'...
Running phase: unpackPhase
unpacking source archive /nix/store/hlkdn4nh5aa3y0xrnx21p4xv8siy5z3d-higrad_0.1.0.tar.gz
source root is higrad
setting SOURCE_DATE_EPOCH to timestamp 1521042253 of file higrad/MD5
Running phase: patchPhase
Running phase: updateAutotoolsGnuConfigScriptsPhase
Running phase: configurePhase
Running phase: buildPhase
Running phase: checkPhase
Running phase: installPhase
* installing *source* package ‘higrad’ ...
** package ‘higrad’ correctement décompressé et sommes MD5 vérifiées
** using staged installation
** R
** byte-compile and prepare package for lazy loading
** help
*** installing help indices
** building package indices
** testing if installed package can be loaded from temporary location
** testing if installed package can be loaded from final location
** testing if installed package keeps a record of temporary installation path
* DONE (higrad)
Running phase: fixupPhase
checking for references to /private/tmp/nix-build-r-higrad-0.1.0.drv-0/ in /nix/store/pnnz91rm6cpi0yy6sk8brk2b5jfj4f9n-r-higrad-0.1.0...
patching script interpreter paths in /nix/store/pnnz91rm6cpi0yy6sk8brk2b5jfj4f9n-r-higrad-0.1.0
rewriting symlink /nix/store/pnnz91rm6cpi0yy6sk8brk2b5jfj4f9n-r-higrad-0.1.0/nix-support/propagated-user-env-packages to be relative to /nix/store/pnnz91rm6cpi0yy6sk8brk2b5jfj4f9n-r-higrad-0.1.0
