this derivation will be built:
  /nix/store/i55dmv977wlr8pln8l23b6m9df55vv3k-r-lookupTable-0.1.drv
this path will be fetched (0.00 MiB download, 0.00 MiB unpacked):
  /nix/store/p332p9f85rym7zb0mgkad7hfyv788hkx-lookupTable_0.1.tar.gz
copying path '/nix/store/p332p9f85rym7zb0mgkad7hfyv788hkx-lookupTable_0.1.tar.gz' from 'https://cache.nixos.org'...
building '/nix/store/i55dmv977wlr8pln8l23b6m9df55vv3k-r-lookupTable-0.1.drv'...
Running phase: unpackPhase
unpacking source archive /nix/store/p332p9f85rym7zb0mgkad7hfyv788hkx-lookupTable_0.1.tar.gz
source root is lookupTable
setting SOURCE_DATE_EPOCH to timestamp 1440717683 of file lookupTable/MD5
Running phase: patchPhase
Running phase: updateAutotoolsGnuConfigScriptsPhase
Running phase: configurePhase
Running phase: buildPhase
Running phase: checkPhase
Running phase: installPhase
* installing *source* package ‘lookupTable’ ...
** package ‘lookupTable’ correctement décompressé et sommes MD5 vérifiées
** using staged installation
** R
** byte-compile and prepare package for lazy loading
** help
*** installing help indices
** building package indices
** testing if installed package can be loaded from temporary location
** testing if installed package can be loaded from final location
** testing if installed package keeps a record of temporary installation path
* DONE (lookupTable)
Running phase: fixupPhase
checking for references to /private/tmp/nix-build-r-lookupTable-0.1.drv-0/ in /nix/store/hhdzg7cm0pw7lfvzbq7mahwkxav80wsy-r-lookupTable-0.1...
patching script interpreter paths in /nix/store/hhdzg7cm0pw7lfvzbq7mahwkxav80wsy-r-lookupTable-0.1
rewriting symlink /nix/store/hhdzg7cm0pw7lfvzbq7mahwkxav80wsy-r-lookupTable-0.1/nix-support/propagated-user-env-packages to be relative to /nix/store/hhdzg7cm0pw7lfvzbq7mahwkxav80wsy-r-lookupTable-0.1
