this derivation will be built:
  /nix/store/lsgy5kbwmdwd847ax69jbz1mk011gvrl-r-insane-1.0.3.drv
this path will be fetched (4.17 MiB download, 4.18 MiB unpacked):
  /nix/store/432gg3v2w72rscy7cdkr2aqix3hfxar0-insane_1.0.3.tar.gz
copying path '/nix/store/432gg3v2w72rscy7cdkr2aqix3hfxar0-insane_1.0.3.tar.gz' from 'https://cache.nixos.org'...
building '/nix/store/lsgy5kbwmdwd847ax69jbz1mk011gvrl-r-insane-1.0.3.drv'...
Running phase: unpackPhase
unpacking source archive /nix/store/432gg3v2w72rscy7cdkr2aqix3hfxar0-insane_1.0.3.tar.gz
source root is insane
setting SOURCE_DATE_EPOCH to timestamp 1699998602 of file insane/MD5
Running phase: patchPhase
Running phase: updateAutotoolsGnuConfigScriptsPhase
Running phase: configurePhase
Running phase: buildPhase
Running phase: checkPhase
Running phase: installPhase
* installing *source* package ‘insane’ ...
** package ‘insane’ correctement décompressé et sommes MD5 vérifiées
** using staged installation
** R
** inst
** byte-compile and prepare package for lazy loading
** help
*** installing help indices
*** copying figures
** building package indices
** installing vignettes
** testing if installed package can be loaded from temporary location
** testing if installed package can be loaded from final location
** testing if installed package keeps a record of temporary installation path
* DONE (insane)
Running phase: fixupPhase
checking for references to /private/tmp/nix-build-r-insane-1.0.3.drv-0/ in /nix/store/zrbmc40i6h56gqjahmz325wzpsw6v501-r-insane-1.0.3...
patching script interpreter paths in /nix/store/zrbmc40i6h56gqjahmz325wzpsw6v501-r-insane-1.0.3
rewriting symlink /nix/store/zrbmc40i6h56gqjahmz325wzpsw6v501-r-insane-1.0.3/nix-support/propagated-user-env-packages to be relative to /nix/store/zrbmc40i6h56gqjahmz325wzpsw6v501-r-insane-1.0.3
