this derivation will be built:
  /nix/store/v821c4bfbxfybpzgzy0jl2dvjqsz37fp-r-webglobe-1.0.3.drv
this path will be fetched (4.73 MiB download, 4.77 MiB unpacked):
  /nix/store/d7hmf7cppbfa1545divphapnx6a8lzh6-webglobe_1.0.3.tar.gz
copying path '/nix/store/d7hmf7cppbfa1545divphapnx6a8lzh6-webglobe_1.0.3.tar.gz' from 'https://cache.nixos.org'...
building '/nix/store/v821c4bfbxfybpzgzy0jl2dvjqsz37fp-r-webglobe-1.0.3.drv'...
Running phase: unpackPhase
unpacking source archive /nix/store/d7hmf7cppbfa1545divphapnx6a8lzh6-webglobe_1.0.3.tar.gz
source root is webglobe
setting SOURCE_DATE_EPOCH to timestamp 1600208403 of file webglobe/MD5
Running phase: patchPhase
Running phase: updateAutotoolsGnuConfigScriptsPhase
Running phase: configurePhase
Running phase: buildPhase
Running phase: checkPhase
Running phase: installPhase
* installing *source* package ‘webglobe’ ...
** package ‘webglobe’ correctement décompressé et sommes MD5 vérifiées
** using staged installation
** R
** inst
** byte-compile and prepare package for lazy loading
** help
*** installing help indices
** building package indices
** installing vignettes
** testing if installed package can be loaded from temporary location
** testing if installed package can be loaded from final location
** testing if installed package keeps a record of temporary installation path
* DONE (webglobe)
Running phase: fixupPhase
checking for references to /private/tmp/nix-build-r-webglobe-1.0.3.drv-0/ in /nix/store/px3a4bd8hlzsvxnhl98a5flcg8hrbc4w-r-webglobe-1.0.3...
patching script interpreter paths in /nix/store/px3a4bd8hlzsvxnhl98a5flcg8hrbc4w-r-webglobe-1.0.3
rewriting symlink /nix/store/px3a4bd8hlzsvxnhl98a5flcg8hrbc4w-r-webglobe-1.0.3/nix-support/propagated-user-env-packages to be relative to /nix/store/px3a4bd8hlzsvxnhl98a5flcg8hrbc4w-r-webglobe-1.0.3
