this derivation will be built:
  /nix/store/xplqy9jai905inhw684qgjwrp51nbzzl-r-modelc-1.0.0.0.drv
this path will be fetched (0.01 MiB download, 0.01 MiB unpacked):
  /nix/store/xlg60bmsiv0fdgn91w7wrx88dfjp0s0b-modelc_1.0.0.0.tar.gz
copying path '/nix/store/xlg60bmsiv0fdgn91w7wrx88dfjp0s0b-modelc_1.0.0.0.tar.gz' from 'https://cache.nixos.org'...
building '/nix/store/xplqy9jai905inhw684qgjwrp51nbzzl-r-modelc-1.0.0.0.drv'...
Running phase: unpackPhase
unpacking source archive /nix/store/xlg60bmsiv0fdgn91w7wrx88dfjp0s0b-modelc_1.0.0.0.tar.gz
source root is modelc
setting SOURCE_DATE_EPOCH to timestamp 1593338405 of file modelc/MD5
Running phase: patchPhase
Running phase: updateAutotoolsGnuConfigScriptsPhase
Running phase: configurePhase
Running phase: buildPhase
Running phase: checkPhase
Running phase: installPhase
* installing *source* package ‘modelc’ ...
** package ‘modelc’ correctement décompressé et sommes MD5 vérifiées
** using staged installation
** R
** byte-compile and prepare package for lazy loading
** help
*** installing help indices
** building package indices
** testing if installed package can be loaded from temporary location
** testing if installed package can be loaded from final location
** testing if installed package keeps a record of temporary installation path
* DONE (modelc)
Running phase: fixupPhase
checking for references to /private/tmp/nix-build-r-modelc-1.0.0.0.drv-0/ in /nix/store/r79j2l754rdanqp57ajhxy81jr3yb0xv-r-modelc-1.0.0.0...
patching script interpreter paths in /nix/store/r79j2l754rdanqp57ajhxy81jr3yb0xv-r-modelc-1.0.0.0
