this derivation will be built:
  /nix/store/xcdpb796lcfp3gp9gnsvxmff7wbqkv99-r-RfEmpImp-2.1.8.drv
this path will be fetched (0.15 MiB download, 0.15 MiB unpacked):
  /nix/store/7d3cs1v7m38j0bviwm1fbz1n9cl3qs0h-RfEmpImp_2.1.8.tar.gz
copying path '/nix/store/7d3cs1v7m38j0bviwm1fbz1n9cl3qs0h-RfEmpImp_2.1.8.tar.gz' from 'https://cache.nixos.org'...
building '/nix/store/xcdpb796lcfp3gp9gnsvxmff7wbqkv99-r-RfEmpImp-2.1.8.drv'...
Running phase: unpackPhase
unpacking source archive /nix/store/7d3cs1v7m38j0bviwm1fbz1n9cl3qs0h-RfEmpImp_2.1.8.tar.gz
source root is RfEmpImp
setting SOURCE_DATE_EPOCH to timestamp 1666250274 of file RfEmpImp/MD5
Running phase: patchPhase
Running phase: updateAutotoolsGnuConfigScriptsPhase
Running phase: configurePhase
Running phase: buildPhase
Running phase: checkPhase
Running phase: installPhase
* installing *source* package ‘RfEmpImp’ ...
** package ‘RfEmpImp’ correctement décompressé et sommes MD5 vérifiées
** using staged installation
** R
** inst
** byte-compile and prepare package for lazy loading
** help
*** installing help indices
*** copying figures
** building package indices
** installing vignettes
** testing if installed package can be loaded from temporary location
** testing if installed package can be loaded from final location
** testing if installed package keeps a record of temporary installation path
* DONE (RfEmpImp)
Running phase: fixupPhase
checking for references to /private/tmp/nix-build-r-RfEmpImp-2.1.8.drv-0/ in /nix/store/m8hmdnw8pgvcd1xg5mb4di1r3ymk6k54-r-RfEmpImp-2.1.8...
patching script interpreter paths in /nix/store/m8hmdnw8pgvcd1xg5mb4di1r3ymk6k54-r-RfEmpImp-2.1.8
rewriting symlink /nix/store/m8hmdnw8pgvcd1xg5mb4di1r3ymk6k54-r-RfEmpImp-2.1.8/nix-support/propagated-user-env-packages to be relative to /nix/store/m8hmdnw8pgvcd1xg5mb4di1r3ymk6k54-r-RfEmpImp-2.1.8
