this derivation will be built:
  /nix/store/bid459pdv7cd5b52fmgala2mic714wrv-r-raven.rdf-0.2.0.drv
this path will be fetched (0.01 MiB download, 0.01 MiB unpacked):
  /nix/store/ln43nafs2nd20jqvf50zsqmdxjl70ygg-raven.rdf_0.2.0.tar.gz
copying path '/nix/store/ln43nafs2nd20jqvf50zsqmdxjl70ygg-raven.rdf_0.2.0.tar.gz' from 'https://cache.nixos.org'...
building '/nix/store/bid459pdv7cd5b52fmgala2mic714wrv-r-raven.rdf-0.2.0.drv'...
Running phase: unpackPhase
unpacking source archive /nix/store/ln43nafs2nd20jqvf50zsqmdxjl70ygg-raven.rdf_0.2.0.tar.gz
source root is raven.rdf
setting SOURCE_DATE_EPOCH to timestamp 1615987202 of file raven.rdf/MD5
Running phase: patchPhase
Running phase: updateAutotoolsGnuConfigScriptsPhase
Running phase: configurePhase
Running phase: buildPhase
Running phase: checkPhase
Running phase: installPhase
* installing *source* package ‘raven.rdf’ ...
** package ‘raven.rdf’ correctement décompressé et sommes MD5 vérifiées
** using staged installation
** R
** byte-compile and prepare package for lazy loading
** help
*** installing help indices
** building package indices
** testing if installed package can be loaded from temporary location
** testing if installed package can be loaded from final location
** testing if installed package keeps a record of temporary installation path
* DONE (raven.rdf)
Running phase: fixupPhase
checking for references to /private/tmp/nix-build-r-raven.rdf-0.2.0.drv-0/ in /nix/store/ig95avcq6q59mc9bmsvzb08nnh8fx9ri-r-raven.rdf-0.2.0...
patching script interpreter paths in /nix/store/ig95avcq6q59mc9bmsvzb08nnh8fx9ri-r-raven.rdf-0.2.0
