this derivation will be built:
  /nix/store/jc6b8fszl6dhm27vfzmv8954d72wvmaw-r-sitreeE-0.0-8.drv
this path will be fetched (0.01 MiB download, 0.01 MiB unpacked):
  /nix/store/mpwldcy41wphfplkp13fqk2af5fn4fsa-sitreeE_0.0-8.tar.gz
copying path '/nix/store/mpwldcy41wphfplkp13fqk2af5fn4fsa-sitreeE_0.0-8.tar.gz' from 'https://cache.nixos.org'...
building '/nix/store/jc6b8fszl6dhm27vfzmv8954d72wvmaw-r-sitreeE-0.0-8.drv'...
Running phase: unpackPhase
unpacking source archive /nix/store/mpwldcy41wphfplkp13fqk2af5fn4fsa-sitreeE_0.0-8.tar.gz
source root is sitreeE
setting SOURCE_DATE_EPOCH to timestamp 1637694602 of file sitreeE/MD5
Running phase: patchPhase
Running phase: updateAutotoolsGnuConfigScriptsPhase
Running phase: configurePhase
Running phase: buildPhase
Running phase: checkPhase
Running phase: installPhase
* installing *source* package ‘sitreeE’ ...
** package ‘sitreeE’ correctement décompressé et sommes MD5 vérifiées
** using staged installation
** R
** byte-compile and prepare package for lazy loading
** help
*** installing help indices
** building package indices
** testing if installed package can be loaded from temporary location
** testing if installed package can be loaded from final location
** testing if installed package keeps a record of temporary installation path
* DONE (sitreeE)
Running phase: fixupPhase
checking for references to /private/tmp/nix-build-r-sitreeE-0.0-8.drv-0/ in /nix/store/98hi49zs80yxd32lcnfxv1gizc0s2lyd-r-sitreeE-0.0-8...
patching script interpreter paths in /nix/store/98hi49zs80yxd32lcnfxv1gizc0s2lyd-r-sitreeE-0.0-8
rewriting symlink /nix/store/98hi49zs80yxd32lcnfxv1gizc0s2lyd-r-sitreeE-0.0-8/nix-support/propagated-user-env-packages to be relative to /nix/store/98hi49zs80yxd32lcnfxv1gizc0s2lyd-r-sitreeE-0.0-8
