this derivation will be built:
  /nix/store/zy6vhak25r1xmd3kq4j532d8s1875xs4-r-states-0.3.2.drv
this path will be fetched (0.19 MiB download, 0.19 MiB unpacked):
  /nix/store/ja2xdblyr4bw06zy0s4hmk08g66ln7q4-states_0.3.2.tar.gz
copying path '/nix/store/ja2xdblyr4bw06zy0s4hmk08g66ln7q4-states_0.3.2.tar.gz' from 'https://cache.nixos.org'...
building '/nix/store/zy6vhak25r1xmd3kq4j532d8s1875xs4-r-states-0.3.2.drv'...
Running phase: unpackPhase
unpacking source archive /nix/store/ja2xdblyr4bw06zy0s4hmk08g66ln7q4-states_0.3.2.tar.gz
source root is states
setting SOURCE_DATE_EPOCH to timestamp 1693916402 of file states/MD5
Running phase: patchPhase
Running phase: updateAutotoolsGnuConfigScriptsPhase
Running phase: configurePhase
Running phase: buildPhase
Running phase: checkPhase
Running phase: installPhase
* installing *source* package ‘states’ ...
** package ‘states’ correctement décompressé et sommes MD5 vérifiées
** using staged installation
** R
** data
*** moving datasets to lazyload DB
** inst
** byte-compile and prepare package for lazy loading
** help
*** installing help indices
*** copying figures
** building package indices
** installing vignettes
** testing if installed package can be loaded from temporary location
** testing if installed package can be loaded from final location
** testing if installed package keeps a record of temporary installation path
* DONE (states)
Running phase: fixupPhase
checking for references to /private/tmp/nix-build-r-states-0.3.2.drv-0/ in /nix/store/5l0hssxvs3fr75my8gvikslsd0s9alzy-r-states-0.3.2...
patching script interpreter paths in /nix/store/5l0hssxvs3fr75my8gvikslsd0s9alzy-r-states-0.3.2
rewriting symlink /nix/store/5l0hssxvs3fr75my8gvikslsd0s9alzy-r-states-0.3.2/nix-support/propagated-user-env-packages to be relative to /nix/store/5l0hssxvs3fr75my8gvikslsd0s9alzy-r-states-0.3.2
