this derivation will be built:
  /nix/store/cznnpjnwcjpqxy5l771kf4f2rr6al43b-r-spectr-1.0.1.drv
this path will be fetched (0.01 MiB download, 0.01 MiB unpacked):
  /nix/store/klpx39z5w4ns9c8mxf6q20hn344003wy-spectr_1.0.1.tar.gz
copying path '/nix/store/klpx39z5w4ns9c8mxf6q20hn344003wy-spectr_1.0.1.tar.gz' from 'https://cache.nixos.org'...
building '/nix/store/cznnpjnwcjpqxy5l771kf4f2rr6al43b-r-spectr-1.0.1.drv'...
Running phase: unpackPhase
unpacking source archive /nix/store/klpx39z5w4ns9c8mxf6q20hn344003wy-spectr_1.0.1.tar.gz
source root is spectr
setting SOURCE_DATE_EPOCH to timestamp 1644235205 of file spectr/MD5
Running phase: patchPhase
Running phase: updateAutotoolsGnuConfigScriptsPhase
Running phase: configurePhase
Running phase: buildPhase
Running phase: checkPhase
Running phase: installPhase
* installing *source* package ‘spectr’ ...
** package ‘spectr’ correctement décompressé et sommes MD5 vérifiées
** using staged installation
** R
** byte-compile and prepare package for lazy loading
** help
*** installing help indices
** building package indices
** testing if installed package can be loaded from temporary location
** testing if installed package can be loaded from final location
** testing if installed package keeps a record of temporary installation path
* DONE (spectr)
Running phase: fixupPhase
checking for references to /private/tmp/nix-build-r-spectr-1.0.1.drv-0/ in /nix/store/cgd973aqpn9pa2dmxaj9jqfyh18xx1hs-r-spectr-1.0.1...
patching script interpreter paths in /nix/store/cgd973aqpn9pa2dmxaj9jqfyh18xx1hs-r-spectr-1.0.1
rewriting symlink /nix/store/cgd973aqpn9pa2dmxaj9jqfyh18xx1hs-r-spectr-1.0.1/nix-support/propagated-user-env-packages to be relative to /nix/store/cgd973aqpn9pa2dmxaj9jqfyh18xx1hs-r-spectr-1.0.1
