this derivation will be built:
  /nix/store/swghkapkv4n92pa3brr6hw0fzs28m79v-r-RBNZ-1.1.0.drv
this path will be fetched (0.03 MiB download, 0.03 MiB unpacked):
  /nix/store/1jr45i4lc0xyvfv4wfhhpzy1iblmg91a-RBNZ_1.1.0.tar.gz
copying path '/nix/store/1jr45i4lc0xyvfv4wfhhpzy1iblmg91a-RBNZ_1.1.0.tar.gz' from 'https://cache.nixos.org'...
building '/nix/store/swghkapkv4n92pa3brr6hw0fzs28m79v-r-RBNZ-1.1.0.drv'...
Running phase: unpackPhase
unpacking source archive /nix/store/1jr45i4lc0xyvfv4wfhhpzy1iblmg91a-RBNZ_1.1.0.tar.gz
source root is RBNZ
setting SOURCE_DATE_EPOCH to timestamp 1595892003 of file RBNZ/MD5
Running phase: patchPhase
Running phase: updateAutotoolsGnuConfigScriptsPhase
Running phase: configurePhase
Running phase: buildPhase
Running phase: checkPhase
Running phase: installPhase
* installing *source* package ‘RBNZ’ ...
** package ‘RBNZ’ correctement décompressé et sommes MD5 vérifiées
** using staged installation
** R
** inst
** byte-compile and prepare package for lazy loading
** help
*** installing help indices
** building package indices
** installing vignettes
** testing if installed package can be loaded from temporary location
** testing if installed package can be loaded from final location
** testing if installed package keeps a record of temporary installation path
* DONE (RBNZ)
Running phase: fixupPhase
checking for references to /private/tmp/nix-build-r-RBNZ-1.1.0.drv-0/ in /nix/store/7lfy7a7kry6s2rkpkfc48xv5wrqiwmm9-r-RBNZ-1.1.0...
patching script interpreter paths in /nix/store/7lfy7a7kry6s2rkpkfc48xv5wrqiwmm9-r-RBNZ-1.1.0
rewriting symlink /nix/store/7lfy7a7kry6s2rkpkfc48xv5wrqiwmm9-r-RBNZ-1.1.0/nix-support/propagated-user-env-packages to be relative to /nix/store/7lfy7a7kry6s2rkpkfc48xv5wrqiwmm9-r-RBNZ-1.1.0
