this derivation will be built:
  /nix/store/0x0cyngjh337vak2hj5asmlhbqc3kva2-r-parquetize-0.5.7.drv
this path will be fetched (0.13 MiB download, 0.13 MiB unpacked):
  /nix/store/fn26x87vxl50lnifcsr5hv9fyq3bl275-parquetize_0.5.7.tar.gz
copying path '/nix/store/fn26x87vxl50lnifcsr5hv9fyq3bl275-parquetize_0.5.7.tar.gz' from 'https://cache.nixos.org'...
building '/nix/store/0x0cyngjh337vak2hj5asmlhbqc3kva2-r-parquetize-0.5.7.drv'...
Running phase: unpackPhase
unpacking source archive /nix/store/fn26x87vxl50lnifcsr5hv9fyq3bl275-parquetize_0.5.7.tar.gz
source root is parquetize
setting SOURCE_DATE_EPOCH to timestamp 1709561403 of file parquetize/MD5
Running phase: patchPhase
Running phase: updateAutotoolsGnuConfigScriptsPhase
Running phase: configurePhase
Running phase: buildPhase
Running phase: checkPhase
Running phase: installPhase
* installing *source* package ‘parquetize’ ...
** package ‘parquetize’ correctement décompressé et sommes MD5 vérifiées
** using staged installation
** R
** inst
** byte-compile and prepare package for lazy loading
** help
*** installing help indices
*** copying figures
** building package indices
** installing vignettes
** testing if installed package can be loaded from temporary location
** testing if installed package can be loaded from final location
** testing if installed package keeps a record of temporary installation path
* DONE (parquetize)
Running phase: fixupPhase
checking for references to /private/tmp/nix-build-r-parquetize-0.5.7.drv-0/ in /nix/store/h0zxyx8l16r4xm8m4hy84171ghjd0d5f-r-parquetize-0.5.7...
patching script interpreter paths in /nix/store/h0zxyx8l16r4xm8m4hy84171ghjd0d5f-r-parquetize-0.5.7
rewriting symlink /nix/store/h0zxyx8l16r4xm8m4hy84171ghjd0d5f-r-parquetize-0.5.7/nix-support/propagated-user-env-packages to be relative to /nix/store/h0zxyx8l16r4xm8m4hy84171ghjd0d5f-r-parquetize-0.5.7
