this derivation will be built:
  /nix/store/sl62pxdpdd5khg5ighib8v9wmi8gfllm-r-mgwnbr-0.2.0.drv
this path will be fetched (0.02 MiB download, 0.02 MiB unpacked):
  /nix/store/czhmhspds0vf85ia7k2fb970rmxh9q9q-mgwnbr_0.2.0.tar.gz
copying path '/nix/store/czhmhspds0vf85ia7k2fb970rmxh9q9q-mgwnbr_0.2.0.tar.gz' from 'https://cache.nixos.org'...
building '/nix/store/sl62pxdpdd5khg5ighib8v9wmi8gfllm-r-mgwnbr-0.2.0.drv'...
Running phase: unpackPhase
unpacking source archive /nix/store/czhmhspds0vf85ia7k2fb970rmxh9q9q-mgwnbr_0.2.0.tar.gz
source root is mgwnbr
setting SOURCE_DATE_EPOCH to timestamp 1711465802 of file mgwnbr/MD5
Running phase: patchPhase
Running phase: updateAutotoolsGnuConfigScriptsPhase
Running phase: configurePhase
Running phase: buildPhase
Running phase: checkPhase
Running phase: installPhase
* installing *source* package ‘mgwnbr’ ...
** package ‘mgwnbr’ correctement décompressé et sommes MD5 vérifiées
** using staged installation
** R
** data
*** moving datasets to lazyload DB
** byte-compile and prepare package for lazy loading
** help
*** installing help indices
** building package indices
** testing if installed package can be loaded from temporary location
** testing if installed package can be loaded from final location
** testing if installed package keeps a record of temporary installation path
* DONE (mgwnbr)
Running phase: fixupPhase
checking for references to /private/tmp/nix-build-r-mgwnbr-0.2.0.drv-0/ in /nix/store/dxgmc87gs1fxc1sj8yv6d9chg7y6i2bj-r-mgwnbr-0.2.0...
patching script interpreter paths in /nix/store/dxgmc87gs1fxc1sj8yv6d9chg7y6i2bj-r-mgwnbr-0.2.0
rewriting symlink /nix/store/dxgmc87gs1fxc1sj8yv6d9chg7y6i2bj-r-mgwnbr-0.2.0/nix-support/propagated-user-env-packages to be relative to /nix/store/dxgmc87gs1fxc1sj8yv6d9chg7y6i2bj-r-mgwnbr-0.2.0
