this derivation will be built:
  /nix/store/c6v4jhb86pdpb7mb8sz2hhn860p0xkka-r-protr-1.7-4.drv
building '/nix/store/c6v4jhb86pdpb7mb8sz2hhn860p0xkka-r-protr-1.7-4.drv'...
Running phase: unpackPhase
unpacking source archive /nix/store/ra4r5fh67yxnc3m9bmmq554gi76fiqbc-protr_1.7-4.tar.gz
source root is protr
setting SOURCE_DATE_EPOCH to timestamp 1726095605 of file protr/MD5
Running phase: patchPhase
Running phase: updateAutotoolsGnuConfigScriptsPhase
Running phase: configurePhase
Running phase: buildPhase
Running phase: checkPhase
Running phase: installPhase
* installing *source* package ‘protr’ ...
** package ‘protr’ correctement décompressé et sommes MD5 vérifiées
** using staged installation
** R
** data
*** moving datasets to lazyload DB
** inst
** byte-compile and prepare package for lazy loading
** help
*** installing help indices
*** copying figures
** building package indices
** installing vignettes
** testing if installed package can be loaded from temporary location
** testing if installed package can be loaded from final location
** testing if installed package keeps a record of temporary installation path
* DONE (protr)
Running phase: fixupPhase
checking for references to /private/tmp/nix-build-r-protr-1.7-4.drv-0/ in /nix/store/s7415hcqf4wwp0mfwq10kd4xmyidzyqy-r-protr-1.7-4...
patching script interpreter paths in /nix/store/s7415hcqf4wwp0mfwq10kd4xmyidzyqy-r-protr-1.7-4
