this derivation will be built:
  /nix/store/llhkixizsrzkx1i2yfkwhkj6yvsqsz96-r-tensorBF-1.0.2.drv
this path will be fetched (0.02 MiB download, 0.02 MiB unpacked):
  /nix/store/iqdhplqgp22yv7y61ginh5vaym8lg762-tensorBF_1.0.2.tar.gz
copying path '/nix/store/iqdhplqgp22yv7y61ginh5vaym8lg762-tensorBF_1.0.2.tar.gz' from 'https://cache.nixos.org'...
building '/nix/store/llhkixizsrzkx1i2yfkwhkj6yvsqsz96-r-tensorBF-1.0.2.drv'...
Running phase: unpackPhase
unpacking source archive /nix/store/iqdhplqgp22yv7y61ginh5vaym8lg762-tensorBF_1.0.2.tar.gz
source root is tensorBF
setting SOURCE_DATE_EPOCH to timestamp 1538503803 of file tensorBF/MD5
Running phase: patchPhase
Running phase: updateAutotoolsGnuConfigScriptsPhase
Running phase: configurePhase
Running phase: buildPhase
Running phase: checkPhase
Running phase: installPhase
* installing *source* package ‘tensorBF’ ...
** package ‘tensorBF’ correctement décompressé et sommes MD5 vérifiées
** using staged installation
** R
** demo
** inst
** byte-compile and prepare package for lazy loading
** help
*** installing help indices
** building package indices
** testing if installed package can be loaded from temporary location
** testing if installed package can be loaded from final location
** testing if installed package keeps a record of temporary installation path
* DONE (tensorBF)
Running phase: fixupPhase
checking for references to /private/tmp/nix-build-r-tensorBF-1.0.2.drv-0/ in /nix/store/aaxd645jcnf0q33fkyfif9kizny5z0gr-r-tensorBF-1.0.2...
patching script interpreter paths in /nix/store/aaxd645jcnf0q33fkyfif9kizny5z0gr-r-tensorBF-1.0.2
rewriting symlink /nix/store/aaxd645jcnf0q33fkyfif9kizny5z0gr-r-tensorBF-1.0.2/nix-support/propagated-user-env-packages to be relative to /nix/store/aaxd645jcnf0q33fkyfif9kizny5z0gr-r-tensorBF-1.0.2
