this derivation will be built:
  /nix/store/apc67zq1378pkw0d6l02p7l847cjj9g7-r-SelectionBias-2.0.0.drv
this path will be fetched (0.28 MiB download, 0.28 MiB unpacked):
  /nix/store/phbfjcaacjqlbv884x4nx3y2hr4rf1wz-SelectionBias_2.0.0.tar.gz
copying path '/nix/store/phbfjcaacjqlbv884x4nx3y2hr4rf1wz-SelectionBias_2.0.0.tar.gz' from 'https://cache.nixos.org'...
building '/nix/store/apc67zq1378pkw0d6l02p7l847cjj9g7-r-SelectionBias-2.0.0.drv'...
Running phase: unpackPhase
unpacking source archive /nix/store/phbfjcaacjqlbv884x4nx3y2hr4rf1wz-SelectionBias_2.0.0.tar.gz
source root is SelectionBias
setting SOURCE_DATE_EPOCH to timestamp 1711544405 of file SelectionBias/MD5
Running phase: patchPhase
Running phase: updateAutotoolsGnuConfigScriptsPhase
Running phase: configurePhase
Running phase: buildPhase
Running phase: checkPhase
Running phase: installPhase
* installing *source* package ‘SelectionBias’ ...
** package ‘SelectionBias’ correctement décompressé et sommes MD5 vérifiées
** using staged installation
** R
** data
*** moving datasets to lazyload DB
** inst
** byte-compile and prepare package for lazy loading
** help
*** installing help indices
*** copying figures
** building package indices
** installing vignettes
** testing if installed package can be loaded from temporary location
** testing if installed package can be loaded from final location
** testing if installed package keeps a record of temporary installation path
* DONE (SelectionBias)
Running phase: fixupPhase
checking for references to /private/tmp/nix-build-r-SelectionBias-2.0.0.drv-0/ in /nix/store/wf5ndhjfs5id1my5qihv1picml5mxk8x-r-SelectionBias-2.0.0...
patching script interpreter paths in /nix/store/wf5ndhjfs5id1my5qihv1picml5mxk8x-r-SelectionBias-2.0.0
rewriting symlink /nix/store/wf5ndhjfs5id1my5qihv1picml5mxk8x-r-SelectionBias-2.0.0/nix-support/propagated-user-env-packages to be relative to /nix/store/wf5ndhjfs5id1my5qihv1picml5mxk8x-r-SelectionBias-2.0.0
