this derivation will be built:
  /nix/store/jj0pd9y402nz44l6lnrm78ycnwihjg9v-r-localModel-0.5.drv
this path will be fetched (0.07 MiB download, 0.07 MiB unpacked):
  /nix/store/pahh44ynii5as8w8f7wzgp1lbrjmyq3a-localModel_0.5.tar.gz
copying path '/nix/store/pahh44ynii5as8w8f7wzgp1lbrjmyq3a-localModel_0.5.tar.gz' from 'https://cache.nixos.org'...
building '/nix/store/jj0pd9y402nz44l6lnrm78ycnwihjg9v-r-localModel-0.5.drv'...
Running phase: unpackPhase
unpacking source archive /nix/store/pahh44ynii5as8w8f7wzgp1lbrjmyq3a-localModel_0.5.tar.gz
source root is localModel
setting SOURCE_DATE_EPOCH to timestamp 1631638201 of file localModel/MD5
Running phase: patchPhase
Running phase: updateAutotoolsGnuConfigScriptsPhase
Running phase: configurePhase
Running phase: buildPhase
Running phase: checkPhase
Running phase: installPhase
* installing *source* package ‘localModel’ ...
** package ‘localModel’ correctement décompressé et sommes MD5 vérifiées
** using staged installation
** R
** inst
** byte-compile and prepare package for lazy loading
** help
*** installing help indices
** building package indices
** installing vignettes
** testing if installed package can be loaded from temporary location
** testing if installed package can be loaded from final location
** testing if installed package keeps a record of temporary installation path
* DONE (localModel)
Running phase: fixupPhase
checking for references to /private/tmp/nix-build-r-localModel-0.5.drv-0/ in /nix/store/cp9cp53mav36vwik2dvf6hmjhc20rxif-r-localModel-0.5...
patching script interpreter paths in /nix/store/cp9cp53mav36vwik2dvf6hmjhc20rxif-r-localModel-0.5
rewriting symlink /nix/store/cp9cp53mav36vwik2dvf6hmjhc20rxif-r-localModel-0.5/nix-support/propagated-user-env-packages to be relative to /nix/store/cp9cp53mav36vwik2dvf6hmjhc20rxif-r-localModel-0.5
