this derivation will be built:
  /nix/store/wp73vari5jz0iiwjvvnx15wmfl23fmj8-r-leanpubr-0.3.1.drv
this path will be fetched (0.01 MiB download, 0.01 MiB unpacked):
  /nix/store/8k2xnwirph4g6njmkvq1h1yc46vcflh1-leanpubr_0.3.1.tar.gz
copying path '/nix/store/8k2xnwirph4g6njmkvq1h1yc46vcflh1-leanpubr_0.3.1.tar.gz' from 'https://cache.nixos.org'...
building '/nix/store/wp73vari5jz0iiwjvvnx15wmfl23fmj8-r-leanpubr-0.3.1.drv'...
Running phase: unpackPhase
unpacking source archive /nix/store/8k2xnwirph4g6njmkvq1h1yc46vcflh1-leanpubr_0.3.1.tar.gz
source root is leanpubr
setting SOURCE_DATE_EPOCH to timestamp 1534411805 of file leanpubr/MD5
Running phase: patchPhase
Running phase: updateAutotoolsGnuConfigScriptsPhase
Running phase: configurePhase
Running phase: buildPhase
Running phase: checkPhase
Running phase: installPhase
* installing *source* package ‘leanpubr’ ...
** package ‘leanpubr’ correctement décompressé et sommes MD5 vérifiées
** using staged installation
** R
** inst
** byte-compile and prepare package for lazy loading
** help
*** installing help indices
** building package indices
** installing vignettes
** testing if installed package can be loaded from temporary location
** testing if installed package can be loaded from final location
** testing if installed package keeps a record of temporary installation path
* DONE (leanpubr)
Running phase: fixupPhase
checking for references to /private/tmp/nix-build-r-leanpubr-0.3.1.drv-0/ in /nix/store/cvfmh1fq3mpppnz9h13swr1lz5wvrp6c-r-leanpubr-0.3.1...
patching script interpreter paths in /nix/store/cvfmh1fq3mpppnz9h13swr1lz5wvrp6c-r-leanpubr-0.3.1
rewriting symlink /nix/store/cvfmh1fq3mpppnz9h13swr1lz5wvrp6c-r-leanpubr-0.3.1/nix-support/propagated-user-env-packages to be relative to /nix/store/cvfmh1fq3mpppnz9h13swr1lz5wvrp6c-r-leanpubr-0.3.1
