this derivation will be built:
  /nix/store/hi2pklr7w99w4sy8phyzcxga6nn0al01-r-NLPclient-1.0.drv
this path will be fetched (0.01 MiB download, 0.01 MiB unpacked):
  /nix/store/063rjafhl5wq6da9w1s5mhcx2m1nbg8w-NLPclient_1.0.tar.gz
copying path '/nix/store/063rjafhl5wq6da9w1s5mhcx2m1nbg8w-NLPclient_1.0.tar.gz' from 'https://cache.nixos.org'...
building '/nix/store/hi2pklr7w99w4sy8phyzcxga6nn0al01-r-NLPclient-1.0.drv'...
Running phase: unpackPhase
unpacking source archive /nix/store/063rjafhl5wq6da9w1s5mhcx2m1nbg8w-NLPclient_1.0.tar.gz
source root is NLPclient
setting SOURCE_DATE_EPOCH to timestamp 1576246815 of file NLPclient/MD5
Running phase: patchPhase
Running phase: updateAutotoolsGnuConfigScriptsPhase
Running phase: configurePhase
Running phase: buildPhase
Running phase: checkPhase
Running phase: installPhase
* installing *source* package ‘NLPclient’ ...
** package ‘NLPclient’ correctement décompressé et sommes MD5 vérifiées
** using staged installation
** R
** byte-compile and prepare package for lazy loading
** help
*** installing help indices
** building package indices
** testing if installed package can be loaded from temporary location
** testing if installed package can be loaded from final location
** testing if installed package keeps a record of temporary installation path
* DONE (NLPclient)
Running phase: fixupPhase
checking for references to /private/tmp/nix-build-r-NLPclient-1.0.drv-0/ in /nix/store/w9vvr6jgnwji529my9cpk5sgq88nii4r-r-NLPclient-1.0...
patching script interpreter paths in /nix/store/w9vvr6jgnwji529my9cpk5sgq88nii4r-r-NLPclient-1.0
rewriting symlink /nix/store/w9vvr6jgnwji529my9cpk5sgq88nii4r-r-NLPclient-1.0/nix-support/propagated-user-env-packages to be relative to /nix/store/w9vvr6jgnwji529my9cpk5sgq88nii4r-r-NLPclient-1.0
