this derivation will be built:
  /nix/store/7mgv2pz6nf12r785rqjjbc1sy3hbbsj4-r-vectorwavelet-0.1.0.drv
this path will be fetched (0.01 MiB download, 0.01 MiB unpacked):
  /nix/store/ij2yh2cygripq1sh7dxs3via2c79jap7-vectorwavelet_0.1.0.tar.gz
copying path '/nix/store/ij2yh2cygripq1sh7dxs3via2c79jap7-vectorwavelet_0.1.0.tar.gz' from 'https://cache.nixos.org'...
building '/nix/store/7mgv2pz6nf12r785rqjjbc1sy3hbbsj4-r-vectorwavelet-0.1.0.drv'...
Running phase: unpackPhase
unpacking source archive /nix/store/ij2yh2cygripq1sh7dxs3via2c79jap7-vectorwavelet_0.1.0.tar.gz
source root is vectorwavelet
setting SOURCE_DATE_EPOCH to timestamp 1610535002 of file vectorwavelet/MD5
Running phase: patchPhase
Running phase: updateAutotoolsGnuConfigScriptsPhase
Running phase: configurePhase
Running phase: buildPhase
Running phase: checkPhase
Running phase: installPhase
* installing *source* package ‘vectorwavelet’ ...
** package ‘vectorwavelet’ correctement décompressé et sommes MD5 vérifiées
** using staged installation
** R
** byte-compile and prepare package for lazy loading
** help
*** installing help indices
** building package indices
** testing if installed package can be loaded from temporary location
** testing if installed package can be loaded from final location
** testing if installed package keeps a record of temporary installation path
* DONE (vectorwavelet)
Running phase: fixupPhase
checking for references to /private/tmp/nix-build-r-vectorwavelet-0.1.0.drv-0/ in /nix/store/6ybq5sg1dqq6rz4xdgmfsbq02ziv7rfi-r-vectorwavelet-0.1.0...
patching script interpreter paths in /nix/store/6ybq5sg1dqq6rz4xdgmfsbq02ziv7rfi-r-vectorwavelet-0.1.0
rewriting symlink /nix/store/6ybq5sg1dqq6rz4xdgmfsbq02ziv7rfi-r-vectorwavelet-0.1.0/nix-support/propagated-user-env-packages to be relative to /nix/store/6ybq5sg1dqq6rz4xdgmfsbq02ziv7rfi-r-vectorwavelet-0.1.0
