this derivation will be built:
  /nix/store/gsrjaq6ccr1f28l68svmq1sapy0i7460-r-inlinedocs-2023.9.4.drv
this path will be fetched (0.06 MiB download, 0.06 MiB unpacked):
  /nix/store/0bmkiv30dfm3mg4g6k870b23f411vkli-inlinedocs_2023.9.4.tar.gz
copying path '/nix/store/0bmkiv30dfm3mg4g6k870b23f411vkli-inlinedocs_2023.9.4.tar.gz' from 'https://cache.nixos.org'...
building '/nix/store/gsrjaq6ccr1f28l68svmq1sapy0i7460-r-inlinedocs-2023.9.4.drv'...
Running phase: unpackPhase
unpacking source archive /nix/store/0bmkiv30dfm3mg4g6k870b23f411vkli-inlinedocs_2023.9.4.tar.gz
source root is inlinedocs
setting SOURCE_DATE_EPOCH to timestamp 1697653802 of file inlinedocs/MD5
Running phase: patchPhase
Running phase: updateAutotoolsGnuConfigScriptsPhase
Running phase: configurePhase
Running phase: buildPhase
Running phase: checkPhase
Running phase: installPhase
* installing *source* package ‘inlinedocs’ ...
** package ‘inlinedocs’ correctement décompressé et sommes MD5 vérifiées
** using staged installation
** R
** inst
** byte-compile and prepare package for lazy loading
** help
*** installing help indices
** building package indices
** testing if installed package can be loaded from temporary location
** testing if installed package can be loaded from final location
** testing if installed package keeps a record of temporary installation path
* DONE (inlinedocs)
Running phase: fixupPhase
checking for references to /private/tmp/nix-build-r-inlinedocs-2023.9.4.drv-0/ in /nix/store/i14zl2zzznmy0fc53x0kkz7031pz9djp-r-inlinedocs-2023.9.4...
patching script interpreter paths in /nix/store/i14zl2zzznmy0fc53x0kkz7031pz9djp-r-inlinedocs-2023.9.4
