this derivation will be built:
  /nix/store/d5da4nh03d8x8rfx6viwqjdsg3wbygih-r-Rtropical-1.2.1.drv
this path will be fetched (0.38 MiB download, 0.38 MiB unpacked):
  /nix/store/arq82qv6m0wrwj694hg7gcx9342dfd6s-Rtropical_1.2.1.tar.gz
copying path '/nix/store/arq82qv6m0wrwj694hg7gcx9342dfd6s-Rtropical_1.2.1.tar.gz' from 'https://cache.nixos.org'...
building '/nix/store/d5da4nh03d8x8rfx6viwqjdsg3wbygih-r-Rtropical-1.2.1.drv'...
Running phase: unpackPhase
unpacking source archive /nix/store/arq82qv6m0wrwj694hg7gcx9342dfd6s-Rtropical_1.2.1.tar.gz
source root is Rtropical
setting SOURCE_DATE_EPOCH to timestamp 1636483808 of file Rtropical/MD5
Running phase: patchPhase
Running phase: updateAutotoolsGnuConfigScriptsPhase
Running phase: configurePhase
Running phase: buildPhase
Running phase: checkPhase
Running phase: installPhase
* installing *source* package ‘Rtropical’ ...
** package ‘Rtropical’ correctement décompressé et sommes MD5 vérifiées
** using staged installation
** R
** data
*** moving datasets to lazyload DB
** inst
** byte-compile and prepare package for lazy loading
** help
*** installing help indices
** building package indices
** installing vignettes
** testing if installed package can be loaded from temporary location
** testing if installed package can be loaded from final location
** testing if installed package keeps a record of temporary installation path
* DONE (Rtropical)
Running phase: fixupPhase
checking for references to /private/tmp/nix-build-r-Rtropical-1.2.1.drv-0/ in /nix/store/sy15ximfw09cdhjfk9hwn1jxq1lxd7ms-r-Rtropical-1.2.1...
patching script interpreter paths in /nix/store/sy15ximfw09cdhjfk9hwn1jxq1lxd7ms-r-Rtropical-1.2.1
rewriting symlink /nix/store/sy15ximfw09cdhjfk9hwn1jxq1lxd7ms-r-Rtropical-1.2.1/nix-support/propagated-user-env-packages to be relative to /nix/store/sy15ximfw09cdhjfk9hwn1jxq1lxd7ms-r-Rtropical-1.2.1
