this derivation will be built:
  /nix/store/5j70nisz49fz6symhhx97x9yqwlabzhm-r-probably-1.0.3.drv
this path will be fetched (1.18 MiB download, 1.18 MiB unpacked):
  /nix/store/cn9v2hjqn5k6l5ppmp9gii310p1na2q7-probably_1.0.3.tar.gz
copying path '/nix/store/cn9v2hjqn5k6l5ppmp9gii310p1na2q7-probably_1.0.3.tar.gz' from 'https://cache.nixos.org'...
building '/nix/store/5j70nisz49fz6symhhx97x9yqwlabzhm-r-probably-1.0.3.drv'...
Running phase: unpackPhase
unpacking source archive /nix/store/cn9v2hjqn5k6l5ppmp9gii310p1na2q7-probably_1.0.3.tar.gz
source root is probably
setting SOURCE_DATE_EPOCH to timestamp 1708658402 of file probably/MD5
Running phase: patchPhase
Running phase: updateAutotoolsGnuConfigScriptsPhase
Running phase: configurePhase
Running phase: buildPhase
Running phase: checkPhase
Running phase: installPhase
* installing *source* package ‘probably’ ...
** package ‘probably’ correctement décompressé et sommes MD5 vérifiées
** using staged installation
** R
** data
*** moving datasets to lazyload DB
** inst
** byte-compile and prepare package for lazy loading
** help
*** installing help indices
*** copying figures
** building package indices
** installing vignettes
** testing if installed package can be loaded from temporary location
** testing if installed package can be loaded from final location
** testing if installed package keeps a record of temporary installation path
* DONE (probably)
Running phase: fixupPhase
checking for references to /private/tmp/nix-build-r-probably-1.0.3.drv-0/ in /nix/store/bxmj7arf4jln6l69cpq06fj684f2qink-r-probably-1.0.3...
patching script interpreter paths in /nix/store/bxmj7arf4jln6l69cpq06fj684f2qink-r-probably-1.0.3
rewriting symlink /nix/store/bxmj7arf4jln6l69cpq06fj684f2qink-r-probably-1.0.3/nix-support/propagated-user-env-packages to be relative to /nix/store/bxmj7arf4jln6l69cpq06fj684f2qink-r-probably-1.0.3
