this derivation will be built:
  /nix/store/0v766f3a4bdlfrkhxn7by7dxzw4jgfzl-r-unicol-0.3.0.drv
this path will be fetched (1.41 MiB download, 1.42 MiB unpacked):
  /nix/store/bwlvsd0ggqmqmj852vdb7xrzrnkwx6sb-unicol_0.3.0.tar.gz
copying path '/nix/store/bwlvsd0ggqmqmj852vdb7xrzrnkwx6sb-unicol_0.3.0.tar.gz' from 'https://cache.nixos.org'...
building '/nix/store/0v766f3a4bdlfrkhxn7by7dxzw4jgfzl-r-unicol-0.3.0.drv'...
Running phase: unpackPhase
unpacking source archive /nix/store/bwlvsd0ggqmqmj852vdb7xrzrnkwx6sb-unicol_0.3.0.tar.gz
source root is unicol
setting SOURCE_DATE_EPOCH to timestamp 1714571409 of file unicol/MD5
Running phase: patchPhase
Running phase: updateAutotoolsGnuConfigScriptsPhase
Running phase: configurePhase
Running phase: buildPhase
Running phase: checkPhase
Running phase: installPhase
* installing *source* package ‘unicol’ ...
** package ‘unicol’ correctement décompressé et sommes MD5 vérifiées
** using staged installation
** R
** inst
** byte-compile and prepare package for lazy loading
** help
*** installing help indices
*** copying figures
** building package indices
** installing vignettes
** testing if installed package can be loaded from temporary location
** testing if installed package can be loaded from final location
** testing if installed package keeps a record of temporary installation path
* DONE (unicol)
Running phase: fixupPhase
checking for references to /private/tmp/nix-build-r-unicol-0.3.0.drv-0/ in /nix/store/grkfb8nxjvp556hlqz48p1n1qdlzrfyr-r-unicol-0.3.0...
patching script interpreter paths in /nix/store/grkfb8nxjvp556hlqz48p1n1qdlzrfyr-r-unicol-0.3.0
rewriting symlink /nix/store/grkfb8nxjvp556hlqz48p1n1qdlzrfyr-r-unicol-0.3.0/nix-support/propagated-user-env-packages to be relative to /nix/store/grkfb8nxjvp556hlqz48p1n1qdlzrfyr-r-unicol-0.3.0
