this derivation will be built:
  /nix/store/7mkdh4fflixq8rl8xv9lmn4biv0fkhkc-r-lero.lero-0.2.drv
this path will be fetched (0.01 MiB download, 0.01 MiB unpacked):
  /nix/store/iawk0bj40c2qxypdjc0vi4pmg18w34gf-lero.lero_0.2.tar.gz
copying path '/nix/store/iawk0bj40c2qxypdjc0vi4pmg18w34gf-lero.lero_0.2.tar.gz' from 'https://cache.nixos.org'...
building '/nix/store/7mkdh4fflixq8rl8xv9lmn4biv0fkhkc-r-lero.lero-0.2.drv'...
Running phase: unpackPhase
unpacking source archive /nix/store/iawk0bj40c2qxypdjc0vi4pmg18w34gf-lero.lero_0.2.tar.gz
source root is lero.lero
setting SOURCE_DATE_EPOCH to timestamp 1535656203 of file lero.lero/MD5
Running phase: patchPhase
Running phase: updateAutotoolsGnuConfigScriptsPhase
Running phase: configurePhase
Running phase: buildPhase
Running phase: checkPhase
Running phase: installPhase
* installing *source* package ‘lero.lero’ ...
** package ‘lero.lero’ correctement décompressé et sommes MD5 vérifiées
** using staged installation
** R
** byte-compile and prepare package for lazy loading
** help
*** installing help indices
** building package indices
** testing if installed package can be loaded from temporary location
** testing if installed package can be loaded from final location
** testing if installed package keeps a record of temporary installation path
* DONE (lero.lero)
Running phase: fixupPhase
checking for references to /private/tmp/nix-build-r-lero.lero-0.2.drv-0/ in /nix/store/k7rc247k95c7x7zvx06629si0z2fbddc-r-lero.lero-0.2...
patching script interpreter paths in /nix/store/k7rc247k95c7x7zvx06629si0z2fbddc-r-lero.lero-0.2
