this derivation will be built:
  /nix/store/sr72bawzh7gb88qfsbsg9ng77jh3iblx-r-rUM-2.0.0.drv
this path will be fetched (3.91 MiB download, 3.92 MiB unpacked):
  /nix/store/5xx94wpyrsdcy94bjhcfhfg7cmr6lp2f-rUM_2.0.0.tar.gz
copying path '/nix/store/5xx94wpyrsdcy94bjhcfhfg7cmr6lp2f-rUM_2.0.0.tar.gz' from 'https://cache.nixos.org'...
building '/nix/store/sr72bawzh7gb88qfsbsg9ng77jh3iblx-r-rUM-2.0.0.drv'...
Running phase: unpackPhase
unpacking source archive /nix/store/5xx94wpyrsdcy94bjhcfhfg7cmr6lp2f-rUM_2.0.0.tar.gz
source root is rUM
setting SOURCE_DATE_EPOCH to timestamp 1717335603 of file rUM/MD5
Running phase: patchPhase
Running phase: updateAutotoolsGnuConfigScriptsPhase
Running phase: configurePhase
Running phase: buildPhase
Running phase: checkPhase
Running phase: installPhase
* installing *source* package ‘rUM’ ...
** package ‘rUM’ correctement décompressé et sommes MD5 vérifiées
** using staged installation
** R
** inst
** byte-compile and prepare package for lazy loading
** help
*** installing help indices
*** copying figures
** building package indices
** installing vignettes
** testing if installed package can be loaded from temporary location
** testing if installed package can be loaded from final location
** testing if installed package keeps a record of temporary installation path
* DONE (rUM)
Running phase: fixupPhase
checking for references to /private/tmp/nix-build-r-rUM-2.0.0.drv-0/ in /nix/store/nh16cgc0r8gdpzfgj0hdn15fnykm3265-r-rUM-2.0.0...
patching script interpreter paths in /nix/store/nh16cgc0r8gdpzfgj0hdn15fnykm3265-r-rUM-2.0.0
rewriting symlink /nix/store/nh16cgc0r8gdpzfgj0hdn15fnykm3265-r-rUM-2.0.0/nix-support/propagated-user-env-packages to be relative to /nix/store/nh16cgc0r8gdpzfgj0hdn15fnykm3265-r-rUM-2.0.0
