this derivation will be built:
  /nix/store/sqj38i24h5vicqkwcjcml1w6n8dcj34k-r-niaidMI-1.1.0.drv
this path will be fetched (0.24 MiB download, 0.24 MiB unpacked):
  /nix/store/mbri8bp2b66gch1pq5j2nggwlifc2zbf-niaidMI_1.1.0.tar.gz
copying path '/nix/store/mbri8bp2b66gch1pq5j2nggwlifc2zbf-niaidMI_1.1.0.tar.gz' from 'https://cache.nixos.org'...
building '/nix/store/sqj38i24h5vicqkwcjcml1w6n8dcj34k-r-niaidMI-1.1.0.drv'...
Running phase: unpackPhase
unpacking source archive /nix/store/mbri8bp2b66gch1pq5j2nggwlifc2zbf-niaidMI_1.1.0.tar.gz
source root is niaidMI
setting SOURCE_DATE_EPOCH to timestamp 1644607202 of file niaidMI/MD5
Running phase: patchPhase
Running phase: updateAutotoolsGnuConfigScriptsPhase
Running phase: configurePhase
Running phase: buildPhase
Running phase: checkPhase
Running phase: installPhase
* installing *source* package ‘niaidMI’ ...
** package ‘niaidMI’ correctement décompressé et sommes MD5 vérifiées
** using staged installation
** libs
using C++ compiler: ‘clang version 16.0.6’
using SDK: ‘’
/nix/store/v39c0h6xv6hvki2k1bsyp5n090q8y2bp-clang-wrapper-16.0.6/bin/c++ -std=gnu++17 -I"/nix/store/lir8rmsk7dxbj7v1spqmv69z4mafg16l-R-4.4.2/lib/R/include" -DNDEBUG  -I'/nix/store/da7yi2xf3argx9hlnn3f0k95b8y1yx2l-r-Rcpp-1.0.13-1/library/Rcpp/include' -isystem /nix/store/0mmz5i705116bfykc7i1r9jxqwyghj2a-libcxx-16.0.6-dev/include/c++/v1    -fPIC  -g -O2   -c RcppExports.cpp -o RcppExports.o
/nix/store/v39c0h6xv6hvki2k1bsyp5n090q8y2bp-clang-wrapper-16.0.6/bin/c++ -std=gnu++17 -I"/nix/store/lir8rmsk7dxbj7v1spqmv69z4mafg16l-R-4.4.2/lib/R/include" -DNDEBUG  -I'/nix/store/da7yi2xf3argx9hlnn3f0k95b8y1yx2l-r-Rcpp-1.0.13-1/library/Rcpp/include' -isystem /nix/store/0mmz5i705116bfykc7i1r9jxqwyghj2a-libcxx-16.0.6-dev/include/c++/v1    -fPIC  -g -O2   -c col_mult.cpp -o col_mult.o
/nix/store/v39c0h6xv6hvki2k1bsyp5n090q8y2bp-clang-wrapper-16.0.6/bin/c++ -std=gnu++17 -dynamiclib -Wl,-headerpad_max_install_names -undefined dynamic_lookup -L/nix/store/lir8rmsk7dxbj7v1spqmv69z4mafg16l-R-4.4.2/lib/R/lib -L/nix/store/88xkgzh5g9xppsg3hdxxxh9q43rnxk6k-libcxx-16.0.6/lib -o niaidMI.so RcppExports.o col_mult.o -L/nix/store/lir8rmsk7dxbj7v1spqmv69z4mafg16l-R-4.4.2/lib/R/lib -lR -lintl -Wl,-framework -Wl,CoreFoundation
installing to /nix/store/cnn6ianjjywfpzlvi12pixm7lh3p2fcx-r-niaidMI-1.1.0/library/00LOCK-niaidMI/00new/niaidMI/libs
** R
** inst
** byte-compile and prepare package for lazy loading
** help
*** installing help indices
** building package indices
** testing if installed package can be loaded from temporary location
** checking absolute paths in shared objects and dynamic libraries
** testing if installed package can be loaded from final location
** testing if installed package keeps a record of temporary installation path
* DONE (niaidMI)
Running phase: fixupPhase
checking for references to /private/tmp/nix-build-r-niaidMI-1.1.0.drv-0/ in /nix/store/cnn6ianjjywfpzlvi12pixm7lh3p2fcx-r-niaidMI-1.1.0...
patching script interpreter paths in /nix/store/cnn6ianjjywfpzlvi12pixm7lh3p2fcx-r-niaidMI-1.1.0
rewriting symlink /nix/store/cnn6ianjjywfpzlvi12pixm7lh3p2fcx-r-niaidMI-1.1.0/nix-support/propagated-user-env-packages to be relative to /nix/store/cnn6ianjjywfpzlvi12pixm7lh3p2fcx-r-niaidMI-1.1.0
