this derivation will be built:
  /nix/store/04dr34g665lxkz93pfy8jghlj2rl5sri-r-googleErrorReportingR-0.0.4.drv
building '/nix/store/04dr34g665lxkz93pfy8jghlj2rl5sri-r-googleErrorReportingR-0.0.4.drv'...
Running phase: unpackPhase
unpacking source archive /nix/store/g2q41zlscykpc28avazbhg57jiwkfqfv-googleErrorReportingR_0.0.4.tar.gz
source root is googleErrorReportingR
setting SOURCE_DATE_EPOCH to timestamp 1666884313 of file googleErrorReportingR/MD5
Running phase: patchPhase
Running phase: updateAutotoolsGnuConfigScriptsPhase
Running phase: configurePhase
Running phase: buildPhase
Running phase: checkPhase
Running phase: installPhase
* installing *source* package ‘googleErrorReportingR’ ...
** package ‘googleErrorReportingR’ correctement décompressé et sommes MD5 vérifiées
** using staged installation
** R
** inst
** byte-compile and prepare package for lazy loading
** help
*** installing help indices
*** copying figures
** building package indices
** installing vignettes
** testing if installed package can be loaded from temporary location
** testing if installed package can be loaded from final location
** testing if installed package keeps a record of temporary installation path
* DONE (googleErrorReportingR)
Running phase: fixupPhase
checking for references to /private/tmp/nix-build-r-googleErrorReportingR-0.0.4.drv-0/ in /nix/store/wp72zw530pc1v6xgq1kjayhbbqsjp1vs-r-googleErrorReportingR-0.0.4...
patching script interpreter paths in /nix/store/wp72zw530pc1v6xgq1kjayhbbqsjp1vs-r-googleErrorReportingR-0.0.4
rewriting symlink /nix/store/wp72zw530pc1v6xgq1kjayhbbqsjp1vs-r-googleErrorReportingR-0.0.4/nix-support/propagated-user-env-packages to be relative to /nix/store/wp72zw530pc1v6xgq1kjayhbbqsjp1vs-r-googleErrorReportingR-0.0.4
