this derivation will be built:
  /nix/store/pqgx9z73fl2fp90yyfi28wlp7jvmgaw4-r-taxonomizr-0.10.6.drv
building '/nix/store/pqgx9z73fl2fp90yyfi28wlp7jvmgaw4-r-taxonomizr-0.10.6.drv'...
Running phase: unpackPhase
unpacking source archive /nix/store/slrxpxk8m6d4kfnw4vr2078bpjspdic7-taxonomizr_0.10.6.tar.gz
source root is taxonomizr
setting SOURCE_DATE_EPOCH to timestamp 1702677002 of file taxonomizr/MD5
Running phase: patchPhase
Running phase: updateAutotoolsGnuConfigScriptsPhase
Running phase: configurePhase
Running phase: buildPhase
Running phase: checkPhase
Running phase: installPhase
* installing *source* package ‘taxonomizr’ ...
** package ‘taxonomizr’ correctement décompressé et sommes MD5 vérifiées
** using staged installation
** libs
using C compiler: ‘clang version 16.0.6’
using SDK: ‘’
/nix/store/v39c0h6xv6hvki2k1bsyp5n090q8y2bp-clang-wrapper-16.0.6/bin/cc -I"/nix/store/lir8rmsk7dxbj7v1spqmv69z4mafg16l-R-4.4.2/lib/R/include" -DNDEBUG   -isystem /nix/store/0mmz5i705116bfykc7i1r9jxqwyghj2a-libcxx-16.0.6-dev/include/c++/v1    -fPIC  -g -O2  -c taxaTrim.c -o taxaTrim.o
/nix/store/v39c0h6xv6hvki2k1bsyp5n090q8y2bp-clang-wrapper-16.0.6/bin/cc -I"/nix/store/lir8rmsk7dxbj7v1spqmv69z4mafg16l-R-4.4.2/lib/R/include" -DNDEBUG   -isystem /nix/store/0mmz5i705116bfykc7i1r9jxqwyghj2a-libcxx-16.0.6-dev/include/c++/v1    -fPIC  -g -O2  -c taxonomizr-init.c -o taxonomizr-init.o
/nix/store/v39c0h6xv6hvki2k1bsyp5n090q8y2bp-clang-wrapper-16.0.6/bin/cc -dynamiclib -Wl,-headerpad_max_install_names -undefined dynamic_lookup -L/nix/store/lir8rmsk7dxbj7v1spqmv69z4mafg16l-R-4.4.2/lib/R/lib -L/nix/store/88xkgzh5g9xppsg3hdxxxh9q43rnxk6k-libcxx-16.0.6/lib -o taxonomizr.so taxaTrim.o taxonomizr-init.o -L/nix/store/lir8rmsk7dxbj7v1spqmv69z4mafg16l-R-4.4.2/lib/R/lib -lR -lintl -Wl,-framework -Wl,CoreFoundation
installing to /nix/store/d9kqva0yv3dx2niibm0nwvhdyp34n1rp-r-taxonomizr-0.10.6/library/00LOCK-taxonomizr/00new/taxonomizr/libs
** R
** inst
** byte-compile and prepare package for lazy loading
** help
*** installing help indices
** building package indices
** installing vignettes
** testing if installed package can be loaded from temporary location
** checking absolute paths in shared objects and dynamic libraries
** testing if installed package can be loaded from final location
** testing if installed package keeps a record of temporary installation path
* DONE (taxonomizr)
Running phase: fixupPhase
checking for references to /private/tmp/nix-build-r-taxonomizr-0.10.6.drv-0/ in /nix/store/d9kqva0yv3dx2niibm0nwvhdyp34n1rp-r-taxonomizr-0.10.6...
patching script interpreter paths in /nix/store/d9kqva0yv3dx2niibm0nwvhdyp34n1rp-r-taxonomizr-0.10.6
rewriting symlink /nix/store/d9kqva0yv3dx2niibm0nwvhdyp34n1rp-r-taxonomizr-0.10.6/nix-support/propagated-user-env-packages to be relative to /nix/store/d9kqva0yv3dx2niibm0nwvhdyp34n1rp-r-taxonomizr-0.10.6
