this derivation will be built:
  /nix/store/j1fp4xfxiygfkqp8impk2wj4ddjdpb2p-r-SimEngine-1.4.0.drv
this path will be fetched (0.59 MiB download, 0.59 MiB unpacked):
  /nix/store/yassd84phb8xxvx7c6a29srr1xsxn0vl-SimEngine_1.4.0.tar.gz
copying path '/nix/store/yassd84phb8xxvx7c6a29srr1xsxn0vl-SimEngine_1.4.0.tar.gz' from 'https://cache.nixos.org'...
building '/nix/store/j1fp4xfxiygfkqp8impk2wj4ddjdpb2p-r-SimEngine-1.4.0.drv'...
Running phase: unpackPhase
unpacking source archive /nix/store/yassd84phb8xxvx7c6a29srr1xsxn0vl-SimEngine_1.4.0.tar.gz
source root is SimEngine
setting SOURCE_DATE_EPOCH to timestamp 1712200978 of file SimEngine/MD5
Running phase: patchPhase
Running phase: updateAutotoolsGnuConfigScriptsPhase
Running phase: configurePhase
Running phase: buildPhase
Running phase: checkPhase
Running phase: installPhase
* installing *source* package ‘SimEngine’ ...
** package ‘SimEngine’ correctement décompressé et sommes MD5 vérifiées
** using staged installation
** R
** inst
** byte-compile and prepare package for lazy loading
** help
*** installing help indices
*** copying figures
** building package indices
** installing vignettes
** testing if installed package can be loaded from temporary location
** testing if installed package can be loaded from final location
** testing if installed package keeps a record of temporary installation path
* DONE (SimEngine)
Running phase: fixupPhase
checking for references to /private/tmp/nix-build-r-SimEngine-1.4.0.drv-0/ in /nix/store/89z632040db4ravg54j757qzqc0l29zq-r-SimEngine-1.4.0...
patching script interpreter paths in /nix/store/89z632040db4ravg54j757qzqc0l29zq-r-SimEngine-1.4.0
rewriting symlink /nix/store/89z632040db4ravg54j757qzqc0l29zq-r-SimEngine-1.4.0/nix-support/propagated-user-env-packages to be relative to /nix/store/89z632040db4ravg54j757qzqc0l29zq-r-SimEngine-1.4.0
