these 2 derivations will be built:
  /nix/store/1j8zcjl19ii6camasc7lggnmwai1brcn-LTASR_0.1.4.tar.gz.drv
  /nix/store/k2blr7jqidmsq26zl6p7pjjcyxh84g85-r-LTASR-0.1.4.drv
building '/nix/store/1j8zcjl19ii6camasc7lggnmwai1brcn-LTASR_0.1.4.tar.gz.drv'...

trying https://cran.r-project.org/src/contrib/LTASR_0.1.4.tar.gz
  % Total    % Received % Xferd  Average Speed   Time    Time     Time  Current
                                 Dload  Upload   Total   Spent    Left  Speed
100 1599k  100 1599k    0     0  4707k      0 --:--:-- --:--:-- --:--:-- 4704k
building '/nix/store/k2blr7jqidmsq26zl6p7pjjcyxh84g85-r-LTASR-0.1.4.drv'...
Running phase: unpackPhase
unpacking source archive /nix/store/4iy5i7pvy8b8yg560zs21dz31hgcww35-LTASR_0.1.4.tar.gz
source root is LTASR
setting SOURCE_DATE_EPOCH to timestamp 1724367602 of file LTASR/MD5
Running phase: patchPhase
Running phase: updateAutotoolsGnuConfigScriptsPhase
Running phase: configurePhase
Running phase: buildPhase
Running phase: checkPhase
Running phase: installPhase
* installing *source* package ‘LTASR’ ...
** package ‘LTASR’ correctement décompressé et sommes MD5 vérifiées
** using staged installation
** R
** data
*** moving datasets to lazyload DB
** inst
** byte-compile and prepare package for lazy loading
** help
*** installing help indices
** building package indices
** installing vignettes
** testing if installed package can be loaded from temporary location
** testing if installed package can be loaded from final location
** testing if installed package keeps a record of temporary installation path
* DONE (LTASR)
Running phase: fixupPhase
checking for references to /private/tmp/nix-build-r-LTASR-0.1.4.drv-0/ in /nix/store/avaaxjbqd8hlvf5sfgxcslqz6qxydxih-r-LTASR-0.1.4...
patching script interpreter paths in /nix/store/avaaxjbqd8hlvf5sfgxcslqz6qxydxih-r-LTASR-0.1.4
rewriting symlink /nix/store/avaaxjbqd8hlvf5sfgxcslqz6qxydxih-r-LTASR-0.1.4/nix-support/propagated-user-env-packages to be relative to /nix/store/avaaxjbqd8hlvf5sfgxcslqz6qxydxih-r-LTASR-0.1.4
