these 2 derivations will be built:
  /nix/store/2c38bhkhk2jaff0rzi7jbz13myicm75p-twingp_1.0.0.tar.gz.drv
  /nix/store/q3qpp4d6c8jvk0wsa3ak0844rhhj0jg6-r-twingp-1.0.0.drv
building '/nix/store/2c38bhkhk2jaff0rzi7jbz13myicm75p-twingp_1.0.0.tar.gz.drv'...

trying https://cran.r-project.org/src/contrib/twingp_1.0.0.tar.gz
  % Total    % Received % Xferd  Average Speed   Time    Time     Time  Current
                                 Dload  Upload   Total   Spent    Left  Speed
100 28788  100 28788    0     0   252k      0 --:--:-- --:--:-- --:--:--  253k
building '/nix/store/q3qpp4d6c8jvk0wsa3ak0844rhhj0jg6-r-twingp-1.0.0.drv'...
Running phase: unpackPhase
unpacking source archive /nix/store/vrvl6a9s5a26ahv5ygsb0075dr12w25f-twingp_1.0.0.tar.gz
source root is twingp
setting SOURCE_DATE_EPOCH to timestamp 1726839602 of file twingp/MD5
Running phase: patchPhase
Running phase: updateAutotoolsGnuConfigScriptsPhase
Running phase: configurePhase
Running phase: buildPhase
Running phase: checkPhase
Running phase: installPhase
* installing *source* package ‘twingp’ ...
** package ‘twingp’ correctement décompressé et sommes MD5 vérifiées
** using staged installation
** libs
using C++ compiler: ‘clang version 16.0.6’
using SDK: ‘’
/nix/store/v39c0h6xv6hvki2k1bsyp5n090q8y2bp-clang-wrapper-16.0.6/bin/c++ -std=gnu++17 -I"/nix/store/lir8rmsk7dxbj7v1spqmv69z4mafg16l-R-4.4.2/lib/R/include" -DNDEBUG  -I'/nix/store/da7yi2xf3argx9hlnn3f0k95b8y1yx2l-r-Rcpp-1.0.13-1/library/Rcpp/include' -I'/nix/store/rnnw6rgkd98vplpryvk019w9yxx64gnw-r-RcppEigen-0.3.4.0.2/library/RcppEigen/include' -I'/nix/store/85w9c9vsarjaagrarqm8k31xcrgi8989-r-nloptr-2.1.1/library/nloptr/include' -isystem /nix/store/0mmz5i705116bfykc7i1r9jxqwyghj2a-libcxx-16.0.6-dev/include/c++/v1    -fPIC  -g -O2   -c RcppExports.cpp -o RcppExports.o
/nix/store/v39c0h6xv6hvki2k1bsyp5n090q8y2bp-clang-wrapper-16.0.6/bin/c++ -std=gnu++17 -I"/nix/store/lir8rmsk7dxbj7v1spqmv69z4mafg16l-R-4.4.2/lib/R/include" -DNDEBUG  -I'/nix/store/da7yi2xf3argx9hlnn3f0k95b8y1yx2l-r-Rcpp-1.0.13-1/library/Rcpp/include' -I'/nix/store/rnnw6rgkd98vplpryvk019w9yxx64gnw-r-RcppEigen-0.3.4.0.2/library/RcppEigen/include' -I'/nix/store/85w9c9vsarjaagrarqm8k31xcrgi8989-r-nloptr-2.1.1/library/nloptr/include' -isystem /nix/store/0mmz5i705116bfykc7i1r9jxqwyghj2a-libcxx-16.0.6-dev/include/c++/v1    -fPIC  -g -O2   -c glgp.cpp -o glgp.o
/nix/store/v39c0h6xv6hvki2k1bsyp5n090q8y2bp-clang-wrapper-16.0.6/bin/c++ -std=gnu++17 -I"/nix/store/lir8rmsk7dxbj7v1spqmv69z4mafg16l-R-4.4.2/lib/R/include" -DNDEBUG  -I'/nix/store/da7yi2xf3argx9hlnn3f0k95b8y1yx2l-r-Rcpp-1.0.13-1/library/Rcpp/include' -I'/nix/store/rnnw6rgkd98vplpryvk019w9yxx64gnw-r-RcppEigen-0.3.4.0.2/library/RcppEigen/include' -I'/nix/store/85w9c9vsarjaagrarqm8k31xcrgi8989-r-nloptr-2.1.1/library/nloptr/include' -isystem /nix/store/0mmz5i705116bfykc7i1r9jxqwyghj2a-libcxx-16.0.6-dev/include/c++/v1    -fPIC  -g -O2   -c twinning.cpp -o twinning.o
/nix/store/v39c0h6xv6hvki2k1bsyp5n090q8y2bp-clang-wrapper-16.0.6/bin/c++ -std=gnu++17 -dynamiclib -Wl,-headerpad_max_install_names -undefined dynamic_lookup -L/nix/store/lir8rmsk7dxbj7v1spqmv69z4mafg16l-R-4.4.2/lib/R/lib -L/nix/store/88xkgzh5g9xppsg3hdxxxh9q43rnxk6k-libcxx-16.0.6/lib -o twingp.so RcppExports.o glgp.o twinning.o -L/nix/store/lir8rmsk7dxbj7v1spqmv69z4mafg16l-R-4.4.2/lib/R/lib -lR -lintl -Wl,-framework -Wl,CoreFoundation
installing to /nix/store/1qkcjkrjhg854cwlzichqi77vx0n06hl-r-twingp-1.0.0/library/00LOCK-twingp/00new/twingp/libs
** R
** inst
** byte-compile and prepare package for lazy loading
** help
*** installing help indices
** building package indices
** testing if installed package can be loaded from temporary location
** checking absolute paths in shared objects and dynamic libraries
** testing if installed package can be loaded from final location
** testing if installed package keeps a record of temporary installation path
* DONE (twingp)
Running phase: fixupPhase
checking for references to /private/tmp/nix-build-r-twingp-1.0.0.drv-0/ in /nix/store/1qkcjkrjhg854cwlzichqi77vx0n06hl-r-twingp-1.0.0...
patching script interpreter paths in /nix/store/1qkcjkrjhg854cwlzichqi77vx0n06hl-r-twingp-1.0.0
rewriting symlink /nix/store/1qkcjkrjhg854cwlzichqi77vx0n06hl-r-twingp-1.0.0/nix-support/propagated-user-env-packages to be relative to /nix/store/1qkcjkrjhg854cwlzichqi77vx0n06hl-r-twingp-1.0.0
