this derivation will be built:
  /nix/store/wmsbnd0i8kbryxa5naas7bzimm0mzqal-r-paletteknife-0.4.2.drv
this path will be fetched (0.02 MiB download, 0.02 MiB unpacked):
  /nix/store/nqzzwm2hky5i2408v3w4nvj5xqsa7hsg-paletteknife_0.4.2.tar.gz
copying path '/nix/store/nqzzwm2hky5i2408v3w4nvj5xqsa7hsg-paletteknife_0.4.2.tar.gz' from 'https://cache.nixos.org'...
building '/nix/store/wmsbnd0i8kbryxa5naas7bzimm0mzqal-r-paletteknife-0.4.2.drv'...
Running phase: unpackPhase
unpacking source archive /nix/store/nqzzwm2hky5i2408v3w4nvj5xqsa7hsg-paletteknife_0.4.2.tar.gz
source root is paletteknife
setting SOURCE_DATE_EPOCH to timestamp 1650471602 of file paletteknife/MD5
Running phase: patchPhase
Running phase: updateAutotoolsGnuConfigScriptsPhase
Running phase: configurePhase
Running phase: buildPhase
Running phase: checkPhase
Running phase: installPhase
* installing *source* package ‘paletteknife’ ...
** package ‘paletteknife’ correctement décompressé et sommes MD5 vérifiées
** using staged installation
** R
** byte-compile and prepare package for lazy loading
** help
*** installing help indices
** building package indices
** testing if installed package can be loaded from temporary location
** testing if installed package can be loaded from final location
** testing if installed package keeps a record of temporary installation path
* DONE (paletteknife)
Running phase: fixupPhase
checking for references to /private/tmp/nix-build-r-paletteknife-0.4.2.drv-0/ in /nix/store/lr43v8js1gg06axzx86l94q2qbrw2p88-r-paletteknife-0.4.2...
patching script interpreter paths in /nix/store/lr43v8js1gg06axzx86l94q2qbrw2p88-r-paletteknife-0.4.2
