this derivation will be built:
  /nix/store/i7s4pcj4pdrny4m0fx60vmfif26jkr10-r-minimax-1.1.1.drv
this path will be fetched (0.00 MiB download, 0.00 MiB unpacked):
  /nix/store/k4mwnnsikbmv1rwlm114n80q1w0gsxih-minimax_1.1.1.tar.gz
copying path '/nix/store/k4mwnnsikbmv1rwlm114n80q1w0gsxih-minimax_1.1.1.tar.gz' from 'https://cache.nixos.org'...
building '/nix/store/i7s4pcj4pdrny4m0fx60vmfif26jkr10-r-minimax-1.1.1.drv'...
Running phase: unpackPhase
unpacking source archive /nix/store/k4mwnnsikbmv1rwlm114n80q1w0gsxih-minimax_1.1.1.tar.gz
source root is minimax
setting SOURCE_DATE_EPOCH to timestamp 1692507752 of file minimax/MD5
Running phase: patchPhase
Running phase: updateAutotoolsGnuConfigScriptsPhase
Running phase: configurePhase
Running phase: buildPhase
Running phase: checkPhase
Running phase: installPhase
* installing *source* package ‘minimax’ ...
** package ‘minimax’ correctement décompressé et sommes MD5 vérifiées
** using staged installation
** R
** byte-compile and prepare package for lazy loading
** help
*** installing help indices
** building package indices
** testing if installed package can be loaded from temporary location
** testing if installed package can be loaded from final location
** testing if installed package keeps a record of temporary installation path
* DONE (minimax)
Running phase: fixupPhase
checking for references to /private/tmp/nix-build-r-minimax-1.1.1.drv-0/ in /nix/store/jdmfrkm7dajpqglscy2vqr0mrpr77fvb-r-minimax-1.1.1...
patching script interpreter paths in /nix/store/jdmfrkm7dajpqglscy2vqr0mrpr77fvb-r-minimax-1.1.1
