these 2 derivations will be built:
  /nix/store/syxmhj2d4asjylzlbjmrxqr28f4zfmhg-SSRA_0.1-1.tar.gz.drv
  /nix/store/xlcrcv4rcwxb65w4wx6zkg6kfab7qsmw-r-SSRA-0.1-1.drv
building '/nix/store/syxmhj2d4asjylzlbjmrxqr28f4zfmhg-SSRA_0.1-1.tar.gz.drv'...

trying https://cran.r-project.org/src/contrib/SSRA_0.1-1.tar.gz
  % Total    % Received % Xferd  Average Speed   Time    Time     Time  Current
                                 Dload  Upload   Total   Spent    Left  Speed
100 19534  100 19534    0     0   170k      0 --:--:-- --:--:-- --:--:--  171k
building '/nix/store/xlcrcv4rcwxb65w4wx6zkg6kfab7qsmw-r-SSRA-0.1-1.drv'...
Running phase: unpackPhase
unpacking source archive /nix/store/nlgq7212g1ww8flfy5rwqzjmr85ix6ms-SSRA_0.1-1.tar.gz
source root is SSRA
setting SOURCE_DATE_EPOCH to timestamp 1729159202 of file SSRA/MD5
Running phase: patchPhase
Running phase: updateAutotoolsGnuConfigScriptsPhase
Running phase: configurePhase
Running phase: buildPhase
Running phase: checkPhase
Running phase: installPhase
* installing *source* package ‘SSRA’ ...
** package ‘SSRA’ correctement décompressé et sommes MD5 vérifiées
** using staged installation
** R
** data
*** moving datasets to lazyload DB
** byte-compile and prepare package for lazy loading
** help
*** installing help indices
** building package indices
** testing if installed package can be loaded from temporary location
** testing if installed package can be loaded from final location
** testing if installed package keeps a record of temporary installation path
* DONE (SSRA)
Running phase: fixupPhase
checking for references to /private/tmp/nix-build-r-SSRA-0.1-1.drv-0/ in /nix/store/adb2whrsmvbplcakfxcybj98w1f1n0d9-r-SSRA-0.1-1...
patching script interpreter paths in /nix/store/adb2whrsmvbplcakfxcybj98w1f1n0d9-r-SSRA-0.1-1
rewriting symlink /nix/store/adb2whrsmvbplcakfxcybj98w1f1n0d9-r-SSRA-0.1-1/nix-support/propagated-user-env-packages to be relative to /nix/store/adb2whrsmvbplcakfxcybj98w1f1n0d9-r-SSRA-0.1-1
