this derivation will be built:
  /nix/store/cp5629clbzjk7h0wx7r0624cp1yhvvmy-r-hyper2-3.1-0.drv
this path will be fetched (0.70 MiB download, 0.70 MiB unpacked):
  /nix/store/b9nci1ri1ixdvagr787ai5cy9a2f10pq-hyper2_3.1-0.tar.gz
copying path '/nix/store/b9nci1ri1ixdvagr787ai5cy9a2f10pq-hyper2_3.1-0.tar.gz' from 'https://cache.nixos.org'...
building '/nix/store/cp5629clbzjk7h0wx7r0624cp1yhvvmy-r-hyper2-3.1-0.drv'...
Running phase: unpackPhase
unpacking source archive /nix/store/b9nci1ri1ixdvagr787ai5cy9a2f10pq-hyper2_3.1-0.tar.gz
source root is hyper2
setting SOURCE_DATE_EPOCH to timestamp 1717168974 of file hyper2/MD5
Running phase: patchPhase
Running phase: updateAutotoolsGnuConfigScriptsPhase
Running phase: configurePhase
Running phase: buildPhase
Running phase: checkPhase
Running phase: installPhase
* installing *source* package ‘hyper2’ ...
** package ‘hyper2’ correctement décompressé et sommes MD5 vérifiées
** using staged installation
** libs
using C compiler: ‘clang version 16.0.6’
using C++ compiler: ‘clang version 16.0.6’
using SDK: ‘’
/nix/store/v39c0h6xv6hvki2k1bsyp5n090q8y2bp-clang-wrapper-16.0.6/bin/c++ -std=gnu++17 -I"/nix/store/lir8rmsk7dxbj7v1spqmv69z4mafg16l-R-4.4.2/lib/R/include" -DNDEBUG  -I'/nix/store/da7yi2xf3argx9hlnn3f0k95b8y1yx2l-r-Rcpp-1.0.13-1/library/Rcpp/include' -isystem /nix/store/0mmz5i705116bfykc7i1r9jxqwyghj2a-libcxx-16.0.6-dev/include/c++/v1    -fPIC  -g -O2   -c RcppExports.cpp -o RcppExports.o
/nix/store/v39c0h6xv6hvki2k1bsyp5n090q8y2bp-clang-wrapper-16.0.6/bin/cc -I"/nix/store/lir8rmsk7dxbj7v1spqmv69z4mafg16l-R-4.4.2/lib/R/include" -DNDEBUG  -I'/nix/store/da7yi2xf3argx9hlnn3f0k95b8y1yx2l-r-Rcpp-1.0.13-1/library/Rcpp/include' -isystem /nix/store/0mmz5i705116bfykc7i1r9jxqwyghj2a-libcxx-16.0.6-dev/include/c++/v1    -fPIC  -g -O2  -c hyper2_init.c -o hyper2_init.o
/nix/store/v39c0h6xv6hvki2k1bsyp5n090q8y2bp-clang-wrapper-16.0.6/bin/c++ -std=gnu++17 -I"/nix/store/lir8rmsk7dxbj7v1spqmv69z4mafg16l-R-4.4.2/lib/R/include" -DNDEBUG  -I'/nix/store/da7yi2xf3argx9hlnn3f0k95b8y1yx2l-r-Rcpp-1.0.13-1/library/Rcpp/include' -isystem /nix/store/0mmz5i705116bfykc7i1r9jxqwyghj2a-libcxx-16.0.6-dev/include/c++/v1    -fPIC  -g -O2   -c hyperdirichlet2.cpp -o hyperdirichlet2.o
/nix/store/v39c0h6xv6hvki2k1bsyp5n090q8y2bp-clang-wrapper-16.0.6/bin/c++ -std=gnu++17 -I"/nix/store/lir8rmsk7dxbj7v1spqmv69z4mafg16l-R-4.4.2/lib/R/include" -DNDEBUG  -I'/nix/store/da7yi2xf3argx9hlnn3f0k95b8y1yx2l-r-Rcpp-1.0.13-1/library/Rcpp/include' -isystem /nix/store/0mmz5i705116bfykc7i1r9jxqwyghj2a-libcxx-16.0.6-dev/include/c++/v1    -fPIC  -g -O2   -c hyperdirichlet3.cpp -o hyperdirichlet3.o
/nix/store/v39c0h6xv6hvki2k1bsyp5n090q8y2bp-clang-wrapper-16.0.6/bin/c++ -std=gnu++17 -dynamiclib -Wl,-headerpad_max_install_names -undefined dynamic_lookup -L/nix/store/lir8rmsk7dxbj7v1spqmv69z4mafg16l-R-4.4.2/lib/R/lib -L/nix/store/88xkgzh5g9xppsg3hdxxxh9q43rnxk6k-libcxx-16.0.6/lib -o hyper2.so RcppExports.o hyper2_init.o hyperdirichlet2.o hyperdirichlet3.o -L/nix/store/lir8rmsk7dxbj7v1spqmv69z4mafg16l-R-4.4.2/lib/R/lib -lR -lintl -Wl,-framework -Wl,CoreFoundation
installing to /nix/store/wlj9jb1jwaj3laq4k73iawmdy6h5v235-r-hyper2-3.1-0/library/00LOCK-hyper2/00new/hyper2/libs
** R
** data
*** moving datasets to lazyload DB
** inst
** byte-compile and prepare package for lazy loading
Une nouvelle fonction générique est créée pour ‘weights’ dans package ‘hyper2’
** help
*** installing help indices
*** copying figures
** building package indices
** installing vignettes
** testing if installed package can be loaded from temporary location
** checking absolute paths in shared objects and dynamic libraries
** testing if installed package can be loaded from final location
** testing if installed package keeps a record of temporary installation path
* DONE (hyper2)
Running phase: fixupPhase
checking for references to /private/tmp/nix-build-r-hyper2-3.1-0.drv-0/ in /nix/store/wlj9jb1jwaj3laq4k73iawmdy6h5v235-r-hyper2-3.1-0...
patching script interpreter paths in /nix/store/wlj9jb1jwaj3laq4k73iawmdy6h5v235-r-hyper2-3.1-0
rewriting symlink /nix/store/wlj9jb1jwaj3laq4k73iawmdy6h5v235-r-hyper2-3.1-0/nix-support/propagated-user-env-packages to be relative to /nix/store/wlj9jb1jwaj3laq4k73iawmdy6h5v235-r-hyper2-3.1-0
