this derivation will be built:
  /nix/store/kws253rzvmsj8y8d8yhsra3iz8n88mrm-r-seeds-0.9.1.drv
this path will be fetched (0.16 MiB download, 0.16 MiB unpacked):
  /nix/store/2a7jipgdwxvc3fa2ccjin3j01946nv1a-seeds_0.9.1.tar.gz
copying path '/nix/store/2a7jipgdwxvc3fa2ccjin3j01946nv1a-seeds_0.9.1.tar.gz' from 'https://cache.nixos.org'...
building '/nix/store/kws253rzvmsj8y8d8yhsra3iz8n88mrm-r-seeds-0.9.1.drv'...
Running phase: unpackPhase
unpacking source archive /nix/store/2a7jipgdwxvc3fa2ccjin3j01946nv1a-seeds_0.9.1.tar.gz
source root is seeds
setting SOURCE_DATE_EPOCH to timestamp 1594684802 of file seeds/MD5
Running phase: patchPhase
Running phase: updateAutotoolsGnuConfigScriptsPhase
Running phase: configurePhase
Running phase: buildPhase
Running phase: checkPhase
Running phase: installPhase
* installing *source* package ‘seeds’ ...
** package ‘seeds’ correctement décompressé et sommes MD5 vérifiées
** using staged installation
** R
** data
*** moving datasets to lazyload DB
** demo
** inst
** byte-compile and prepare package for lazy loading
** help
*** installing help indices
** building package indices
** installing vignettes
** testing if installed package can be loaded from temporary location
** testing if installed package can be loaded from final location
** testing if installed package keeps a record of temporary installation path
* DONE (seeds)
Running phase: fixupPhase
checking for references to /private/tmp/nix-build-r-seeds-0.9.1.drv-0/ in /nix/store/hl27zqwi9vzrdv7l9m1h2qji1dgaiszb-r-seeds-0.9.1...
patching script interpreter paths in /nix/store/hl27zqwi9vzrdv7l9m1h2qji1dgaiszb-r-seeds-0.9.1
rewriting symlink /nix/store/hl27zqwi9vzrdv7l9m1h2qji1dgaiszb-r-seeds-0.9.1/nix-support/propagated-user-env-packages to be relative to /nix/store/hl27zqwi9vzrdv7l9m1h2qji1dgaiszb-r-seeds-0.9.1
