this derivation will be built:
  /nix/store/31rrmxb4s343i6mxvilhh0bak1zm4r81-r-tayloRswift-0.1.0.drv
this path will be fetched (0.28 MiB download, 0.28 MiB unpacked):
  /nix/store/pd4p56sjaf25dcafhj9a5im2jjf3klmc-tayloRswift_0.1.0.tar.gz
copying path '/nix/store/pd4p56sjaf25dcafhj9a5im2jjf3klmc-tayloRswift_0.1.0.tar.gz' from 'https://cache.nixos.org'...
building '/nix/store/31rrmxb4s343i6mxvilhh0bak1zm4r81-r-tayloRswift-0.1.0.drv'...
Running phase: unpackPhase
unpacking source archive /nix/store/pd4p56sjaf25dcafhj9a5im2jjf3klmc-tayloRswift_0.1.0.tar.gz
source root is tayloRswift
setting SOURCE_DATE_EPOCH to timestamp 1637003402 of file tayloRswift/MD5
Running phase: patchPhase
Running phase: updateAutotoolsGnuConfigScriptsPhase
Running phase: configurePhase
Running phase: buildPhase
Running phase: checkPhase
Running phase: installPhase
* installing *source* package ‘tayloRswift’ ...
** package ‘tayloRswift’ correctement décompressé et sommes MD5 vérifiées
** using staged installation
** R
** inst
** byte-compile and prepare package for lazy loading
** help
*** installing help indices
*** copying figures
** building package indices
** installing vignettes
** testing if installed package can be loaded from temporary location
** testing if installed package can be loaded from final location
** testing if installed package keeps a record of temporary installation path
* DONE (tayloRswift)
Running phase: fixupPhase
checking for references to /private/tmp/nix-build-r-tayloRswift-0.1.0.drv-0/ in /nix/store/6rslq1zlad5z69c9i4kb451jyb9ym0wv-r-tayloRswift-0.1.0...
patching script interpreter paths in /nix/store/6rslq1zlad5z69c9i4kb451jyb9ym0wv-r-tayloRswift-0.1.0
