this derivation will be built:
  /nix/store/sb1rg59s2xxkv2yynbyvi49jss8wlc7q-r-kisopenapi-0.0.2.drv
this path will be fetched (0.01 MiB download, 0.01 MiB unpacked):
  /nix/store/hxx1lmp07vngmwd18m286x3p8rawkmq8-kisopenapi_0.0.2.tar.gz
copying path '/nix/store/hxx1lmp07vngmwd18m286x3p8rawkmq8-kisopenapi_0.0.2.tar.gz' from 'https://cache.nixos.org'...
building '/nix/store/sb1rg59s2xxkv2yynbyvi49jss8wlc7q-r-kisopenapi-0.0.2.drv'...
Running phase: unpackPhase
unpacking source archive /nix/store/hxx1lmp07vngmwd18m286x3p8rawkmq8-kisopenapi_0.0.2.tar.gz
source root is kisopenapi
setting SOURCE_DATE_EPOCH to timestamp 1706110202 of file kisopenapi/MD5
Running phase: patchPhase
Running phase: updateAutotoolsGnuConfigScriptsPhase
Running phase: configurePhase
Running phase: buildPhase
Running phase: checkPhase
Running phase: installPhase
* installing *source* package ‘kisopenapi’ ...
** package ‘kisopenapi’ correctement décompressé et sommes MD5 vérifiées
** using staged installation
** R
** byte-compile and prepare package for lazy loading
** help
*** installing help indices
** building package indices
** testing if installed package can be loaded from temporary location
** testing if installed package can be loaded from final location
** testing if installed package keeps a record of temporary installation path
* DONE (kisopenapi)
Running phase: fixupPhase
checking for references to /private/tmp/nix-build-r-kisopenapi-0.0.2.drv-0/ in /nix/store/54ng490vssswv3q75f1hsdn9v5kff6rf-r-kisopenapi-0.0.2...
patching script interpreter paths in /nix/store/54ng490vssswv3q75f1hsdn9v5kff6rf-r-kisopenapi-0.0.2
rewriting symlink /nix/store/54ng490vssswv3q75f1hsdn9v5kff6rf-r-kisopenapi-0.0.2/nix-support/propagated-user-env-packages to be relative to /nix/store/54ng490vssswv3q75f1hsdn9v5kff6rf-r-kisopenapi-0.0.2
