this derivation will be built:
  /nix/store/7q6z915w7rw9017wxmfw2s5i5pzkvkf3-r-tidysdm-0.9.5.drv
this path will be fetched (2.46 MiB download, 2.46 MiB unpacked):
  /nix/store/cwdk8ddar258c96z7mrpcx4qhkygxp93-tidysdm_0.9.5.tar.gz
copying path '/nix/store/cwdk8ddar258c96z7mrpcx4qhkygxp93-tidysdm_0.9.5.tar.gz' from 'https://cache.nixos.org'...
building '/nix/store/7q6z915w7rw9017wxmfw2s5i5pzkvkf3-r-tidysdm-0.9.5.drv'...
Running phase: unpackPhase
unpacking source archive /nix/store/cwdk8ddar258c96z7mrpcx4qhkygxp93-tidysdm_0.9.5.tar.gz
source root is tidysdm
setting SOURCE_DATE_EPOCH to timestamp 1719171602 of file tidysdm/MD5
Running phase: patchPhase
Running phase: updateAutotoolsGnuConfigScriptsPhase
Running phase: configurePhase
Running phase: buildPhase
Running phase: checkPhase
Running phase: installPhase
* installing *source* package ‘tidysdm’ ...
** package ‘tidysdm’ correctement décompressé et sommes MD5 vérifiées
** using staged installation
** R
** data
*** moving datasets to lazyload DB
Avis : l'espace de nom ‘xgboost’ n'est pas disponible et a été remplacé
par .GlobalEnv lors du traitement de l'objet ‘lacerta_ensemble’
Avis : l'espace de nom ‘xgboost’ n'est pas disponible et a été remplacé
par .GlobalEnv lors du traitement de l'objet ‘lacerta_ensemble’
** inst
** byte-compile and prepare package for lazy loading
** help
*** installing help indices
*** copying figures
** building package indices
** installing vignettes
** testing if installed package can be loaded from temporary location
** testing if installed package can be loaded from final location
** testing if installed package keeps a record of temporary installation path
* DONE (tidysdm)
Running phase: fixupPhase
checking for references to /private/tmp/nix-build-r-tidysdm-0.9.5.drv-0/ in /nix/store/py571ybdgcq2yf5jahjj23sfibyaamic-r-tidysdm-0.9.5...
patching script interpreter paths in /nix/store/py571ybdgcq2yf5jahjj23sfibyaamic-r-tidysdm-0.9.5
rewriting symlink /nix/store/py571ybdgcq2yf5jahjj23sfibyaamic-r-tidysdm-0.9.5/nix-support/propagated-user-env-packages to be relative to /nix/store/py571ybdgcq2yf5jahjj23sfibyaamic-r-tidysdm-0.9.5
