this derivation will be built:
  /nix/store/h1114asbazxfnpxd0406jyfim5sx162h-r-MKendall-1.5-4.drv
this path will be fetched (0.00 MiB download, 0.00 MiB unpacked):
  /nix/store/kv5p15hb2x30kqm6cqc5b1mkb2x9rjd3-MKendall_1.5-4.tar.gz
copying path '/nix/store/kv5p15hb2x30kqm6cqc5b1mkb2x9rjd3-MKendall_1.5-4.tar.gz' from 'https://cache.nixos.org'...
building '/nix/store/h1114asbazxfnpxd0406jyfim5sx162h-r-MKendall-1.5-4.drv'...
Running phase: unpackPhase
unpacking source archive /nix/store/kv5p15hb2x30kqm6cqc5b1mkb2x9rjd3-MKendall_1.5-4.tar.gz
source root is MKendall
setting SOURCE_DATE_EPOCH to timestamp 1710184205 of file MKendall/MD5
Running phase: patchPhase
Running phase: updateAutotoolsGnuConfigScriptsPhase
Running phase: configurePhase
Running phase: buildPhase
Running phase: checkPhase
Running phase: installPhase
* installing *source* package ‘MKendall’ ...
** package ‘MKendall’ correctement décompressé et sommes MD5 vérifiées
** using staged installation
** R
** byte-compile and prepare package for lazy loading
** help
*** installing help indices
** building package indices
** testing if installed package can be loaded from temporary location
** testing if installed package can be loaded from final location
** testing if installed package keeps a record of temporary installation path
* DONE (MKendall)
Running phase: fixupPhase
checking for references to /private/tmp/nix-build-r-MKendall-1.5-4.drv-0/ in /nix/store/s821pjpm57mad9c67p5x6prbdy9yj9vs-r-MKendall-1.5-4...
patching script interpreter paths in /nix/store/s821pjpm57mad9c67p5x6prbdy9yj9vs-r-MKendall-1.5-4
