this derivation will be built:
  /nix/store/2xwa4i22y2arhxp2x61y20l73sahlh5h-r-rdwd-1.8.0.drv
this path will be fetched (2.11 MiB download, 2.11 MiB unpacked):
  /nix/store/nb2nyagd0cy9df8bbyicv10ihs8wh2vc-rdwd_1.8.0.tar.gz
copying path '/nix/store/nb2nyagd0cy9df8bbyicv10ihs8wh2vc-rdwd_1.8.0.tar.gz' from 'https://cache.nixos.org'...
building '/nix/store/2xwa4i22y2arhxp2x61y20l73sahlh5h-r-rdwd-1.8.0.drv'...
Running phase: unpackPhase
unpacking source archive /nix/store/nb2nyagd0cy9df8bbyicv10ihs8wh2vc-rdwd_1.8.0.tar.gz
source root is rdwd
setting SOURCE_DATE_EPOCH to timestamp 1686993602 of file rdwd/MD5
Running phase: patchPhase
Running phase: updateAutotoolsGnuConfigScriptsPhase
Running phase: configurePhase
Running phase: buildPhase
Running phase: checkPhase
Running phase: installPhase
* installing *source* package ‘rdwd’ ...
** package ‘rdwd’ correctement décompressé et sommes MD5 vérifiées
** using staged installation
** R
** data
** inst
** byte-compile and prepare package for lazy loading
** help
*** installing help indices
** building package indices
** installing vignettes
** testing if installed package can be loaded from temporary location
** testing if installed package can be loaded from final location
** testing if installed package keeps a record of temporary installation path
* DONE (rdwd)
Running phase: fixupPhase
checking for references to /private/tmp/nix-build-r-rdwd-1.8.0.drv-0/ in /nix/store/qznkq0l16zni1x29qiniwq89kgrscf6c-r-rdwd-1.8.0...
patching script interpreter paths in /nix/store/qznkq0l16zni1x29qiniwq89kgrscf6c-r-rdwd-1.8.0
rewriting symlink /nix/store/qznkq0l16zni1x29qiniwq89kgrscf6c-r-rdwd-1.8.0/nix-support/propagated-user-env-packages to be relative to /nix/store/qznkq0l16zni1x29qiniwq89kgrscf6c-r-rdwd-1.8.0
