these 2 derivations will be built:
  /nix/store/07bfxld0x476cxv4vdqg9fw5hl3a9qq0-scape_2.3.5.tar.gz.drv
  /nix/store/7fhcmad61xsqpdzhbcixi1ypjlpcvva4-r-scape-2.3.5.drv
building '/nix/store/07bfxld0x476cxv4vdqg9fw5hl3a9qq0-scape_2.3.5.tar.gz.drv'...

trying https://cran.r-project.org/src/contrib/scape_2.3.5.tar.gz
  % Total    % Received % Xferd  Average Speed   Time    Time     Time  Current
                                 Dload  Upload   Total   Spent    Left  Speed
100 3286k  100 3286k    0     0  5372k      0 --:--:-- --:--:-- --:--:-- 5369k
building '/nix/store/7fhcmad61xsqpdzhbcixi1ypjlpcvva4-r-scape-2.3.5.drv'...
Running phase: unpackPhase
unpacking source archive /nix/store/ylmf8f9d6spw7nq05imp0i07irp8mrd1-scape_2.3.5.tar.gz
source root is scape
setting SOURCE_DATE_EPOCH to timestamp 1729578007 of file scape/MD5
Running phase: patchPhase
Running phase: updateAutotoolsGnuConfigScriptsPhase
Running phase: configurePhase
Running phase: buildPhase
Running phase: checkPhase
Running phase: installPhase
* installing *source* package ‘scape’ ...
** package ‘scape’ correctement décompressé et sommes MD5 vérifiées
** using staged installation
** R
** data
*** moving datasets to lazyload DB
** inst
** byte-compile and prepare package for lazy loading
** help
*** installing help indices
** building package indices
** installing vignettes
** testing if installed package can be loaded from temporary location
** testing if installed package can be loaded from final location
** testing if installed package keeps a record of temporary installation path
* DONE (scape)
Running phase: fixupPhase
checking for references to /private/tmp/nix-build-r-scape-2.3.5.drv-0/ in /nix/store/69rxhx6rnc3ylsx44mmxl4i8bmx27x1w-r-scape-2.3.5...
patching script interpreter paths in /nix/store/69rxhx6rnc3ylsx44mmxl4i8bmx27x1w-r-scape-2.3.5
rewriting symlink /nix/store/69rxhx6rnc3ylsx44mmxl4i8bmx27x1w-r-scape-2.3.5/nix-support/propagated-user-env-packages to be relative to /nix/store/69rxhx6rnc3ylsx44mmxl4i8bmx27x1w-r-scape-2.3.5
