this derivation will be built:
  /nix/store/x0jycc7hhckr99vllbsp6aqp752pjnal-r-rhierbaps-1.1.4.drv
this path will be fetched (1.57 MiB download, 1.58 MiB unpacked):
  /nix/store/2xk59si4pm5nndbczhck56yqwfzy6d8i-rhierbaps_1.1.4.tar.gz
copying path '/nix/store/2xk59si4pm5nndbczhck56yqwfzy6d8i-rhierbaps_1.1.4.tar.gz' from 'https://cache.nixos.org'...
building '/nix/store/x0jycc7hhckr99vllbsp6aqp752pjnal-r-rhierbaps-1.1.4.drv'...
Running phase: unpackPhase
unpacking source archive /nix/store/2xk59si4pm5nndbczhck56yqwfzy6d8i-rhierbaps_1.1.4.tar.gz
source root is rhierbaps
setting SOURCE_DATE_EPOCH to timestamp 1668783007 of file rhierbaps/MD5
Running phase: patchPhase
Running phase: updateAutotoolsGnuConfigScriptsPhase
Running phase: configurePhase
Running phase: buildPhase
Running phase: checkPhase
Running phase: installPhase
* installing *source* package ‘rhierbaps’ ...
** package ‘rhierbaps’ correctement décompressé et sommes MD5 vérifiées
** using staged installation
** R
** inst
** byte-compile and prepare package for lazy loading
** help
*** installing help indices
** building package indices
** installing vignettes
** testing if installed package can be loaded from temporary location
** testing if installed package can be loaded from final location
** testing if installed package keeps a record of temporary installation path
* DONE (rhierbaps)
Running phase: fixupPhase
checking for references to /private/tmp/nix-build-r-rhierbaps-1.1.4.drv-0/ in /nix/store/p8cc8gbbgrjfs3mhzfrxkgi3a2m5fcjy-r-rhierbaps-1.1.4...
patching script interpreter paths in /nix/store/p8cc8gbbgrjfs3mhzfrxkgi3a2m5fcjy-r-rhierbaps-1.1.4
rewriting symlink /nix/store/p8cc8gbbgrjfs3mhzfrxkgi3a2m5fcjy-r-rhierbaps-1.1.4/nix-support/propagated-user-env-packages to be relative to /nix/store/p8cc8gbbgrjfs3mhzfrxkgi3a2m5fcjy-r-rhierbaps-1.1.4
