this derivation will be built:
  /nix/store/0rmyxhvvkrrlmgsxc8wnmg5zhlfwc9fk-r-uskewFactors-2.0.drv
this path will be fetched (0.01 MiB download, 0.01 MiB unpacked):
  /nix/store/wbc2ryyarm1n8n9y10zy67xjp06h6nfn-uskewFactors_2.0.tar.gz
copying path '/nix/store/wbc2ryyarm1n8n9y10zy67xjp06h6nfn-uskewFactors_2.0.tar.gz' from 'https://cache.nixos.org'...
building '/nix/store/0rmyxhvvkrrlmgsxc8wnmg5zhlfwc9fk-r-uskewFactors-2.0.drv'...
Running phase: unpackPhase
unpacking source archive /nix/store/wbc2ryyarm1n8n9y10zy67xjp06h6nfn-uskewFactors_2.0.tar.gz
source root is uskewFactors
setting SOURCE_DATE_EPOCH to timestamp 1464045198 of file uskewFactors/MD5
Running phase: patchPhase
Running phase: updateAutotoolsGnuConfigScriptsPhase
Running phase: configurePhase
Running phase: buildPhase
Running phase: checkPhase
Running phase: installPhase
* installing *source* package ‘uskewFactors’ ...
** package ‘uskewFactors’ correctement décompressé et sommes MD5 vérifiées
** using staged installation
** R
** data
** byte-compile and prepare package for lazy loading
** help
*** installing help indices
** building package indices
** testing if installed package can be loaded from temporary location
** testing if installed package can be loaded from final location
** testing if installed package keeps a record of temporary installation path
* DONE (uskewFactors)
Running phase: fixupPhase
checking for references to /private/tmp/nix-build-r-uskewFactors-2.0.drv-0/ in /nix/store/9vlczd87k4vbaggpsy2rs3mjwdnxqyik-r-uskewFactors-2.0...
patching script interpreter paths in /nix/store/9vlczd87k4vbaggpsy2rs3mjwdnxqyik-r-uskewFactors-2.0
rewriting symlink /nix/store/9vlczd87k4vbaggpsy2rs3mjwdnxqyik-r-uskewFactors-2.0/nix-support/propagated-user-env-packages to be relative to /nix/store/9vlczd87k4vbaggpsy2rs3mjwdnxqyik-r-uskewFactors-2.0
