this derivation will be built:
  /nix/store/cxc97hmcimrnpbq3k0f166x3iz6550km-r-SoilR-1.2.107.drv
this path will be fetched (1.57 MiB download, 1.57 MiB unpacked):
  /nix/store/zgpgnsskirlz7sr2paar3amc11icy7b2-SoilR_1.2.107.tar.gz
copying path '/nix/store/zgpgnsskirlz7sr2paar3amc11icy7b2-SoilR_1.2.107.tar.gz' from 'https://cache.nixos.org'...
building '/nix/store/cxc97hmcimrnpbq3k0f166x3iz6550km-r-SoilR-1.2.107.drv'...
Running phase: unpackPhase
unpacking source archive /nix/store/zgpgnsskirlz7sr2paar3amc11icy7b2-SoilR_1.2.107.tar.gz
source root is SoilR
setting SOURCE_DATE_EPOCH to timestamp 1697200806 of file SoilR/MD5
Running phase: patchPhase
Running phase: updateAutotoolsGnuConfigScriptsPhase
Running phase: configurePhase
Running phase: buildPhase
Running phase: checkPhase
Running phase: installPhase
* installing *source* package ‘SoilR’ ...
** package ‘SoilR’ correctement décompressé et sommes MD5 vérifiées
** using staged installation
** R
** data
*** moving datasets to lazyload DB
** inst
** byte-compile and prepare package for lazy loading
** help
*** installing help indices
*** copying figures
** building package indices
** testing if installed package can be loaded from temporary location
** testing if installed package can be loaded from final location
** testing if installed package keeps a record of temporary installation path
* DONE (SoilR)
Running phase: fixupPhase
checking for references to /private/tmp/nix-build-r-SoilR-1.2.107.drv-0/ in /nix/store/a4y1cbbfp78hq53hchxrakaf1b377mzv-r-SoilR-1.2.107...
patching script interpreter paths in /nix/store/a4y1cbbfp78hq53hchxrakaf1b377mzv-r-SoilR-1.2.107
/nix/store/a4y1cbbfp78hq53hchxrakaf1b377mzv-r-SoilR-1.2.107/library/SoilR/tests/non_test/test.R: interpreter directive changed from "#!/usr/bin/Rscript" to "/nix/store/lir8rmsk7dxbj7v1spqmv69z4mafg16l-R-4.4.2/bin/Rscript"
/nix/store/a4y1cbbfp78hq53hchxrakaf1b377mzv-r-SoilR-1.2.107/library/SoilR/tests/selectedMarkus.R: interpreter directive changed from "#!/usr/bin/Rscript" to "/nix/store/lir8rmsk7dxbj7v1spqmv69z4mafg16l-R-4.4.2/bin/Rscript"
/nix/store/a4y1cbbfp78hq53hchxrakaf1b377mzv-r-SoilR-1.2.107/library/SoilR/tests/inst.R: interpreter directive changed from "#!/usr/bin/Rscript" to "/nix/store/lir8rmsk7dxbj7v1spqmv69z4mafg16l-R-4.4.2/bin/Rscript"
/nix/store/a4y1cbbfp78hq53hchxrakaf1b377mzv-r-SoilR-1.2.107/library/SoilR/tests/all.R: interpreter directive changed from "#!/usr/bin/env Rscript" to "/nix/store/lir8rmsk7dxbj7v1spqmv69z4mafg16l-R-4.4.2/bin/Rscript"
/nix/store/a4y1cbbfp78hq53hchxrakaf1b377mzv-r-SoilR-1.2.107/library/SoilR/tests/requireSoilR/Rtest.R: interpreter directive changed from "#!/usr/bin/Rscript" to "/nix/store/lir8rmsk7dxbj7v1spqmv69z4mafg16l-R-4.4.2/bin/Rscript"
/nix/store/a4y1cbbfp78hq53hchxrakaf1b377mzv-r-SoilR-1.2.107/library/SoilR/tests/sall.R: interpreter directive changed from "#!/usr/bin/Rscript" to "/nix/store/lir8rmsk7dxbj7v1spqmv69z4mafg16l-R-4.4.2/bin/Rscript"
/nix/store/a4y1cbbfp78hq53hchxrakaf1b377mzv-r-SoilR-1.2.107/library/SoilR/tests/inst_debugHelpers.R: interpreter directive changed from "#!/usr/bin/env Rscript" to "/nix/store/lir8rmsk7dxbj7v1spqmv69z4mafg16l-R-4.4.2/bin/Rscript"
/nix/store/a4y1cbbfp78hq53hchxrakaf1b377mzv-r-SoilR-1.2.107/library/SoilR/tests/src/lsodaForFluxes.R: interpreter directive changed from "#!/usr/bin/Rscript" to "/nix/store/lir8rmsk7dxbj7v1spqmv69z4mafg16l-R-4.4.2/bin/Rscript"
/nix/store/a4y1cbbfp78hq53hchxrakaf1b377mzv-r-SoilR-1.2.107/library/SoilR/tests/src/selected_Markus.R: interpreter directive changed from "#!/usr/bin/Rscript" to "/nix/store/lir8rmsk7dxbj7v1spqmv69z4mafg16l-R-4.4.2/bin/Rscript"
/nix/store/a4y1cbbfp78hq53hchxrakaf1b377mzv-r-SoilR-1.2.107/library/SoilR/tests/src/selected_Carlos.R: interpreter directive changed from "#!/usr/bin/Rscript" to "/nix/store/lir8rmsk7dxbj7v1spqmv69z4mafg16l-R-4.4.2/bin/Rscript"
/nix/store/a4y1cbbfp78hq53hchxrakaf1b377mzv-r-SoilR-1.2.107/library/SoilR/tests/src/selected_corrado.R: interpreter directive changed from "#!/usr/bin/Rscript" to "/nix/store/lir8rmsk7dxbj7v1spqmv69z4mafg16l-R-4.4.2/bin/Rscript"
rewriting symlink /nix/store/a4y1cbbfp78hq53hchxrakaf1b377mzv-r-SoilR-1.2.107/nix-support/propagated-user-env-packages to be relative to /nix/store/a4y1cbbfp78hq53hchxrakaf1b377mzv-r-SoilR-1.2.107
