this derivation will be built:
  /nix/store/2j2ijhyb4a30xhy8qgf58xqj1gjlywam-r-spatialTIME-1.3.4-5.drv
this path will be fetched (2.88 MiB download, 2.88 MiB unpacked):
  /nix/store/5i7s0ry53s9a0x8qd2hvsqi098mvqrz5-spatialTIME_1.3.4-5.tar.gz
copying path '/nix/store/5i7s0ry53s9a0x8qd2hvsqi098mvqrz5-spatialTIME_1.3.4-5.tar.gz' from 'https://cache.nixos.org'...
building '/nix/store/2j2ijhyb4a30xhy8qgf58xqj1gjlywam-r-spatialTIME-1.3.4-5.drv'...
Running phase: unpackPhase
unpacking source archive /nix/store/5i7s0ry53s9a0x8qd2hvsqi098mvqrz5-spatialTIME_1.3.4-5.tar.gz
source root is spatialTIME
setting SOURCE_DATE_EPOCH to timestamp 1717515011 of file spatialTIME/MD5
Running phase: patchPhase
Running phase: updateAutotoolsGnuConfigScriptsPhase
Running phase: configurePhase
Running phase: buildPhase
Running phase: checkPhase
Running phase: installPhase
* installing *source* package ‘spatialTIME’ ...
** package ‘spatialTIME’ correctement décompressé et sommes MD5 vérifiées
** using staged installation
** R
** data
*** moving datasets to lazyload DB
** inst
** byte-compile and prepare package for lazy loading
** help
*** installing help indices
*** copying figures
** building package indices
** installing vignettes
** testing if installed package can be loaded from temporary location
** testing if installed package can be loaded from final location
** testing if installed package keeps a record of temporary installation path
* DONE (spatialTIME)
Running phase: fixupPhase
checking for references to /private/tmp/nix-build-r-spatialTIME-1.3.4-5.drv-0/ in /nix/store/5fy6ysx0pyzijy1bzdlyvfabs5587ikk-r-spatialTIME-1.3.4-5...
patching script interpreter paths in /nix/store/5fy6ysx0pyzijy1bzdlyvfabs5587ikk-r-spatialTIME-1.3.4-5
rewriting symlink /nix/store/5fy6ysx0pyzijy1bzdlyvfabs5587ikk-r-spatialTIME-1.3.4-5/nix-support/propagated-user-env-packages to be relative to /nix/store/5fy6ysx0pyzijy1bzdlyvfabs5587ikk-r-spatialTIME-1.3.4-5
