this derivation will be built:
  /nix/store/4nncdbgxv20b9fmw6bly3hcwr9ma2d41-r-ODataQuery-0.5.3.drv
this path will be fetched (0.03 MiB download, 0.03 MiB unpacked):
  /nix/store/4qwma8qb0j7j0gpp03cq1bavjjyn279r-ODataQuery_0.5.3.tar.gz
copying path '/nix/store/4qwma8qb0j7j0gpp03cq1bavjjyn279r-ODataQuery_0.5.3.tar.gz' from 'https://cache.nixos.org'...
building '/nix/store/4nncdbgxv20b9fmw6bly3hcwr9ma2d41-r-ODataQuery-0.5.3.drv'...
Running phase: unpackPhase
unpacking source archive /nix/store/4qwma8qb0j7j0gpp03cq1bavjjyn279r-ODataQuery_0.5.3.tar.gz
source root is ODataQuery
setting SOURCE_DATE_EPOCH to timestamp 1625477402 of file ODataQuery/MD5
Running phase: patchPhase
Running phase: updateAutotoolsGnuConfigScriptsPhase
Running phase: configurePhase
Running phase: buildPhase
Running phase: checkPhase
Running phase: installPhase
* installing *source* package ‘ODataQuery’ ...
** package ‘ODataQuery’ correctement décompressé et sommes MD5 vérifiées
** using staged installation
** R
** inst
** byte-compile and prepare package for lazy loading
** help
*** installing help indices
** building package indices
** installing vignettes
** testing if installed package can be loaded from temporary location
** testing if installed package can be loaded from final location
** testing if installed package keeps a record of temporary installation path
* DONE (ODataQuery)
Running phase: fixupPhase
checking for references to /private/tmp/nix-build-r-ODataQuery-0.5.3.drv-0/ in /nix/store/v740vqaf69icf44jq5ma86gdnrd6mhfq-r-ODataQuery-0.5.3...
patching script interpreter paths in /nix/store/v740vqaf69icf44jq5ma86gdnrd6mhfq-r-ODataQuery-0.5.3
rewriting symlink /nix/store/v740vqaf69icf44jq5ma86gdnrd6mhfq-r-ODataQuery-0.5.3/nix-support/propagated-user-env-packages to be relative to /nix/store/v740vqaf69icf44jq5ma86gdnrd6mhfq-r-ODataQuery-0.5.3
