this derivation will be built:
  /nix/store/901p90gixm0js1vvmh4ga266g0jzm43g-r-azlogr-0.0.6.drv
building '/nix/store/901p90gixm0js1vvmh4ga266g0jzm43g-r-azlogr-0.0.6.drv'...
Running phase: unpackPhase
unpacking source archive /nix/store/xwng7ywv21dgmpgc5bkgq1j2yb4wnv13-azlogr_0.0.6.tar.gz
source root is azlogr
setting SOURCE_DATE_EPOCH to timestamp 1710994806 of file azlogr/MD5
Running phase: patchPhase
Running phase: updateAutotoolsGnuConfigScriptsPhase
Running phase: configurePhase
Running phase: buildPhase
Running phase: checkPhase
Running phase: installPhase
* installing *source* package ‘azlogr’ ...
** package ‘azlogr’ correctement décompressé et sommes MD5 vérifiées
** using staged installation
** R
** inst
** byte-compile and prepare package for lazy loading
** help
*** installing help indices
** building package indices
** installing vignettes
** testing if installed package can be loaded from temporary location
** testing if installed package can be loaded from final location
** testing if installed package keeps a record of temporary installation path
* DONE (azlogr)
Running phase: fixupPhase
checking for references to /private/tmp/nix-build-r-azlogr-0.0.6.drv-0/ in /nix/store/vkzbhza2gzw0ri4iiciqqc0yd0g26amx-r-azlogr-0.0.6...
patching script interpreter paths in /nix/store/vkzbhza2gzw0ri4iiciqqc0yd0g26amx-r-azlogr-0.0.6
rewriting symlink /nix/store/vkzbhza2gzw0ri4iiciqqc0yd0g26amx-r-azlogr-0.0.6/nix-support/propagated-user-env-packages to be relative to /nix/store/vkzbhza2gzw0ri4iiciqqc0yd0g26amx-r-azlogr-0.0.6
