this derivation will be built:
  /nix/store/d463632llbbsvsx3d5r5larh16yq8x0n-r-haldensify-0.2.3.drv
this path will be fetched (0.10 MiB download, 0.10 MiB unpacked):
  /nix/store/lfhmvyaai30s10h7p6s9z4s3a5ajpfh3-haldensify_0.2.3.tar.gz
copying path '/nix/store/lfhmvyaai30s10h7p6s9z4s3a5ajpfh3-haldensify_0.2.3.tar.gz' from 'https://cache.nixos.org'...
building '/nix/store/d463632llbbsvsx3d5r5larh16yq8x0n-r-haldensify-0.2.3.drv'...
Running phase: unpackPhase
unpacking source archive /nix/store/lfhmvyaai30s10h7p6s9z4s3a5ajpfh3-haldensify_0.2.3.tar.gz
source root is haldensify
setting SOURCE_DATE_EPOCH to timestamp 1644445206 of file haldensify/MD5
Running phase: patchPhase
Running phase: updateAutotoolsGnuConfigScriptsPhase
Running phase: configurePhase
Running phase: buildPhase
Running phase: checkPhase
Running phase: installPhase
* installing *source* package ‘haldensify’ ...
** package ‘haldensify’ correctement décompressé et sommes MD5 vérifiées
** using staged installation
** R
** inst
** byte-compile and prepare package for lazy loading
** help
*** installing help indices
** building package indices
** installing vignettes
** testing if installed package can be loaded from temporary location
** testing if installed package can be loaded from final location
** testing if installed package keeps a record of temporary installation path
* DONE (haldensify)
Running phase: fixupPhase
checking for references to /private/tmp/nix-build-r-haldensify-0.2.3.drv-0/ in /nix/store/vr7mwik85x3vsz7wl0p6aj136vwhbh65-r-haldensify-0.2.3...
patching script interpreter paths in /nix/store/vr7mwik85x3vsz7wl0p6aj136vwhbh65-r-haldensify-0.2.3
rewriting symlink /nix/store/vr7mwik85x3vsz7wl0p6aj136vwhbh65-r-haldensify-0.2.3/nix-support/propagated-user-env-packages to be relative to /nix/store/vr7mwik85x3vsz7wl0p6aj136vwhbh65-r-haldensify-0.2.3
