this derivation will be built:
  /nix/store/smc9nhkvag8g97w766l4l0mfg4fl4gkm-r-mde-0.3.2.drv
this path will be fetched (0.78 MiB download, 0.81 MiB unpacked):
  /nix/store/5il1hzgwddb6jn05bclr4vx2lyh5pn13-mde_0.3.2.tar.gz
copying path '/nix/store/5il1hzgwddb6jn05bclr4vx2lyh5pn13-mde_0.3.2.tar.gz' from 'https://cache.nixos.org'...
building '/nix/store/smc9nhkvag8g97w766l4l0mfg4fl4gkm-r-mde-0.3.2.drv'...
Running phase: unpackPhase
unpacking source archive /nix/store/5il1hzgwddb6jn05bclr4vx2lyh5pn13-mde_0.3.2.tar.gz
source root is mde
setting SOURCE_DATE_EPOCH to timestamp 1644495006 of file mde/MD5
Running phase: patchPhase
Running phase: updateAutotoolsGnuConfigScriptsPhase
Running phase: configurePhase
Running phase: buildPhase
Running phase: checkPhase
Running phase: installPhase
* installing *source* package ‘mde’ ...
** package ‘mde’ correctement décompressé et sommes MD5 vérifiées
** using staged installation
** R
** inst
** byte-compile and prepare package for lazy loading
** help
*** installing help indices
*** copying figures
** building package indices
** installing vignettes
** testing if installed package can be loaded from temporary location
** testing if installed package can be loaded from final location
** testing if installed package keeps a record of temporary installation path
* DONE (mde)
Running phase: fixupPhase
checking for references to /private/tmp/nix-build-r-mde-0.3.2.drv-0/ in /nix/store/bw4v24358dakdbrdivhi610p9jy5ai3g-r-mde-0.3.2...
patching script interpreter paths in /nix/store/bw4v24358dakdbrdivhi610p9jy5ai3g-r-mde-0.3.2
rewriting symlink /nix/store/bw4v24358dakdbrdivhi610p9jy5ai3g-r-mde-0.3.2/nix-support/propagated-user-env-packages to be relative to /nix/store/bw4v24358dakdbrdivhi610p9jy5ai3g-r-mde-0.3.2
