this derivation will be built:
  /nix/store/xzn4ykxkhmmkb5wp08yi9df901ybbws9-r-NB.MClust-1.1.1.drv
this path will be fetched (0.02 MiB download, 0.02 MiB unpacked):
  /nix/store/qb0iy72hbianb79bqph3rz542pwhs4ql-NB.MClust_1.1.1.tar.gz
copying path '/nix/store/qb0iy72hbianb79bqph3rz542pwhs4ql-NB.MClust_1.1.1.tar.gz' from 'https://cache.nixos.org'...
building '/nix/store/xzn4ykxkhmmkb5wp08yi9df901ybbws9-r-NB.MClust-1.1.1.drv'...
Running phase: unpackPhase
unpacking source archive /nix/store/qb0iy72hbianb79bqph3rz542pwhs4ql-NB.MClust_1.1.1.tar.gz
source root is NB.MClust
setting SOURCE_DATE_EPOCH to timestamp 1496491730 of file NB.MClust/MD5
Running phase: patchPhase
Running phase: updateAutotoolsGnuConfigScriptsPhase
Running phase: configurePhase
Running phase: buildPhase
Running phase: checkPhase
Running phase: installPhase
* installing *source* package ‘NB.MClust’ ...
** package ‘NB.MClust’ correctement décompressé et sommes MD5 vérifiées
** using staged installation
** R
** data
*** moving datasets to lazyload DB
** byte-compile and prepare package for lazy loading
** help
*** installing help indices
** building package indices
** testing if installed package can be loaded from temporary location
** testing if installed package can be loaded from final location
** testing if installed package keeps a record of temporary installation path
* DONE (NB.MClust)
Running phase: fixupPhase
checking for references to /private/tmp/nix-build-r-NB.MClust-1.1.1.drv-0/ in /nix/store/plq2pm86rb6ravck9215rz7yr3jsss9r-r-NB.MClust-1.1.1...
patching script interpreter paths in /nix/store/plq2pm86rb6ravck9215rz7yr3jsss9r-r-NB.MClust-1.1.1
rewriting symlink /nix/store/plq2pm86rb6ravck9215rz7yr3jsss9r-r-NB.MClust-1.1.1/nix-support/propagated-user-env-packages to be relative to /nix/store/plq2pm86rb6ravck9215rz7yr3jsss9r-r-NB.MClust-1.1.1
