this derivation will be built:
  /nix/store/0qqv1zc50davnbaagqhayxs6h1x4whp6-r-MLFS-0.4.2.drv
this path will be fetched (1.77 MiB download, 1.77 MiB unpacked):
  /nix/store/cf79dm3d7ssi1927qxm7sz5vc7c13ilh-MLFS_0.4.2.tar.gz
copying path '/nix/store/cf79dm3d7ssi1927qxm7sz5vc7c13ilh-MLFS_0.4.2.tar.gz' from 'https://cache.nixos.org'...
building '/nix/store/0qqv1zc50davnbaagqhayxs6h1x4whp6-r-MLFS-0.4.2.drv'...
Running phase: unpackPhase
unpacking source archive /nix/store/cf79dm3d7ssi1927qxm7sz5vc7c13ilh-MLFS_0.4.2.tar.gz
source root is MLFS
setting SOURCE_DATE_EPOCH to timestamp 1650442957 of file MLFS/MD5
Running phase: patchPhase
Running phase: updateAutotoolsGnuConfigScriptsPhase
Running phase: configurePhase
Running phase: buildPhase
Running phase: checkPhase
Running phase: installPhase
* installing *source* package ‘MLFS’ ...
** package ‘MLFS’ correctement décompressé et sommes MD5 vérifiées
** using staged installation
** R
** data
*** moving datasets to lazyload DB
** inst
** byte-compile and prepare package for lazy loading
** help
*** installing help indices
** building package indices
** testing if installed package can be loaded from temporary location
** testing if installed package can be loaded from final location
** testing if installed package keeps a record of temporary installation path
* DONE (MLFS)
Running phase: fixupPhase
checking for references to /private/tmp/nix-build-r-MLFS-0.4.2.drv-0/ in /nix/store/38hzg7yzyasa19r1ahzcjqxj4aqyrijm-r-MLFS-0.4.2...
patching script interpreter paths in /nix/store/38hzg7yzyasa19r1ahzcjqxj4aqyrijm-r-MLFS-0.4.2
rewriting symlink /nix/store/38hzg7yzyasa19r1ahzcjqxj4aqyrijm-r-MLFS-0.4.2/nix-support/propagated-user-env-packages to be relative to /nix/store/38hzg7yzyasa19r1ahzcjqxj4aqyrijm-r-MLFS-0.4.2
