this derivation will be built:
  /nix/store/rk38zkmpl0v5q8pizsg94wa9c7pxy5b7-r-sdtmval-0.4.1.drv
this path will be fetched (0.08 MiB download, 0.08 MiB unpacked):
  /nix/store/llszwmpzs5g4fdchybss3kpfgfdj5n2w-sdtmval_0.4.1.tar.gz
copying path '/nix/store/llszwmpzs5g4fdchybss3kpfgfdj5n2w-sdtmval_0.4.1.tar.gz' from 'https://cache.nixos.org'...
building '/nix/store/rk38zkmpl0v5q8pizsg94wa9c7pxy5b7-r-sdtmval-0.4.1.drv'...
Running phase: unpackPhase
unpacking source archive /nix/store/llszwmpzs5g4fdchybss3kpfgfdj5n2w-sdtmval_0.4.1.tar.gz
source root is sdtmval
setting SOURCE_DATE_EPOCH to timestamp 1698077402 of file sdtmval/MD5
Running phase: patchPhase
Running phase: updateAutotoolsGnuConfigScriptsPhase
Running phase: configurePhase
Running phase: buildPhase
Running phase: checkPhase
Running phase: installPhase
* installing *source* package ‘sdtmval’ ...
** package ‘sdtmval’ correctement décompressé et sommes MD5 vérifiées
** using staged installation
** R
** data
*** moving datasets to lazyload DB
** inst
** byte-compile and prepare package for lazy loading
** help
*** installing help indices
*** copying figures
** building package indices
** installing vignettes
** testing if installed package can be loaded from temporary location
** testing if installed package can be loaded from final location
** testing if installed package keeps a record of temporary installation path
* DONE (sdtmval)
Running phase: fixupPhase
checking for references to /private/tmp/nix-build-r-sdtmval-0.4.1.drv-0/ in /nix/store/2wi0ih27vafdid4xd605x7r5qavq5lq5-r-sdtmval-0.4.1...
patching script interpreter paths in /nix/store/2wi0ih27vafdid4xd605x7r5qavq5lq5-r-sdtmval-0.4.1
rewriting symlink /nix/store/2wi0ih27vafdid4xd605x7r5qavq5lq5-r-sdtmval-0.4.1/nix-support/propagated-user-env-packages to be relative to /nix/store/2wi0ih27vafdid4xd605x7r5qavq5lq5-r-sdtmval-0.4.1
