this derivation will be built:
  /nix/store/27srn2vrqsxm22a3v2zw5czb9cz8vm8k-r-suppdata-1.1-9.drv
this path will be fetched (0.09 MiB download, 0.09 MiB unpacked):
  /nix/store/ibgszxvk18xfp6s2i83kjmakgln2fvgi-suppdata_1.1-9.tar.gz
copying path '/nix/store/ibgszxvk18xfp6s2i83kjmakgln2fvgi-suppdata_1.1-9.tar.gz' from 'https://cache.nixos.org'...
building '/nix/store/27srn2vrqsxm22a3v2zw5czb9cz8vm8k-r-suppdata-1.1-9.drv'...
Running phase: unpackPhase
unpacking source archive /nix/store/ibgszxvk18xfp6s2i83kjmakgln2fvgi-suppdata_1.1-9.tar.gz
source root is suppdata
setting SOURCE_DATE_EPOCH to timestamp 1697484602 of file suppdata/MD5
Running phase: patchPhase
Running phase: updateAutotoolsGnuConfigScriptsPhase
Running phase: configurePhase
Running phase: buildPhase
Running phase: checkPhase
Running phase: installPhase
* installing *source* package ‘suppdata’ ...
** package ‘suppdata’ correctement décompressé et sommes MD5 vérifiées
** using staged installation
** R
** inst
** byte-compile and prepare package for lazy loading
** help
*** installing help indices
** building package indices
** installing vignettes
** testing if installed package can be loaded from temporary location
** testing if installed package can be loaded from final location
** testing if installed package keeps a record of temporary installation path
* DONE (suppdata)
Running phase: fixupPhase
checking for references to /private/tmp/nix-build-r-suppdata-1.1-9.drv-0/ in /nix/store/kac9klg7gqfis6ijhphysxv5zbjmc68r-r-suppdata-1.1-9...
patching script interpreter paths in /nix/store/kac9klg7gqfis6ijhphysxv5zbjmc68r-r-suppdata-1.1-9
rewriting symlink /nix/store/kac9klg7gqfis6ijhphysxv5zbjmc68r-r-suppdata-1.1-9/nix-support/propagated-user-env-packages to be relative to /nix/store/kac9klg7gqfis6ijhphysxv5zbjmc68r-r-suppdata-1.1-9
