this derivation will be built:
  /nix/store/vh1d9vkd4xsmbw1ixqc0ab6dkpjggwgz-r-ImFoR-0.1.0.drv
this path will be fetched (0.00 MiB download, 0.00 MiB unpacked):
  /nix/store/09cbxph9xp05rmq3p2r7nxgvhc2fhmjw-ImFoR_0.1.0.tar.gz
copying path '/nix/store/09cbxph9xp05rmq3p2r7nxgvhc2fhmjw-ImFoR_0.1.0.tar.gz' from 'https://cache.nixos.org'...
building '/nix/store/vh1d9vkd4xsmbw1ixqc0ab6dkpjggwgz-r-ImFoR-0.1.0.drv'...
Running phase: unpackPhase
unpacking source archive /nix/store/09cbxph9xp05rmq3p2r7nxgvhc2fhmjw-ImFoR_0.1.0.tar.gz
source root is ImFoR
setting SOURCE_DATE_EPOCH to timestamp 1695322202 of file ImFoR/MD5
Running phase: patchPhase
Running phase: updateAutotoolsGnuConfigScriptsPhase
Running phase: configurePhase
Running phase: buildPhase
Running phase: checkPhase
Running phase: installPhase
* installing *source* package ‘ImFoR’ ...
** package ‘ImFoR’ correctement décompressé et sommes MD5 vérifiées
** using staged installation
** R
** inst
** byte-compile and prepare package for lazy loading
** help
*** installing help indices
** building package indices
** testing if installed package can be loaded from temporary location
** testing if installed package can be loaded from final location
** testing if installed package keeps a record of temporary installation path
* DONE (ImFoR)
Running phase: fixupPhase
checking for references to /private/tmp/nix-build-r-ImFoR-0.1.0.drv-0/ in /nix/store/kzkm3fgvhxfhfhglsjx35hns86mmlsaz-r-ImFoR-0.1.0...
patching script interpreter paths in /nix/store/kzkm3fgvhxfhfhglsjx35hns86mmlsaz-r-ImFoR-0.1.0
rewriting symlink /nix/store/kzkm3fgvhxfhfhglsjx35hns86mmlsaz-r-ImFoR-0.1.0/nix-support/propagated-user-env-packages to be relative to /nix/store/kzkm3fgvhxfhfhglsjx35hns86mmlsaz-r-ImFoR-0.1.0
