this derivation will be built:
  /nix/store/322i1fvkx4gl1bkq4hdzk6l9kxlbrynf-r-biometryassist-1.2.1.drv
building '/nix/store/322i1fvkx4gl1bkq4hdzk6l9kxlbrynf-r-biometryassist-1.2.1.drv'...
Running phase: unpackPhase
unpacking source archive /nix/store/sbbxdr02a15s6b3g542n4z09hkpv8syi-biometryassist_1.2.1.tar.gz
source root is biometryassist
setting SOURCE_DATE_EPOCH to timestamp 1717602602 of file biometryassist/MD5
Running phase: patchPhase
Running phase: updateAutotoolsGnuConfigScriptsPhase
Running phase: configurePhase
Running phase: buildPhase
Running phase: checkPhase
Running phase: installPhase
* installing *source* package ‘biometryassist’ ...
** package ‘biometryassist’ correctement décompressé et sommes MD5 vérifiées
** using staged installation
** R
** inst
** byte-compile and prepare package for lazy loading
** help
*** installing help indices
** building package indices
** installing vignettes
** testing if installed package can be loaded from temporary location
** testing if installed package can be loaded from final location
** testing if installed package keeps a record of temporary installation path
* DONE (biometryassist)
Running phase: fixupPhase
checking for references to /private/tmp/nix-build-r-biometryassist-1.2.1.drv-0/ in /nix/store/gni0vgd51mzwzgh75s2f9nax2d8qysv9-r-biometryassist-1.2.1...
patching script interpreter paths in /nix/store/gni0vgd51mzwzgh75s2f9nax2d8qysv9-r-biometryassist-1.2.1
rewriting symlink /nix/store/gni0vgd51mzwzgh75s2f9nax2d8qysv9-r-biometryassist-1.2.1/nix-support/propagated-user-env-packages to be relative to /nix/store/gni0vgd51mzwzgh75s2f9nax2d8qysv9-r-biometryassist-1.2.1
