this derivation will be built:
  /nix/store/2y8y23v6axi349vg6lp09yl3zx9ms7qb-r-RM.weights-2.0.drv
this path will be fetched (0.06 MiB download, 0.06 MiB unpacked):
  /nix/store/s510kry3m4kwq7883k7md2f43jkzjq4y-RM.weights_2.0.tar.gz
copying path '/nix/store/s510kry3m4kwq7883k7md2f43jkzjq4y-RM.weights_2.0.tar.gz' from 'https://cache.nixos.org'...
building '/nix/store/2y8y23v6axi349vg6lp09yl3zx9ms7qb-r-RM.weights-2.0.drv'...
Running phase: unpackPhase
unpacking source archive /nix/store/s510kry3m4kwq7883k7md2f43jkzjq4y-RM.weights_2.0.tar.gz
source root is RM.weights
setting SOURCE_DATE_EPOCH to timestamp 1524214039 of file RM.weights/MD5
Running phase: patchPhase
Running phase: updateAutotoolsGnuConfigScriptsPhase
Running phase: configurePhase
Running phase: buildPhase
Running phase: checkPhase
Running phase: installPhase
* installing *source* package ‘RM.weights’ ...
** package ‘RM.weights’ correctement décompressé et sommes MD5 vérifiées
** using staged installation
** R
** data
** byte-compile and prepare package for lazy loading
** help
*** installing help indices
** building package indices
** testing if installed package can be loaded from temporary location
** testing if installed package can be loaded from final location
** testing if installed package keeps a record of temporary installation path
* DONE (RM.weights)
Running phase: fixupPhase
checking for references to /private/tmp/nix-build-r-RM.weights-2.0.drv-0/ in /nix/store/pn5ks9iw7mqdbcw4dx2isd9ngmy2jwhd-r-RM.weights-2.0...
patching script interpreter paths in /nix/store/pn5ks9iw7mqdbcw4dx2isd9ngmy2jwhd-r-RM.weights-2.0
rewriting symlink /nix/store/pn5ks9iw7mqdbcw4dx2isd9ngmy2jwhd-r-RM.weights-2.0/nix-support/propagated-user-env-packages to be relative to /nix/store/pn5ks9iw7mqdbcw4dx2isd9ngmy2jwhd-r-RM.weights-2.0
