this derivation will be built:
  /nix/store/1fbqpgi0grpa9dp64bnj54al23gfr1j6-r-mrbin-1.7.5.drv
this path will be fetched (3.22 MiB download, 3.22 MiB unpacked):
  /nix/store/sag903b6hdwxpfmav63jzyn55krj8x0w-mrbin_1.7.5.tar.gz
copying path '/nix/store/sag903b6hdwxpfmav63jzyn55krj8x0w-mrbin_1.7.5.tar.gz' from 'https://cache.nixos.org'...
building '/nix/store/1fbqpgi0grpa9dp64bnj54al23gfr1j6-r-mrbin-1.7.5.drv'...
Running phase: unpackPhase
unpacking source archive /nix/store/sag903b6hdwxpfmav63jzyn55krj8x0w-mrbin_1.7.5.tar.gz
source root is mrbin
setting SOURCE_DATE_EPOCH to timestamp 1718172602 of file mrbin/MD5
Running phase: patchPhase
Running phase: updateAutotoolsGnuConfigScriptsPhase
Running phase: configurePhase
Running phase: buildPhase
Running phase: checkPhase
Running phase: installPhase
* installing *source* package ‘mrbin’ ...
** package ‘mrbin’ correctement décompressé et sommes MD5 vérifiées
** using staged installation
** R
** inst
** byte-compile and prepare package for lazy loading
** help
*** installing help indices
** building package indices
** installing vignettes
** testing if installed package can be loaded from temporary location
** testing if installed package can be loaded from final location
** testing if installed package keeps a record of temporary installation path
* DONE (mrbin)
Running phase: fixupPhase
checking for references to /private/tmp/nix-build-r-mrbin-1.7.5.drv-0/ in /nix/store/b94q05nbwkaja3r3v9vbfmhmlqla7lch-r-mrbin-1.7.5...
patching script interpreter paths in /nix/store/b94q05nbwkaja3r3v9vbfmhmlqla7lch-r-mrbin-1.7.5
