this derivation will be built:
  /nix/store/q0ik8qrgcpczhqvha4y4kkl8564fp4ap-r-rgsp-0.2.0.drv
this path will be fetched (0.00 MiB download, 0.00 MiB unpacked):
  /nix/store/pv8cxs9h6v29xi04nfss2rg0046fh47q-rgsp_0.2.0.tar.gz
copying path '/nix/store/pv8cxs9h6v29xi04nfss2rg0046fh47q-rgsp_0.2.0.tar.gz' from 'https://cache.nixos.org'...
building '/nix/store/q0ik8qrgcpczhqvha4y4kkl8564fp4ap-r-rgsp-0.2.0.drv'...
Running phase: unpackPhase
unpacking source archive /nix/store/pv8cxs9h6v29xi04nfss2rg0046fh47q-rgsp_0.2.0.tar.gz
source root is rgsp
setting SOURCE_DATE_EPOCH to timestamp 1540539602 of file rgsp/MD5
Running phase: patchPhase
Running phase: updateAutotoolsGnuConfigScriptsPhase
Running phase: configurePhase
Running phase: buildPhase
Running phase: checkPhase
Running phase: installPhase
* installing *source* package ‘rgsp’ ...
** package ‘rgsp’ correctement décompressé et sommes MD5 vérifiées
** using staged installation
** R
** byte-compile and prepare package for lazy loading
** help
*** installing help indices
** building package indices
** testing if installed package can be loaded from temporary location
** testing if installed package can be loaded from final location
** testing if installed package keeps a record of temporary installation path
* DONE (rgsp)
Running phase: fixupPhase
checking for references to /private/tmp/nix-build-r-rgsp-0.2.0.drv-0/ in /nix/store/4281k85rzp13rci3cwf0i6y89mbmfw6j-r-rgsp-0.2.0...
patching script interpreter paths in /nix/store/4281k85rzp13rci3cwf0i6y89mbmfw6j-r-rgsp-0.2.0
rewriting symlink /nix/store/4281k85rzp13rci3cwf0i6y89mbmfw6j-r-rgsp-0.2.0/nix-support/propagated-user-env-packages to be relative to /nix/store/4281k85rzp13rci3cwf0i6y89mbmfw6j-r-rgsp-0.2.0
