this derivation will be built:
  /nix/store/jmgh9gvwkfx20f24abjrz75cjji3hhyj-r-rakeR-0.2.1.drv
this path will be fetched (0.03 MiB download, 0.03 MiB unpacked):
  /nix/store/d2xy1fxwpkj91464agcfpnfr006z8fdr-rakeR_0.2.1.tar.gz
copying path '/nix/store/d2xy1fxwpkj91464agcfpnfr006z8fdr-rakeR_0.2.1.tar.gz' from 'https://cache.nixos.org'...
building '/nix/store/jmgh9gvwkfx20f24abjrz75cjji3hhyj-r-rakeR-0.2.1.drv'...
Running phase: unpackPhase
unpacking source archive /nix/store/d2xy1fxwpkj91464agcfpnfr006z8fdr-rakeR_0.2.1.tar.gz
source root is rakeR
setting SOURCE_DATE_EPOCH to timestamp 1507643086 of file rakeR/MD5
Running phase: patchPhase
Running phase: updateAutotoolsGnuConfigScriptsPhase
Running phase: configurePhase
Running phase: buildPhase
Running phase: checkPhase
Running phase: installPhase
* installing *source* package ‘rakeR’ ...
** package ‘rakeR’ correctement décompressé et sommes MD5 vérifiées
** using staged installation
** R
** byte-compile and prepare package for lazy loading
** help
*** installing help indices
** building package indices
** testing if installed package can be loaded from temporary location
** testing if installed package can be loaded from final location
** testing if installed package keeps a record of temporary installation path
* DONE (rakeR)
Running phase: fixupPhase
checking for references to /private/tmp/nix-build-r-rakeR-0.2.1.drv-0/ in /nix/store/spm93cimrh0lbvdahr7nzgjrb4i2c5w5-r-rakeR-0.2.1...
patching script interpreter paths in /nix/store/spm93cimrh0lbvdahr7nzgjrb4i2c5w5-r-rakeR-0.2.1
rewriting symlink /nix/store/spm93cimrh0lbvdahr7nzgjrb4i2c5w5-r-rakeR-0.2.1/nix-support/propagated-user-env-packages to be relative to /nix/store/spm93cimrh0lbvdahr7nzgjrb4i2c5w5-r-rakeR-0.2.1
