this derivation will be built:
  /nix/store/296wzzj8z45lc4dy552b695fsr92d2wa-r-ngboostForecast-0.1.1.drv
this path will be fetched (0.11 MiB download, 0.11 MiB unpacked):
  /nix/store/nr1ba7jlh82abkrlps1khhyx4rf9yy52-ngboostForecast_0.1.1.tar.gz
copying path '/nix/store/nr1ba7jlh82abkrlps1khhyx4rf9yy52-ngboostForecast_0.1.1.tar.gz' from 'https://cache.nixos.org'...
building '/nix/store/296wzzj8z45lc4dy552b695fsr92d2wa-r-ngboostForecast-0.1.1.drv'...
Running phase: unpackPhase
unpacking source archive /nix/store/nr1ba7jlh82abkrlps1khhyx4rf9yy52-ngboostForecast_0.1.1.tar.gz
source root is ngboostForecast
setting SOURCE_DATE_EPOCH to timestamp 1659785408 of file ngboostForecast/MD5
Running phase: patchPhase
Running phase: updateAutotoolsGnuConfigScriptsPhase
Running phase: configurePhase
Running phase: buildPhase
Running phase: checkPhase
Running phase: installPhase
* installing *source* package ‘ngboostForecast’ ...
** package ‘ngboostForecast’ correctement décompressé et sommes MD5 vérifiées
** using staged installation
** R
** data
*** moving datasets to lazyload DB
** byte-compile and prepare package for lazy loading
** help
*** installing help indices
*** copying figures
** building package indices
** testing if installed package can be loaded from temporary location
** testing if installed package can be loaded from final location
** testing if installed package keeps a record of temporary installation path
* DONE (ngboostForecast)
Running phase: fixupPhase
checking for references to /private/tmp/nix-build-r-ngboostForecast-0.1.1.drv-0/ in /nix/store/114p1418vxcbds5c6gkqhl2l0ynskj3k-r-ngboostForecast-0.1.1...
patching script interpreter paths in /nix/store/114p1418vxcbds5c6gkqhl2l0ynskj3k-r-ngboostForecast-0.1.1
rewriting symlink /nix/store/114p1418vxcbds5c6gkqhl2l0ynskj3k-r-ngboostForecast-0.1.1/nix-support/propagated-user-env-packages to be relative to /nix/store/114p1418vxcbds5c6gkqhl2l0ynskj3k-r-ngboostForecast-0.1.1
