this derivation will be built:
  /nix/store/vps41v14553r3vr1337y7f7c7kkpfgz2-r-revulyticsR-0.0.3.drv
this path will be fetched (0.01 MiB download, 0.01 MiB unpacked):
  /nix/store/466cxnppx3n62w2qz64w3j5cxg83k4xv-revulyticsR_0.0.3.tar.gz
copying path '/nix/store/466cxnppx3n62w2qz64w3j5cxg83k4xv-revulyticsR_0.0.3.tar.gz' from 'https://cache.nixos.org'...
building '/nix/store/vps41v14553r3vr1337y7f7c7kkpfgz2-r-revulyticsR-0.0.3.drv'...
Running phase: unpackPhase
unpacking source archive /nix/store/466cxnppx3n62w2qz64w3j5cxg83k4xv-revulyticsR_0.0.3.tar.gz
source root is revulyticsR
setting SOURCE_DATE_EPOCH to timestamp 1607107202 of file revulyticsR/MD5
Running phase: patchPhase
Running phase: updateAutotoolsGnuConfigScriptsPhase
Running phase: configurePhase
Running phase: buildPhase
Running phase: checkPhase
Running phase: installPhase
* installing *source* package ‘revulyticsR’ ...
** package ‘revulyticsR’ correctement décompressé et sommes MD5 vérifiées
** using staged installation
** R
** byte-compile and prepare package for lazy loading
** help
*** installing help indices
** building package indices
** testing if installed package can be loaded from temporary location
** testing if installed package can be loaded from final location
** testing if installed package keeps a record of temporary installation path
* DONE (revulyticsR)
Running phase: fixupPhase
checking for references to /private/tmp/nix-build-r-revulyticsR-0.0.3.drv-0/ in /nix/store/lbcfdy96676q0pmddy1pdznwx9550x4n-r-revulyticsR-0.0.3...
patching script interpreter paths in /nix/store/lbcfdy96676q0pmddy1pdznwx9550x4n-r-revulyticsR-0.0.3
rewriting symlink /nix/store/lbcfdy96676q0pmddy1pdznwx9550x4n-r-revulyticsR-0.0.3/nix-support/propagated-user-env-packages to be relative to /nix/store/lbcfdy96676q0pmddy1pdznwx9550x4n-r-revulyticsR-0.0.3
