this derivation will be built:
  /nix/store/xwvm4d9mmrmqs60qgrxhsg97l4xva5c9-r-wsprv-0.1.0.drv
this path will be fetched (0.00 MiB download, 0.00 MiB unpacked):
  /nix/store/v77pxsq50brhqkrmacq5fssafw7224ly-wsprv_0.1.0.tar.gz
copying path '/nix/store/v77pxsq50brhqkrmacq5fssafw7224ly-wsprv_0.1.0.tar.gz' from 'https://cache.nixos.org'...
building '/nix/store/xwvm4d9mmrmqs60qgrxhsg97l4xva5c9-r-wsprv-0.1.0.drv'...
Running phase: unpackPhase
unpacking source archive /nix/store/v77pxsq50brhqkrmacq5fssafw7224ly-wsprv_0.1.0.tar.gz
source root is wsprv
setting SOURCE_DATE_EPOCH to timestamp 1639770002 of file wsprv/MD5
Running phase: patchPhase
Running phase: updateAutotoolsGnuConfigScriptsPhase
Running phase: configurePhase
Running phase: buildPhase
Running phase: checkPhase
Running phase: installPhase
* installing *source* package ‘wsprv’ ...
** package ‘wsprv’ correctement décompressé et sommes MD5 vérifiées
** using staged installation
** R
** byte-compile and prepare package for lazy loading
** help
*** installing help indices
** building package indices
** testing if installed package can be loaded from temporary location
** testing if installed package can be loaded from final location
** testing if installed package keeps a record of temporary installation path
* DONE (wsprv)
Running phase: fixupPhase
checking for references to /private/tmp/nix-build-r-wsprv-0.1.0.drv-0/ in /nix/store/fvisjaidmzd6h82v5zg45ci5j74qhsn2-r-wsprv-0.1.0...
patching script interpreter paths in /nix/store/fvisjaidmzd6h82v5zg45ci5j74qhsn2-r-wsprv-0.1.0
rewriting symlink /nix/store/fvisjaidmzd6h82v5zg45ci5j74qhsn2-r-wsprv-0.1.0/nix-support/propagated-user-env-packages to be relative to /nix/store/fvisjaidmzd6h82v5zg45ci5j74qhsn2-r-wsprv-0.1.0
