this derivation will be built:
  /nix/store/nlrmrqiqkir9vw2dll58s8w0iqclx02f-r-qreport-1.0-1.drv
this path will be fetched (0.04 MiB download, 0.04 MiB unpacked):
  /nix/store/hgy8bp4npk0j2jhqdqm463fin774i47r-qreport_1.0-1.tar.gz
copying path '/nix/store/hgy8bp4npk0j2jhqdqm463fin774i47r-qreport_1.0-1.tar.gz' from 'https://cache.nixos.org'...
building '/nix/store/nlrmrqiqkir9vw2dll58s8w0iqclx02f-r-qreport-1.0-1.drv'...
Running phase: unpackPhase
unpacking source archive /nix/store/hgy8bp4npk0j2jhqdqm463fin774i47r-qreport_1.0-1.tar.gz
source root is qreport
setting SOURCE_DATE_EPOCH to timestamp 1716760203 of file qreport/MD5
Running phase: patchPhase
Running phase: updateAutotoolsGnuConfigScriptsPhase
Running phase: configurePhase
Running phase: buildPhase
Running phase: checkPhase
Running phase: installPhase
* installing *source* package ‘qreport’ ...
** package ‘qreport’ correctement décompressé et sommes MD5 vérifiées
** using staged installation
** R
** byte-compile and prepare package for lazy loading
** help
*** installing help indices
** building package indices
** testing if installed package can be loaded from temporary location
** testing if installed package can be loaded from final location
** testing if installed package keeps a record of temporary installation path
* DONE (qreport)
Running phase: fixupPhase
checking for references to /private/tmp/nix-build-r-qreport-1.0-1.drv-0/ in /nix/store/2hjvhydnnrgn08ns7pc63ss0vs756zh1-r-qreport-1.0-1...
patching script interpreter paths in /nix/store/2hjvhydnnrgn08ns7pc63ss0vs756zh1-r-qreport-1.0-1
rewriting symlink /nix/store/2hjvhydnnrgn08ns7pc63ss0vs756zh1-r-qreport-1.0-1/nix-support/propagated-user-env-packages to be relative to /nix/store/2hjvhydnnrgn08ns7pc63ss0vs756zh1-r-qreport-1.0-1
