this derivation will be built:
  /nix/store/gic9xb92yxpcr0l0h8sf6dzhhalw9f82-r-Splinets-1.5.0.drv
this path will be fetched (2.22 MiB download, 2.22 MiB unpacked):
  /nix/store/1wfi1m7f3wld7f019zjlh80rjxr9xqg1-Splinets_1.5.0.tar.gz
copying path '/nix/store/1wfi1m7f3wld7f019zjlh80rjxr9xqg1-Splinets_1.5.0.tar.gz' from 'https://cache.nixos.org'...
building '/nix/store/gic9xb92yxpcr0l0h8sf6dzhhalw9f82-r-Splinets-1.5.0.drv'...
Running phase: unpackPhase
unpacking source archive /nix/store/1wfi1m7f3wld7f019zjlh80rjxr9xqg1-Splinets_1.5.0.tar.gz
source root is Splinets
setting SOURCE_DATE_EPOCH to timestamp 1678131602 of file Splinets/MD5
Running phase: patchPhase
Running phase: updateAutotoolsGnuConfigScriptsPhase
Running phase: configurePhase
Running phase: buildPhase
Running phase: checkPhase
Running phase: installPhase
* installing *source* package ‘Splinets’ ...
** package ‘Splinets’ correctement décompressé et sommes MD5 vérifiées
** using staged installation
** R
** data
*** moving datasets to lazyload DB
** byte-compile and prepare package for lazy loading
** help
*** installing help indices
** building package indices
** testing if installed package can be loaded from temporary location
** testing if installed package can be loaded from final location
** testing if installed package keeps a record of temporary installation path
* DONE (Splinets)
Running phase: fixupPhase
checking for references to /private/tmp/nix-build-r-Splinets-1.5.0.drv-0/ in /nix/store/9k50sav56qk9i0bbjg1y0qj1xyq8gcwr-r-Splinets-1.5.0...
patching script interpreter paths in /nix/store/9k50sav56qk9i0bbjg1y0qj1xyq8gcwr-r-Splinets-1.5.0
