this derivation will be built:
  /nix/store/kj8y1860ps19j4qy12w0mi4192c6cwcj-r-ltmix-0.2.2.drv
this path will be fetched (0.01 MiB download, 0.01 MiB unpacked):
  /nix/store/sv1g6z6r1y58c40awbg1c2swh7h0f4ax-ltmix_0.2.2.tar.gz
copying path '/nix/store/sv1g6z6r1y58c40awbg1c2swh7h0f4ax-ltmix_0.2.2.tar.gz' from 'https://cache.nixos.org'...
building '/nix/store/kj8y1860ps19j4qy12w0mi4192c6cwcj-r-ltmix-0.2.2.drv'...
Running phase: unpackPhase
unpacking source archive /nix/store/sv1g6z6r1y58c40awbg1c2swh7h0f4ax-ltmix_0.2.2.tar.gz
source root is ltmix
setting SOURCE_DATE_EPOCH to timestamp 1708694402 of file ltmix/MD5
Running phase: patchPhase
Running phase: updateAutotoolsGnuConfigScriptsPhase
Running phase: configurePhase
Running phase: buildPhase
Running phase: checkPhase
Running phase: installPhase
* installing *source* package ‘ltmix’ ...
** package ‘ltmix’ correctement décompressé et sommes MD5 vérifiées
** using staged installation
** R
** data
*** moving datasets to lazyload DB
** byte-compile and prepare package for lazy loading
** help
*** installing help indices
** building package indices
** testing if installed package can be loaded from temporary location
** testing if installed package can be loaded from final location
** testing if installed package keeps a record of temporary installation path
* DONE (ltmix)
Running phase: fixupPhase
checking for references to /private/tmp/nix-build-r-ltmix-0.2.2.drv-0/ in /nix/store/na4lv0zhzyvz9078kakcp444ggx7dj3i-r-ltmix-0.2.2...
patching script interpreter paths in /nix/store/na4lv0zhzyvz9078kakcp444ggx7dj3i-r-ltmix-0.2.2
rewriting symlink /nix/store/na4lv0zhzyvz9078kakcp444ggx7dj3i-r-ltmix-0.2.2/nix-support/propagated-user-env-packages to be relative to /nix/store/na4lv0zhzyvz9078kakcp444ggx7dj3i-r-ltmix-0.2.2
