these 2 derivations will be built:
  /nix/store/xv1cxljd6fc9bbk192l52qbjbcjy38f7-misty_0.6.8.tar.gz.drv
  /nix/store/i6qvb4mf72iiwyysm7naq1d9sf785lm6-r-misty-0.6.8.drv
building '/nix/store/xv1cxljd6fc9bbk192l52qbjbcjy38f7-misty_0.6.8.tar.gz.drv'...

trying https://cran.r-project.org/src/contrib/misty_0.6.8.tar.gz
  % Total    % Received % Xferd  Average Speed   Time    Time     Time  Current
                                 Dload  Upload   Total   Spent    Left  Speed
100  749k  100  749k    0     0  3140k      0 --:--:-- --:--:-- --:--:-- 3136k
building '/nix/store/i6qvb4mf72iiwyysm7naq1d9sf785lm6-r-misty-0.6.8.drv'...
Running phase: unpackPhase
unpacking source archive /nix/store/d5jmrv8akii4rqzcwl5iyr4370l8pd3z-misty_0.6.8.tar.gz
source root is misty
setting SOURCE_DATE_EPOCH to timestamp 1729787402 of file misty/MD5
Running phase: patchPhase
Running phase: updateAutotoolsGnuConfigScriptsPhase
Running phase: configurePhase
Running phase: buildPhase
Running phase: checkPhase
Running phase: installPhase
* installing *source* package ‘misty’ ...
** package ‘misty’ correctement décompressé et sommes MD5 vérifiées
** using staged installation
** R
** byte-compile and prepare package for lazy loading
** help
*** installing help indices
** building package indices
** testing if installed package can be loaded from temporary location
** testing if installed package can be loaded from final location
** testing if installed package keeps a record of temporary installation path
* DONE (misty)
Running phase: fixupPhase
checking for references to /private/tmp/nix-build-r-misty-0.6.8.drv-0/ in /nix/store/bpd3mjmx6ma0sjqnkfln69dk7bwah4ig-r-misty-0.6.8...
patching script interpreter paths in /nix/store/bpd3mjmx6ma0sjqnkfln69dk7bwah4ig-r-misty-0.6.8
rewriting symlink /nix/store/bpd3mjmx6ma0sjqnkfln69dk7bwah4ig-r-misty-0.6.8/nix-support/propagated-user-env-packages to be relative to /nix/store/bpd3mjmx6ma0sjqnkfln69dk7bwah4ig-r-misty-0.6.8
