this derivation will be built:
  /nix/store/56m108jyivqhir6prbvdnynhk1a095ka-r-methcon5-0.1.0.drv
this path will be fetched (0.14 MiB download, 0.14 MiB unpacked):
  /nix/store/wbjj7p0s5jv2lr4m0hns3l5j57s59wls-methcon5_0.1.0.tar.gz
copying path '/nix/store/wbjj7p0s5jv2lr4m0hns3l5j57s59wls-methcon5_0.1.0.tar.gz' from 'https://cache.nixos.org'...
building '/nix/store/56m108jyivqhir6prbvdnynhk1a095ka-r-methcon5-0.1.0.drv'...
Running phase: unpackPhase
unpacking source archive /nix/store/wbjj7p0s5jv2lr4m0hns3l5j57s59wls-methcon5_0.1.0.tar.gz
source root is methcon5
setting SOURCE_DATE_EPOCH to timestamp 1576849802 of file methcon5/MD5
Running phase: patchPhase
Running phase: updateAutotoolsGnuConfigScriptsPhase
Running phase: configurePhase
Running phase: buildPhase
Running phase: checkPhase
Running phase: installPhase
* installing *source* package ‘methcon5’ ...
** package ‘methcon5’ correctement décompressé et sommes MD5 vérifiées
** using staged installation
** R
** data
*** moving datasets to lazyload DB
** byte-compile and prepare package for lazy loading
** help
*** installing help indices
*** copying figures
** building package indices
** testing if installed package can be loaded from temporary location
** testing if installed package can be loaded from final location
** testing if installed package keeps a record of temporary installation path
* DONE (methcon5)
Running phase: fixupPhase
checking for references to /private/tmp/nix-build-r-methcon5-0.1.0.drv-0/ in /nix/store/isiy7bamfz606l389pcgiaz3kf9hdd9c-r-methcon5-0.1.0...
patching script interpreter paths in /nix/store/isiy7bamfz606l389pcgiaz3kf9hdd9c-r-methcon5-0.1.0
rewriting symlink /nix/store/isiy7bamfz606l389pcgiaz3kf9hdd9c-r-methcon5-0.1.0/nix-support/propagated-user-env-packages to be relative to /nix/store/isiy7bamfz606l389pcgiaz3kf9hdd9c-r-methcon5-0.1.0
