this derivation will be built:
  /nix/store/fnrqpgn5sh66jn1nd5z1rp4j271l2axd-r-kgen-0.3.1.drv
this path will be fetched (0.02 MiB download, 0.02 MiB unpacked):
  /nix/store/p4gv4vp73z6wxa46jl5hxsh41kcm8dih-kgen_0.3.1.tar.gz
copying path '/nix/store/p4gv4vp73z6wxa46jl5hxsh41kcm8dih-kgen_0.3.1.tar.gz' from 'https://cache.nixos.org'...
building '/nix/store/fnrqpgn5sh66jn1nd5z1rp4j271l2axd-r-kgen-0.3.1.drv'...
Running phase: unpackPhase
unpacking source archive /nix/store/p4gv4vp73z6wxa46jl5hxsh41kcm8dih-kgen_0.3.1.tar.gz
source root is kgen
setting SOURCE_DATE_EPOCH to timestamp 1702995002 of file kgen/MD5
Running phase: patchPhase
Running phase: updateAutotoolsGnuConfigScriptsPhase
Running phase: configurePhase
Running phase: buildPhase
Running phase: checkPhase
Running phase: installPhase
* installing *source* package ‘kgen’ ...
** package ‘kgen’ correctement décompressé et sommes MD5 vérifiées
** using staged installation
** R
** inst
** byte-compile and prepare package for lazy loading
** help
*** installing help indices
** building package indices
** testing if installed package can be loaded from temporary location
** testing if installed package can be loaded from final location
** testing if installed package keeps a record of temporary installation path
* DONE (kgen)
Running phase: fixupPhase
checking for references to /private/tmp/nix-build-r-kgen-0.3.1.drv-0/ in /nix/store/bkwq19s5r0jl2hp72wq47plsr74qxrb5-r-kgen-0.3.1...
patching script interpreter paths in /nix/store/bkwq19s5r0jl2hp72wq47plsr74qxrb5-r-kgen-0.3.1
rewriting symlink /nix/store/bkwq19s5r0jl2hp72wq47plsr74qxrb5-r-kgen-0.3.1/nix-support/propagated-user-env-packages to be relative to /nix/store/bkwq19s5r0jl2hp72wq47plsr74qxrb5-r-kgen-0.3.1
