this derivation will be built:
  /nix/store/kj86w1mn0lc0mn2j0igdfal03fqihii0-r-Ostats-0.2.0.drv
this path will be fetched (0.51 MiB download, 0.51 MiB unpacked):
  /nix/store/5wj4901hhlzpxsm1ggg8i1x9q217yxsy-Ostats_0.2.0.tar.gz
copying path '/nix/store/5wj4901hhlzpxsm1ggg8i1x9q217yxsy-Ostats_0.2.0.tar.gz' from 'https://cache.nixos.org'...
building '/nix/store/kj86w1mn0lc0mn2j0igdfal03fqihii0-r-Ostats-0.2.0.drv'...
Running phase: unpackPhase
unpacking source archive /nix/store/5wj4901hhlzpxsm1ggg8i1x9q217yxsy-Ostats_0.2.0.tar.gz
source root is Ostats
setting SOURCE_DATE_EPOCH to timestamp 1662999602 of file Ostats/MD5
Running phase: patchPhase
Running phase: updateAutotoolsGnuConfigScriptsPhase
Running phase: configurePhase
Running phase: buildPhase
Running phase: checkPhase
Running phase: installPhase
* installing *source* package ‘Ostats’ ...
** package ‘Ostats’ correctement décompressé et sommes MD5 vérifiées
** using staged installation
** R
** data
*** moving datasets to lazyload DB
** inst
** byte-compile and prepare package for lazy loading
** help
*** installing help indices
** building package indices
** installing vignettes
** testing if installed package can be loaded from temporary location
** testing if installed package can be loaded from final location
** testing if installed package keeps a record of temporary installation path
* DONE (Ostats)
Running phase: fixupPhase
checking for references to /private/tmp/nix-build-r-Ostats-0.2.0.drv-0/ in /nix/store/if19iy0whxy0nraka4sc6zls5ikn11jg-r-Ostats-0.2.0...
patching script interpreter paths in /nix/store/if19iy0whxy0nraka4sc6zls5ikn11jg-r-Ostats-0.2.0
rewriting symlink /nix/store/if19iy0whxy0nraka4sc6zls5ikn11jg-r-Ostats-0.2.0/nix-support/propagated-user-env-packages to be relative to /nix/store/if19iy0whxy0nraka4sc6zls5ikn11jg-r-Ostats-0.2.0
