these 2 derivations will be built:
  /nix/store/1q5s9x6nd4xni8gamfnmc9j2nvq2b3a4-saeHB.spatial_0.1.1.tar.gz.drv
  /nix/store/8vp0rkkgjyl6azjsnc3yicz0a9n01yb9-r-saeHB.spatial-0.1.1.drv
building '/nix/store/1q5s9x6nd4xni8gamfnmc9j2nvq2b3a4-saeHB.spatial_0.1.1.tar.gz.drv'...

trying https://cran.r-project.org/src/contrib/saeHB.spatial_0.1.1.tar.gz
  % Total    % Received % Xferd  Average Speed   Time    Time     Time  Current
                                 Dload  Upload   Total   Spent    Left  Speed
100 17279  100 17279    0     0   146k      0 --:--:-- --:--:-- --:--:--  146k
building '/nix/store/8vp0rkkgjyl6azjsnc3yicz0a9n01yb9-r-saeHB.spatial-0.1.1.drv'...
Running phase: unpackPhase
unpacking source archive /nix/store/79rmwmlv38k4y9n3rr9yfdfgcas7avpw-saeHB.spatial_0.1.1.tar.gz
source root is saeHB.spatial
setting SOURCE_DATE_EPOCH to timestamp 1732268402 of file saeHB.spatial/MD5
Running phase: patchPhase
Running phase: updateAutotoolsGnuConfigScriptsPhase
Running phase: configurePhase
Running phase: buildPhase
Running phase: checkPhase
Running phase: installPhase
* installing *source* package ‘saeHB.spatial’ ...
** package ‘saeHB.spatial’ correctement décompressé et sommes MD5 vérifiées
** using staged installation
** R
** data
*** moving datasets to lazyload DB
** inst
** byte-compile and prepare package for lazy loading
** help
*** installing help indices
** building package indices
** installing vignettes
** testing if installed package can be loaded from temporary location
** testing if installed package can be loaded from final location
** testing if installed package keeps a record of temporary installation path
* DONE (saeHB.spatial)
Running phase: fixupPhase
checking for references to /private/tmp/nix-build-r-saeHB.spatial-0.1.1.drv-0/ in /nix/store/lz9qnc0v1q4gvs7344192c99wkv40kmx-r-saeHB.spatial-0.1.1...
patching script interpreter paths in /nix/store/lz9qnc0v1q4gvs7344192c99wkv40kmx-r-saeHB.spatial-0.1.1
rewriting symlink /nix/store/lz9qnc0v1q4gvs7344192c99wkv40kmx-r-saeHB.spatial-0.1.1/nix-support/propagated-user-env-packages to be relative to /nix/store/lz9qnc0v1q4gvs7344192c99wkv40kmx-r-saeHB.spatial-0.1.1
