this derivation will be built:
  /nix/store/zdcnybdn3w2823p4m72273kfh63n1w1w-r-mldr.datasets-0.4.2.drv
this path will be fetched (2.25 MiB download, 2.25 MiB unpacked):
  /nix/store/ckkxbqawkkkrzdhncw51j50b62pk99ix-mldr.datasets_0.4.2.tar.gz
copying path '/nix/store/ckkxbqawkkkrzdhncw51j50b62pk99ix-mldr.datasets_0.4.2.tar.gz' from 'https://cache.nixos.org'...
building '/nix/store/zdcnybdn3w2823p4m72273kfh63n1w1w-r-mldr.datasets-0.4.2.drv'...
Running phase: unpackPhase
unpacking source archive /nix/store/ckkxbqawkkkrzdhncw51j50b62pk99ix-mldr.datasets_0.4.2.tar.gz
source root is mldr.datasets
setting SOURCE_DATE_EPOCH to timestamp 1547731203 of file mldr.datasets/MD5
Running phase: patchPhase
Running phase: updateAutotoolsGnuConfigScriptsPhase
Running phase: configurePhase
Running phase: buildPhase
Running phase: checkPhase
Running phase: installPhase
* installing *source* package ‘mldr.datasets’ ...
** package ‘mldr.datasets’ correctement décompressé et sommes MD5 vérifiées
** using staged installation
** R
** data
*** moving datasets to lazyload DB
** byte-compile and prepare package for lazy loading
** help
*** installing help indices
** building package indices
** testing if installed package can be loaded from temporary location
** testing if installed package can be loaded from final location
** testing if installed package keeps a record of temporary installation path
* DONE (mldr.datasets)
Running phase: fixupPhase
checking for references to /private/tmp/nix-build-r-mldr.datasets-0.4.2.drv-0/ in /nix/store/0zk94b16nl6p45s3n2xgnyvjazw8vys6-r-mldr.datasets-0.4.2...
patching script interpreter paths in /nix/store/0zk94b16nl6p45s3n2xgnyvjazw8vys6-r-mldr.datasets-0.4.2
