this derivation will be built:
  /nix/store/c4w3y9kmmqd4im4vyrb49l7wqlp83l5h-r-atlas-1.0.0.drv
building '/nix/store/c4w3y9kmmqd4im4vyrb49l7wqlp83l5h-r-atlas-1.0.0.drv'...
Running phase: unpackPhase
unpacking source archive /nix/store/a39zm9x60kmbyvqialjyyfnfd7a6q8qi-atlas_1.0.0.tar.gz
source root is atlas
setting SOURCE_DATE_EPOCH to timestamp 1533921611 of file atlas/MD5
Running phase: patchPhase
Running phase: updateAutotoolsGnuConfigScriptsPhase
Running phase: configurePhase
Running phase: buildPhase
Running phase: checkPhase
Running phase: installPhase
* installing *source* package ‘atlas’ ...
** package ‘atlas’ correctement décompressé et sommes MD5 vérifiées
** using staged installation
** R
** byte-compile and prepare package for lazy loading
** help
*** installing help indices
** building package indices
** testing if installed package can be loaded from temporary location
** testing if installed package can be loaded from final location
** testing if installed package keeps a record of temporary installation path
* DONE (atlas)
Running phase: fixupPhase
checking for references to /private/tmp/nix-build-r-atlas-1.0.0.drv-0/ in /nix/store/ha2g3c9k4lcpw6cz8bzfx8didaljlajd-r-atlas-1.0.0...
patching script interpreter paths in /nix/store/ha2g3c9k4lcpw6cz8bzfx8didaljlajd-r-atlas-1.0.0
rewriting symlink /nix/store/ha2g3c9k4lcpw6cz8bzfx8didaljlajd-r-atlas-1.0.0/nix-support/propagated-user-env-packages to be relative to /nix/store/ha2g3c9k4lcpw6cz8bzfx8didaljlajd-r-atlas-1.0.0
