this derivation will be built:
  /nix/store/drmvlg88bllmcr86036664qa79f8jqcf-r-NetworkInference-1.2.4.drv
this path will be fetched (0.60 MiB download, 0.60 MiB unpacked):
  /nix/store/l42q6bfd9g6sv06n7bwbgmy84m2s4c8v-NetworkInference_1.2.4.tar.gz
copying path '/nix/store/l42q6bfd9g6sv06n7bwbgmy84m2s4c8v-NetworkInference_1.2.4.tar.gz' from 'https://cache.nixos.org'...
building '/nix/store/drmvlg88bllmcr86036664qa79f8jqcf-r-NetworkInference-1.2.4.drv'...
Running phase: unpackPhase
unpacking source archive /nix/store/l42q6bfd9g6sv06n7bwbgmy84m2s4c8v-NetworkInference_1.2.4.tar.gz
source root is NetworkInference
setting SOURCE_DATE_EPOCH to timestamp 1551333006 of file NetworkInference/MD5
Running phase: patchPhase
Running phase: updateAutotoolsGnuConfigScriptsPhase
Running phase: configurePhase
Running phase: buildPhase
Running phase: checkPhase
Running phase: installPhase
* installing *source* package ‘NetworkInference’ ...
** package ‘NetworkInference’ correctement décompressé et sommes MD5 vérifiées
** using staged installation
** libs
using C compiler: ‘clang version 16.0.6’
using C++ compiler: ‘clang version 16.0.6’
using C++11
using SDK: ‘’
/nix/store/v39c0h6xv6hvki2k1bsyp5n090q8y2bp-clang-wrapper-16.0.6/bin/cc -I"/nix/store/lir8rmsk7dxbj7v1spqmv69z4mafg16l-R-4.4.2/lib/R/include" -DNDEBUG  -I'/nix/store/da7yi2xf3argx9hlnn3f0k95b8y1yx2l-r-Rcpp-1.0.13-1/library/Rcpp/include' -I'/nix/store/8d7a1k9j9kxyc1wbssvfj8jwxmhz2na6-r-RcppProgress-0.4.2/library/RcppProgress/include' -isystem /nix/store/0mmz5i705116bfykc7i1r9jxqwyghj2a-libcxx-16.0.6-dev/include/c++/v1    -fPIC  -g -O2  -c NetworkInference_init.c -o NetworkInference_init.o
/nix/store/v39c0h6xv6hvki2k1bsyp5n090q8y2bp-clang-wrapper-16.0.6/bin/c++ -std=gnu++11 -I"/nix/store/lir8rmsk7dxbj7v1spqmv69z4mafg16l-R-4.4.2/lib/R/include" -DNDEBUG  -I'/nix/store/da7yi2xf3argx9hlnn3f0k95b8y1yx2l-r-Rcpp-1.0.13-1/library/Rcpp/include' -I'/nix/store/8d7a1k9j9kxyc1wbssvfj8jwxmhz2na6-r-RcppProgress-0.4.2/library/RcppProgress/include' -isystem /nix/store/0mmz5i705116bfykc7i1r9jxqwyghj2a-libcxx-16.0.6-dev/include/c++/v1    -fPIC  -g -O2   -c RcppExports.cpp -o RcppExports.o
/nix/store/v39c0h6xv6hvki2k1bsyp5n090q8y2bp-clang-wrapper-16.0.6/bin/c++ -std=gnu++11 -I"/nix/store/lir8rmsk7dxbj7v1spqmv69z4mafg16l-R-4.4.2/lib/R/include" -DNDEBUG  -I'/nix/store/da7yi2xf3argx9hlnn3f0k95b8y1yx2l-r-Rcpp-1.0.13-1/library/Rcpp/include' -I'/nix/store/8d7a1k9j9kxyc1wbssvfj8jwxmhz2na6-r-RcppProgress-0.4.2/library/RcppProgress/include' -isystem /nix/store/0mmz5i705116bfykc7i1r9jxqwyghj2a-libcxx-16.0.6-dev/include/c++/v1    -fPIC  -g -O2   -c distributions.cpp -o distributions.o
/nix/store/v39c0h6xv6hvki2k1bsyp5n090q8y2bp-clang-wrapper-16.0.6/bin/c++ -std=gnu++11 -I"/nix/store/lir8rmsk7dxbj7v1spqmv69z4mafg16l-R-4.4.2/lib/R/include" -DNDEBUG  -I'/nix/store/da7yi2xf3argx9hlnn3f0k95b8y1yx2l-r-Rcpp-1.0.13-1/library/Rcpp/include' -I'/nix/store/8d7a1k9j9kxyc1wbssvfj8jwxmhz2na6-r-RcppProgress-0.4.2/library/RcppProgress/include' -isystem /nix/store/0mmz5i705116bfykc7i1r9jxqwyghj2a-libcxx-16.0.6-dev/include/c++/v1    -fPIC  -g -O2   -c netinf.cpp -o netinf.o
/nix/store/v39c0h6xv6hvki2k1bsyp5n090q8y2bp-clang-wrapper-16.0.6/bin/c++ -std=gnu++11 -I"/nix/store/lir8rmsk7dxbj7v1spqmv69z4mafg16l-R-4.4.2/lib/R/include" -DNDEBUG  -I'/nix/store/da7yi2xf3argx9hlnn3f0k95b8y1yx2l-r-Rcpp-1.0.13-1/library/Rcpp/include' -I'/nix/store/8d7a1k9j9kxyc1wbssvfj8jwxmhz2na6-r-RcppProgress-0.4.2/library/RcppProgress/include' -isystem /nix/store/0mmz5i705116bfykc7i1r9jxqwyghj2a-libcxx-16.0.6-dev/include/c++/v1    -fPIC  -g -O2   -c netinf_utilities.cpp -o netinf_utilities.o
/nix/store/v39c0h6xv6hvki2k1bsyp5n090q8y2bp-clang-wrapper-16.0.6/bin/c++ -std=gnu++11 -I"/nix/store/lir8rmsk7dxbj7v1spqmv69z4mafg16l-R-4.4.2/lib/R/include" -DNDEBUG  -I'/nix/store/da7yi2xf3argx9hlnn3f0k95b8y1yx2l-r-Rcpp-1.0.13-1/library/Rcpp/include' -I'/nix/store/8d7a1k9j9kxyc1wbssvfj8jwxmhz2na6-r-RcppProgress-0.4.2/library/RcppProgress/include' -isystem /nix/store/0mmz5i705116bfykc7i1r9jxqwyghj2a-libcxx-16.0.6-dev/include/c++/v1    -fPIC  -g -O2   -c possible_edges.cpp -o possible_edges.o
/nix/store/v39c0h6xv6hvki2k1bsyp5n090q8y2bp-clang-wrapper-16.0.6/bin/c++ -std=gnu++11 -I"/nix/store/lir8rmsk7dxbj7v1spqmv69z4mafg16l-R-4.4.2/lib/R/include" -DNDEBUG  -I'/nix/store/da7yi2xf3argx9hlnn3f0k95b8y1yx2l-r-Rcpp-1.0.13-1/library/Rcpp/include' -I'/nix/store/8d7a1k9j9kxyc1wbssvfj8jwxmhz2na6-r-RcppProgress-0.4.2/library/RcppProgress/include' -isystem /nix/store/0mmz5i705116bfykc7i1r9jxqwyghj2a-libcxx-16.0.6-dev/include/c++/v1    -fPIC  -g -O2   -c spanning_tree.cpp -o spanning_tree.o
/nix/store/v39c0h6xv6hvki2k1bsyp5n090q8y2bp-clang-wrapper-16.0.6/bin/c++ -std=gnu++11 -I"/nix/store/lir8rmsk7dxbj7v1spqmv69z4mafg16l-R-4.4.2/lib/R/include" -DNDEBUG  -I'/nix/store/da7yi2xf3argx9hlnn3f0k95b8y1yx2l-r-Rcpp-1.0.13-1/library/Rcpp/include' -I'/nix/store/8d7a1k9j9kxyc1wbssvfj8jwxmhz2na6-r-RcppProgress-0.4.2/library/RcppProgress/include' -isystem /nix/store/0mmz5i705116bfykc7i1r9jxqwyghj2a-libcxx-16.0.6-dev/include/c++/v1    -fPIC  -g -O2   -c vuong_test.cpp -o vuong_test.o
/nix/store/v39c0h6xv6hvki2k1bsyp5n090q8y2bp-clang-wrapper-16.0.6/bin/c++ -std=gnu++11 -dynamiclib -Wl,-headerpad_max_install_names -undefined dynamic_lookup -L/nix/store/lir8rmsk7dxbj7v1spqmv69z4mafg16l-R-4.4.2/lib/R/lib -L/nix/store/88xkgzh5g9xppsg3hdxxxh9q43rnxk6k-libcxx-16.0.6/lib -o NetworkInference.so NetworkInference_init.o RcppExports.o distributions.o netinf.o netinf_utilities.o possible_edges.o spanning_tree.o vuong_test.o -L/nix/store/lir8rmsk7dxbj7v1spqmv69z4mafg16l-R-4.4.2/lib/R/lib -lR -lintl -Wl,-framework -Wl,CoreFoundation
installing to /nix/store/5jv00bq11ngcs7fgygs8yi4l6lad2za8-r-NetworkInference-1.2.4/library/00LOCK-NetworkInference/00new/NetworkInference/libs
** R
** data
*** moving datasets to lazyload DB
** inst
** byte-compile and prepare package for lazy loading
** help
*** installing help indices
** building package indices
** installing vignettes
** testing if installed package can be loaded from temporary location
** checking absolute paths in shared objects and dynamic libraries
** testing if installed package can be loaded from final location
** testing if installed package keeps a record of temporary installation path
* DONE (NetworkInference)
Running phase: fixupPhase
checking for references to /private/tmp/nix-build-r-NetworkInference-1.2.4.drv-0/ in /nix/store/5jv00bq11ngcs7fgygs8yi4l6lad2za8-r-NetworkInference-1.2.4...
patching script interpreter paths in /nix/store/5jv00bq11ngcs7fgygs8yi4l6lad2za8-r-NetworkInference-1.2.4
rewriting symlink /nix/store/5jv00bq11ngcs7fgygs8yi4l6lad2za8-r-NetworkInference-1.2.4/nix-support/propagated-user-env-packages to be relative to /nix/store/5jv00bq11ngcs7fgygs8yi4l6lad2za8-r-NetworkInference-1.2.4
