these 2 derivations will be built:
  /nix/store/5a4ns3snzc2fbir2skv9wr41ycwx7izs-MethodOpt_1.0.0.tar.gz.drv
  /nix/store/psl362w66i904zgy057qmiv2m8dxaink-r-MethodOpt-1.0.0.drv
building '/nix/store/5a4ns3snzc2fbir2skv9wr41ycwx7izs-MethodOpt_1.0.0.tar.gz.drv'...

trying https://cran.r-project.org/src/contrib/MethodOpt_1.0.0.tar.gz
  % Total    % Received % Xferd  Average Speed   Time    Time     Time  Current
                                 Dload  Upload   Total   Spent    Left  Speed
100 1548k  100 1548k    0     0  5356k      0 --:--:-- --:--:-- --:--:-- 5376k
building '/nix/store/psl362w66i904zgy057qmiv2m8dxaink-r-MethodOpt-1.0.0.drv'...
Running phase: unpackPhase
unpacking source archive /nix/store/g4q773gp3ip4jp33szq211kaxiik9hf1-MethodOpt_1.0.0.tar.gz
source root is MethodOpt
setting SOURCE_DATE_EPOCH to timestamp 1727689807 of file MethodOpt/MD5
Running phase: patchPhase
Running phase: updateAutotoolsGnuConfigScriptsPhase
Running phase: configurePhase
Running phase: buildPhase
Running phase: checkPhase
Running phase: installPhase
* installing *source* package ‘MethodOpt’ ...
** package ‘MethodOpt’ correctement décompressé et sommes MD5 vérifiées
** using staged installation
** R
** inst
** byte-compile and prepare package for lazy loading
** help
*** installing help indices
*** copying figures
** building package indices
** installing vignettes
** testing if installed package can be loaded from temporary location
** testing if installed package can be loaded from final location
** testing if installed package keeps a record of temporary installation path
* DONE (MethodOpt)
Running phase: fixupPhase
checking for references to /private/tmp/nix-build-r-MethodOpt-1.0.0.drv-0/ in /nix/store/lbd2h5r3bp0kvhq9gff44hy5bsj95a48-r-MethodOpt-1.0.0...
patching script interpreter paths in /nix/store/lbd2h5r3bp0kvhq9gff44hy5bsj95a48-r-MethodOpt-1.0.0
rewriting symlink /nix/store/lbd2h5r3bp0kvhq9gff44hy5bsj95a48-r-MethodOpt-1.0.0/nix-support/propagated-user-env-packages to be relative to /nix/store/lbd2h5r3bp0kvhq9gff44hy5bsj95a48-r-MethodOpt-1.0.0
