this derivation will be built:
  /nix/store/b1lgmsqhv3ff8h4635dpgcsp2s4h7kbw-r-samplesizeestimator-1.0.0.drv
this path will be fetched (0.01 MiB download, 0.01 MiB unpacked):
  /nix/store/w3308qixp8ndgrcisjx06k9hdm1bfwj9-samplesizeestimator_1.0.0.tar.gz
copying path '/nix/store/w3308qixp8ndgrcisjx06k9hdm1bfwj9-samplesizeestimator_1.0.0.tar.gz' from 'https://cache.nixos.org'...
building '/nix/store/b1lgmsqhv3ff8h4635dpgcsp2s4h7kbw-r-samplesizeestimator-1.0.0.drv'...
Running phase: unpackPhase
unpacking source archive /nix/store/w3308qixp8ndgrcisjx06k9hdm1bfwj9-samplesizeestimator_1.0.0.tar.gz
source root is samplesizeestimator
setting SOURCE_DATE_EPOCH to timestamp 1696958402 of file samplesizeestimator/MD5
Running phase: patchPhase
Running phase: updateAutotoolsGnuConfigScriptsPhase
Running phase: configurePhase
Running phase: buildPhase
Running phase: checkPhase
Running phase: installPhase
* installing *source* package ‘samplesizeestimator’ ...
** package ‘samplesizeestimator’ correctement décompressé et sommes MD5 vérifiées
** using staged installation
** R
** byte-compile and prepare package for lazy loading
** help
*** installing help indices
** building package indices
** testing if installed package can be loaded from temporary location
** testing if installed package can be loaded from final location
** testing if installed package keeps a record of temporary installation path
* DONE (samplesizeestimator)
Running phase: fixupPhase
checking for references to /private/tmp/nix-build-r-samplesizeestimator-1.0.0.drv-0/ in /nix/store/2bnnybm4d7sp4bfgvzmc311cmai2xx8i-r-samplesizeestimator-1.0.0...
patching script interpreter paths in /nix/store/2bnnybm4d7sp4bfgvzmc311cmai2xx8i-r-samplesizeestimator-1.0.0
rewriting symlink /nix/store/2bnnybm4d7sp4bfgvzmc311cmai2xx8i-r-samplesizeestimator-1.0.0/nix-support/propagated-user-env-packages to be relative to /nix/store/2bnnybm4d7sp4bfgvzmc311cmai2xx8i-r-samplesizeestimator-1.0.0
