this derivation will be built:
  /nix/store/zhqv5javwl6lkviyz9zhqw0r8m5kwi95-r-varycoef-0.3.4.drv
this path will be fetched (1.21 MiB download, 1.21 MiB unpacked):
  /nix/store/kg1vbkbhxnc51rksfdkbvqgy82phaj6i-varycoef_0.3.4.tar.gz
copying path '/nix/store/kg1vbkbhxnc51rksfdkbvqgy82phaj6i-varycoef_0.3.4.tar.gz' from 'https://cache.nixos.org'...
building '/nix/store/zhqv5javwl6lkviyz9zhqw0r8m5kwi95-r-varycoef-0.3.4.drv'...
Running phase: unpackPhase
unpacking source archive /nix/store/kg1vbkbhxnc51rksfdkbvqgy82phaj6i-varycoef_0.3.4.tar.gz
source root is varycoef
setting SOURCE_DATE_EPOCH to timestamp 1663442402 of file varycoef/MD5
Running phase: patchPhase
Running phase: updateAutotoolsGnuConfigScriptsPhase
Running phase: configurePhase
Running phase: buildPhase
Running phase: checkPhase
Running phase: installPhase
* installing *source* package ‘varycoef’ ...
** package ‘varycoef’ correctement décompressé et sommes MD5 vérifiées
** using staged installation
** R
** data
*** moving datasets to lazyload DB
** inst
** byte-compile and prepare package for lazy loading
** help
*** installing help indices
** building package indices
** installing vignettes
** testing if installed package can be loaded from temporary location
** testing if installed package can be loaded from final location
** testing if installed package keeps a record of temporary installation path
* DONE (varycoef)
Running phase: fixupPhase
checking for references to /private/tmp/nix-build-r-varycoef-0.3.4.drv-0/ in /nix/store/jhlr0wv72q8mv58xbjhgl9rwf047hrah-r-varycoef-0.3.4...
patching script interpreter paths in /nix/store/jhlr0wv72q8mv58xbjhgl9rwf047hrah-r-varycoef-0.3.4
rewriting symlink /nix/store/jhlr0wv72q8mv58xbjhgl9rwf047hrah-r-varycoef-0.3.4/nix-support/propagated-user-env-packages to be relative to /nix/store/jhlr0wv72q8mv58xbjhgl9rwf047hrah-r-varycoef-0.3.4
