this derivation will be built:
  /nix/store/q7jabn5iyj0817cg8k14lhqmc3c40yyv-r-mudfold-1.1.21.drv
this path will be fetched (0.08 MiB download, 0.08 MiB unpacked):
  /nix/store/sf6nh78c3qgj65kjkz6di0zrrz30bpbx-mudfold_1.1.21.tar.gz
copying path '/nix/store/sf6nh78c3qgj65kjkz6di0zrrz30bpbx-mudfold_1.1.21.tar.gz' from 'https://cache.nixos.org'...
building '/nix/store/q7jabn5iyj0817cg8k14lhqmc3c40yyv-r-mudfold-1.1.21.drv'...
Running phase: unpackPhase
unpacking source archive /nix/store/sf6nh78c3qgj65kjkz6di0zrrz30bpbx-mudfold_1.1.21.tar.gz
source root is mudfold
setting SOURCE_DATE_EPOCH to timestamp 1669282202 of file mudfold/MD5
Running phase: patchPhase
Running phase: updateAutotoolsGnuConfigScriptsPhase
Running phase: configurePhase
Running phase: buildPhase
Running phase: checkPhase
Running phase: installPhase
* installing *source* package ‘mudfold’ ...
** package ‘mudfold’ correctement décompressé et sommes MD5 vérifiées
** using staged installation
** R
** data
** byte-compile and prepare package for lazy loading
** help
*** installing help indices
** building package indices
** testing if installed package can be loaded from temporary location
** testing if installed package can be loaded from final location
** testing if installed package keeps a record of temporary installation path
* DONE (mudfold)
Running phase: fixupPhase
checking for references to /private/tmp/nix-build-r-mudfold-1.1.21.drv-0/ in /nix/store/yq0rvxm9hf8bglazcmj2dmaa1q7hj9n9-r-mudfold-1.1.21...
patching script interpreter paths in /nix/store/yq0rvxm9hf8bglazcmj2dmaa1q7hj9n9-r-mudfold-1.1.21
rewriting symlink /nix/store/yq0rvxm9hf8bglazcmj2dmaa1q7hj9n9-r-mudfold-1.1.21/nix-support/propagated-user-env-packages to be relative to /nix/store/yq0rvxm9hf8bglazcmj2dmaa1q7hj9n9-r-mudfold-1.1.21
