this derivation will be built:
  /nix/store/9fprii8z5rckgndl4cml5id8d0gsxpn3-r-PROBShiny-0.1.0.drv
this path will be fetched (0.12 MiB download, 0.12 MiB unpacked):
  /nix/store/8i4z6lh5nn26y2pakafdf83i3dcd0x8m-PROBShiny_0.1.0.tar.gz
copying path '/nix/store/8i4z6lh5nn26y2pakafdf83i3dcd0x8m-PROBShiny_0.1.0.tar.gz' from 'https://cache.nixos.org'...
building '/nix/store/9fprii8z5rckgndl4cml5id8d0gsxpn3-r-PROBShiny-0.1.0.drv'...
Running phase: unpackPhase
unpacking source archive /nix/store/8i4z6lh5nn26y2pakafdf83i3dcd0x8m-PROBShiny_0.1.0.tar.gz
source root is PROBShiny
setting SOURCE_DATE_EPOCH to timestamp 1556008203 of file PROBShiny/MD5
Running phase: patchPhase
Running phase: updateAutotoolsGnuConfigScriptsPhase
Running phase: configurePhase
Running phase: buildPhase
Running phase: checkPhase
Running phase: installPhase
* installing *source* package ‘PROBShiny’ ...
** package ‘PROBShiny’ correctement décompressé et sommes MD5 vérifiées
** using staged installation
** R
** inst
** byte-compile and prepare package for lazy loading
** help
*** installing help indices
** building package indices
** testing if installed package can be loaded from temporary location
** testing if installed package can be loaded from final location
** testing if installed package keeps a record of temporary installation path
* DONE (PROBShiny)
Running phase: fixupPhase
checking for references to /private/tmp/nix-build-r-PROBShiny-0.1.0.drv-0/ in /nix/store/fds8kxrvls3wdqkrmabzd307xjjvkrfr-r-PROBShiny-0.1.0...
patching script interpreter paths in /nix/store/fds8kxrvls3wdqkrmabzd307xjjvkrfr-r-PROBShiny-0.1.0
rewriting symlink /nix/store/fds8kxrvls3wdqkrmabzd307xjjvkrfr-r-PROBShiny-0.1.0/nix-support/propagated-user-env-packages to be relative to /nix/store/fds8kxrvls3wdqkrmabzd307xjjvkrfr-r-PROBShiny-0.1.0
