this derivation will be built:
  /nix/store/dcgldsawrziyl36b8dj8akjakc2fxl5j-r-novelforestSG-2.1.0.drv
this path will be fetched (0.04 MiB download, 0.04 MiB unpacked):
  /nix/store/0x5iz7kn1i43jj57v13mylljyz07b1lj-novelforestSG_2.1.0.tar.gz
copying path '/nix/store/0x5iz7kn1i43jj57v13mylljyz07b1lj-novelforestSG_2.1.0.tar.gz' from 'https://cache.nixos.org'...
building '/nix/store/dcgldsawrziyl36b8dj8akjakc2fxl5j-r-novelforestSG-2.1.0.drv'...
Running phase: unpackPhase
unpacking source archive /nix/store/0x5iz7kn1i43jj57v13mylljyz07b1lj-novelforestSG_2.1.0.tar.gz
source root is novelforestSG
setting SOURCE_DATE_EPOCH to timestamp 1705361403 of file novelforestSG/MD5
Running phase: patchPhase
Running phase: updateAutotoolsGnuConfigScriptsPhase
Running phase: configurePhase
Running phase: buildPhase
Running phase: checkPhase
Running phase: installPhase
* installing *source* package ‘novelforestSG’ ...
** package ‘novelforestSG’ correctement décompressé et sommes MD5 vérifiées
** using staged installation
** R
** data
*** moving datasets to lazyload DB
** inst
** byte-compile and prepare package for lazy loading
** help
*** installing help indices
** building package indices
** testing if installed package can be loaded from temporary location
** testing if installed package can be loaded from final location
** testing if installed package keeps a record of temporary installation path
* DONE (novelforestSG)
Running phase: fixupPhase
checking for references to /private/tmp/nix-build-r-novelforestSG-2.1.0.drv-0/ in /nix/store/0ir69vkqq7rxcvnqr8cxvg0a20f4bbqz-r-novelforestSG-2.1.0...
patching script interpreter paths in /nix/store/0ir69vkqq7rxcvnqr8cxvg0a20f4bbqz-r-novelforestSG-2.1.0
