these 2 derivations will be built:
  /nix/store/bx2bnwqnplbzsgjwk6gddglqbs05xp5i-mvgb_0.0.6.tar.gz.drv
  /nix/store/cfh97w6swgwfiybycybcap802n12pq0d-r-mvgb-0.0.6.drv
building '/nix/store/bx2bnwqnplbzsgjwk6gddglqbs05xp5i-mvgb_0.0.6.tar.gz.drv'...

trying https://cran.r-project.org/src/contrib/mvgb_0.0.6.tar.gz
  % Total    % Received % Xferd  Average Speed   Time    Time     Time  Current
                                 Dload  Upload   Total   Spent    Left  Speed
100 23780  100 23780    0     0   214k      0 --:--:-- --:--:-- --:--:--  215k
building '/nix/store/cfh97w6swgwfiybycybcap802n12pq0d-r-mvgb-0.0.6.drv'...
Running phase: unpackPhase
unpacking source archive /nix/store/7h1p5ap792p5870gv2gr5jx6qcpkablv-mvgb_0.0.6.tar.gz
source root is mvgb
setting SOURCE_DATE_EPOCH to timestamp 1727997010 of file mvgb/MD5
Running phase: patchPhase
Running phase: updateAutotoolsGnuConfigScriptsPhase
Running phase: configurePhase
Running phase: buildPhase
Running phase: checkPhase
Running phase: installPhase
* installing *source* package ‘mvgb’ ...
** package ‘mvgb’ correctement décompressé et sommes MD5 vérifiées
** using staged installation
** libs
using C compiler: ‘clang version 16.0.6’
using Fortran compiler: ‘GNU Fortran (GCC) 13.3.0’
using SDK: ‘’
/nix/store/v39c0h6xv6hvki2k1bsyp5n090q8y2bp-clang-wrapper-16.0.6/bin/cc -I"/nix/store/lir8rmsk7dxbj7v1spqmv69z4mafg16l-R-4.4.2/lib/R/include" -DNDEBUG   -isystem /nix/store/0mmz5i705116bfykc7i1r9jxqwyghj2a-libcxx-16.0.6-dev/include/c++/v1    -fPIC  -g -O2  -c F77.c -o F77.o
/nix/store/v39c0h6xv6hvki2k1bsyp5n090q8y2bp-clang-wrapper-16.0.6/bin/cc -I"/nix/store/lir8rmsk7dxbj7v1spqmv69z4mafg16l-R-4.4.2/lib/R/include" -DNDEBUG   -isystem /nix/store/0mmz5i705116bfykc7i1r9jxqwyghj2a-libcxx-16.0.6-dev/include/c++/v1    -fPIC  -g -O2  -c mvgb-init.c -o mvgb-init.o
/nix/store/93i6w80axzmddh7kl97br2axr8al13vx-gfortran-wrapper-13.3.0/bin/gfortran  -fPIC  -g -O2  -c mvtdstpack.f -o mvtdstpack.o
/nix/store/v39c0h6xv6hvki2k1bsyp5n090q8y2bp-clang-wrapper-16.0.6/bin/cc -dynamiclib -Wl,-headerpad_max_install_names -undefined dynamic_lookup -L/nix/store/lir8rmsk7dxbj7v1spqmv69z4mafg16l-R-4.4.2/lib/R/lib -L/nix/store/88xkgzh5g9xppsg3hdxxxh9q43rnxk6k-libcxx-16.0.6/lib -o mvgb.so F77.o mvgb-init.o mvtdstpack.o -L/nix/store/h84vsys3h7wkvnwhx3fz6ynrlpla2mpv-gfortran-13.3.0-lib/lib -L/nix/store/3awww7sqz8gygkr9hw5s7wd57iwz1qg3-cctools-binutils-darwin-wrapper-1010.6/bin -L/nix/store/kwlx6bz5n81gqa9kyx6207rzp0yq0pj4-gfortran-13.3.0/lib/gcc/aarch64-apple-darwin/13.3.0 -L/nix/store/kwlx6bz5n81gqa9kyx6207rzp0yq0pj4-gfortran-13.3.0/lib -lemutls_w -lheapt_w -lintl -lgfortran -lquadmath -L/nix/store/lir8rmsk7dxbj7v1spqmv69z4mafg16l-R-4.4.2/lib/R/lib -lR -lintl -Wl,-framework -Wl,CoreFoundation
ld: warning: could not create compact unwind for _mvbvtl_: does not use standard frame
ld: warning: could not create compact unwind for _mvbvt_.part.0: does not use standard frame
ld: warning: could not create compact unwind for _mvbvu_: does not use standard frame
ld: warning: could not create compact unwind for _mvbvn_: does not use standard frame
ld: warning: could not create compact unwind for _mvkrsv_: does not use standard frame
ld: warning: could not create compact unwind for _mvkbrv_: does not use standard frame
ld: warning: could not create compact unwind for _mvsort_: does not use standard frame
ld: warning: could not create compact unwind for _mvphnv_: does not use standard frame
ld: warning: could not create compact unwind for _mvvlsb_: does not use standard frame
ld: warning: could not create compact unwind for _master.0.mvsubr_.isra.0: does not use standard frame
ld: warning: could not create compact unwind for _mvtdst_: does not use standard frame
ld: warning: could not create compact unwind for _mvstdt_: does not use standard frame
ld: warning: could not create compact unwind for _mvbvtc_: does not use standard frame
ld: warning: could not create compact unwind for _allocate_tramp_ctrl: does not use standard frame
ld: warning: could not create compact unwind for ___gcc_nested_func_ptr_created: does not use standard frame
ld: warning: could not create compact unwind for ___gcc_nested_func_ptr_deleted: does not use standard frame
ld: warning: could not create compact unwind for ___emutls_get_address: does not use standard frame
installing to /nix/store/087048g089danmlmjzhj8sx72rgvchf2-r-mvgb-0.0.6/library/00LOCK-mvgb/00new/mvgb/libs
** R
** byte-compile and prepare package for lazy loading
** help
*** installing help indices
** building package indices
** testing if installed package can be loaded from temporary location
** checking absolute paths in shared objects and dynamic libraries
** testing if installed package can be loaded from final location
** testing if installed package keeps a record of temporary installation path
* DONE (mvgb)
Running phase: fixupPhase
checking for references to /private/tmp/nix-build-r-mvgb-0.0.6.drv-0/ in /nix/store/087048g089danmlmjzhj8sx72rgvchf2-r-mvgb-0.0.6...
patching script interpreter paths in /nix/store/087048g089danmlmjzhj8sx72rgvchf2-r-mvgb-0.0.6
