this derivation will be built:
  /nix/store/37spcv36hsm9jci6zsm5jcmi53v9sbjd-r-SBN-1.0.0.drv
this path will be fetched (0.28 MiB download, 0.28 MiB unpacked):
  /nix/store/kbj91nd2bk1m2w8r8kibg2jj2ak8gzc3-SBN_1.0.0.tar.gz
copying path '/nix/store/kbj91nd2bk1m2w8r8kibg2jj2ak8gzc3-SBN_1.0.0.tar.gz' from 'https://cache.nixos.org'...
building '/nix/store/37spcv36hsm9jci6zsm5jcmi53v9sbjd-r-SBN-1.0.0.drv'...
Running phase: unpackPhase
unpacking source archive /nix/store/kbj91nd2bk1m2w8r8kibg2jj2ak8gzc3-SBN_1.0.0.tar.gz
source root is SBN
setting SOURCE_DATE_EPOCH to timestamp 1642448562 of file SBN/MD5
Running phase: patchPhase
Running phase: updateAutotoolsGnuConfigScriptsPhase
Running phase: configurePhase
Running phase: buildPhase
Running phase: checkPhase
Running phase: installPhase
* installing *source* package ‘SBN’ ...
** package ‘SBN’ correctement décompressé et sommes MD5 vérifiées
** using staged installation
** R
** byte-compile and prepare package for lazy loading
** help
*** installing help indices
*** copying figures
** building package indices
** testing if installed package can be loaded from temporary location
** testing if installed package can be loaded from final location
** testing if installed package keeps a record of temporary installation path
* DONE (SBN)
Running phase: fixupPhase
checking for references to /private/tmp/nix-build-r-SBN-1.0.0.drv-0/ in /nix/store/k0gqxsxmkgi7qjdz1wqlvvm4917hwv0k-r-SBN-1.0.0...
patching script interpreter paths in /nix/store/k0gqxsxmkgi7qjdz1wqlvvm4917hwv0k-r-SBN-1.0.0
rewriting symlink /nix/store/k0gqxsxmkgi7qjdz1wqlvvm4917hwv0k-r-SBN-1.0.0/nix-support/propagated-user-env-packages to be relative to /nix/store/k0gqxsxmkgi7qjdz1wqlvvm4917hwv0k-r-SBN-1.0.0
