this derivation will be built:
  /nix/store/zs1az6g0dw1mq2pg97c7xqg3055f18mi-r-TPLSr-1.0.4.drv
this path will be fetched (4.11 MiB download, 4.11 MiB unpacked):
  /nix/store/h3w63d0p6ww2lw2psgdrrm2pl99j0r1b-TPLSr_1.0.4.tar.gz
copying path '/nix/store/h3w63d0p6ww2lw2psgdrrm2pl99j0r1b-TPLSr_1.0.4.tar.gz' from 'https://cache.nixos.org'...
building '/nix/store/zs1az6g0dw1mq2pg97c7xqg3055f18mi-r-TPLSr-1.0.4.drv'...
Running phase: unpackPhase
unpacking source archive /nix/store/h3w63d0p6ww2lw2psgdrrm2pl99j0r1b-TPLSr_1.0.4.tar.gz
source root is TPLSr
setting SOURCE_DATE_EPOCH to timestamp 1654896023 of file TPLSr/MD5
Running phase: patchPhase
Running phase: updateAutotoolsGnuConfigScriptsPhase
Running phase: configurePhase
Running phase: buildPhase
Running phase: checkPhase
Running phase: installPhase
* installing *source* package ‘TPLSr’ ...
** package ‘TPLSr’ correctement décompressé et sommes MD5 vérifiées
** using staged installation
** R
** data
*** moving datasets to lazyload DB
** inst
** byte-compile and prepare package for lazy loading
** help
*** installing help indices
** building package indices
** installing vignettes
** testing if installed package can be loaded from temporary location
** testing if installed package can be loaded from final location
** testing if installed package keeps a record of temporary installation path
* DONE (TPLSr)
Running phase: fixupPhase
checking for references to /private/tmp/nix-build-r-TPLSr-1.0.4.drv-0/ in /nix/store/1b552sqdrxlza4a4gx34zjdr1hmr2mhp-r-TPLSr-1.0.4...
patching script interpreter paths in /nix/store/1b552sqdrxlza4a4gx34zjdr1hmr2mhp-r-TPLSr-1.0.4
rewriting symlink /nix/store/1b552sqdrxlza4a4gx34zjdr1hmr2mhp-r-TPLSr-1.0.4/nix-support/propagated-user-env-packages to be relative to /nix/store/1b552sqdrxlza4a4gx34zjdr1hmr2mhp-r-TPLSr-1.0.4
