this derivation will be built:
  /nix/store/c808sv852qd1shsqyz4fzk62cwnp8v32-r-pRepDesigns-1.2.0.drv
this path will be fetched (0.01 MiB download, 0.01 MiB unpacked):
  /nix/store/yqmviw65mx8007x8pjs7w5j601xzibn5-pRepDesigns_1.2.0.tar.gz
copying path '/nix/store/yqmviw65mx8007x8pjs7w5j601xzibn5-pRepDesigns_1.2.0.tar.gz' from 'https://cache.nixos.org'...
building '/nix/store/c808sv852qd1shsqyz4fzk62cwnp8v32-r-pRepDesigns-1.2.0.drv'...
Running phase: unpackPhase
unpacking source archive /nix/store/yqmviw65mx8007x8pjs7w5j601xzibn5-pRepDesigns_1.2.0.tar.gz
source root is pRepDesigns
setting SOURCE_DATE_EPOCH to timestamp 1712087102 of file pRepDesigns/MD5
Running phase: patchPhase
Running phase: updateAutotoolsGnuConfigScriptsPhase
Running phase: configurePhase
Running phase: buildPhase
Running phase: checkPhase
Running phase: installPhase
* installing *source* package ‘pRepDesigns’ ...
** package ‘pRepDesigns’ correctement décompressé et sommes MD5 vérifiées
** using staged installation
** R
** byte-compile and prepare package for lazy loading
** help
*** installing help indices
** building package indices
** testing if installed package can be loaded from temporary location
** testing if installed package can be loaded from final location
** testing if installed package keeps a record of temporary installation path
* DONE (pRepDesigns)
Running phase: fixupPhase
checking for references to /private/tmp/nix-build-r-pRepDesigns-1.2.0.drv-0/ in /nix/store/x8zslf8195ljnp6cgwmwiislzv1vh9nx-r-pRepDesigns-1.2.0...
patching script interpreter paths in /nix/store/x8zslf8195ljnp6cgwmwiislzv1vh9nx-r-pRepDesigns-1.2.0
