this derivation will be built:
  /nix/store/1vlkbmmp0i9814h784l9s8n596qpcw3x-r-rco-1.0.2.drv
this path will be fetched (0.15 MiB download, 0.15 MiB unpacked):
  /nix/store/kaw82sxgrpdam43nl1kazdir13m8j8kz-rco_1.0.2.tar.gz
copying path '/nix/store/kaw82sxgrpdam43nl1kazdir13m8j8kz-rco_1.0.2.tar.gz' from 'https://cache.nixos.org'...
building '/nix/store/1vlkbmmp0i9814h784l9s8n596qpcw3x-r-rco-1.0.2.drv'...
Running phase: unpackPhase
unpacking source archive /nix/store/kaw82sxgrpdam43nl1kazdir13m8j8kz-rco_1.0.2.tar.gz
source root is rco
setting SOURCE_DATE_EPOCH to timestamp 1618668002 of file rco/MD5
Running phase: patchPhase
Running phase: updateAutotoolsGnuConfigScriptsPhase
Running phase: configurePhase
Running phase: buildPhase
Running phase: checkPhase
Running phase: installPhase
* installing *source* package ‘rco’ ...
** package ‘rco’ correctement décompressé et sommes MD5 vérifiées
** using staged installation
** R
** inst
** byte-compile and prepare package for lazy loading
** help
*** installing help indices
** building package indices
** installing vignettes
** testing if installed package can be loaded from temporary location
** testing if installed package can be loaded from final location
** testing if installed package keeps a record of temporary installation path
* DONE (rco)
Running phase: fixupPhase
checking for references to /private/tmp/nix-build-r-rco-1.0.2.drv-0/ in /nix/store/f99cl2lglrcdbk1sxclgnk9xc7kzkhgw-r-rco-1.0.2...
patching script interpreter paths in /nix/store/f99cl2lglrcdbk1sxclgnk9xc7kzkhgw-r-rco-1.0.2
