this derivation will be built:
  /nix/store/1iq6ssyzjyygyav0g5j1bw3dx3z2v50c-r-NMMIPW-0.1.0.drv
this path will be fetched (0.01 MiB download, 0.01 MiB unpacked):
  /nix/store/vh3ryphl795vn3g7zxdz7zyn9kqgc7i2-NMMIPW_0.1.0.tar.gz
copying path '/nix/store/vh3ryphl795vn3g7zxdz7zyn9kqgc7i2-NMMIPW_0.1.0.tar.gz' from 'https://cache.nixos.org'...
building '/nix/store/1iq6ssyzjyygyav0g5j1bw3dx3z2v50c-r-NMMIPW-0.1.0.drv'...
Running phase: unpackPhase
unpacking source archive /nix/store/vh3ryphl795vn3g7zxdz7zyn9kqgc7i2-NMMIPW_0.1.0.tar.gz
source root is NMMIPW
setting SOURCE_DATE_EPOCH to timestamp 1640014930 of file NMMIPW/MD5
Running phase: patchPhase
Running phase: updateAutotoolsGnuConfigScriptsPhase
Running phase: configurePhase
Running phase: buildPhase
Running phase: checkPhase
Running phase: installPhase
* installing *source* package ‘NMMIPW’ ...
** package ‘NMMIPW’ correctement décompressé et sommes MD5 vérifiées
** using staged installation
** R
** byte-compile and prepare package for lazy loading
** help
*** installing help indices
** building package indices
** testing if installed package can be loaded from temporary location
** testing if installed package can be loaded from final location
** testing if installed package keeps a record of temporary installation path
* DONE (NMMIPW)
Running phase: fixupPhase
checking for references to /private/tmp/nix-build-r-NMMIPW-0.1.0.drv-0/ in /nix/store/xkvghvjqf7jch11l8cnl3hhis6hs3zk0-r-NMMIPW-0.1.0...
patching script interpreter paths in /nix/store/xkvghvjqf7jch11l8cnl3hhis6hs3zk0-r-NMMIPW-0.1.0
rewriting symlink /nix/store/xkvghvjqf7jch11l8cnl3hhis6hs3zk0-r-NMMIPW-0.1.0/nix-support/propagated-user-env-packages to be relative to /nix/store/xkvghvjqf7jch11l8cnl3hhis6hs3zk0-r-NMMIPW-0.1.0
