this derivation will be built:
  /nix/store/596csmvirq3z78lnjpd25mnmfqrdn9mi-r-smartsheetr-0.1.0.drv
this path will be fetched (0.02 MiB download, 0.02 MiB unpacked):
  /nix/store/7s4rpyhzi6vqj0z27c2b9r9c6vlcxsh9-smartsheetr_0.1.0.tar.gz
copying path '/nix/store/7s4rpyhzi6vqj0z27c2b9r9c6vlcxsh9-smartsheetr_0.1.0.tar.gz' from 'https://cache.nixos.org'...
building '/nix/store/596csmvirq3z78lnjpd25mnmfqrdn9mi-r-smartsheetr-0.1.0.drv'...
Running phase: unpackPhase
unpacking source archive /nix/store/7s4rpyhzi6vqj0z27c2b9r9c6vlcxsh9-smartsheetr_0.1.0.tar.gz
source root is smartsheetr
setting SOURCE_DATE_EPOCH to timestamp 1698505212 of file smartsheetr/MD5
Running phase: patchPhase
Running phase: updateAutotoolsGnuConfigScriptsPhase
Running phase: configurePhase
Running phase: buildPhase
Running phase: checkPhase
Running phase: installPhase
* installing *source* package ‘smartsheetr’ ...
** package ‘smartsheetr’ correctement décompressé et sommes MD5 vérifiées
** using staged installation
** R
** byte-compile and prepare package for lazy loading
** help
*** installing help indices
** building package indices
** testing if installed package can be loaded from temporary location
** testing if installed package can be loaded from final location
** testing if installed package keeps a record of temporary installation path
* DONE (smartsheetr)
Running phase: fixupPhase
checking for references to /private/tmp/nix-build-r-smartsheetr-0.1.0.drv-0/ in /nix/store/yjvf3w4569500g4i8x3mhbkr1ck21y5q-r-smartsheetr-0.1.0...
patching script interpreter paths in /nix/store/yjvf3w4569500g4i8x3mhbkr1ck21y5q-r-smartsheetr-0.1.0
rewriting symlink /nix/store/yjvf3w4569500g4i8x3mhbkr1ck21y5q-r-smartsheetr-0.1.0/nix-support/propagated-user-env-packages to be relative to /nix/store/yjvf3w4569500g4i8x3mhbkr1ck21y5q-r-smartsheetr-0.1.0
