this derivation will be built:
  /nix/store/yyjxmbnq24dcnn8zga8ampk5c8ins4wz-r-whippr-0.1.3.drv
this path will be fetched (1.18 MiB download, 1.18 MiB unpacked):
  /nix/store/h2d4530vxaazc0n6f0mgdvzzx19s29ms-whippr_0.1.3.tar.gz
copying path '/nix/store/h2d4530vxaazc0n6f0mgdvzzx19s29ms-whippr_0.1.3.tar.gz' from 'https://cache.nixos.org'...
building '/nix/store/yyjxmbnq24dcnn8zga8ampk5c8ins4wz-r-whippr-0.1.3.drv'...
Running phase: unpackPhase
unpacking source archive /nix/store/h2d4530vxaazc0n6f0mgdvzzx19s29ms-whippr_0.1.3.tar.gz
source root is whippr
setting SOURCE_DATE_EPOCH to timestamp 1708329602 of file whippr/MD5
Running phase: patchPhase
Running phase: updateAutotoolsGnuConfigScriptsPhase
Running phase: configurePhase
Running phase: buildPhase
Running phase: checkPhase
Running phase: installPhase
* installing *source* package ‘whippr’ ...
** package ‘whippr’ correctement décompressé et sommes MD5 vérifiées
** using staged installation
** R
** inst
** byte-compile and prepare package for lazy loading
** help
*** installing help indices
*** copying figures
** building package indices
** testing if installed package can be loaded from temporary location
** testing if installed package can be loaded from final location
** testing if installed package keeps a record of temporary installation path
* DONE (whippr)
Running phase: fixupPhase
checking for references to /private/tmp/nix-build-r-whippr-0.1.3.drv-0/ in /nix/store/nv19w7qx54dhx7g440wns0bjwmx916j0-r-whippr-0.1.3...
patching script interpreter paths in /nix/store/nv19w7qx54dhx7g440wns0bjwmx916j0-r-whippr-0.1.3
rewriting symlink /nix/store/nv19w7qx54dhx7g440wns0bjwmx916j0-r-whippr-0.1.3/nix-support/propagated-user-env-packages to be relative to /nix/store/nv19w7qx54dhx7g440wns0bjwmx916j0-r-whippr-0.1.3
