this derivation will be built:
  /nix/store/6g06q5zzgz2xda5j42fns6kl41hr6hag-r-msaFACE-0.1.0.drv
this path will be fetched (0.01 MiB download, 0.01 MiB unpacked):
  /nix/store/iq23hq558k4chxl8j5p7rhpnm1bbcw9v-msaFACE_0.1.0.tar.gz
copying path '/nix/store/iq23hq558k4chxl8j5p7rhpnm1bbcw9v-msaFACE_0.1.0.tar.gz' from 'https://cache.nixos.org'...
building '/nix/store/6g06q5zzgz2xda5j42fns6kl41hr6hag-r-msaFACE-0.1.0.drv'...
Running phase: unpackPhase
unpacking source archive /nix/store/iq23hq558k4chxl8j5p7rhpnm1bbcw9v-msaFACE_0.1.0.tar.gz
source root is msaFACE
setting SOURCE_DATE_EPOCH to timestamp 1478626563 of file msaFACE/MD5
Running phase: patchPhase
Running phase: updateAutotoolsGnuConfigScriptsPhase
Running phase: configurePhase
Running phase: buildPhase
Running phase: checkPhase
Running phase: installPhase
* installing *source* package ‘msaFACE’ ...
** package ‘msaFACE’ correctement décompressé et sommes MD5 vérifiées
** using staged installation
** R
** data
** inst
** byte-compile and prepare package for lazy loading
** help
*** installing help indices
** building package indices
** testing if installed package can be loaded from temporary location
** testing if installed package can be loaded from final location
** testing if installed package keeps a record of temporary installation path
* DONE (msaFACE)
Running phase: fixupPhase
checking for references to /private/tmp/nix-build-r-msaFACE-0.1.0.drv-0/ in /nix/store/db1c3vdp563f25xmia8xk5vi5p4kl1zr-r-msaFACE-0.1.0...
patching script interpreter paths in /nix/store/db1c3vdp563f25xmia8xk5vi5p4kl1zr-r-msaFACE-0.1.0
