these 2 derivations will be built:
  /nix/store/vidjh4m2lz2vzsggalhlg5nm0b6bmkjc-WMAP_1.0.0.tar.gz.drv
  /nix/store/zxihnagbkdgr5qji5irljsibwxbklivr-r-WMAP-1.0.0.drv
building '/nix/store/vidjh4m2lz2vzsggalhlg5nm0b6bmkjc-WMAP_1.0.0.tar.gz.drv'...

trying https://cran.r-project.org/src/contrib/WMAP_1.0.0.tar.gz
  % Total    % Received % Xferd  Average Speed   Time    Time     Time  Current
                                 Dload  Upload   Total   Spent    Left  Speed
100 71378  100 71378    0     0   501k      0 --:--:-- --:--:-- --:--:--  505k
building '/nix/store/zxihnagbkdgr5qji5irljsibwxbklivr-r-WMAP-1.0.0.drv'...
Running phase: unpackPhase
unpacking source archive /nix/store/wfynlwhwbzs5n7q133ygci829f8p1hxc-WMAP_1.0.0.tar.gz
source root is WMAP
setting SOURCE_DATE_EPOCH to timestamp 1731004802 of file WMAP/MD5
Running phase: patchPhase
Running phase: updateAutotoolsGnuConfigScriptsPhase
Running phase: configurePhase
Running phase: buildPhase
Running phase: checkPhase
Running phase: installPhase
* installing *source* package ‘WMAP’ ...
** package ‘WMAP’ correctement décompressé et sommes MD5 vérifiées
** using staged installation
** R
** data
*** moving datasets to lazyload DB
** byte-compile and prepare package for lazy loading
** help
*** installing help indices
** building package indices
** testing if installed package can be loaded from temporary location
** testing if installed package can be loaded from final location
** testing if installed package keeps a record of temporary installation path
* DONE (WMAP)
Running phase: fixupPhase
checking for references to /private/tmp/nix-build-r-WMAP-1.0.0.drv-0/ in /nix/store/vkh2b0fn2g7s6i09p2hln68zcqy1gxxd-r-WMAP-1.0.0...
patching script interpreter paths in /nix/store/vkh2b0fn2g7s6i09p2hln68zcqy1gxxd-r-WMAP-1.0.0
rewriting symlink /nix/store/vkh2b0fn2g7s6i09p2hln68zcqy1gxxd-r-WMAP-1.0.0/nix-support/propagated-user-env-packages to be relative to /nix/store/vkh2b0fn2g7s6i09p2hln68zcqy1gxxd-r-WMAP-1.0.0
