this derivation will be built:
  /nix/store/96bwcxrkk6gp4nibffj7dk99p65np4ln-r-nimbleHMC-0.2.2.drv
this path will be fetched (0.04 MiB download, 0.04 MiB unpacked):
  /nix/store/v8iplm1fhslvb1mi3kg5l6h459h9a3m7-nimbleHMC_0.2.2.tar.gz
copying path '/nix/store/v8iplm1fhslvb1mi3kg5l6h459h9a3m7-nimbleHMC_0.2.2.tar.gz' from 'https://cache.nixos.org'...
building '/nix/store/96bwcxrkk6gp4nibffj7dk99p65np4ln-r-nimbleHMC-0.2.2.drv'...
Running phase: unpackPhase
unpacking source archive /nix/store/v8iplm1fhslvb1mi3kg5l6h459h9a3m7-nimbleHMC_0.2.2.tar.gz
source root is nimbleHMC
setting SOURCE_DATE_EPOCH to timestamp 1719576608 of file nimbleHMC/MD5
Running phase: patchPhase
Running phase: updateAutotoolsGnuConfigScriptsPhase
Running phase: configurePhase
Running phase: buildPhase
Running phase: checkPhase
Running phase: installPhase
* installing *source* package ‘nimbleHMC’ ...
** package ‘nimbleHMC’ correctement décompressé et sommes MD5 vérifiées
** using staged installation
** R
** inst
** byte-compile and prepare package for lazy loading
le code des méthodes de la classe “sampler_langevin” n'a pas été vérifié pour les affectations de champs suspectes (package recommandé ‘codetools’ indisponible ?)
le code des méthodes de la classe “nfRefClass_nimbleHMC17” n'a pas été vérifié pour les affectations de champs suspectes (package recommandé ‘codetools’ indisponible ?)
le code des méthodes de la classe “sampler_NUTS_classic” n'a pas été vérifié pour les affectations de champs suspectes (package recommandé ‘codetools’ indisponible ?)
le code des méthodes de la classe “nfRefClass_18” n'a pas été vérifié pour les affectations de champs suspectes (package recommandé ‘codetools’ indisponible ?)
le code des méthodes de la classe “nfRefClass_19” n'a pas été vérifié pour les affectations de champs suspectes (package recommandé ‘codetools’ indisponible ?)
le code des méthodes de la classe “sampler_NUTS” n'a pas été vérifié pour les affectations de champs suspectes (package recommandé ‘codetools’ indisponible ?)
** help
*** installing help indices
** building package indices
** testing if installed package can be loaded from temporary location
** testing if installed package can be loaded from final location
** testing if installed package keeps a record of temporary installation path
* DONE (nimbleHMC)
Running phase: fixupPhase
checking for references to /private/tmp/nix-build-r-nimbleHMC-0.2.2.drv-0/ in /nix/store/7cs60hbpskhz3pccif2h747jj4baa291-r-nimbleHMC-0.2.2...
patching script interpreter paths in /nix/store/7cs60hbpskhz3pccif2h747jj4baa291-r-nimbleHMC-0.2.2
rewriting symlink /nix/store/7cs60hbpskhz3pccif2h747jj4baa291-r-nimbleHMC-0.2.2/nix-support/propagated-user-env-packages to be relative to /nix/store/7cs60hbpskhz3pccif2h747jj4baa291-r-nimbleHMC-0.2.2
