these 4 derivations will be built:
  /nix/store/8afpw90zrw4r87is56116irx1bwiprqd-tidytransit_1.7.0.tar.gz.drv
  /nix/store/fxv2a2aw54vzpc2yhs6y1yrxas7n5wnh-GTFSwizard_1.0.0.tar.gz.drv
  /nix/store/p3zqnbmycp44cdzw3zlaipdlvjc10hcc-r-tidytransit-1.7.0.drv
  /nix/store/aqb80ikj65p0n2v0i3i97m0lhyfmyx64-r-GTFSwizard-1.0.0.drv
building '/nix/store/fxv2a2aw54vzpc2yhs6y1yrxas7n5wnh-GTFSwizard_1.0.0.tar.gz.drv'...
building '/nix/store/8afpw90zrw4r87is56116irx1bwiprqd-tidytransit_1.7.0.tar.gz.drv'...

trying https://cran.r-project.org/src/contrib/GTFSwizard_1.0.0.tar.gz
  % Total    % Received % Xferd  Average Speed   Time    Time     Time  Current
                                 Dload  Upload   Total   Spent    Left  Speed

trying https://cran.r-project.org/src/contrib/tidytransit_1.7.0.tar.gz
  % Total    % Received % Xferd  Average Speed   Time    Time     Time  Current
                                 Dload  Upload   Total   Spent    Left  Speed
100 1542k  100 1542k    0     0  4446k      0 --:--:-- --:--:-- --:--:-- 4446k
100 3336k  100 3336k    0     0  4863k      0 --:--:-- --:--:-- --:--:-- 4863k
building '/nix/store/p3zqnbmycp44cdzw3zlaipdlvjc10hcc-r-tidytransit-1.7.0.drv'...
Running phase: unpackPhase
unpacking source archive /nix/store/292rb0q56bzw6krhx93aar0xs2fzlyh2-tidytransit_1.7.0.tar.gz
source root is tidytransit
setting SOURCE_DATE_EPOCH to timestamp 1729259402 of file tidytransit/MD5
Running phase: patchPhase
Running phase: updateAutotoolsGnuConfigScriptsPhase
Running phase: configurePhase
Running phase: buildPhase
Running phase: checkPhase
Running phase: installPhase
* installing *source* package ‘tidytransit’ ...
** package ‘tidytransit’ correctement décompressé et sommes MD5 vérifiées
** using staged installation
** R
** data
*** moving datasets to lazyload DB
** inst
** byte-compile and prepare package for lazy loading
** help
*** installing help indices
** building package indices
** installing vignettes
** testing if installed package can be loaded from temporary location
** testing if installed package can be loaded from final location
** testing if installed package keeps a record of temporary installation path
* DONE (tidytransit)
Running phase: fixupPhase
checking for references to /private/tmp/nix-build-r-tidytransit-1.7.0.drv-0/ in /nix/store/jwzkh192vblvaz76bw7x1lfzfjcv0qcs-r-tidytransit-1.7.0...
patching script interpreter paths in /nix/store/jwzkh192vblvaz76bw7x1lfzfjcv0qcs-r-tidytransit-1.7.0
rewriting symlink /nix/store/jwzkh192vblvaz76bw7x1lfzfjcv0qcs-r-tidytransit-1.7.0/nix-support/propagated-user-env-packages to be relative to /nix/store/jwzkh192vblvaz76bw7x1lfzfjcv0qcs-r-tidytransit-1.7.0
building '/nix/store/aqb80ikj65p0n2v0i3i97m0lhyfmyx64-r-GTFSwizard-1.0.0.drv'...
Running phase: unpackPhase
unpacking source archive /nix/store/nw6afkw6hm4kczagj71i1qy7fm89q15l-GTFSwizard_1.0.0.tar.gz
source root is GTFSwizard
setting SOURCE_DATE_EPOCH to timestamp 1731357605 of file GTFSwizard/MD5
Running phase: patchPhase
Running phase: updateAutotoolsGnuConfigScriptsPhase
Running phase: configurePhase
Running phase: buildPhase
Running phase: checkPhase
Running phase: installPhase
* installing *source* package ‘GTFSwizard’ ...
** package ‘GTFSwizard’ correctement décompressé et sommes MD5 vérifiées
** using staged installation
** R
** data
*** moving datasets to lazyload DB
** byte-compile and prepare package for lazy loading
** help
*** installing help indices
** building package indices
** testing if installed package can be loaded from temporary location
** testing if installed package can be loaded from final location
** testing if installed package keeps a record of temporary installation path
* DONE (GTFSwizard)
Running phase: fixupPhase
checking for references to /private/tmp/nix-build-r-GTFSwizard-1.0.0.drv-0/ in /nix/store/wvl8ic51xvnv921816mcx1a26ibk44h3-r-GTFSwizard-1.0.0...
patching script interpreter paths in /nix/store/wvl8ic51xvnv921816mcx1a26ibk44h3-r-GTFSwizard-1.0.0
rewriting symlink /nix/store/wvl8ic51xvnv921816mcx1a26ibk44h3-r-GTFSwizard-1.0.0/nix-support/propagated-user-env-packages to be relative to /nix/store/wvl8ic51xvnv921816mcx1a26ibk44h3-r-GTFSwizard-1.0.0
