this derivation will be built:
  /nix/store/kdxy2sbn41jkw57pb9482qr10mbyadbj-r-SanFranBeachWater-0.1.0.drv
this path will be fetched (0.00 MiB download, 0.00 MiB unpacked):
  /nix/store/qwqndvk986cjhqsbryzj29cwvrp64shy-SanFranBeachWater_0.1.0.tar.gz
copying path '/nix/store/qwqndvk986cjhqsbryzj29cwvrp64shy-SanFranBeachWater_0.1.0.tar.gz' from 'https://cache.nixos.org'...
building '/nix/store/kdxy2sbn41jkw57pb9482qr10mbyadbj-r-SanFranBeachWater-0.1.0.drv'...
Running phase: unpackPhase
unpacking source archive /nix/store/qwqndvk986cjhqsbryzj29cwvrp64shy-SanFranBeachWater_0.1.0.tar.gz
source root is SanFranBeachWater
setting SOURCE_DATE_EPOCH to timestamp 1497246215 of file SanFranBeachWater/MD5
Running phase: patchPhase
Running phase: updateAutotoolsGnuConfigScriptsPhase
Running phase: configurePhase
Running phase: buildPhase
Running phase: checkPhase
Running phase: installPhase
* installing *source* package ‘SanFranBeachWater’ ...
** package ‘SanFranBeachWater’ correctement décompressé et sommes MD5 vérifiées
** using staged installation
** R
** byte-compile and prepare package for lazy loading
** help
*** installing help indices
** building package indices
** testing if installed package can be loaded from temporary location
** testing if installed package can be loaded from final location
** testing if installed package keeps a record of temporary installation path
* DONE (SanFranBeachWater)
Running phase: fixupPhase
checking for references to /private/tmp/nix-build-r-SanFranBeachWater-0.1.0.drv-0/ in /nix/store/lq8524c281kpz02x2hb9cgd1kv9x9dgd-r-SanFranBeachWater-0.1.0...
patching script interpreter paths in /nix/store/lq8524c281kpz02x2hb9cgd1kv9x9dgd-r-SanFranBeachWater-0.1.0
rewriting symlink /nix/store/lq8524c281kpz02x2hb9cgd1kv9x9dgd-r-SanFranBeachWater-0.1.0/nix-support/propagated-user-env-packages to be relative to /nix/store/lq8524c281kpz02x2hb9cgd1kv9x9dgd-r-SanFranBeachWater-0.1.0
