this derivation will be built:
  /nix/store/wbs1glp3lhvbpk8x5zqpqiqs4xnif1v8-r-IDSL.UFAx-1.9.1.drv
this path will be fetched (0.02 MiB download, 0.02 MiB unpacked):
  /nix/store/b3rahdb0p85pn03i1ffb9ff709w0qk5p-IDSL.UFAx_1.9.1.tar.gz
copying path '/nix/store/b3rahdb0p85pn03i1ffb9ff709w0qk5p-IDSL.UFAx_1.9.1.tar.gz' from 'https://cache.nixos.org'...
building '/nix/store/wbs1glp3lhvbpk8x5zqpqiqs4xnif1v8-r-IDSL.UFAx-1.9.1.drv'...
Running phase: unpackPhase
unpacking source archive /nix/store/b3rahdb0p85pn03i1ffb9ff709w0qk5p-IDSL.UFAx_1.9.1.tar.gz
source root is IDSL.UFAx
setting SOURCE_DATE_EPOCH to timestamp 1680721414 of file IDSL.UFAx/MD5
Running phase: patchPhase
Running phase: updateAutotoolsGnuConfigScriptsPhase
Running phase: configurePhase
Running phase: buildPhase
Running phase: checkPhase
Running phase: installPhase
* installing *source* package ‘IDSL.UFAx’ ...
** package ‘IDSL.UFAx’ correctement décompressé et sommes MD5 vérifiées
** using staged installation
** R
** inst
** byte-compile and prepare package for lazy loading
** help
*** installing help indices
** building package indices
** testing if installed package can be loaded from temporary location
** testing if installed package can be loaded from final location
** testing if installed package keeps a record of temporary installation path
* DONE (IDSL.UFAx)
Running phase: fixupPhase
checking for references to /private/tmp/nix-build-r-IDSL.UFAx-1.9.1.drv-0/ in /nix/store/ngdjj7q1r2vqll2kp0fcp9d40ba5knlv-r-IDSL.UFAx-1.9.1...
patching script interpreter paths in /nix/store/ngdjj7q1r2vqll2kp0fcp9d40ba5knlv-r-IDSL.UFAx-1.9.1
rewriting symlink /nix/store/ngdjj7q1r2vqll2kp0fcp9d40ba5knlv-r-IDSL.UFAx-1.9.1/nix-support/propagated-user-env-packages to be relative to /nix/store/ngdjj7q1r2vqll2kp0fcp9d40ba5knlv-r-IDSL.UFAx-1.9.1
