this derivation will be built:
  /nix/store/k2xwk7b5k4plknzm899l5pw1iymvssvc-r-speaq-2.7.0.drv
this path will be fetched (3.00 MiB download, 3.00 MiB unpacked):
  /nix/store/ji0gv9aaa4wrsp61imyx832dcyilchl4-speaq_2.7.0.tar.gz
copying path '/nix/store/ji0gv9aaa4wrsp61imyx832dcyilchl4-speaq_2.7.0.tar.gz' from 'https://cache.nixos.org'...
building '/nix/store/k2xwk7b5k4plknzm899l5pw1iymvssvc-r-speaq-2.7.0.drv'...
Running phase: unpackPhase
unpacking source archive /nix/store/ji0gv9aaa4wrsp61imyx832dcyilchl4-speaq_2.7.0.tar.gz
source root is speaq
setting SOURCE_DATE_EPOCH to timestamp 1653297002 of file speaq/MD5
Running phase: patchPhase
Running phase: updateAutotoolsGnuConfigScriptsPhase
Running phase: configurePhase
Running phase: buildPhase
Running phase: checkPhase
Running phase: installPhase
* installing *source* package ‘speaq’ ...
** package ‘speaq’ correctement décompressé et sommes MD5 vérifiées
** using staged installation
** R
** data
*** moving datasets to lazyload DB
** inst
** byte-compile and prepare package for lazy loading
** help
*** installing help indices
** building package indices
** installing vignettes
** testing if installed package can be loaded from temporary location
** testing if installed package can be loaded from final location
** testing if installed package keeps a record of temporary installation path
* DONE (speaq)
Running phase: fixupPhase
checking for references to /private/tmp/nix-build-r-speaq-2.7.0.drv-0/ in /nix/store/sh6lcr0lggnnf13nd67vcag51pz1w56v-r-speaq-2.7.0...
patching script interpreter paths in /nix/store/sh6lcr0lggnnf13nd67vcag51pz1w56v-r-speaq-2.7.0
rewriting symlink /nix/store/sh6lcr0lggnnf13nd67vcag51pz1w56v-r-speaq-2.7.0/nix-support/propagated-user-env-packages to be relative to /nix/store/sh6lcr0lggnnf13nd67vcag51pz1w56v-r-speaq-2.7.0
