this derivation will be built:
  /nix/store/fz6vwwjbyd2zg7fm07mc71ykcrr3fb8h-r-sasr-0.1.2.drv
this path will be fetched (0.34 MiB download, 0.34 MiB unpacked):
  /nix/store/wwj8rha824m0j5g7szj7lvfqsfskhrrv-sasr_0.1.2.tar.gz
copying path '/nix/store/wwj8rha824m0j5g7szj7lvfqsfskhrrv-sasr_0.1.2.tar.gz' from 'https://cache.nixos.org'...
building '/nix/store/fz6vwwjbyd2zg7fm07mc71ykcrr3fb8h-r-sasr-0.1.2.drv'...
Running phase: unpackPhase
unpacking source archive /nix/store/wwj8rha824m0j5g7szj7lvfqsfskhrrv-sasr_0.1.2.tar.gz
source root is sasr
setting SOURCE_DATE_EPOCH to timestamp 1684914606 of file sasr/MD5
Running phase: patchPhase
Running phase: updateAutotoolsGnuConfigScriptsPhase
Running phase: configurePhase
Running phase: buildPhase
Running phase: checkPhase
Running phase: installPhase
* installing *source* package ‘sasr’ ...
** package ‘sasr’ correctement décompressé et sommes MD5 vérifiées
** using staged installation
** R
** inst
** byte-compile and prepare package for lazy loading
** help
*** installing help indices
*** copying figures
** building package indices
** installing vignettes
** testing if installed package can be loaded from temporary location
** testing if installed package can be loaded from final location
** testing if installed package keeps a record of temporary installation path
* DONE (sasr)
Running phase: fixupPhase
checking for references to /private/tmp/nix-build-r-sasr-0.1.2.drv-0/ in /nix/store/cvjqj91d9qnkvih64awwa28b20hxv047-r-sasr-0.1.2...
patching script interpreter paths in /nix/store/cvjqj91d9qnkvih64awwa28b20hxv047-r-sasr-0.1.2
rewriting symlink /nix/store/cvjqj91d9qnkvih64awwa28b20hxv047-r-sasr-0.1.2/nix-support/propagated-user-env-packages to be relative to /nix/store/cvjqj91d9qnkvih64awwa28b20hxv047-r-sasr-0.1.2
