this derivation will be built:
  /nix/store/9374scglj7jhqjq29f37d3dra2fbbs17-r-pmvalsampsize-0.1.0.drv
this path will be fetched (0.01 MiB download, 0.01 MiB unpacked):
  /nix/store/vvb9jkgk52f8wfii97433mbk2y9bc11f-pmvalsampsize_0.1.0.tar.gz
copying path '/nix/store/vvb9jkgk52f8wfii97433mbk2y9bc11f-pmvalsampsize_0.1.0.tar.gz' from 'https://cache.nixos.org'...
building '/nix/store/9374scglj7jhqjq29f37d3dra2fbbs17-r-pmvalsampsize-0.1.0.drv'...
Running phase: unpackPhase
unpacking source archive /nix/store/vvb9jkgk52f8wfii97433mbk2y9bc11f-pmvalsampsize_0.1.0.tar.gz
source root is pmvalsampsize
setting SOURCE_DATE_EPOCH to timestamp 1700164802 of file pmvalsampsize/MD5
Running phase: patchPhase
Running phase: updateAutotoolsGnuConfigScriptsPhase
Running phase: configurePhase
Running phase: buildPhase
Running phase: checkPhase
Running phase: installPhase
* installing *source* package ‘pmvalsampsize’ ...
** package ‘pmvalsampsize’ correctement décompressé et sommes MD5 vérifiées
** using staged installation
** R
** byte-compile and prepare package for lazy loading
** help
*** installing help indices
** building package indices
** testing if installed package can be loaded from temporary location
** testing if installed package can be loaded from final location
** testing if installed package keeps a record of temporary installation path
* DONE (pmvalsampsize)
Running phase: fixupPhase
checking for references to /private/tmp/nix-build-r-pmvalsampsize-0.1.0.drv-0/ in /nix/store/3725yjbldka8a97051q4v5qp64l666pb-r-pmvalsampsize-0.1.0...
patching script interpreter paths in /nix/store/3725yjbldka8a97051q4v5qp64l666pb-r-pmvalsampsize-0.1.0
rewriting symlink /nix/store/3725yjbldka8a97051q4v5qp64l666pb-r-pmvalsampsize-0.1.0/nix-support/propagated-user-env-packages to be relative to /nix/store/3725yjbldka8a97051q4v5qp64l666pb-r-pmvalsampsize-0.1.0
