this derivation will be built:
  /nix/store/0zqlanah7jmpzz0r2ya4n59qb561h3vw-r-quiddich-1.0.0.drv
this path will be fetched (0.01 MiB download, 0.01 MiB unpacked):
  /nix/store/rlbr83iyk0b5jjrl7d1c59qf2jq3ldmm-quiddich_1.0.0.tar.gz
copying path '/nix/store/rlbr83iyk0b5jjrl7d1c59qf2jq3ldmm-quiddich_1.0.0.tar.gz' from 'https://cache.nixos.org'...
building '/nix/store/0zqlanah7jmpzz0r2ya4n59qb561h3vw-r-quiddich-1.0.0.drv'...
Running phase: unpackPhase
unpacking source archive /nix/store/rlbr83iyk0b5jjrl7d1c59qf2jq3ldmm-quiddich_1.0.0.tar.gz
source root is quiddich
setting SOURCE_DATE_EPOCH to timestamp 1553506203 of file quiddich/MD5
Running phase: patchPhase
Running phase: updateAutotoolsGnuConfigScriptsPhase
Running phase: configurePhase
Running phase: buildPhase
Running phase: checkPhase
Running phase: installPhase
* installing *source* package ‘quiddich’ ...
** package ‘quiddich’ correctement décompressé et sommes MD5 vérifiées
** using staged installation
** R
** inst
** byte-compile and prepare package for lazy loading
** help
*** installing help indices
** building package indices
** testing if installed package can be loaded from temporary location
** testing if installed package can be loaded from final location
** testing if installed package keeps a record of temporary installation path
* DONE (quiddich)
Running phase: fixupPhase
checking for references to /private/tmp/nix-build-r-quiddich-1.0.0.drv-0/ in /nix/store/720h061vbd793hwamln6mkd7g766gnr4-r-quiddich-1.0.0...
patching script interpreter paths in /nix/store/720h061vbd793hwamln6mkd7g766gnr4-r-quiddich-1.0.0
rewriting symlink /nix/store/720h061vbd793hwamln6mkd7g766gnr4-r-quiddich-1.0.0/nix-support/propagated-user-env-packages to be relative to /nix/store/720h061vbd793hwamln6mkd7g766gnr4-r-quiddich-1.0.0
