this derivation will be built:
  /nix/store/h4viy1jxym2fyxp0ab06dci5k40d98j1-r-rosetteApi-1.14.4.drv
this path will be fetched (0.02 MiB download, 0.02 MiB unpacked):
  /nix/store/ldbcbn5zpzblm0kf5273vszsjd9qmaw2-rosetteApi_1.14.4.tar.gz
copying path '/nix/store/ldbcbn5zpzblm0kf5273vszsjd9qmaw2-rosetteApi_1.14.4.tar.gz' from 'https://cache.nixos.org'...
building '/nix/store/h4viy1jxym2fyxp0ab06dci5k40d98j1-r-rosetteApi-1.14.4.drv'...
Running phase: unpackPhase
unpacking source archive /nix/store/ldbcbn5zpzblm0kf5273vszsjd9qmaw2-rosetteApi_1.14.4.tar.gz
source root is rosetteApi
setting SOURCE_DATE_EPOCH to timestamp 1592434802 of file rosetteApi/MD5
Running phase: patchPhase
Running phase: updateAutotoolsGnuConfigScriptsPhase
Running phase: configurePhase
Running phase: buildPhase
Running phase: checkPhase
Running phase: installPhase
* installing *source* package ‘rosetteApi’ ...
** package ‘rosetteApi’ correctement décompressé et sommes MD5 vérifiées
** using staged installation
** R
** inst
** byte-compile and prepare package for lazy loading
** help
*** installing help indices
** building package indices
** installing vignettes
** testing if installed package can be loaded from temporary location
** testing if installed package can be loaded from final location
** testing if installed package keeps a record of temporary installation path
* DONE (rosetteApi)
Running phase: fixupPhase
checking for references to /private/tmp/nix-build-r-rosetteApi-1.14.4.drv-0/ in /nix/store/3dys8wsz232mlfzwjdbmccgrqksaskkq-r-rosetteApi-1.14.4...
patching script interpreter paths in /nix/store/3dys8wsz232mlfzwjdbmccgrqksaskkq-r-rosetteApi-1.14.4
rewriting symlink /nix/store/3dys8wsz232mlfzwjdbmccgrqksaskkq-r-rosetteApi-1.14.4/nix-support/propagated-user-env-packages to be relative to /nix/store/3dys8wsz232mlfzwjdbmccgrqksaskkq-r-rosetteApi-1.14.4
