this derivation will be built:
  /nix/store/7821pmf1pcsxn16zv81az2ny8jf1g687-r-NFCP-1.2.1.drv
this path will be fetched (0.55 MiB download, 0.55 MiB unpacked):
  /nix/store/7ii2lzx9m9cq9b095g6hqwiwqj91vsrm-NFCP_1.2.1.tar.gz
copying path '/nix/store/7ii2lzx9m9cq9b095g6hqwiwqj91vsrm-NFCP_1.2.1.tar.gz' from 'https://cache.nixos.org'...
building '/nix/store/7821pmf1pcsxn16zv81az2ny8jf1g687-r-NFCP-1.2.1.drv'...
Running phase: unpackPhase
unpacking source archive /nix/store/7ii2lzx9m9cq9b095g6hqwiwqj91vsrm-NFCP_1.2.1.tar.gz
source root is NFCP
setting SOURCE_DATE_EPOCH to timestamp 1645099339 of file NFCP/MD5
Running phase: patchPhase
Running phase: updateAutotoolsGnuConfigScriptsPhase
Running phase: configurePhase
Running phase: buildPhase
Running phase: checkPhase
Running phase: installPhase
* installing *source* package ‘NFCP’ ...
** package ‘NFCP’ correctement décompressé et sommes MD5 vérifiées
** using staged installation
** R
** data
*** moving datasets to lazyload DB
** inst
** byte-compile and prepare package for lazy loading
** help
*** installing help indices
** building package indices
** installing vignettes
** testing if installed package can be loaded from temporary location
** testing if installed package can be loaded from final location
** testing if installed package keeps a record of temporary installation path
* DONE (NFCP)
Running phase: fixupPhase
checking for references to /private/tmp/nix-build-r-NFCP-1.2.1.drv-0/ in /nix/store/cywsd1hvjsh8mnl5pw0n198dzh57a6jf-r-NFCP-1.2.1...
patching script interpreter paths in /nix/store/cywsd1hvjsh8mnl5pw0n198dzh57a6jf-r-NFCP-1.2.1
rewriting symlink /nix/store/cywsd1hvjsh8mnl5pw0n198dzh57a6jf-r-NFCP-1.2.1/nix-support/propagated-user-env-packages to be relative to /nix/store/cywsd1hvjsh8mnl5pw0n198dzh57a6jf-r-NFCP-1.2.1
