this derivation will be built:
  /nix/store/5jazr1wqcqc132cb08g48br3cdfsdl76-r-wrappr-0.1.0.drv
this path will be fetched (0.07 MiB download, 0.07 MiB unpacked):
  /nix/store/311kxajkilny9589s08y3aydj0c88gsj-wrappr_0.1.0.tar.gz
copying path '/nix/store/311kxajkilny9589s08y3aydj0c88gsj-wrappr_0.1.0.tar.gz' from 'https://cache.nixos.org'...
building '/nix/store/5jazr1wqcqc132cb08g48br3cdfsdl76-r-wrappr-0.1.0.drv'...
Running phase: unpackPhase
unpacking source archive /nix/store/311kxajkilny9589s08y3aydj0c88gsj-wrappr_0.1.0.tar.gz
source root is wrappr
setting SOURCE_DATE_EPOCH to timestamp 1684831802 of file wrappr/MD5
Running phase: patchPhase
Running phase: updateAutotoolsGnuConfigScriptsPhase
Running phase: configurePhase
Running phase: buildPhase
Running phase: checkPhase
Running phase: installPhase
* installing *source* package ‘wrappr’ ...
** package ‘wrappr’ correctement décompressé et sommes MD5 vérifiées
** using staged installation
** R
** byte-compile and prepare package for lazy loading
** help
*** installing help indices
*** copying figures
** building package indices
** testing if installed package can be loaded from temporary location
** testing if installed package can be loaded from final location
** testing if installed package keeps a record of temporary installation path
* DONE (wrappr)
Running phase: fixupPhase
checking for references to /private/tmp/nix-build-r-wrappr-0.1.0.drv-0/ in /nix/store/jlrd0x170qq87lywiiddcm6q13k1lygl-r-wrappr-0.1.0...
patching script interpreter paths in /nix/store/jlrd0x170qq87lywiiddcm6q13k1lygl-r-wrappr-0.1.0
