this derivation will be built:
  /nix/store/8y9pw7fb1lr92yqmvw0075z4zzfp5rb7-r-SWMPrExtension-2.2.5.1.drv
this path will be fetched (1.88 MiB download, 1.88 MiB unpacked):
  /nix/store/8xs8mhbg5y8rcm2gk5bph7xbfqzkqq8a-SWMPrExtension_2.2.5.1.tar.gz
copying path '/nix/store/8xs8mhbg5y8rcm2gk5bph7xbfqzkqq8a-SWMPrExtension_2.2.5.1.tar.gz' from 'https://cache.nixos.org'...
building '/nix/store/8y9pw7fb1lr92yqmvw0075z4zzfp5rb7-r-SWMPrExtension-2.2.5.1.drv'...
Running phase: unpackPhase
unpacking source archive /nix/store/8xs8mhbg5y8rcm2gk5bph7xbfqzkqq8a-SWMPrExtension_2.2.5.1.tar.gz
source root is SWMPrExtension
setting SOURCE_DATE_EPOCH to timestamp 1705016413 of file SWMPrExtension/MD5
Running phase: patchPhase
Running phase: updateAutotoolsGnuConfigScriptsPhase
Running phase: configurePhase
Running phase: buildPhase
Running phase: checkPhase
Running phase: installPhase
* installing *source* package ‘SWMPrExtension’ ...
** package ‘SWMPrExtension’ correctement décompressé et sommes MD5 vérifiées
** using staged installation
** R
** data
*** moving datasets to lazyload DB
** inst
** byte-compile and prepare package for lazy loading
** help
*** installing help indices
** building package indices
** testing if installed package can be loaded from temporary location
** testing if installed package can be loaded from final location
** testing if installed package keeps a record of temporary installation path
* DONE (SWMPrExtension)
Running phase: fixupPhase
checking for references to /private/tmp/nix-build-r-SWMPrExtension-2.2.5.1.drv-0/ in /nix/store/c6bhlfaw29l7nbda02fih7hdijgdd2z6-r-SWMPrExtension-2.2.5.1...
patching script interpreter paths in /nix/store/c6bhlfaw29l7nbda02fih7hdijgdd2z6-r-SWMPrExtension-2.2.5.1
rewriting symlink /nix/store/c6bhlfaw29l7nbda02fih7hdijgdd2z6-r-SWMPrExtension-2.2.5.1/nix-support/propagated-user-env-packages to be relative to /nix/store/c6bhlfaw29l7nbda02fih7hdijgdd2z6-r-SWMPrExtension-2.2.5.1
