these 2 derivations will be built:
  /nix/store/mhk21z2w5qy2481vj7ij9j4bwp7k28d3-r-nullabor-0.3.12.drv
  /nix/store/71imalr2l9xjgkdbf94b2l3zl4ig4vy7-r-metaviz-0.3.1.drv
these 2 paths will be fetched (2.62 MiB download, 2.62 MiB unpacked):
  /nix/store/z5c1n1p9j7pch99dz06n6wfm7vlkxwxi-metaviz_0.3.1.tar.gz
  /nix/store/pn7m8vyhgbq1rqylxw3ns9zz5yvbyzvh-nullabor_0.3.12.tar.gz
copying path '/nix/store/z5c1n1p9j7pch99dz06n6wfm7vlkxwxi-metaviz_0.3.1.tar.gz' from 'https://cache.nixos.org'...
copying path '/nix/store/pn7m8vyhgbq1rqylxw3ns9zz5yvbyzvh-nullabor_0.3.12.tar.gz' from 'https://cache.nixos.org'...
building '/nix/store/mhk21z2w5qy2481vj7ij9j4bwp7k28d3-r-nullabor-0.3.12.drv'...
Running phase: unpackPhase
unpacking source archive /nix/store/pn7m8vyhgbq1rqylxw3ns9zz5yvbyzvh-nullabor_0.3.12.tar.gz
source root is nullabor
setting SOURCE_DATE_EPOCH to timestamp 1721544002 of file nullabor/MD5
Running phase: patchPhase
Running phase: updateAutotoolsGnuConfigScriptsPhase
Running phase: configurePhase
Running phase: buildPhase
Running phase: checkPhase
Running phase: installPhase
* installing *source* package ‘nullabor’ ...
** package ‘nullabor’ correctement décompressé et sommes MD5 vérifiées
** using staged installation
** R
** data
*** moving datasets to lazyload DB
** demo
** inst
** byte-compile and prepare package for lazy loading
** help
*** installing help indices
*** copying figures
** building package indices
** installing vignettes
** testing if installed package can be loaded from temporary location
** testing if installed package can be loaded from final location
** testing if installed package keeps a record of temporary installation path
* DONE (nullabor)
Running phase: fixupPhase
checking for references to /private/tmp/nix-build-r-nullabor-0.3.12.drv-0/ in /nix/store/w7bzz1i2i6xwyc2xs48zhldbracf5zmw-r-nullabor-0.3.12...
patching script interpreter paths in /nix/store/w7bzz1i2i6xwyc2xs48zhldbracf5zmw-r-nullabor-0.3.12
rewriting symlink /nix/store/w7bzz1i2i6xwyc2xs48zhldbracf5zmw-r-nullabor-0.3.12/nix-support/propagated-user-env-packages to be relative to /nix/store/w7bzz1i2i6xwyc2xs48zhldbracf5zmw-r-nullabor-0.3.12
building '/nix/store/71imalr2l9xjgkdbf94b2l3zl4ig4vy7-r-metaviz-0.3.1.drv'...
Running phase: unpackPhase
unpacking source archive /nix/store/z5c1n1p9j7pch99dz06n6wfm7vlkxwxi-metaviz_0.3.1.tar.gz
source root is metaviz
setting SOURCE_DATE_EPOCH to timestamp 1586423408 of file metaviz/MD5
Running phase: patchPhase
Running phase: updateAutotoolsGnuConfigScriptsPhase
Running phase: configurePhase
Running phase: buildPhase
Running phase: checkPhase
Running phase: installPhase
* installing *source* package ‘metaviz’ ...
** package ‘metaviz’ correctement décompressé et sommes MD5 vérifiées
** using staged installation
** R
** data
*** moving datasets to lazyload DB
** inst
** byte-compile and prepare package for lazy loading
** help
*** installing help indices
** building package indices
** installing vignettes
** testing if installed package can be loaded from temporary location
** testing if installed package can be loaded from final location
** testing if installed package keeps a record of temporary installation path
* DONE (metaviz)
Running phase: fixupPhase
checking for references to /private/tmp/nix-build-r-metaviz-0.3.1.drv-0/ in /nix/store/lyf67qzr7n65i6wpqgwf6whsmzpgi6ic-r-metaviz-0.3.1...
patching script interpreter paths in /nix/store/lyf67qzr7n65i6wpqgwf6whsmzpgi6ic-r-metaviz-0.3.1
rewriting symlink /nix/store/lyf67qzr7n65i6wpqgwf6whsmzpgi6ic-r-metaviz-0.3.1/nix-support/propagated-user-env-packages to be relative to /nix/store/lyf67qzr7n65i6wpqgwf6whsmzpgi6ic-r-metaviz-0.3.1
