this derivation will be built:
  /nix/store/ldilcgk3imipr9388c0hdh0ghh65bf5c-r-vkR-0.2.drv
this path will be fetched (0.06 MiB download, 0.06 MiB unpacked):
  /nix/store/07dvw6s63y4fxdavk0vch9clr87jgw7k-vkR_0.2.tar.gz
copying path '/nix/store/07dvw6s63y4fxdavk0vch9clr87jgw7k-vkR_0.2.tar.gz' from 'https://cache.nixos.org'...
building '/nix/store/ldilcgk3imipr9388c0hdh0ghh65bf5c-r-vkR-0.2.drv'...
Running phase: unpackPhase
unpacking source archive /nix/store/07dvw6s63y4fxdavk0vch9clr87jgw7k-vkR_0.2.tar.gz
source root is vkR
setting SOURCE_DATE_EPOCH to timestamp 1601356802 of file vkR/MD5
Running phase: patchPhase
Running phase: updateAutotoolsGnuConfigScriptsPhase
Running phase: configurePhase
Running phase: buildPhase
Running phase: checkPhase
Running phase: installPhase
* installing *source* package ‘vkR’ ...
** package ‘vkR’ correctement décompressé et sommes MD5 vérifiées
** using staged installation
** R
** inst
** byte-compile and prepare package for lazy loading
** help
*** installing help indices
** building package indices
** testing if installed package can be loaded from temporary location
** testing if installed package can be loaded from final location
** testing if installed package keeps a record of temporary installation path
* DONE (vkR)
Running phase: fixupPhase
checking for references to /private/tmp/nix-build-r-vkR-0.2.drv-0/ in /nix/store/8pd5gkw0ng9w4fw0yzhjba45frblzb13-r-vkR-0.2...
patching script interpreter paths in /nix/store/8pd5gkw0ng9w4fw0yzhjba45frblzb13-r-vkR-0.2
rewriting symlink /nix/store/8pd5gkw0ng9w4fw0yzhjba45frblzb13-r-vkR-0.2/nix-support/propagated-user-env-packages to be relative to /nix/store/8pd5gkw0ng9w4fw0yzhjba45frblzb13-r-vkR-0.2
