this derivation will be built:
  /nix/store/1ghyk4h2ds979r9qbdjbqgvd326cdscb-r-VDJgermlines-0.1.drv
this path will be fetched (0.19 MiB download, 0.19 MiB unpacked):
  /nix/store/k5hvwl7dglk59xmziqs3agbgml5lzzva-VDJgermlines_0.1.tar.gz
copying path '/nix/store/k5hvwl7dglk59xmziqs3agbgml5lzzva-VDJgermlines_0.1.tar.gz' from 'https://cache.nixos.org'...
building '/nix/store/1ghyk4h2ds979r9qbdjbqgvd326cdscb-r-VDJgermlines-0.1.drv'...
Running phase: unpackPhase
unpacking source archive /nix/store/k5hvwl7dglk59xmziqs3agbgml5lzzva-VDJgermlines_0.1.tar.gz
source root is VDJgermlines
setting SOURCE_DATE_EPOCH to timestamp 1545175832 of file VDJgermlines/MD5
Running phase: patchPhase
Running phase: updateAutotoolsGnuConfigScriptsPhase
Running phase: configurePhase
Running phase: buildPhase
Running phase: checkPhase
Running phase: installPhase
* installing *source* package ‘VDJgermlines’ ...
** package ‘VDJgermlines’ correctement décompressé et sommes MD5 vérifiées
** using staged installation
** R
** data
*** moving datasets to lazyload DB
** byte-compile and prepare package for lazy loading
** help
*** installing help indices
** building package indices
** testing if installed package can be loaded from temporary location
** testing if installed package can be loaded from final location
** testing if installed package keeps a record of temporary installation path
* DONE (VDJgermlines)
Running phase: fixupPhase
checking for references to /private/tmp/nix-build-r-VDJgermlines-0.1.drv-0/ in /nix/store/dqvyy8x3671c0qi66knlj3rz61vbjwi9-r-VDJgermlines-0.1...
patching script interpreter paths in /nix/store/dqvyy8x3671c0qi66knlj3rz61vbjwi9-r-VDJgermlines-0.1
rewriting symlink /nix/store/dqvyy8x3671c0qi66knlj3rz61vbjwi9-r-VDJgermlines-0.1/nix-support/propagated-user-env-packages to be relative to /nix/store/dqvyy8x3671c0qi66knlj3rz61vbjwi9-r-VDJgermlines-0.1
