this derivation will be built:
  /nix/store/i2yqdkdivjx9jvbjp2wxyh6z336kq765-r-RGF-1.1.1.drv
this path will be fetched (0.05 MiB download, 0.05 MiB unpacked):
  /nix/store/7bs8r1rkcw9pbq1dppykgr5qrdq2iaqb-RGF_1.1.1.tar.gz
copying path '/nix/store/7bs8r1rkcw9pbq1dppykgr5qrdq2iaqb-RGF_1.1.1.tar.gz' from 'https://cache.nixos.org'...
building '/nix/store/i2yqdkdivjx9jvbjp2wxyh6z336kq765-r-RGF-1.1.1.drv'...
Running phase: unpackPhase
unpacking source archive /nix/store/7bs8r1rkcw9pbq1dppykgr5qrdq2iaqb-RGF_1.1.1.tar.gz
source root is RGF
setting SOURCE_DATE_EPOCH to timestamp 1662964979 of file RGF/MD5
Running phase: patchPhase
Running phase: updateAutotoolsGnuConfigScriptsPhase
Running phase: configurePhase
Running phase: buildPhase
Running phase: checkPhase
Running phase: installPhase
* installing *source* package ‘RGF’ ...
** package ‘RGF’ correctement décompressé et sommes MD5 vérifiées
** using staged installation
** R
** inst
** byte-compile and prepare package for lazy loading
** help
*** installing help indices
** building package indices
** installing vignettes
** testing if installed package can be loaded from temporary location
** testing if installed package can be loaded from final location
** testing if installed package keeps a record of temporary installation path
* DONE (RGF)
Running phase: fixupPhase
checking for references to /private/tmp/nix-build-r-RGF-1.1.1.drv-0/ in /nix/store/zxfgfjz8i5bk2mb5h76pzjb2cw6zpdqw-r-RGF-1.1.1...
patching script interpreter paths in /nix/store/zxfgfjz8i5bk2mb5h76pzjb2cw6zpdqw-r-RGF-1.1.1
rewriting symlink /nix/store/zxfgfjz8i5bk2mb5h76pzjb2cw6zpdqw-r-RGF-1.1.1/nix-support/propagated-user-env-packages to be relative to /nix/store/zxfgfjz8i5bk2mb5h76pzjb2cw6zpdqw-r-RGF-1.1.1
