this derivation will be built:
  /nix/store/6pd0ralvsrnd1w9yzmw88kmpi21aj23m-r-MSG-0.8.drv
this path will be fetched (1.09 MiB download, 1.09 MiB unpacked):
  /nix/store/akp9hih03d16zgx8y4r8ssyjlga5x73v-MSG_0.8.tar.gz
copying path '/nix/store/akp9hih03d16zgx8y4r8ssyjlga5x73v-MSG_0.8.tar.gz' from 'https://cache.nixos.org'...
building '/nix/store/6pd0ralvsrnd1w9yzmw88kmpi21aj23m-r-MSG-0.8.drv'...
Running phase: unpackPhase
unpacking source archive /nix/store/akp9hih03d16zgx8y4r8ssyjlga5x73v-MSG_0.8.tar.gz
source root is MSG
setting SOURCE_DATE_EPOCH to timestamp 1626897005 of file MSG/MD5
Running phase: patchPhase
Running phase: updateAutotoolsGnuConfigScriptsPhase
Running phase: configurePhase
Running phase: buildPhase
Running phase: checkPhase
Running phase: installPhase
* installing *source* package ‘MSG’ ...
** package ‘MSG’ correctement décompressé et sommes MD5 vérifiées
** using staged installation
** R
** data
** demo
** inst
** byte-compile and prepare package for lazy loading
** help
*** installing help indices
** building package indices
** testing if installed package can be loaded from temporary location
** testing if installed package can be loaded from final location
** testing if installed package keeps a record of temporary installation path
* DONE (MSG)
Running phase: fixupPhase
checking for references to /private/tmp/nix-build-r-MSG-0.8.drv-0/ in /nix/store/6mcia042619nk9bz18hdqgxaam0zrqpn-r-MSG-0.8...
patching script interpreter paths in /nix/store/6mcia042619nk9bz18hdqgxaam0zrqpn-r-MSG-0.8
rewriting symlink /nix/store/6mcia042619nk9bz18hdqgxaam0zrqpn-r-MSG-0.8/nix-support/propagated-user-env-packages to be relative to /nix/store/6mcia042619nk9bz18hdqgxaam0zrqpn-r-MSG-0.8
