these 2 derivations will be built:
  /nix/store/hmxsnr1adcq54wsfq1ny6lqkbxy7nlxa-longpower_1.0.27.tar.gz.drv
  /nix/store/vl1m2ya7zf5ashwvfl816rgbn4d91mcb-r-longpower-1.0.27.drv
building '/nix/store/hmxsnr1adcq54wsfq1ny6lqkbxy7nlxa-longpower_1.0.27.tar.gz.drv'...

trying https://cran.r-project.org/src/contrib/longpower_1.0.27.tar.gz
  % Total    % Received % Xferd  Average Speed   Time    Time     Time  Current
                                 Dload  Upload   Total   Spent    Left  Speed
100 53245  100 53245    0     0   308k      0 --:--:-- --:--:-- --:--:--  309k
building '/nix/store/vl1m2ya7zf5ashwvfl816rgbn4d91mcb-r-longpower-1.0.27.drv'...
Running phase: unpackPhase
unpacking source archive /nix/store/gp6hwi33fddmdqv4divzy2z8k5j5qzhc-longpower_1.0.27.tar.gz
source root is longpower
setting SOURCE_DATE_EPOCH to timestamp 1725502202 of file longpower/MD5
Running phase: patchPhase
Running phase: updateAutotoolsGnuConfigScriptsPhase
Running phase: configurePhase
Running phase: buildPhase
Running phase: checkPhase
Running phase: installPhase
* installing *source* package ‘longpower’ ...
** package ‘longpower’ correctement décompressé et sommes MD5 vérifiées
** using staged installation
** R
** inst
** byte-compile and prepare package for lazy loading
** help
*** installing help indices
** building package indices
** installing vignettes
** testing if installed package can be loaded from temporary location
** testing if installed package can be loaded from final location
** testing if installed package keeps a record of temporary installation path
* DONE (longpower)
Running phase: fixupPhase
checking for references to /private/tmp/nix-build-r-longpower-1.0.27.drv-0/ in /nix/store/xj71md27ha41mfrgs700hdzqq9i444wf-r-longpower-1.0.27...
patching script interpreter paths in /nix/store/xj71md27ha41mfrgs700hdzqq9i444wf-r-longpower-1.0.27
rewriting symlink /nix/store/xj71md27ha41mfrgs700hdzqq9i444wf-r-longpower-1.0.27/nix-support/propagated-user-env-packages to be relative to /nix/store/xj71md27ha41mfrgs700hdzqq9i444wf-r-longpower-1.0.27
