this derivation will be built:
  /nix/store/6b295lw7w89zxpa82qywl13ky50wxrz4-r-RWildbook-0.9.3.drv
this path will be fetched (0.62 MiB download, 0.62 MiB unpacked):
  /nix/store/gn7cvflgnylq0s30j67mr24vg78xy0rq-RWildbook_0.9.3.tar.gz
copying path '/nix/store/gn7cvflgnylq0s30j67mr24vg78xy0rq-RWildbook_0.9.3.tar.gz' from 'https://cache.nixos.org'...
building '/nix/store/6b295lw7w89zxpa82qywl13ky50wxrz4-r-RWildbook-0.9.3.drv'...
Running phase: unpackPhase
unpacking source archive /nix/store/gn7cvflgnylq0s30j67mr24vg78xy0rq-RWildbook_0.9.3.tar.gz
source root is RWildbook
setting SOURCE_DATE_EPOCH to timestamp 1522984509 of file RWildbook/MD5
Running phase: patchPhase
Running phase: updateAutotoolsGnuConfigScriptsPhase
Running phase: configurePhase
Running phase: buildPhase
Running phase: checkPhase
Running phase: installPhase
* installing *source* package ‘RWildbook’ ...
** package ‘RWildbook’ correctement décompressé et sommes MD5 vérifiées
** using staged installation
** R
** data
** inst
** byte-compile and prepare package for lazy loading
** help
*** installing help indices
** building package indices
** installing vignettes
** testing if installed package can be loaded from temporary location
** testing if installed package can be loaded from final location
** testing if installed package keeps a record of temporary installation path
* DONE (RWildbook)
Running phase: fixupPhase
checking for references to /private/tmp/nix-build-r-RWildbook-0.9.3.drv-0/ in /nix/store/4i5qan2371vxbhxb8cnhdq6hcrgfcary-r-RWildbook-0.9.3...
patching script interpreter paths in /nix/store/4i5qan2371vxbhxb8cnhdq6hcrgfcary-r-RWildbook-0.9.3
rewriting symlink /nix/store/4i5qan2371vxbhxb8cnhdq6hcrgfcary-r-RWildbook-0.9.3/nix-support/propagated-user-env-packages to be relative to /nix/store/4i5qan2371vxbhxb8cnhdq6hcrgfcary-r-RWildbook-0.9.3
