this derivation will be built:
  /nix/store/a9kz5k8a2fw3swj3dwzp1bkm85p2i2zb-r-tidygeoRSS-0.0.1.drv
this path will be fetched (0.01 MiB download, 0.01 MiB unpacked):
  /nix/store/kq55c2h7gvdqcalfhnq0855d2h1idsms-tidygeoRSS_0.0.1.tar.gz
copying path '/nix/store/kq55c2h7gvdqcalfhnq0855d2h1idsms-tidygeoRSS_0.0.1.tar.gz' from 'https://cache.nixos.org'...
building '/nix/store/a9kz5k8a2fw3swj3dwzp1bkm85p2i2zb-r-tidygeoRSS-0.0.1.drv'...
Running phase: unpackPhase
unpacking source archive /nix/store/kq55c2h7gvdqcalfhnq0855d2h1idsms-tidygeoRSS_0.0.1.tar.gz
source root is tidygeoRSS
setting SOURCE_DATE_EPOCH to timestamp 1592146202 of file tidygeoRSS/MD5
Running phase: patchPhase
Running phase: updateAutotoolsGnuConfigScriptsPhase
Running phase: configurePhase
Running phase: buildPhase
Running phase: checkPhase
Running phase: installPhase
* installing *source* package ‘tidygeoRSS’ ...
** package ‘tidygeoRSS’ correctement décompressé et sommes MD5 vérifiées
** using staged installation
** R
** byte-compile and prepare package for lazy loading
** help
*** installing help indices
** building package indices
** testing if installed package can be loaded from temporary location
** testing if installed package can be loaded from final location
** testing if installed package keeps a record of temporary installation path
* DONE (tidygeoRSS)
Running phase: fixupPhase
checking for references to /private/tmp/nix-build-r-tidygeoRSS-0.0.1.drv-0/ in /nix/store/gphb3vd025xiav765gs9vq5h744gcyd0-r-tidygeoRSS-0.0.1...
patching script interpreter paths in /nix/store/gphb3vd025xiav765gs9vq5h744gcyd0-r-tidygeoRSS-0.0.1
rewriting symlink /nix/store/gphb3vd025xiav765gs9vq5h744gcyd0-r-tidygeoRSS-0.0.1/nix-support/propagated-user-env-packages to be relative to /nix/store/gphb3vd025xiav765gs9vq5h744gcyd0-r-tidygeoRSS-0.0.1
