this derivation will be built:
  /nix/store/kxwbpayxsik9z2hz1q7kn8igslnqqbbn-r-purgeR-1.8.2.drv
this path will be fetched (0.34 MiB download, 0.34 MiB unpacked):
  /nix/store/8sbwbz8yxmbklm1pgxaj7xzw8rcijchi-purgeR_1.8.2.tar.gz
copying path '/nix/store/8sbwbz8yxmbklm1pgxaj7xzw8rcijchi-purgeR_1.8.2.tar.gz' from 'https://cache.nixos.org'...
building '/nix/store/kxwbpayxsik9z2hz1q7kn8igslnqqbbn-r-purgeR-1.8.2.drv'...
Running phase: unpackPhase
unpacking source archive /nix/store/8sbwbz8yxmbklm1pgxaj7xzw8rcijchi-purgeR_1.8.2.tar.gz
source root is purgeR
setting SOURCE_DATE_EPOCH to timestamp 1701210002 of file purgeR/MD5
Running phase: patchPhase
Running phase: updateAutotoolsGnuConfigScriptsPhase
Running phase: configurePhase
Running phase: buildPhase
Running phase: checkPhase
Running phase: installPhase
* installing *source* package ‘purgeR’ ...
** package ‘purgeR’ correctement décompressé et sommes MD5 vérifiées
** using staged installation
** libs
using C++ compiler: ‘clang version 16.0.6’
using SDK: ‘’
/nix/store/v39c0h6xv6hvki2k1bsyp5n090q8y2bp-clang-wrapper-16.0.6/bin/c++ -std=gnu++17 -I"/nix/store/lir8rmsk7dxbj7v1spqmv69z4mafg16l-R-4.4.2/lib/R/include" -DNDEBUG  -I'/nix/store/da7yi2xf3argx9hlnn3f0k95b8y1yx2l-r-Rcpp-1.0.13-1/library/Rcpp/include' -I'/nix/store/8d7a1k9j9kxyc1wbssvfj8jwxmhz2na6-r-RcppProgress-0.4.2/library/RcppProgress/include' -isystem /nix/store/0mmz5i705116bfykc7i1r9jxqwyghj2a-libcxx-16.0.6-dev/include/c++/v1    -fPIC  -g -O2   -c RcppExports.cpp -o RcppExports.o
/nix/store/v39c0h6xv6hvki2k1bsyp5n090q8y2bp-clang-wrapper-16.0.6/bin/c++ -std=gnu++17 -I"/nix/store/lir8rmsk7dxbj7v1spqmv69z4mafg16l-R-4.4.2/lib/R/include" -DNDEBUG  -I'/nix/store/da7yi2xf3argx9hlnn3f0k95b8y1yx2l-r-Rcpp-1.0.13-1/library/Rcpp/include' -I'/nix/store/8d7a1k9j9kxyc1wbssvfj8jwxmhz2na6-r-RcppProgress-0.4.2/library/RcppProgress/include' -isystem /nix/store/0mmz5i705116bfykc7i1r9jxqwyghj2a-libcxx-16.0.6-dev/include/c++/v1    -fPIC  -g -O2   -c fitness.cpp -o fitness.o
/nix/store/v39c0h6xv6hvki2k1bsyp5n090q8y2bp-clang-wrapper-16.0.6/bin/c++ -std=gnu++17 -I"/nix/store/lir8rmsk7dxbj7v1spqmv69z4mafg16l-R-4.4.2/lib/R/include" -DNDEBUG  -I'/nix/store/da7yi2xf3argx9hlnn3f0k95b8y1yx2l-r-Rcpp-1.0.13-1/library/Rcpp/include' -I'/nix/store/8d7a1k9j9kxyc1wbssvfj8jwxmhz2na6-r-RcppProgress-0.4.2/library/RcppProgress/include' -isystem /nix/store/0mmz5i705116bfykc7i1r9jxqwyghj2a-libcxx-16.0.6-dev/include/c++/v1    -fPIC  -g -O2   -c genedrop.cpp -o genedrop.o
/nix/store/v39c0h6xv6hvki2k1bsyp5n090q8y2bp-clang-wrapper-16.0.6/bin/c++ -std=gnu++17 -I"/nix/store/lir8rmsk7dxbj7v1spqmv69z4mafg16l-R-4.4.2/lib/R/include" -DNDEBUG  -I'/nix/store/da7yi2xf3argx9hlnn3f0k95b8y1yx2l-r-Rcpp-1.0.13-1/library/Rcpp/include' -I'/nix/store/8d7a1k9j9kxyc1wbssvfj8jwxmhz2na6-r-RcppProgress-0.4.2/library/RcppProgress/include' -isystem /nix/store/0mmz5i705116bfykc7i1r9jxqwyghj2a-libcxx-16.0.6-dev/include/c++/v1    -fPIC  -g -O2   -c inbreeding.cpp -o inbreeding.o
/nix/store/v39c0h6xv6hvki2k1bsyp5n090q8y2bp-clang-wrapper-16.0.6/bin/c++ -std=gnu++17 -I"/nix/store/lir8rmsk7dxbj7v1spqmv69z4mafg16l-R-4.4.2/lib/R/include" -DNDEBUG  -I'/nix/store/da7yi2xf3argx9hlnn3f0k95b8y1yx2l-r-Rcpp-1.0.13-1/library/Rcpp/include' -I'/nix/store/8d7a1k9j9kxyc1wbssvfj8jwxmhz2na6-r-RcppProgress-0.4.2/library/RcppProgress/include' -isystem /nix/store/0mmz5i705116bfykc7i1r9jxqwyghj2a-libcxx-16.0.6-dev/include/c++/v1    -fPIC  -g -O2   -c inbreeding_utils.cpp -o inbreeding_utils.o
/nix/store/v39c0h6xv6hvki2k1bsyp5n090q8y2bp-clang-wrapper-16.0.6/bin/c++ -std=gnu++17 -I"/nix/store/lir8rmsk7dxbj7v1spqmv69z4mafg16l-R-4.4.2/lib/R/include" -DNDEBUG  -I'/nix/store/da7yi2xf3argx9hlnn3f0k95b8y1yx2l-r-Rcpp-1.0.13-1/library/Rcpp/include' -I'/nix/store/8d7a1k9j9kxyc1wbssvfj8jwxmhz2na6-r-RcppProgress-0.4.2/library/RcppProgress/include' -isystem /nix/store/0mmz5i705116bfykc7i1r9jxqwyghj2a-libcxx-16.0.6-dev/include/c++/v1    -fPIC  -g -O2   -c mating.cpp -o mating.o
/nix/store/v39c0h6xv6hvki2k1bsyp5n090q8y2bp-clang-wrapper-16.0.6/bin/c++ -std=gnu++17 -I"/nix/store/lir8rmsk7dxbj7v1spqmv69z4mafg16l-R-4.4.2/lib/R/include" -DNDEBUG  -I'/nix/store/da7yi2xf3argx9hlnn3f0k95b8y1yx2l-r-Rcpp-1.0.13-1/library/Rcpp/include' -I'/nix/store/8d7a1k9j9kxyc1wbssvfj8jwxmhz2na6-r-RcppProgress-0.4.2/library/RcppProgress/include' -isystem /nix/store/0mmz5i705116bfykc7i1r9jxqwyghj2a-libcxx-16.0.6-dev/include/c++/v1    -fPIC  -g -O2   -c opurging.cpp -o opurging.o
/nix/store/v39c0h6xv6hvki2k1bsyp5n090q8y2bp-clang-wrapper-16.0.6/bin/c++ -std=gnu++17 -I"/nix/store/lir8rmsk7dxbj7v1spqmv69z4mafg16l-R-4.4.2/lib/R/include" -DNDEBUG  -I'/nix/store/da7yi2xf3argx9hlnn3f0k95b8y1yx2l-r-Rcpp-1.0.13-1/library/Rcpp/include' -I'/nix/store/8d7a1k9j9kxyc1wbssvfj8jwxmhz2na6-r-RcppProgress-0.4.2/library/RcppProgress/include' -isystem /nix/store/0mmz5i705116bfykc7i1r9jxqwyghj2a-libcxx-16.0.6-dev/include/c++/v1    -fPIC  -g -O2   -c partial.cpp -o partial.o
/nix/store/v39c0h6xv6hvki2k1bsyp5n090q8y2bp-clang-wrapper-16.0.6/bin/c++ -std=gnu++17 -I"/nix/store/lir8rmsk7dxbj7v1spqmv69z4mafg16l-R-4.4.2/lib/R/include" -DNDEBUG  -I'/nix/store/da7yi2xf3argx9hlnn3f0k95b8y1yx2l-r-Rcpp-1.0.13-1/library/Rcpp/include' -I'/nix/store/8d7a1k9j9kxyc1wbssvfj8jwxmhz2na6-r-RcppProgress-0.4.2/library/RcppProgress/include' -isystem /nix/store/0mmz5i705116bfykc7i1r9jxqwyghj2a-libcxx-16.0.6-dev/include/c++/v1    -fPIC  -g -O2   -c populationSize.cpp -o populationSize.o
/nix/store/v39c0h6xv6hvki2k1bsyp5n090q8y2bp-clang-wrapper-16.0.6/bin/c++ -std=gnu++17 -dynamiclib -Wl,-headerpad_max_install_names -undefined dynamic_lookup -L/nix/store/lir8rmsk7dxbj7v1spqmv69z4mafg16l-R-4.4.2/lib/R/lib -L/nix/store/88xkgzh5g9xppsg3hdxxxh9q43rnxk6k-libcxx-16.0.6/lib -o purgeR.so RcppExports.o fitness.o genedrop.o inbreeding.o inbreeding_utils.o mating.o opurging.o partial.o populationSize.o -L/nix/store/lir8rmsk7dxbj7v1spqmv69z4mafg16l-R-4.4.2/lib/R/lib -lR -lintl -Wl,-framework -Wl,CoreFoundation
installing to /nix/store/v8acg42c3kh2d27a2qfhhsdq81ak1z1x-r-purgeR-1.8.2/library/00LOCK-purgeR/00new/purgeR/libs
** R
** data
*** moving datasets to lazyload DB
** inst
** byte-compile and prepare package for lazy loading
** help
*** installing help indices
** building package indices
** installing vignettes
** testing if installed package can be loaded from temporary location
** checking absolute paths in shared objects and dynamic libraries
** testing if installed package can be loaded from final location
** testing if installed package keeps a record of temporary installation path
* DONE (purgeR)
Running phase: fixupPhase
checking for references to /private/tmp/nix-build-r-purgeR-1.8.2.drv-0/ in /nix/store/v8acg42c3kh2d27a2qfhhsdq81ak1z1x-r-purgeR-1.8.2...
patching script interpreter paths in /nix/store/v8acg42c3kh2d27a2qfhhsdq81ak1z1x-r-purgeR-1.8.2
rewriting symlink /nix/store/v8acg42c3kh2d27a2qfhhsdq81ak1z1x-r-purgeR-1.8.2/nix-support/propagated-user-env-packages to be relative to /nix/store/v8acg42c3kh2d27a2qfhhsdq81ak1z1x-r-purgeR-1.8.2
