this derivation will be built:
  /nix/store/fhjz4kk822dzz4fpnvmiykszcfg2zjd8-r-pcensmix-1.2-1.drv
this path will be fetched (0.02 MiB download, 0.02 MiB unpacked):
  /nix/store/cxyxbfsw2lvp5krsagylq8yjk9112856-pcensmix_1.2-1.tar.gz
copying path '/nix/store/cxyxbfsw2lvp5krsagylq8yjk9112856-pcensmix_1.2-1.tar.gz' from 'https://cache.nixos.org'...
building '/nix/store/fhjz4kk822dzz4fpnvmiykszcfg2zjd8-r-pcensmix-1.2-1.drv'...
Running phase: unpackPhase
unpacking source archive /nix/store/cxyxbfsw2lvp5krsagylq8yjk9112856-pcensmix_1.2-1.tar.gz
source root is pcensmix
setting SOURCE_DATE_EPOCH to timestamp 1500922870 of file pcensmix/MD5
Running phase: patchPhase
Running phase: updateAutotoolsGnuConfigScriptsPhase
Running phase: configurePhase
Running phase: buildPhase
Running phase: checkPhase
Running phase: installPhase
* installing *source* package ‘pcensmix’ ...
** package ‘pcensmix’ correctement décompressé et sommes MD5 vérifiées
** using staged installation
** R
** data
*** moving datasets to lazyload DB
** byte-compile and prepare package for lazy loading
** help
*** installing help indices
** building package indices
** testing if installed package can be loaded from temporary location
** testing if installed package can be loaded from final location
** testing if installed package keeps a record of temporary installation path
* DONE (pcensmix)
Running phase: fixupPhase
checking for references to /private/tmp/nix-build-r-pcensmix-1.2-1.drv-0/ in /nix/store/zfnjk9nnr07nz4qgdda5d7mlkzmfzrl2-r-pcensmix-1.2-1...
patching script interpreter paths in /nix/store/zfnjk9nnr07nz4qgdda5d7mlkzmfzrl2-r-pcensmix-1.2-1
