this derivation will be built:
  /nix/store/i33mmfmq7qq5h9a4857vxvxpn0frv87h-r-idmact-1.0.1.drv
this path will be fetched (0.02 MiB download, 0.02 MiB unpacked):
  /nix/store/mjm9yl5kkfkrvsvq4hkmwjk316zdqnn8-idmact_1.0.1.tar.gz
copying path '/nix/store/mjm9yl5kkfkrvsvq4hkmwjk316zdqnn8-idmact_1.0.1.tar.gz' from 'https://cache.nixos.org'...
building '/nix/store/i33mmfmq7qq5h9a4857vxvxpn0frv87h-r-idmact-1.0.1.drv'...
Running phase: unpackPhase
unpacking source archive /nix/store/mjm9yl5kkfkrvsvq4hkmwjk316zdqnn8-idmact_1.0.1.tar.gz
source root is idmact
setting SOURCE_DATE_EPOCH to timestamp 1684426202 of file idmact/MD5
Running phase: patchPhase
Running phase: updateAutotoolsGnuConfigScriptsPhase
Running phase: configurePhase
Running phase: buildPhase
Running phase: checkPhase
Running phase: installPhase
* installing *source* package ‘idmact’ ...
** package ‘idmact’ correctement décompressé et sommes MD5 vérifiées
** using staged installation
** R
** inst
** byte-compile and prepare package for lazy loading
** help
*** installing help indices
** building package indices
** installing vignettes
** testing if installed package can be loaded from temporary location
** testing if installed package can be loaded from final location
** testing if installed package keeps a record of temporary installation path
* DONE (idmact)
Running phase: fixupPhase
checking for references to /private/tmp/nix-build-r-idmact-1.0.1.drv-0/ in /nix/store/gnckfz4ydm5msh31kfg9dhjr9d92xzyc-r-idmact-1.0.1...
patching script interpreter paths in /nix/store/gnckfz4ydm5msh31kfg9dhjr9d92xzyc-r-idmact-1.0.1
rewriting symlink /nix/store/gnckfz4ydm5msh31kfg9dhjr9d92xzyc-r-idmact-1.0.1/nix-support/propagated-user-env-packages to be relative to /nix/store/gnckfz4ydm5msh31kfg9dhjr9d92xzyc-r-idmact-1.0.1
