this derivation will be built:
  /nix/store/i9lw2c8fwl0zng2d4n9pmc8xfz2qaisr-r-imputeGeneric-0.1.0.drv
this path will be fetched (0.02 MiB download, 0.02 MiB unpacked):
  /nix/store/yq9f2aahyphbgkm0am4ywv8758qhxgym-imputeGeneric_0.1.0.tar.gz
copying path '/nix/store/yq9f2aahyphbgkm0am4ywv8758qhxgym-imputeGeneric_0.1.0.tar.gz' from 'https://cache.nixos.org'...
building '/nix/store/i9lw2c8fwl0zng2d4n9pmc8xfz2qaisr-r-imputeGeneric-0.1.0.drv'...
Running phase: unpackPhase
unpacking source archive /nix/store/yq9f2aahyphbgkm0am4ywv8758qhxgym-imputeGeneric_0.1.0.tar.gz
source root is imputeGeneric
setting SOURCE_DATE_EPOCH to timestamp 1646299205 of file imputeGeneric/MD5
Running phase: patchPhase
Running phase: updateAutotoolsGnuConfigScriptsPhase
Running phase: configurePhase
Running phase: buildPhase
Running phase: checkPhase
Running phase: installPhase
* installing *source* package ‘imputeGeneric’ ...
** package ‘imputeGeneric’ correctement décompressé et sommes MD5 vérifiées
** using staged installation
** R
** byte-compile and prepare package for lazy loading
** help
*** installing help indices
** building package indices
** testing if installed package can be loaded from temporary location
** testing if installed package can be loaded from final location
** testing if installed package keeps a record of temporary installation path
* DONE (imputeGeneric)
Running phase: fixupPhase
checking for references to /private/tmp/nix-build-r-imputeGeneric-0.1.0.drv-0/ in /nix/store/4zylca1zhdq9lvkr4nigzdmpggwm7469-r-imputeGeneric-0.1.0...
patching script interpreter paths in /nix/store/4zylca1zhdq9lvkr4nigzdmpggwm7469-r-imputeGeneric-0.1.0
rewriting symlink /nix/store/4zylca1zhdq9lvkr4nigzdmpggwm7469-r-imputeGeneric-0.1.0/nix-support/propagated-user-env-packages to be relative to /nix/store/4zylca1zhdq9lvkr4nigzdmpggwm7469-r-imputeGeneric-0.1.0
