this derivation will be built:
  /nix/store/fd8xydkqqcxbljk1bjir6g66hibvi3lz-r-mueRelativeRisk-0.1.1.drv
this path will be fetched (0.01 MiB download, 0.01 MiB unpacked):
  /nix/store/y76a30dvskzrqz3dbhznxp7s5c8xmb32-mueRelativeRisk_0.1.1.tar.gz
copying path '/nix/store/y76a30dvskzrqz3dbhznxp7s5c8xmb32-mueRelativeRisk_0.1.1.tar.gz' from 'https://cache.nixos.org'...
building '/nix/store/fd8xydkqqcxbljk1bjir6g66hibvi3lz-r-mueRelativeRisk-0.1.1.drv'...
Running phase: unpackPhase
unpacking source archive /nix/store/y76a30dvskzrqz3dbhznxp7s5c8xmb32-mueRelativeRisk_0.1.1.tar.gz
source root is mueRelativeRisk
setting SOURCE_DATE_EPOCH to timestamp 1523019482 of file mueRelativeRisk/MD5
Running phase: patchPhase
Running phase: updateAutotoolsGnuConfigScriptsPhase
Running phase: configurePhase
Running phase: buildPhase
Running phase: checkPhase
Running phase: installPhase
* installing *source* package ‘mueRelativeRisk’ ...
** package ‘mueRelativeRisk’ correctement décompressé et sommes MD5 vérifiées
** using staged installation
** R
** inst
** byte-compile and prepare package for lazy loading
** help
*** installing help indices
** building package indices
** installing vignettes
** testing if installed package can be loaded from temporary location
** testing if installed package can be loaded from final location
** testing if installed package keeps a record of temporary installation path
* DONE (mueRelativeRisk)
Running phase: fixupPhase
checking for references to /private/tmp/nix-build-r-mueRelativeRisk-0.1.1.drv-0/ in /nix/store/6sxbvm29f92kdmkcqxn4n2j4j1jwfrx1-r-mueRelativeRisk-0.1.1...
patching script interpreter paths in /nix/store/6sxbvm29f92kdmkcqxn4n2j4j1jwfrx1-r-mueRelativeRisk-0.1.1
