this derivation will be built:
  /nix/store/b9dlh5wgs1xdlwq8b2inqr9a093ipxjj-r-SummaryLasso-1.2.1.drv
this path will be fetched (0.03 MiB download, 0.03 MiB unpacked):
  /nix/store/qm6kwi1r4vb3ljqjcbhd8r35cml3g8m3-SummaryLasso_1.2.1.tar.gz
copying path '/nix/store/qm6kwi1r4vb3ljqjcbhd8r35cml3g8m3-SummaryLasso_1.2.1.tar.gz' from 'https://cache.nixos.org'...
building '/nix/store/b9dlh5wgs1xdlwq8b2inqr9a093ipxjj-r-SummaryLasso-1.2.1.drv'...
Running phase: unpackPhase
unpacking source archive /nix/store/qm6kwi1r4vb3ljqjcbhd8r35cml3g8m3-SummaryLasso_1.2.1.tar.gz
source root is SummaryLasso
setting SOURCE_DATE_EPOCH to timestamp 1573821602 of file SummaryLasso/MD5
Running phase: patchPhase
Running phase: updateAutotoolsGnuConfigScriptsPhase
Running phase: configurePhase
Running phase: buildPhase
Running phase: checkPhase
Running phase: installPhase
* installing *source* package ‘SummaryLasso’ ...
** package ‘SummaryLasso’ correctement décompressé et sommes MD5 vérifiées
** using staged installation
** libs
using C compiler: ‘clang version 16.0.6’
using SDK: ‘’
/nix/store/v39c0h6xv6hvki2k1bsyp5n090q8y2bp-clang-wrapper-16.0.6/bin/cc -I"/nix/store/lir8rmsk7dxbj7v1spqmv69z4mafg16l-R-4.4.2/lib/R/include" -DNDEBUG   -isystem /nix/store/0mmz5i705116bfykc7i1r9jxqwyghj2a-libcxx-16.0.6-dev/include/c++/v1    -fPIC  -g -O2  -c gsPEN.c -o gsPEN.o
/nix/store/v39c0h6xv6hvki2k1bsyp5n090q8y2bp-clang-wrapper-16.0.6/bin/cc -I"/nix/store/lir8rmsk7dxbj7v1spqmv69z4mafg16l-R-4.4.2/lib/R/include" -DNDEBUG   -isystem /nix/store/0mmz5i705116bfykc7i1r9jxqwyghj2a-libcxx-16.0.6-dev/include/c++/v1    -fPIC  -g -O2  -c gsfPEN.c -o gsfPEN.o
/nix/store/v39c0h6xv6hvki2k1bsyp5n090q8y2bp-clang-wrapper-16.0.6/bin/cc -I"/nix/store/lir8rmsk7dxbj7v1spqmv69z4mafg16l-R-4.4.2/lib/R/include" -DNDEBUG   -isystem /nix/store/0mmz5i705116bfykc7i1r9jxqwyghj2a-libcxx-16.0.6-dev/include/c++/v1    -fPIC  -g -O2  -c utility.c -o utility.o
/nix/store/v39c0h6xv6hvki2k1bsyp5n090q8y2bp-clang-wrapper-16.0.6/bin/cc -dynamiclib -Wl,-headerpad_max_install_names -undefined dynamic_lookup -L/nix/store/lir8rmsk7dxbj7v1spqmv69z4mafg16l-R-4.4.2/lib/R/lib -L/nix/store/88xkgzh5g9xppsg3hdxxxh9q43rnxk6k-libcxx-16.0.6/lib -o SummaryLasso.so gsPEN.o gsfPEN.o utility.o -L/nix/store/lir8rmsk7dxbj7v1spqmv69z4mafg16l-R-4.4.2/lib/R/lib -lR -lintl -Wl,-framework -Wl,CoreFoundation
installing to /nix/store/6k48mrq7nzqg997naxycm1gl6kzjy6f6-r-SummaryLasso-1.2.1/library/00LOCK-SummaryLasso/00new/SummaryLasso/libs
** R
** data
** byte-compile and prepare package for lazy loading
** help
*** installing help indices
** building package indices
** testing if installed package can be loaded from temporary location
** checking absolute paths in shared objects and dynamic libraries
** testing if installed package can be loaded from final location
** testing if installed package keeps a record of temporary installation path
* DONE (SummaryLasso)
Running phase: fixupPhase
checking for references to /private/tmp/nix-build-r-SummaryLasso-1.2.1.drv-0/ in /nix/store/6k48mrq7nzqg997naxycm1gl6kzjy6f6-r-SummaryLasso-1.2.1...
patching script interpreter paths in /nix/store/6k48mrq7nzqg997naxycm1gl6kzjy6f6-r-SummaryLasso-1.2.1
rewriting symlink /nix/store/6k48mrq7nzqg997naxycm1gl6kzjy6f6-r-SummaryLasso-1.2.1/nix-support/propagated-user-env-packages to be relative to /nix/store/6k48mrq7nzqg997naxycm1gl6kzjy6f6-r-SummaryLasso-1.2.1
