these 2 derivations will be built:
  /nix/store/nwivaa71jll89s5ba4mvc9k91z6c24cd-lovecraftr_1.0.0.tar.gz.drv
  /nix/store/z6msxg352xv1jsp4n5m8d47mi9kgjmq2-r-lovecraftr-1.0.0.drv
building '/nix/store/nwivaa71jll89s5ba4mvc9k91z6c24cd-lovecraftr_1.0.0.tar.gz.drv'...

trying https://cran.r-project.org/src/contrib/lovecraftr_1.0.0.tar.gz
  % Total    % Received % Xferd  Average Speed   Time    Time     Time  Current
                                 Dload  Upload   Total   Spent    Left  Speed
100  615k  100  615k    0     0  2822k      0 --:--:-- --:--:-- --:--:-- 2824k
building '/nix/store/z6msxg352xv1jsp4n5m8d47mi9kgjmq2-r-lovecraftr-1.0.0.drv'...
Running phase: unpackPhase
unpacking source archive /nix/store/zrgb4j2a5q6sfi0rp9njh1a9plpy60wi-lovecraftr_1.0.0.tar.gz
source root is lovecraftr
setting SOURCE_DATE_EPOCH to timestamp 1731592829 of file lovecraftr/MD5
Running phase: patchPhase
Running phase: updateAutotoolsGnuConfigScriptsPhase
Running phase: configurePhase
Running phase: buildPhase
Running phase: checkPhase
Running phase: installPhase
* installing *source* package ‘lovecraftr’ ...
** package ‘lovecraftr’ correctement décompressé et sommes MD5 vérifiées
** using staged installation
** R
** data
*** moving datasets to lazyload DB
** inst
** byte-compile and prepare package for lazy loading
** help
*** installing help indices
** building package indices
** testing if installed package can be loaded from temporary location
** testing if installed package can be loaded from final location
** testing if installed package keeps a record of temporary installation path
* DONE (lovecraftr)
Running phase: fixupPhase
checking for references to /private/tmp/nix-build-r-lovecraftr-1.0.0.drv-0/ in /nix/store/skcw7i6ihg226kk5qfi0vqhdpygb7x8m-r-lovecraftr-1.0.0...
patching script interpreter paths in /nix/store/skcw7i6ihg226kk5qfi0vqhdpygb7x8m-r-lovecraftr-1.0.0
