this derivation will be built:
  /nix/store/xb8rdnxypig4389gqvhfkn8m423bj6d2-r-AID-3.0.drv
building '/nix/store/xb8rdnxypig4389gqvhfkn8m423bj6d2-r-AID-3.0.drv'...
Running phase: unpackPhase
unpacking source archive /nix/store/cbfv5y3l63sby3g429g59xbcy1cadf6q-AID_3.0.tar.gz
source root is AID
setting SOURCE_DATE_EPOCH to timestamp 1732285222 of file AID/MD5
Running phase: patchPhase
Running phase: updateAutotoolsGnuConfigScriptsPhase
Running phase: configurePhase
Running phase: buildPhase
Running phase: checkPhase
Running phase: installPhase
* installing *source* package ‘AID’ ...
** package ‘AID’ correctement décompressé et sommes MD5 vérifiées
** using staged installation
** R
** data
** inst
** byte-compile and prepare package for lazy loading
** help
*** installing help indices
** building package indices
** testing if installed package can be loaded from temporary location
** testing if installed package can be loaded from final location
** testing if installed package keeps a record of temporary installation path
* DONE (AID)
Running phase: fixupPhase
checking for references to /private/tmp/nix-build-r-AID-3.0.drv-0/ in /nix/store/mwi2shszfc91ky4gh3xrcyyy4mbzk6r6-r-AID-3.0...
patching script interpreter paths in /nix/store/mwi2shszfc91ky4gh3xrcyyy4mbzk6r6-r-AID-3.0
rewriting symlink /nix/store/mwi2shszfc91ky4gh3xrcyyy4mbzk6r6-r-AID-3.0/nix-support/propagated-user-env-packages to be relative to /nix/store/mwi2shszfc91ky4gh3xrcyyy4mbzk6r6-r-AID-3.0
