this derivation will be built:
  /nix/store/yp9wynfkn4hhydphda9fv6cm07d3wham-r-pmparser-1.0.20.drv
this path will be fetched (0.51 MiB download, 0.52 MiB unpacked):
  /nix/store/nk9nz25adn3xsj0939yi5cl82y626ppp-pmparser_1.0.20.tar.gz
copying path '/nix/store/nk9nz25adn3xsj0939yi5cl82y626ppp-pmparser_1.0.20.tar.gz' from 'https://cache.nixos.org'...
building '/nix/store/yp9wynfkn4hhydphda9fv6cm07d3wham-r-pmparser-1.0.20.drv'...
Running phase: unpackPhase
unpacking source archive /nix/store/nk9nz25adn3xsj0939yi5cl82y626ppp-pmparser_1.0.20.tar.gz
source root is pmparser
setting SOURCE_DATE_EPOCH to timestamp 1705173002 of file pmparser/MD5
Running phase: patchPhase
Running phase: updateAutotoolsGnuConfigScriptsPhase
Running phase: configurePhase
Running phase: buildPhase
Running phase: checkPhase
Running phase: installPhase
* installing *source* package ‘pmparser’ ...
** package ‘pmparser’ correctement décompressé et sommes MD5 vérifiées
** using staged installation
** R
** inst
** byte-compile and prepare package for lazy loading
** help
*** installing help indices
** building package indices
** installing vignettes
** testing if installed package can be loaded from temporary location
** testing if installed package can be loaded from final location
** testing if installed package keeps a record of temporary installation path
* DONE (pmparser)
Running phase: fixupPhase
checking for references to /private/tmp/nix-build-r-pmparser-1.0.20.drv-0/ in /nix/store/paq2lcawklydzv4016b25nkmd0iak0dr-r-pmparser-1.0.20...
patching script interpreter paths in /nix/store/paq2lcawklydzv4016b25nkmd0iak0dr-r-pmparser-1.0.20
rewriting symlink /nix/store/paq2lcawklydzv4016b25nkmd0iak0dr-r-pmparser-1.0.20/nix-support/propagated-user-env-packages to be relative to /nix/store/paq2lcawklydzv4016b25nkmd0iak0dr-r-pmparser-1.0.20
