this derivation will be built:
  /nix/store/1sd45j968mgdj8fwwhpd93c4jadjxsg7-r-jalcal-0.1.0.drv
this path will be fetched (0.00 MiB download, 0.00 MiB unpacked):
  /nix/store/8s9dn2mh2jikgbn5q0sa08dcn76qg11g-jalcal_0.1.0.tar.gz
copying path '/nix/store/8s9dn2mh2jikgbn5q0sa08dcn76qg11g-jalcal_0.1.0.tar.gz' from 'https://cache.nixos.org'...
building '/nix/store/1sd45j968mgdj8fwwhpd93c4jadjxsg7-r-jalcal-0.1.0.drv'...
Running phase: unpackPhase
unpacking source archive /nix/store/8s9dn2mh2jikgbn5q0sa08dcn76qg11g-jalcal_0.1.0.tar.gz
source root is jalcal
setting SOURCE_DATE_EPOCH to timestamp 1631021402 of file jalcal/MD5
Running phase: patchPhase
Running phase: updateAutotoolsGnuConfigScriptsPhase
Running phase: configurePhase
Running phase: buildPhase
Running phase: checkPhase
Running phase: installPhase
* installing *source* package ‘jalcal’ ...
** package ‘jalcal’ correctement décompressé et sommes MD5 vérifiées
** using staged installation
** R
** byte-compile and prepare package for lazy loading
** help
*** installing help indices
** building package indices
** testing if installed package can be loaded from temporary location
** testing if installed package can be loaded from final location
** testing if installed package keeps a record of temporary installation path
* DONE (jalcal)
Running phase: fixupPhase
checking for references to /private/tmp/nix-build-r-jalcal-0.1.0.drv-0/ in /nix/store/jcqpm5n27fmpd4qglxiy4jyibirh8mv9-r-jalcal-0.1.0...
patching script interpreter paths in /nix/store/jcqpm5n27fmpd4qglxiy4jyibirh8mv9-r-jalcal-0.1.0
