these 2 derivations will be built:
  /nix/store/4jhizpsars4w82wy6lrnzh3nml3a7z4z-rdacca.hp_1.1-1.tar.gz.drv
  /nix/store/71yc29cq90nkc69nkxk5r95pq475qrdv-r-rdacca.hp-1.1-1.drv
building '/nix/store/4jhizpsars4w82wy6lrnzh3nml3a7z4z-rdacca.hp_1.1-1.tar.gz.drv'...

trying https://cran.r-project.org/src/contrib/rdacca.hp_1.1-1.tar.gz
  % Total    % Received % Xferd  Average Speed   Time    Time     Time  Current
                                 Dload  Upload   Total   Spent    Left  Speed
100  9888  100  9888    0     0  92867      0 --:--:-- --:--:-- --:--:-- 92411
building '/nix/store/71yc29cq90nkc69nkxk5r95pq475qrdv-r-rdacca.hp-1.1-1.drv'...
Running phase: unpackPhase
unpacking source archive /nix/store/cpqw3m4p662s5q8hsv5xh4115fi34bxd-rdacca.hp_1.1-1.tar.gz
source root is rdacca.hp
setting SOURCE_DATE_EPOCH to timestamp 1724512802 of file rdacca.hp/MD5
Running phase: patchPhase
Running phase: updateAutotoolsGnuConfigScriptsPhase
Running phase: configurePhase
Running phase: buildPhase
Running phase: checkPhase
Running phase: installPhase
* installing *source* package ‘rdacca.hp’ ...
** package ‘rdacca.hp’ correctement décompressé et sommes MD5 vérifiées
** using staged installation
** R
** inst
** byte-compile and prepare package for lazy loading
** help
*** installing help indices
** building package indices
** testing if installed package can be loaded from temporary location
** testing if installed package can be loaded from final location
** testing if installed package keeps a record of temporary installation path
* DONE (rdacca.hp)
Running phase: fixupPhase
checking for references to /private/tmp/nix-build-r-rdacca.hp-1.1-1.drv-0/ in /nix/store/l9xfkmpry9z5865xcbrywpny9lq61faf-r-rdacca.hp-1.1-1...
patching script interpreter paths in /nix/store/l9xfkmpry9z5865xcbrywpny9lq61faf-r-rdacca.hp-1.1-1
rewriting symlink /nix/store/l9xfkmpry9z5865xcbrywpny9lq61faf-r-rdacca.hp-1.1-1/nix-support/propagated-user-env-packages to be relative to /nix/store/l9xfkmpry9z5865xcbrywpny9lq61faf-r-rdacca.hp-1.1-1
