this derivation will be built:
  /nix/store/hxd8j05qh3fy9745j6jpir32xy8vpkp0-r-votesys-0.1.1.drv
this path will be fetched (0.04 MiB download, 0.04 MiB unpacked):
  /nix/store/sdlxki7ayc968ywbsygl5fyslb9596cv-votesys_0.1.1.tar.gz
copying path '/nix/store/sdlxki7ayc968ywbsygl5fyslb9596cv-votesys_0.1.1.tar.gz' from 'https://cache.nixos.org'...
building '/nix/store/hxd8j05qh3fy9745j6jpir32xy8vpkp0-r-votesys-0.1.1.drv'...
Running phase: unpackPhase
unpacking source archive /nix/store/sdlxki7ayc968ywbsygl5fyslb9596cv-votesys_0.1.1.tar.gz
source root is votesys
setting SOURCE_DATE_EPOCH to timestamp 1524218200 of file votesys/MD5
Running phase: patchPhase
Running phase: updateAutotoolsGnuConfigScriptsPhase
Running phase: configurePhase
Running phase: buildPhase
Running phase: checkPhase
Running phase: installPhase
* installing *source* package ‘votesys’ ...
** package ‘votesys’ correctement décompressé et sommes MD5 vérifiées
** using staged installation
** R
** byte-compile and prepare package for lazy loading
** help
*** installing help indices
** building package indices
** testing if installed package can be loaded from temporary location
** testing if installed package can be loaded from final location
** testing if installed package keeps a record of temporary installation path
* DONE (votesys)
Running phase: fixupPhase
checking for references to /private/tmp/nix-build-r-votesys-0.1.1.drv-0/ in /nix/store/zhfcac65yxdx4jvav37cc65ynwm7lv3a-r-votesys-0.1.1...
patching script interpreter paths in /nix/store/zhfcac65yxdx4jvav37cc65ynwm7lv3a-r-votesys-0.1.1
rewriting symlink /nix/store/zhfcac65yxdx4jvav37cc65ynwm7lv3a-r-votesys-0.1.1/nix-support/propagated-user-env-packages to be relative to /nix/store/zhfcac65yxdx4jvav37cc65ynwm7lv3a-r-votesys-0.1.1
