these 2 derivations will be built:
  /nix/store/6km0bssrr6mf82cbcw4dd51xza9g51sv-r-NonCompart-0.7.0.drv
  /nix/store/5zz2ydsnd9378gpzqxl5kdxn87l9pfg0-r-ncar-0.5.0.drv
these 2 paths will be fetched (0.58 MiB download, 0.58 MiB unpacked):
  /nix/store/jwkm7pwdc2a1r91ygnzm4j1c9qcqc9va-NonCompart_0.7.0.tar.gz
  /nix/store/w6pqgdpv5w2ybq17l2kcnxjw6584srvw-ncar_0.5.0.tar.gz
copying path '/nix/store/w6pqgdpv5w2ybq17l2kcnxjw6584srvw-ncar_0.5.0.tar.gz' from 'https://cache.nixos.org'...
copying path '/nix/store/jwkm7pwdc2a1r91ygnzm4j1c9qcqc9va-NonCompart_0.7.0.tar.gz' from 'https://cache.nixos.org'...
building '/nix/store/6km0bssrr6mf82cbcw4dd51xza9g51sv-r-NonCompart-0.7.0.drv'...
Running phase: unpackPhase
unpacking source archive /nix/store/jwkm7pwdc2a1r91ygnzm4j1c9qcqc9va-NonCompart_0.7.0.tar.gz
source root is NonCompart
setting SOURCE_DATE_EPOCH to timestamp 1700027402 of file NonCompart/MD5
Running phase: patchPhase
Running phase: updateAutotoolsGnuConfigScriptsPhase
Running phase: configurePhase
Running phase: buildPhase
Running phase: checkPhase
Running phase: installPhase
* installing *source* package ‘NonCompart’ ...
** package ‘NonCompart’ correctement décompressé et sommes MD5 vérifiées
** using staged installation
** R
** inst
** byte-compile and prepare package for lazy loading
** help
*** installing help indices
** building package indices
** testing if installed package can be loaded from temporary location
** testing if installed package can be loaded from final location
** testing if installed package keeps a record of temporary installation path
* DONE (NonCompart)
Running phase: fixupPhase
checking for references to /private/tmp/nix-build-r-NonCompart-0.7.0.drv-0/ in /nix/store/rbgf7rsnarkl1h4smyi5kshsa4g3g87z-r-NonCompart-0.7.0...
patching script interpreter paths in /nix/store/rbgf7rsnarkl1h4smyi5kshsa4g3g87z-r-NonCompart-0.7.0
building '/nix/store/5zz2ydsnd9378gpzqxl5kdxn87l9pfg0-r-ncar-0.5.0.drv'...
Running phase: unpackPhase
unpacking source archive /nix/store/w6pqgdpv5w2ybq17l2kcnxjw6584srvw-ncar_0.5.0.tar.gz
source root is ncar
setting SOURCE_DATE_EPOCH to timestamp 1700379002 of file ncar/MD5
Running phase: patchPhase
Running phase: updateAutotoolsGnuConfigScriptsPhase
Running phase: configurePhase
Running phase: buildPhase
Running phase: checkPhase
Running phase: installPhase
* installing *source* package ‘ncar’ ...
** package ‘ncar’ correctement décompressé et sommes MD5 vérifiées
** using staged installation
** R
** inst
** byte-compile and prepare package for lazy loading
** help
*** installing help indices
** building package indices
** testing if installed package can be loaded from temporary location
** testing if installed package can be loaded from final location
** testing if installed package keeps a record of temporary installation path
* DONE (ncar)
Running phase: fixupPhase
checking for references to /private/tmp/nix-build-r-ncar-0.5.0.drv-0/ in /nix/store/5xbw7swxrq9mlrp4bf34wwl377zrrav4-r-ncar-0.5.0...
patching script interpreter paths in /nix/store/5xbw7swxrq9mlrp4bf34wwl377zrrav4-r-ncar-0.5.0
rewriting symlink /nix/store/5xbw7swxrq9mlrp4bf34wwl377zrrav4-r-ncar-0.5.0/nix-support/propagated-user-env-packages to be relative to /nix/store/5xbw7swxrq9mlrp4bf34wwl377zrrav4-r-ncar-0.5.0
