this derivation will be built:
  /nix/store/s0hgqac1qzmkafsd92d5g9jlr2sv8nbf-r-suggests-0.1.0.drv
this path will be fetched (0.01 MiB download, 0.01 MiB unpacked):
  /nix/store/ld8fw7s9z55w5s3zkf0awcqa0dc91xpn-suggests_0.1.0.tar.gz
copying path '/nix/store/ld8fw7s9z55w5s3zkf0awcqa0dc91xpn-suggests_0.1.0.tar.gz' from 'https://cache.nixos.org'...
building '/nix/store/s0hgqac1qzmkafsd92d5g9jlr2sv8nbf-r-suggests-0.1.0.drv'...
Running phase: unpackPhase
unpacking source archive /nix/store/ld8fw7s9z55w5s3zkf0awcqa0dc91xpn-suggests_0.1.0.tar.gz
source root is suggests
setting SOURCE_DATE_EPOCH to timestamp 1691505002 of file suggests/MD5
Running phase: patchPhase
Running phase: updateAutotoolsGnuConfigScriptsPhase
Running phase: configurePhase
Running phase: buildPhase
Running phase: checkPhase
Running phase: installPhase
* installing *source* package ‘suggests’ ...
** package ‘suggests’ correctement décompressé et sommes MD5 vérifiées
** using staged installation
** R
** inst
** byte-compile and prepare package for lazy loading
** help
*** installing help indices
** building package indices
** testing if installed package can be loaded from temporary location
** testing if installed package can be loaded from final location
** testing if installed package keeps a record of temporary installation path
* DONE (suggests)
Running phase: fixupPhase
checking for references to /private/tmp/nix-build-r-suggests-0.1.0.drv-0/ in /nix/store/n5p4l7xdxrg1qghsxajf8gizw53papcf-r-suggests-0.1.0...
patching script interpreter paths in /nix/store/n5p4l7xdxrg1qghsxajf8gizw53papcf-r-suggests-0.1.0
