this derivation will be built:
  /nix/store/sss685q4af5dddbdkfcx7cjl05lqivaq-r-TapeR-0.5.3.drv
this path will be fetched (0.23 MiB download, 0.23 MiB unpacked):
  /nix/store/capj243ih7qawr81zx5w3zn6l513nlz5-TapeR_0.5.3.tar.gz
copying path '/nix/store/capj243ih7qawr81zx5w3zn6l513nlz5-TapeR_0.5.3.tar.gz' from 'https://cache.nixos.org'...
building '/nix/store/sss685q4af5dddbdkfcx7cjl05lqivaq-r-TapeR-0.5.3.drv'...
Running phase: unpackPhase
unpacking source archive /nix/store/capj243ih7qawr81zx5w3zn6l513nlz5-TapeR_0.5.3.tar.gz
source root is TapeR
setting SOURCE_DATE_EPOCH to timestamp 1692170553 of file TapeR/MD5
Running phase: patchPhase
Running phase: updateAutotoolsGnuConfigScriptsPhase
Running phase: configurePhase
Running phase: buildPhase
Running phase: checkPhase
Running phase: installPhase
* installing *source* package ‘TapeR’ ...
** package ‘TapeR’ correctement décompressé et sommes MD5 vérifiées
** using staged installation
** R
** data
** inst
** byte-compile and prepare package for lazy loading
** help
*** installing help indices
** building package indices
** installing vignettes
** testing if installed package can be loaded from temporary location
** testing if installed package can be loaded from final location
** testing if installed package keeps a record of temporary installation path
* DONE (TapeR)
Running phase: fixupPhase
checking for references to /private/tmp/nix-build-r-TapeR-0.5.3.drv-0/ in /nix/store/6363k6kp8fnwf6dzfg3zyhhbq5x4rzdq-r-TapeR-0.5.3...
patching script interpreter paths in /nix/store/6363k6kp8fnwf6dzfg3zyhhbq5x4rzdq-r-TapeR-0.5.3
rewriting symlink /nix/store/6363k6kp8fnwf6dzfg3zyhhbq5x4rzdq-r-TapeR-0.5.3/nix-support/propagated-user-env-packages to be relative to /nix/store/6363k6kp8fnwf6dzfg3zyhhbq5x4rzdq-r-TapeR-0.5.3
