this derivation will be built:
  /nix/store/vnclbdhiy24i7af7s1igfypmllr62a4d-r-ordinalgmifs-1.0.8.drv
this path will be fetched (0.42 MiB download, 0.42 MiB unpacked):
  /nix/store/58gb8bppb6zf2hy1sgcs7x768d4yaxya-ordinalgmifs_1.0.8.tar.gz
copying path '/nix/store/58gb8bppb6zf2hy1sgcs7x768d4yaxya-ordinalgmifs_1.0.8.tar.gz' from 'https://cache.nixos.org'...
building '/nix/store/vnclbdhiy24i7af7s1igfypmllr62a4d-r-ordinalgmifs-1.0.8.drv'...
Running phase: unpackPhase
unpacking source archive /nix/store/58gb8bppb6zf2hy1sgcs7x768d4yaxya-ordinalgmifs_1.0.8.tar.gz
source root is ordinalgmifs
setting SOURCE_DATE_EPOCH to timestamp 1683271807 of file ordinalgmifs/MD5
Running phase: patchPhase
Running phase: updateAutotoolsGnuConfigScriptsPhase
Running phase: configurePhase
Running phase: buildPhase
Running phase: checkPhase
Running phase: installPhase
* installing *source* package ‘ordinalgmifs’ ...
** package ‘ordinalgmifs’ correctement décompressé et sommes MD5 vérifiées
** using staged installation
** libs
using C compiler: ‘clang version 16.0.6’
using SDK: ‘’
/nix/store/v39c0h6xv6hvki2k1bsyp5n090q8y2bp-clang-wrapper-16.0.6/bin/cc -I"/nix/store/lir8rmsk7dxbj7v1spqmv69z4mafg16l-R-4.4.2/lib/R/include" -DNDEBUG   -isystem /nix/store/0mmz5i705116bfykc7i1r9jxqwyghj2a-libcxx-16.0.6-dev/include/c++/v1    -fPIC  -g -O2  -c ordinalgmifs.c -o ordinalgmifs.o
/nix/store/v39c0h6xv6hvki2k1bsyp5n090q8y2bp-clang-wrapper-16.0.6/bin/cc -I"/nix/store/lir8rmsk7dxbj7v1spqmv69z4mafg16l-R-4.4.2/lib/R/include" -DNDEBUG   -isystem /nix/store/0mmz5i705116bfykc7i1r9jxqwyghj2a-libcxx-16.0.6-dev/include/c++/v1    -fPIC  -g -O2  -c registerDynamicSymbol.c -o registerDynamicSymbol.o
/nix/store/v39c0h6xv6hvki2k1bsyp5n090q8y2bp-clang-wrapper-16.0.6/bin/cc -dynamiclib -Wl,-headerpad_max_install_names -undefined dynamic_lookup -L/nix/store/lir8rmsk7dxbj7v1spqmv69z4mafg16l-R-4.4.2/lib/R/lib -L/nix/store/88xkgzh5g9xppsg3hdxxxh9q43rnxk6k-libcxx-16.0.6/lib -o ordinalgmifs.so ordinalgmifs.o registerDynamicSymbol.o -L/nix/store/lir8rmsk7dxbj7v1spqmv69z4mafg16l-R-4.4.2/lib/R/lib -lR -lintl -Wl,-framework -Wl,CoreFoundation
installing to /nix/store/j5a56qr6x6cmg2dpi329i8vkm5y46br0-r-ordinalgmifs-1.0.8/library/00LOCK-ordinalgmifs/00new/ordinalgmifs/libs
** R
** data
*** moving datasets to lazyload DB
** inst
** byte-compile and prepare package for lazy loading
** help
*** installing help indices
** building package indices
** installing vignettes
** testing if installed package can be loaded from temporary location
** checking absolute paths in shared objects and dynamic libraries
** testing if installed package can be loaded from final location
** testing if installed package keeps a record of temporary installation path
* DONE (ordinalgmifs)
Running phase: fixupPhase
checking for references to /private/tmp/nix-build-r-ordinalgmifs-1.0.8.drv-0/ in /nix/store/j5a56qr6x6cmg2dpi329i8vkm5y46br0-r-ordinalgmifs-1.0.8...
patching script interpreter paths in /nix/store/j5a56qr6x6cmg2dpi329i8vkm5y46br0-r-ordinalgmifs-1.0.8
rewriting symlink /nix/store/j5a56qr6x6cmg2dpi329i8vkm5y46br0-r-ordinalgmifs-1.0.8/nix-support/propagated-user-env-packages to be relative to /nix/store/j5a56qr6x6cmg2dpi329i8vkm5y46br0-r-ordinalgmifs-1.0.8
