these 8 derivations will be built:
  /nix/store/xd2gcmrvq5v8ln05mhw6jhaw79k4h2rs-spray_1.0-26.tar.gz.drv
  /nix/store/1yx3clqgwgb1j7n6dksqlm4rcx324yia-r-spray-1.0-26.drv
  /nix/store/ipkz6ajl28yd7zrwsp0ng14vr2acp6cy-r-syt-0.5.0.drv
  /nix/store/mjpnl8wb5jn3gihsl9hsiagf3s4q0asa-r-RationalMatrix-1.0.0.drv
  /nix/store/pk4c401mgphhrj4nqwqfv4p2h8ian88b-r-qspray-3.1.0.drv
  /nix/store/rx1baf82n050qq4ld9gpf8mnaz5dlkg4-r-ratioOfQsprays-1.1.0.drv
  /nix/store/nd9d63l0q721gb892k7v3lcp2ahk2f1p-r-symbolicQspray-1.1.0.drv
  /nix/store/hggahndqx5rd8h4mwachpjwlvnzpvzz4-r-jack-6.1.0.drv
these 6 paths will be fetched (0.22 MiB download, 0.22 MiB unpacked):
  /nix/store/hqjzsdjf7mf4qacx89g87hzr60a9jbdk-RationalMatrix_1.0.0.tar.gz
  /nix/store/4pc9jyy34nxsb8r02yxf44nvpya1zrg7-jack_6.1.0.tar.gz
  /nix/store/pxrfi80f1r72qsa2d9n6h79a55wpf7jc-qspray_3.1.0.tar.gz
  /nix/store/hiri3adb3bw2l0sk7yq0zg2srmxl3iyl-ratioOfQsprays_1.1.0.tar.gz
  /nix/store/4p5y7jm8lr49m6p3xqrg31bnshpf960f-symbolicQspray_1.1.0.tar.gz
  /nix/store/rqnx3ijrqppljkhmci1n99g3h2wz6nrz-syt_0.5.0.tar.gz
copying path '/nix/store/4pc9jyy34nxsb8r02yxf44nvpya1zrg7-jack_6.1.0.tar.gz' from 'https://cache.nixos.org'...
copying path '/nix/store/hqjzsdjf7mf4qacx89g87hzr60a9jbdk-RationalMatrix_1.0.0.tar.gz' from 'https://cache.nixos.org'...
copying path '/nix/store/4p5y7jm8lr49m6p3xqrg31bnshpf960f-symbolicQspray_1.1.0.tar.gz' from 'https://cache.nixos.org'...
copying path '/nix/store/pxrfi80f1r72qsa2d9n6h79a55wpf7jc-qspray_3.1.0.tar.gz' from 'https://cache.nixos.org'...
copying path '/nix/store/rqnx3ijrqppljkhmci1n99g3h2wz6nrz-syt_0.5.0.tar.gz' from 'https://cache.nixos.org'...
copying path '/nix/store/hiri3adb3bw2l0sk7yq0zg2srmxl3iyl-ratioOfQsprays_1.1.0.tar.gz' from 'https://cache.nixos.org'...
building '/nix/store/xd2gcmrvq5v8ln05mhw6jhaw79k4h2rs-spray_1.0-26.tar.gz.drv'...
building '/nix/store/mjpnl8wb5jn3gihsl9hsiagf3s4q0asa-r-RationalMatrix-1.0.0.drv'...
building '/nix/store/ipkz6ajl28yd7zrwsp0ng14vr2acp6cy-r-syt-0.5.0.drv'...

trying https://cran.r-project.org/src/contrib/spray_1.0-26.tar.gz
  % Total    % Received % Xferd  Average Speed   Time    Time     Time  Current
                                 Dload  Upload   Total   Spent    Left  Speed
100  198k  100  198k    0     0  1215k      0 --:--:-- --:--:-- --:--:-- 1217k
Running phase: unpackPhase
unpacking source archive /nix/store/hqjzsdjf7mf4qacx89g87hzr60a9jbdk-RationalMatrix_1.0.0.tar.gz
source root is RationalMatrix
setting SOURCE_DATE_EPOCH to timestamp 1674838209 of file RationalMatrix/MD5
Running phase: patchPhase
Running phase: updateAutotoolsGnuConfigScriptsPhase
building '/nix/store/1yx3clqgwgb1j7n6dksqlm4rcx324yia-r-spray-1.0-26.drv'...
Running phase: configurePhase
Running phase: buildPhase
Running phase: checkPhase
Running phase: installPhase
Running phase: unpackPhase
unpacking source archive /nix/store/rqnx3ijrqppljkhmci1n99g3h2wz6nrz-syt_0.5.0.tar.gz
source root is syt
setting SOURCE_DATE_EPOCH to timestamp 1721765401 of file syt/MD5
Running phase: patchPhase
Running phase: updateAutotoolsGnuConfigScriptsPhase
* installing *source* package ‘RationalMatrix’ ...
** package ‘RationalMatrix’ correctement décompressé et sommes MD5 vérifiées
** using staged installation
Running phase: configurePhase
Running phase: buildPhase
Running phase: checkPhase
Running phase: installPhase
Running phase: unpackPhase
unpacking source archive /nix/store/lnn32f83rk5wdnx19nzilvnplgn7w05w-spray_1.0-26.tar.gz
source root is spray
setting SOURCE_DATE_EPOCH to timestamp 1724057408 of file spray/MD5
* installing *source* package ‘syt’ ...
** package ‘syt’ correctement décompressé et sommes MD5 vérifiées
** using staged installation
** R
Running phase: patchPhase
** byte-compile and prepare package for lazy loading
Running phase: updateAutotoolsGnuConfigScriptsPhase
Running phase: configurePhase
Running phase: buildPhase
Running phase: checkPhase
Running phase: installPhase
* installing *source* package ‘spray’ ...
** package ‘spray’ correctement décompressé et sommes MD5 vérifiées
** using staged installation
** libs
using C compiler: ‘clang version 16.0.6’
using C++ compiler: ‘clang version 16.0.6’
using SDK: ‘’
/nix/store/v39c0h6xv6hvki2k1bsyp5n090q8y2bp-clang-wrapper-16.0.6/bin/c++ -std=gnu++17 -I"/nix/store/lir8rmsk7dxbj7v1spqmv69z4mafg16l-R-4.4.2/lib/R/include" -DNDEBUG  -I'/nix/store/da7yi2xf3argx9hlnn3f0k95b8y1yx2l-r-Rcpp-1.0.13-1/library/Rcpp/include' -isystem /nix/store/0mmz5i705116bfykc7i1r9jxqwyghj2a-libcxx-16.0.6-dev/include/c++/v1    -fPIC  -g -O2   -c RcppExports.cpp -o RcppExports.o
/nix/store/v39c0h6xv6hvki2k1bsyp5n090q8y2bp-clang-wrapper-16.0.6/bin/cc -I"/nix/store/lir8rmsk7dxbj7v1spqmv69z4mafg16l-R-4.4.2/lib/R/include" -DNDEBUG  -I'/nix/store/da7yi2xf3argx9hlnn3f0k95b8y1yx2l-r-Rcpp-1.0.13-1/library/Rcpp/include' -isystem /nix/store/0mmz5i705116bfykc7i1r9jxqwyghj2a-libcxx-16.0.6-dev/include/c++/v1    -fPIC  -g -O2  -c spray_init.c -o spray_init.o
/nix/store/v39c0h6xv6hvki2k1bsyp5n090q8y2bp-clang-wrapper-16.0.6/bin/c++ -std=gnu++17 -I"/nix/store/lir8rmsk7dxbj7v1spqmv69z4mafg16l-R-4.4.2/lib/R/include" -DNDEBUG  -I'/nix/store/da7yi2xf3argx9hlnn3f0k95b8y1yx2l-r-Rcpp-1.0.13-1/library/Rcpp/include' -isystem /nix/store/0mmz5i705116bfykc7i1r9jxqwyghj2a-libcxx-16.0.6-dev/include/c++/v1    -fPIC  -g -O2   -c spray_ops.cpp -o spray_ops.o
** libs
using C++ compiler: ‘clang version 16.0.6’
using C++17
using SDK: ‘’
/nix/store/v39c0h6xv6hvki2k1bsyp5n090q8y2bp-clang-wrapper-16.0.6/bin/c++ -std=gnu++17 -I"/nix/store/lir8rmsk7dxbj7v1spqmv69z4mafg16l-R-4.4.2/lib/R/include" -DNDEBUG  -I'/nix/store/k3y4927612y2lxd8d04hhvx801x9zc8y-r-BH-1.84.0-0/library/BH/include' -I'/nix/store/da7yi2xf3argx9hlnn3f0k95b8y1yx2l-r-Rcpp-1.0.13-1/library/Rcpp/include' -I'/nix/store/rnnw6rgkd98vplpryvk019w9yxx64gnw-r-RcppEigen-0.3.4.0.2/library/RcppEigen/include' -isystem /nix/store/0mmz5i705116bfykc7i1r9jxqwyghj2a-libcxx-16.0.6-dev/include/c++/v1   -I/nix/store/cp9amq2rlcn9i4siga62ldwq7l7dk7fc-gmp-with-cxx-6.3.0-dev/include -fPIC  -g -O2   -c RcppExports.cpp -o RcppExports.o
/nix/store/v39c0h6xv6hvki2k1bsyp5n090q8y2bp-clang-wrapper-16.0.6/bin/c++ -std=gnu++17 -I"/nix/store/lir8rmsk7dxbj7v1spqmv69z4mafg16l-R-4.4.2/lib/R/include" -DNDEBUG  -I'/nix/store/k3y4927612y2lxd8d04hhvx801x9zc8y-r-BH-1.84.0-0/library/BH/include' -I'/nix/store/da7yi2xf3argx9hlnn3f0k95b8y1yx2l-r-Rcpp-1.0.13-1/library/Rcpp/include' -I'/nix/store/rnnw6rgkd98vplpryvk019w9yxx64gnw-r-RcppEigen-0.3.4.0.2/library/RcppEigen/include' -isystem /nix/store/0mmz5i705116bfykc7i1r9jxqwyghj2a-libcxx-16.0.6-dev/include/c++/v1   -I/nix/store/cp9amq2rlcn9i4siga62ldwq7l7dk7fc-gmp-with-cxx-6.3.0-dev/include -fPIC  -g -O2   -c rationalMatrix.cpp -o rationalMatrix.o
** help
*** installing help indices
** building package indices
** testing if installed package can be loaded from temporary location
** testing if installed package can be loaded from final location
/nix/store/v39c0h6xv6hvki2k1bsyp5n090q8y2bp-clang-wrapper-16.0.6/bin/c++ -std=gnu++17 -dynamiclib -Wl,-headerpad_max_install_names -undefined dynamic_lookup -L/nix/store/lir8rmsk7dxbj7v1spqmv69z4mafg16l-R-4.4.2/lib/R/lib -L/nix/store/88xkgzh5g9xppsg3hdxxxh9q43rnxk6k-libcxx-16.0.6/lib -o spray.so RcppExports.o spray_init.o spray_ops.o -L/nix/store/lir8rmsk7dxbj7v1spqmv69z4mafg16l-R-4.4.2/lib/R/lib -lR -lintl -Wl,-framework -Wl,CoreFoundation
** testing if installed package keeps a record of temporary installation path
* DONE (syt)
Running phase: fixupPhase
checking for references to /private/tmp/nix-build-r-syt-0.5.0.drv-0/ in /nix/store/4na1bsx07vs2qarf747lpqp1zmrdg24c-r-syt-0.5.0...
patching script interpreter paths in /nix/store/4na1bsx07vs2qarf747lpqp1zmrdg24c-r-syt-0.5.0
rewriting symlink /nix/store/4na1bsx07vs2qarf747lpqp1zmrdg24c-r-syt-0.5.0/nix-support/propagated-user-env-packages to be relative to /nix/store/4na1bsx07vs2qarf747lpqp1zmrdg24c-r-syt-0.5.0
installing to /nix/store/na0l69i236rwg80z4cfq252jghssfq5n-r-spray-1.0-26/library/00LOCK-spray/00new/spray/libs
** R
** inst
** byte-compile and prepare package for lazy loading
** help
*** installing help indices
*** copying figures
** building package indices
** installing vignettes
** testing if installed package can be loaded from temporary location
** checking absolute paths in shared objects and dynamic libraries
** testing if installed package can be loaded from final location
** testing if installed package keeps a record of temporary installation path
* DONE (spray)
Running phase: fixupPhase
checking for references to /private/tmp/nix-build-r-spray-1.0-26.drv-0/ in /nix/store/na0l69i236rwg80z4cfq252jghssfq5n-r-spray-1.0-26...
patching script interpreter paths in /nix/store/na0l69i236rwg80z4cfq252jghssfq5n-r-spray-1.0-26
rewriting symlink /nix/store/na0l69i236rwg80z4cfq252jghssfq5n-r-spray-1.0-26/nix-support/propagated-user-env-packages to be relative to /nix/store/na0l69i236rwg80z4cfq252jghssfq5n-r-spray-1.0-26
/nix/store/v39c0h6xv6hvki2k1bsyp5n090q8y2bp-clang-wrapper-16.0.6/bin/c++ -std=gnu++17 -dynamiclib -Wl,-headerpad_max_install_names -undefined dynamic_lookup -L/nix/store/lir8rmsk7dxbj7v1spqmv69z4mafg16l-R-4.4.2/lib/R/lib -L/nix/store/88xkgzh5g9xppsg3hdxxxh9q43rnxk6k-libcxx-16.0.6/lib -o RationalMatrix.so RcppExports.o rationalMatrix.o -L/nix/store/lm1rva8c2649y4lys3d406s9ldicv8qv-gmp-with-cxx-6.3.0/lib -lgmp -L/nix/store/lir8rmsk7dxbj7v1spqmv69z4mafg16l-R-4.4.2/lib/R/lib -lR -lintl -Wl,-framework -Wl,CoreFoundation
installing to /nix/store/dpmja6999y19fl6b5lc9xsvrwsfr385v-r-RationalMatrix-1.0.0/library/00LOCK-RationalMatrix/00new/RationalMatrix/libs
** R
** byte-compile and prepare package for lazy loading
** help
*** installing help indices
** building package indices
** testing if installed package can be loaded from temporary location
** checking absolute paths in shared objects and dynamic libraries
** testing if installed package can be loaded from final location
** testing if installed package keeps a record of temporary installation path
* DONE (RationalMatrix)
Running phase: fixupPhase
checking for references to /private/tmp/nix-build-r-RationalMatrix-1.0.0.drv-0/ in /nix/store/dpmja6999y19fl6b5lc9xsvrwsfr385v-r-RationalMatrix-1.0.0...
patching script interpreter paths in /nix/store/dpmja6999y19fl6b5lc9xsvrwsfr385v-r-RationalMatrix-1.0.0
rewriting symlink /nix/store/dpmja6999y19fl6b5lc9xsvrwsfr385v-r-RationalMatrix-1.0.0/nix-support/propagated-user-env-packages to be relative to /nix/store/dpmja6999y19fl6b5lc9xsvrwsfr385v-r-RationalMatrix-1.0.0
building '/nix/store/pk4c401mgphhrj4nqwqfv4p2h8ian88b-r-qspray-3.1.0.drv'...
Running phase: unpackPhase
unpacking source archive /nix/store/pxrfi80f1r72qsa2d9n6h79a55wpf7jc-qspray_3.1.0.tar.gz
source root is qspray
setting SOURCE_DATE_EPOCH to timestamp 1722118809 of file qspray/MD5
Running phase: patchPhase
Running phase: updateAutotoolsGnuConfigScriptsPhase
Running phase: configurePhase
Running phase: buildPhase
Running phase: checkPhase
Running phase: installPhase
* installing *source* package ‘qspray’ ...
** package ‘qspray’ correctement décompressé et sommes MD5 vérifiées
** using staged installation
** libs
using C++ compiler: ‘clang version 16.0.6’
using C++17
using SDK: ‘’
/nix/store/v39c0h6xv6hvki2k1bsyp5n090q8y2bp-clang-wrapper-16.0.6/bin/c++ -std=gnu++17 -I"/nix/store/lir8rmsk7dxbj7v1spqmv69z4mafg16l-R-4.4.2/lib/R/include" -DNDEBUG  -I'/nix/store/k3y4927612y2lxd8d04hhvx801x9zc8y-r-BH-1.84.0-0/library/BH/include' -I'/nix/store/da7yi2xf3argx9hlnn3f0k95b8y1yx2l-r-Rcpp-1.0.13-1/library/Rcpp/include' -isystem /nix/store/0mmz5i705116bfykc7i1r9jxqwyghj2a-libcxx-16.0.6-dev/include/c++/v1   -I/nix/store/cp9amq2rlcn9i4siga62ldwq7l7dk7fc-gmp-with-cxx-6.3.0-dev/include -I../inst/include -fPIC  -g -O2   -c RcppExports.cpp -o RcppExports.o
/nix/store/v39c0h6xv6hvki2k1bsyp5n090q8y2bp-clang-wrapper-16.0.6/bin/c++ -std=gnu++17 -I"/nix/store/lir8rmsk7dxbj7v1spqmv69z4mafg16l-R-4.4.2/lib/R/include" -DNDEBUG  -I'/nix/store/k3y4927612y2lxd8d04hhvx801x9zc8y-r-BH-1.84.0-0/library/BH/include' -I'/nix/store/da7yi2xf3argx9hlnn3f0k95b8y1yx2l-r-Rcpp-1.0.13-1/library/Rcpp/include' -isystem /nix/store/0mmz5i705116bfykc7i1r9jxqwyghj2a-libcxx-16.0.6-dev/include/c++/v1   -I/nix/store/cp9amq2rlcn9i4siga62ldwq7l7dk7fc-gmp-with-cxx-6.3.0-dev/include -I../inst/include -fPIC  -g -O2   -c division.cpp -o division.o
/nix/store/v39c0h6xv6hvki2k1bsyp5n090q8y2bp-clang-wrapper-16.0.6/bin/c++ -std=gnu++17 -I"/nix/store/lir8rmsk7dxbj7v1spqmv69z4mafg16l-R-4.4.2/lib/R/include" -DNDEBUG  -I'/nix/store/k3y4927612y2lxd8d04hhvx801x9zc8y-r-BH-1.84.0-0/library/BH/include' -I'/nix/store/da7yi2xf3argx9hlnn3f0k95b8y1yx2l-r-Rcpp-1.0.13-1/library/Rcpp/include' -isystem /nix/store/0mmz5i705116bfykc7i1r9jxqwyghj2a-libcxx-16.0.6-dev/include/c++/v1   -I/nix/store/cp9amq2rlcn9i4siga62ldwq7l7dk7fc-gmp-with-cxx-6.3.0-dev/include -I../inst/include -fPIC  -g -O2   -c evaluation.cpp -o evaluation.o
/nix/store/v39c0h6xv6hvki2k1bsyp5n090q8y2bp-clang-wrapper-16.0.6/bin/c++ -std=gnu++17 -I"/nix/store/lir8rmsk7dxbj7v1spqmv69z4mafg16l-R-4.4.2/lib/R/include" -DNDEBUG  -I'/nix/store/k3y4927612y2lxd8d04hhvx801x9zc8y-r-BH-1.84.0-0/library/BH/include' -I'/nix/store/da7yi2xf3argx9hlnn3f0k95b8y1yx2l-r-Rcpp-1.0.13-1/library/Rcpp/include' -isystem /nix/store/0mmz5i705116bfykc7i1r9jxqwyghj2a-libcxx-16.0.6-dev/include/c++/v1   -I/nix/store/cp9amq2rlcn9i4siga62ldwq7l7dk7fc-gmp-with-cxx-6.3.0-dev/include -I../inst/include -fPIC  -g -O2   -c qspray.cpp -o qspray.o
/nix/store/v39c0h6xv6hvki2k1bsyp5n090q8y2bp-clang-wrapper-16.0.6/bin/c++ -std=gnu++17 -dynamiclib -Wl,-headerpad_max_install_names -undefined dynamic_lookup -L/nix/store/lir8rmsk7dxbj7v1spqmv69z4mafg16l-R-4.4.2/lib/R/lib -L/nix/store/88xkgzh5g9xppsg3hdxxxh9q43rnxk6k-libcxx-16.0.6/lib -o qspray.so RcppExports.o division.o evaluation.o qspray.o -L/nix/store/lm1rva8c2649y4lys3d406s9ldicv8qv-gmp-with-cxx-6.3.0/lib -lgmp -L/nix/store/lir8rmsk7dxbj7v1spqmv69z4mafg16l-R-4.4.2/lib/R/lib -lR -lintl -Wl,-framework -Wl,CoreFoundation
installing to /nix/store/4jkkknvb4rxgf2d7vixbpva29vy01iks-r-qspray-3.1.0/library/00LOCK-qspray/00new/qspray/libs
** R
** inst
** byte-compile and prepare package for lazy loading
** help
*** installing help indices
** building package indices
** testing if installed package can be loaded from temporary location
** checking absolute paths in shared objects and dynamic libraries
** testing if installed package can be loaded from final location
** testing if installed package keeps a record of temporary installation path
* DONE (qspray)
Running phase: fixupPhase
checking for references to /private/tmp/nix-build-r-qspray-3.1.0.drv-0/ in /nix/store/4jkkknvb4rxgf2d7vixbpva29vy01iks-r-qspray-3.1.0...
patching script interpreter paths in /nix/store/4jkkknvb4rxgf2d7vixbpva29vy01iks-r-qspray-3.1.0
rewriting symlink /nix/store/4jkkknvb4rxgf2d7vixbpva29vy01iks-r-qspray-3.1.0/nix-support/propagated-user-env-packages to be relative to /nix/store/4jkkknvb4rxgf2d7vixbpva29vy01iks-r-qspray-3.1.0
building '/nix/store/rx1baf82n050qq4ld9gpf8mnaz5dlkg4-r-ratioOfQsprays-1.1.0.drv'...
Running phase: unpackPhase
unpacking source archive /nix/store/hiri3adb3bw2l0sk7yq0zg2srmxl3iyl-ratioOfQsprays_1.1.0.tar.gz
source root is ratioOfQsprays
setting SOURCE_DATE_EPOCH to timestamp 1722144002 of file ratioOfQsprays/MD5
Running phase: patchPhase
Running phase: updateAutotoolsGnuConfigScriptsPhase
Running phase: configurePhase
Running phase: buildPhase
Running phase: checkPhase
Running phase: installPhase
* installing *source* package ‘ratioOfQsprays’ ...
** package ‘ratioOfQsprays’ correctement décompressé et sommes MD5 vérifiées
** using staged installation
** libs
using C++ compiler: ‘clang version 16.0.6’
using C++17
using SDK: ‘’
/nix/store/v39c0h6xv6hvki2k1bsyp5n090q8y2bp-clang-wrapper-16.0.6/bin/c++ -std=gnu++17 -I"/nix/store/lir8rmsk7dxbj7v1spqmv69z4mafg16l-R-4.4.2/lib/R/include" -DNDEBUG  -I'/nix/store/k3y4927612y2lxd8d04hhvx801x9zc8y-r-BH-1.84.0-0/library/BH/include' -I'/nix/store/4jkkknvb4rxgf2d7vixbpva29vy01iks-r-qspray-3.1.0/library/qspray/include' -I'/nix/store/da7yi2xf3argx9hlnn3f0k95b8y1yx2l-r-Rcpp-1.0.13-1/library/Rcpp/include' -I'/nix/store/067r1hv8bs04ypskvsksi6ly6wz4igy2-r-RcppCGAL-5.6.4/library/RcppCGAL/include' -isystem /nix/store/0mmz5i705116bfykc7i1r9jxqwyghj2a-libcxx-16.0.6-dev/include/c++/v1   -I/nix/store/cp9amq2rlcn9i4siga62ldwq7l7dk7fc-gmp-with-cxx-6.3.0-dev/include -I/nix/store/5wrnphl02qg8qk2ksrck8mf47hqn4l08-mpfr-4.2.1-dev/include -DCGAL_HEADER_ONLY=1 -I../inst/include -fPIC  -g -O2   -c RcppExports.cpp -o RcppExports.o
/nix/store/v39c0h6xv6hvki2k1bsyp5n090q8y2bp-clang-wrapper-16.0.6/bin/c++ -std=gnu++17 -I"/nix/store/lir8rmsk7dxbj7v1spqmv69z4mafg16l-R-4.4.2/lib/R/include" -DNDEBUG  -I'/nix/store/k3y4927612y2lxd8d04hhvx801x9zc8y-r-BH-1.84.0-0/library/BH/include' -I'/nix/store/4jkkknvb4rxgf2d7vixbpva29vy01iks-r-qspray-3.1.0/library/qspray/include' -I'/nix/store/da7yi2xf3argx9hlnn3f0k95b8y1yx2l-r-Rcpp-1.0.13-1/library/Rcpp/include' -I'/nix/store/067r1hv8bs04ypskvsksi6ly6wz4igy2-r-RcppCGAL-5.6.4/library/RcppCGAL/include' -isystem /nix/store/0mmz5i705116bfykc7i1r9jxqwyghj2a-libcxx-16.0.6-dev/include/c++/v1   -I/nix/store/cp9amq2rlcn9i4siga62ldwq7l7dk7fc-gmp-with-cxx-6.3.0-dev/include -I/nix/store/5wrnphl02qg8qk2ksrck8mf47hqn4l08-mpfr-4.2.1-dev/include -DCGAL_HEADER_ONLY=1 -I../inst/include -fPIC  -g -O2   -c ratioOfQsprays.cpp -o ratioOfQsprays.o
/nix/store/v39c0h6xv6hvki2k1bsyp5n090q8y2bp-clang-wrapper-16.0.6/bin/c++ -std=gnu++17 -dynamiclib -Wl,-headerpad_max_install_names -undefined dynamic_lookup -L/nix/store/lir8rmsk7dxbj7v1spqmv69z4mafg16l-R-4.4.2/lib/R/lib -L/nix/store/88xkgzh5g9xppsg3hdxxxh9q43rnxk6k-libcxx-16.0.6/lib -o ratioOfQsprays.so RcppExports.o ratioOfQsprays.o -L/nix/store/lm1rva8c2649y4lys3d406s9ldicv8qv-gmp-with-cxx-6.3.0/lib -L/nix/store/s96y6ck8yn8wkiijvh3qfrjr230fzgf6-mpfr-4.2.1/lib -lgmp -lmpfr -lgmp -L/nix/store/lir8rmsk7dxbj7v1spqmv69z4mafg16l-R-4.4.2/lib/R/lib -lR -lintl -Wl,-framework -Wl,CoreFoundation
installing to /nix/store/m30f27p0am8gyhv0aik9dzld7627a97f-r-ratioOfQsprays-1.1.0/library/00LOCK-ratioOfQsprays/00new/ratioOfQsprays/libs
** R
** inst
** byte-compile and prepare package for lazy loading
** help
*** installing help indices
** building package indices
** testing if installed package can be loaded from temporary location
** checking absolute paths in shared objects and dynamic libraries
** testing if installed package can be loaded from final location
** testing if installed package keeps a record of temporary installation path
* DONE (ratioOfQsprays)
Running phase: fixupPhase
checking for references to /private/tmp/nix-build-r-ratioOfQsprays-1.1.0.drv-0/ in /nix/store/m30f27p0am8gyhv0aik9dzld7627a97f-r-ratioOfQsprays-1.1.0...
patching script interpreter paths in /nix/store/m30f27p0am8gyhv0aik9dzld7627a97f-r-ratioOfQsprays-1.1.0
rewriting symlink /nix/store/m30f27p0am8gyhv0aik9dzld7627a97f-r-ratioOfQsprays-1.1.0/nix-support/propagated-user-env-packages to be relative to /nix/store/m30f27p0am8gyhv0aik9dzld7627a97f-r-ratioOfQsprays-1.1.0
building '/nix/store/nd9d63l0q721gb892k7v3lcp2ahk2f1p-r-symbolicQspray-1.1.0.drv'...
Running phase: unpackPhase
unpacking source archive /nix/store/4p5y7jm8lr49m6p3xqrg31bnshpf960f-symbolicQspray_1.1.0.tar.gz
source root is symbolicQspray
setting SOURCE_DATE_EPOCH to timestamp 1722185402 of file symbolicQspray/MD5
Running phase: patchPhase
Running phase: updateAutotoolsGnuConfigScriptsPhase
Running phase: configurePhase
Running phase: buildPhase
Running phase: checkPhase
Running phase: installPhase
* installing *source* package ‘symbolicQspray’ ...
** package ‘symbolicQspray’ correctement décompressé et sommes MD5 vérifiées
** using staged installation
** libs
using C++ compiler: ‘clang version 16.0.6’
using C++17
using SDK: ‘’
/nix/store/v39c0h6xv6hvki2k1bsyp5n090q8y2bp-clang-wrapper-16.0.6/bin/c++ -std=gnu++17 -I"/nix/store/lir8rmsk7dxbj7v1spqmv69z4mafg16l-R-4.4.2/lib/R/include" -DNDEBUG  -I'/nix/store/k3y4927612y2lxd8d04hhvx801x9zc8y-r-BH-1.84.0-0/library/BH/include' -I'/nix/store/4jkkknvb4rxgf2d7vixbpva29vy01iks-r-qspray-3.1.0/library/qspray/include' -I'/nix/store/m30f27p0am8gyhv0aik9dzld7627a97f-r-ratioOfQsprays-1.1.0/library/ratioOfQsprays/include' -I'/nix/store/da7yi2xf3argx9hlnn3f0k95b8y1yx2l-r-Rcpp-1.0.13-1/library/Rcpp/include' -I'/nix/store/067r1hv8bs04ypskvsksi6ly6wz4igy2-r-RcppCGAL-5.6.4/library/RcppCGAL/include' -isystem /nix/store/0mmz5i705116bfykc7i1r9jxqwyghj2a-libcxx-16.0.6-dev/include/c++/v1   -I/nix/store/cp9amq2rlcn9i4siga62ldwq7l7dk7fc-gmp-with-cxx-6.3.0-dev/include -I/nix/store/5wrnphl02qg8qk2ksrck8mf47hqn4l08-mpfr-4.2.1-dev/include -DCGAL_HEADER_ONLY=1 -I../inst/include -fPIC  -g -O2   -c RcppExports.cpp -o RcppExports.o
/nix/store/v39c0h6xv6hvki2k1bsyp5n090q8y2bp-clang-wrapper-16.0.6/bin/c++ -std=gnu++17 -I"/nix/store/lir8rmsk7dxbj7v1spqmv69z4mafg16l-R-4.4.2/lib/R/include" -DNDEBUG  -I'/nix/store/k3y4927612y2lxd8d04hhvx801x9zc8y-r-BH-1.84.0-0/library/BH/include' -I'/nix/store/4jkkknvb4rxgf2d7vixbpva29vy01iks-r-qspray-3.1.0/library/qspray/include' -I'/nix/store/m30f27p0am8gyhv0aik9dzld7627a97f-r-ratioOfQsprays-1.1.0/library/ratioOfQsprays/include' -I'/nix/store/da7yi2xf3argx9hlnn3f0k95b8y1yx2l-r-Rcpp-1.0.13-1/library/Rcpp/include' -I'/nix/store/067r1hv8bs04ypskvsksi6ly6wz4igy2-r-RcppCGAL-5.6.4/library/RcppCGAL/include' -isystem /nix/store/0mmz5i705116bfykc7i1r9jxqwyghj2a-libcxx-16.0.6-dev/include/c++/v1   -I/nix/store/cp9amq2rlcn9i4siga62ldwq7l7dk7fc-gmp-with-cxx-6.3.0-dev/include -I/nix/store/5wrnphl02qg8qk2ksrck8mf47hqn4l08-mpfr-4.2.1-dev/include -DCGAL_HEADER_ONLY=1 -I../inst/include -fPIC  -g -O2   -c symbolicQspray.cpp -o symbolicQspray.o
/nix/store/v39c0h6xv6hvki2k1bsyp5n090q8y2bp-clang-wrapper-16.0.6/bin/c++ -std=gnu++17 -dynamiclib -Wl,-headerpad_max_install_names -undefined dynamic_lookup -L/nix/store/lir8rmsk7dxbj7v1spqmv69z4mafg16l-R-4.4.2/lib/R/lib -L/nix/store/88xkgzh5g9xppsg3hdxxxh9q43rnxk6k-libcxx-16.0.6/lib -o symbolicQspray.so RcppExports.o symbolicQspray.o -L/nix/store/lm1rva8c2649y4lys3d406s9ldicv8qv-gmp-with-cxx-6.3.0/lib -L/nix/store/s96y6ck8yn8wkiijvh3qfrjr230fzgf6-mpfr-4.2.1/lib -lgmp -lmpfr -lgmp -L/nix/store/lir8rmsk7dxbj7v1spqmv69z4mafg16l-R-4.4.2/lib/R/lib -lR -lintl -Wl,-framework -Wl,CoreFoundation
installing to /nix/store/4008vcknvdhwbr8xax6xcrs13v55iv1k-r-symbolicQspray-1.1.0/library/00LOCK-symbolicQspray/00new/symbolicQspray/libs
** R
** inst
** byte-compile and prepare package for lazy loading
** help
*** installing help indices
** building package indices
** testing if installed package can be loaded from temporary location
** checking absolute paths in shared objects and dynamic libraries
** testing if installed package can be loaded from final location
** testing if installed package keeps a record of temporary installation path
* DONE (symbolicQspray)
Running phase: fixupPhase
checking for references to /private/tmp/nix-build-r-symbolicQspray-1.1.0.drv-0/ in /nix/store/4008vcknvdhwbr8xax6xcrs13v55iv1k-r-symbolicQspray-1.1.0...
patching script interpreter paths in /nix/store/4008vcknvdhwbr8xax6xcrs13v55iv1k-r-symbolicQspray-1.1.0
rewriting symlink /nix/store/4008vcknvdhwbr8xax6xcrs13v55iv1k-r-symbolicQspray-1.1.0/nix-support/propagated-user-env-packages to be relative to /nix/store/4008vcknvdhwbr8xax6xcrs13v55iv1k-r-symbolicQspray-1.1.0
building '/nix/store/hggahndqx5rd8h4mwachpjwlvnzpvzz4-r-jack-6.1.0.drv'...
Running phase: unpackPhase
unpacking source archive /nix/store/4pc9jyy34nxsb8r02yxf44nvpya1zrg7-jack_6.1.0.tar.gz
source root is jack
setting SOURCE_DATE_EPOCH to timestamp 1722275402 of file jack/MD5
Running phase: patchPhase
Running phase: updateAutotoolsGnuConfigScriptsPhase
Running phase: configurePhase
Running phase: buildPhase
Running phase: checkPhase
Running phase: installPhase
* installing *source* package ‘jack’ ...
** package ‘jack’ correctement décompressé et sommes MD5 vérifiées
** using staged installation
** libs
using C++ compiler: ‘clang version 16.0.6’
using C++17
using SDK: ‘’
/nix/store/v39c0h6xv6hvki2k1bsyp5n090q8y2bp-clang-wrapper-16.0.6/bin/c++ -std=gnu++17 -I"/nix/store/lir8rmsk7dxbj7v1spqmv69z4mafg16l-R-4.4.2/lib/R/include" -DNDEBUG  -I'/nix/store/k3y4927612y2lxd8d04hhvx801x9zc8y-r-BH-1.84.0-0/library/BH/include' -I'/nix/store/4jkkknvb4rxgf2d7vixbpva29vy01iks-r-qspray-3.1.0/library/qspray/include' -I'/nix/store/m30f27p0am8gyhv0aik9dzld7627a97f-r-ratioOfQsprays-1.1.0/library/ratioOfQsprays/include' -I'/nix/store/da7yi2xf3argx9hlnn3f0k95b8y1yx2l-r-Rcpp-1.0.13-1/library/Rcpp/include' -I'/nix/store/067r1hv8bs04ypskvsksi6ly6wz4igy2-r-RcppCGAL-5.6.4/library/RcppCGAL/include' -I'/nix/store/4008vcknvdhwbr8xax6xcrs13v55iv1k-r-symbolicQspray-1.1.0/library/symbolicQspray/include' -isystem /nix/store/0mmz5i705116bfykc7i1r9jxqwyghj2a-libcxx-16.0.6-dev/include/c++/v1   -I/nix/store/cp9amq2rlcn9i4siga62ldwq7l7dk7fc-gmp-with-cxx-6.3.0-dev/include -I/nix/store/5wrnphl02qg8qk2ksrck8mf47hqn4l08-mpfr-4.2.1-dev/include -fPIC  -g -O2   -c RcppExports.cpp -o RcppExports.o
/nix/store/v39c0h6xv6hvki2k1bsyp5n090q8y2bp-clang-wrapper-16.0.6/bin/c++ -std=gnu++17 -I"/nix/store/lir8rmsk7dxbj7v1spqmv69z4mafg16l-R-4.4.2/lib/R/include" -DNDEBUG  -I'/nix/store/k3y4927612y2lxd8d04hhvx801x9zc8y-r-BH-1.84.0-0/library/BH/include' -I'/nix/store/4jkkknvb4rxgf2d7vixbpva29vy01iks-r-qspray-3.1.0/library/qspray/include' -I'/nix/store/m30f27p0am8gyhv0aik9dzld7627a97f-r-ratioOfQsprays-1.1.0/library/ratioOfQsprays/include' -I'/nix/store/da7yi2xf3argx9hlnn3f0k95b8y1yx2l-r-Rcpp-1.0.13-1/library/Rcpp/include' -I'/nix/store/067r1hv8bs04ypskvsksi6ly6wz4igy2-r-RcppCGAL-5.6.4/library/RcppCGAL/include' -I'/nix/store/4008vcknvdhwbr8xax6xcrs13v55iv1k-r-symbolicQspray-1.1.0/library/symbolicQspray/include' -isystem /nix/store/0mmz5i705116bfykc7i1r9jxqwyghj2a-libcxx-16.0.6-dev/include/c++/v1   -I/nix/store/cp9amq2rlcn9i4siga62ldwq7l7dk7fc-gmp-with-cxx-6.3.0-dev/include -I/nix/store/5wrnphl02qg8qk2ksrck8mf47hqn4l08-mpfr-4.2.1-dev/include -fPIC  -g -O2   -c jack.cpp -o jack.o
/nix/store/v39c0h6xv6hvki2k1bsyp5n090q8y2bp-clang-wrapper-16.0.6/bin/c++ -std=gnu++17 -I"/nix/store/lir8rmsk7dxbj7v1spqmv69z4mafg16l-R-4.4.2/lib/R/include" -DNDEBUG  -I'/nix/store/k3y4927612y2lxd8d04hhvx801x9zc8y-r-BH-1.84.0-0/library/BH/include' -I'/nix/store/4jkkknvb4rxgf2d7vixbpva29vy01iks-r-qspray-3.1.0/library/qspray/include' -I'/nix/store/m30f27p0am8gyhv0aik9dzld7627a97f-r-ratioOfQsprays-1.1.0/library/ratioOfQsprays/include' -I'/nix/store/da7yi2xf3argx9hlnn3f0k95b8y1yx2l-r-Rcpp-1.0.13-1/library/Rcpp/include' -I'/nix/store/067r1hv8bs04ypskvsksi6ly6wz4igy2-r-RcppCGAL-5.6.4/library/RcppCGAL/include' -I'/nix/store/4008vcknvdhwbr8xax6xcrs13v55iv1k-r-symbolicQspray-1.1.0/library/symbolicQspray/include' -isystem /nix/store/0mmz5i705116bfykc7i1r9jxqwyghj2a-libcxx-16.0.6-dev/include/c++/v1   -I/nix/store/cp9amq2rlcn9i4siga62ldwq7l7dk7fc-gmp-with-cxx-6.3.0-dev/include -I/nix/store/5wrnphl02qg8qk2ksrck8mf47hqn4l08-mpfr-4.2.1-dev/include -fPIC  -g -O2   -c jackEval.cpp -o jackEval.o
/nix/store/v39c0h6xv6hvki2k1bsyp5n090q8y2bp-clang-wrapper-16.0.6/bin/c++ -std=gnu++17 -I"/nix/store/lir8rmsk7dxbj7v1spqmv69z4mafg16l-R-4.4.2/lib/R/include" -DNDEBUG  -I'/nix/store/k3y4927612y2lxd8d04hhvx801x9zc8y-r-BH-1.84.0-0/library/BH/include' -I'/nix/store/4jkkknvb4rxgf2d7vixbpva29vy01iks-r-qspray-3.1.0/library/qspray/include' -I'/nix/store/m30f27p0am8gyhv0aik9dzld7627a97f-r-ratioOfQsprays-1.1.0/library/ratioOfQsprays/include' -I'/nix/store/da7yi2xf3argx9hlnn3f0k95b8y1yx2l-r-Rcpp-1.0.13-1/library/Rcpp/include' -I'/nix/store/067r1hv8bs04ypskvsksi6ly6wz4igy2-r-RcppCGAL-5.6.4/library/RcppCGAL/include' -I'/nix/store/4008vcknvdhwbr8xax6xcrs13v55iv1k-r-symbolicQspray-1.1.0/library/symbolicQspray/include' -isystem /nix/store/0mmz5i705116bfykc7i1r9jxqwyghj2a-libcxx-16.0.6-dev/include/c++/v1   -I/nix/store/cp9amq2rlcn9i4siga62ldwq7l7dk7fc-gmp-with-cxx-6.3.0-dev/include -I/nix/store/5wrnphl02qg8qk2ksrck8mf47hqn4l08-mpfr-4.2.1-dev/include -fPIC  -g -O2   -c schur.cpp -o schur.o
/nix/store/v39c0h6xv6hvki2k1bsyp5n090q8y2bp-clang-wrapper-16.0.6/bin/c++ -std=gnu++17 -I"/nix/store/lir8rmsk7dxbj7v1spqmv69z4mafg16l-R-4.4.2/lib/R/include" -DNDEBUG  -I'/nix/store/k3y4927612y2lxd8d04hhvx801x9zc8y-r-BH-1.84.0-0/library/BH/include' -I'/nix/store/4jkkknvb4rxgf2d7vixbpva29vy01iks-r-qspray-3.1.0/library/qspray/include' -I'/nix/store/m30f27p0am8gyhv0aik9dzld7627a97f-r-ratioOfQsprays-1.1.0/library/ratioOfQsprays/include' -I'/nix/store/da7yi2xf3argx9hlnn3f0k95b8y1yx2l-r-Rcpp-1.0.13-1/library/Rcpp/include' -I'/nix/store/067r1hv8bs04ypskvsksi6ly6wz4igy2-r-RcppCGAL-5.6.4/library/RcppCGAL/include' -I'/nix/store/4008vcknvdhwbr8xax6xcrs13v55iv1k-r-symbolicQspray-1.1.0/library/symbolicQspray/include' -isystem /nix/store/0mmz5i705116bfykc7i1r9jxqwyghj2a-libcxx-16.0.6-dev/include/c++/v1   -I/nix/store/cp9amq2rlcn9i4siga62ldwq7l7dk7fc-gmp-with-cxx-6.3.0-dev/include -I/nix/store/5wrnphl02qg8qk2ksrck8mf47hqn4l08-mpfr-4.2.1-dev/include -fPIC  -g -O2   -c schurEval.cpp -o schurEval.o
/nix/store/v39c0h6xv6hvki2k1bsyp5n090q8y2bp-clang-wrapper-16.0.6/bin/c++ -std=gnu++17 -I"/nix/store/lir8rmsk7dxbj7v1spqmv69z4mafg16l-R-4.4.2/lib/R/include" -DNDEBUG  -I'/nix/store/k3y4927612y2lxd8d04hhvx801x9zc8y-r-BH-1.84.0-0/library/BH/include' -I'/nix/store/4jkkknvb4rxgf2d7vixbpva29vy01iks-r-qspray-3.1.0/library/qspray/include' -I'/nix/store/m30f27p0am8gyhv0aik9dzld7627a97f-r-ratioOfQsprays-1.1.0/library/ratioOfQsprays/include' -I'/nix/store/da7yi2xf3argx9hlnn3f0k95b8y1yx2l-r-Rcpp-1.0.13-1/library/Rcpp/include' -I'/nix/store/067r1hv8bs04ypskvsksi6ly6wz4igy2-r-RcppCGAL-5.6.4/library/RcppCGAL/include' -I'/nix/store/4008vcknvdhwbr8xax6xcrs13v55iv1k-r-symbolicQspray-1.1.0/library/symbolicQspray/include' -isystem /nix/store/0mmz5i705116bfykc7i1r9jxqwyghj2a-libcxx-16.0.6-dev/include/c++/v1   -I/nix/store/cp9amq2rlcn9i4siga62ldwq7l7dk7fc-gmp-with-cxx-6.3.0-dev/include -I/nix/store/5wrnphl02qg8qk2ksrck8mf47hqn4l08-mpfr-4.2.1-dev/include -fPIC  -g -O2   -c shared.cpp -o shared.o
/nix/store/v39c0h6xv6hvki2k1bsyp5n090q8y2bp-clang-wrapper-16.0.6/bin/c++ -std=gnu++17 -I"/nix/store/lir8rmsk7dxbj7v1spqmv69z4mafg16l-R-4.4.2/lib/R/include" -DNDEBUG  -I'/nix/store/k3y4927612y2lxd8d04hhvx801x9zc8y-r-BH-1.84.0-0/library/BH/include' -I'/nix/store/4jkkknvb4rxgf2d7vixbpva29vy01iks-r-qspray-3.1.0/library/qspray/include' -I'/nix/store/m30f27p0am8gyhv0aik9dzld7627a97f-r-ratioOfQsprays-1.1.0/library/ratioOfQsprays/include' -I'/nix/store/da7yi2xf3argx9hlnn3f0k95b8y1yx2l-r-Rcpp-1.0.13-1/library/Rcpp/include' -I'/nix/store/067r1hv8bs04ypskvsksi6ly6wz4igy2-r-RcppCGAL-5.6.4/library/RcppCGAL/include' -I'/nix/store/4008vcknvdhwbr8xax6xcrs13v55iv1k-r-symbolicQspray-1.1.0/library/symbolicQspray/include' -isystem /nix/store/0mmz5i705116bfykc7i1r9jxqwyghj2a-libcxx-16.0.6-dev/include/c++/v1   -I/nix/store/cp9amq2rlcn9i4siga62ldwq7l7dk7fc-gmp-with-cxx-6.3.0-dev/include -I/nix/store/5wrnphl02qg8qk2ksrck8mf47hqn4l08-mpfr-4.2.1-dev/include -fPIC  -g -O2   -c utils.cpp -o utils.o
/nix/store/v39c0h6xv6hvki2k1bsyp5n090q8y2bp-clang-wrapper-16.0.6/bin/c++ -std=gnu++17 -dynamiclib -Wl,-headerpad_max_install_names -undefined dynamic_lookup -L/nix/store/lir8rmsk7dxbj7v1spqmv69z4mafg16l-R-4.4.2/lib/R/lib -L/nix/store/88xkgzh5g9xppsg3hdxxxh9q43rnxk6k-libcxx-16.0.6/lib -o jack.so RcppExports.o jack.o jackEval.o schur.o schurEval.o shared.o utils.o -L/nix/store/lm1rva8c2649y4lys3d406s9ldicv8qv-gmp-with-cxx-6.3.0/lib -L/nix/store/s96y6ck8yn8wkiijvh3qfrjr230fzgf6-mpfr-4.2.1/lib -lgmp -lmpfr -lgmp -L/nix/store/lir8rmsk7dxbj7v1spqmv69z4mafg16l-R-4.4.2/lib/R/lib -lR -lintl -Wl,-framework -Wl,CoreFoundation
installing to /nix/store/z3abl6s8rc793qj5f2vik29w6aph0xc5-r-jack-6.1.0/library/00LOCK-jack/00new/jack/libs
** R
** inst
** byte-compile and prepare package for lazy loading
le code des méthodes de la classe “Rcpp_Multicool” n'a pas été vérifié pour les affectations de champs suspectes (package recommandé ‘codetools’ indisponible ?)
le code des méthodes de la classe “Rcpp_Multicool” n'a pas été vérifié pour les affectations de champs suspectes (package recommandé ‘codetools’ indisponible ?)
** help
*** installing help indices
** building package indices
** testing if installed package can be loaded from temporary location
le code des méthodes de la classe “Rcpp_Multicool” n'a pas été vérifié pour les affectations de champs suspectes (package recommandé ‘codetools’ indisponible ?)
le code des méthodes de la classe “Rcpp_Multicool” n'a pas été vérifié pour les affectations de champs suspectes (package recommandé ‘codetools’ indisponible ?)
** checking absolute paths in shared objects and dynamic libraries
** testing if installed package can be loaded from final location
le code des méthodes de la classe “Rcpp_Multicool” n'a pas été vérifié pour les affectations de champs suspectes (package recommandé ‘codetools’ indisponible ?)
le code des méthodes de la classe “Rcpp_Multicool” n'a pas été vérifié pour les affectations de champs suspectes (package recommandé ‘codetools’ indisponible ?)
** testing if installed package keeps a record of temporary installation path
* DONE (jack)
Running phase: fixupPhase
checking for references to /private/tmp/nix-build-r-jack-6.1.0.drv-0/ in /nix/store/z3abl6s8rc793qj5f2vik29w6aph0xc5-r-jack-6.1.0...
patching script interpreter paths in /nix/store/z3abl6s8rc793qj5f2vik29w6aph0xc5-r-jack-6.1.0
rewriting symlink /nix/store/z3abl6s8rc793qj5f2vik29w6aph0xc5-r-jack-6.1.0/nix-support/propagated-user-env-packages to be relative to /nix/store/z3abl6s8rc793qj5f2vik29w6aph0xc5-r-jack-6.1.0
