this derivation will be built:
  /nix/store/h25mfga13h8d0vdacgs1mrl9w3q5cc9v-r-outForest-1.0.1.drv
this path will be fetched (0.08 MiB download, 0.08 MiB unpacked):
  /nix/store/i3wgbqkywn6rkvckmk6c23j4fj0ya6pf-outForest_1.0.1.tar.gz
copying path '/nix/store/i3wgbqkywn6rkvckmk6c23j4fj0ya6pf-outForest_1.0.1.tar.gz' from 'https://cache.nixos.org'...
building '/nix/store/h25mfga13h8d0vdacgs1mrl9w3q5cc9v-r-outForest-1.0.1.drv'...
Running phase: unpackPhase
unpacking source archive /nix/store/i3wgbqkywn6rkvckmk6c23j4fj0ya6pf-outForest_1.0.1.tar.gz
source root is outForest
setting SOURCE_DATE_EPOCH to timestamp 1684695002 of file outForest/MD5
Running phase: patchPhase
Running phase: updateAutotoolsGnuConfigScriptsPhase
Running phase: configurePhase
Running phase: buildPhase
Running phase: checkPhase
Running phase: installPhase
* installing *source* package ‘outForest’ ...
** package ‘outForest’ correctement décompressé et sommes MD5 vérifiées
** using staged installation
** R
** inst
** byte-compile and prepare package for lazy loading
** help
*** installing help indices
*** copying figures
** building package indices
** installing vignettes
** testing if installed package can be loaded from temporary location
** testing if installed package can be loaded from final location
** testing if installed package keeps a record of temporary installation path
* DONE (outForest)
Running phase: fixupPhase
checking for references to /private/tmp/nix-build-r-outForest-1.0.1.drv-0/ in /nix/store/q9j33p3sr98pbmfn2d2q2m0csinijya5-r-outForest-1.0.1...
patching script interpreter paths in /nix/store/q9j33p3sr98pbmfn2d2q2m0csinijya5-r-outForest-1.0.1
rewriting symlink /nix/store/q9j33p3sr98pbmfn2d2q2m0csinijya5-r-outForest-1.0.1/nix-support/propagated-user-env-packages to be relative to /nix/store/q9j33p3sr98pbmfn2d2q2m0csinijya5-r-outForest-1.0.1
