this derivation will be built:
  /nix/store/c0vb32bz8hxw6gy2wwj5qbqbg5ppvlac-r-MAP-0.1.3.drv
this path will be fetched (0.00 MiB download, 0.00 MiB unpacked):
  /nix/store/bli09mcka92jrifv1da4lz128vsshaky-MAP_0.1.3.tar.gz
copying path '/nix/store/bli09mcka92jrifv1da4lz128vsshaky-MAP_0.1.3.tar.gz' from 'https://cache.nixos.org'...
building '/nix/store/c0vb32bz8hxw6gy2wwj5qbqbg5ppvlac-r-MAP-0.1.3.drv'...
Running phase: unpackPhase
unpacking source archive /nix/store/bli09mcka92jrifv1da4lz128vsshaky-MAP_0.1.3.tar.gz
source root is MAP
setting SOURCE_DATE_EPOCH to timestamp 1554106809 of file MAP/MD5
Running phase: patchPhase
Running phase: updateAutotoolsGnuConfigScriptsPhase
Running phase: configurePhase
Running phase: buildPhase
Running phase: checkPhase
Running phase: installPhase
* installing *source* package ‘MAP’ ...
** package ‘MAP’ correctement décompressé et sommes MD5 vérifiées
** using staged installation
** R
** byte-compile and prepare package for lazy loading
** help
*** installing help indices
** building package indices
** testing if installed package can be loaded from temporary location
** testing if installed package can be loaded from final location
** testing if installed package keeps a record of temporary installation path
* DONE (MAP)
Running phase: fixupPhase
checking for references to /private/tmp/nix-build-r-MAP-0.1.3.drv-0/ in /nix/store/6xp18lsk9jv2ycsx09hcnbnmr3m729q9-r-MAP-0.1.3...
patching script interpreter paths in /nix/store/6xp18lsk9jv2ycsx09hcnbnmr3m729q9-r-MAP-0.1.3
rewriting symlink /nix/store/6xp18lsk9jv2ycsx09hcnbnmr3m729q9-r-MAP-0.1.3/nix-support/propagated-user-env-packages to be relative to /nix/store/6xp18lsk9jv2ycsx09hcnbnmr3m729q9-r-MAP-0.1.3
