this derivation will be built:
  /nix/store/79rm4fg865w1k7ii2zckrw7si2xf45mz-r-hwriter-1.3.2.1.drv
building '/nix/store/79rm4fg865w1k7ii2zckrw7si2xf45mz-r-hwriter-1.3.2.1.drv'...
Running phase: unpackPhase
unpacking source archive /nix/store/0zbqcby5vzvdzbaq1i7dy4ykn82wj0xb-hwriter_1.3.2.1.tar.gz
source root is hwriter
setting SOURCE_DATE_EPOCH to timestamp 1649415623 of file hwriter/MD5
Running phase: patchPhase
Running phase: updateAutotoolsGnuConfigScriptsPhase
Running phase: configurePhase
Running phase: buildPhase
Running phase: checkPhase
Running phase: installPhase
* installing *source* package ‘hwriter’ ...
** package ‘hwriter’ correctement décompressé et sommes MD5 vérifiées
** using staged installation
** R
** inst
** byte-compile and prepare package for lazy loading
** help
*** installing help indices
** building package indices
** installing vignettes
** testing if installed package can be loaded from temporary location
** testing if installed package can be loaded from final location
** testing if installed package keeps a record of temporary installation path
* DONE (hwriter)
Running phase: fixupPhase
checking for references to /private/tmp/nix-build-r-hwriter-1.3.2.1.drv-0/ in /nix/store/9r3810vdpzil4nzvq58ihfq1ijalgywz-r-hwriter-1.3.2.1...
patching script interpreter paths in /nix/store/9r3810vdpzil4nzvq58ihfq1ijalgywz-r-hwriter-1.3.2.1
/nix/store/9r3810vdpzil4nzvq58ihfq1ijalgywz-r-hwriter-1.3.2.1/library/hwriter/scripts/build.sh: interpreter directive changed from "#!/bin/sh" to "/nix/store/sk8z3kdy6iaky6sg972k6fkh3iw2rn3d-bash-5.2p37/bin/sh"
