this derivation will be built:
  /nix/store/ih79n3ci9d04n3mrb7v5qidcvgbvb9pk-r-saeeb-0.1.0.drv
this path will be fetched (0.01 MiB download, 0.01 MiB unpacked):
  /nix/store/cv6mhvxbxyc4cd4zx5dg97hyphz5ac70-saeeb_0.1.0.tar.gz
copying path '/nix/store/cv6mhvxbxyc4cd4zx5dg97hyphz5ac70-saeeb_0.1.0.tar.gz' from 'https://cache.nixos.org'...
building '/nix/store/ih79n3ci9d04n3mrb7v5qidcvgbvb9pk-r-saeeb-0.1.0.drv'...
Running phase: unpackPhase
unpacking source archive /nix/store/cv6mhvxbxyc4cd4zx5dg97hyphz5ac70-saeeb_0.1.0.tar.gz
source root is saeeb
setting SOURCE_DATE_EPOCH to timestamp 1588067403 of file saeeb/MD5
Running phase: patchPhase
Running phase: updateAutotoolsGnuConfigScriptsPhase
Running phase: configurePhase
Running phase: buildPhase
Running phase: checkPhase
Running phase: installPhase
* installing *source* package ‘saeeb’ ...
** package ‘saeeb’ correctement décompressé et sommes MD5 vérifiées
** using staged installation
** R
** data
*** moving datasets to lazyload DB
** byte-compile and prepare package for lazy loading
** help
*** installing help indices
** building package indices
** testing if installed package can be loaded from temporary location
** testing if installed package can be loaded from final location
** testing if installed package keeps a record of temporary installation path
* DONE (saeeb)
Running phase: fixupPhase
checking for references to /private/tmp/nix-build-r-saeeb-0.1.0.drv-0/ in /nix/store/sgb3virbds960pfkxj0qib783rb4xvn0-r-saeeb-0.1.0...
patching script interpreter paths in /nix/store/sgb3virbds960pfkxj0qib783rb4xvn0-r-saeeb-0.1.0
rewriting symlink /nix/store/sgb3virbds960pfkxj0qib783rb4xvn0-r-saeeb-0.1.0/nix-support/propagated-user-env-packages to be relative to /nix/store/sgb3virbds960pfkxj0qib783rb4xvn0-r-saeeb-0.1.0
