these 2 derivations will be built:
  /nix/store/bh4xqqnjg7n8ir4agaf5i23l96xiffgs-liver_1.18.tar.gz.drv
  /nix/store/3m52svhsxn1khrxlrvv7944x2nn8nmsk-r-liver-1.18.drv
building '/nix/store/bh4xqqnjg7n8ir4agaf5i23l96xiffgs-liver_1.18.tar.gz.drv'...

trying https://cran.r-project.org/src/contrib/liver_1.18.tar.gz
  % Total    % Received % Xferd  Average Speed   Time    Time     Time  Current
                                 Dload  Upload   Total   Spent    Left  Speed
100 2030k  100 2030k    0     0  3268k      0 --:--:-- --:--:-- --:--:-- 3264k
building '/nix/store/3m52svhsxn1khrxlrvv7944x2nn8nmsk-r-liver-1.18.drv'...
Running phase: unpackPhase
unpacking source archive /nix/store/2724a25d001sdmik1a14hyc3is108193-liver_1.18.tar.gz
source root is liver
setting SOURCE_DATE_EPOCH to timestamp 1732288802 of file liver/MD5
Running phase: patchPhase
Running phase: updateAutotoolsGnuConfigScriptsPhase
Running phase: configurePhase
Running phase: buildPhase
Running phase: checkPhase
Running phase: installPhase
* installing *source* package ‘liver’ ...
** package ‘liver’ correctement décompressé et sommes MD5 vérifiées
** using staged installation
** R
** data
** inst
** byte-compile and prepare package for lazy loading
** help
*** installing help indices
*** copying figures
** building package indices
** installing vignettes
** testing if installed package can be loaded from temporary location
** testing if installed package can be loaded from final location
** testing if installed package keeps a record of temporary installation path
* DONE (liver)
Running phase: fixupPhase
checking for references to /private/tmp/nix-build-r-liver-1.18.drv-0/ in /nix/store/jzpdqhka93jxl4z81bz1bh5dgkvszrd4-r-liver-1.18...
patching script interpreter paths in /nix/store/jzpdqhka93jxl4z81bz1bh5dgkvszrd4-r-liver-1.18
rewriting symlink /nix/store/jzpdqhka93jxl4z81bz1bh5dgkvszrd4-r-liver-1.18/nix-support/propagated-user-env-packages to be relative to /nix/store/jzpdqhka93jxl4z81bz1bh5dgkvszrd4-r-liver-1.18
