these 2 derivations will be built:
  /nix/store/k0p7nbqn5bjv1p8j9gdnh7axqw1dh08z-mvs_2.0.0.tar.gz.drv
  /nix/store/jz62095sm6zsazdjq0g97cqka0yi7dmq-r-mvs-2.0.0.drv
building '/nix/store/k0p7nbqn5bjv1p8j9gdnh7axqw1dh08z-mvs_2.0.0.tar.gz.drv'...

trying https://cran.r-project.org/src/contrib/mvs_2.0.0.tar.gz
  % Total    % Received % Xferd  Average Speed   Time    Time     Time  Current
                                 Dload  Upload   Total   Spent    Left  Speed
100 28577  100 28577    0     0   261k      0 --:--:-- --:--:-- --:--:--  263k
building '/nix/store/jz62095sm6zsazdjq0g97cqka0yi7dmq-r-mvs-2.0.0.drv'...
Running phase: unpackPhase
unpacking source archive /nix/store/7iwji75mha2fx47jxvmsmywlhjjm18ab-mvs_2.0.0.tar.gz
source root is mvs
setting SOURCE_DATE_EPOCH to timestamp 1724936402 of file mvs/MD5
Running phase: patchPhase
Running phase: updateAutotoolsGnuConfigScriptsPhase
Running phase: configurePhase
Running phase: buildPhase
Running phase: checkPhase
Running phase: installPhase
* installing *source* package ‘mvs’ ...
** package ‘mvs’ correctement décompressé et sommes MD5 vérifiées
** using staged installation
** R
** inst
** byte-compile and prepare package for lazy loading
** help
*** installing help indices
** building package indices
** testing if installed package can be loaded from temporary location
** testing if installed package can be loaded from final location
** testing if installed package keeps a record of temporary installation path
* DONE (mvs)
Running phase: fixupPhase
checking for references to /private/tmp/nix-build-r-mvs-2.0.0.drv-0/ in /nix/store/wr5ibsikmd2h9x7aaq8789z6vdlksgn2-r-mvs-2.0.0...
patching script interpreter paths in /nix/store/wr5ibsikmd2h9x7aaq8789z6vdlksgn2-r-mvs-2.0.0
rewriting symlink /nix/store/wr5ibsikmd2h9x7aaq8789z6vdlksgn2-r-mvs-2.0.0/nix-support/propagated-user-env-packages to be relative to /nix/store/wr5ibsikmd2h9x7aaq8789z6vdlksgn2-r-mvs-2.0.0
