this derivation will be built:
  /nix/store/5j1p19szg4fqhgjy62mainprvhaar57s-r-miRNAss-1.5.drv
this path will be fetched (0.30 MiB download, 0.30 MiB unpacked):
  /nix/store/1g2kd9885qlf9s8f15xbw5iq99apmwyl-miRNAss_1.5.tar.gz
copying path '/nix/store/1g2kd9885qlf9s8f15xbw5iq99apmwyl-miRNAss_1.5.tar.gz' from 'https://cache.nixos.org'...
building '/nix/store/5j1p19szg4fqhgjy62mainprvhaar57s-r-miRNAss-1.5.drv'...
Running phase: unpackPhase
unpacking source archive /nix/store/1g2kd9885qlf9s8f15xbw5iq99apmwyl-miRNAss_1.5.tar.gz
source root is miRNAss
setting SOURCE_DATE_EPOCH to timestamp 1603218002 of file miRNAss/MD5
Running phase: patchPhase
Running phase: updateAutotoolsGnuConfigScriptsPhase
Running phase: configurePhase
Running phase: buildPhase
Running phase: checkPhase
Running phase: installPhase
* installing *source* package ‘miRNAss’ ...
** package ‘miRNAss’ correctement décompressé et sommes MD5 vérifiées
** using staged installation
** libs
using C compiler: ‘clang version 16.0.6’
using C++ compiler: ‘clang version 16.0.6’
using SDK: ‘’
/nix/store/v39c0h6xv6hvki2k1bsyp5n090q8y2bp-clang-wrapper-16.0.6/bin/c++ -std=gnu++17 -I"/nix/store/lir8rmsk7dxbj7v1spqmv69z4mafg16l-R-4.4.2/lib/R/include" -DNDEBUG  -I'/nix/store/da7yi2xf3argx9hlnn3f0k95b8y1yx2l-r-Rcpp-1.0.13-1/library/Rcpp/include' -isystem /nix/store/0mmz5i705116bfykc7i1r9jxqwyghj2a-libcxx-16.0.6-dev/include/c++/v1    -fPIC  -g -O2   -c RcppExports.cpp -o RcppExports.o
/nix/store/v39c0h6xv6hvki2k1bsyp5n090q8y2bp-clang-wrapper-16.0.6/bin/c++ -std=gnu++17 -I"/nix/store/lir8rmsk7dxbj7v1spqmv69z4mafg16l-R-4.4.2/lib/R/include" -DNDEBUG  -I'/nix/store/da7yi2xf3argx9hlnn3f0k95b8y1yx2l-r-Rcpp-1.0.13-1/library/Rcpp/include' -isystem /nix/store/0mmz5i705116bfykc7i1r9jxqwyghj2a-libcxx-16.0.6-dev/include/c++/v1    -fPIC  -g -O2   -c calcDistance.cpp -o calcDistance.o
/nix/store/v39c0h6xv6hvki2k1bsyp5n090q8y2bp-clang-wrapper-16.0.6/bin/c++ -std=gnu++17 -I"/nix/store/lir8rmsk7dxbj7v1spqmv69z4mafg16l-R-4.4.2/lib/R/include" -DNDEBUG  -I'/nix/store/da7yi2xf3argx9hlnn3f0k95b8y1yx2l-r-Rcpp-1.0.13-1/library/Rcpp/include' -isystem /nix/store/0mmz5i705116bfykc7i1r9jxqwyghj2a-libcxx-16.0.6-dev/include/c++/v1    -fPIC  -g -O2   -c calcThreshold.cpp -o calcThreshold.o
/nix/store/v39c0h6xv6hvki2k1bsyp5n090q8y2bp-clang-wrapper-16.0.6/bin/c++ -std=gnu++17 -I"/nix/store/lir8rmsk7dxbj7v1spqmv69z4mafg16l-R-4.4.2/lib/R/include" -DNDEBUG  -I'/nix/store/da7yi2xf3argx9hlnn3f0k95b8y1yx2l-r-Rcpp-1.0.13-1/library/Rcpp/include' -isystem /nix/store/0mmz5i705116bfykc7i1r9jxqwyghj2a-libcxx-16.0.6-dev/include/c++/v1    -fPIC  -g -O2   -c edgeListKnn.cpp -o edgeListKnn.o
/nix/store/v39c0h6xv6hvki2k1bsyp5n090q8y2bp-clang-wrapper-16.0.6/bin/cc -I"/nix/store/lir8rmsk7dxbj7v1spqmv69z4mafg16l-R-4.4.2/lib/R/include" -DNDEBUG  -I'/nix/store/da7yi2xf3argx9hlnn3f0k95b8y1yx2l-r-Rcpp-1.0.13-1/library/Rcpp/include' -isystem /nix/store/0mmz5i705116bfykc7i1r9jxqwyghj2a-libcxx-16.0.6-dev/include/c++/v1    -fPIC  -g -O2  -c miRNAss_init.c -o miRNAss_init.o
/nix/store/v39c0h6xv6hvki2k1bsyp5n090q8y2bp-clang-wrapper-16.0.6/bin/c++ -std=gnu++17 -dynamiclib -Wl,-headerpad_max_install_names -undefined dynamic_lookup -L/nix/store/lir8rmsk7dxbj7v1spqmv69z4mafg16l-R-4.4.2/lib/R/lib -L/nix/store/88xkgzh5g9xppsg3hdxxxh9q43rnxk6k-libcxx-16.0.6/lib -o miRNAss.so RcppExports.o calcDistance.o calcThreshold.o edgeListKnn.o miRNAss_init.o -L/nix/store/lir8rmsk7dxbj7v1spqmv69z4mafg16l-R-4.4.2/lib/R/lib -lR -lintl -Wl,-framework -Wl,CoreFoundation
installing to /nix/store/1w1n2hf1zyjzhrpzcnfq5xx56a05g3iz-r-miRNAss-1.5/library/00LOCK-miRNAss/00new/miRNAss/libs
** R
** data
*** moving datasets to lazyload DB
** inst
** byte-compile and prepare package for lazy loading
** help
*** installing help indices
** building package indices
** installing vignettes
** testing if installed package can be loaded from temporary location
** checking absolute paths in shared objects and dynamic libraries
** testing if installed package can be loaded from final location
** testing if installed package keeps a record of temporary installation path
* DONE (miRNAss)
Running phase: fixupPhase
checking for references to /private/tmp/nix-build-r-miRNAss-1.5.drv-0/ in /nix/store/1w1n2hf1zyjzhrpzcnfq5xx56a05g3iz-r-miRNAss-1.5...
patching script interpreter paths in /nix/store/1w1n2hf1zyjzhrpzcnfq5xx56a05g3iz-r-miRNAss-1.5
rewriting symlink /nix/store/1w1n2hf1zyjzhrpzcnfq5xx56a05g3iz-r-miRNAss-1.5/nix-support/propagated-user-env-packages to be relative to /nix/store/1w1n2hf1zyjzhrpzcnfq5xx56a05g3iz-r-miRNAss-1.5
