this derivation will be built:
  /nix/store/vjcbc9niyjk62xncms40bl6vy8vqz3z9-r-SymbolicDeterminants-2.0.0.drv
this path will be fetched (0.03 MiB download, 0.03 MiB unpacked):
  /nix/store/j20kzxajlvm2j1dins89zhkpgr4g74ap-SymbolicDeterminants_2.0.0.tar.gz
copying path '/nix/store/j20kzxajlvm2j1dins89zhkpgr4g74ap-SymbolicDeterminants_2.0.0.tar.gz' from 'https://cache.nixos.org'...
building '/nix/store/vjcbc9niyjk62xncms40bl6vy8vqz3z9-r-SymbolicDeterminants-2.0.0.drv'...
Running phase: unpackPhase
unpacking source archive /nix/store/j20kzxajlvm2j1dins89zhkpgr4g74ap-SymbolicDeterminants_2.0.0.tar.gz
source root is SymbolicDeterminants
setting SOURCE_DATE_EPOCH to timestamp 1612980003 of file SymbolicDeterminants/MD5
Running phase: patchPhase
Running phase: updateAutotoolsGnuConfigScriptsPhase
Running phase: configurePhase
Running phase: buildPhase
Running phase: checkPhase
Running phase: installPhase
* installing *source* package ‘SymbolicDeterminants’ ...
** package ‘SymbolicDeterminants’ correctement décompressé et sommes MD5 vérifiées
** using staged installation
** R
** inst
** byte-compile and prepare package for lazy loading
** help
*** installing help indices
** building package indices
** installing vignettes
** testing if installed package can be loaded from temporary location
** testing if installed package can be loaded from final location
** testing if installed package keeps a record of temporary installation path
* DONE (SymbolicDeterminants)
Running phase: fixupPhase
checking for references to /private/tmp/nix-build-r-SymbolicDeterminants-2.0.0.drv-0/ in /nix/store/pgamyvqykqzrd6xqll6mcvc06jzqi37c-r-SymbolicDeterminants-2.0.0...
patching script interpreter paths in /nix/store/pgamyvqykqzrd6xqll6mcvc06jzqi37c-r-SymbolicDeterminants-2.0.0
rewriting symlink /nix/store/pgamyvqykqzrd6xqll6mcvc06jzqi37c-r-SymbolicDeterminants-2.0.0/nix-support/propagated-user-env-packages to be relative to /nix/store/pgamyvqykqzrd6xqll6mcvc06jzqi37c-r-SymbolicDeterminants-2.0.0
