this derivation will be built:
  /nix/store/szl2l1vyzqy1q7dfw51bnqqrrd4rj5y8-r-superbiclust-1.2.drv
building '/nix/store/szl2l1vyzqy1q7dfw51bnqqrrd4rj5y8-r-superbiclust-1.2.drv'...
Running phase: unpackPhase
unpacking source archive /nix/store/vlgic1ljl25i887h097xggnz1m7myyc5-superbiclust_1.2.tar.gz
source root is superbiclust
setting SOURCE_DATE_EPOCH to timestamp 1622181602 of file superbiclust/MD5
Running phase: patchPhase
Running phase: updateAutotoolsGnuConfigScriptsPhase
Running phase: configurePhase
Running phase: buildPhase
Running phase: checkPhase
Running phase: installPhase
* installing *source* package ‘superbiclust’ ...
** package ‘superbiclust’ correctement décompressé et sommes MD5 vérifiées
** using staged installation
** R
** byte-compile and prepare package for lazy loading
** help
*** installing help indices
** building package indices
** testing if installed package can be loaded from temporary location
** testing if installed package can be loaded from final location
** testing if installed package keeps a record of temporary installation path
* DONE (superbiclust)
Running phase: fixupPhase
checking for references to /private/tmp/nix-build-r-superbiclust-1.2.drv-0/ in /nix/store/jaq04nb79dzad786ddd7naxaz07fzril-r-superbiclust-1.2...
patching script interpreter paths in /nix/store/jaq04nb79dzad786ddd7naxaz07fzril-r-superbiclust-1.2
rewriting symlink /nix/store/jaq04nb79dzad786ddd7naxaz07fzril-r-superbiclust-1.2/nix-support/propagated-user-env-packages to be relative to /nix/store/jaq04nb79dzad786ddd7naxaz07fzril-r-superbiclust-1.2
