this derivation will be built:
  /nix/store/n9m77rjygd463wbs0qkbc8mm87xjvivs-r-SAiVE-1.0.6.drv
this path will be fetched (1.39 MiB download, 1.38 MiB unpacked):
  /nix/store/0zlhwdrfv5namcypidzd7wxbr6lwkfcr-SAiVE_1.0.6.tar.gz
copying path '/nix/store/0zlhwdrfv5namcypidzd7wxbr6lwkfcr-SAiVE_1.0.6.tar.gz' from 'https://cache.nixos.org'...
building '/nix/store/n9m77rjygd463wbs0qkbc8mm87xjvivs-r-SAiVE-1.0.6.drv'...
Running phase: unpackPhase
unpacking source archive /nix/store/0zlhwdrfv5namcypidzd7wxbr6lwkfcr-SAiVE_1.0.6.tar.gz
source root is SAiVE
setting SOURCE_DATE_EPOCH to timestamp 1714739416 of file SAiVE/MD5
Running phase: patchPhase
Running phase: updateAutotoolsGnuConfigScriptsPhase
Running phase: configurePhase
Running phase: buildPhase
Running phase: checkPhase
Running phase: installPhase
* installing *source* package ‘SAiVE’ ...
** package ‘SAiVE’ correctement décompressé et sommes MD5 vérifiées
** using staged installation
** R
** data
*** moving datasets to lazyload DB
** inst
** byte-compile and prepare package for lazy loading
** help
*** installing help indices
** building package indices
** testing if installed package can be loaded from temporary location
** testing if installed package can be loaded from final location
** testing if installed package keeps a record of temporary installation path
* DONE (SAiVE)
Running phase: fixupPhase
checking for references to /private/tmp/nix-build-r-SAiVE-1.0.6.drv-0/ in /nix/store/rkcg1p4hzyxqdvkldw36hfg26sp5vr0l-r-SAiVE-1.0.6...
patching script interpreter paths in /nix/store/rkcg1p4hzyxqdvkldw36hfg26sp5vr0l-r-SAiVE-1.0.6
rewriting symlink /nix/store/rkcg1p4hzyxqdvkldw36hfg26sp5vr0l-r-SAiVE-1.0.6/nix-support/propagated-user-env-packages to be relative to /nix/store/rkcg1p4hzyxqdvkldw36hfg26sp5vr0l-r-SAiVE-1.0.6
