this derivation will be built:
  /nix/store/ycld7a03gs6cpnkdpqsqcv7q17c6sq0h-r-duckduckr-1.0.0.drv
building '/nix/store/ycld7a03gs6cpnkdpqsqcv7q17c6sq0h-r-duckduckr-1.0.0.drv'...
Running phase: unpackPhase
unpacking source archive /nix/store/0xm4x6hr32cwbw6m15sfj15znrkngbck-duckduckr_1.0.0.tar.gz
source root is duckduckr
setting SOURCE_DATE_EPOCH to timestamp 1491584767 of file duckduckr/MD5
Running phase: patchPhase
Running phase: updateAutotoolsGnuConfigScriptsPhase
Running phase: configurePhase
Running phase: buildPhase
Running phase: checkPhase
Running phase: installPhase
* installing *source* package ‘duckduckr’ ...
** package ‘duckduckr’ correctement décompressé et sommes MD5 vérifiées
** using staged installation
** R
** byte-compile and prepare package for lazy loading
** help
*** installing help indices
** building package indices
** testing if installed package can be loaded from temporary location
** testing if installed package can be loaded from final location
** testing if installed package keeps a record of temporary installation path
* DONE (duckduckr)
Running phase: fixupPhase
checking for references to /private/tmp/nix-build-r-duckduckr-1.0.0.drv-0/ in /nix/store/7aa65ijpx60xl29ca1rqr0y8f9pbh4gw-r-duckduckr-1.0.0...
patching script interpreter paths in /nix/store/7aa65ijpx60xl29ca1rqr0y8f9pbh4gw-r-duckduckr-1.0.0
rewriting symlink /nix/store/7aa65ijpx60xl29ca1rqr0y8f9pbh4gw-r-duckduckr-1.0.0/nix-support/propagated-user-env-packages to be relative to /nix/store/7aa65ijpx60xl29ca1rqr0y8f9pbh4gw-r-duckduckr-1.0.0
