this derivation will be built:
  /nix/store/2hylqf6dwwfy92gyb9vbfxf9g6b361ln-r-guildai-0.0.1.drv
this path will be fetched (1.23 MiB download, 1.23 MiB unpacked):
  /nix/store/w878whbb4zpllwqrgkf9gpai3api39bn-guildai_0.0.1.tar.gz
copying path '/nix/store/w878whbb4zpllwqrgkf9gpai3api39bn-guildai_0.0.1.tar.gz' from 'https://cache.nixos.org'...
building '/nix/store/2hylqf6dwwfy92gyb9vbfxf9g6b361ln-r-guildai-0.0.1.drv'...
Running phase: unpackPhase
unpacking source archive /nix/store/w878whbb4zpllwqrgkf9gpai3api39bn-guildai_0.0.1.tar.gz
source root is guildai
setting SOURCE_DATE_EPOCH to timestamp 1678110602 of file guildai/MD5
Running phase: patchPhase
Running phase: updateAutotoolsGnuConfigScriptsPhase
Running phase: configurePhase
Running phase: buildPhase
Running phase: checkPhase
Running phase: installPhase
* installing *source* package ‘guildai’ ...
** package ‘guildai’ correctement décompressé et sommes MD5 vérifiées
** using staged installation
** R
** inst
** byte-compile and prepare package for lazy loading
** help
*** installing help indices
*** copying figures
** building package indices
** testing if installed package can be loaded from temporary location
** testing if installed package can be loaded from final location
** testing if installed package keeps a record of temporary installation path
* DONE (guildai)
Running phase: fixupPhase
checking for references to /private/tmp/nix-build-r-guildai-0.0.1.drv-0/ in /nix/store/lbhs3d27ljyn3mwifi9li6fqsphyx9y5-r-guildai-0.0.1...
patching script interpreter paths in /nix/store/lbhs3d27ljyn3mwifi9li6fqsphyx9y5-r-guildai-0.0.1
rewriting symlink /nix/store/lbhs3d27ljyn3mwifi9li6fqsphyx9y5-r-guildai-0.0.1/nix-support/propagated-user-env-packages to be relative to /nix/store/lbhs3d27ljyn3mwifi9li6fqsphyx9y5-r-guildai-0.0.1
