this derivation will be built:
  /nix/store/1ff5rf99g1jg35wm9mi6cr72viqk4zhy-r-gstsm-1.0.0.drv
this path will be fetched (0.01 MiB download, 0.01 MiB unpacked):
  /nix/store/vsmcy5ipppky4c1fbhr9r4yh00szwbqy-gstsm_1.0.0.tar.gz
copying path '/nix/store/vsmcy5ipppky4c1fbhr9r4yh00szwbqy-gstsm_1.0.0.tar.gz' from 'https://cache.nixos.org'...
building '/nix/store/1ff5rf99g1jg35wm9mi6cr72viqk4zhy-r-gstsm-1.0.0.drv'...
Running phase: unpackPhase
unpacking source archive /nix/store/vsmcy5ipppky4c1fbhr9r4yh00szwbqy-gstsm_1.0.0.tar.gz
source root is gstsm
setting SOURCE_DATE_EPOCH to timestamp 1666209912 of file gstsm/MD5
Running phase: patchPhase
Running phase: updateAutotoolsGnuConfigScriptsPhase
Running phase: configurePhase
Running phase: buildPhase
Running phase: checkPhase
Running phase: installPhase
* installing *source* package ‘gstsm’ ...
** package ‘gstsm’ correctement décompressé et sommes MD5 vérifiées
** using staged installation
** R
** byte-compile and prepare package for lazy loading
** help
*** installing help indices
** building package indices
** testing if installed package can be loaded from temporary location
** testing if installed package can be loaded from final location
** testing if installed package keeps a record of temporary installation path
* DONE (gstsm)
Running phase: fixupPhase
checking for references to /private/tmp/nix-build-r-gstsm-1.0.0.drv-0/ in /nix/store/d2sppjzy2xfy1kbwsi57h8sji0w9fkg9-r-gstsm-1.0.0...
patching script interpreter paths in /nix/store/d2sppjzy2xfy1kbwsi57h8sji0w9fkg9-r-gstsm-1.0.0
rewriting symlink /nix/store/d2sppjzy2xfy1kbwsi57h8sji0w9fkg9-r-gstsm-1.0.0/nix-support/propagated-user-env-packages to be relative to /nix/store/d2sppjzy2xfy1kbwsi57h8sji0w9fkg9-r-gstsm-1.0.0
