these 2 derivations will be built:
  /nix/store/1vw4h516dhkdifk4102j6k3s6v7vz4a3-pPCA_1.1.tar.gz.drv
  /nix/store/q3f2zmfm690ida782b04vrbd99s9yzqj-r-pPCA-1.1.drv
building '/nix/store/1vw4h516dhkdifk4102j6k3s6v7vz4a3-pPCA_1.1.tar.gz.drv'...

trying https://cran.r-project.org/src/contrib/pPCA_1.1.tar.gz
  % Total    % Received % Xferd  Average Speed   Time    Time     Time  Current
                                 Dload  Upload   Total   Spent    Left  Speed
100  7288  100  7288    0     0  78734      0 --:--:-- --:--:-- --:--:-- 79217
building '/nix/store/q3f2zmfm690ida782b04vrbd99s9yzqj-r-pPCA-1.1.drv'...
Running phase: unpackPhase
unpacking source archive /nix/store/akhq8kcn6z6qkwfx5lgilsqba2pzw4l7-pPCA_1.1.tar.gz
source root is pPCA
setting SOURCE_DATE_EPOCH to timestamp 1729578602 of file pPCA/MD5
Running phase: patchPhase
Running phase: updateAutotoolsGnuConfigScriptsPhase
Running phase: configurePhase
Running phase: buildPhase
Running phase: checkPhase
Running phase: installPhase
* installing *source* package ‘pPCA’ ...
** package ‘pPCA’ correctement décompressé et sommes MD5 vérifiées
** using staged installation
** libs
using C++ compiler: ‘clang version 16.0.6’
using SDK: ‘’
/nix/store/v39c0h6xv6hvki2k1bsyp5n090q8y2bp-clang-wrapper-16.0.6/bin/c++ -std=gnu++17 -I"/nix/store/lir8rmsk7dxbj7v1spqmv69z4mafg16l-R-4.4.2/lib/R/include" -DNDEBUG  -I'/nix/store/da7yi2xf3argx9hlnn3f0k95b8y1yx2l-r-Rcpp-1.0.13-1/library/Rcpp/include' -isystem /nix/store/0mmz5i705116bfykc7i1r9jxqwyghj2a-libcxx-16.0.6-dev/include/c++/v1    -fPIC  -g -O2   -c RcppExports.cpp -o RcppExports.o
/nix/store/v39c0h6xv6hvki2k1bsyp5n090q8y2bp-clang-wrapper-16.0.6/bin/c++ -std=gnu++17 -I"/nix/store/lir8rmsk7dxbj7v1spqmv69z4mafg16l-R-4.4.2/lib/R/include" -DNDEBUG  -I'/nix/store/da7yi2xf3argx9hlnn3f0k95b8y1yx2l-r-Rcpp-1.0.13-1/library/Rcpp/include' -isystem /nix/store/0mmz5i705116bfykc7i1r9jxqwyghj2a-libcxx-16.0.6-dev/include/c++/v1    -fPIC  -g -O2   -c matrix_manip.cpp -o matrix_manip.o
/nix/store/v39c0h6xv6hvki2k1bsyp5n090q8y2bp-clang-wrapper-16.0.6/bin/c++ -std=gnu++17 -dynamiclib -Wl,-headerpad_max_install_names -undefined dynamic_lookup -L/nix/store/lir8rmsk7dxbj7v1spqmv69z4mafg16l-R-4.4.2/lib/R/lib -L/nix/store/88xkgzh5g9xppsg3hdxxxh9q43rnxk6k-libcxx-16.0.6/lib -o pPCA.so RcppExports.o matrix_manip.o -L/nix/store/lir8rmsk7dxbj7v1spqmv69z4mafg16l-R-4.4.2/lib/R/lib -lR -lintl -Wl,-framework -Wl,CoreFoundation
installing to /nix/store/a10m0r1lvmdccxz9gyr3i0kv09xy8cn6-r-pPCA-1.1/library/00LOCK-pPCA/00new/pPCA/libs
** R
** byte-compile and prepare package for lazy loading
** help
*** installing help indices
** building package indices
** testing if installed package can be loaded from temporary location
** checking absolute paths in shared objects and dynamic libraries
** testing if installed package can be loaded from final location
** testing if installed package keeps a record of temporary installation path
* DONE (pPCA)
Running phase: fixupPhase
checking for references to /private/tmp/nix-build-r-pPCA-1.1.drv-0/ in /nix/store/a10m0r1lvmdccxz9gyr3i0kv09xy8cn6-r-pPCA-1.1...
patching script interpreter paths in /nix/store/a10m0r1lvmdccxz9gyr3i0kv09xy8cn6-r-pPCA-1.1
rewriting symlink /nix/store/a10m0r1lvmdccxz9gyr3i0kv09xy8cn6-r-pPCA-1.1/nix-support/propagated-user-env-packages to be relative to /nix/store/a10m0r1lvmdccxz9gyr3i0kv09xy8cn6-r-pPCA-1.1
