this derivation will be built:
  /nix/store/8m928dif8a4c9r62y3lgk7ak9r807wy6-r-SARP.compo-0.1.8.drv
this path will be fetched (0.08 MiB download, 0.08 MiB unpacked):
  /nix/store/giaj8qjrfkh7hjvynqfa4i7lzbb1h86g-SARP.compo_0.1.8.tar.gz
copying path '/nix/store/giaj8qjrfkh7hjvynqfa4i7lzbb1h86g-SARP.compo_0.1.8.tar.gz' from 'https://cache.nixos.org'...
building '/nix/store/8m928dif8a4c9r62y3lgk7ak9r807wy6-r-SARP.compo-0.1.8.drv'...
Running phase: unpackPhase
unpacking source archive /nix/store/giaj8qjrfkh7hjvynqfa4i7lzbb1h86g-SARP.compo_0.1.8.tar.gz
source root is SARP.compo
setting SOURCE_DATE_EPOCH to timestamp 1709648402 of file SARP.compo/MD5
Running phase: patchPhase
Running phase: updateAutotoolsGnuConfigScriptsPhase
Running phase: configurePhase
Running phase: buildPhase
Running phase: checkPhase
Running phase: installPhase
* installing *source* package ‘SARP.compo’ ...
** package ‘SARP.compo’ correctement décompressé et sommes MD5 vérifiées
** using staged installation
** R
** data
** byte-compile and prepare package for lazy loading
** help
*** installing help indices
** building package indices
** testing if installed package can be loaded from temporary location
** testing if installed package can be loaded from final location
** testing if installed package keeps a record of temporary installation path
* DONE (SARP.compo)
Running phase: fixupPhase
checking for references to /private/tmp/nix-build-r-SARP.compo-0.1.8.drv-0/ in /nix/store/ciqj9dn794cfh4ql6k1k4db636343gzv-r-SARP.compo-0.1.8...
patching script interpreter paths in /nix/store/ciqj9dn794cfh4ql6k1k4db636343gzv-r-SARP.compo-0.1.8
rewriting symlink /nix/store/ciqj9dn794cfh4ql6k1k4db636343gzv-r-SARP.compo-0.1.8/nix-support/propagated-user-env-packages to be relative to /nix/store/ciqj9dn794cfh4ql6k1k4db636343gzv-r-SARP.compo-0.1.8
