this derivation will be built:
  /nix/store/1kgbdsgzhsz1g6krnjvxpnhx6sam4xgc-r-MUS-0.1.6.drv
this path will be fetched (0.04 MiB download, 0.04 MiB unpacked):
  /nix/store/s558610gh2qdlm5gdlba38zw0h9iifr1-MUS_0.1.6.tar.gz
copying path '/nix/store/s558610gh2qdlm5gdlba38zw0h9iifr1-MUS_0.1.6.tar.gz' from 'https://cache.nixos.org'...
building '/nix/store/1kgbdsgzhsz1g6krnjvxpnhx6sam4xgc-r-MUS-0.1.6.drv'...
Running phase: unpackPhase
unpacking source archive /nix/store/s558610gh2qdlm5gdlba38zw0h9iifr1-MUS_0.1.6.tar.gz
source root is MUS
setting SOURCE_DATE_EPOCH to timestamp 1553117688 of file MUS/MD5
Running phase: patchPhase
Running phase: updateAutotoolsGnuConfigScriptsPhase
Running phase: configurePhase
Running phase: buildPhase
Running phase: checkPhase
Running phase: installPhase
* installing *source* package ‘MUS’ ...
** package ‘MUS’ correctement décompressé et sommes MD5 vérifiées
** using staged installation
** R
** inst
** byte-compile and prepare package for lazy loading
** help
*** installing help indices
** building package indices
** testing if installed package can be loaded from temporary location
** testing if installed package can be loaded from final location
** testing if installed package keeps a record of temporary installation path
* DONE (MUS)
Running phase: fixupPhase
checking for references to /private/tmp/nix-build-r-MUS-0.1.6.drv-0/ in /nix/store/van3q4zdikz7a1qfjay02pisa9myackf-r-MUS-0.1.6...
patching script interpreter paths in /nix/store/van3q4zdikz7a1qfjay02pisa9myackf-r-MUS-0.1.6
