this derivation will be built:
  /nix/store/26mr2dfhhjcd86yrpsb4x3b1d7hg7slf-r-rPAex-1.0.5.drv
this path will be fetched (0.86 MiB download, 0.86 MiB unpacked):
  /nix/store/7jl4cj1ys3drgvgn3cbm0znb10wiif8d-rPAex_1.0.5.tar.gz
copying path '/nix/store/7jl4cj1ys3drgvgn3cbm0znb10wiif8d-rPAex_1.0.5.tar.gz' from 'https://cache.nixos.org'...
building '/nix/store/26mr2dfhhjcd86yrpsb4x3b1d7hg7slf-r-rPAex-1.0.5.drv'...
Running phase: unpackPhase
unpacking source archive /nix/store/7jl4cj1ys3drgvgn3cbm0znb10wiif8d-rPAex_1.0.5.tar.gz
source root is rPAex
setting SOURCE_DATE_EPOCH to timestamp 1698887402 of file rPAex/MD5
Running phase: patchPhase
Running phase: updateAutotoolsGnuConfigScriptsPhase
Running phase: configurePhase
Running phase: buildPhase
Running phase: checkPhase
Running phase: installPhase
* installing *source* package ‘rPAex’ ...
** package ‘rPAex’ correctement décompressé et sommes MD5 vérifiées
** using staged installation
** R
** data
** inst
** byte-compile and prepare package for lazy loading
le code des méthodes de la classe “Rcpp_SpatCategories” n'a pas été vérifié pour les affectations de champs suspectes (package recommandé ‘codetools’ indisponible ?)
le code des méthodes de la classe “Rcpp_SpatCategories” n'a pas été vérifié pour les affectations de champs suspectes (package recommandé ‘codetools’ indisponible ?)
le code des méthodes de la classe “Rcpp_SpatDataFrame” n'a pas été vérifié pour les affectations de champs suspectes (package recommandé ‘codetools’ indisponible ?)
le code des méthodes de la classe “Rcpp_SpatDataFrame” n'a pas été vérifié pour les affectations de champs suspectes (package recommandé ‘codetools’ indisponible ?)
le code des méthodes de la classe “Rcpp_SpatExtent” n'a pas été vérifié pour les affectations de champs suspectes (package recommandé ‘codetools’ indisponible ?)
le code des méthodes de la classe “Rcpp_SpatExtent” n'a pas été vérifié pour les affectations de champs suspectes (package recommandé ‘codetools’ indisponible ?)
le code des méthodes de la classe “Rcpp_SpatFactor” n'a pas été vérifié pour les affectations de champs suspectes (package recommandé ‘codetools’ indisponible ?)
le code des méthodes de la classe “Rcpp_SpatFactor” n'a pas été vérifié pour les affectations de champs suspectes (package recommandé ‘codetools’ indisponible ?)
le code des méthodes de la classe “Rcpp_SpatGraph” n'a pas été vérifié pour les affectations de champs suspectes (package recommandé ‘codetools’ indisponible ?)
le code des méthodes de la classe “Rcpp_SpatGraph” n'a pas été vérifié pour les affectations de champs suspectes (package recommandé ‘codetools’ indisponible ?)
le code des méthodes de la classe “Rcpp_SpatMessages” n'a pas été vérifié pour les affectations de champs suspectes (package recommandé ‘codetools’ indisponible ?)
le code des méthodes de la classe “Rcpp_SpatMessages” n'a pas été vérifié pour les affectations de champs suspectes (package recommandé ‘codetools’ indisponible ?)
le code des méthodes de la classe “Rcpp_SpatOptions” n'a pas été vérifié pour les affectations de champs suspectes (package recommandé ‘codetools’ indisponible ?)
le code des méthodes de la classe “Rcpp_SpatOptions” n'a pas été vérifié pour les affectations de champs suspectes (package recommandé ‘codetools’ indisponible ?)
le code des méthodes de la classe “Rcpp_SpatRaster” n'a pas été vérifié pour les affectations de champs suspectes (package recommandé ‘codetools’ indisponible ?)
le code des méthodes de la classe “Rcpp_SpatRaster” n'a pas été vérifié pour les affectations de champs suspectes (package recommandé ‘codetools’ indisponible ?)
le code des méthodes de la classe “Rcpp_SpatRasterCollection” n'a pas été vérifié pour les affectations de champs suspectes (package recommandé ‘codetools’ indisponible ?)
le code des méthodes de la classe “Rcpp_SpatRasterCollection” n'a pas été vérifié pour les affectations de champs suspectes (package recommandé ‘codetools’ indisponible ?)
le code des méthodes de la classe “Rcpp_SpatRasterStack” n'a pas été vérifié pour les affectations de champs suspectes (package recommandé ‘codetools’ indisponible ?)
le code des méthodes de la classe “Rcpp_SpatRasterStack” n'a pas été vérifié pour les affectations de champs suspectes (package recommandé ‘codetools’ indisponible ?)
le code des méthodes de la classe “Rcpp_SpatSRS” n'a pas été vérifié pour les affectations de champs suspectes (package recommandé ‘codetools’ indisponible ?)
le code des méthodes de la classe “Rcpp_SpatSRS” n'a pas été vérifié pour les affectations de champs suspectes (package recommandé ‘codetools’ indisponible ?)
le code des méthodes de la classe “Rcpp_SpatTime_v” n'a pas été vérifié pour les affectations de champs suspectes (package recommandé ‘codetools’ indisponible ?)
le code des méthodes de la classe “Rcpp_SpatTime_v” n'a pas été vérifié pour les affectations de champs suspectes (package recommandé ‘codetools’ indisponible ?)
le code des méthodes de la classe “Rcpp_SpatVector” n'a pas été vérifié pour les affectations de champs suspectes (package recommandé ‘codetools’ indisponible ?)
le code des méthodes de la classe “Rcpp_SpatVector” n'a pas été vérifié pour les affectations de champs suspectes (package recommandé ‘codetools’ indisponible ?)
le code des méthodes de la classe “Rcpp_SpatVectorCollection” n'a pas été vérifié pour les affectations de champs suspectes (package recommandé ‘codetools’ indisponible ?)
le code des méthodes de la classe “Rcpp_SpatVectorCollection” n'a pas été vérifié pour les affectations de champs suspectes (package recommandé ‘codetools’ indisponible ?)
le code des méthodes de la classe “Rcpp_SpatVectorProxy” n'a pas été vérifié pour les affectations de champs suspectes (package recommandé ‘codetools’ indisponible ?)
le code des méthodes de la classe “Rcpp_SpatVectorProxy” n'a pas été vérifié pour les affectations de champs suspectes (package recommandé ‘codetools’ indisponible ?)
** help
*** installing help indices
** building package indices
** testing if installed package can be loaded from temporary location
le code des méthodes de la classe “Rcpp_SpatCategories” n'a pas été vérifié pour les affectations de champs suspectes (package recommandé ‘codetools’ indisponible ?)
le code des méthodes de la classe “Rcpp_SpatCategories” n'a pas été vérifié pour les affectations de champs suspectes (package recommandé ‘codetools’ indisponible ?)
le code des méthodes de la classe “Rcpp_SpatDataFrame” n'a pas été vérifié pour les affectations de champs suspectes (package recommandé ‘codetools’ indisponible ?)
le code des méthodes de la classe “Rcpp_SpatDataFrame” n'a pas été vérifié pour les affectations de champs suspectes (package recommandé ‘codetools’ indisponible ?)
le code des méthodes de la classe “Rcpp_SpatExtent” n'a pas été vérifié pour les affectations de champs suspectes (package recommandé ‘codetools’ indisponible ?)
le code des méthodes de la classe “Rcpp_SpatExtent” n'a pas été vérifié pour les affectations de champs suspectes (package recommandé ‘codetools’ indisponible ?)
le code des méthodes de la classe “Rcpp_SpatFactor” n'a pas été vérifié pour les affectations de champs suspectes (package recommandé ‘codetools’ indisponible ?)
le code des méthodes de la classe “Rcpp_SpatFactor” n'a pas été vérifié pour les affectations de champs suspectes (package recommandé ‘codetools’ indisponible ?)
le code des méthodes de la classe “Rcpp_SpatGraph” n'a pas été vérifié pour les affectations de champs suspectes (package recommandé ‘codetools’ indisponible ?)
le code des méthodes de la classe “Rcpp_SpatGraph” n'a pas été vérifié pour les affectations de champs suspectes (package recommandé ‘codetools’ indisponible ?)
le code des méthodes de la classe “Rcpp_SpatMessages” n'a pas été vérifié pour les affectations de champs suspectes (package recommandé ‘codetools’ indisponible ?)
le code des méthodes de la classe “Rcpp_SpatMessages” n'a pas été vérifié pour les affectations de champs suspectes (package recommandé ‘codetools’ indisponible ?)
le code des méthodes de la classe “Rcpp_SpatOptions” n'a pas été vérifié pour les affectations de champs suspectes (package recommandé ‘codetools’ indisponible ?)
le code des méthodes de la classe “Rcpp_SpatOptions” n'a pas été vérifié pour les affectations de champs suspectes (package recommandé ‘codetools’ indisponible ?)
le code des méthodes de la classe “Rcpp_SpatRaster” n'a pas été vérifié pour les affectations de champs suspectes (package recommandé ‘codetools’ indisponible ?)
le code des méthodes de la classe “Rcpp_SpatRaster” n'a pas été vérifié pour les affectations de champs suspectes (package recommandé ‘codetools’ indisponible ?)
le code des méthodes de la classe “Rcpp_SpatRasterCollection” n'a pas été vérifié pour les affectations de champs suspectes (package recommandé ‘codetools’ indisponible ?)
le code des méthodes de la classe “Rcpp_SpatRasterCollection” n'a pas été vérifié pour les affectations de champs suspectes (package recommandé ‘codetools’ indisponible ?)
le code des méthodes de la classe “Rcpp_SpatRasterStack” n'a pas été vérifié pour les affectations de champs suspectes (package recommandé ‘codetools’ indisponible ?)
le code des méthodes de la classe “Rcpp_SpatRasterStack” n'a pas été vérifié pour les affectations de champs suspectes (package recommandé ‘codetools’ indisponible ?)
le code des méthodes de la classe “Rcpp_SpatSRS” n'a pas été vérifié pour les affectations de champs suspectes (package recommandé ‘codetools’ indisponible ?)
le code des méthodes de la classe “Rcpp_SpatSRS” n'a pas été vérifié pour les affectations de champs suspectes (package recommandé ‘codetools’ indisponible ?)
le code des méthodes de la classe “Rcpp_SpatTime_v” n'a pas été vérifié pour les affectations de champs suspectes (package recommandé ‘codetools’ indisponible ?)
le code des méthodes de la classe “Rcpp_SpatTime_v” n'a pas été vérifié pour les affectations de champs suspectes (package recommandé ‘codetools’ indisponible ?)
le code des méthodes de la classe “Rcpp_SpatVector” n'a pas été vérifié pour les affectations de champs suspectes (package recommandé ‘codetools’ indisponible ?)
le code des méthodes de la classe “Rcpp_SpatVector” n'a pas été vérifié pour les affectations de champs suspectes (package recommandé ‘codetools’ indisponible ?)
le code des méthodes de la classe “Rcpp_SpatVectorCollection” n'a pas été vérifié pour les affectations de champs suspectes (package recommandé ‘codetools’ indisponible ?)
le code des méthodes de la classe “Rcpp_SpatVectorCollection” n'a pas été vérifié pour les affectations de champs suspectes (package recommandé ‘codetools’ indisponible ?)
le code des méthodes de la classe “Rcpp_SpatVectorProxy” n'a pas été vérifié pour les affectations de champs suspectes (package recommandé ‘codetools’ indisponible ?)
le code des méthodes de la classe “Rcpp_SpatVectorProxy” n'a pas été vérifié pour les affectations de champs suspectes (package recommandé ‘codetools’ indisponible ?)
** testing if installed package can be loaded from final location
le code des méthodes de la classe “Rcpp_SpatCategories” n'a pas été vérifié pour les affectations de champs suspectes (package recommandé ‘codetools’ indisponible ?)
le code des méthodes de la classe “Rcpp_SpatCategories” n'a pas été vérifié pour les affectations de champs suspectes (package recommandé ‘codetools’ indisponible ?)
le code des méthodes de la classe “Rcpp_SpatDataFrame” n'a pas été vérifié pour les affectations de champs suspectes (package recommandé ‘codetools’ indisponible ?)
le code des méthodes de la classe “Rcpp_SpatDataFrame” n'a pas été vérifié pour les affectations de champs suspectes (package recommandé ‘codetools’ indisponible ?)
le code des méthodes de la classe “Rcpp_SpatExtent” n'a pas été vérifié pour les affectations de champs suspectes (package recommandé ‘codetools’ indisponible ?)
le code des méthodes de la classe “Rcpp_SpatExtent” n'a pas été vérifié pour les affectations de champs suspectes (package recommandé ‘codetools’ indisponible ?)
le code des méthodes de la classe “Rcpp_SpatFactor” n'a pas été vérifié pour les affectations de champs suspectes (package recommandé ‘codetools’ indisponible ?)
le code des méthodes de la classe “Rcpp_SpatFactor” n'a pas été vérifié pour les affectations de champs suspectes (package recommandé ‘codetools’ indisponible ?)
le code des méthodes de la classe “Rcpp_SpatGraph” n'a pas été vérifié pour les affectations de champs suspectes (package recommandé ‘codetools’ indisponible ?)
le code des méthodes de la classe “Rcpp_SpatGraph” n'a pas été vérifié pour les affectations de champs suspectes (package recommandé ‘codetools’ indisponible ?)
le code des méthodes de la classe “Rcpp_SpatMessages” n'a pas été vérifié pour les affectations de champs suspectes (package recommandé ‘codetools’ indisponible ?)
le code des méthodes de la classe “Rcpp_SpatMessages” n'a pas été vérifié pour les affectations de champs suspectes (package recommandé ‘codetools’ indisponible ?)
le code des méthodes de la classe “Rcpp_SpatOptions” n'a pas été vérifié pour les affectations de champs suspectes (package recommandé ‘codetools’ indisponible ?)
le code des méthodes de la classe “Rcpp_SpatOptions” n'a pas été vérifié pour les affectations de champs suspectes (package recommandé ‘codetools’ indisponible ?)
le code des méthodes de la classe “Rcpp_SpatRaster” n'a pas été vérifié pour les affectations de champs suspectes (package recommandé ‘codetools’ indisponible ?)
le code des méthodes de la classe “Rcpp_SpatRaster” n'a pas été vérifié pour les affectations de champs suspectes (package recommandé ‘codetools’ indisponible ?)
le code des méthodes de la classe “Rcpp_SpatRasterCollection” n'a pas été vérifié pour les affectations de champs suspectes (package recommandé ‘codetools’ indisponible ?)
le code des méthodes de la classe “Rcpp_SpatRasterCollection” n'a pas été vérifié pour les affectations de champs suspectes (package recommandé ‘codetools’ indisponible ?)
le code des méthodes de la classe “Rcpp_SpatRasterStack” n'a pas été vérifié pour les affectations de champs suspectes (package recommandé ‘codetools’ indisponible ?)
le code des méthodes de la classe “Rcpp_SpatRasterStack” n'a pas été vérifié pour les affectations de champs suspectes (package recommandé ‘codetools’ indisponible ?)
le code des méthodes de la classe “Rcpp_SpatSRS” n'a pas été vérifié pour les affectations de champs suspectes (package recommandé ‘codetools’ indisponible ?)
le code des méthodes de la classe “Rcpp_SpatSRS” n'a pas été vérifié pour les affectations de champs suspectes (package recommandé ‘codetools’ indisponible ?)
le code des méthodes de la classe “Rcpp_SpatTime_v” n'a pas été vérifié pour les affectations de champs suspectes (package recommandé ‘codetools’ indisponible ?)
le code des méthodes de la classe “Rcpp_SpatTime_v” n'a pas été vérifié pour les affectations de champs suspectes (package recommandé ‘codetools’ indisponible ?)
le code des méthodes de la classe “Rcpp_SpatVector” n'a pas été vérifié pour les affectations de champs suspectes (package recommandé ‘codetools’ indisponible ?)
le code des méthodes de la classe “Rcpp_SpatVector” n'a pas été vérifié pour les affectations de champs suspectes (package recommandé ‘codetools’ indisponible ?)
le code des méthodes de la classe “Rcpp_SpatVectorCollection” n'a pas été vérifié pour les affectations de champs suspectes (package recommandé ‘codetools’ indisponible ?)
le code des méthodes de la classe “Rcpp_SpatVectorCollection” n'a pas été vérifié pour les affectations de champs suspectes (package recommandé ‘codetools’ indisponible ?)
le code des méthodes de la classe “Rcpp_SpatVectorProxy” n'a pas été vérifié pour les affectations de champs suspectes (package recommandé ‘codetools’ indisponible ?)
le code des méthodes de la classe “Rcpp_SpatVectorProxy” n'a pas été vérifié pour les affectations de champs suspectes (package recommandé ‘codetools’ indisponible ?)
** testing if installed package keeps a record of temporary installation path
* DONE (rPAex)
Running phase: fixupPhase
checking for references to /private/tmp/nix-build-r-rPAex-1.0.5.drv-0/ in /nix/store/qlpl9mrfv2lr2jjjv30d20gjw356kagp-r-rPAex-1.0.5...
patching script interpreter paths in /nix/store/qlpl9mrfv2lr2jjjv30d20gjw356kagp-r-rPAex-1.0.5
rewriting symlink /nix/store/qlpl9mrfv2lr2jjjv30d20gjw356kagp-r-rPAex-1.0.5/nix-support/propagated-user-env-packages to be relative to /nix/store/qlpl9mrfv2lr2jjjv30d20gjw356kagp-r-rPAex-1.0.5
