this derivation will be built:
  /nix/store/n0niryk1k74raclmar39ly1f62iap515-r-npcs-0.1.1.drv
this path will be fetched (0.56 MiB download, 0.56 MiB unpacked):
  /nix/store/q7yhcms5cy2gmiags011wwzzrjlblihs-npcs_0.1.1.tar.gz
copying path '/nix/store/q7yhcms5cy2gmiags011wwzzrjlblihs-npcs_0.1.1.tar.gz' from 'https://cache.nixos.org'...
building '/nix/store/n0niryk1k74raclmar39ly1f62iap515-r-npcs-0.1.1.drv'...
Running phase: unpackPhase
unpacking source archive /nix/store/q7yhcms5cy2gmiags011wwzzrjlblihs-npcs_0.1.1.tar.gz
source root is npcs
setting SOURCE_DATE_EPOCH to timestamp 1682583603 of file npcs/MD5
Running phase: patchPhase
Running phase: updateAutotoolsGnuConfigScriptsPhase
Running phase: configurePhase
Running phase: buildPhase
Running phase: checkPhase
Running phase: installPhase
* installing *source* package ‘npcs’ ...
** package ‘npcs’ correctement décompressé et sommes MD5 vérifiées
** using staged installation
** R
** inst
** byte-compile and prepare package for lazy loading
** help
*** installing help indices
** building package indices
** installing vignettes
** testing if installed package can be loaded from temporary location
** testing if installed package can be loaded from final location
** testing if installed package keeps a record of temporary installation path
* DONE (npcs)
Running phase: fixupPhase
checking for references to /private/tmp/nix-build-r-npcs-0.1.1.drv-0/ in /nix/store/7jf5dvz2r8js039l2isin6ki6m19cl7f-r-npcs-0.1.1...
patching script interpreter paths in /nix/store/7jf5dvz2r8js039l2isin6ki6m19cl7f-r-npcs-0.1.1
rewriting symlink /nix/store/7jf5dvz2r8js039l2isin6ki6m19cl7f-r-npcs-0.1.1/nix-support/propagated-user-env-packages to be relative to /nix/store/7jf5dvz2r8js039l2isin6ki6m19cl7f-r-npcs-0.1.1
