these 2 derivations will be built:
  /nix/store/8g0hkjfq7cqg1ra6dwyyiv55ib7v1g9f-icdcomorbid_1.0.0.tar.gz.drv
  /nix/store/1ckbr23h4mz4hc6f2zbgv7j4qn9yln36-r-icdcomorbid-1.0.0.drv
building '/nix/store/8g0hkjfq7cqg1ra6dwyyiv55ib7v1g9f-icdcomorbid_1.0.0.tar.gz.drv'...

trying https://cran.r-project.org/src/contrib/icdcomorbid_1.0.0.tar.gz
  % Total    % Received % Xferd  Average Speed   Time    Time     Time  Current
                                 Dload  Upload   Total   Spent    Left  Speed
100 25336  100 25336    0     0   219k      0 --:--:-- --:--:-- --:--:--  220k
building '/nix/store/1ckbr23h4mz4hc6f2zbgv7j4qn9yln36-r-icdcomorbid-1.0.0.drv'...
Running phase: unpackPhase
unpacking source archive /nix/store/2ai3sncviycffgf1489d3fxs8wdrhgg5-icdcomorbid_1.0.0.tar.gz
source root is icdcomorbid
setting SOURCE_DATE_EPOCH to timestamp 1724164203 of file icdcomorbid/MD5
Running phase: patchPhase
Running phase: updateAutotoolsGnuConfigScriptsPhase
Running phase: configurePhase
Running phase: buildPhase
Running phase: checkPhase
Running phase: installPhase
* installing *source* package ‘icdcomorbid’ ...
** package ‘icdcomorbid’ correctement décompressé et sommes MD5 vérifiées
** using staged installation
** R
** inst
** byte-compile and prepare package for lazy loading
** help
*** installing help indices
** building package indices
** installing vignettes
** testing if installed package can be loaded from temporary location
** testing if installed package can be loaded from final location
** testing if installed package keeps a record of temporary installation path
* DONE (icdcomorbid)
Running phase: fixupPhase
checking for references to /private/tmp/nix-build-r-icdcomorbid-1.0.0.drv-0/ in /nix/store/rifffz37swfilq0wjndvs4dd9shqcb6r-r-icdcomorbid-1.0.0...
patching script interpreter paths in /nix/store/rifffz37swfilq0wjndvs4dd9shqcb6r-r-icdcomorbid-1.0.0
rewriting symlink /nix/store/rifffz37swfilq0wjndvs4dd9shqcb6r-r-icdcomorbid-1.0.0/nix-support/propagated-user-env-packages to be relative to /nix/store/rifffz37swfilq0wjndvs4dd9shqcb6r-r-icdcomorbid-1.0.0
