this derivation will be built:
  /nix/store/cvazqgpq2vhznd7y7nny58vwfwcx7n0k-r-partsm-1.1-3.drv
this path will be fetched (0.41 MiB download, 0.41 MiB unpacked):
  /nix/store/72s59lqp602blbhnb6njjiwbsyq357ad-partsm_1.1-3.tar.gz
copying path '/nix/store/72s59lqp602blbhnb6njjiwbsyq357ad-partsm_1.1-3.tar.gz' from 'https://cache.nixos.org'...
building '/nix/store/cvazqgpq2vhznd7y7nny58vwfwcx7n0k-r-partsm-1.1-3.drv'...
Running phase: unpackPhase
unpacking source archive /nix/store/72s59lqp602blbhnb6njjiwbsyq357ad-partsm_1.1-3.tar.gz
source root is partsm
setting SOURCE_DATE_EPOCH to timestamp 1606300802 of file partsm/MD5
Running phase: patchPhase
Running phase: updateAutotoolsGnuConfigScriptsPhase
Running phase: configurePhase
Running phase: buildPhase
Running phase: checkPhase
Running phase: installPhase
* installing *source* package ‘partsm’ ...
** package ‘partsm’ correctement décompressé et sommes MD5 vérifiées
** using staged installation
** R
** data
** inst
** byte-compile and prepare package for lazy loading
Une nouvelle fonction générique est créée pour ‘PAR.MVrepr’ dans package ‘partsm’
** help
*** installing help indices
** building package indices
** installing vignettes
** testing if installed package can be loaded from temporary location
** testing if installed package can be loaded from final location
** testing if installed package keeps a record of temporary installation path
* DONE (partsm)
Running phase: fixupPhase
checking for references to /private/tmp/nix-build-r-partsm-1.1-3.drv-0/ in /nix/store/73xwj570r4gya9bb6vishw426s6db1sg-r-partsm-1.1-3...
patching script interpreter paths in /nix/store/73xwj570r4gya9bb6vishw426s6db1sg-r-partsm-1.1-3
