this derivation will be built:
  /nix/store/99s17v0xjhhvxc1icq548bd8wlwn87p7-r-tauturri-0.3.0.drv
this path will be fetched (0.19 MiB download, 0.19 MiB unpacked):
  /nix/store/dg6mn4jmfk3318zf0x3w9rnkpc1m8m7l-tauturri_0.3.0.tar.gz
copying path '/nix/store/dg6mn4jmfk3318zf0x3w9rnkpc1m8m7l-tauturri_0.3.0.tar.gz' from 'https://cache.nixos.org'...
building '/nix/store/99s17v0xjhhvxc1icq548bd8wlwn87p7-r-tauturri-0.3.0.drv'...
Running phase: unpackPhase
unpacking source archive /nix/store/dg6mn4jmfk3318zf0x3w9rnkpc1m8m7l-tauturri_0.3.0.tar.gz
source root is tauturri
setting SOURCE_DATE_EPOCH to timestamp 1531327802 of file tauturri/MD5
Running phase: patchPhase
Running phase: updateAutotoolsGnuConfigScriptsPhase
Running phase: configurePhase
Running phase: buildPhase
Running phase: checkPhase
Running phase: installPhase
* installing *source* package ‘tauturri’ ...
** package ‘tauturri’ correctement décompressé et sommes MD5 vérifiées
** using staged installation
** R
** data
*** moving datasets to lazyload DB
** byte-compile and prepare package for lazy loading
** help
*** installing help indices
*** copying figures
** building package indices
** testing if installed package can be loaded from temporary location
** testing if installed package can be loaded from final location
** testing if installed package keeps a record of temporary installation path
* DONE (tauturri)
Running phase: fixupPhase
checking for references to /private/tmp/nix-build-r-tauturri-0.3.0.drv-0/ in /nix/store/hiqfcpfx9c7r4avnk2kpf2wryax4h0rw-r-tauturri-0.3.0...
patching script interpreter paths in /nix/store/hiqfcpfx9c7r4avnk2kpf2wryax4h0rw-r-tauturri-0.3.0
rewriting symlink /nix/store/hiqfcpfx9c7r4avnk2kpf2wryax4h0rw-r-tauturri-0.3.0/nix-support/propagated-user-env-packages to be relative to /nix/store/hiqfcpfx9c7r4avnk2kpf2wryax4h0rw-r-tauturri-0.3.0
