these 3 derivations will be built:
  /nix/store/b5k0i1xa9ngr91b61l26q38ja455kymf-r-spec-0.1.9.drv
  /nix/store/gwsgp9lfrn2nmylx1pm6jqlcxwnl3zj6-nonmemica_1.0.11.tar.gz.drv
  /nix/store/qv94785rvy2fq4kyj0ffbaf1ik7nlg3j-r-nonmemica-1.0.11.drv
this path will be fetched (0.02 MiB download, 0.02 MiB unpacked):
  /nix/store/bapv4lggy8c9rhgly5yjw8s9vzb0i8nv-spec_0.1.9.tar.gz
copying path '/nix/store/bapv4lggy8c9rhgly5yjw8s9vzb0i8nv-spec_0.1.9.tar.gz' from 'https://cache.nixos.org'...
building '/nix/store/gwsgp9lfrn2nmylx1pm6jqlcxwnl3zj6-nonmemica_1.0.11.tar.gz.drv'...
building '/nix/store/b5k0i1xa9ngr91b61l26q38ja455kymf-r-spec-0.1.9.drv'...

trying https://cran.r-project.org/src/contrib/nonmemica_1.0.11.tar.gz
  % Total    % Received % Xferd  Average Speed   Time    Time     Time  Current
                                 Dload  Upload   Total   Spent    Left  Speed
Running phase: unpackPhase
unpacking source archive /nix/store/bapv4lggy8c9rhgly5yjw8s9vzb0i8nv-spec_0.1.9.tar.gz
source root is spec
setting SOURCE_DATE_EPOCH to timestamp 1708234207 of file spec/MD5
Running phase: patchPhase
Running phase: updateAutotoolsGnuConfigScriptsPhase
Running phase: configurePhase
Running phase: buildPhase
Running phase: checkPhase
Running phase: installPhase
100  514k  100  514k    0     0  1963k      0 --:--:-- --:--:-- --:--:-- 1965k
* installing *source* package ‘spec’ ...
** package ‘spec’ correctement décompressé et sommes MD5 vérifiées
** using staged installation
** R
** data
*** moving datasets to lazyload DB
** byte-compile and prepare package for lazy loading
** help
*** installing help indices
** building package indices
** testing if installed package can be loaded from temporary location
** testing if installed package can be loaded from final location
** testing if installed package keeps a record of temporary installation path
* DONE (spec)
Running phase: fixupPhase
checking for references to /private/tmp/nix-build-r-spec-0.1.9.drv-0/ in /nix/store/cb5ligl553w4gymgpdmn2n671vzzfg9x-r-spec-0.1.9...
patching script interpreter paths in /nix/store/cb5ligl553w4gymgpdmn2n671vzzfg9x-r-spec-0.1.9
rewriting symlink /nix/store/cb5ligl553w4gymgpdmn2n671vzzfg9x-r-spec-0.1.9/nix-support/propagated-user-env-packages to be relative to /nix/store/cb5ligl553w4gymgpdmn2n671vzzfg9x-r-spec-0.1.9
building '/nix/store/qv94785rvy2fq4kyj0ffbaf1ik7nlg3j-r-nonmemica-1.0.11.drv'...
Running phase: unpackPhase
unpacking source archive /nix/store/j9pg6ir8byfr915b3wxmpf82nsk770pj-nonmemica_1.0.11.tar.gz
source root is nonmemica
setting SOURCE_DATE_EPOCH to timestamp 1729896002 of file nonmemica/MD5
Running phase: patchPhase
Running phase: updateAutotoolsGnuConfigScriptsPhase
Running phase: configurePhase
Running phase: buildPhase
Running phase: checkPhase
Running phase: installPhase
* installing *source* package ‘nonmemica’ ...
** package ‘nonmemica’ correctement décompressé et sommes MD5 vérifiées
** using staged installation
** R
** data
*** moving datasets to lazyload DB
** inst
** byte-compile and prepare package for lazy loading
** help
*** installing help indices
** building package indices
** installing vignettes
** testing if installed package can be loaded from temporary location
** testing if installed package can be loaded from final location
** testing if installed package keeps a record of temporary installation path
* DONE (nonmemica)
Running phase: fixupPhase
checking for references to /private/tmp/nix-build-r-nonmemica-1.0.11.drv-0/ in /nix/store/nbnh709a64n5qqq1d87rb0w0dhqy3506-r-nonmemica-1.0.11...
patching script interpreter paths in /nix/store/nbnh709a64n5qqq1d87rb0w0dhqy3506-r-nonmemica-1.0.11
rewriting symlink /nix/store/nbnh709a64n5qqq1d87rb0w0dhqy3506-r-nonmemica-1.0.11/nix-support/propagated-user-env-packages to be relative to /nix/store/nbnh709a64n5qqq1d87rb0w0dhqy3506-r-nonmemica-1.0.11
