this derivation will be built:
  /nix/store/ggvbqvk9c1v3kgvdq3n0dch3lpp06n79-r-aws.ecx-1.0.5.drv
building '/nix/store/ggvbqvk9c1v3kgvdq3n0dch3lpp06n79-r-aws.ecx-1.0.5.drv'...
Running phase: unpackPhase
unpacking source archive /nix/store/1vgb07iqyyz451vfd1cwfdkbv9795y1q-aws.ecx_1.0.5.tar.gz
source root is aws.ecx
setting SOURCE_DATE_EPOCH to timestamp 1643202165 of file aws.ecx/MD5
Running phase: patchPhase
Running phase: updateAutotoolsGnuConfigScriptsPhase
Running phase: configurePhase
Running phase: buildPhase
Running phase: checkPhase
Running phase: installPhase
* installing *source* package ‘aws.ecx’ ...
** package ‘aws.ecx’ correctement décompressé et sommes MD5 vérifiées
** using staged installation
** R
** inst
** byte-compile and prepare package for lazy loading
** help
*** installing help indices
** building package indices
** installing vignettes
** testing if installed package can be loaded from temporary location
** testing if installed package can be loaded from final location
** testing if installed package keeps a record of temporary installation path
* DONE (aws.ecx)
Running phase: fixupPhase
checking for references to /private/tmp/nix-build-r-aws.ecx-1.0.5.drv-0/ in /nix/store/0wsihcpaclvqim1csnprwqv0v7a6jgdy-r-aws.ecx-1.0.5...
patching script interpreter paths in /nix/store/0wsihcpaclvqim1csnprwqv0v7a6jgdy-r-aws.ecx-1.0.5
rewriting symlink /nix/store/0wsihcpaclvqim1csnprwqv0v7a6jgdy-r-aws.ecx-1.0.5/nix-support/propagated-user-env-packages to be relative to /nix/store/0wsihcpaclvqim1csnprwqv0v7a6jgdy-r-aws.ecx-1.0.5
