these 4 derivations will be built:
  /nix/store/yfw0kwkhk2ivhx6756k1w0ni6i19k7qr-gap_1.6.tar.gz.drv
  /nix/store/xxsnpfxaa9jp7gnyycb0j636ssj6kznq-r-gap-1.6.drv
  /nix/store/azvr0qxgd74hx2n846xq27j5zlyr0aqh-r-DHARMa-0.4.7.drv
  /nix/store/lxfs83v8cxj8z429gn8bnylv8nizg58p-r-BayesianTools-0.1.8.drv
building '/nix/store/yfw0kwkhk2ivhx6756k1w0ni6i19k7qr-gap_1.6.tar.gz.drv'...

trying https://cran.r-project.org/src/contrib/gap_1.6.tar.gz
  % Total    % Received % Xferd  Average Speed   Time    Time     Time  Current
                                 Dload  Upload   Total   Spent    Left  Speed
100 4394k  100 4394k    0     0  5182k      0 --:--:-- --:--:-- --:--:-- 5182k
building '/nix/store/xxsnpfxaa9jp7gnyycb0j636ssj6kznq-r-gap-1.6.drv'...
Running phase: unpackPhase
unpacking source archive /nix/store/ri9ah23v9xz70g6mjl2s0w77bnzj1wg1-gap_1.6.tar.gz
source root is gap
setting SOURCE_DATE_EPOCH to timestamp 1724733606 of file gap/MD5
Running phase: patchPhase
Running phase: updateAutotoolsGnuConfigScriptsPhase
Running phase: configurePhase
Running phase: buildPhase
Running phase: checkPhase
Running phase: installPhase
* installing *source* package ‘gap’ ...
** package ‘gap’ correctement décompressé et sommes MD5 vérifiées
** using staged installation
** libs
using C compiler: ‘clang version 16.0.6’
using Fortran compiler: ‘GNU Fortran (GCC) 13.3.0’
using SDK: ‘’
/nix/store/v39c0h6xv6hvki2k1bsyp5n090q8y2bp-clang-wrapper-16.0.6/bin/cc -I"/nix/store/lir8rmsk7dxbj7v1spqmv69z4mafg16l-R-4.4.2/lib/R/include" -DNDEBUG   -isystem /nix/store/0mmz5i705116bfykc7i1r9jxqwyghj2a-libcxx-16.0.6-dev/include/c++/v1    -fPIC  -g -O2  -c 2k.c -o 2k.o
/nix/store/v39c0h6xv6hvki2k1bsyp5n090q8y2bp-clang-wrapper-16.0.6/bin/cc -I"/nix/store/lir8rmsk7dxbj7v1spqmv69z4mafg16l-R-4.4.2/lib/R/include" -DNDEBUG   -isystem /nix/store/0mmz5i705116bfykc7i1r9jxqwyghj2a-libcxx-16.0.6-dev/include/c++/v1    -fPIC  -g -O2  -c 2ld.c -o 2ld.o
/nix/store/v39c0h6xv6hvki2k1bsyp5n090q8y2bp-clang-wrapper-16.0.6/bin/cc -I"/nix/store/lir8rmsk7dxbj7v1spqmv69z4mafg16l-R-4.4.2/lib/R/include" -DNDEBUG   -isystem /nix/store/0mmz5i705116bfykc7i1r9jxqwyghj2a-libcxx-16.0.6-dev/include/c++/v1    -fPIC  -g -O2  -c cline.c -o cline.o
/nix/store/v39c0h6xv6hvki2k1bsyp5n090q8y2bp-clang-wrapper-16.0.6/bin/cc -I"/nix/store/lir8rmsk7dxbj7v1spqmv69z4mafg16l-R-4.4.2/lib/R/include" -DNDEBUG   -isystem /nix/store/0mmz5i705116bfykc7i1r9jxqwyghj2a-libcxx-16.0.6-dev/include/c++/v1    -fPIC  -g -O2  -c gcontrol_c.c -o gcontrol_c.o
/nix/store/v39c0h6xv6hvki2k1bsyp5n090q8y2bp-clang-wrapper-16.0.6/bin/cc -I"/nix/store/lir8rmsk7dxbj7v1spqmv69z4mafg16l-R-4.4.2/lib/R/include" -DNDEBUG   -isystem /nix/store/0mmz5i705116bfykc7i1r9jxqwyghj2a-libcxx-16.0.6-dev/include/c++/v1    -fPIC  -g -O2  -c gcx.c -o gcx.o
/nix/store/v39c0h6xv6hvki2k1bsyp5n090q8y2bp-clang-wrapper-16.0.6/bin/cc -I"/nix/store/lir8rmsk7dxbj7v1spqmv69z4mafg16l-R-4.4.2/lib/R/include" -DNDEBUG   -isystem /nix/store/0mmz5i705116bfykc7i1r9jxqwyghj2a-libcxx-16.0.6-dev/include/c++/v1    -fPIC  -g -O2  -c gif_c.c -o gif_c.o
/nix/store/v39c0h6xv6hvki2k1bsyp5n090q8y2bp-clang-wrapper-16.0.6/bin/cc -I"/nix/store/lir8rmsk7dxbj7v1spqmv69z4mafg16l-R-4.4.2/lib/R/include" -DNDEBUG   -isystem /nix/store/0mmz5i705116bfykc7i1r9jxqwyghj2a-libcxx-16.0.6-dev/include/c++/v1    -fPIC  -g -O2  -c hap_c.c -o hap_c.o
/nix/store/v39c0h6xv6hvki2k1bsyp5n090q8y2bp-clang-wrapper-16.0.6/bin/cc -I"/nix/store/lir8rmsk7dxbj7v1spqmv69z4mafg16l-R-4.4.2/lib/R/include" -DNDEBUG   -isystem /nix/store/0mmz5i705116bfykc7i1r9jxqwyghj2a-libcxx-16.0.6-dev/include/c++/v1    -fPIC  -g -O2  -c hwe.hardy.c -o hwe.hardy.o
/nix/store/v39c0h6xv6hvki2k1bsyp5n090q8y2bp-clang-wrapper-16.0.6/bin/cc -I"/nix/store/lir8rmsk7dxbj7v1spqmv69z4mafg16l-R-4.4.2/lib/R/include" -DNDEBUG   -isystem /nix/store/0mmz5i705116bfykc7i1r9jxqwyghj2a-libcxx-16.0.6-dev/include/c++/v1    -fPIC  -g -O2  -c kin.morgan.c -o kin.morgan.o
/nix/store/v39c0h6xv6hvki2k1bsyp5n090q8y2bp-clang-wrapper-16.0.6/bin/cc -I"/nix/store/lir8rmsk7dxbj7v1spqmv69z4mafg16l-R-4.4.2/lib/R/include" -DNDEBUG   -isystem /nix/store/0mmz5i705116bfykc7i1r9jxqwyghj2a-libcxx-16.0.6-dev/include/c++/v1    -fPIC  -g -O2  -c makeped_c.c -o makeped_c.o
/nix/store/v39c0h6xv6hvki2k1bsyp5n090q8y2bp-clang-wrapper-16.0.6/bin/cc -I"/nix/store/lir8rmsk7dxbj7v1spqmv69z4mafg16l-R-4.4.2/lib/R/include" -DNDEBUG   -isystem /nix/store/0mmz5i705116bfykc7i1r9jxqwyghj2a-libcxx-16.0.6-dev/include/c++/v1    -fPIC  -g -O2  -c mia.c -o mia.o
/nix/store/v39c0h6xv6hvki2k1bsyp5n090q8y2bp-clang-wrapper-16.0.6/bin/cc -I"/nix/store/lir8rmsk7dxbj7v1spqmv69z4mafg16l-R-4.4.2/lib/R/include" -DNDEBUG   -isystem /nix/store/0mmz5i705116bfykc7i1r9jxqwyghj2a-libcxx-16.0.6-dev/include/c++/v1    -fPIC  -g -O2  -c muvar.c -o muvar.o
/nix/store/v39c0h6xv6hvki2k1bsyp5n090q8y2bp-clang-wrapper-16.0.6/bin/cc -I"/nix/store/lir8rmsk7dxbj7v1spqmv69z4mafg16l-R-4.4.2/lib/R/include" -DNDEBUG   -isystem /nix/store/0mmz5i705116bfykc7i1r9jxqwyghj2a-libcxx-16.0.6-dev/include/c++/v1    -fPIC  -g -O2  -c package_native_routine_registration_skeleton.c -o package_native_routine_registration_skeleton.o
/nix/store/93i6w80axzmddh7kl97br2axr8al13vx-gfortran-wrapper-13.3.0/bin/gfortran  -fPIC  -g -O2  -c pfc.f -o pfc.o
/nix/store/93i6w80axzmddh7kl97br2axr8al13vx-gfortran-wrapper-13.3.0/bin/gfortran  -fPIC  -g -O2  -c pfc.sim.f -o pfc.sim.o
/nix/store/v39c0h6xv6hvki2k1bsyp5n090q8y2bp-clang-wrapper-16.0.6/bin/cc -I"/nix/store/lir8rmsk7dxbj7v1spqmv69z4mafg16l-R-4.4.2/lib/R/include" -DNDEBUG   -isystem /nix/store/0mmz5i705116bfykc7i1r9jxqwyghj2a-libcxx-16.0.6-dev/include/c++/v1    -fPIC  -g -O2  -c pgc_c.c -o pgc_c.o
/nix/store/v39c0h6xv6hvki2k1bsyp5n090q8y2bp-clang-wrapper-16.0.6/bin/cc -I"/nix/store/lir8rmsk7dxbj7v1spqmv69z4mafg16l-R-4.4.2/lib/R/include" -DNDEBUG   -isystem /nix/store/0mmz5i705116bfykc7i1r9jxqwyghj2a-libcxx-16.0.6-dev/include/c++/v1    -fPIC  -g -O2  -c whscore.c -o whscore.o
/nix/store/v39c0h6xv6hvki2k1bsyp5n090q8y2bp-clang-wrapper-16.0.6/bin/cc -dynamiclib -Wl,-headerpad_max_install_names -undefined dynamic_lookup -L/nix/store/lir8rmsk7dxbj7v1spqmv69z4mafg16l-R-4.4.2/lib/R/lib -L/nix/store/88xkgzh5g9xppsg3hdxxxh9q43rnxk6k-libcxx-16.0.6/lib -o gap.so 2k.o 2ld.o cline.o gcontrol_c.o gcx.o gif_c.o hap_c.o hwe.hardy.o kin.morgan.o makeped_c.o mia.o muvar.o package_native_routine_registration_skeleton.o pfc.o pfc.sim.o pgc_c.o whscore.o -L/nix/store/h84vsys3h7wkvnwhx3fz6ynrlpla2mpv-gfortran-13.3.0-lib/lib -L/nix/store/3awww7sqz8gygkr9hw5s7wd57iwz1qg3-cctools-binutils-darwin-wrapper-1010.6/bin -L/nix/store/kwlx6bz5n81gqa9kyx6207rzp0yq0pj4-gfortran-13.3.0/lib/gcc/aarch64-apple-darwin/13.3.0 -L/nix/store/kwlx6bz5n81gqa9kyx6207rzp0yq0pj4-gfortran-13.3.0/lib -lemutls_w -lheapt_w -lintl -lgfortran -lquadmath -L/nix/store/lir8rmsk7dxbj7v1spqmv69z4mafg16l-R-4.4.2/lib/R/lib -lR -lintl -Wl,-framework -Wl,CoreFoundation
ld: warning: could not create compact unwind for _runiprob_: does not use standard frame
ld: warning: could not create compact unwind for _runirandom_: does not use standard frame
ld: warning: could not create compact unwind for _runibuild_: registers 19 and 20 not saved contiguously in frame
ld: warning: could not create compact unwind for _runifamily_: does not use standard frame
ld: warning: could not create compact unwind for _xerprt_: does not use standard frame
ld: warning: could not create compact unwind for _xersav_: does not use standard frame
ld: warning: could not create compact unwind for _cfe_: does not use standard frame
ld: warning: could not create compact unwind for _enum_: does not use standard frame
ld: warning: could not create compact unwind for _build_: registers 19 and 20 not saved contiguously in frame
ld: warning: could not create compact unwind for _family__: does not use standard frame
ld: warning: could not create compact unwind for ___emutls_get_address: does not use standard frame
ld: warning: could not create compact unwind for _allocate_tramp_ctrl: does not use standard frame
ld: warning: could not create compact unwind for ___gcc_nested_func_ptr_created: does not use standard frame
ld: warning: could not create compact unwind for ___gcc_nested_func_ptr_deleted: does not use standard frame
installing to /nix/store/ck2p6fw2lrjqcb0ixrl3zff40zwdrfkm-r-gap-1.6/library/00LOCK-gap/00new/gap/libs
** R
** data
*** moving datasets to lazyload DB
** demo
** inst
** byte-compile and prepare package for lazy loading
** help
*** installing help indices
** building package indices
** installing vignettes
** testing if installed package can be loaded from temporary location
** checking absolute paths in shared objects and dynamic libraries
** testing if installed package can be loaded from final location
** testing if installed package keeps a record of temporary installation path
* DONE (gap)
Running phase: fixupPhase
checking for references to /private/tmp/nix-build-r-gap-1.6.drv-0/ in /nix/store/ck2p6fw2lrjqcb0ixrl3zff40zwdrfkm-r-gap-1.6...
patching script interpreter paths in /nix/store/ck2p6fw2lrjqcb0ixrl3zff40zwdrfkm-r-gap-1.6
/nix/store/ck2p6fw2lrjqcb0ixrl3zff40zwdrfkm-r-gap-1.6/library/gap/scripts/pedtodot.sh: interpreter directive changed from "#!/bin/sh" to "/nix/store/sk8z3kdy6iaky6sg972k6fkh3iw2rn3d-bash-5.2p37/bin/sh"
rewriting symlink /nix/store/ck2p6fw2lrjqcb0ixrl3zff40zwdrfkm-r-gap-1.6/nix-support/propagated-user-env-packages to be relative to /nix/store/ck2p6fw2lrjqcb0ixrl3zff40zwdrfkm-r-gap-1.6
building '/nix/store/azvr0qxgd74hx2n846xq27j5zlyr0aqh-r-DHARMa-0.4.7.drv'...
Running phase: unpackPhase
unpacking source archive /nix/store/x83p2z7nqq1rsgdly25fqyhzgwswdilz-DHARMa_0.4.7.tar.gz
source root is DHARMa
setting SOURCE_DATE_EPOCH to timestamp 1729249822 of file DHARMa/MD5
Running phase: patchPhase
Running phase: updateAutotoolsGnuConfigScriptsPhase
Running phase: configurePhase
Running phase: buildPhase
Running phase: checkPhase
Running phase: installPhase
* installing *source* package ‘DHARMa’ ...
** package ‘DHARMa’ correctement décompressé et sommes MD5 vérifiées
** using staged installation
** R
** data
*** moving datasets to lazyload DB
** inst
** byte-compile and prepare package for lazy loading
** help
*** installing help indices
** building package indices
** installing vignettes
** testing if installed package can be loaded from temporary location
** testing if installed package can be loaded from final location
** testing if installed package keeps a record of temporary installation path
* DONE (DHARMa)
Running phase: fixupPhase
checking for references to /private/tmp/nix-build-r-DHARMa-0.4.7.drv-0/ in /nix/store/njv9ylrfgzvl8y863hh7p16wqsb13cm4-r-DHARMa-0.4.7...
patching script interpreter paths in /nix/store/njv9ylrfgzvl8y863hh7p16wqsb13cm4-r-DHARMa-0.4.7
rewriting symlink /nix/store/njv9ylrfgzvl8y863hh7p16wqsb13cm4-r-DHARMa-0.4.7/nix-support/propagated-user-env-packages to be relative to /nix/store/njv9ylrfgzvl8y863hh7p16wqsb13cm4-r-DHARMa-0.4.7
building '/nix/store/lxfs83v8cxj8z429gn8bnylv8nizg58p-r-BayesianTools-0.1.8.drv'...
Running phase: unpackPhase
unpacking source archive /nix/store/809r9jqv6jdzcwl639x6an3dzv39x5vl-BayesianTools_0.1.8.tar.gz
source root is BayesianTools
setting SOURCE_DATE_EPOCH to timestamp 1675107607 of file BayesianTools/MD5
Running phase: patchPhase
Running phase: updateAutotoolsGnuConfigScriptsPhase
Running phase: configurePhase
Running phase: buildPhase
Running phase: checkPhase
Running phase: installPhase
* installing *source* package ‘BayesianTools’ ...
** package ‘BayesianTools’ correctement décompressé et sommes MD5 vérifiées
** using staged installation
** libs
using C compiler: ‘clang version 16.0.6’
using C++ compiler: ‘clang version 16.0.6’
using SDK: ‘’
/nix/store/v39c0h6xv6hvki2k1bsyp5n090q8y2bp-clang-wrapper-16.0.6/bin/c++ -std=gnu++17 -I"/nix/store/lir8rmsk7dxbj7v1spqmv69z4mafg16l-R-4.4.2/lib/R/include" -DNDEBUG  -I'/nix/store/da7yi2xf3argx9hlnn3f0k95b8y1yx2l-r-Rcpp-1.0.13-1/library/Rcpp/include' -isystem /nix/store/0mmz5i705116bfykc7i1r9jxqwyghj2a-libcxx-16.0.6-dev/include/c++/v1    -fPIC  -g -O2   -c RcppExports.cpp -o RcppExports.o
/nix/store/v39c0h6xv6hvki2k1bsyp5n090q8y2bp-clang-wrapper-16.0.6/bin/cc -I"/nix/store/lir8rmsk7dxbj7v1spqmv69z4mafg16l-R-4.4.2/lib/R/include" -DNDEBUG  -I'/nix/store/da7yi2xf3argx9hlnn3f0k95b8y1yx2l-r-Rcpp-1.0.13-1/library/Rcpp/include' -isystem /nix/store/0mmz5i705116bfykc7i1r9jxqwyghj2a-libcxx-16.0.6-dev/include/c++/v1    -fPIC  -g -O2  -c init.c -o init.o
/nix/store/v39c0h6xv6hvki2k1bsyp5n090q8y2bp-clang-wrapper-16.0.6/bin/c++ -std=gnu++17 -I"/nix/store/lir8rmsk7dxbj7v1spqmv69z4mafg16l-R-4.4.2/lib/R/include" -DNDEBUG  -I'/nix/store/da7yi2xf3argx9hlnn3f0k95b8y1yx2l-r-Rcpp-1.0.13-1/library/Rcpp/include' -isystem /nix/store/0mmz5i705116bfykc7i1r9jxqwyghj2a-libcxx-16.0.6-dev/include/c++/v1    -fPIC  -g -O2   -c vsem.cpp -o vsem.o
/nix/store/v39c0h6xv6hvki2k1bsyp5n090q8y2bp-clang-wrapper-16.0.6/bin/c++ -std=gnu++17 -dynamiclib -Wl,-headerpad_max_install_names -undefined dynamic_lookup -L/nix/store/lir8rmsk7dxbj7v1spqmv69z4mafg16l-R-4.4.2/lib/R/lib -L/nix/store/88xkgzh5g9xppsg3hdxxxh9q43rnxk6k-libcxx-16.0.6/lib -o BayesianTools.so RcppExports.o init.o vsem.o -L/nix/store/lir8rmsk7dxbj7v1spqmv69z4mafg16l-R-4.4.2/lib/R/lib -lR -lintl -Wl,-framework -Wl,CoreFoundation
installing to /nix/store/zqdck2sdaxmqp574qvppkyk6irai17y5-r-BayesianTools-0.1.8/library/00LOCK-BayesianTools/00new/BayesianTools/libs
** R
** inst
** byte-compile and prepare package for lazy loading
** help
*** installing help indices
** building package indices
** installing vignettes
** testing if installed package can be loaded from temporary location
** checking absolute paths in shared objects and dynamic libraries
** testing if installed package can be loaded from final location
** testing if installed package keeps a record of temporary installation path
* DONE (BayesianTools)
Running phase: fixupPhase
checking for references to /private/tmp/nix-build-r-BayesianTools-0.1.8.drv-0/ in /nix/store/zqdck2sdaxmqp574qvppkyk6irai17y5-r-BayesianTools-0.1.8...
patching script interpreter paths in /nix/store/zqdck2sdaxmqp574qvppkyk6irai17y5-r-BayesianTools-0.1.8
rewriting symlink /nix/store/zqdck2sdaxmqp574qvppkyk6irai17y5-r-BayesianTools-0.1.8/nix-support/propagated-user-env-packages to be relative to /nix/store/zqdck2sdaxmqp574qvppkyk6irai17y5-r-BayesianTools-0.1.8
