this derivation will be built:
  /nix/store/iqwd9v3c9g5f36hhvh0pxs5mr3cd2pbn-r-QGglmm-0.7.4.drv
this path will be fetched (0.44 MiB download, 0.44 MiB unpacked):
  /nix/store/6dyzslyrhqzr4g2dvwnjfp941wkn8755-QGglmm_0.7.4.tar.gz
copying path '/nix/store/6dyzslyrhqzr4g2dvwnjfp941wkn8755-QGglmm_0.7.4.tar.gz' from 'https://cache.nixos.org'...
building '/nix/store/iqwd9v3c9g5f36hhvh0pxs5mr3cd2pbn-r-QGglmm-0.7.4.drv'...
Running phase: unpackPhase
unpacking source archive /nix/store/6dyzslyrhqzr4g2dvwnjfp941wkn8755-QGglmm_0.7.4.tar.gz
source root is QGglmm
setting SOURCE_DATE_EPOCH to timestamp 1578415806 of file QGglmm/inst/doc/QGglmmHowTo.pdf
Running phase: patchPhase
Running phase: updateAutotoolsGnuConfigScriptsPhase
Running phase: configurePhase
Running phase: buildPhase
Running phase: checkPhase
Running phase: installPhase
* installing *source* package ‘QGglmm’ ...
** package ‘QGglmm’ correctement décompressé et sommes MD5 vérifiées
** using staged installation
** R
** inst
** byte-compile and prepare package for lazy loading
** help
*** installing help indices
** building package indices
** installing vignettes
** testing if installed package can be loaded from temporary location
** testing if installed package can be loaded from final location
** testing if installed package keeps a record of temporary installation path
* DONE (QGglmm)
Running phase: fixupPhase
checking for references to /private/tmp/nix-build-r-QGglmm-0.7.4.drv-0/ in /nix/store/a227dvnj2c5mq80nnfx3ifqdajq3j4j8-r-QGglmm-0.7.4...
patching script interpreter paths in /nix/store/a227dvnj2c5mq80nnfx3ifqdajq3j4j8-r-QGglmm-0.7.4
rewriting symlink /nix/store/a227dvnj2c5mq80nnfx3ifqdajq3j4j8-r-QGglmm-0.7.4/nix-support/propagated-user-env-packages to be relative to /nix/store/a227dvnj2c5mq80nnfx3ifqdajq3j4j8-r-QGglmm-0.7.4
