this derivation will be built:
  /nix/store/fxz9nbizpr4jvajsaq0z7zia0nbhq1yl-r-MAZE-0.0.2.drv
this path will be fetched (0.05 MiB download, 0.05 MiB unpacked):
  /nix/store/kyc41l4lglf5qgh8b6g4rwix3m0pzqvy-MAZE_0.0.2.tar.gz
copying path '/nix/store/kyc41l4lglf5qgh8b6g4rwix3m0pzqvy-MAZE_0.0.2.tar.gz' from 'https://cache.nixos.org'...
building '/nix/store/fxz9nbizpr4jvajsaq0z7zia0nbhq1yl-r-MAZE-0.0.2.drv'...
Running phase: unpackPhase
unpacking source archive /nix/store/kyc41l4lglf5qgh8b6g4rwix3m0pzqvy-MAZE_0.0.2.tar.gz
source root is MAZE
setting SOURCE_DATE_EPOCH to timestamp 1676535610 of file MAZE/MD5
Running phase: patchPhase
Running phase: updateAutotoolsGnuConfigScriptsPhase
Running phase: configurePhase
Running phase: buildPhase
Running phase: checkPhase
Running phase: installPhase
* installing *source* package ‘MAZE’ ...
** package ‘MAZE’ correctement décompressé et sommes MD5 vérifiées
** using staged installation
** libs
using C++ compiler: ‘clang version 16.0.6’
using SDK: ‘’
/nix/store/v39c0h6xv6hvki2k1bsyp5n090q8y2bp-clang-wrapper-16.0.6/bin/c++ -std=gnu++17 -I"/nix/store/lir8rmsk7dxbj7v1spqmv69z4mafg16l-R-4.4.2/lib/R/include" -DNDEBUG  -I'/nix/store/da7yi2xf3argx9hlnn3f0k95b8y1yx2l-r-Rcpp-1.0.13-1/library/Rcpp/include' -isystem /nix/store/0mmz5i705116bfykc7i1r9jxqwyghj2a-libcxx-16.0.6-dev/include/c++/v1    -fPIC  -g -O2   -c RcppExports.cpp -o RcppExports.o
/nix/store/v39c0h6xv6hvki2k1bsyp5n090q8y2bp-clang-wrapper-16.0.6/bin/c++ -std=gnu++17 -I"/nix/store/lir8rmsk7dxbj7v1spqmv69z4mafg16l-R-4.4.2/lib/R/include" -DNDEBUG  -I'/nix/store/da7yi2xf3argx9hlnn3f0k95b8y1yx2l-r-Rcpp-1.0.13-1/library/Rcpp/include' -isystem /nix/store/0mmz5i705116bfykc7i1r9jxqwyghj2a-libcxx-16.0.6-dev/include/c++/v1    -fPIC  -g -O2   -c qudinfcpp_ZILoNM.cpp -o qudinfcpp_ZILoNM.o
/nix/store/v39c0h6xv6hvki2k1bsyp5n090q8y2bp-clang-wrapper-16.0.6/bin/c++ -std=gnu++17 -dynamiclib -Wl,-headerpad_max_install_names -undefined dynamic_lookup -L/nix/store/lir8rmsk7dxbj7v1spqmv69z4mafg16l-R-4.4.2/lib/R/lib -L/nix/store/88xkgzh5g9xppsg3hdxxxh9q43rnxk6k-libcxx-16.0.6/lib -o MAZE.so RcppExports.o qudinfcpp_ZILoNM.o -L/nix/store/lir8rmsk7dxbj7v1spqmv69z4mafg16l-R-4.4.2/lib/R/lib -lR -lintl -Wl,-framework -Wl,CoreFoundation
installing to /nix/store/vbp4qay34yrajy67948nl5rhsggbqc3x-r-MAZE-0.0.2/library/00LOCK-MAZE/00new/MAZE/libs
** R
** data
*** moving datasets to lazyload DB
** inst
** byte-compile and prepare package for lazy loading
** help
*** installing help indices
** building package indices
** installing vignettes
** testing if installed package can be loaded from temporary location
** checking absolute paths in shared objects and dynamic libraries
** testing if installed package can be loaded from final location
** testing if installed package keeps a record of temporary installation path
* DONE (MAZE)
Running phase: fixupPhase
checking for references to /private/tmp/nix-build-r-MAZE-0.0.2.drv-0/ in /nix/store/vbp4qay34yrajy67948nl5rhsggbqc3x-r-MAZE-0.0.2...
patching script interpreter paths in /nix/store/vbp4qay34yrajy67948nl5rhsggbqc3x-r-MAZE-0.0.2
rewriting symlink /nix/store/vbp4qay34yrajy67948nl5rhsggbqc3x-r-MAZE-0.0.2/nix-support/propagated-user-env-packages to be relative to /nix/store/vbp4qay34yrajy67948nl5rhsggbqc3x-r-MAZE-0.0.2
