this derivation will be built:
  /nix/store/xk1w63yzwr8x9j16dsxpjlv7np7gmv6r-r-Ohit-1.0.0.drv
this path will be fetched (0.00 MiB download, 0.00 MiB unpacked):
  /nix/store/hl6i6blcv3p73xwbdm7xnds77i35qz3g-Ohit_1.0.0.tar.gz
copying path '/nix/store/hl6i6blcv3p73xwbdm7xnds77i35qz3g-Ohit_1.0.0.tar.gz' from 'https://cache.nixos.org'...
building '/nix/store/xk1w63yzwr8x9j16dsxpjlv7np7gmv6r-r-Ohit-1.0.0.drv'...
Running phase: unpackPhase
unpacking source archive /nix/store/hl6i6blcv3p73xwbdm7xnds77i35qz3g-Ohit_1.0.0.tar.gz
source root is Ohit
setting SOURCE_DATE_EPOCH to timestamp 1504699286 of file Ohit/MD5
Running phase: patchPhase
Running phase: updateAutotoolsGnuConfigScriptsPhase
Running phase: configurePhase
Running phase: buildPhase
Running phase: checkPhase
Running phase: installPhase
* installing *source* package ‘Ohit’ ...
** package ‘Ohit’ correctement décompressé et sommes MD5 vérifiées
** using staged installation
** R
** byte-compile and prepare package for lazy loading
** help
*** installing help indices
** building package indices
** testing if installed package can be loaded from temporary location
** testing if installed package can be loaded from final location
** testing if installed package keeps a record of temporary installation path
* DONE (Ohit)
Running phase: fixupPhase
checking for references to /private/tmp/nix-build-r-Ohit-1.0.0.drv-0/ in /nix/store/m3vil2hc72xxqrrfwb6g7z82xz436csy-r-Ohit-1.0.0...
patching script interpreter paths in /nix/store/m3vil2hc72xxqrrfwb6g7z82xz436csy-r-Ohit-1.0.0
