this derivation will be built:
  /nix/store/2lalwr0y4z8v1y5lyxpwjmj22wa8sd42-r-svSweave-1.0.0.drv
this path will be fetched (0.04 MiB download, 0.04 MiB unpacked):
  /nix/store/zmil4xhvb7mmsr4l4hc4awifqa0ncq19-svSweave_1.0.0.tar.gz
copying path '/nix/store/zmil4xhvb7mmsr4l4hc4awifqa0ncq19-svSweave_1.0.0.tar.gz' from 'https://cache.nixos.org'...
building '/nix/store/2lalwr0y4z8v1y5lyxpwjmj22wa8sd42-r-svSweave-1.0.0.drv'...
Running phase: unpackPhase
unpacking source archive /nix/store/zmil4xhvb7mmsr4l4hc4awifqa0ncq19-svSweave_1.0.0.tar.gz
source root is svSweave
setting SOURCE_DATE_EPOCH to timestamp 1652175002 of file svSweave/MD5
Running phase: patchPhase
Running phase: updateAutotoolsGnuConfigScriptsPhase
Running phase: configurePhase
Running phase: buildPhase
Running phase: checkPhase
Running phase: installPhase
* installing *source* package ‘svSweave’ ...
** package ‘svSweave’ correctement décompressé et sommes MD5 vérifiées
** using staged installation
** R
** inst
** byte-compile and prepare package for lazy loading
** help
*** installing help indices
** building package indices
** installing vignettes
** testing if installed package can be loaded from temporary location
** testing if installed package can be loaded from final location
** testing if installed package keeps a record of temporary installation path
* DONE (svSweave)
Running phase: fixupPhase
checking for references to /private/tmp/nix-build-r-svSweave-1.0.0.drv-0/ in /nix/store/g6jzilbqgxlhhrk0v1bf10icm2c6zdmy-r-svSweave-1.0.0...
patching script interpreter paths in /nix/store/g6jzilbqgxlhhrk0v1bf10icm2c6zdmy-r-svSweave-1.0.0
rewriting symlink /nix/store/g6jzilbqgxlhhrk0v1bf10icm2c6zdmy-r-svSweave-1.0.0/nix-support/propagated-user-env-packages to be relative to /nix/store/g6jzilbqgxlhhrk0v1bf10icm2c6zdmy-r-svSweave-1.0.0
