this derivation will be built:
  /nix/store/9qgddn9d3b0mv1lchki0sbnxkx4f5y5a-r-cryptography-1.0.0.drv
building '/nix/store/9qgddn9d3b0mv1lchki0sbnxkx4f5y5a-r-cryptography-1.0.0.drv'...
Running phase: unpackPhase
unpacking source archive /nix/store/gvs3zlad7afnb4xssqmha8r0gjwpgs62-cryptography_1.0.0.tar.gz
source root is cryptography
setting SOURCE_DATE_EPOCH to timestamp 1688809202 of file cryptography/MD5
Running phase: patchPhase
Running phase: updateAutotoolsGnuConfigScriptsPhase
Running phase: configurePhase
Running phase: buildPhase
Running phase: checkPhase
Running phase: installPhase
* installing *source* package ‘cryptography’ ...
** package ‘cryptography’ correctement décompressé et sommes MD5 vérifiées
** using staged installation
** R
** inst
** byte-compile and prepare package for lazy loading
** help
*** installing help indices
** building package indices
** installing vignettes
** testing if installed package can be loaded from temporary location
** testing if installed package can be loaded from final location
** testing if installed package keeps a record of temporary installation path
* DONE (cryptography)
Running phase: fixupPhase
checking for references to /private/tmp/nix-build-r-cryptography-1.0.0.drv-0/ in /nix/store/rfsm8ckclv138zjlqj5xvrw78mkp0n8g-r-cryptography-1.0.0...
patching script interpreter paths in /nix/store/rfsm8ckclv138zjlqj5xvrw78mkp0n8g-r-cryptography-1.0.0
rewriting symlink /nix/store/rfsm8ckclv138zjlqj5xvrw78mkp0n8g-r-cryptography-1.0.0/nix-support/propagated-user-env-packages to be relative to /nix/store/rfsm8ckclv138zjlqj5xvrw78mkp0n8g-r-cryptography-1.0.0
