these 2 derivations will be built:
  /nix/store/spiw168f4lk0k08s1rfjcp6kcvvvlf1y-HQM_0.1.1.tar.gz.drv
  /nix/store/kblr9lpfjvg6ygh6lrjhfsj6cl35nfd3-r-HQM-0.1.1.drv
building '/nix/store/spiw168f4lk0k08s1rfjcp6kcvvvlf1y-HQM_0.1.1.tar.gz.drv'...

trying https://cran.r-project.org/src/contrib/HQM_0.1.1.tar.gz
  % Total    % Received % Xferd  Average Speed   Time    Time     Time  Current
                                 Dload  Upload   Total   Spent    Left  Speed
100 63732  100 63732    0     0   453k      0 --:--:-- --:--:-- --:--:--  454k
building '/nix/store/kblr9lpfjvg6ygh6lrjhfsj6cl35nfd3-r-HQM-0.1.1.drv'...
Running phase: unpackPhase
unpacking source archive /nix/store/s3w389il3d56dbmha6nwcnmd72ywz9c4-HQM_0.1.1.tar.gz
source root is HQM
setting SOURCE_DATE_EPOCH to timestamp 1727219408 of file HQM/MD5
Running phase: patchPhase
Running phase: updateAutotoolsGnuConfigScriptsPhase
Running phase: configurePhase
Running phase: buildPhase
Running phase: checkPhase
Running phase: installPhase
* installing *source* package ‘HQM’ ...
** package ‘HQM’ correctement décompressé et sommes MD5 vérifiées
** using staged installation
** R
** data
*** moving datasets to lazyload DB
** byte-compile and prepare package for lazy loading
** help
*** installing help indices
** building package indices
** testing if installed package can be loaded from temporary location
** testing if installed package can be loaded from final location
** testing if installed package keeps a record of temporary installation path
* DONE (HQM)
Running phase: fixupPhase
checking for references to /private/tmp/nix-build-r-HQM-0.1.1.drv-0/ in /nix/store/s2s4ivlw3wa2yygj52glsplm43adpbpq-r-HQM-0.1.1...
patching script interpreter paths in /nix/store/s2s4ivlw3wa2yygj52glsplm43adpbpq-r-HQM-0.1.1
rewriting symlink /nix/store/s2s4ivlw3wa2yygj52glsplm43adpbpq-r-HQM-0.1.1/nix-support/propagated-user-env-packages to be relative to /nix/store/s2s4ivlw3wa2yygj52glsplm43adpbpq-r-HQM-0.1.1
