this derivation will be built:
  /nix/store/5sj0ls0v9mvrk25bsp079b6hxsblmfg5-r-rSHAPE-0.3.2.drv
this path will be fetched (0.11 MiB download, 0.11 MiB unpacked):
  /nix/store/hwa43vxm091vklwnrhzqmpipv2j4s1b7-rSHAPE_0.3.2.tar.gz
copying path '/nix/store/hwa43vxm091vklwnrhzqmpipv2j4s1b7-rSHAPE_0.3.2.tar.gz' from 'https://cache.nixos.org'...
building '/nix/store/5sj0ls0v9mvrk25bsp079b6hxsblmfg5-r-rSHAPE-0.3.2.drv'...
Running phase: unpackPhase
unpacking source archive /nix/store/hwa43vxm091vklwnrhzqmpipv2j4s1b7-rSHAPE_0.3.2.tar.gz
source root is rSHAPE
setting SOURCE_DATE_EPOCH to timestamp 1563529203 of file rSHAPE/MD5
Running phase: patchPhase
Running phase: updateAutotoolsGnuConfigScriptsPhase
Running phase: configurePhase
Running phase: buildPhase
Running phase: checkPhase
Running phase: installPhase
* installing *source* package ‘rSHAPE’ ...
** package ‘rSHAPE’ correctement décompressé et sommes MD5 vérifiées
** using staged installation
** R
** byte-compile and prepare package for lazy loading
** help
*** installing help indices
** building package indices
** testing if installed package can be loaded from temporary location
** testing if installed package can be loaded from final location
** testing if installed package keeps a record of temporary installation path
* DONE (rSHAPE)
Running phase: fixupPhase
checking for references to /private/tmp/nix-build-r-rSHAPE-0.3.2.drv-0/ in /nix/store/vcfr1lzw1m4wpf1v7wh8y48w0zk3vpph-r-rSHAPE-0.3.2...
patching script interpreter paths in /nix/store/vcfr1lzw1m4wpf1v7wh8y48w0zk3vpph-r-rSHAPE-0.3.2
rewriting symlink /nix/store/vcfr1lzw1m4wpf1v7wh8y48w0zk3vpph-r-rSHAPE-0.3.2/nix-support/propagated-user-env-packages to be relative to /nix/store/vcfr1lzw1m4wpf1v7wh8y48w0zk3vpph-r-rSHAPE-0.3.2
