this derivation will be built:
  /nix/store/5fx8n7l48hjbanj9a2d6dwl2x8gd276g-r-ocedata-0.2.2.drv
this path will be fetched (4.00 MiB download, 4.00 MiB unpacked):
  /nix/store/0dgxyaggwqz3zgy0013jwrv1bq3nnsk9-ocedata_0.2.2.tar.gz
copying path '/nix/store/0dgxyaggwqz3zgy0013jwrv1bq3nnsk9-ocedata_0.2.2.tar.gz' from 'https://cache.nixos.org'...
building '/nix/store/5fx8n7l48hjbanj9a2d6dwl2x8gd276g-r-ocedata-0.2.2.drv'...
Running phase: unpackPhase
unpacking source archive /nix/store/0dgxyaggwqz3zgy0013jwrv1bq3nnsk9-ocedata_0.2.2.tar.gz
source root is ocedata
setting SOURCE_DATE_EPOCH to timestamp 1660902002 of file ocedata/MD5
Running phase: patchPhase
Running phase: updateAutotoolsGnuConfigScriptsPhase
Running phase: configurePhase
Running phase: buildPhase
Running phase: checkPhase
Running phase: installPhase
* installing *source* package ‘ocedata’ ...
** package ‘ocedata’ correctement décompressé et sommes MD5 vérifiées
** using staged installation
** R
** data
** inst
** byte-compile and prepare package for lazy loading
** help
*** installing help indices
** building package indices
** testing if installed package can be loaded from temporary location
** testing if installed package can be loaded from final location
** testing if installed package keeps a record of temporary installation path
* DONE (ocedata)
Running phase: fixupPhase
checking for references to /private/tmp/nix-build-r-ocedata-0.2.2.drv-0/ in /nix/store/zqg2dyhs77gy4w1qsdjqbzw10bkp77gs-r-ocedata-0.2.2...
patching script interpreter paths in /nix/store/zqg2dyhs77gy4w1qsdjqbzw10bkp77gs-r-ocedata-0.2.2
