this derivation will be built:
  /nix/store/1rl7mzppb3jdlj5w02fzm3m7j551dpv4-r-T2DFitTailor-3.0.0.drv
this path will be fetched (0.01 MiB download, 0.01 MiB unpacked):
  /nix/store/p4svfcfs015dvbp9hkjvqplasyvni5pz-T2DFitTailor_3.0.0.tar.gz
copying path '/nix/store/p4svfcfs015dvbp9hkjvqplasyvni5pz-T2DFitTailor_3.0.0.tar.gz' from 'https://cache.nixos.org'...
building '/nix/store/1rl7mzppb3jdlj5w02fzm3m7j551dpv4-r-T2DFitTailor-3.0.0.drv'...
Running phase: unpackPhase
unpacking source archive /nix/store/p4svfcfs015dvbp9hkjvqplasyvni5pz-T2DFitTailor_3.0.0.tar.gz
source root is T2DFitTailor
setting SOURCE_DATE_EPOCH to timestamp 1713277802 of file T2DFitTailor/MD5
Running phase: patchPhase
Running phase: updateAutotoolsGnuConfigScriptsPhase
Running phase: configurePhase
Running phase: buildPhase
Running phase: checkPhase
Running phase: installPhase
* installing *source* package ‘T2DFitTailor’ ...
** package ‘T2DFitTailor’ correctement décompressé et sommes MD5 vérifiées
** using staged installation
** R
** byte-compile and prepare package for lazy loading
** help
*** installing help indices
** building package indices
** testing if installed package can be loaded from temporary location
** testing if installed package can be loaded from final location
** testing if installed package keeps a record of temporary installation path
* DONE (T2DFitTailor)
Running phase: fixupPhase
checking for references to /private/tmp/nix-build-r-T2DFitTailor-3.0.0.drv-0/ in /nix/store/82fra6xxc19li91pkd23qa16w95i184l-r-T2DFitTailor-3.0.0...
patching script interpreter paths in /nix/store/82fra6xxc19li91pkd23qa16w95i184l-r-T2DFitTailor-3.0.0
rewriting symlink /nix/store/82fra6xxc19li91pkd23qa16w95i184l-r-T2DFitTailor-3.0.0/nix-support/propagated-user-env-packages to be relative to /nix/store/82fra6xxc19li91pkd23qa16w95i184l-r-T2DFitTailor-3.0.0
