this derivation will be built:
  /nix/store/b3vblygzzmr38vdrwx0i93k0d5asgfdq-r-ssimparser-0.1.1.drv
this path will be fetched (0.02 MiB download, 0.02 MiB unpacked):
  /nix/store/x3razx7dxj7ifmmz1p3b2l48ikaykimb-ssimparser_0.1.1.tar.gz
copying path '/nix/store/x3razx7dxj7ifmmz1p3b2l48ikaykimb-ssimparser_0.1.1.tar.gz' from 'https://cache.nixos.org'...
building '/nix/store/b3vblygzzmr38vdrwx0i93k0d5asgfdq-r-ssimparser-0.1.1.drv'...
Running phase: unpackPhase
unpacking source archive /nix/store/x3razx7dxj7ifmmz1p3b2l48ikaykimb-ssimparser_0.1.1.tar.gz
source root is ssimparser
setting SOURCE_DATE_EPOCH to timestamp 1641925802 of file ssimparser/MD5
Running phase: patchPhase
Running phase: updateAutotoolsGnuConfigScriptsPhase
Running phase: configurePhase
Running phase: buildPhase
Running phase: checkPhase
Running phase: installPhase
* installing *source* package ‘ssimparser’ ...
** package ‘ssimparser’ correctement décompressé et sommes MD5 vérifiées
** using staged installation
** R
** byte-compile and prepare package for lazy loading
** help
*** installing help indices
** building package indices
** testing if installed package can be loaded from temporary location
** testing if installed package can be loaded from final location
** testing if installed package keeps a record of temporary installation path
* DONE (ssimparser)
Running phase: fixupPhase
checking for references to /private/tmp/nix-build-r-ssimparser-0.1.1.drv-0/ in /nix/store/2rs2d8whz3h0k68zk3ryjypf0hbwc1xd-r-ssimparser-0.1.1...
patching script interpreter paths in /nix/store/2rs2d8whz3h0k68zk3ryjypf0hbwc1xd-r-ssimparser-0.1.1
rewriting symlink /nix/store/2rs2d8whz3h0k68zk3ryjypf0hbwc1xd-r-ssimparser-0.1.1/nix-support/propagated-user-env-packages to be relative to /nix/store/2rs2d8whz3h0k68zk3ryjypf0hbwc1xd-r-ssimparser-0.1.1
