this derivation will be built:
  /nix/store/y6h3qk9b5cy1yy40xzn2ilf0cj735xn9-r-promotionImpact-0.1.5.drv
this path will be fetched (0.04 MiB download, 0.04 MiB unpacked):
  /nix/store/y6mp4r39j06vls5p7038zx5j5aqdvk45-promotionImpact_0.1.5.tar.gz
copying path '/nix/store/y6mp4r39j06vls5p7038zx5j5aqdvk45-promotionImpact_0.1.5.tar.gz' from 'https://cache.nixos.org'...
building '/nix/store/y6h3qk9b5cy1yy40xzn2ilf0cj735xn9-r-promotionImpact-0.1.5.drv'...
Running phase: unpackPhase
unpacking source archive /nix/store/y6mp4r39j06vls5p7038zx5j5aqdvk45-promotionImpact_0.1.5.tar.gz
source root is promotionImpact
setting SOURCE_DATE_EPOCH to timestamp 1618326005 of file promotionImpact/MD5
Running phase: patchPhase
Running phase: updateAutotoolsGnuConfigScriptsPhase
Running phase: configurePhase
Running phase: buildPhase
Running phase: checkPhase
Running phase: installPhase
* installing *source* package ‘promotionImpact’ ...
** package ‘promotionImpact’ correctement décompressé et sommes MD5 vérifiées
** using staged installation
** R
** data
*** moving datasets to lazyload DB
** byte-compile and prepare package for lazy loading
le code des méthodes de la classe “Rcpp_rstantools_model_prophet” n'a pas été vérifié pour les affectations de champs suspectes (package recommandé ‘codetools’ indisponible ?)
le code des méthodes de la classe “Rcpp_rstantools_model_prophet” n'a pas été vérifié pour les affectations de champs suspectes (package recommandé ‘codetools’ indisponible ?)
** help
*** installing help indices
** building package indices
** testing if installed package can be loaded from temporary location
le code des méthodes de la classe “Rcpp_rstantools_model_prophet” n'a pas été vérifié pour les affectations de champs suspectes (package recommandé ‘codetools’ indisponible ?)
le code des méthodes de la classe “Rcpp_rstantools_model_prophet” n'a pas été vérifié pour les affectations de champs suspectes (package recommandé ‘codetools’ indisponible ?)
** testing if installed package can be loaded from final location
le code des méthodes de la classe “Rcpp_rstantools_model_prophet” n'a pas été vérifié pour les affectations de champs suspectes (package recommandé ‘codetools’ indisponible ?)
le code des méthodes de la classe “Rcpp_rstantools_model_prophet” n'a pas été vérifié pour les affectations de champs suspectes (package recommandé ‘codetools’ indisponible ?)
** testing if installed package keeps a record of temporary installation path
* DONE (promotionImpact)
Running phase: fixupPhase
checking for references to /private/tmp/nix-build-r-promotionImpact-0.1.5.drv-0/ in /nix/store/0d43nmbn6cbiw8xmrmf5bfqs7rzmg883-r-promotionImpact-0.1.5...
patching script interpreter paths in /nix/store/0d43nmbn6cbiw8xmrmf5bfqs7rzmg883-r-promotionImpact-0.1.5
rewriting symlink /nix/store/0d43nmbn6cbiw8xmrmf5bfqs7rzmg883-r-promotionImpact-0.1.5/nix-support/propagated-user-env-packages to be relative to /nix/store/0d43nmbn6cbiw8xmrmf5bfqs7rzmg883-r-promotionImpact-0.1.5
