this derivation will be built:
  /nix/store/7nlan19yd95y2080bwdqz43jbly4bhih-r-networkDynamicData-0.2.1.drv
this path will be fetched (1.48 MiB download, 1.48 MiB unpacked):
  /nix/store/1z1a3ykg6kqpdgnwkaqwd9nbnp625bsn-networkDynamicData_0.2.1.tar.gz
copying path '/nix/store/1z1a3ykg6kqpdgnwkaqwd9nbnp625bsn-networkDynamicData_0.2.1.tar.gz' from 'https://cache.nixos.org'...
building '/nix/store/7nlan19yd95y2080bwdqz43jbly4bhih-r-networkDynamicData-0.2.1.drv'...
Running phase: unpackPhase
unpacking source archive /nix/store/1z1a3ykg6kqpdgnwkaqwd9nbnp625bsn-networkDynamicData_0.2.1.tar.gz
source root is networkDynamicData
setting SOURCE_DATE_EPOCH to timestamp 1452554607 of file networkDynamicData/MD5
Running phase: patchPhase
Running phase: updateAutotoolsGnuConfigScriptsPhase
Running phase: configurePhase
Running phase: buildPhase
Running phase: checkPhase
Running phase: installPhase
* installing *source* package ‘networkDynamicData’ ...
** package ‘networkDynamicData’ correctement décompressé et sommes MD5 vérifiées
** using staged installation
** data
** help
*** installing help indices
** building package indices
** testing if installed package can be loaded from temporary location
** testing if installed package can be loaded from final location
** testing if installed package keeps a record of temporary installation path
* DONE (networkDynamicData)
Running phase: fixupPhase
checking for references to /private/tmp/nix-build-r-networkDynamicData-0.2.1.drv-0/ in /nix/store/y0682ljrnpk57fnbgl4pc1xn6al3x8z8-r-networkDynamicData-0.2.1...
patching script interpreter paths in /nix/store/y0682ljrnpk57fnbgl4pc1xn6al3x8z8-r-networkDynamicData-0.2.1
rewriting symlink /nix/store/y0682ljrnpk57fnbgl4pc1xn6al3x8z8-r-networkDynamicData-0.2.1/nix-support/propagated-user-env-packages to be relative to /nix/store/y0682ljrnpk57fnbgl4pc1xn6al3x8z8-r-networkDynamicData-0.2.1
