this derivation will be built:
  /nix/store/inzpw86ijfxp4m7lyacyg3ssjy2w1nix-r-tidyquery-0.2.4.drv
this path will be fetched (0.04 MiB download, 0.04 MiB unpacked):
  /nix/store/vwpmfrkbc37lxczpn5dpz141m0wnpspv-tidyquery_0.2.4.tar.gz
copying path '/nix/store/vwpmfrkbc37lxczpn5dpz141m0wnpspv-tidyquery_0.2.4.tar.gz' from 'https://cache.nixos.org'...
building '/nix/store/inzpw86ijfxp4m7lyacyg3ssjy2w1nix-r-tidyquery-0.2.4.drv'...
Running phase: unpackPhase
unpacking source archive /nix/store/vwpmfrkbc37lxczpn5dpz141m0wnpspv-tidyquery_0.2.4.tar.gz
source root is tidyquery
setting SOURCE_DATE_EPOCH to timestamp 1673713802 of file tidyquery/MD5
Running phase: patchPhase
Running phase: updateAutotoolsGnuConfigScriptsPhase
Running phase: configurePhase
Running phase: buildPhase
Running phase: checkPhase
Running phase: installPhase
* installing *source* package ‘tidyquery’ ...
** package ‘tidyquery’ correctement décompressé et sommes MD5 vérifiées
** using staged installation
** R
** byte-compile and prepare package for lazy loading
** help
*** installing help indices
*** copying figures
** building package indices
** testing if installed package can be loaded from temporary location
** testing if installed package can be loaded from final location
** testing if installed package keeps a record of temporary installation path
* DONE (tidyquery)
Running phase: fixupPhase
checking for references to /private/tmp/nix-build-r-tidyquery-0.2.4.drv-0/ in /nix/store/4i6rx7i4gsax1a2nbj95n2mf5y3qdf36-r-tidyquery-0.2.4...
patching script interpreter paths in /nix/store/4i6rx7i4gsax1a2nbj95n2mf5y3qdf36-r-tidyquery-0.2.4
rewriting symlink /nix/store/4i6rx7i4gsax1a2nbj95n2mf5y3qdf36-r-tidyquery-0.2.4/nix-support/propagated-user-env-packages to be relative to /nix/store/4i6rx7i4gsax1a2nbj95n2mf5y3qdf36-r-tidyquery-0.2.4
