this derivation will be built:
  /nix/store/73qf6irxkxmph8h9p31q2m27cdl4qad9-r-ICD10gm-1.2.5.drv
this path will be fetched (2.48 MiB download, 2.48 MiB unpacked):
  /nix/store/v9jsd77db4isw6qi26zdlflsg2chmnrm-ICD10gm_1.2.5.tar.gz
copying path '/nix/store/v9jsd77db4isw6qi26zdlflsg2chmnrm-ICD10gm_1.2.5.tar.gz' from 'https://cache.nixos.org'...
building '/nix/store/73qf6irxkxmph8h9p31q2m27cdl4qad9-r-ICD10gm-1.2.5.drv'...
Running phase: unpackPhase
unpacking source archive /nix/store/v9jsd77db4isw6qi26zdlflsg2chmnrm-ICD10gm_1.2.5.tar.gz
source root is ICD10gm
setting SOURCE_DATE_EPOCH to timestamp 1677373217 of file ICD10gm/MD5
Running phase: patchPhase
Running phase: updateAutotoolsGnuConfigScriptsPhase
Running phase: configurePhase
Running phase: buildPhase
Running phase: checkPhase
Running phase: installPhase
* installing *source* package ‘ICD10gm’ ...
** package ‘ICD10gm’ correctement décompressé et sommes MD5 vérifiées
** using staged installation
** R
** data
*** moving datasets to lazyload DB
** inst
** byte-compile and prepare package for lazy loading
** help
*** installing help indices
*** copying figures
** building package indices
** installing vignettes
** testing if installed package can be loaded from temporary location
** testing if installed package can be loaded from final location
** testing if installed package keeps a record of temporary installation path
* DONE (ICD10gm)
Running phase: fixupPhase
checking for references to /private/tmp/nix-build-r-ICD10gm-1.2.5.drv-0/ in /nix/store/b0crr5aclccfqy0hinzc366jif9zj9i6-r-ICD10gm-1.2.5...
patching script interpreter paths in /nix/store/b0crr5aclccfqy0hinzc366jif9zj9i6-r-ICD10gm-1.2.5
rewriting symlink /nix/store/b0crr5aclccfqy0hinzc366jif9zj9i6-r-ICD10gm-1.2.5/nix-support/propagated-user-env-packages to be relative to /nix/store/b0crr5aclccfqy0hinzc366jif9zj9i6-r-ICD10gm-1.2.5
