this derivation will be built:
  /nix/store/kw9n6m0akpypq1idrsgsd7flwma5y7mb-r-MultAlloc-1.2.drv
this path will be fetched (0.00 MiB download, 0.00 MiB unpacked):
  /nix/store/s43n9qs5j5zqhk6hj7ang0rr17sybyhn-MultAlloc_1.2.tar.gz
copying path '/nix/store/s43n9qs5j5zqhk6hj7ang0rr17sybyhn-MultAlloc_1.2.tar.gz' from 'https://cache.nixos.org'...
building '/nix/store/kw9n6m0akpypq1idrsgsd7flwma5y7mb-r-MultAlloc-1.2.drv'...
Running phase: unpackPhase
unpacking source archive /nix/store/s43n9qs5j5zqhk6hj7ang0rr17sybyhn-MultAlloc_1.2.tar.gz
source root is MultAlloc
setting SOURCE_DATE_EPOCH to timestamp 1451208354 of file MultAlloc/MD5
Running phase: patchPhase
Running phase: updateAutotoolsGnuConfigScriptsPhase
Running phase: configurePhase
Running phase: buildPhase
Running phase: checkPhase
Running phase: installPhase
* installing *source* package ‘MultAlloc’ ...
** package ‘MultAlloc’ correctement décompressé et sommes MD5 vérifiées
** using staged installation
** R
** byte-compile and prepare package for lazy loading
** help
*** installing help indices
** building package indices
** testing if installed package can be loaded from temporary location
** testing if installed package can be loaded from final location
** testing if installed package keeps a record of temporary installation path
* DONE (MultAlloc)
Running phase: fixupPhase
checking for references to /private/tmp/nix-build-r-MultAlloc-1.2.drv-0/ in /nix/store/pzwbqix1g732nzzbhgjy83kqnb11y8dj-r-MultAlloc-1.2...
patching script interpreter paths in /nix/store/pzwbqix1g732nzzbhgjy83kqnb11y8dj-r-MultAlloc-1.2
rewriting symlink /nix/store/pzwbqix1g732nzzbhgjy83kqnb11y8dj-r-MultAlloc-1.2/nix-support/propagated-user-env-packages to be relative to /nix/store/pzwbqix1g732nzzbhgjy83kqnb11y8dj-r-MultAlloc-1.2
