this derivation will be built:
  /nix/store/vpwnrr8fwa2yjfjhb4c47bmpnd4yj8qw-r-predfairness-0.1.0.drv
this path will be fetched (0.31 MiB download, 0.31 MiB unpacked):
  /nix/store/bd5kkhip5l7i00nr8c2a7z7r06ll1mqq-predfairness_0.1.0.tar.gz
copying path '/nix/store/bd5kkhip5l7i00nr8c2a7z7r06ll1mqq-predfairness_0.1.0.tar.gz' from 'https://cache.nixos.org'...
building '/nix/store/vpwnrr8fwa2yjfjhb4c47bmpnd4yj8qw-r-predfairness-0.1.0.drv'...
Running phase: unpackPhase
unpacking source archive /nix/store/bd5kkhip5l7i00nr8c2a7z7r06ll1mqq-predfairness_0.1.0.tar.gz
source root is predfairness
setting SOURCE_DATE_EPOCH to timestamp 1627473002 of file predfairness/MD5
Running phase: patchPhase
Running phase: updateAutotoolsGnuConfigScriptsPhase
Running phase: configurePhase
Running phase: buildPhase
Running phase: checkPhase
Running phase: installPhase
* installing *source* package ‘predfairness’ ...
** package ‘predfairness’ correctement décompressé et sommes MD5 vérifiées
** using staged installation
** R
** data
*** moving datasets to lazyload DB
** byte-compile and prepare package for lazy loading
** help
*** installing help indices
** building package indices
** testing if installed package can be loaded from temporary location
** testing if installed package can be loaded from final location
** testing if installed package keeps a record of temporary installation path
* DONE (predfairness)
Running phase: fixupPhase
checking for references to /private/tmp/nix-build-r-predfairness-0.1.0.drv-0/ in /nix/store/kbvb423rhnwixc0l33rv3d1fa6qb6ysm-r-predfairness-0.1.0...
patching script interpreter paths in /nix/store/kbvb423rhnwixc0l33rv3d1fa6qb6ysm-r-predfairness-0.1.0
