this derivation will be built:
  /nix/store/6sp69fl6qahzh6h0cdgx2y6z4h3965ld-r-hIRT-0.3.0.drv
this path will be fetched (0.10 MiB download, 0.10 MiB unpacked):
  /nix/store/xp5igbvlmx9arcyidvgvrzcn0wqp8rax-hIRT_0.3.0.tar.gz
copying path '/nix/store/xp5igbvlmx9arcyidvgvrzcn0wqp8rax-hIRT_0.3.0.tar.gz' from 'https://cache.nixos.org'...
building '/nix/store/6sp69fl6qahzh6h0cdgx2y6z4h3965ld-r-hIRT-0.3.0.drv'...
Running phase: unpackPhase
unpacking source archive /nix/store/xp5igbvlmx9arcyidvgvrzcn0wqp8rax-hIRT_0.3.0.tar.gz
source root is hIRT
setting SOURCE_DATE_EPOCH to timestamp 1585242602 of file hIRT/MD5
Running phase: patchPhase
Running phase: updateAutotoolsGnuConfigScriptsPhase
Running phase: configurePhase
Running phase: buildPhase
Running phase: checkPhase
Running phase: installPhase
* installing *source* package ‘hIRT’ ...
** package ‘hIRT’ correctement décompressé et sommes MD5 vérifiées
** using staged installation
** R
** data
*** moving datasets to lazyload DB
** byte-compile and prepare package for lazy loading
** help
*** installing help indices
*** copying figures
** building package indices
** testing if installed package can be loaded from temporary location
** testing if installed package can be loaded from final location
** testing if installed package keeps a record of temporary installation path
* DONE (hIRT)
Running phase: fixupPhase
checking for references to /private/tmp/nix-build-r-hIRT-0.3.0.drv-0/ in /nix/store/p15877yl1wsx106k491qlq2y0ywyd57y-r-hIRT-0.3.0...
patching script interpreter paths in /nix/store/p15877yl1wsx106k491qlq2y0ywyd57y-r-hIRT-0.3.0
rewriting symlink /nix/store/p15877yl1wsx106k491qlq2y0ywyd57y-r-hIRT-0.3.0/nix-support/propagated-user-env-packages to be relative to /nix/store/p15877yl1wsx106k491qlq2y0ywyd57y-r-hIRT-0.3.0
