this derivation will be built:
  /nix/store/6lfc3jb80hqgrbl7ss1vf96axwdlx1gm-r-panelhetero-1.0.1.drv
this path will be fetched (0.08 MiB download, 0.08 MiB unpacked):
  /nix/store/ix52zc1l4xpl9r5in6fng8ilq9y09ysp-panelhetero_1.0.1.tar.gz
copying path '/nix/store/ix52zc1l4xpl9r5in6fng8ilq9y09ysp-panelhetero_1.0.1.tar.gz' from 'https://cache.nixos.org'...
building '/nix/store/6lfc3jb80hqgrbl7ss1vf96axwdlx1gm-r-panelhetero-1.0.1.drv'...
Running phase: unpackPhase
unpacking source archive /nix/store/ix52zc1l4xpl9r5in6fng8ilq9y09ysp-panelhetero_1.0.1.tar.gz
source root is panelhetero
setting SOURCE_DATE_EPOCH to timestamp 1685412602 of file panelhetero/MD5
Running phase: patchPhase
Running phase: updateAutotoolsGnuConfigScriptsPhase
Running phase: configurePhase
Running phase: buildPhase
Running phase: checkPhase
Running phase: installPhase
* installing *source* package ‘panelhetero’ ...
** package ‘panelhetero’ correctement décompressé et sommes MD5 vérifiées
** using staged installation
** R
** inst
** byte-compile and prepare package for lazy loading
** help
*** installing help indices
** building package indices
** installing vignettes
** testing if installed package can be loaded from temporary location
** testing if installed package can be loaded from final location
** testing if installed package keeps a record of temporary installation path
* DONE (panelhetero)
Running phase: fixupPhase
checking for references to /private/tmp/nix-build-r-panelhetero-1.0.1.drv-0/ in /nix/store/lwry636l0wxw1ah6bi0drcs6bya6mqa2-r-panelhetero-1.0.1...
patching script interpreter paths in /nix/store/lwry636l0wxw1ah6bi0drcs6bya6mqa2-r-panelhetero-1.0.1
rewriting symlink /nix/store/lwry636l0wxw1ah6bi0drcs6bya6mqa2-r-panelhetero-1.0.1/nix-support/propagated-user-env-packages to be relative to /nix/store/lwry636l0wxw1ah6bi0drcs6bya6mqa2-r-panelhetero-1.0.1
