this derivation will be built:
  /nix/store/vkwl6p8mc7cc1vhsq1nnnkwqr5718p51-r-optimStrat-2.4.drv
this path will be fetched (0.02 MiB download, 0.02 MiB unpacked):
  /nix/store/hkihfdfzl52lccl42m46l7c2w8gshfjs-optimStrat_2.4.tar.gz
copying path '/nix/store/hkihfdfzl52lccl42m46l7c2w8gshfjs-optimStrat_2.4.tar.gz' from 'https://cache.nixos.org'...
building '/nix/store/vkwl6p8mc7cc1vhsq1nnnkwqr5718p51-r-optimStrat-2.4.drv'...
Running phase: unpackPhase
unpacking source archive /nix/store/hkihfdfzl52lccl42m46l7c2w8gshfjs-optimStrat_2.4.tar.gz
source root is optimStrat
setting SOURCE_DATE_EPOCH to timestamp 1692855002 of file optimStrat/MD5
Running phase: patchPhase
Running phase: updateAutotoolsGnuConfigScriptsPhase
Running phase: configurePhase
Running phase: buildPhase
Running phase: checkPhase
Running phase: installPhase
* installing *source* package ‘optimStrat’ ...
** package ‘optimStrat’ correctement décompressé et sommes MD5 vérifiées
** using staged installation
** R
** inst
** byte-compile and prepare package for lazy loading
** help
*** installing help indices
** building package indices
** testing if installed package can be loaded from temporary location
** testing if installed package can be loaded from final location
** testing if installed package keeps a record of temporary installation path
* DONE (optimStrat)
Running phase: fixupPhase
checking for references to /private/tmp/nix-build-r-optimStrat-2.4.drv-0/ in /nix/store/n1n7v3ay0z39m9j8fy132zlbjw09phs0-r-optimStrat-2.4...
patching script interpreter paths in /nix/store/n1n7v3ay0z39m9j8fy132zlbjw09phs0-r-optimStrat-2.4
rewriting symlink /nix/store/n1n7v3ay0z39m9j8fy132zlbjw09phs0-r-optimStrat-2.4/nix-support/propagated-user-env-packages to be relative to /nix/store/n1n7v3ay0z39m9j8fy132zlbjw09phs0-r-optimStrat-2.4
