this derivation will be built:
  /nix/store/j267qy3jp67p59y8kv60mg0wqpgxsnzw-r-bursa-0.1.0.drv
building '/nix/store/j267qy3jp67p59y8kv60mg0wqpgxsnzw-r-bursa-0.1.0.drv'...
Running phase: unpackPhase
unpacking source archive /nix/store/7pycrlshm4a945d7c6k186sip7ivr69z-bursa_0.1.0.tar.gz
source root is bursa
setting SOURCE_DATE_EPOCH to timestamp 1693329007 of file bursa/MD5
Running phase: patchPhase
Running phase: updateAutotoolsGnuConfigScriptsPhase
Running phase: configurePhase
Running phase: buildPhase
Running phase: checkPhase
Running phase: installPhase
* installing *source* package ‘bursa’ ...
** package ‘bursa’ correctement décompressé et sommes MD5 vérifiées
** using staged installation
** R
** byte-compile and prepare package for lazy loading
** help
*** installing help indices
** building package indices
** testing if installed package can be loaded from temporary location
** testing if installed package can be loaded from final location
** testing if installed package keeps a record of temporary installation path
* DONE (bursa)
Running phase: fixupPhase
checking for references to /private/tmp/nix-build-r-bursa-0.1.0.drv-0/ in /nix/store/4mh6nl3a6nb262f7kkw45m23pfi2whfq-r-bursa-0.1.0...
patching script interpreter paths in /nix/store/4mh6nl3a6nb262f7kkw45m23pfi2whfq-r-bursa-0.1.0
rewriting symlink /nix/store/4mh6nl3a6nb262f7kkw45m23pfi2whfq-r-bursa-0.1.0/nix-support/propagated-user-env-packages to be relative to /nix/store/4mh6nl3a6nb262f7kkw45m23pfi2whfq-r-bursa-0.1.0
