this derivation will be built:
  /nix/store/jg5pfcr10ing8b5z883lfli0azlzm0d2-r-geometa-0.8-0.drv
building '/nix/store/jg5pfcr10ing8b5z883lfli0azlzm0d2-r-geometa-0.8-0.drv'...
Running phase: unpackPhase
unpacking source archive /nix/store/2qi9yiyar7pnzkc7lajkb5q8cb73w4rr-geometa_0.8-0.tar.gz
source root is geometa
setting SOURCE_DATE_EPOCH to timestamp 1713431402 of file geometa/MD5
Running phase: patchPhase
Running phase: updateAutotoolsGnuConfigScriptsPhase
Running phase: configurePhase
Running phase: buildPhase
Running phase: checkPhase
Running phase: installPhase
* installing *source* package ‘geometa’ ...
** package ‘geometa’ correctement décompressé et sommes MD5 vérifiées
** using staged installation
** R
** inst
** byte-compile and prepare package for lazy loading
dans la méthode pour ‘coerce’ avec la signature ‘"emld","ISOMetadata"’ : aucune définition de la classe “ISOMetadata” n'est trouvée
dans la méthode pour ‘coerce’ avec la signature ‘"ncdf4","ISOMetadata"’ : aucune définition de la classe “ISOMetadata” n'est trouvée
dans la méthode pour ‘coerce’ avec la signature ‘"ncdf4","ISOImageryMetadata"’ : aucune définition de la classe “ISOImageryMetadata” n'est trouvée
dans la méthode pour ‘coerce’ avec la signature ‘"ISOMetadata","emld"’ : aucune définition de la classe “ISOMetadata” n'est trouvée
** help
*** installing help indices
** building package indices
** testing if installed package can be loaded from temporary location
** testing if installed package can be loaded from final location
** testing if installed package keeps a record of temporary installation path
* DONE (geometa)
installPhase completed in 51 seconds
Running phase: fixupPhase
checking for references to /private/tmp/nix-build-r-geometa-0.8-0.drv-0/ in /nix/store/821r72jvqiihkhzdyh2aglczi74jidal-r-geometa-0.8-0...
patching script interpreter paths in /nix/store/821r72jvqiihkhzdyh2aglczi74jidal-r-geometa-0.8-0
rewriting symlink /nix/store/821r72jvqiihkhzdyh2aglczi74jidal-r-geometa-0.8-0/nix-support/propagated-user-env-packages to be relative to /nix/store/821r72jvqiihkhzdyh2aglczi74jidal-r-geometa-0.8-0
