this derivation will be built:
  /nix/store/5ih7d8c2l9jbwkqlqzrdbzv2zkdg3j2f-r-tuber-0.9.9.drv
this path will be fetched (0.06 MiB download, 0.06 MiB unpacked):
  /nix/store/5j2hjl0q9z2nxys2lyw6g2mdq5l6lk9i-tuber_0.9.9.tar.gz
copying path '/nix/store/5j2hjl0q9z2nxys2lyw6g2mdq5l6lk9i-tuber_0.9.9.tar.gz' from 'https://cache.nixos.org'...
building '/nix/store/5ih7d8c2l9jbwkqlqzrdbzv2zkdg3j2f-r-tuber-0.9.9.drv'...
Running phase: unpackPhase
unpacking source archive /nix/store/5j2hjl0q9z2nxys2lyw6g2mdq5l6lk9i-tuber_0.9.9.tar.gz
source root is tuber
setting SOURCE_DATE_EPOCH to timestamp 1591854607 of file tuber/MD5
Running phase: patchPhase
Running phase: updateAutotoolsGnuConfigScriptsPhase
Running phase: configurePhase
Running phase: buildPhase
Running phase: checkPhase
Running phase: installPhase
* installing *source* package ‘tuber’ ...
** package ‘tuber’ correctement décompressé et sommes MD5 vérifiées
** using staged installation
** R
** inst
** byte-compile and prepare package for lazy loading
** help
*** installing help indices
** building package indices
** installing vignettes
** testing if installed package can be loaded from temporary location
** testing if installed package can be loaded from final location
** testing if installed package keeps a record of temporary installation path
* DONE (tuber)
Running phase: fixupPhase
checking for references to /private/tmp/nix-build-r-tuber-0.9.9.drv-0/ in /nix/store/qkcr7ksldqdf4y6dsq4a9kczm73qsw9c-r-tuber-0.9.9...
patching script interpreter paths in /nix/store/qkcr7ksldqdf4y6dsq4a9kczm73qsw9c-r-tuber-0.9.9
rewriting symlink /nix/store/qkcr7ksldqdf4y6dsq4a9kczm73qsw9c-r-tuber-0.9.9/nix-support/propagated-user-env-packages to be relative to /nix/store/qkcr7ksldqdf4y6dsq4a9kczm73qsw9c-r-tuber-0.9.9
