this derivation will be built:
  /nix/store/crg3x5j83y079ah1ipa3f5006kcnpzhd-r-tsapp-1.0.4.drv
this path will be fetched (0.44 MiB download, 0.44 MiB unpacked):
  /nix/store/w4d7c3c4iz8k9p1jixvn8f3h51z157fd-tsapp_1.0.4.tar.gz
copying path '/nix/store/w4d7c3c4iz8k9p1jixvn8f3h51z157fd-tsapp_1.0.4.tar.gz' from 'https://cache.nixos.org'...
building '/nix/store/crg3x5j83y079ah1ipa3f5006kcnpzhd-r-tsapp-1.0.4.drv'...
Running phase: unpackPhase
unpacking source archive /nix/store/w4d7c3c4iz8k9p1jixvn8f3h51z157fd-tsapp_1.0.4.tar.gz
source root is tsapp
setting SOURCE_DATE_EPOCH to timestamp 1635593402 of file tsapp/MD5
Running phase: patchPhase
Running phase: updateAutotoolsGnuConfigScriptsPhase
Running phase: configurePhase
Running phase: buildPhase
Running phase: checkPhase
Running phase: installPhase
* installing *source* package ‘tsapp’ ...
** package ‘tsapp’ correctement décompressé et sommes MD5 vérifiées
** using staged installation
** R
** data
*** moving datasets to lazyload DB
** byte-compile and prepare package for lazy loading
** help
*** installing help indices
** building package indices
** testing if installed package can be loaded from temporary location
** testing if installed package can be loaded from final location
** testing if installed package keeps a record of temporary installation path
* DONE (tsapp)
Running phase: fixupPhase
checking for references to /private/tmp/nix-build-r-tsapp-1.0.4.drv-0/ in /nix/store/76ih4rix55sal7yx2hmxndzs4kdfis0q-r-tsapp-1.0.4...
patching script interpreter paths in /nix/store/76ih4rix55sal7yx2hmxndzs4kdfis0q-r-tsapp-1.0.4
rewriting symlink /nix/store/76ih4rix55sal7yx2hmxndzs4kdfis0q-r-tsapp-1.0.4/nix-support/propagated-user-env-packages to be relative to /nix/store/76ih4rix55sal7yx2hmxndzs4kdfis0q-r-tsapp-1.0.4
