these 2 derivations will be built:
  /nix/store/msql35ldc16db2rwcm7rxhg45lcv5kh3-ggpath_1.0.2.tar.gz.drv
  /nix/store/bzsdfka394ds54vg25mwz9nhdx16rshb-r-ggpath-1.0.2.drv
building '/nix/store/msql35ldc16db2rwcm7rxhg45lcv5kh3-ggpath_1.0.2.tar.gz.drv'...

trying https://cran.r-project.org/src/contrib/ggpath_1.0.2.tar.gz
  % Total    % Received % Xferd  Average Speed   Time    Time     Time  Current
                                 Dload  Upload   Total   Spent    Left  Speed
100 2898k  100 2898k    0     0  5038k      0 --:--:-- --:--:-- --:--:-- 5041k
building '/nix/store/bzsdfka394ds54vg25mwz9nhdx16rshb-r-ggpath-1.0.2.drv'...
Running phase: unpackPhase
unpacking source archive /nix/store/skzkz1ispkg0dbz0p67dg034zw6v8pp6-ggpath_1.0.2.tar.gz
source root is ggpath
setting SOURCE_DATE_EPOCH to timestamp 1724146202 of file ggpath/MD5
Running phase: patchPhase
Running phase: updateAutotoolsGnuConfigScriptsPhase
Running phase: configurePhase
Running phase: buildPhase
Running phase: checkPhase
Running phase: installPhase
* installing *source* package ‘ggpath’ ...
** package ‘ggpath’ correctement décompressé et sommes MD5 vérifiées
** using staged installation
** R
** inst
** byte-compile and prepare package for lazy loading
** help
*** installing help indices
*** copying figures
** building package indices
** testing if installed package can be loaded from temporary location
** testing if installed package can be loaded from final location
** testing if installed package keeps a record of temporary installation path
* DONE (ggpath)
Running phase: fixupPhase
checking for references to /private/tmp/nix-build-r-ggpath-1.0.2.drv-0/ in /nix/store/i57byslbgv9s3ampw90bqlxf864qpfgm-r-ggpath-1.0.2...
patching script interpreter paths in /nix/store/i57byslbgv9s3ampw90bqlxf864qpfgm-r-ggpath-1.0.2
rewriting symlink /nix/store/i57byslbgv9s3ampw90bqlxf864qpfgm-r-ggpath-1.0.2/nix-support/propagated-user-env-packages to be relative to /nix/store/i57byslbgv9s3ampw90bqlxf864qpfgm-r-ggpath-1.0.2
