this derivation will be built:
  /nix/store/7h3m8klc93nx6502k32l47vnhnjmhmk1-r-lorenz-0.1.0.drv
this path will be fetched (0.01 MiB download, 0.01 MiB unpacked):
  /nix/store/sw0807ca3hqb505jf83awb5cqw50f87w-lorenz_0.1.0.tar.gz
copying path '/nix/store/sw0807ca3hqb505jf83awb5cqw50f87w-lorenz_0.1.0.tar.gz' from 'https://cache.nixos.org'...
building '/nix/store/7h3m8klc93nx6502k32l47vnhnjmhmk1-r-lorenz-0.1.0.drv'...
Running phase: unpackPhase
unpacking source archive /nix/store/sw0807ca3hqb505jf83awb5cqw50f87w-lorenz_0.1.0.tar.gz
source root is lorenz
setting SOURCE_DATE_EPOCH to timestamp 1598948408 of file lorenz/MD5
Running phase: patchPhase
Running phase: updateAutotoolsGnuConfigScriptsPhase
Running phase: configurePhase
Running phase: buildPhase
Running phase: checkPhase
Running phase: installPhase
* installing *source* package ‘lorenz’ ...
** package ‘lorenz’ correctement décompressé et sommes MD5 vérifiées
** using staged installation
** R
** byte-compile and prepare package for lazy loading
** help
*** installing help indices
** building package indices
** testing if installed package can be loaded from temporary location
** testing if installed package can be loaded from final location
** testing if installed package keeps a record of temporary installation path
* DONE (lorenz)
Running phase: fixupPhase
checking for references to /private/tmp/nix-build-r-lorenz-0.1.0.drv-0/ in /nix/store/ijwbv474vkqi0bc9vxa0ijvpa21i5101-r-lorenz-0.1.0...
patching script interpreter paths in /nix/store/ijwbv474vkqi0bc9vxa0ijvpa21i5101-r-lorenz-0.1.0
rewriting symlink /nix/store/ijwbv474vkqi0bc9vxa0ijvpa21i5101-r-lorenz-0.1.0/nix-support/propagated-user-env-packages to be relative to /nix/store/ijwbv474vkqi0bc9vxa0ijvpa21i5101-r-lorenz-0.1.0
