this derivation will be built:
  /nix/store/y73p66lxyqcxjgsy16z1jxiry2xzzskg-r-matchFeat-1.0.drv
this path will be fetched (0.06 MiB download, 0.06 MiB unpacked):
  /nix/store/3n6igsch8qiignjsi2z8rpwxg0pn0yw2-matchFeat_1.0.tar.gz
copying path '/nix/store/3n6igsch8qiignjsi2z8rpwxg0pn0yw2-matchFeat_1.0.tar.gz' from 'https://cache.nixos.org'...
building '/nix/store/y73p66lxyqcxjgsy16z1jxiry2xzzskg-r-matchFeat-1.0.drv'...
Running phase: unpackPhase
unpacking source archive /nix/store/3n6igsch8qiignjsi2z8rpwxg0pn0yw2-matchFeat_1.0.tar.gz
source root is matchFeat
setting SOURCE_DATE_EPOCH to timestamp 1670934607 of file matchFeat/MD5
Running phase: patchPhase
Running phase: updateAutotoolsGnuConfigScriptsPhase
Running phase: configurePhase
Running phase: buildPhase
Running phase: checkPhase
Running phase: installPhase
* installing *source* package ‘matchFeat’ ...
** package ‘matchFeat’ correctement décompressé et sommes MD5 vérifiées
** using staged installation
** R
** data
** byte-compile and prepare package for lazy loading
** help
*** installing help indices
** building package indices
** testing if installed package can be loaded from temporary location
** testing if installed package can be loaded from final location
** testing if installed package keeps a record of temporary installation path
* DONE (matchFeat)
Running phase: fixupPhase
checking for references to /private/tmp/nix-build-r-matchFeat-1.0.drv-0/ in /nix/store/bh7k2xkxpy0b03sib0knmfi1pfvzxzmb-r-matchFeat-1.0...
patching script interpreter paths in /nix/store/bh7k2xkxpy0b03sib0knmfi1pfvzxzmb-r-matchFeat-1.0
rewriting symlink /nix/store/bh7k2xkxpy0b03sib0knmfi1pfvzxzmb-r-matchFeat-1.0/nix-support/propagated-user-env-packages to be relative to /nix/store/bh7k2xkxpy0b03sib0knmfi1pfvzxzmb-r-matchFeat-1.0
