this derivation will be built:
  /nix/store/64f6cdy77vd55aa6n49bmm686q27vq4h-r-iNZightTS-2.0.0.drv
this path will be fetched (0.37 MiB download, 0.37 MiB unpacked):
  /nix/store/cszwkwa5gjrx5ksznfidn0bm75h2f945-iNZightTS_2.0.0.tar.gz
copying path '/nix/store/cszwkwa5gjrx5ksznfidn0bm75h2f945-iNZightTS_2.0.0.tar.gz' from 'https://cache.nixos.org'...
building '/nix/store/64f6cdy77vd55aa6n49bmm686q27vq4h-r-iNZightTS-2.0.0.drv'...
Running phase: unpackPhase
unpacking source archive /nix/store/cszwkwa5gjrx5ksznfidn0bm75h2f945-iNZightTS_2.0.0.tar.gz
source root is iNZightTS
setting SOURCE_DATE_EPOCH to timestamp 1705472402 of file iNZightTS/MD5
Running phase: patchPhase
Running phase: updateAutotoolsGnuConfigScriptsPhase
Running phase: configurePhase
Running phase: buildPhase
Running phase: checkPhase
Running phase: installPhase
* installing *source* package ‘iNZightTS’ ...
** package ‘iNZightTS’ correctement décompressé et sommes MD5 vérifiées
** using staged installation
** R
** data
*** moving datasets to lazyload DB
** byte-compile and prepare package for lazy loading
** help
*** installing help indices
*** copying figures
** building package indices
** testing if installed package can be loaded from temporary location
** testing if installed package can be loaded from final location
** testing if installed package keeps a record of temporary installation path
* DONE (iNZightTS)
Running phase: fixupPhase
checking for references to /private/tmp/nix-build-r-iNZightTS-2.0.0.drv-0/ in /nix/store/zc38vri1x5c8nc5i7f1k7riba51w3zqg-r-iNZightTS-2.0.0...
patching script interpreter paths in /nix/store/zc38vri1x5c8nc5i7f1k7riba51w3zqg-r-iNZightTS-2.0.0
rewriting symlink /nix/store/zc38vri1x5c8nc5i7f1k7riba51w3zqg-r-iNZightTS-2.0.0/nix-support/propagated-user-env-packages to be relative to /nix/store/zc38vri1x5c8nc5i7f1k7riba51w3zqg-r-iNZightTS-2.0.0
