this derivation will be built:
  /nix/store/krys4qmjqiq0dkczljy8jzx2vwcpa40w-r-multiview-0.8.drv
this path will be fetched (1.06 MiB download, 1.06 MiB unpacked):
  /nix/store/i402x0ywgb5nr3razdxci753i3sjxk1f-multiview_0.8.tar.gz
copying path '/nix/store/i402x0ywgb5nr3razdxci753i3sjxk1f-multiview_0.8.tar.gz' from 'https://cache.nixos.org'...
building '/nix/store/krys4qmjqiq0dkczljy8jzx2vwcpa40w-r-multiview-0.8.drv'...
Running phase: unpackPhase
unpacking source archive /nix/store/i402x0ywgb5nr3razdxci753i3sjxk1f-multiview_0.8.tar.gz
source root is multiview
setting SOURCE_DATE_EPOCH to timestamp 1680293402 of file multiview/MD5
Running phase: patchPhase
Running phase: updateAutotoolsGnuConfigScriptsPhase
Running phase: configurePhase
Running phase: buildPhase
Running phase: checkPhase
Running phase: installPhase
* installing *source* package ‘multiview’ ...
** package ‘multiview’ correctement décompressé et sommes MD5 vérifiées
** using staged installation
** libs
using C++ compiler: ‘clang version 16.0.6’
using C++17
using SDK: ‘’
/nix/store/v39c0h6xv6hvki2k1bsyp5n090q8y2bp-clang-wrapper-16.0.6/bin/c++ -std=gnu++17 -I"/nix/store/lir8rmsk7dxbj7v1spqmv69z4mafg16l-R-4.4.2/lib/R/include" -DNDEBUG  -I'/nix/store/da7yi2xf3argx9hlnn3f0k95b8y1yx2l-r-Rcpp-1.0.13-1/library/Rcpp/include' -I'/nix/store/rnnw6rgkd98vplpryvk019w9yxx64gnw-r-RcppEigen-0.3.4.0.2/library/RcppEigen/include' -isystem /nix/store/0mmz5i705116bfykc7i1r9jxqwyghj2a-libcxx-16.0.6-dev/include/c++/v1   -Iglmnetpp/include -Iglmnetpp/src -Iglmnetpp/test  -fPIC  -g -O2   -c RcppExports.cpp -o RcppExports.o
/nix/store/v39c0h6xv6hvki2k1bsyp5n090q8y2bp-clang-wrapper-16.0.6/bin/c++ -std=gnu++17 -I"/nix/store/lir8rmsk7dxbj7v1spqmv69z4mafg16l-R-4.4.2/lib/R/include" -DNDEBUG  -I'/nix/store/da7yi2xf3argx9hlnn3f0k95b8y1yx2l-r-Rcpp-1.0.13-1/library/Rcpp/include' -I'/nix/store/rnnw6rgkd98vplpryvk019w9yxx64gnw-r-RcppEigen-0.3.4.0.2/library/RcppEigen/include' -isystem /nix/store/0mmz5i705116bfykc7i1r9jxqwyghj2a-libcxx-16.0.6-dev/include/c++/v1   -Iglmnetpp/include -Iglmnetpp/src -Iglmnetpp/test  -fPIC  -g -O2   -c wls_exp.cpp -o wls_exp.o
/nix/store/v39c0h6xv6hvki2k1bsyp5n090q8y2bp-clang-wrapper-16.0.6/bin/c++ -std=gnu++17 -dynamiclib -Wl,-headerpad_max_install_names -undefined dynamic_lookup -L/nix/store/lir8rmsk7dxbj7v1spqmv69z4mafg16l-R-4.4.2/lib/R/lib -L/nix/store/88xkgzh5g9xppsg3hdxxxh9q43rnxk6k-libcxx-16.0.6/lib -o multiview.so RcppExports.o wls_exp.o -L/nix/store/lir8rmsk7dxbj7v1spqmv69z4mafg16l-R-4.4.2/lib/R/lib -lR -lintl -Wl,-framework -Wl,CoreFoundation
installing to /nix/store/59rz88ysvwdf31sjykvrh4h8pfigyfwx-r-multiview-0.8/library/00LOCK-multiview/00new/multiview/libs
** R
** inst
** byte-compile and prepare package for lazy loading
** help
*** installing help indices
*** copying figures
** building package indices
** installing vignettes
** testing if installed package can be loaded from temporary location
** checking absolute paths in shared objects and dynamic libraries
** testing if installed package can be loaded from final location
** testing if installed package keeps a record of temporary installation path
* DONE (multiview)
Running phase: fixupPhase
checking for references to /private/tmp/nix-build-r-multiview-0.8.drv-0/ in /nix/store/59rz88ysvwdf31sjykvrh4h8pfigyfwx-r-multiview-0.8...
patching script interpreter paths in /nix/store/59rz88ysvwdf31sjykvrh4h8pfigyfwx-r-multiview-0.8
rewriting symlink /nix/store/59rz88ysvwdf31sjykvrh4h8pfigyfwx-r-multiview-0.8/nix-support/propagated-user-env-packages to be relative to /nix/store/59rz88ysvwdf31sjykvrh4h8pfigyfwx-r-multiview-0.8
