this derivation will be built:
  /nix/store/9wd1z9c0l8r3vx52ab7dhvsxchb2k3xm-r-tree3d-0.1.2.drv
this path will be fetched (0.36 MiB download, 0.36 MiB unpacked):
  /nix/store/nrvrsp2rwvl31678y10gfdhcz80yjmfw-tree3d_0.1.2.tar.gz
copying path '/nix/store/nrvrsp2rwvl31678y10gfdhcz80yjmfw-tree3d_0.1.2.tar.gz' from 'https://cache.nixos.org'...
building '/nix/store/9wd1z9c0l8r3vx52ab7dhvsxchb2k3xm-r-tree3d-0.1.2.drv'...
Running phase: unpackPhase
unpacking source archive /nix/store/nrvrsp2rwvl31678y10gfdhcz80yjmfw-tree3d_0.1.2.tar.gz
source root is tree3d
setting SOURCE_DATE_EPOCH to timestamp 1687509602 of file tree3d/MD5
Running phase: patchPhase
Running phase: updateAutotoolsGnuConfigScriptsPhase
Running phase: configurePhase
Running phase: buildPhase
Running phase: checkPhase
Running phase: installPhase
* installing *source* package ‘tree3d’ ...
** package ‘tree3d’ correctement décompressé et sommes MD5 vérifiées
** using staged installation
** R
** inst
** byte-compile and prepare package for lazy loading
** help
*** installing help indices
*** copying figures
** building package indices
** testing if installed package can be loaded from temporary location
** testing if installed package can be loaded from final location
** testing if installed package keeps a record of temporary installation path
* DONE (tree3d)
Running phase: fixupPhase
checking for references to /private/tmp/nix-build-r-tree3d-0.1.2.drv-0/ in /nix/store/b2g5qvvdjj44448rjra4jhbinhh0dc3d-r-tree3d-0.1.2...
patching script interpreter paths in /nix/store/b2g5qvvdjj44448rjra4jhbinhh0dc3d-r-tree3d-0.1.2
rewriting symlink /nix/store/b2g5qvvdjj44448rjra4jhbinhh0dc3d-r-tree3d-0.1.2/nix-support/propagated-user-env-packages to be relative to /nix/store/b2g5qvvdjj44448rjra4jhbinhh0dc3d-r-tree3d-0.1.2
