this derivation will be built:
  /nix/store/f9fkq2jiprpkm974zjxh8nnj22n900ra-r-PenIC-1.0.0.drv
this path will be fetched (0.01 MiB download, 0.01 MiB unpacked):
  /nix/store/b2f4v9rm9k9yh7rfnw04bksxrrxmq5fr-PenIC_1.0.0.tar.gz
copying path '/nix/store/b2f4v9rm9k9yh7rfnw04bksxrrxmq5fr-PenIC_1.0.0.tar.gz' from 'https://cache.nixos.org'...
building '/nix/store/f9fkq2jiprpkm974zjxh8nnj22n900ra-r-PenIC-1.0.0.drv'...
Running phase: unpackPhase
unpacking source archive /nix/store/b2f4v9rm9k9yh7rfnw04bksxrrxmq5fr-PenIC_1.0.0.tar.gz
source root is PenIC
setting SOURCE_DATE_EPOCH to timestamp 1578588007 of file PenIC/MD5
Running phase: patchPhase
Running phase: updateAutotoolsGnuConfigScriptsPhase
Running phase: configurePhase
Running phase: buildPhase
Running phase: checkPhase
Running phase: installPhase
* installing *source* package ‘PenIC’ ...
** package ‘PenIC’ correctement décompressé et sommes MD5 vérifiées
** using staged installation
** R
** inst
** byte-compile and prepare package for lazy loading
** help
*** installing help indices
** building package indices
** testing if installed package can be loaded from temporary location
** testing if installed package can be loaded from final location
** testing if installed package keeps a record of temporary installation path
* DONE (PenIC)
Running phase: fixupPhase
checking for references to /private/tmp/nix-build-r-PenIC-1.0.0.drv-0/ in /nix/store/rnljjc9ggsrl09asxrcmh9nr8phmilkk-r-PenIC-1.0.0...
patching script interpreter paths in /nix/store/rnljjc9ggsrl09asxrcmh9nr8phmilkk-r-PenIC-1.0.0
rewriting symlink /nix/store/rnljjc9ggsrl09asxrcmh9nr8phmilkk-r-PenIC-1.0.0/nix-support/propagated-user-env-packages to be relative to /nix/store/rnljjc9ggsrl09asxrcmh9nr8phmilkk-r-PenIC-1.0.0
