this derivation will be built:
  /nix/store/kn7mxqq8ldwm0qdnb56cqppqnd8yw49p-r-obcost-0.1.0.drv
this path will be fetched (0.41 MiB download, 0.41 MiB unpacked):
  /nix/store/kqqgvnhhb80vqg3nbpns7prpabdb6vs1-obcost_0.1.0.tar.gz
copying path '/nix/store/kqqgvnhhb80vqg3nbpns7prpabdb6vs1-obcost_0.1.0.tar.gz' from 'https://cache.nixos.org'...
building '/nix/store/kn7mxqq8ldwm0qdnb56cqppqnd8yw49p-r-obcost-0.1.0.drv'...
Running phase: unpackPhase
unpacking source archive /nix/store/kqqgvnhhb80vqg3nbpns7prpabdb6vs1-obcost_0.1.0.tar.gz
source root is obcost
setting SOURCE_DATE_EPOCH to timestamp 1673004602 of file obcost/MD5
Running phase: patchPhase
Running phase: updateAutotoolsGnuConfigScriptsPhase
Running phase: configurePhase
Running phase: buildPhase
Running phase: checkPhase
Running phase: installPhase
* installing *source* package ‘obcost’ ...
** package ‘obcost’ correctement décompressé et sommes MD5 vérifiées
** using staged installation
** R
** data
*** moving datasets to lazyload DB
** byte-compile and prepare package for lazy loading
** help
*** installing help indices
** building package indices
** testing if installed package can be loaded from temporary location
** testing if installed package can be loaded from final location
** testing if installed package keeps a record of temporary installation path
* DONE (obcost)
Running phase: fixupPhase
checking for references to /private/tmp/nix-build-r-obcost-0.1.0.drv-0/ in /nix/store/157glmz5ggn9kw6dbhgnvppg3j2k4jff-r-obcost-0.1.0...
patching script interpreter paths in /nix/store/157glmz5ggn9kw6dbhgnvppg3j2k4jff-r-obcost-0.1.0
rewriting symlink /nix/store/157glmz5ggn9kw6dbhgnvppg3j2k4jff-r-obcost-0.1.0/nix-support/propagated-user-env-packages to be relative to /nix/store/157glmz5ggn9kw6dbhgnvppg3j2k4jff-r-obcost-0.1.0
