these 6 derivations will be built:
  /nix/store/sdsrwmzv30yyp0f5sjgc56jwizx04rh8-r-ndjson-0.9.0.drv
  /nix/store/kvk499dcl4gcvgqfqzlrnmzsixav3v4k-r-streamR-0.4.5.drv
  /nix/store/lbwwmkyvb2ly0n95b8vlmiw7a9a4p8ax-r-striprtf-0.6.0.drv
  /nix/store/v80f6qikkdjd4jn6lfjqpl66w4jhm1fr-r-pdftools-3.4.1.drv
  /nix/store/j0z885cy6c4f9md0dpvp3br0dm30m84a-r-readtext-0.91.drv
  /nix/store/021xmv7ym8fml87gfmzllvm8miy6i17x-r-FSK2R-0.1.3.drv
building '/nix/store/v80f6qikkdjd4jn6lfjqpl66w4jhm1fr-r-pdftools-3.4.1.drv'...
building '/nix/store/lbwwmkyvb2ly0n95b8vlmiw7a9a4p8ax-r-striprtf-0.6.0.drv'...
building '/nix/store/sdsrwmzv30yyp0f5sjgc56jwizx04rh8-r-ndjson-0.9.0.drv'...
Running phase: unpackPhase
Running phase: unpackPhase
unpacking source archive /nix/store/aznsqcrv9rqnlmdd633wnbrhwiiwmxz0-striprtf_0.6.0.tar.gz
source root is striprtf
setting SOURCE_DATE_EPOCH to timestamp 1691684402 of file striprtf/MD5
Running phase: patchPhase
unpacking source archive /nix/store/asay0ihqi1nd7qf6g9787ydj1v7gx8v8-pdftools_3.4.1.tar.gz
Running phase: updateAutotoolsGnuConfigScriptsPhase
Running phase: configurePhase
source root is pdftools
setting SOURCE_DATE_EPOCH to timestamp 1726821602 of file pdftools/MD5
Running phase: buildPhase
Running phase: patchPhase
Running phase: checkPhase
Running phase: updateAutotoolsGnuConfigScriptsPhase
Running phase: installPhase
Running phase: configurePhase
Running phase: unpackPhase
Running phase: buildPhase
unpacking source archive /nix/store/qxgi0vfzs9lcpxi9kwabj1kvj82r9z64-ndjson_0.9.0.tar.gz
Running phase: checkPhase
Running phase: glibPreInstallPhase
source root is ndjson
Running phase: installPhase
setting SOURCE_DATE_EPOCH to timestamp 1665990604 of file ndjson/MD5
Running phase: patchPhase
Running phase: updateAutotoolsGnuConfigScriptsPhase
* installing *source* package ‘striprtf’ ...
** package ‘striprtf’ correctement décompressé et sommes MD5 vérifiées
** using staged installation
Running phase: configurePhase
** libs
Running phase: buildPhase
Running phase: checkPhase
Running phase: installPhase
using C++ compiler: ‘clang version 16.0.6’
using SDK: ‘’
/nix/store/v39c0h6xv6hvki2k1bsyp5n090q8y2bp-clang-wrapper-16.0.6/bin/c++ -std=gnu++17 -I"/nix/store/lir8rmsk7dxbj7v1spqmv69z4mafg16l-R-4.4.2/lib/R/include" -DNDEBUG  -I'/nix/store/da7yi2xf3argx9hlnn3f0k95b8y1yx2l-r-Rcpp-1.0.13-1/library/Rcpp/include' -isystem /nix/store/0mmz5i705116bfykc7i1r9jxqwyghj2a-libcxx-16.0.6-dev/include/c++/v1    -fPIC  -g -O2   -c RcppExports.cpp -o RcppExports.o
/nix/store/v39c0h6xv6hvki2k1bsyp5n090q8y2bp-clang-wrapper-16.0.6/bin/c++ -std=gnu++17 -I"/nix/store/lir8rmsk7dxbj7v1spqmv69z4mafg16l-R-4.4.2/lib/R/include" -DNDEBUG  -I'/nix/store/da7yi2xf3argx9hlnn3f0k95b8y1yx2l-r-Rcpp-1.0.13-1/library/Rcpp/include' -isystem /nix/store/0mmz5i705116bfykc7i1r9jxqwyghj2a-libcxx-16.0.6-dev/include/c++/v1    -fPIC  -g -O2   -c dechex.cpp -o dechex.o
/nix/store/v39c0h6xv6hvki2k1bsyp5n090q8y2bp-clang-wrapper-16.0.6/bin/c++ -std=gnu++17 -I"/nix/store/lir8rmsk7dxbj7v1spqmv69z4mafg16l-R-4.4.2/lib/R/include" -DNDEBUG  -I'/nix/store/da7yi2xf3argx9hlnn3f0k95b8y1yx2l-r-Rcpp-1.0.13-1/library/Rcpp/include' -isystem /nix/store/0mmz5i705116bfykc7i1r9jxqwyghj2a-libcxx-16.0.6-dev/include/c++/v1    -fPIC  -g -O2   -c strip_helper.cpp -o strip_helper.o
* installing *source* package ‘pdftools’ ...
** package ‘pdftools’ correctement décompressé et sommes MD5 vérifiées
** using staged installation
* installing *source* package ‘ndjson’ ...
** package ‘ndjson’ correctement décompressé et sommes MD5 vérifiées
** using staged installation
** libs
using C++ compiler: ‘clang version 16.0.6’
using C++17
using SDK: ‘’
/nix/store/v39c0h6xv6hvki2k1bsyp5n090q8y2bp-clang-wrapper-16.0.6/bin/c++ -std=gnu++17 -I"/nix/store/lir8rmsk7dxbj7v1spqmv69z4mafg16l-R-4.4.2/lib/R/include" -DNDEBUG  -I'/nix/store/da7yi2xf3argx9hlnn3f0k95b8y1yx2l-r-Rcpp-1.0.13-1/library/Rcpp/include' -isystem /nix/store/0mmz5i705116bfykc7i1r9jxqwyghj2a-libcxx-16.0.6-dev/include/c++/v1   -I../inst/include -fPIC  -g -O2   -c RcppExports.cpp -o RcppExports.o
/nix/store/v39c0h6xv6hvki2k1bsyp5n090q8y2bp-clang-wrapper-16.0.6/bin/c++ -std=gnu++17 -I"/nix/store/lir8rmsk7dxbj7v1spqmv69z4mafg16l-R-4.4.2/lib/R/include" -DNDEBUG  -I'/nix/store/da7yi2xf3argx9hlnn3f0k95b8y1yx2l-r-Rcpp-1.0.13-1/library/Rcpp/include' -isystem /nix/store/0mmz5i705116bfykc7i1r9jxqwyghj2a-libcxx-16.0.6-dev/include/c++/v1   -I../inst/include -fPIC  -g -O2   -c gzstream.cpp -o gzstream.o
/nix/store/v39c0h6xv6hvki2k1bsyp5n090q8y2bp-clang-wrapper-16.0.6/bin/c++ -std=gnu++17 -I"/nix/store/lir8rmsk7dxbj7v1spqmv69z4mafg16l-R-4.4.2/lib/R/include" -DNDEBUG  -I'/nix/store/da7yi2xf3argx9hlnn3f0k95b8y1yx2l-r-Rcpp-1.0.13-1/library/Rcpp/include' -isystem /nix/store/0mmz5i705116bfykc7i1r9jxqwyghj2a-libcxx-16.0.6-dev/include/c++/v1   -I../inst/include -fPIC  -g -O2   -c ndjson.cpp -o ndjson.o
In file included from strip_helper.cpp:9:
./dict.h:42:31: warning: adding 'int' to a string does not append to the string [-Wstring-plus-int]
    if (haskey(key)) stop(key + " already exists");
                          ~~~~^~~~~~~~~~~~~~~~~~~
strip_helper.cpp:77:13: note: in instantiation of member function 'SimpleOrderedDict<int, int>::insert' requested here
    codemap.insert(int_before[i], int_after[i]);
            ^
./dict.h:42:31: note: use array indexing to silence this warning
    if (haskey(key)) stop(key + " already exists");
                              ^
Found pkg-config cflags and libs!
Using PKG_CFLAGS=-I/nix/store/czxybss90yhbsrai630ry5cmz5syhkqf-poppler-glib-24.02.0-dev/include/poppler/cpp
Using PKG_LIBS=-L/nix/store/9ixww70y9rby0jch465iiwbqz1j9zcvf-poppler-glib-24.02.0/lib -lpoppler-cpp
Package poppler-data was not found in the pkg-config search path.
Perhaps you should add the directory containing `poppler-data.pc'
to the PKG_CONFIG_PATH environment variable
No package 'poppler-data' found
ERROR: configuration failed for package ‘pdftools’
* removing ‘/nix/store/iypffqzwq4nr7vhci0y08bybj28vvgrl-r-pdftools-3.4.1/library/pdftools’
error: builder for '/nix/store/v80f6qikkdjd4jn6lfjqpl66w4jhm1fr-r-pdftools-3.4.1.drv' failed with exit code 1;
       last 23 log lines:
       > Running phase: unpackPhase
       > unpacking source archive /nix/store/asay0ihqi1nd7qf6g9787ydj1v7gx8v8-pdftools_3.4.1.tar.gz
       > source root is pdftools
       > setting SOURCE_DATE_EPOCH to timestamp 1726821602 of file pdftools/MD5
       > Running phase: patchPhase
       > Running phase: updateAutotoolsGnuConfigScriptsPhase
       > Running phase: configurePhase
       > Running phase: buildPhase
       > Running phase: checkPhase
       > Running phase: glibPreInstallPhase
       > Running phase: installPhase
       > * installing *source* package ‘pdftools’ ...
       > ** package ‘pdftools’ correctement décompressé et sommes MD5 vérifiées
       > ** using staged installation
       > Found pkg-config cflags and libs!
       > Using PKG_CFLAGS=-I/nix/store/czxybss90yhbsrai630ry5cmz5syhkqf-poppler-glib-24.02.0-dev/include/poppler/cpp
       > Using PKG_LIBS=-L/nix/store/9ixww70y9rby0jch465iiwbqz1j9zcvf-poppler-glib-24.02.0/lib -lpoppler-cpp
       > Package poppler-data was not found in the pkg-config search path.
       > Perhaps you should add the directory containing `poppler-data.pc'
       > to the PKG_CONFIG_PATH environment variable
       > No package 'poppler-data' found
       > ERROR: configuration failed for package ‘pdftools’
       > * removing ‘/nix/store/iypffqzwq4nr7vhci0y08bybj28vvgrl-r-pdftools-3.4.1/library/pdftools’
       For full logs, run 'nix log /nix/store/v80f6qikkdjd4jn6lfjqpl66w4jhm1fr-r-pdftools-3.4.1.drv'.
error: 1 dependencies of derivation '/nix/store/j0z885cy6c4f9md0dpvp3br0dm30m84a-r-readtext-0.91.drv' failed to build
error: 1 dependencies of derivation '/nix/store/021xmv7ym8fml87gfmzllvm8miy6i17x-r-FSK2R-0.1.3.drv' failed to build
