this derivation will be built:
  /nix/store/j2k9gb9da1xgnh9xaycr5ysd0ysy0mvi-r-rflsgen-1.2.2.drv
this path will be fetched (4.61 MiB download, 4.61 MiB unpacked):
  /nix/store/s9bfysxr2xazgg897yrc3nvzrjpnlf0m-rflsgen_1.2.2.tar.gz
copying path '/nix/store/s9bfysxr2xazgg897yrc3nvzrjpnlf0m-rflsgen_1.2.2.tar.gz' from 'https://cache.nixos.org'...
building '/nix/store/j2k9gb9da1xgnh9xaycr5ysd0ysy0mvi-r-rflsgen-1.2.2.drv'...
Running phase: unpackPhase
unpacking source archive /nix/store/s9bfysxr2xazgg897yrc3nvzrjpnlf0m-rflsgen_1.2.2.tar.gz
source root is rflsgen
setting SOURCE_DATE_EPOCH to timestamp 1716301802 of file rflsgen/MD5
Running phase: patchPhase
Running phase: updateAutotoolsGnuConfigScriptsPhase
Running phase: configurePhase
Running phase: buildPhase
Running phase: checkPhase
Running phase: installPhase
* installing *source* package ‘rflsgen’ ...
** package ‘rflsgen’ correctement décompressé et sommes MD5 vérifiées
** using staged installation
** R
** inst
** byte-compile and prepare package for lazy loading
le code des méthodes de la classe “Rcpp_SpatCategories” n'a pas été vérifié pour les affectations de champs suspectes (package recommandé ‘codetools’ indisponible ?)
le code des méthodes de la classe “Rcpp_SpatCategories” n'a pas été vérifié pour les affectations de champs suspectes (package recommandé ‘codetools’ indisponible ?)
le code des méthodes de la classe “Rcpp_SpatDataFrame” n'a pas été vérifié pour les affectations de champs suspectes (package recommandé ‘codetools’ indisponible ?)
le code des méthodes de la classe “Rcpp_SpatDataFrame” n'a pas été vérifié pour les affectations de champs suspectes (package recommandé ‘codetools’ indisponible ?)
le code des méthodes de la classe “Rcpp_SpatExtent” n'a pas été vérifié pour les affectations de champs suspectes (package recommandé ‘codetools’ indisponible ?)
le code des méthodes de la classe “Rcpp_SpatExtent” n'a pas été vérifié pour les affectations de champs suspectes (package recommandé ‘codetools’ indisponible ?)
le code des méthodes de la classe “Rcpp_SpatFactor” n'a pas été vérifié pour les affectations de champs suspectes (package recommandé ‘codetools’ indisponible ?)
le code des méthodes de la classe “Rcpp_SpatFactor” n'a pas été vérifié pour les affectations de champs suspectes (package recommandé ‘codetools’ indisponible ?)
le code des méthodes de la classe “Rcpp_SpatGraph” n'a pas été vérifié pour les affectations de champs suspectes (package recommandé ‘codetools’ indisponible ?)
le code des méthodes de la classe “Rcpp_SpatGraph” n'a pas été vérifié pour les affectations de champs suspectes (package recommandé ‘codetools’ indisponible ?)
le code des méthodes de la classe “Rcpp_SpatMessages” n'a pas été vérifié pour les affectations de champs suspectes (package recommandé ‘codetools’ indisponible ?)
le code des méthodes de la classe “Rcpp_SpatMessages” n'a pas été vérifié pour les affectations de champs suspectes (package recommandé ‘codetools’ indisponible ?)
le code des méthodes de la classe “Rcpp_SpatOptions” n'a pas été vérifié pour les affectations de champs suspectes (package recommandé ‘codetools’ indisponible ?)
le code des méthodes de la classe “Rcpp_SpatOptions” n'a pas été vérifié pour les affectations de champs suspectes (package recommandé ‘codetools’ indisponible ?)
le code des méthodes de la classe “Rcpp_SpatRaster” n'a pas été vérifié pour les affectations de champs suspectes (package recommandé ‘codetools’ indisponible ?)
le code des méthodes de la classe “Rcpp_SpatRaster” n'a pas été vérifié pour les affectations de champs suspectes (package recommandé ‘codetools’ indisponible ?)
le code des méthodes de la classe “Rcpp_SpatRasterCollection” n'a pas été vérifié pour les affectations de champs suspectes (package recommandé ‘codetools’ indisponible ?)
le code des méthodes de la classe “Rcpp_SpatRasterCollection” n'a pas été vérifié pour les affectations de champs suspectes (package recommandé ‘codetools’ indisponible ?)
le code des méthodes de la classe “Rcpp_SpatRasterStack” n'a pas été vérifié pour les affectations de champs suspectes (package recommandé ‘codetools’ indisponible ?)
le code des méthodes de la classe “Rcpp_SpatRasterStack” n'a pas été vérifié pour les affectations de champs suspectes (package recommandé ‘codetools’ indisponible ?)
le code des méthodes de la classe “Rcpp_SpatSRS” n'a pas été vérifié pour les affectations de champs suspectes (package recommandé ‘codetools’ indisponible ?)
le code des méthodes de la classe “Rcpp_SpatSRS” n'a pas été vérifié pour les affectations de champs suspectes (package recommandé ‘codetools’ indisponible ?)
le code des méthodes de la classe “Rcpp_SpatTime_v” n'a pas été vérifié pour les affectations de champs suspectes (package recommandé ‘codetools’ indisponible ?)
le code des méthodes de la classe “Rcpp_SpatTime_v” n'a pas été vérifié pour les affectations de champs suspectes (package recommandé ‘codetools’ indisponible ?)
le code des méthodes de la classe “Rcpp_SpatVector” n'a pas été vérifié pour les affectations de champs suspectes (package recommandé ‘codetools’ indisponible ?)
le code des méthodes de la classe “Rcpp_SpatVector” n'a pas été vérifié pour les affectations de champs suspectes (package recommandé ‘codetools’ indisponible ?)
le code des méthodes de la classe “Rcpp_SpatVectorCollection” n'a pas été vérifié pour les affectations de champs suspectes (package recommandé ‘codetools’ indisponible ?)
le code des méthodes de la classe “Rcpp_SpatVectorCollection” n'a pas été vérifié pour les affectations de champs suspectes (package recommandé ‘codetools’ indisponible ?)
le code des méthodes de la classe “Rcpp_SpatVectorProxy” n'a pas été vérifié pour les affectations de champs suspectes (package recommandé ‘codetools’ indisponible ?)
le code des méthodes de la classe “Rcpp_SpatVectorProxy” n'a pas été vérifié pour les affectations de champs suspectes (package recommandé ‘codetools’ indisponible ?)
** help
*** installing help indices
*** copying figures
** building package indices
** installing vignettes
** testing if installed package can be loaded from temporary location
le code des méthodes de la classe “Rcpp_SpatCategories” n'a pas été vérifié pour les affectations de champs suspectes (package recommandé ‘codetools’ indisponible ?)
le code des méthodes de la classe “Rcpp_SpatCategories” n'a pas été vérifié pour les affectations de champs suspectes (package recommandé ‘codetools’ indisponible ?)
le code des méthodes de la classe “Rcpp_SpatDataFrame” n'a pas été vérifié pour les affectations de champs suspectes (package recommandé ‘codetools’ indisponible ?)
le code des méthodes de la classe “Rcpp_SpatDataFrame” n'a pas été vérifié pour les affectations de champs suspectes (package recommandé ‘codetools’ indisponible ?)
le code des méthodes de la classe “Rcpp_SpatExtent” n'a pas été vérifié pour les affectations de champs suspectes (package recommandé ‘codetools’ indisponible ?)
le code des méthodes de la classe “Rcpp_SpatExtent” n'a pas été vérifié pour les affectations de champs suspectes (package recommandé ‘codetools’ indisponible ?)
le code des méthodes de la classe “Rcpp_SpatFactor” n'a pas été vérifié pour les affectations de champs suspectes (package recommandé ‘codetools’ indisponible ?)
le code des méthodes de la classe “Rcpp_SpatFactor” n'a pas été vérifié pour les affectations de champs suspectes (package recommandé ‘codetools’ indisponible ?)
le code des méthodes de la classe “Rcpp_SpatGraph” n'a pas été vérifié pour les affectations de champs suspectes (package recommandé ‘codetools’ indisponible ?)
le code des méthodes de la classe “Rcpp_SpatGraph” n'a pas été vérifié pour les affectations de champs suspectes (package recommandé ‘codetools’ indisponible ?)
le code des méthodes de la classe “Rcpp_SpatMessages” n'a pas été vérifié pour les affectations de champs suspectes (package recommandé ‘codetools’ indisponible ?)
le code des méthodes de la classe “Rcpp_SpatMessages” n'a pas été vérifié pour les affectations de champs suspectes (package recommandé ‘codetools’ indisponible ?)
le code des méthodes de la classe “Rcpp_SpatOptions” n'a pas été vérifié pour les affectations de champs suspectes (package recommandé ‘codetools’ indisponible ?)
le code des méthodes de la classe “Rcpp_SpatOptions” n'a pas été vérifié pour les affectations de champs suspectes (package recommandé ‘codetools’ indisponible ?)
le code des méthodes de la classe “Rcpp_SpatRaster” n'a pas été vérifié pour les affectations de champs suspectes (package recommandé ‘codetools’ indisponible ?)
le code des méthodes de la classe “Rcpp_SpatRaster” n'a pas été vérifié pour les affectations de champs suspectes (package recommandé ‘codetools’ indisponible ?)
le code des méthodes de la classe “Rcpp_SpatRasterCollection” n'a pas été vérifié pour les affectations de champs suspectes (package recommandé ‘codetools’ indisponible ?)
le code des méthodes de la classe “Rcpp_SpatRasterCollection” n'a pas été vérifié pour les affectations de champs suspectes (package recommandé ‘codetools’ indisponible ?)
le code des méthodes de la classe “Rcpp_SpatRasterStack” n'a pas été vérifié pour les affectations de champs suspectes (package recommandé ‘codetools’ indisponible ?)
le code des méthodes de la classe “Rcpp_SpatRasterStack” n'a pas été vérifié pour les affectations de champs suspectes (package recommandé ‘codetools’ indisponible ?)
le code des méthodes de la classe “Rcpp_SpatSRS” n'a pas été vérifié pour les affectations de champs suspectes (package recommandé ‘codetools’ indisponible ?)
le code des méthodes de la classe “Rcpp_SpatSRS” n'a pas été vérifié pour les affectations de champs suspectes (package recommandé ‘codetools’ indisponible ?)
le code des méthodes de la classe “Rcpp_SpatTime_v” n'a pas été vérifié pour les affectations de champs suspectes (package recommandé ‘codetools’ indisponible ?)
le code des méthodes de la classe “Rcpp_SpatTime_v” n'a pas été vérifié pour les affectations de champs suspectes (package recommandé ‘codetools’ indisponible ?)
le code des méthodes de la classe “Rcpp_SpatVector” n'a pas été vérifié pour les affectations de champs suspectes (package recommandé ‘codetools’ indisponible ?)
le code des méthodes de la classe “Rcpp_SpatVector” n'a pas été vérifié pour les affectations de champs suspectes (package recommandé ‘codetools’ indisponible ?)
le code des méthodes de la classe “Rcpp_SpatVectorCollection” n'a pas été vérifié pour les affectations de champs suspectes (package recommandé ‘codetools’ indisponible ?)
le code des méthodes de la classe “Rcpp_SpatVectorCollection” n'a pas été vérifié pour les affectations de champs suspectes (package recommandé ‘codetools’ indisponible ?)
le code des méthodes de la classe “Rcpp_SpatVectorProxy” n'a pas été vérifié pour les affectations de champs suspectes (package recommandé ‘codetools’ indisponible ?)
le code des méthodes de la classe “Rcpp_SpatVectorProxy” n'a pas été vérifié pour les affectations de champs suspectes (package recommandé ‘codetools’ indisponible ?)
** testing if installed package can be loaded from final location
le code des méthodes de la classe “Rcpp_SpatCategories” n'a pas été vérifié pour les affectations de champs suspectes (package recommandé ‘codetools’ indisponible ?)
le code des méthodes de la classe “Rcpp_SpatCategories” n'a pas été vérifié pour les affectations de champs suspectes (package recommandé ‘codetools’ indisponible ?)
le code des méthodes de la classe “Rcpp_SpatDataFrame” n'a pas été vérifié pour les affectations de champs suspectes (package recommandé ‘codetools’ indisponible ?)
le code des méthodes de la classe “Rcpp_SpatDataFrame” n'a pas été vérifié pour les affectations de champs suspectes (package recommandé ‘codetools’ indisponible ?)
le code des méthodes de la classe “Rcpp_SpatExtent” n'a pas été vérifié pour les affectations de champs suspectes (package recommandé ‘codetools’ indisponible ?)
le code des méthodes de la classe “Rcpp_SpatExtent” n'a pas été vérifié pour les affectations de champs suspectes (package recommandé ‘codetools’ indisponible ?)
le code des méthodes de la classe “Rcpp_SpatFactor” n'a pas été vérifié pour les affectations de champs suspectes (package recommandé ‘codetools’ indisponible ?)
le code des méthodes de la classe “Rcpp_SpatFactor” n'a pas été vérifié pour les affectations de champs suspectes (package recommandé ‘codetools’ indisponible ?)
le code des méthodes de la classe “Rcpp_SpatGraph” n'a pas été vérifié pour les affectations de champs suspectes (package recommandé ‘codetools’ indisponible ?)
le code des méthodes de la classe “Rcpp_SpatGraph” n'a pas été vérifié pour les affectations de champs suspectes (package recommandé ‘codetools’ indisponible ?)
le code des méthodes de la classe “Rcpp_SpatMessages” n'a pas été vérifié pour les affectations de champs suspectes (package recommandé ‘codetools’ indisponible ?)
le code des méthodes de la classe “Rcpp_SpatMessages” n'a pas été vérifié pour les affectations de champs suspectes (package recommandé ‘codetools’ indisponible ?)
le code des méthodes de la classe “Rcpp_SpatOptions” n'a pas été vérifié pour les affectations de champs suspectes (package recommandé ‘codetools’ indisponible ?)
le code des méthodes de la classe “Rcpp_SpatOptions” n'a pas été vérifié pour les affectations de champs suspectes (package recommandé ‘codetools’ indisponible ?)
le code des méthodes de la classe “Rcpp_SpatRaster” n'a pas été vérifié pour les affectations de champs suspectes (package recommandé ‘codetools’ indisponible ?)
le code des méthodes de la classe “Rcpp_SpatRaster” n'a pas été vérifié pour les affectations de champs suspectes (package recommandé ‘codetools’ indisponible ?)
le code des méthodes de la classe “Rcpp_SpatRasterCollection” n'a pas été vérifié pour les affectations de champs suspectes (package recommandé ‘codetools’ indisponible ?)
le code des méthodes de la classe “Rcpp_SpatRasterCollection” n'a pas été vérifié pour les affectations de champs suspectes (package recommandé ‘codetools’ indisponible ?)
le code des méthodes de la classe “Rcpp_SpatRasterStack” n'a pas été vérifié pour les affectations de champs suspectes (package recommandé ‘codetools’ indisponible ?)
le code des méthodes de la classe “Rcpp_SpatRasterStack” n'a pas été vérifié pour les affectations de champs suspectes (package recommandé ‘codetools’ indisponible ?)
le code des méthodes de la classe “Rcpp_SpatSRS” n'a pas été vérifié pour les affectations de champs suspectes (package recommandé ‘codetools’ indisponible ?)
le code des méthodes de la classe “Rcpp_SpatSRS” n'a pas été vérifié pour les affectations de champs suspectes (package recommandé ‘codetools’ indisponible ?)
le code des méthodes de la classe “Rcpp_SpatTime_v” n'a pas été vérifié pour les affectations de champs suspectes (package recommandé ‘codetools’ indisponible ?)
le code des méthodes de la classe “Rcpp_SpatTime_v” n'a pas été vérifié pour les affectations de champs suspectes (package recommandé ‘codetools’ indisponible ?)
le code des méthodes de la classe “Rcpp_SpatVector” n'a pas été vérifié pour les affectations de champs suspectes (package recommandé ‘codetools’ indisponible ?)
le code des méthodes de la classe “Rcpp_SpatVector” n'a pas été vérifié pour les affectations de champs suspectes (package recommandé ‘codetools’ indisponible ?)
le code des méthodes de la classe “Rcpp_SpatVectorCollection” n'a pas été vérifié pour les affectations de champs suspectes (package recommandé ‘codetools’ indisponible ?)
le code des méthodes de la classe “Rcpp_SpatVectorCollection” n'a pas été vérifié pour les affectations de champs suspectes (package recommandé ‘codetools’ indisponible ?)
le code des méthodes de la classe “Rcpp_SpatVectorProxy” n'a pas été vérifié pour les affectations de champs suspectes (package recommandé ‘codetools’ indisponible ?)
le code des méthodes de la classe “Rcpp_SpatVectorProxy” n'a pas été vérifié pour les affectations de champs suspectes (package recommandé ‘codetools’ indisponible ?)
** testing if installed package keeps a record of temporary installation path
* DONE (rflsgen)
Running phase: fixupPhase
checking for references to /private/tmp/nix-build-r-rflsgen-1.2.2.drv-0/ in /nix/store/ryxk9md06nbc05gmlxq6gymy94lkh8xf-r-rflsgen-1.2.2...
patching script interpreter paths in /nix/store/ryxk9md06nbc05gmlxq6gymy94lkh8xf-r-rflsgen-1.2.2
rewriting symlink /nix/store/ryxk9md06nbc05gmlxq6gymy94lkh8xf-r-rflsgen-1.2.2/nix-support/propagated-user-env-packages to be relative to /nix/store/ryxk9md06nbc05gmlxq6gymy94lkh8xf-r-rflsgen-1.2.2
