these 2 derivations will be built:
  /nix/store/kwi6pr7716dn7vwibyfaxq0qa2jgwr9f-Qval_1.0.0.tar.gz.drv
  /nix/store/g89wq4n2glvqyvix8g1psq594hkh4n5w-r-Qval-1.0.0.drv
building '/nix/store/kwi6pr7716dn7vwibyfaxq0qa2jgwr9f-Qval_1.0.0.tar.gz.drv'...

trying https://cran.r-project.org/src/contrib/Qval_1.0.0.tar.gz
  % Total    % Received % Xferd  Average Speed   Time    Time     Time  Current
                                 Dload  Upload   Total   Spent    Left  Speed
100 53850  100 53850    0     0   378k      0 --:--:-- --:--:-- --:--:--  381k
building '/nix/store/g89wq4n2glvqyvix8g1psq594hkh4n5w-r-Qval-1.0.0.drv'...
Running phase: unpackPhase
unpacking source archive /nix/store/f5kvpl0dmamgyk1zqd6ja75ihlgdnycw-Qval_1.0.0.tar.gz
source root is Qval
setting SOURCE_DATE_EPOCH to timestamp 1726833608 of file Qval/MD5
Running phase: patchPhase
Running phase: updateAutotoolsGnuConfigScriptsPhase
Running phase: configurePhase
Running phase: buildPhase
Running phase: checkPhase
Running phase: installPhase
* installing *source* package ‘Qval’ ...
** package ‘Qval’ correctement décompressé et sommes MD5 vérifiées
** using staged installation
** R
** byte-compile and prepare package for lazy loading
** help
*** installing help indices
** building package indices
** testing if installed package can be loaded from temporary location
** testing if installed package can be loaded from final location
** testing if installed package keeps a record of temporary installation path
* DONE (Qval)
Running phase: fixupPhase
checking for references to /private/tmp/nix-build-r-Qval-1.0.0.drv-0/ in /nix/store/r7gx4lf7jp73cp4hx47kld86ibbm6qm9-r-Qval-1.0.0...
patching script interpreter paths in /nix/store/r7gx4lf7jp73cp4hx47kld86ibbm6qm9-r-Qval-1.0.0
rewriting symlink /nix/store/r7gx4lf7jp73cp4hx47kld86ibbm6qm9-r-Qval-1.0.0/nix-support/propagated-user-env-packages to be relative to /nix/store/r7gx4lf7jp73cp4hx47kld86ibbm6qm9-r-Qval-1.0.0
