this derivation will be built:
  /nix/store/aif8w0g3i5m2apxxwqbm0z95sr4xwnrp-r-wooldridge-1.4-3.drv
this path will be fetched (3.95 MiB download, 3.95 MiB unpacked):
  /nix/store/zd1d3ki3p432jzrsgqpahjd9x67a6a8i-wooldridge_1.4-3.tar.gz
copying path '/nix/store/zd1d3ki3p432jzrsgqpahjd9x67a6a8i-wooldridge_1.4-3.tar.gz' from 'https://cache.nixos.org'...
building '/nix/store/aif8w0g3i5m2apxxwqbm0z95sr4xwnrp-r-wooldridge-1.4-3.drv'...
Running phase: unpackPhase
unpacking source archive /nix/store/zd1d3ki3p432jzrsgqpahjd9x67a6a8i-wooldridge_1.4-3.tar.gz
source root is wooldridge
setting SOURCE_DATE_EPOCH to timestamp 1683113402 of file wooldridge/MD5
Running phase: patchPhase
Running phase: updateAutotoolsGnuConfigScriptsPhase
Running phase: configurePhase
Running phase: buildPhase
Running phase: checkPhase
Running phase: installPhase
* installing *source* package ‘wooldridge’ ...
** package ‘wooldridge’ correctement décompressé et sommes MD5 vérifiées
** using staged installation
** R
** data
*** moving datasets to lazyload DB
** inst
** byte-compile and prepare package for lazy loading
** help
*** installing help indices
** building package indices
** installing vignettes
** testing if installed package can be loaded from temporary location
** testing if installed package can be loaded from final location
** testing if installed package keeps a record of temporary installation path
* DONE (wooldridge)
Running phase: fixupPhase
checking for references to /private/tmp/nix-build-r-wooldridge-1.4-3.drv-0/ in /nix/store/gmf8gm813s45hzgd1kngkwibr2xp50aa-r-wooldridge-1.4-3...
patching script interpreter paths in /nix/store/gmf8gm813s45hzgd1kngkwibr2xp50aa-r-wooldridge-1.4-3
