this derivation will be built:
  /nix/store/rfrp9zc8gxb7ikizr8406pb807l31lbj-r-walkscoreAPI-1.2.drv
this path will be fetched (0.01 MiB download, 0.01 MiB unpacked):
  /nix/store/a9q614cx052n9zdb2fp4nhpfri6jsdax-walkscoreAPI_1.2.tar.gz
copying path '/nix/store/a9q614cx052n9zdb2fp4nhpfri6jsdax-walkscoreAPI_1.2.tar.gz' from 'https://cache.nixos.org'...
building '/nix/store/rfrp9zc8gxb7ikizr8406pb807l31lbj-r-walkscoreAPI-1.2.drv'...
Running phase: unpackPhase
unpacking source archive /nix/store/a9q614cx052n9zdb2fp4nhpfri6jsdax-walkscoreAPI_1.2.tar.gz
source root is walkscoreAPI
setting SOURCE_DATE_EPOCH to timestamp 1351517930 of file walkscoreAPI/MD5
Running phase: patchPhase
Running phase: updateAutotoolsGnuConfigScriptsPhase
Running phase: configurePhase
Running phase: buildPhase
Running phase: checkPhase
Running phase: installPhase
* installing *source* package ‘walkscoreAPI’ ...
** package ‘walkscoreAPI’ correctement décompressé et sommes MD5 vérifiées
** using staged installation
** R
** byte-compile and prepare package for lazy loading
** help
*** installing help indices
** building package indices
** testing if installed package can be loaded from temporary location
** testing if installed package can be loaded from final location
** testing if installed package keeps a record of temporary installation path
* DONE (walkscoreAPI)
Running phase: fixupPhase
checking for references to /private/tmp/nix-build-r-walkscoreAPI-1.2.drv-0/ in /nix/store/ysm7mb2vnyiv0822pm7lham7l728q56v-r-walkscoreAPI-1.2...
patching script interpreter paths in /nix/store/ysm7mb2vnyiv0822pm7lham7l728q56v-r-walkscoreAPI-1.2
