this derivation will be built:
  /nix/store/ydpk4kc10fxy7560nl0qgm9kiw9mdbw6-r-NAM-1.7.3.drv
this path will be fetched (1.59 MiB download, 1.59 MiB unpacked):
  /nix/store/9dmifyi6jl2b6z98r0rn2pijf95x8rap-NAM_1.7.3.tar.gz
copying path '/nix/store/9dmifyi6jl2b6z98r0rn2pijf95x8rap-NAM_1.7.3.tar.gz' from 'https://cache.nixos.org'...
building '/nix/store/ydpk4kc10fxy7560nl0qgm9kiw9mdbw6-r-NAM-1.7.3.drv'...
Running phase: unpackPhase
unpacking source archive /nix/store/9dmifyi6jl2b6z98r0rn2pijf95x8rap-NAM_1.7.3.tar.gz
source root is NAM
setting SOURCE_DATE_EPOCH to timestamp 1569256203 of file NAM/MD5
Running phase: patchPhase
Running phase: updateAutotoolsGnuConfigScriptsPhase
Running phase: configurePhase
Running phase: buildPhase
Running phase: checkPhase
Running phase: installPhase
* installing *source* package ‘NAM’ ...
** package ‘NAM’ correctement décompressé et sommes MD5 vérifiées
** using staged installation
** libs
using C compiler: ‘clang version 16.0.6’
using C++ compiler: ‘clang version 16.0.6’
using SDK: ‘’
/nix/store/v39c0h6xv6hvki2k1bsyp5n090q8y2bp-clang-wrapper-16.0.6/bin/c++ -std=gnu++17 -I"/nix/store/lir8rmsk7dxbj7v1spqmv69z4mafg16l-R-4.4.2/lib/R/include" -DNDEBUG  -I'/nix/store/da7yi2xf3argx9hlnn3f0k95b8y1yx2l-r-Rcpp-1.0.13-1/library/Rcpp/include' -isystem /nix/store/0mmz5i705116bfykc7i1r9jxqwyghj2a-libcxx-16.0.6-dev/include/c++/v1    -fPIC  -g -O2   -c Functions.cpp -o Functions.o
/nix/store/v39c0h6xv6hvki2k1bsyp5n090q8y2bp-clang-wrapper-16.0.6/bin/c++ -std=gnu++17 -I"/nix/store/lir8rmsk7dxbj7v1spqmv69z4mafg16l-R-4.4.2/lib/R/include" -DNDEBUG  -I'/nix/store/da7yi2xf3argx9hlnn3f0k95b8y1yx2l-r-Rcpp-1.0.13-1/library/Rcpp/include' -isystem /nix/store/0mmz5i705116bfykc7i1r9jxqwyghj2a-libcxx-16.0.6-dev/include/c++/v1    -fPIC  -g -O2   -c RcppExports.cpp -o RcppExports.o
/nix/store/v39c0h6xv6hvki2k1bsyp5n090q8y2bp-clang-wrapper-16.0.6/bin/cc -I"/nix/store/lir8rmsk7dxbj7v1spqmv69z4mafg16l-R-4.4.2/lib/R/include" -DNDEBUG  -I'/nix/store/da7yi2xf3argx9hlnn3f0k95b8y1yx2l-r-Rcpp-1.0.13-1/library/Rcpp/include' -isystem /nix/store/0mmz5i705116bfykc7i1r9jxqwyghj2a-libcxx-16.0.6-dev/include/c++/v1    -fPIC  -g -O2  -c c.c -o c.o
/nix/store/v39c0h6xv6hvki2k1bsyp5n090q8y2bp-clang-wrapper-16.0.6/bin/c++ -std=gnu++17 -dynamiclib -Wl,-headerpad_max_install_names -undefined dynamic_lookup -L/nix/store/lir8rmsk7dxbj7v1spqmv69z4mafg16l-R-4.4.2/lib/R/lib -L/nix/store/88xkgzh5g9xppsg3hdxxxh9q43rnxk6k-libcxx-16.0.6/lib -o NAM.so Functions.o RcppExports.o c.o -L/nix/store/lir8rmsk7dxbj7v1spqmv69z4mafg16l-R-4.4.2/lib/R/lib -lR -lintl -Wl,-framework -Wl,CoreFoundation
installing to /nix/store/65siy3rx0iaskl5kpir4s71z07lijmk4-r-NAM-1.7.3/library/00LOCK-NAM/00new/NAM/libs
** R
** data
** demo
** inst
** byte-compile and prepare package for lazy loading
** help
*** installing help indices
** building package indices
** installing vignettes
** testing if installed package can be loaded from temporary location
** checking absolute paths in shared objects and dynamic libraries
** testing if installed package can be loaded from final location
** testing if installed package keeps a record of temporary installation path
* DONE (NAM)
Running phase: fixupPhase
checking for references to /private/tmp/nix-build-r-NAM-1.7.3.drv-0/ in /nix/store/65siy3rx0iaskl5kpir4s71z07lijmk4-r-NAM-1.7.3...
patching script interpreter paths in /nix/store/65siy3rx0iaskl5kpir4s71z07lijmk4-r-NAM-1.7.3
rewriting symlink /nix/store/65siy3rx0iaskl5kpir4s71z07lijmk4-r-NAM-1.7.3/nix-support/propagated-user-env-packages to be relative to /nix/store/65siy3rx0iaskl5kpir4s71z07lijmk4-r-NAM-1.7.3
