these 4 derivations will be built:
  /nix/store/h9abzvfc47avbwks5kv9l7pf7zg764v6-r-graph-1.48.0.drv
  /nix/store/jywlby4zg3b9b7wwbbqs3gi75bsvb497-r-GSEABase-1.32.0.drv
  /nix/store/flczq6sp7i14z4gh32drh6fsn7vdqfhy-r-GSVA-1.18.0.drv
  /nix/store/vdas0gjkdsqbarlxdnza0nfxa1qa9h60-r-sigQC-0.1.24.drv
this path will be fetched (2.89 MiB download, 2.89 MiB unpacked):
  /nix/store/1dig48mmcxhwp5w1gxzlczjwqliawdlz-sigQC_0.1.24.tar.gz
copying path '/nix/store/1dig48mmcxhwp5w1gxzlczjwqliawdlz-sigQC_0.1.24.tar.gz' from 'https://cache.nixos.org'...
building '/nix/store/h9abzvfc47avbwks5kv9l7pf7zg764v6-r-graph-1.48.0.drv'...
Running phase: unpackPhase
unpacking source archive /nix/store/fac79mzcbdrkazwfsyzj2najqw8lik3r-graph_1.48.0.tar.gz
source root is graph
setting SOURCE_DATE_EPOCH to timestamp 1444782779 of file graph/src/graph.c
Running phase: patchPhase
Running phase: updateAutotoolsGnuConfigScriptsPhase
Running phase: configurePhase
Running phase: buildPhase
Running phase: checkPhase
Running phase: installPhase
* installing *source* package ‘graph’ ...
** using staged installation
** libs
using C compiler: ‘clang version 16.0.6’
using SDK: ‘’
/nix/store/v39c0h6xv6hvki2k1bsyp5n090q8y2bp-clang-wrapper-16.0.6/bin/cc -I"/nix/store/lir8rmsk7dxbj7v1spqmv69z4mafg16l-R-4.4.2/lib/R/include" -DNDEBUG   -isystem /nix/store/0mmz5i705116bfykc7i1r9jxqwyghj2a-libcxx-16.0.6-dev/include/c++/v1    -fPIC  -g -O2  -c graph.c -o graph.o
/nix/store/v39c0h6xv6hvki2k1bsyp5n090q8y2bp-clang-wrapper-16.0.6/bin/cc -dynamiclib -Wl,-headerpad_max_install_names -undefined dynamic_lookup -L/nix/store/lir8rmsk7dxbj7v1spqmv69z4mafg16l-R-4.4.2/lib/R/lib -L/nix/store/88xkgzh5g9xppsg3hdxxxh9q43rnxk6k-libcxx-16.0.6/lib -o graph.so graph.o -L/nix/store/lir8rmsk7dxbj7v1spqmv69z4mafg16l-R-4.4.2/lib/R/lib -lR -lintl -Wl,-framework -Wl,CoreFoundation
mv graph.so BioC_graph.so
installing to /nix/store/dn3q7vlas7hc9gw697b7941h9g5xa3md-r-graph-1.48.0/library/00LOCK-graph/00new/graph/libs
** R
** data
** inst
** byte-compile and prepare package for lazy loading
Erreur : l'objet ‘CRAN.packages’ n'est pas exporté par 'namespace:utils'
Exécution arrêtée
ERROR: lazy loading failed for package ‘graph’
* removing ‘/nix/store/dn3q7vlas7hc9gw697b7941h9g5xa3md-r-graph-1.48.0/library/graph’
error: builder for '/nix/store/h9abzvfc47avbwks5kv9l7pf7zg764v6-r-graph-1.48.0.drv' failed with exit code 1;
       last 25 log lines:
       > source root is graph
       > setting SOURCE_DATE_EPOCH to timestamp 1444782779 of file graph/src/graph.c
       > Running phase: patchPhase
       > Running phase: updateAutotoolsGnuConfigScriptsPhase
       > Running phase: configurePhase
       > Running phase: buildPhase
       > Running phase: checkPhase
       > Running phase: installPhase
       > * installing *source* package ‘graph’ ...
       > ** using staged installation
       > ** libs
       > using C compiler: ‘clang version 16.0.6’
       > using SDK: ‘’
       > /nix/store/v39c0h6xv6hvki2k1bsyp5n090q8y2bp-clang-wrapper-16.0.6/bin/cc -I"/nix/store/lir8rmsk7dxbj7v1spqmv69z4mafg16l-R-4.4.2/lib/R/include" -DNDEBUG   -isystem /nix/store/0mmz5i705116bfykc7i1r9jxqwyghj2a-libcxx-16.0.6-dev/include/c++/v1    -fPIC  -g -O2  -c graph.c -o graph.o
       > /nix/store/v39c0h6xv6hvki2k1bsyp5n090q8y2bp-clang-wrapper-16.0.6/bin/cc -dynamiclib -Wl,-headerpad_max_install_names -undefined dynamic_lookup -L/nix/store/lir8rmsk7dxbj7v1spqmv69z4mafg16l-R-4.4.2/lib/R/lib -L/nix/store/88xkgzh5g9xppsg3hdxxxh9q43rnxk6k-libcxx-16.0.6/lib -o graph.so graph.o -L/nix/store/lir8rmsk7dxbj7v1spqmv69z4mafg16l-R-4.4.2/lib/R/lib -lR -lintl -Wl,-framework -Wl,CoreFoundation
       > mv graph.so BioC_graph.so
       > installing to /nix/store/dn3q7vlas7hc9gw697b7941h9g5xa3md-r-graph-1.48.0/library/00LOCK-graph/00new/graph/libs
       > ** R
       > ** data
       > ** inst
       > ** byte-compile and prepare package for lazy loading
       > Erreur : l'objet ‘CRAN.packages’ n'est pas exporté par 'namespace:utils'
       > Exécution arrêtée
       > ERROR: lazy loading failed for package ‘graph’
       > * removing ‘/nix/store/dn3q7vlas7hc9gw697b7941h9g5xa3md-r-graph-1.48.0/library/graph’
       For full logs, run 'nix log /nix/store/h9abzvfc47avbwks5kv9l7pf7zg764v6-r-graph-1.48.0.drv'.
error: 1 dependencies of derivation '/nix/store/jywlby4zg3b9b7wwbbqs3gi75bsvb497-r-GSEABase-1.32.0.drv' failed to build
error: 1 dependencies of derivation '/nix/store/flczq6sp7i14z4gh32drh6fsn7vdqfhy-r-GSVA-1.18.0.drv' failed to build
error: 1 dependencies of derivation '/nix/store/vdas0gjkdsqbarlxdnza0nfxa1qa9h60-r-sigQC-0.1.24.drv' failed to build
