this derivation will be built:
  /nix/store/l27yzhz17cck1c4z2dlv8cypinzx6glf-r-matrixprofiler-0.1.9.drv
this path will be fetched (0.27 MiB download, 0.27 MiB unpacked):
  /nix/store/2smmrx7iyhkl9rfwc8abr6kl9n2sns3m-matrixprofiler_0.1.9.tar.gz
copying path '/nix/store/2smmrx7iyhkl9rfwc8abr6kl9n2sns3m-matrixprofiler_0.1.9.tar.gz' from 'https://cache.nixos.org'...
building '/nix/store/l27yzhz17cck1c4z2dlv8cypinzx6glf-r-matrixprofiler-0.1.9.drv'...
Running phase: unpackPhase
unpacking source archive /nix/store/2smmrx7iyhkl9rfwc8abr6kl9n2sns3m-matrixprofiler_0.1.9.tar.gz
source root is matrixprofiler
setting SOURCE_DATE_EPOCH to timestamp 1674736206 of file matrixprofiler/MD5
Running phase: patchPhase
Running phase: updateAutotoolsGnuConfigScriptsPhase
Running phase: configurePhase
Running phase: buildPhase
Running phase: checkPhase
Running phase: installPhase
* installing *source* package ‘matrixprofiler’ ...
** package ‘matrixprofiler’ correctement décompressé et sommes MD5 vérifiées
** using staged installation
** libs
using C++ compiler: ‘clang version 16.0.6’
using C++11
using SDK: ‘’
/nix/store/v39c0h6xv6hvki2k1bsyp5n090q8y2bp-clang-wrapper-16.0.6/bin/c++ -std=gnu++11 -I"/nix/store/lir8rmsk7dxbj7v1spqmv69z4mafg16l-R-4.4.2/lib/R/include" -DNDEBUG  -I'/nix/store/da7yi2xf3argx9hlnn3f0k95b8y1yx2l-r-Rcpp-1.0.13-1/library/Rcpp/include' -I'/nix/store/hcy2j5h598wrllhahyda4wgs43s3fybd-r-RcppParallel-5.1.9/library/RcppParallel/include' -I'/nix/store/8d7a1k9j9kxyc1wbssvfj8jwxmhz2na6-r-RcppProgress-0.4.2/library/RcppProgress/include' -I'/nix/store/31f7fci0nib22vvn0alhq83ypwx0rn33-r-RcppThread-2.1.7/library/RcppThread/include' -isystem /nix/store/0mmz5i705116bfykc7i1r9jxqwyghj2a-libcxx-16.0.6-dev/include/c++/v1   -DRCPP_PARALLEL_USE_TBB=1 -DSTRICT_R_HEADERS -fPIC  -g -O2   -c RcppExports.cpp -o RcppExports.o
/nix/store/v39c0h6xv6hvki2k1bsyp5n090q8y2bp-clang-wrapper-16.0.6/bin/c++ -std=gnu++11 -I"/nix/store/lir8rmsk7dxbj7v1spqmv69z4mafg16l-R-4.4.2/lib/R/include" -DNDEBUG  -I'/nix/store/da7yi2xf3argx9hlnn3f0k95b8y1yx2l-r-Rcpp-1.0.13-1/library/Rcpp/include' -I'/nix/store/hcy2j5h598wrllhahyda4wgs43s3fybd-r-RcppParallel-5.1.9/library/RcppParallel/include' -I'/nix/store/8d7a1k9j9kxyc1wbssvfj8jwxmhz2na6-r-RcppProgress-0.4.2/library/RcppProgress/include' -I'/nix/store/31f7fci0nib22vvn0alhq83ypwx0rn33-r-RcppThread-2.1.7/library/RcppThread/include' -isystem /nix/store/0mmz5i705116bfykc7i1r9jxqwyghj2a-libcxx-16.0.6-dev/include/c++/v1   -DRCPP_PARALLEL_USE_TBB=1 -DSTRICT_R_HEADERS -fPIC  -g -O2   -c contrast.cpp -o contrast.o
/nix/store/v39c0h6xv6hvki2k1bsyp5n090q8y2bp-clang-wrapper-16.0.6/bin/c++ -std=gnu++11 -I"/nix/store/lir8rmsk7dxbj7v1spqmv69z4mafg16l-R-4.4.2/lib/R/include" -DNDEBUG  -I'/nix/store/da7yi2xf3argx9hlnn3f0k95b8y1yx2l-r-Rcpp-1.0.13-1/library/Rcpp/include' -I'/nix/store/hcy2j5h598wrllhahyda4wgs43s3fybd-r-RcppParallel-5.1.9/library/RcppParallel/include' -I'/nix/store/8d7a1k9j9kxyc1wbssvfj8jwxmhz2na6-r-RcppProgress-0.4.2/library/RcppProgress/include' -I'/nix/store/31f7fci0nib22vvn0alhq83ypwx0rn33-r-RcppThread-2.1.7/library/RcppThread/include' -isystem /nix/store/0mmz5i705116bfykc7i1r9jxqwyghj2a-libcxx-16.0.6-dev/include/c++/v1   -DRCPP_PARALLEL_USE_TBB=1 -DSTRICT_R_HEADERS -fPIC  -g -O2   -c fft.cpp -o fft.o
/nix/store/v39c0h6xv6hvki2k1bsyp5n090q8y2bp-clang-wrapper-16.0.6/bin/c++ -std=gnu++11 -I"/nix/store/lir8rmsk7dxbj7v1spqmv69z4mafg16l-R-4.4.2/lib/R/include" -DNDEBUG  -I'/nix/store/da7yi2xf3argx9hlnn3f0k95b8y1yx2l-r-Rcpp-1.0.13-1/library/Rcpp/include' -I'/nix/store/hcy2j5h598wrllhahyda4wgs43s3fybd-r-RcppParallel-5.1.9/library/RcppParallel/include' -I'/nix/store/8d7a1k9j9kxyc1wbssvfj8jwxmhz2na6-r-RcppProgress-0.4.2/library/RcppProgress/include' -I'/nix/store/31f7fci0nib22vvn0alhq83ypwx0rn33-r-RcppThread-2.1.7/library/RcppThread/include' -isystem /nix/store/0mmz5i705116bfykc7i1r9jxqwyghj2a-libcxx-16.0.6-dev/include/c++/v1   -DRCPP_PARALLEL_USE_TBB=1 -DSTRICT_R_HEADERS -fPIC  -g -O2   -c mass.cpp -o mass.o
/nix/store/v39c0h6xv6hvki2k1bsyp5n090q8y2bp-clang-wrapper-16.0.6/bin/c++ -std=gnu++11 -I"/nix/store/lir8rmsk7dxbj7v1spqmv69z4mafg16l-R-4.4.2/lib/R/include" -DNDEBUG  -I'/nix/store/da7yi2xf3argx9hlnn3f0k95b8y1yx2l-r-Rcpp-1.0.13-1/library/Rcpp/include' -I'/nix/store/hcy2j5h598wrllhahyda4wgs43s3fybd-r-RcppParallel-5.1.9/library/RcppParallel/include' -I'/nix/store/8d7a1k9j9kxyc1wbssvfj8jwxmhz2na6-r-RcppProgress-0.4.2/library/RcppProgress/include' -I'/nix/store/31f7fci0nib22vvn0alhq83ypwx0rn33-r-RcppThread-2.1.7/library/RcppThread/include' -isystem /nix/store/0mmz5i705116bfykc7i1r9jxqwyghj2a-libcxx-16.0.6-dev/include/c++/v1   -DRCPP_PARALLEL_USE_TBB=1 -DSTRICT_R_HEADERS -fPIC  -g -O2   -c mathtools.cpp -o mathtools.o
/nix/store/v39c0h6xv6hvki2k1bsyp5n090q8y2bp-clang-wrapper-16.0.6/bin/c++ -std=gnu++11 -I"/nix/store/lir8rmsk7dxbj7v1spqmv69z4mafg16l-R-4.4.2/lib/R/include" -DNDEBUG  -I'/nix/store/da7yi2xf3argx9hlnn3f0k95b8y1yx2l-r-Rcpp-1.0.13-1/library/Rcpp/include' -I'/nix/store/hcy2j5h598wrllhahyda4wgs43s3fybd-r-RcppParallel-5.1.9/library/RcppParallel/include' -I'/nix/store/8d7a1k9j9kxyc1wbssvfj8jwxmhz2na6-r-RcppProgress-0.4.2/library/RcppProgress/include' -I'/nix/store/31f7fci0nib22vvn0alhq83ypwx0rn33-r-RcppThread-2.1.7/library/RcppThread/include' -isystem /nix/store/0mmz5i705116bfykc7i1r9jxqwyghj2a-libcxx-16.0.6-dev/include/c++/v1   -DRCPP_PARALLEL_USE_TBB=1 -DSTRICT_R_HEADERS -fPIC  -g -O2   -c mpx.cpp -o mpx.o
/nix/store/v39c0h6xv6hvki2k1bsyp5n090q8y2bp-clang-wrapper-16.0.6/bin/c++ -std=gnu++11 -I"/nix/store/lir8rmsk7dxbj7v1spqmv69z4mafg16l-R-4.4.2/lib/R/include" -DNDEBUG  -I'/nix/store/da7yi2xf3argx9hlnn3f0k95b8y1yx2l-r-Rcpp-1.0.13-1/library/Rcpp/include' -I'/nix/store/hcy2j5h598wrllhahyda4wgs43s3fybd-r-RcppParallel-5.1.9/library/RcppParallel/include' -I'/nix/store/8d7a1k9j9kxyc1wbssvfj8jwxmhz2na6-r-RcppProgress-0.4.2/library/RcppProgress/include' -I'/nix/store/31f7fci0nib22vvn0alhq83ypwx0rn33-r-RcppThread-2.1.7/library/RcppThread/include' -isystem /nix/store/0mmz5i705116bfykc7i1r9jxqwyghj2a-libcxx-16.0.6-dev/include/c++/v1   -DRCPP_PARALLEL_USE_TBB=1 -DSTRICT_R_HEADERS -fPIC  -g -O2   -c mpx_parallel.cpp -o mpx_parallel.o
/nix/store/v39c0h6xv6hvki2k1bsyp5n090q8y2bp-clang-wrapper-16.0.6/bin/c++ -std=gnu++11 -I"/nix/store/lir8rmsk7dxbj7v1spqmv69z4mafg16l-R-4.4.2/lib/R/include" -DNDEBUG  -I'/nix/store/da7yi2xf3argx9hlnn3f0k95b8y1yx2l-r-Rcpp-1.0.13-1/library/Rcpp/include' -I'/nix/store/hcy2j5h598wrllhahyda4wgs43s3fybd-r-RcppParallel-5.1.9/library/RcppParallel/include' -I'/nix/store/8d7a1k9j9kxyc1wbssvfj8jwxmhz2na6-r-RcppProgress-0.4.2/library/RcppProgress/include' -I'/nix/store/31f7fci0nib22vvn0alhq83ypwx0rn33-r-RcppThread-2.1.7/library/RcppThread/include' -isystem /nix/store/0mmz5i705116bfykc7i1r9jxqwyghj2a-libcxx-16.0.6-dev/include/c++/v1   -DRCPP_PARALLEL_USE_TBB=1 -DSTRICT_R_HEADERS -fPIC  -g -O2   -c scrimp.cpp -o scrimp.o
/nix/store/v39c0h6xv6hvki2k1bsyp5n090q8y2bp-clang-wrapper-16.0.6/bin/c++ -std=gnu++11 -I"/nix/store/lir8rmsk7dxbj7v1spqmv69z4mafg16l-R-4.4.2/lib/R/include" -DNDEBUG  -I'/nix/store/da7yi2xf3argx9hlnn3f0k95b8y1yx2l-r-Rcpp-1.0.13-1/library/Rcpp/include' -I'/nix/store/hcy2j5h598wrllhahyda4wgs43s3fybd-r-RcppParallel-5.1.9/library/RcppParallel/include' -I'/nix/store/8d7a1k9j9kxyc1wbssvfj8jwxmhz2na6-r-RcppProgress-0.4.2/library/RcppProgress/include' -I'/nix/store/31f7fci0nib22vvn0alhq83ypwx0rn33-r-RcppThread-2.1.7/library/RcppThread/include' -isystem /nix/store/0mmz5i705116bfykc7i1r9jxqwyghj2a-libcxx-16.0.6-dev/include/c++/v1   -DRCPP_PARALLEL_USE_TBB=1 -DSTRICT_R_HEADERS -fPIC  -g -O2   -c stamp.cpp -o stamp.o
/nix/store/v39c0h6xv6hvki2k1bsyp5n090q8y2bp-clang-wrapper-16.0.6/bin/c++ -std=gnu++11 -I"/nix/store/lir8rmsk7dxbj7v1spqmv69z4mafg16l-R-4.4.2/lib/R/include" -DNDEBUG  -I'/nix/store/da7yi2xf3argx9hlnn3f0k95b8y1yx2l-r-Rcpp-1.0.13-1/library/Rcpp/include' -I'/nix/store/hcy2j5h598wrllhahyda4wgs43s3fybd-r-RcppParallel-5.1.9/library/RcppParallel/include' -I'/nix/store/8d7a1k9j9kxyc1wbssvfj8jwxmhz2na6-r-RcppProgress-0.4.2/library/RcppProgress/include' -I'/nix/store/31f7fci0nib22vvn0alhq83ypwx0rn33-r-RcppThread-2.1.7/library/RcppThread/include' -isystem /nix/store/0mmz5i705116bfykc7i1r9jxqwyghj2a-libcxx-16.0.6-dev/include/c++/v1   -DRCPP_PARALLEL_USE_TBB=1 -DSTRICT_R_HEADERS -fPIC  -g -O2   -c stomp.cpp -o stomp.o
/nix/store/v39c0h6xv6hvki2k1bsyp5n090q8y2bp-clang-wrapper-16.0.6/bin/c++ -std=gnu++11 -I"/nix/store/lir8rmsk7dxbj7v1spqmv69z4mafg16l-R-4.4.2/lib/R/include" -DNDEBUG  -I'/nix/store/da7yi2xf3argx9hlnn3f0k95b8y1yx2l-r-Rcpp-1.0.13-1/library/Rcpp/include' -I'/nix/store/hcy2j5h598wrllhahyda4wgs43s3fybd-r-RcppParallel-5.1.9/library/RcppParallel/include' -I'/nix/store/8d7a1k9j9kxyc1wbssvfj8jwxmhz2na6-r-RcppProgress-0.4.2/library/RcppProgress/include' -I'/nix/store/31f7fci0nib22vvn0alhq83ypwx0rn33-r-RcppThread-2.1.7/library/RcppThread/include' -isystem /nix/store/0mmz5i705116bfykc7i1r9jxqwyghj2a-libcxx-16.0.6-dev/include/c++/v1   -DRCPP_PARALLEL_USE_TBB=1 -DSTRICT_R_HEADERS -fPIC  -g -O2   -c windowfunc.cpp -o windowfunc.o
/nix/store/v39c0h6xv6hvki2k1bsyp5n090q8y2bp-clang-wrapper-16.0.6/bin/c++ -std=gnu++11 -dynamiclib -Wl,-headerpad_max_install_names -undefined dynamic_lookup -L/nix/store/lir8rmsk7dxbj7v1spqmv69z4mafg16l-R-4.4.2/lib/R/lib -L/nix/store/88xkgzh5g9xppsg3hdxxxh9q43rnxk6k-libcxx-16.0.6/lib -o matrixprofiler.so RcppExports.o contrast.o fft.o mass.o mathtools.o mpx.o mpx_parallel.o scrimp.o stamp.o stomp.o windowfunc.o -L/nix/store/hcy2j5h598wrllhahyda4wgs43s3fybd-r-RcppParallel-5.1.9/library/RcppParallel/lib -ltbb -ltbbmalloc -L/nix/store/lir8rmsk7dxbj7v1spqmv69z4mafg16l-R-4.4.2/lib/R/lib -lR -lintl -Wl,-framework -Wl,CoreFoundation
installing to /nix/store/asv67vvj4y5f6hrq6b40ij5przp3qxlg-r-matrixprofiler-0.1.9/library/00LOCK-matrixprofiler/00new/matrixprofiler/libs
** R
** data
*** moving datasets to lazyload DB
** inst
** byte-compile and prepare package for lazy loading
** help
*** installing help indices
*** copying figures
** building package indices
** testing if installed package can be loaded from temporary location
** checking absolute paths in shared objects and dynamic libraries
** testing if installed package can be loaded from final location
** testing if installed package keeps a record of temporary installation path
* DONE (matrixprofiler)
Running phase: fixupPhase
checking for references to /private/tmp/nix-build-r-matrixprofiler-0.1.9.drv-0/ in /nix/store/asv67vvj4y5f6hrq6b40ij5przp3qxlg-r-matrixprofiler-0.1.9...
patching script interpreter paths in /nix/store/asv67vvj4y5f6hrq6b40ij5przp3qxlg-r-matrixprofiler-0.1.9
rewriting symlink /nix/store/asv67vvj4y5f6hrq6b40ij5przp3qxlg-r-matrixprofiler-0.1.9/nix-support/propagated-user-env-packages to be relative to /nix/store/asv67vvj4y5f6hrq6b40ij5przp3qxlg-r-matrixprofiler-0.1.9
