this derivation will be built:
  /nix/store/qdw2dqy2lq8dyr5rxkimzw0z180x793i-r-hdcate-0.1.0.drv
this path will be fetched (0.10 MiB download, 0.10 MiB unpacked):
  /nix/store/n9fkpdmyd35rk3qk2rz833cj112h2l2b-hdcate_0.1.0.tar.gz
copying path '/nix/store/n9fkpdmyd35rk3qk2rz833cj112h2l2b-hdcate_0.1.0.tar.gz' from 'https://cache.nixos.org'...
building '/nix/store/qdw2dqy2lq8dyr5rxkimzw0z180x793i-r-hdcate-0.1.0.drv'...
Running phase: unpackPhase
unpacking source archive /nix/store/n9fkpdmyd35rk3qk2rz833cj112h2l2b-hdcate_0.1.0.tar.gz
source root is hdcate
setting SOURCE_DATE_EPOCH to timestamp 1671018602 of file hdcate/MD5
Running phase: patchPhase
Running phase: updateAutotoolsGnuConfigScriptsPhase
Running phase: configurePhase
Running phase: buildPhase
Running phase: checkPhase
Running phase: installPhase
* installing *source* package ‘hdcate’ ...
** package ‘hdcate’ correctement décompressé et sommes MD5 vérifiées
** using staged installation
** R
** inst
** byte-compile and prepare package for lazy loading
** help
*** installing help indices
** building package indices
** installing vignettes
** testing if installed package can be loaded from temporary location
** testing if installed package can be loaded from final location
** testing if installed package keeps a record of temporary installation path
* DONE (hdcate)
Running phase: fixupPhase
checking for references to /private/tmp/nix-build-r-hdcate-0.1.0.drv-0/ in /nix/store/s3ljhyf104nmqvxcj0kih9qv4j2l068r-r-hdcate-0.1.0...
patching script interpreter paths in /nix/store/s3ljhyf104nmqvxcj0kih9qv4j2l068r-r-hdcate-0.1.0
rewriting symlink /nix/store/s3ljhyf104nmqvxcj0kih9qv4j2l068r-r-hdcate-0.1.0/nix-support/propagated-user-env-packages to be relative to /nix/store/s3ljhyf104nmqvxcj0kih9qv4j2l068r-r-hdcate-0.1.0
