these 2 derivations will be built:
  /nix/store/2953kn5myl93j77fwgfrj7idgmsgl4m0-Rveg_0.1.6.tar.gz.drv
  /nix/store/ljj79jb331q98acpdlnsdyy9qxsyz9r2-r-Rveg-0.1.6.drv
building '/nix/store/2953kn5myl93j77fwgfrj7idgmsgl4m0-Rveg_0.1.6.tar.gz.drv'...

trying https://cran.r-project.org/src/contrib/Rveg_0.1.6.tar.gz
  % Total    % Received % Xferd  Average Speed   Time    Time     Time  Current
                                 Dload  Upload   Total   Spent    Left  Speed
100  570k  100  570k    0     0  2460k      0 --:--:-- --:--:-- --:--:-- 2471k
building '/nix/store/ljj79jb331q98acpdlnsdyy9qxsyz9r2-r-Rveg-0.1.6.drv'...
Running phase: unpackPhase
unpacking source archive /nix/store/mkymg1lh8752m4xmghacv1an7n815spw-Rveg_0.1.6.tar.gz
source root is Rveg
setting SOURCE_DATE_EPOCH to timestamp 1732303802 of file Rveg/MD5
Running phase: patchPhase
Running phase: updateAutotoolsGnuConfigScriptsPhase
Running phase: configurePhase
Running phase: buildPhase
Running phase: checkPhase
Running phase: installPhase
* installing *source* package ‘Rveg’ ...
** package ‘Rveg’ correctement décompressé et sommes MD5 vérifiées
** using staged installation
** R
** inst
** byte-compile and prepare package for lazy loading
** help
*** installing help indices
** building package indices
** installing vignettes
** testing if installed package can be loaded from temporary location
** testing if installed package can be loaded from final location
** testing if installed package keeps a record of temporary installation path
* DONE (Rveg)
Running phase: fixupPhase
checking for references to /private/tmp/nix-build-r-Rveg-0.1.6.drv-0/ in /nix/store/k75m9pgljpz53xflhz30x37dmbjn9wi7-r-Rveg-0.1.6...
patching script interpreter paths in /nix/store/k75m9pgljpz53xflhz30x37dmbjn9wi7-r-Rveg-0.1.6
rewriting symlink /nix/store/k75m9pgljpz53xflhz30x37dmbjn9wi7-r-Rveg-0.1.6/nix-support/propagated-user-env-packages to be relative to /nix/store/k75m9pgljpz53xflhz30x37dmbjn9wi7-r-Rveg-0.1.6
