this derivation will be built:
  /nix/store/43alnnqfn33b3hf45licfg61k4b4fngj-r-textab-1.0.1.drv
this path will be fetched (0.06 MiB download, 0.06 MiB unpacked):
  /nix/store/qdg8mw1yylkkjwmiglkvx6bmc2aps3mq-textab_1.0.1.tar.gz
copying path '/nix/store/qdg8mw1yylkkjwmiglkvx6bmc2aps3mq-textab_1.0.1.tar.gz' from 'https://cache.nixos.org'...
building '/nix/store/43alnnqfn33b3hf45licfg61k4b4fngj-r-textab-1.0.1.drv'...
Running phase: unpackPhase
unpacking source archive /nix/store/qdg8mw1yylkkjwmiglkvx6bmc2aps3mq-textab_1.0.1.tar.gz
source root is textab
setting SOURCE_DATE_EPOCH to timestamp 1682423402 of file textab/MD5
Running phase: patchPhase
Running phase: updateAutotoolsGnuConfigScriptsPhase
Running phase: configurePhase
Running phase: buildPhase
Running phase: checkPhase
Running phase: installPhase
* installing *source* package ‘textab’ ...
** package ‘textab’ correctement décompressé et sommes MD5 vérifiées
** using staged installation
** R
** inst
** byte-compile and prepare package for lazy loading
** help
*** installing help indices
** building package indices
** installing vignettes
** testing if installed package can be loaded from temporary location
** testing if installed package can be loaded from final location
** testing if installed package keeps a record of temporary installation path
* DONE (textab)
Running phase: fixupPhase
checking for references to /private/tmp/nix-build-r-textab-1.0.1.drv-0/ in /nix/store/165q1n3s66djyplxsaancxkd9yvkf444-r-textab-1.0.1...
patching script interpreter paths in /nix/store/165q1n3s66djyplxsaancxkd9yvkf444-r-textab-1.0.1
