these 2 derivations will be built:
  /nix/store/kwlgyzqlhxqmy9058f5p4zgsqhl1sdl9-r-DOT-0.1.drv
  /nix/store/r6is890nx8m06ysm2ffrh2f7by9wdgcd-r-diffeRenTES-0.3.2.drv
building '/nix/store/kwlgyzqlhxqmy9058f5p4zgsqhl1sdl9-r-DOT-0.1.drv'...
Running phase: unpackPhase
unpacking source archive /nix/store/rsf3n6mdwsjk6d02m0ld2ymy0qs5w2wk-DOT_0.1.tar.gz
source root is DOT
setting SOURCE_DATE_EPOCH to timestamp 1460773748 of file DOT/MD5
Running phase: patchPhase
Running phase: updateAutotoolsGnuConfigScriptsPhase
Running phase: configurePhase
Running phase: buildPhase
Running phase: checkPhase
Running phase: installPhase
* installing *source* package ‘DOT’ ...
** package ‘DOT’ correctement décompressé et sommes MD5 vérifiées
** using staged installation
** R
** inst
** byte-compile and prepare package for lazy loading
** help
*** installing help indices
** building package indices
** testing if installed package can be loaded from temporary location
** testing if installed package can be loaded from final location
** testing if installed package keeps a record of temporary installation path
* DONE (DOT)
Running phase: fixupPhase
checking for references to /private/tmp/nix-build-r-DOT-0.1.drv-0/ in /nix/store/zacy4mqhzyc17f7ig9398i59c1c0zqgm-r-DOT-0.1...
patching script interpreter paths in /nix/store/zacy4mqhzyc17f7ig9398i59c1c0zqgm-r-DOT-0.1
rewriting symlink /nix/store/zacy4mqhzyc17f7ig9398i59c1c0zqgm-r-DOT-0.1/nix-support/propagated-user-env-packages to be relative to /nix/store/zacy4mqhzyc17f7ig9398i59c1c0zqgm-r-DOT-0.1
building '/nix/store/r6is890nx8m06ysm2ffrh2f7by9wdgcd-r-diffeRenTES-0.3.2.drv'...
Running phase: unpackPhase
unpacking source archive /nix/store/hq3akaw7rn5h24yk36k1dac9fp92c8x1-diffeRenTES_0.3.2.tar.gz
source root is diffeRenTES
setting SOURCE_DATE_EPOCH to timestamp 1651130405 of file diffeRenTES/MD5
Running phase: patchPhase
Running phase: updateAutotoolsGnuConfigScriptsPhase
Running phase: configurePhase
Running phase: buildPhase
Running phase: checkPhase
Running phase: installPhase
* installing *source* package ‘diffeRenTES’ ...
** package ‘diffeRenTES’ correctement décompressé et sommes MD5 vérifiées
** using staged installation
** R
** inst
** byte-compile and prepare package for lazy loading
** help
*** installing help indices
*** copying figures
** building package indices
** installing vignettes
** testing if installed package can be loaded from temporary location
** testing if installed package can be loaded from final location
** testing if installed package keeps a record of temporary installation path
* DONE (diffeRenTES)
Running phase: fixupPhase
checking for references to /private/tmp/nix-build-r-diffeRenTES-0.3.2.drv-0/ in /nix/store/ziw0wrjk4nskl4y67iqvw3zd3k0wdhh4-r-diffeRenTES-0.3.2...
patching script interpreter paths in /nix/store/ziw0wrjk4nskl4y67iqvw3zd3k0wdhh4-r-diffeRenTES-0.3.2
rewriting symlink /nix/store/ziw0wrjk4nskl4y67iqvw3zd3k0wdhh4-r-diffeRenTES-0.3.2/nix-support/propagated-user-env-packages to be relative to /nix/store/ziw0wrjk4nskl4y67iqvw3zd3k0wdhh4-r-diffeRenTES-0.3.2
