this derivation will be built:
  /nix/store/80b8nq0jsxfnmq37kfxs1zs16aac20qr-r-shinyCyJS-1.0.0.drv
this path will be fetched (0.64 MiB download, 0.64 MiB unpacked):
  /nix/store/m0j6kd07sl0qz04dqf17s7rrix7x693d-shinyCyJS_1.0.0.tar.gz
copying path '/nix/store/m0j6kd07sl0qz04dqf17s7rrix7x693d-shinyCyJS_1.0.0.tar.gz' from 'https://cache.nixos.org'...
building '/nix/store/80b8nq0jsxfnmq37kfxs1zs16aac20qr-r-shinyCyJS-1.0.0.drv'...
Running phase: unpackPhase
unpacking source archive /nix/store/m0j6kd07sl0qz04dqf17s7rrix7x693d-shinyCyJS_1.0.0.tar.gz
source root is shinyCyJS
setting SOURCE_DATE_EPOCH to timestamp 1695695402 of file shinyCyJS/MD5
Running phase: patchPhase
Running phase: updateAutotoolsGnuConfigScriptsPhase
Running phase: configurePhase
Running phase: buildPhase
Running phase: checkPhase
Running phase: installPhase
* installing *source* package ‘shinyCyJS’ ...
** package ‘shinyCyJS’ correctement décompressé et sommes MD5 vérifiées
** using staged installation
** R
** inst
** byte-compile and prepare package for lazy loading
** help
*** installing help indices
** building package indices
** testing if installed package can be loaded from temporary location
** testing if installed package can be loaded from final location
** testing if installed package keeps a record of temporary installation path
* DONE (shinyCyJS)
Running phase: fixupPhase
checking for references to /private/tmp/nix-build-r-shinyCyJS-1.0.0.drv-0/ in /nix/store/qbrrhp7bbypwb7mn57091y88z08rprl2-r-shinyCyJS-1.0.0...
patching script interpreter paths in /nix/store/qbrrhp7bbypwb7mn57091y88z08rprl2-r-shinyCyJS-1.0.0
rewriting symlink /nix/store/qbrrhp7bbypwb7mn57091y88z08rprl2-r-shinyCyJS-1.0.0/nix-support/propagated-user-env-packages to be relative to /nix/store/qbrrhp7bbypwb7mn57091y88z08rprl2-r-shinyCyJS-1.0.0
