this derivation will be built:
  /nix/store/lmc1aaqagxyqh2kvqk48gxlk63iwpply-r-ussherR-1.10.drv
this path will be fetched (2.81 MiB download, 2.84 MiB unpacked):
  /nix/store/gy7jlf3iwfpmy9bwqf12vfvmcb2hriv1-ussherR_1.10.tar.gz
copying path '/nix/store/gy7jlf3iwfpmy9bwqf12vfvmcb2hriv1-ussherR_1.10.tar.gz' from 'https://cache.nixos.org'...
building '/nix/store/lmc1aaqagxyqh2kvqk48gxlk63iwpply-r-ussherR-1.10.drv'...
Running phase: unpackPhase
unpacking source archive /nix/store/gy7jlf3iwfpmy9bwqf12vfvmcb2hriv1-ussherR_1.10.tar.gz
source root is ussherR
setting SOURCE_DATE_EPOCH to timestamp 1667989802 of file ussherR/MD5
Running phase: patchPhase
Running phase: updateAutotoolsGnuConfigScriptsPhase
Running phase: configurePhase
Running phase: buildPhase
Running phase: checkPhase
Running phase: installPhase
* installing *source* package ‘ussherR’ ...
** package ‘ussherR’ correctement décompressé et sommes MD5 vérifiées
** using staged installation
** R
** data
*** moving datasets to lazyload DB
** inst
** byte-compile and prepare package for lazy loading
** help
*** installing help indices
** building package indices
** testing if installed package can be loaded from temporary location
** testing if installed package can be loaded from final location
** testing if installed package keeps a record of temporary installation path
* DONE (ussherR)
Running phase: fixupPhase
checking for references to /private/tmp/nix-build-r-ussherR-1.10.drv-0/ in /nix/store/zx8lwv0vy3cnzs6k8k49ayz46gv9bv4z-r-ussherR-1.10...
patching script interpreter paths in /nix/store/zx8lwv0vy3cnzs6k8k49ayz46gv9bv4z-r-ussherR-1.10
