these 2 derivations will be built:
  /nix/store/3rjzwn55jz4hk20nb75iifdd9nb5fmhn-wbids_0.1.0.tar.gz.drv
  /nix/store/myz6l7gla9z6pbmppn5jhsw5y8kcq37d-r-wbids-0.1.0.drv
building '/nix/store/3rjzwn55jz4hk20nb75iifdd9nb5fmhn-wbids_0.1.0.tar.gz.drv'...

trying https://cran.r-project.org/src/contrib/wbids_0.1.0.tar.gz
  % Total    % Received % Xferd  Average Speed   Time    Time     Time  Current
                                 Dload  Upload   Total   Spent    Left  Speed
100  410k  100  410k    0     0  2136k      0 --:--:-- --:--:-- --:--:-- 2147k
building '/nix/store/myz6l7gla9z6pbmppn5jhsw5y8kcq37d-r-wbids-0.1.0.drv'...
Running phase: unpackPhase
unpacking source archive /nix/store/acgdgdnlp25ahqf2qkrqivmjw5kpzrcd-wbids_0.1.0.tar.gz
source root is wbids
setting SOURCE_DATE_EPOCH to timestamp 1731661202 of file wbids/MD5
Running phase: patchPhase
Running phase: updateAutotoolsGnuConfigScriptsPhase
Running phase: configurePhase
Running phase: buildPhase
Running phase: checkPhase
Running phase: installPhase
* installing *source* package ‘wbids’ ...
** package ‘wbids’ correctement décompressé et sommes MD5 vérifiées
** using staged installation
** R
** data
** inst
** byte-compile and prepare package for lazy loading
** help
*** installing help indices
** building package indices
** installing vignettes
** testing if installed package can be loaded from temporary location
** testing if installed package can be loaded from final location
** testing if installed package keeps a record of temporary installation path
* DONE (wbids)
Running phase: fixupPhase
checking for references to /private/tmp/nix-build-r-wbids-0.1.0.drv-0/ in /nix/store/9xqv4fdi4cnaqbg9xx3gdygk010gbf01-r-wbids-0.1.0...
patching script interpreter paths in /nix/store/9xqv4fdi4cnaqbg9xx3gdygk010gbf01-r-wbids-0.1.0
rewriting symlink /nix/store/9xqv4fdi4cnaqbg9xx3gdygk010gbf01-r-wbids-0.1.0/nix-support/propagated-user-env-packages to be relative to /nix/store/9xqv4fdi4cnaqbg9xx3gdygk010gbf01-r-wbids-0.1.0
