this derivation will be built:
  /nix/store/0wdd3g44gk21fkm1h46bq2858504n4g0-r-ttt-1.0.drv
this path will be fetched (0.04 MiB download, 0.04 MiB unpacked):
  /nix/store/1biw4m68sqdbbfgg0bjp0blpys02878i-ttt_1.0.tar.gz
copying path '/nix/store/1biw4m68sqdbbfgg0bjp0blpys02878i-ttt_1.0.tar.gz' from 'https://cache.nixos.org'...
building '/nix/store/0wdd3g44gk21fkm1h46bq2858504n4g0-r-ttt-1.0.drv'...
Running phase: unpackPhase
unpacking source archive /nix/store/1biw4m68sqdbbfgg0bjp0blpys02878i-ttt_1.0.tar.gz
source root is ttt
setting SOURCE_DATE_EPOCH to timestamp 1620388202 of file ttt/MD5
Running phase: patchPhase
Running phase: updateAutotoolsGnuConfigScriptsPhase
Running phase: configurePhase
Running phase: buildPhase
Running phase: checkPhase
Running phase: installPhase
* installing *source* package ‘ttt’ ...
** package ‘ttt’ correctement décompressé et sommes MD5 vérifiées
** using staged installation
** R
** inst
** byte-compile and prepare package for lazy loading
** help
*** installing help indices
** building package indices
** installing vignettes
** testing if installed package can be loaded from temporary location
** testing if installed package can be loaded from final location
** testing if installed package keeps a record of temporary installation path
* DONE (ttt)
Running phase: fixupPhase
checking for references to /private/tmp/nix-build-r-ttt-1.0.drv-0/ in /nix/store/5mzfq3hblj07niqdh57cisgi8ybz9y3v-r-ttt-1.0...
patching script interpreter paths in /nix/store/5mzfq3hblj07niqdh57cisgi8ybz9y3v-r-ttt-1.0
rewriting symlink /nix/store/5mzfq3hblj07niqdh57cisgi8ybz9y3v-r-ttt-1.0/nix-support/propagated-user-env-packages to be relative to /nix/store/5mzfq3hblj07niqdh57cisgi8ybz9y3v-r-ttt-1.0
