this derivation will be built:
  /nix/store/92fmmmr84w6y0ih5r34gz81q7jhd6v96-r-interim-0.8.0.drv
this path will be fetched (0.01 MiB download, 0.01 MiB unpacked):
  /nix/store/da2iy9xkz905jiwbcddw6j0fk9k4vcfn-interim_0.8.0.tar.gz
copying path '/nix/store/da2iy9xkz905jiwbcddw6j0fk9k4vcfn-interim_0.8.0.tar.gz' from 'https://cache.nixos.org'...
building '/nix/store/92fmmmr84w6y0ih5r34gz81q7jhd6v96-r-interim-0.8.0.drv'...
Running phase: unpackPhase
unpacking source archive /nix/store/da2iy9xkz905jiwbcddw6j0fk9k4vcfn-interim_0.8.0.tar.gz
source root is interim
setting SOURCE_DATE_EPOCH to timestamp 1561365003 of file interim/MD5
Running phase: patchPhase
Running phase: updateAutotoolsGnuConfigScriptsPhase
Running phase: configurePhase
Running phase: buildPhase
Running phase: checkPhase
Running phase: installPhase
* installing *source* package ‘interim’ ...
** package ‘interim’ correctement décompressé et sommes MD5 vérifiées
** using staged installation
** R
** byte-compile and prepare package for lazy loading
** help
*** installing help indices
** building package indices
** testing if installed package can be loaded from temporary location
** testing if installed package can be loaded from final location
** testing if installed package keeps a record of temporary installation path
* DONE (interim)
Running phase: fixupPhase
checking for references to /private/tmp/nix-build-r-interim-0.8.0.drv-0/ in /nix/store/i7y0pj9pvzw0l8yp0qcc8yb2zzmnkr0i-r-interim-0.8.0...
patching script interpreter paths in /nix/store/i7y0pj9pvzw0l8yp0qcc8yb2zzmnkr0i-r-interim-0.8.0
