this derivation will be built:
  /nix/store/scjwkwr36i2q2z1ii89fy8h9khyc3zj6-r-vagalumeR-0.1.6.drv
this path will be fetched (0.00 MiB download, 0.00 MiB unpacked):
  /nix/store/9dqgfh6bdj0fx9gd9a7c9i1l5m22x86l-vagalumeR_0.1.6.tar.gz
copying path '/nix/store/9dqgfh6bdj0fx9gd9a7c9i1l5m22x86l-vagalumeR_0.1.6.tar.gz' from 'https://cache.nixos.org'...
building '/nix/store/scjwkwr36i2q2z1ii89fy8h9khyc3zj6-r-vagalumeR-0.1.6.drv'...
Running phase: unpackPhase
unpacking source archive /nix/store/9dqgfh6bdj0fx9gd9a7c9i1l5m22x86l-vagalumeR_0.1.6.tar.gz
source root is vagalumeR
setting SOURCE_DATE_EPOCH to timestamp 1549222203 of file vagalumeR/MD5
Running phase: patchPhase
Running phase: updateAutotoolsGnuConfigScriptsPhase
Running phase: configurePhase
Running phase: buildPhase
Running phase: checkPhase
Running phase: installPhase
* installing *source* package ‘vagalumeR’ ...
** package ‘vagalumeR’ correctement décompressé et sommes MD5 vérifiées
** using staged installation
** R
** byte-compile and prepare package for lazy loading
** help
*** installing help indices
** building package indices
** testing if installed package can be loaded from temporary location
** testing if installed package can be loaded from final location
** testing if installed package keeps a record of temporary installation path
* DONE (vagalumeR)
Running phase: fixupPhase
checking for references to /private/tmp/nix-build-r-vagalumeR-0.1.6.drv-0/ in /nix/store/ndfzzx8ffr22hhs9s7zkfdx22i8v5ssm-r-vagalumeR-0.1.6...
patching script interpreter paths in /nix/store/ndfzzx8ffr22hhs9s7zkfdx22i8v5ssm-r-vagalumeR-0.1.6
rewriting symlink /nix/store/ndfzzx8ffr22hhs9s7zkfdx22i8v5ssm-r-vagalumeR-0.1.6/nix-support/propagated-user-env-packages to be relative to /nix/store/ndfzzx8ffr22hhs9s7zkfdx22i8v5ssm-r-vagalumeR-0.1.6
