this derivation will be built:
  /nix/store/753zi0ak9cfaq11kirsjycqjvvmn5prr-r-permimp-1.0-2.drv
this path will be fetched (0.09 MiB download, 0.09 MiB unpacked):
  /nix/store/v5ciyfpxa4sfpysqbw92isd7k9sfnzdy-permimp_1.0-2.tar.gz
copying path '/nix/store/v5ciyfpxa4sfpysqbw92isd7k9sfnzdy-permimp_1.0-2.tar.gz' from 'https://cache.nixos.org'...
building '/nix/store/753zi0ak9cfaq11kirsjycqjvvmn5prr-r-permimp-1.0-2.drv'...
Running phase: unpackPhase
unpacking source archive /nix/store/v5ciyfpxa4sfpysqbw92isd7k9sfnzdy-permimp_1.0-2.tar.gz
source root is permimp
setting SOURCE_DATE_EPOCH to timestamp 1631553602 of file permimp/MD5
Running phase: patchPhase
Running phase: updateAutotoolsGnuConfigScriptsPhase
Running phase: configurePhase
Running phase: buildPhase
Running phase: checkPhase
Running phase: installPhase
* installing *source* package ‘permimp’ ...
** package ‘permimp’ correctement décompressé et sommes MD5 vérifiées
** using staged installation
** R
** inst
** byte-compile and prepare package for lazy loading
** help
*** installing help indices
** building package indices
** installing vignettes
** testing if installed package can be loaded from temporary location
** testing if installed package can be loaded from final location
** testing if installed package keeps a record of temporary installation path
* DONE (permimp)
Running phase: fixupPhase
checking for references to /private/tmp/nix-build-r-permimp-1.0-2.drv-0/ in /nix/store/n7wqg9z2p6sdly5g99nf37winkpx77gs-r-permimp-1.0-2...
patching script interpreter paths in /nix/store/n7wqg9z2p6sdly5g99nf37winkpx77gs-r-permimp-1.0-2
rewriting symlink /nix/store/n7wqg9z2p6sdly5g99nf37winkpx77gs-r-permimp-1.0-2/nix-support/propagated-user-env-packages to be relative to /nix/store/n7wqg9z2p6sdly5g99nf37winkpx77gs-r-permimp-1.0-2
