this derivation will be built:
  /nix/store/i211rz2pzvffgq4q1c199wy79sfqrijw-r-Redmonder-0.2.0.drv
this path will be fetched (0.01 MiB download, 0.01 MiB unpacked):
  /nix/store/vp4xs5jais2gwybmf4cspjjzmlw4yqkg-Redmonder_0.2.0.tar.gz
copying path '/nix/store/vp4xs5jais2gwybmf4cspjjzmlw4yqkg-Redmonder_0.2.0.tar.gz' from 'https://cache.nixos.org'...
building '/nix/store/i211rz2pzvffgq4q1c199wy79sfqrijw-r-Redmonder-0.2.0.drv'...
Running phase: unpackPhase
unpacking source archive /nix/store/vp4xs5jais2gwybmf4cspjjzmlw4yqkg-Redmonder_0.2.0.tar.gz
source root is Redmonder
setting SOURCE_DATE_EPOCH to timestamp 1483551248 of file Redmonder/MD5
Running phase: patchPhase
Running phase: updateAutotoolsGnuConfigScriptsPhase
Running phase: configurePhase
Running phase: buildPhase
Running phase: checkPhase
Running phase: installPhase
* installing *source* package ‘Redmonder’ ...
** package ‘Redmonder’ correctement décompressé et sommes MD5 vérifiées
** using staged installation
** R
** byte-compile and prepare package for lazy loading
** help
*** installing help indices
** building package indices
** testing if installed package can be loaded from temporary location
** testing if installed package can be loaded from final location
** testing if installed package keeps a record of temporary installation path
* DONE (Redmonder)
Running phase: fixupPhase
checking for references to /private/tmp/nix-build-r-Redmonder-0.2.0.drv-0/ in /nix/store/hvcwbj8f64hym6jrg6pvmwzx8dhgiadh-r-Redmonder-0.2.0...
patching script interpreter paths in /nix/store/hvcwbj8f64hym6jrg6pvmwzx8dhgiadh-r-Redmonder-0.2.0
