these 3 derivations will be built:
  /nix/store/48mk8ayhc04288110fsf90iyr2pahqp9-r-neonUtilities-2.4.2.drv
  /nix/store/ccylwh8rdd58r3ywrx57dp4cvx7iqsv5-r-neonOS-1.1.0.drv
  /nix/store/fak4c4yk34v26gwf3fpl9vhrf8pqzas5-r-ecocomDP-1.3.2.drv
building '/nix/store/ccylwh8rdd58r3ywrx57dp4cvx7iqsv5-r-neonOS-1.1.0.drv'...
building '/nix/store/48mk8ayhc04288110fsf90iyr2pahqp9-r-neonUtilities-2.4.2.drv'...
Running phase: unpackPhase
unpacking source archive /nix/store/r3k720sv55h6zysywz1lppydfcdjc9dd-neonOS_1.1.0.tar.gz
source root is neonOS
setting SOURCE_DATE_EPOCH to timestamp 1718398202 of file neonOS/MD5
Running phase: patchPhase
Running phase: updateAutotoolsGnuConfigScriptsPhase
Running phase: configurePhase
Running phase: buildPhase
Running phase: checkPhase
Running phase: installPhase
Running phase: unpackPhase
unpacking source archive /nix/store/1a0avd3ml1nxd8zijs3jz78nwxgg9z3g-neonUtilities_2.4.2.tar.gz
source root is neonUtilities
setting SOURCE_DATE_EPOCH to timestamp 1714497602 of file neonUtilities/MD5
Running phase: patchPhase
* installing *source* package ‘neonOS’ ...
** package ‘neonOS’ correctement décompressé et sommes MD5 vérifiées
** using staged installation
** R
** data
*** moving datasets to lazyload DB
Running phase: updateAutotoolsGnuConfigScriptsPhase
** inst
** byte-compile and prepare package for lazy loading
Running phase: configurePhase
Running phase: buildPhase
Running phase: checkPhase
Running phase: installPhase
* installing *source* package ‘neonUtilities’ ...
** package ‘neonUtilities’ correctement décompressé et sommes MD5 vérifiées
** using staged installation
** R
** data
*** moving datasets to lazyload DB
** inst
** byte-compile and prepare package for lazy loading
** help
*** installing help indices
** building package indices
** testing if installed package can be loaded from temporary location
** testing if installed package can be loaded from final location
** testing if installed package keeps a record of temporary installation path
* DONE (neonOS)
Running phase: fixupPhase
checking for references to /private/tmp/nix-build-r-neonOS-1.1.0.drv-0/ in /nix/store/53kxnw11bs1immsz84js1ry0amnkpg6r-r-neonOS-1.1.0...
patching script interpreter paths in /nix/store/53kxnw11bs1immsz84js1ry0amnkpg6r-r-neonOS-1.1.0
rewriting symlink /nix/store/53kxnw11bs1immsz84js1ry0amnkpg6r-r-neonOS-1.1.0/nix-support/propagated-user-env-packages to be relative to /nix/store/53kxnw11bs1immsz84js1ry0amnkpg6r-r-neonOS-1.1.0
** help
*** installing help indices
** building package indices
** testing if installed package can be loaded from temporary location
** testing if installed package can be loaded from final location
** testing if installed package keeps a record of temporary installation path
* DONE (neonUtilities)
Running phase: fixupPhase
checking for references to /private/tmp/nix-build-r-neonUtilities-2.4.2.drv-0/ in /nix/store/1kn5p933vdggn5mc1q5l6s68v2h0i53w-r-neonUtilities-2.4.2...
patching script interpreter paths in /nix/store/1kn5p933vdggn5mc1q5l6s68v2h0i53w-r-neonUtilities-2.4.2
rewriting symlink /nix/store/1kn5p933vdggn5mc1q5l6s68v2h0i53w-r-neonUtilities-2.4.2/nix-support/propagated-user-env-packages to be relative to /nix/store/1kn5p933vdggn5mc1q5l6s68v2h0i53w-r-neonUtilities-2.4.2
building '/nix/store/fak4c4yk34v26gwf3fpl9vhrf8pqzas5-r-ecocomDP-1.3.2.drv'...
Running phase: unpackPhase
unpacking source archive /nix/store/z37925f1n8hjrc0jg2hi9lm93gb675ic-ecocomDP_1.3.2.tar.gz
source root is ecocomDP
setting SOURCE_DATE_EPOCH to timestamp 1723844402 of file ecocomDP/MD5
Running phase: patchPhase
Running phase: updateAutotoolsGnuConfigScriptsPhase
Running phase: configurePhase
Running phase: buildPhase
Running phase: checkPhase
Running phase: installPhase
* installing *source* package ‘ecocomDP’ ...
** package ‘ecocomDP’ correctement décompressé et sommes MD5 vérifiées
** using staged installation
** R
** data
*** moving datasets to lazyload DB
** inst
** byte-compile and prepare package for lazy loading
** help
*** installing help indices
*** copying figures
** building package indices
** installing vignettes
** testing if installed package can be loaded from temporary location
** testing if installed package can be loaded from final location
** testing if installed package keeps a record of temporary installation path
* DONE (ecocomDP)
Running phase: fixupPhase
checking for references to /private/tmp/nix-build-r-ecocomDP-1.3.2.drv-0/ in /nix/store/7iz8cqgmv83ra21d2sh61q563rwbiqgz-r-ecocomDP-1.3.2...
patching script interpreter paths in /nix/store/7iz8cqgmv83ra21d2sh61q563rwbiqgz-r-ecocomDP-1.3.2
rewriting symlink /nix/store/7iz8cqgmv83ra21d2sh61q563rwbiqgz-r-ecocomDP-1.3.2/nix-support/propagated-user-env-packages to be relative to /nix/store/7iz8cqgmv83ra21d2sh61q563rwbiqgz-r-ecocomDP-1.3.2
