this derivation will be built:
  /nix/store/k90fv8xvc0kz4pg6rpd10v59pdihd7qd-r-ipmr-0.0.7.drv
this path will be fetched (1.46 MiB download, 1.46 MiB unpacked):
  /nix/store/c6ga2sgsk0i4i818g11jzrks6ncd5y95-ipmr_0.0.7.tar.gz
copying path '/nix/store/c6ga2sgsk0i4i818g11jzrks6ncd5y95-ipmr_0.0.7.tar.gz' from 'https://cache.nixos.org'...
building '/nix/store/k90fv8xvc0kz4pg6rpd10v59pdihd7qd-r-ipmr-0.0.7.drv'...
Running phase: unpackPhase
unpacking source archive /nix/store/c6ga2sgsk0i4i818g11jzrks6ncd5y95-ipmr_0.0.7.tar.gz
source root is ipmr
setting SOURCE_DATE_EPOCH to timestamp 1676559602 of file ipmr/MD5
Running phase: patchPhase
Running phase: updateAutotoolsGnuConfigScriptsPhase
Running phase: configurePhase
Running phase: buildPhase
Running phase: checkPhase
Running phase: installPhase
* installing *source* package ‘ipmr’ ...
** package ‘ipmr’ correctement décompressé et sommes MD5 vérifiées
** using staged installation
** libs
using C++ compiler: ‘clang version 16.0.6’
using SDK: ‘’
/nix/store/v39c0h6xv6hvki2k1bsyp5n090q8y2bp-clang-wrapper-16.0.6/bin/c++ -std=gnu++17 -I"/nix/store/lir8rmsk7dxbj7v1spqmv69z4mafg16l-R-4.4.2/lib/R/include" -DNDEBUG  -I'/nix/store/da7yi2xf3argx9hlnn3f0k95b8y1yx2l-r-Rcpp-1.0.13-1/library/Rcpp/include' -isystem /nix/store/0mmz5i705116bfykc7i1r9jxqwyghj2a-libcxx-16.0.6-dev/include/c++/v1    -fPIC  -g -O2   -c RcppExports.cpp -o RcppExports.o
/nix/store/v39c0h6xv6hvki2k1bsyp5n090q8y2bp-clang-wrapper-16.0.6/bin/c++ -std=gnu++17 -I"/nix/store/lir8rmsk7dxbj7v1spqmv69z4mafg16l-R-4.4.2/lib/R/include" -DNDEBUG  -I'/nix/store/da7yi2xf3argx9hlnn3f0k95b8y1yx2l-r-Rcpp-1.0.13-1/library/Rcpp/include' -isystem /nix/store/0mmz5i705116bfykc7i1r9jxqwyghj2a-libcxx-16.0.6-dev/include/c++/v1    -fPIC  -g -O2   -c mat_to_df_impl.cpp -o mat_to_df_impl.o
/nix/store/v39c0h6xv6hvki2k1bsyp5n090q8y2bp-clang-wrapper-16.0.6/bin/c++ -std=gnu++17 -I"/nix/store/lir8rmsk7dxbj7v1spqmv69z4mafg16l-R-4.4.2/lib/R/include" -DNDEBUG  -I'/nix/store/da7yi2xf3argx9hlnn3f0k95b8y1yx2l-r-Rcpp-1.0.13-1/library/Rcpp/include' -isystem /nix/store/0mmz5i705116bfykc7i1r9jxqwyghj2a-libcxx-16.0.6-dev/include/c++/v1    -fPIC  -g -O2   -c mean_kernel_impl.cpp -o mean_kernel_impl.o
/nix/store/v39c0h6xv6hvki2k1bsyp5n090q8y2bp-clang-wrapper-16.0.6/bin/c++ -std=gnu++17 -I"/nix/store/lir8rmsk7dxbj7v1spqmv69z4mafg16l-R-4.4.2/lib/R/include" -DNDEBUG  -I'/nix/store/da7yi2xf3argx9hlnn3f0k95b8y1yx2l-r-Rcpp-1.0.13-1/library/Rcpp/include' -isystem /nix/store/0mmz5i705116bfykc7i1r9jxqwyghj2a-libcxx-16.0.6-dev/include/c++/v1    -fPIC  -g -O2   -c update_pop_state.cpp -o update_pop_state.o
/nix/store/v39c0h6xv6hvki2k1bsyp5n090q8y2bp-clang-wrapper-16.0.6/bin/c++ -std=gnu++17 -dynamiclib -Wl,-headerpad_max_install_names -undefined dynamic_lookup -L/nix/store/lir8rmsk7dxbj7v1spqmv69z4mafg16l-R-4.4.2/lib/R/lib -L/nix/store/88xkgzh5g9xppsg3hdxxxh9q43rnxk6k-libcxx-16.0.6/lib -o ipmr.so RcppExports.o mat_to_df_impl.o mean_kernel_impl.o update_pop_state.o -L/nix/store/lir8rmsk7dxbj7v1spqmv69z4mafg16l-R-4.4.2/lib/R/lib -lR -lintl -Wl,-framework -Wl,CoreFoundation
installing to /nix/store/bwsdhv7vf94aq7d0pnfydxanmrpkg5nm-r-ipmr-0.0.7/library/00LOCK-ipmr/00new/ipmr/libs
** R
** data
*** moving datasets to lazyload DB
** inst
** byte-compile and prepare package for lazy loading
** help
*** installing help indices
** building package indices
** installing vignettes
** testing if installed package can be loaded from temporary location
** checking absolute paths in shared objects and dynamic libraries
** testing if installed package can be loaded from final location
** testing if installed package keeps a record of temporary installation path
* DONE (ipmr)
Running phase: fixupPhase
checking for references to /private/tmp/nix-build-r-ipmr-0.0.7.drv-0/ in /nix/store/bwsdhv7vf94aq7d0pnfydxanmrpkg5nm-r-ipmr-0.0.7...
patching script interpreter paths in /nix/store/bwsdhv7vf94aq7d0pnfydxanmrpkg5nm-r-ipmr-0.0.7
rewriting symlink /nix/store/bwsdhv7vf94aq7d0pnfydxanmrpkg5nm-r-ipmr-0.0.7/nix-support/propagated-user-env-packages to be relative to /nix/store/bwsdhv7vf94aq7d0pnfydxanmrpkg5nm-r-ipmr-0.0.7
