this derivation will be built:
  /nix/store/9hqz9ggnrfp0lb06hmd3mz0f1s0x56ap-r-NHANES-2.1.0.drv
this path will be fetched (1.21 MiB download, 1.21 MiB unpacked):
  /nix/store/qw9l7rqm17nbdvphfxglzfwc9h4cpv0v-NHANES_2.1.0.tar.gz
copying path '/nix/store/qw9l7rqm17nbdvphfxglzfwc9h4cpv0v-NHANES_2.1.0.tar.gz' from 'https://cache.nixos.org'...
building '/nix/store/9hqz9ggnrfp0lb06hmd3mz0f1s0x56ap-r-NHANES-2.1.0.drv'...
Running phase: unpackPhase
unpacking source archive /nix/store/qw9l7rqm17nbdvphfxglzfwc9h4cpv0v-NHANES_2.1.0.tar.gz
source root is NHANES
setting SOURCE_DATE_EPOCH to timestamp 1435812436 of file NHANES/MD5
Running phase: patchPhase
Running phase: updateAutotoolsGnuConfigScriptsPhase
Running phase: configurePhase
Running phase: buildPhase
Running phase: checkPhase
Running phase: installPhase
* installing *source* package ‘NHANES’ ...
** package ‘NHANES’ correctement décompressé et sommes MD5 vérifiées
** using staged installation
** R
** data
*** moving datasets to lazyload DB
** byte-compile and prepare package for lazy loading
** help
*** installing help indices
** building package indices
** testing if installed package can be loaded from temporary location
** testing if installed package can be loaded from final location
** testing if installed package keeps a record of temporary installation path
* DONE (NHANES)
Running phase: fixupPhase
checking for references to /private/tmp/nix-build-r-NHANES-2.1.0.drv-0/ in /nix/store/scjdbx9361djr02r6sgllzaq2j5mdxzf-r-NHANES-2.1.0...
patching script interpreter paths in /nix/store/scjdbx9361djr02r6sgllzaq2j5mdxzf-r-NHANES-2.1.0
