this derivation will be built:
  /nix/store/4090x5lmg06v91kvynksgkbkg6w8ji5x-r-pointr-0.2.0.drv
this path will be fetched (0.00 MiB download, 0.00 MiB unpacked):
  /nix/store/n130b7wnmz5xjgg1gr15w80pyawa6zgv-pointr_0.2.0.tar.gz
copying path '/nix/store/n130b7wnmz5xjgg1gr15w80pyawa6zgv-pointr_0.2.0.tar.gz' from 'https://cache.nixos.org'...
building '/nix/store/4090x5lmg06v91kvynksgkbkg6w8ji5x-r-pointr-0.2.0.drv'...
Running phase: unpackPhase
unpacking source archive /nix/store/n130b7wnmz5xjgg1gr15w80pyawa6zgv-pointr_0.2.0.tar.gz
source root is pointr
setting SOURCE_DATE_EPOCH to timestamp 1609908602 of file pointr/MD5
Running phase: patchPhase
Running phase: updateAutotoolsGnuConfigScriptsPhase
Running phase: configurePhase
Running phase: buildPhase
Running phase: checkPhase
Running phase: installPhase
* installing *source* package ‘pointr’ ...
** package ‘pointr’ correctement décompressé et sommes MD5 vérifiées
** using staged installation
** R
** byte-compile and prepare package for lazy loading
** help
*** installing help indices
** building package indices
** testing if installed package can be loaded from temporary location
** testing if installed package can be loaded from final location
** testing if installed package keeps a record of temporary installation path
* DONE (pointr)
Running phase: fixupPhase
checking for references to /private/tmp/nix-build-r-pointr-0.2.0.drv-0/ in /nix/store/gskalnz49cs7w7qjragl9x7n474wf464-r-pointr-0.2.0...
patching script interpreter paths in /nix/store/gskalnz49cs7w7qjragl9x7n474wf464-r-pointr-0.2.0
rewriting symlink /nix/store/gskalnz49cs7w7qjragl9x7n474wf464-r-pointr-0.2.0/nix-support/propagated-user-env-packages to be relative to /nix/store/gskalnz49cs7w7qjragl9x7n474wf464-r-pointr-0.2.0
