these 2 derivations will be built:
  /nix/store/byww46916kir8hp4b5h87cyhhk716pn9-RobustPrediction_0.1.4.tar.gz.drv
  /nix/store/kv3dwcgkmqxkh2bqkbips83fz1b3hb6x-r-RobustPrediction-0.1.4.drv
building '/nix/store/byww46916kir8hp4b5h87cyhhk716pn9-RobustPrediction_0.1.4.tar.gz.drv'...

trying https://cran.r-project.org/src/contrib/RobustPrediction_0.1.4.tar.gz
  % Total    % Received % Xferd  Average Speed   Time    Time     Time  Current
                                 Dload  Upload   Total   Spent    Left  Speed
100  167k  100  167k    0     0   997k      0 --:--:-- --:--:-- --:--:--  999k
building '/nix/store/kv3dwcgkmqxkh2bqkbips83fz1b3hb6x-r-RobustPrediction-0.1.4.drv'...
Running phase: unpackPhase
unpacking source archive /nix/store/vsyyw2n40d86ysiwib76br9abxr1jnx9-RobustPrediction_0.1.4.tar.gz
source root is RobustPrediction
setting SOURCE_DATE_EPOCH to timestamp 1731591008 of file RobustPrediction/MD5
Running phase: patchPhase
Running phase: updateAutotoolsGnuConfigScriptsPhase
Running phase: configurePhase
Running phase: buildPhase
Running phase: checkPhase
Running phase: installPhase
* installing *source* package ‘RobustPrediction’ ...
** package ‘RobustPrediction’ correctement décompressé et sommes MD5 vérifiées
** using staged installation
** R
** data
*** moving datasets to lazyload DB
** byte-compile and prepare package for lazy loading
** help
*** installing help indices
** building package indices
** testing if installed package can be loaded from temporary location
** testing if installed package can be loaded from final location
** testing if installed package keeps a record of temporary installation path
* DONE (RobustPrediction)
Running phase: fixupPhase
checking for references to /private/tmp/nix-build-r-RobustPrediction-0.1.4.drv-0/ in /nix/store/cwzpdbl4avm6mhpkaca2xisjygird1n8-r-RobustPrediction-0.1.4...
patching script interpreter paths in /nix/store/cwzpdbl4avm6mhpkaca2xisjygird1n8-r-RobustPrediction-0.1.4
rewriting symlink /nix/store/cwzpdbl4avm6mhpkaca2xisjygird1n8-r-RobustPrediction-0.1.4/nix-support/propagated-user-env-packages to be relative to /nix/store/cwzpdbl4avm6mhpkaca2xisjygird1n8-r-RobustPrediction-0.1.4
