this derivation will be built:
  /nix/store/gjip3xnsvcmmbgcrxl188z3c4k8v77xs-r-mockthat-0.2.8.drv
this path will be fetched (0.01 MiB download, 0.01 MiB unpacked):
  /nix/store/5ilk5cp1gv7vfkpd96ylvblg66vxxajb-mockthat_0.2.8.tar.gz
copying path '/nix/store/5ilk5cp1gv7vfkpd96ylvblg66vxxajb-mockthat_0.2.8.tar.gz' from 'https://cache.nixos.org'...
building '/nix/store/gjip3xnsvcmmbgcrxl188z3c4k8v77xs-r-mockthat-0.2.8.drv'...
Running phase: unpackPhase
unpacking source archive /nix/store/5ilk5cp1gv7vfkpd96ylvblg66vxxajb-mockthat_0.2.8.tar.gz
source root is mockthat
setting SOURCE_DATE_EPOCH to timestamp 1667290065 of file mockthat/MD5
Running phase: patchPhase
Running phase: updateAutotoolsGnuConfigScriptsPhase
Running phase: configurePhase
Running phase: buildPhase
Running phase: checkPhase
Running phase: installPhase
* installing *source* package ‘mockthat’ ...
** package ‘mockthat’ correctement décompressé et sommes MD5 vérifiées
** using staged installation
** R
** inst
** byte-compile and prepare package for lazy loading
** help
*** installing help indices
** building package indices
** testing if installed package can be loaded from temporary location
** testing if installed package can be loaded from final location
** testing if installed package keeps a record of temporary installation path
* DONE (mockthat)
Running phase: fixupPhase
checking for references to /private/tmp/nix-build-r-mockthat-0.2.8.drv-0/ in /nix/store/pvg9ail00wc58xcrc3x5iiaz31vbvmw1-r-mockthat-0.2.8...
patching script interpreter paths in /nix/store/pvg9ail00wc58xcrc3x5iiaz31vbvmw1-r-mockthat-0.2.8
rewriting symlink /nix/store/pvg9ail00wc58xcrc3x5iiaz31vbvmw1-r-mockthat-0.2.8/nix-support/propagated-user-env-packages to be relative to /nix/store/pvg9ail00wc58xcrc3x5iiaz31vbvmw1-r-mockthat-0.2.8
