this derivation will be built:
  /nix/store/nfhyj2a7jv3bnk0pi9xqzqf3883jy4vm-r-trackeRapp-1.2.drv
this path will be fetched (3.34 MiB download, 3.34 MiB unpacked):
  /nix/store/x6pzln85smv08989d65v1smlivjpkjzh-trackeRapp_1.2.tar.gz
copying path '/nix/store/x6pzln85smv08989d65v1smlivjpkjzh-trackeRapp_1.2.tar.gz' from 'https://cache.nixos.org'...
building '/nix/store/nfhyj2a7jv3bnk0pi9xqzqf3883jy4vm-r-trackeRapp-1.2.drv'...
Running phase: unpackPhase
unpacking source archive /nix/store/x6pzln85smv08989d65v1smlivjpkjzh-trackeRapp_1.2.tar.gz
source root is trackeRapp
setting SOURCE_DATE_EPOCH to timestamp 1644924003 of file trackeRapp/MD5
Running phase: patchPhase
Running phase: updateAutotoolsGnuConfigScriptsPhase
Running phase: configurePhase
Running phase: buildPhase
Running phase: checkPhase
Running phase: installPhase
* installing *source* package ‘trackeRapp’ ...
** package ‘trackeRapp’ correctement décompressé et sommes MD5 vérifiées
** using staged installation
** R
** inst
** byte-compile and prepare package for lazy loading
** help
*** installing help indices
** building package indices
** testing if installed package can be loaded from temporary location
** testing if installed package can be loaded from final location
** testing if installed package keeps a record of temporary installation path
* DONE (trackeRapp)
Running phase: fixupPhase
checking for references to /private/tmp/nix-build-r-trackeRapp-1.2.drv-0/ in /nix/store/bc85w8559zswirlxjw1ws5sbq6d5splm-r-trackeRapp-1.2...
patching script interpreter paths in /nix/store/bc85w8559zswirlxjw1ws5sbq6d5splm-r-trackeRapp-1.2
rewriting symlink /nix/store/bc85w8559zswirlxjw1ws5sbq6d5splm-r-trackeRapp-1.2/nix-support/propagated-user-env-packages to be relative to /nix/store/bc85w8559zswirlxjw1ws5sbq6d5splm-r-trackeRapp-1.2
