this derivation will be built:
  /nix/store/9szxh47q3g1a3pkcff5rq0140wskgblj-r-cvdprevent-0.2.0.drv
building '/nix/store/9szxh47q3g1a3pkcff5rq0140wskgblj-r-cvdprevent-0.2.0.drv'...
Running phase: unpackPhase
unpacking source archive /nix/store/lf9aqybidvyzf7fgaxw5g3yhq39fc47a-cvdprevent_0.2.0.tar.gz
source root is cvdprevent
setting SOURCE_DATE_EPOCH to timestamp 1729101001 of file cvdprevent/MD5
Running phase: patchPhase
Running phase: updateAutotoolsGnuConfigScriptsPhase
Running phase: configurePhase
Running phase: buildPhase
Running phase: checkPhase
Running phase: installPhase
* installing *source* package ‘cvdprevent’ ...
** package ‘cvdprevent’ correctement décompressé et sommes MD5 vérifiées
** using staged installation
** R
** inst
** byte-compile and prepare package for lazy loading
** help
*** installing help indices
*** copying figures
** building package indices
** installing vignettes
** testing if installed package can be loaded from temporary location
** testing if installed package can be loaded from final location
** testing if installed package keeps a record of temporary installation path
* DONE (cvdprevent)
Running phase: fixupPhase
checking for references to /private/tmp/nix-build-r-cvdprevent-0.2.0.drv-0/ in /nix/store/a47d1nddkpzrqdb0612i08lfgh606f50-r-cvdprevent-0.2.0...
patching script interpreter paths in /nix/store/a47d1nddkpzrqdb0612i08lfgh606f50-r-cvdprevent-0.2.0
rewriting symlink /nix/store/a47d1nddkpzrqdb0612i08lfgh606f50-r-cvdprevent-0.2.0/nix-support/propagated-user-env-packages to be relative to /nix/store/a47d1nddkpzrqdb0612i08lfgh606f50-r-cvdprevent-0.2.0
