this derivation will be built:
  /nix/store/mqg4jz7nkr5brqzb9dq1l3iqks42ayn1-r-mvGPS-1.2.2.drv
this path will be fetched (0.16 MiB download, 0.16 MiB unpacked):
  /nix/store/26wc41wyhxylgva0ds9rg0ackh387r30-mvGPS_1.2.2.tar.gz
copying path '/nix/store/26wc41wyhxylgva0ds9rg0ackh387r30-mvGPS_1.2.2.tar.gz' from 'https://cache.nixos.org'...
building '/nix/store/mqg4jz7nkr5brqzb9dq1l3iqks42ayn1-r-mvGPS-1.2.2.drv'...
Running phase: unpackPhase
unpacking source archive /nix/store/26wc41wyhxylgva0ds9rg0ackh387r30-mvGPS_1.2.2.tar.gz
source root is mvGPS
setting SOURCE_DATE_EPOCH to timestamp 1638865215 of file mvGPS/MD5
Running phase: patchPhase
Running phase: updateAutotoolsGnuConfigScriptsPhase
Running phase: configurePhase
Running phase: buildPhase
Running phase: checkPhase
Running phase: installPhase
* installing *source* package ‘mvGPS’ ...
** package ‘mvGPS’ correctement décompressé et sommes MD5 vérifiées
** using staged installation
** R
** inst
** byte-compile and prepare package for lazy loading
** help
*** installing help indices
** building package indices
** installing vignettes
** testing if installed package can be loaded from temporary location
** testing if installed package can be loaded from final location
** testing if installed package keeps a record of temporary installation path
* DONE (mvGPS)
Running phase: fixupPhase
checking for references to /private/tmp/nix-build-r-mvGPS-1.2.2.drv-0/ in /nix/store/md0ywci2mdwlz39kbczd1xxd60845bbh-r-mvGPS-1.2.2...
patching script interpreter paths in /nix/store/md0ywci2mdwlz39kbczd1xxd60845bbh-r-mvGPS-1.2.2
rewriting symlink /nix/store/md0ywci2mdwlz39kbczd1xxd60845bbh-r-mvGPS-1.2.2/nix-support/propagated-user-env-packages to be relative to /nix/store/md0ywci2mdwlz39kbczd1xxd60845bbh-r-mvGPS-1.2.2
