this derivation will be built:
  /nix/store/szlfglrdd5vm8bcpigp9inyji1rl8yd7-r-RamanMP-1.0.drv
this path will be fetched (2.92 MiB download, 2.92 MiB unpacked):
  /nix/store/gan1vycsil8d3nbhccj7n6gbgv4jn2ym-RamanMP_1.0.tar.gz
copying path '/nix/store/gan1vycsil8d3nbhccj7n6gbgv4jn2ym-RamanMP_1.0.tar.gz' from 'https://cache.nixos.org'...
building '/nix/store/szlfglrdd5vm8bcpigp9inyji1rl8yd7-r-RamanMP-1.0.drv'...
Running phase: unpackPhase
unpacking source archive /nix/store/gan1vycsil8d3nbhccj7n6gbgv4jn2ym-RamanMP_1.0.tar.gz
source root is RamanMP
setting SOURCE_DATE_EPOCH to timestamp 1625818205 of file RamanMP/MD5
Running phase: patchPhase
Running phase: updateAutotoolsGnuConfigScriptsPhase
Running phase: configurePhase
Running phase: buildPhase
Running phase: checkPhase
Running phase: installPhase
* installing *source* package ‘RamanMP’ ...
** package ‘RamanMP’ correctement décompressé et sommes MD5 vérifiées
** using staged installation
** R
** data
*** moving datasets to lazyload DB
** inst
** byte-compile and prepare package for lazy loading
** help
*** installing help indices
** building package indices
** testing if installed package can be loaded from temporary location
** testing if installed package can be loaded from final location
** testing if installed package keeps a record of temporary installation path
* DONE (RamanMP)
Running phase: fixupPhase
checking for references to /private/tmp/nix-build-r-RamanMP-1.0.drv-0/ in /nix/store/i44m3gv49wdcdlg3xwbhci0clkbv641h-r-RamanMP-1.0...
patching script interpreter paths in /nix/store/i44m3gv49wdcdlg3xwbhci0clkbv641h-r-RamanMP-1.0
rewriting symlink /nix/store/i44m3gv49wdcdlg3xwbhci0clkbv641h-r-RamanMP-1.0/nix-support/propagated-user-env-packages to be relative to /nix/store/i44m3gv49wdcdlg3xwbhci0clkbv641h-r-RamanMP-1.0
