this derivation will be built:
  /nix/store/dsmrksx4nrajkcfkm361ww36db5mdpv0-r-MGBT-1.0.7.drv
this path will be fetched (1.21 MiB download, 1.21 MiB unpacked):
  /nix/store/cqw3194vzw9dszaccqd28wl6pd78rf68-MGBT_1.0.7.tar.gz
copying path '/nix/store/cqw3194vzw9dszaccqd28wl6pd78rf68-MGBT_1.0.7.tar.gz' from 'https://cache.nixos.org'...
building '/nix/store/dsmrksx4nrajkcfkm361ww36db5mdpv0-r-MGBT-1.0.7.drv'...
Running phase: unpackPhase
unpacking source archive /nix/store/cqw3194vzw9dszaccqd28wl6pd78rf68-MGBT_1.0.7.tar.gz
source root is MGBT
setting SOURCE_DATE_EPOCH to timestamp 1626892202 of file MGBT/MD5
Running phase: patchPhase
Running phase: updateAutotoolsGnuConfigScriptsPhase
Running phase: configurePhase
Running phase: buildPhase
Running phase: checkPhase
Running phase: installPhase
* installing *source* package ‘MGBT’ ...
** package ‘MGBT’ correctement décompressé et sommes MD5 vérifiées
** using staged installation
** R
** inst
** byte-compile and prepare package for lazy loading
** help
*** installing help indices
** building package indices
** testing if installed package can be loaded from temporary location
** testing if installed package can be loaded from final location
** testing if installed package keeps a record of temporary installation path
* DONE (MGBT)
Running phase: fixupPhase
checking for references to /private/tmp/nix-build-r-MGBT-1.0.7.drv-0/ in /nix/store/k7yanf3pfs4j1mhlsxlyrky84whc7rhk-r-MGBT-1.0.7...
patching script interpreter paths in /nix/store/k7yanf3pfs4j1mhlsxlyrky84whc7rhk-r-MGBT-1.0.7
