this derivation will be built:
  /nix/store/mql9al3ihqgnm5zwasiwg7bbbikwnx10-r-MMLR-0.2.0.drv
this path will be fetched (0.04 MiB download, 0.04 MiB unpacked):
  /nix/store/p3ycfi3aijib0d1bkzbs86l44bpn71qs-MMLR_0.2.0.tar.gz
copying path '/nix/store/p3ycfi3aijib0d1bkzbs86l44bpn71qs-MMLR_0.2.0.tar.gz' from 'https://cache.nixos.org'...
building '/nix/store/mql9al3ihqgnm5zwasiwg7bbbikwnx10-r-MMLR-0.2.0.drv'...
Running phase: unpackPhase
unpacking source archive /nix/store/p3ycfi3aijib0d1bkzbs86l44bpn71qs-MMLR_0.2.0.tar.gz
source root is MMLR
setting SOURCE_DATE_EPOCH to timestamp 1578573011 of file MMLR/MD5
Running phase: patchPhase
Running phase: updateAutotoolsGnuConfigScriptsPhase
Running phase: configurePhase
Running phase: buildPhase
Running phase: checkPhase
Running phase: installPhase
* installing *source* package ‘MMLR’ ...
** package ‘MMLR’ correctement décompressé et sommes MD5 vérifiées
** using staged installation
** R
** byte-compile and prepare package for lazy loading
** help
*** installing help indices
*** copying figures
** building package indices
** testing if installed package can be loaded from temporary location
** testing if installed package can be loaded from final location
** testing if installed package keeps a record of temporary installation path
* DONE (MMLR)
Running phase: fixupPhase
checking for references to /private/tmp/nix-build-r-MMLR-0.2.0.drv-0/ in /nix/store/2dr0das21gnzdx1bx3wcs5w1hl75134k-r-MMLR-0.2.0...
patching script interpreter paths in /nix/store/2dr0das21gnzdx1bx3wcs5w1hl75134k-r-MMLR-0.2.0
rewriting symlink /nix/store/2dr0das21gnzdx1bx3wcs5w1hl75134k-r-MMLR-0.2.0/nix-support/propagated-user-env-packages to be relative to /nix/store/2dr0das21gnzdx1bx3wcs5w1hl75134k-r-MMLR-0.2.0
