this derivation will be built:
  /nix/store/fldfpzfkqs4vri26ywsnnhn2iabfz9qx-r-vinereg-0.10.0.drv
this path will be fetched (1.14 MiB download, 1.14 MiB unpacked):
  /nix/store/pqzg4vn4cn364hk272s7v2ynlhvhl5l3-vinereg_0.10.0.tar.gz
copying path '/nix/store/pqzg4vn4cn364hk272s7v2ynlhvhl5l3-vinereg_0.10.0.tar.gz' from 'https://cache.nixos.org'...
building '/nix/store/fldfpzfkqs4vri26ywsnnhn2iabfz9qx-r-vinereg-0.10.0.drv'...
Running phase: unpackPhase
unpacking source archive /nix/store/pqzg4vn4cn364hk272s7v2ynlhvhl5l3-vinereg_0.10.0.tar.gz
source root is vinereg
setting SOURCE_DATE_EPOCH to timestamp 1707494402 of file vinereg/MD5
Running phase: patchPhase
Running phase: updateAutotoolsGnuConfigScriptsPhase
Running phase: configurePhase
Running phase: buildPhase
Running phase: checkPhase
Running phase: installPhase
* installing *source* package ‘vinereg’ ...
** package ‘vinereg’ correctement décompressé et sommes MD5 vérifiées
** using staged installation
** libs
using C++ compiler: ‘clang version 16.0.6’
using SDK: ‘’
/nix/store/v39c0h6xv6hvki2k1bsyp5n090q8y2bp-clang-wrapper-16.0.6/bin/c++ -std=gnu++17 -I"/nix/store/lir8rmsk7dxbj7v1spqmv69z4mafg16l-R-4.4.2/lib/R/include" -DNDEBUG -I../inst/include -pthread -D_HAS_AUTO_PTR_ETC=0 -I'/nix/store/vsfmwlkgvsa4d8h3ck43daxrxgxkld2s-r-rvinecopulib-0.6.3.1.1/library/rvinecopulib/include' -I'/nix/store/rnnw6rgkd98vplpryvk019w9yxx64gnw-r-RcppEigen-0.3.4.0.2/library/RcppEigen/include' -I'/nix/store/da7yi2xf3argx9hlnn3f0k95b8y1yx2l-r-Rcpp-1.0.13-1/library/Rcpp/include' -I'/nix/store/k3y4927612y2lxd8d04hhvx801x9zc8y-r-BH-1.84.0-0/library/BH/include' -I'/nix/store/h7igi7l8p075wg5nb2wspw8jfiq3j40n-r-wdm-0.2.4/library/wdm/include' -I'/nix/store/31f7fci0nib22vvn0alhq83ypwx0rn33-r-RcppThread-2.1.7/library/RcppThread/include' -I'/nix/store/7zzcgjhayhnfydj9n04wa0kfg37yhn7z-r-kde1d-1.0.7/library/kde1d/include' -isystem /nix/store/0mmz5i705116bfykc7i1r9jxqwyghj2a-libcxx-16.0.6-dev/include/c++/v1    -fPIC  -g -O2   -c RcppExports.cpp -o RcppExports.o
/nix/store/v39c0h6xv6hvki2k1bsyp5n090q8y2bp-clang-wrapper-16.0.6/bin/c++ -std=gnu++17 -I"/nix/store/lir8rmsk7dxbj7v1spqmv69z4mafg16l-R-4.4.2/lib/R/include" -DNDEBUG -I../inst/include -pthread -D_HAS_AUTO_PTR_ETC=0 -I'/nix/store/vsfmwlkgvsa4d8h3ck43daxrxgxkld2s-r-rvinecopulib-0.6.3.1.1/library/rvinecopulib/include' -I'/nix/store/rnnw6rgkd98vplpryvk019w9yxx64gnw-r-RcppEigen-0.3.4.0.2/library/RcppEigen/include' -I'/nix/store/da7yi2xf3argx9hlnn3f0k95b8y1yx2l-r-Rcpp-1.0.13-1/library/Rcpp/include' -I'/nix/store/k3y4927612y2lxd8d04hhvx801x9zc8y-r-BH-1.84.0-0/library/BH/include' -I'/nix/store/h7igi7l8p075wg5nb2wspw8jfiq3j40n-r-wdm-0.2.4/library/wdm/include' -I'/nix/store/31f7fci0nib22vvn0alhq83ypwx0rn33-r-RcppThread-2.1.7/library/RcppThread/include' -I'/nix/store/7zzcgjhayhnfydj9n04wa0kfg37yhn7z-r-kde1d-1.0.7/library/kde1d/include' -isystem /nix/store/0mmz5i705116bfykc7i1r9jxqwyghj2a-libcxx-16.0.6-dev/include/c++/v1    -fPIC  -g -O2   -c vinereg.cpp -o vinereg.o
/nix/store/v39c0h6xv6hvki2k1bsyp5n090q8y2bp-clang-wrapper-16.0.6/bin/c++ -std=gnu++17 -dynamiclib -Wl,-headerpad_max_install_names -undefined dynamic_lookup -L/nix/store/lir8rmsk7dxbj7v1spqmv69z4mafg16l-R-4.4.2/lib/R/lib -L/nix/store/88xkgzh5g9xppsg3hdxxxh9q43rnxk6k-libcxx-16.0.6/lib -o vinereg.so RcppExports.o vinereg.o -lpthread -L/nix/store/lir8rmsk7dxbj7v1spqmv69z4mafg16l-R-4.4.2/lib/R/lib -lR -lintl -Wl,-framework -Wl,CoreFoundation
installing to /nix/store/6s28wzqm6w01k0c7yf9ki2bc0c9x09gg-r-vinereg-0.10.0/library/00LOCK-vinereg/00new/vinereg/libs
** R
** inst
** byte-compile and prepare package for lazy loading
** help
*** installing help indices
*** copying figures
** building package indices
** installing vignettes
** testing if installed package can be loaded from temporary location
** checking absolute paths in shared objects and dynamic libraries
** testing if installed package can be loaded from final location
** testing if installed package keeps a record of temporary installation path
* DONE (vinereg)
installPhase completed in 33 seconds
Running phase: fixupPhase
checking for references to /private/tmp/nix-build-r-vinereg-0.10.0.drv-0/ in /nix/store/6s28wzqm6w01k0c7yf9ki2bc0c9x09gg-r-vinereg-0.10.0...
patching script interpreter paths in /nix/store/6s28wzqm6w01k0c7yf9ki2bc0c9x09gg-r-vinereg-0.10.0
rewriting symlink /nix/store/6s28wzqm6w01k0c7yf9ki2bc0c9x09gg-r-vinereg-0.10.0/nix-support/propagated-user-env-packages to be relative to /nix/store/6s28wzqm6w01k0c7yf9ki2bc0c9x09gg-r-vinereg-0.10.0
