this derivation will be built:
  /nix/store/ami91pnwmbwpzibm1jkl18d6accim9dj-r-RI2by2-1.4.drv
this path will be fetched (0.01 MiB download, 0.01 MiB unpacked):
  /nix/store/40m447iykbh9dsfr8c54w1p7vnwg4w5d-RI2by2_1.4.tar.gz
copying path '/nix/store/40m447iykbh9dsfr8c54w1p7vnwg4w5d-RI2by2_1.4.tar.gz' from 'https://cache.nixos.org'...
building '/nix/store/ami91pnwmbwpzibm1jkl18d6accim9dj-r-RI2by2-1.4.drv'...
Running phase: unpackPhase
unpacking source archive /nix/store/40m447iykbh9dsfr8c54w1p7vnwg4w5d-RI2by2_1.4.tar.gz
source root is RI2by2
setting SOURCE_DATE_EPOCH to timestamp 1699702400 of file RI2by2/MD5
Running phase: patchPhase
Running phase: updateAutotoolsGnuConfigScriptsPhase
Running phase: configurePhase
Running phase: buildPhase
Running phase: checkPhase
Running phase: installPhase
* installing *source* package ‘RI2by2’ ...
** package ‘RI2by2’ correctement décompressé et sommes MD5 vérifiées
** using staged installation
** libs
using C++ compiler: ‘clang version 16.0.6’
using SDK: ‘’
/nix/store/v39c0h6xv6hvki2k1bsyp5n090q8y2bp-clang-wrapper-16.0.6/bin/c++ -std=gnu++17 -I"/nix/store/lir8rmsk7dxbj7v1spqmv69z4mafg16l-R-4.4.2/lib/R/include" -DNDEBUG  -I'/nix/store/da7yi2xf3argx9hlnn3f0k95b8y1yx2l-r-Rcpp-1.0.13-1/library/Rcpp/include' -isystem /nix/store/0mmz5i705116bfykc7i1r9jxqwyghj2a-libcxx-16.0.6-dev/include/c++/v1    -fPIC  -g -O2   -c Rcpp-RI2by2-chiba.cpp -o Rcpp-RI2by2-chiba.o
/nix/store/v39c0h6xv6hvki2k1bsyp5n090q8y2bp-clang-wrapper-16.0.6/bin/c++ -std=gnu++17 -I"/nix/store/lir8rmsk7dxbj7v1spqmv69z4mafg16l-R-4.4.2/lib/R/include" -DNDEBUG  -I'/nix/store/da7yi2xf3argx9hlnn3f0k95b8y1yx2l-r-Rcpp-1.0.13-1/library/Rcpp/include' -isystem /nix/store/0mmz5i705116bfykc7i1r9jxqwyghj2a-libcxx-16.0.6-dev/include/c++/v1    -fPIC  -g -O2   -c RcppExports.cpp -o RcppExports.o
/nix/store/v39c0h6xv6hvki2k1bsyp5n090q8y2bp-clang-wrapper-16.0.6/bin/c++ -std=gnu++17 -dynamiclib -Wl,-headerpad_max_install_names -undefined dynamic_lookup -L/nix/store/lir8rmsk7dxbj7v1spqmv69z4mafg16l-R-4.4.2/lib/R/lib -L/nix/store/88xkgzh5g9xppsg3hdxxxh9q43rnxk6k-libcxx-16.0.6/lib -o RI2by2.so Rcpp-RI2by2-chiba.o RcppExports.o -L/nix/store/lir8rmsk7dxbj7v1spqmv69z4mafg16l-R-4.4.2/lib/R/lib -lR -lintl -Wl,-framework -Wl,CoreFoundation
installing to /nix/store/7lhqrpjdyz01fz97fj4klx3fgr8ndpyd-r-RI2by2-1.4/library/00LOCK-RI2by2/00new/RI2by2/libs
** R
** byte-compile and prepare package for lazy loading
** help
*** installing help indices
** building package indices
** testing if installed package can be loaded from temporary location
** checking absolute paths in shared objects and dynamic libraries
** testing if installed package can be loaded from final location
** testing if installed package keeps a record of temporary installation path
* DONE (RI2by2)
Running phase: fixupPhase
checking for references to /private/tmp/nix-build-r-RI2by2-1.4.drv-0/ in /nix/store/7lhqrpjdyz01fz97fj4klx3fgr8ndpyd-r-RI2by2-1.4...
patching script interpreter paths in /nix/store/7lhqrpjdyz01fz97fj4klx3fgr8ndpyd-r-RI2by2-1.4
rewriting symlink /nix/store/7lhqrpjdyz01fz97fj4klx3fgr8ndpyd-r-RI2by2-1.4/nix-support/propagated-user-env-packages to be relative to /nix/store/7lhqrpjdyz01fz97fj4klx3fgr8ndpyd-r-RI2by2-1.4
