this derivation will be built:
  /nix/store/xr50r9zb9hcr82ddmy483nf51ip18lj1-r-xmrr-1.1.1.drv
this path will be fetched (0.02 MiB download, 0.02 MiB unpacked):
  /nix/store/92sj7wwrf7zz0iniyj44i85fn5blhvmv-xmrr_1.1.1.tar.gz
copying path '/nix/store/92sj7wwrf7zz0iniyj44i85fn5blhvmv-xmrr_1.1.1.tar.gz' from 'https://cache.nixos.org'...
building '/nix/store/xr50r9zb9hcr82ddmy483nf51ip18lj1-r-xmrr-1.1.1.drv'...
Running phase: unpackPhase
unpacking source archive /nix/store/92sj7wwrf7zz0iniyj44i85fn5blhvmv-xmrr_1.1.1.tar.gz
source root is xmrr
setting SOURCE_DATE_EPOCH to timestamp 1591651203 of file xmrr/MD5
Running phase: patchPhase
Running phase: updateAutotoolsGnuConfigScriptsPhase
Running phase: configurePhase
Running phase: buildPhase
Running phase: checkPhase
Running phase: installPhase
* installing *source* package ‘xmrr’ ...
** package ‘xmrr’ correctement décompressé et sommes MD5 vérifiées
** using staged installation
** R
** inst
** byte-compile and prepare package for lazy loading
** help
*** installing help indices
** building package indices
** installing vignettes
** testing if installed package can be loaded from temporary location
** testing if installed package can be loaded from final location
** testing if installed package keeps a record of temporary installation path
* DONE (xmrr)
Running phase: fixupPhase
checking for references to /private/tmp/nix-build-r-xmrr-1.1.1.drv-0/ in /nix/store/8s0sq7nd1x3hz9bgdxn8ml5wj5xm4lj6-r-xmrr-1.1.1...
patching script interpreter paths in /nix/store/8s0sq7nd1x3hz9bgdxn8ml5wj5xm4lj6-r-xmrr-1.1.1
rewriting symlink /nix/store/8s0sq7nd1x3hz9bgdxn8ml5wj5xm4lj6-r-xmrr-1.1.1/nix-support/propagated-user-env-packages to be relative to /nix/store/8s0sq7nd1x3hz9bgdxn8ml5wj5xm4lj6-r-xmrr-1.1.1
