this derivation will be built:
  /nix/store/483jm18hc0n5ds9m25x63rz988r1zbhr-r-textgRid-1.0.1.drv
this path will be fetched (0.01 MiB download, 0.01 MiB unpacked):
  /nix/store/08lknm5hk9jg7ldiik6n8kmqc835xvqv-textgRid_1.0.1.tar.gz
copying path '/nix/store/08lknm5hk9jg7ldiik6n8kmqc835xvqv-textgRid_1.0.1.tar.gz' from 'https://cache.nixos.org'...
building '/nix/store/483jm18hc0n5ds9m25x63rz988r1zbhr-r-textgRid-1.0.1.drv'...
Running phase: unpackPhase
unpacking source archive /nix/store/08lknm5hk9jg7ldiik6n8kmqc835xvqv-textgRid_1.0.1.tar.gz
source root is textgRid
setting SOURCE_DATE_EPOCH to timestamp 1474480520 of file textgRid/MD5
Running phase: patchPhase
Running phase: updateAutotoolsGnuConfigScriptsPhase
Running phase: configurePhase
Running phase: buildPhase
Running phase: checkPhase
Running phase: installPhase
* installing *source* package ‘textgRid’ ...
** package ‘textgRid’ correctement décompressé et sommes MD5 vérifiées
** using staged installation
** R
** byte-compile and prepare package for lazy loading
** help
*** installing help indices
** building package indices
** testing if installed package can be loaded from temporary location
** testing if installed package can be loaded from final location
** testing if installed package keeps a record of temporary installation path
* DONE (textgRid)
Running phase: fixupPhase
checking for references to /private/tmp/nix-build-r-textgRid-1.0.1.drv-0/ in /nix/store/aslls4knmpvx6vyl9q4i5lwb0lwbfhvz-r-textgRid-1.0.1...
patching script interpreter paths in /nix/store/aslls4knmpvx6vyl9q4i5lwb0lwbfhvz-r-textgRid-1.0.1
