this derivation will be built:
  /nix/store/8bjskfw21islih8mvrnla8xmxy9jz3zn-r-rties-5.0.0.drv
this path will be fetched (3.55 MiB download, 3.55 MiB unpacked):
  /nix/store/f6r5w6qpbddj3xwhqswfq2wj6jdhf3bl-rties_5.0.0.tar.gz
copying path '/nix/store/f6r5w6qpbddj3xwhqswfq2wj6jdhf3bl-rties_5.0.0.tar.gz' from 'https://cache.nixos.org'...
building '/nix/store/8bjskfw21islih8mvrnla8xmxy9jz3zn-r-rties-5.0.0.drv'...
Running phase: unpackPhase
unpacking source archive /nix/store/f6r5w6qpbddj3xwhqswfq2wj6jdhf3bl-rties_5.0.0.tar.gz
source root is rties
setting SOURCE_DATE_EPOCH to timestamp 1589212802 of file rties/MD5
Running phase: patchPhase
Running phase: updateAutotoolsGnuConfigScriptsPhase
Running phase: configurePhase
Running phase: buildPhase
Running phase: checkPhase
Running phase: installPhase
* installing *source* package ‘rties’ ...
** package ‘rties’ correctement décompressé et sommes MD5 vérifiées
** using staged installation
** R
** data
*** moving datasets to lazyload DB
** inst
** byte-compile and prepare package for lazy loading
** help
*** installing help indices
** building package indices
** installing vignettes
** testing if installed package can be loaded from temporary location
** testing if installed package can be loaded from final location
** testing if installed package keeps a record of temporary installation path
* DONE (rties)
Running phase: fixupPhase
checking for references to /private/tmp/nix-build-r-rties-5.0.0.drv-0/ in /nix/store/ms447h50mmbwdkh9kn02vscw7zdjwllk-r-rties-5.0.0...
patching script interpreter paths in /nix/store/ms447h50mmbwdkh9kn02vscw7zdjwllk-r-rties-5.0.0
rewriting symlink /nix/store/ms447h50mmbwdkh9kn02vscw7zdjwllk-r-rties-5.0.0/nix-support/propagated-user-env-packages to be relative to /nix/store/ms447h50mmbwdkh9kn02vscw7zdjwllk-r-rties-5.0.0
