this derivation will be built:
  /nix/store/82h4j99zvcf481a8zilhb29dkkhi2bv6-r-scout-1.0.4.drv
this path will be fetched (0.01 MiB download, 0.01 MiB unpacked):
  /nix/store/s0wfkcyp5x98fbj7xrhhym8jfbnc4xkv-scout_1.0.4.tar.gz
copying path '/nix/store/s0wfkcyp5x98fbj7xrhhym8jfbnc4xkv-scout_1.0.4.tar.gz' from 'https://cache.nixos.org'...
building '/nix/store/82h4j99zvcf481a8zilhb29dkkhi2bv6-r-scout-1.0.4.drv'...
Running phase: unpackPhase
unpacking source archive /nix/store/s0wfkcyp5x98fbj7xrhhym8jfbnc4xkv-scout_1.0.4.tar.gz
source root is scout
setting SOURCE_DATE_EPOCH to timestamp 1436553698 of file scout/MD5
Running phase: patchPhase
Running phase: updateAutotoolsGnuConfigScriptsPhase
Running phase: configurePhase
Running phase: buildPhase
Running phase: checkPhase
Running phase: installPhase
* installing *source* package ‘scout’ ...
** package ‘scout’ correctement décompressé et sommes MD5 vérifiées
** using staged installation
** libs
using Fortran compiler: ‘GNU Fortran (GCC) 13.3.0’
using SDK: ‘’
/nix/store/93i6w80axzmddh7kl97br2axr8al13vx-gfortran-wrapper-13.3.0/bin/gfortran  -fPIC  -g -O2  -c  lasinv.f90 -o lasinv.o
/nix/store/v39c0h6xv6hvki2k1bsyp5n090q8y2bp-clang-wrapper-16.0.6/bin/cc -dynamiclib -Wl,-headerpad_max_install_names -undefined dynamic_lookup -L/nix/store/lir8rmsk7dxbj7v1spqmv69z4mafg16l-R-4.4.2/lib/R/lib -L/nix/store/88xkgzh5g9xppsg3hdxxxh9q43rnxk6k-libcxx-16.0.6/lib -o scout.so lasinv.o -L/nix/store/h84vsys3h7wkvnwhx3fz6ynrlpla2mpv-gfortran-13.3.0-lib/lib -L/nix/store/3awww7sqz8gygkr9hw5s7wd57iwz1qg3-cctools-binutils-darwin-wrapper-1010.6/bin -L/nix/store/kwlx6bz5n81gqa9kyx6207rzp0yq0pj4-gfortran-13.3.0/lib/gcc/aarch64-apple-darwin/13.3.0 -L/nix/store/kwlx6bz5n81gqa9kyx6207rzp0yq0pj4-gfortran-13.3.0/lib -lemutls_w -lheapt_w -lintl -lgfortran -lquadmath -L/nix/store/lir8rmsk7dxbj7v1spqmv69z4mafg16l-R-4.4.2/lib/R/lib -lR -lintl -Wl,-framework -Wl,CoreFoundation
ld: warning: could not create compact unwind for _fatmul_: does not use standard frame
ld: warning: could not create compact unwind for _cleanup_: does not use standard frame
ld: warning: could not create compact unwind for _lasinv_: does not use standard frame
ld: warning: could not create compact unwind for _allocate_tramp_ctrl: does not use standard frame
ld: warning: could not create compact unwind for ___gcc_nested_func_ptr_created: does not use standard frame
ld: warning: could not create compact unwind for ___gcc_nested_func_ptr_deleted: does not use standard frame
ld: warning: could not create compact unwind for ___emutls_get_address: does not use standard frame
installing to /nix/store/47954hgr2m4f4zv69jbqwphqcb0i9qa6-r-scout-1.0.4/library/00LOCK-scout/00new/scout/libs
** R
** byte-compile and prepare package for lazy loading
** help
*** installing help indices
** building package indices
** testing if installed package can be loaded from temporary location
** checking absolute paths in shared objects and dynamic libraries
** testing if installed package can be loaded from final location
** testing if installed package keeps a record of temporary installation path
* DONE (scout)
Running phase: fixupPhase
checking for references to /private/tmp/nix-build-r-scout-1.0.4.drv-0/ in /nix/store/47954hgr2m4f4zv69jbqwphqcb0i9qa6-r-scout-1.0.4...
patching script interpreter paths in /nix/store/47954hgr2m4f4zv69jbqwphqcb0i9qa6-r-scout-1.0.4
rewriting symlink /nix/store/47954hgr2m4f4zv69jbqwphqcb0i9qa6-r-scout-1.0.4/nix-support/propagated-user-env-packages to be relative to /nix/store/47954hgr2m4f4zv69jbqwphqcb0i9qa6-r-scout-1.0.4
