this derivation will be built:
  /nix/store/nwd66b5lnp8n28k07af768kj4294ai4w-r-HSDiC-0.1.drv
this path will be fetched (0.01 MiB download, 0.00 MiB unpacked):
  /nix/store/ic0kj8n2x18w2gj1knf7f96pgd5kh585-HSDiC_0.1.tar.gz
copying path '/nix/store/ic0kj8n2x18w2gj1knf7f96pgd5kh585-HSDiC_0.1.tar.gz' from 'https://cache.nixos.org'...
building '/nix/store/nwd66b5lnp8n28k07af768kj4294ai4w-r-HSDiC-0.1.drv'...
Running phase: unpackPhase
unpacking source archive /nix/store/ic0kj8n2x18w2gj1knf7f96pgd5kh585-HSDiC_0.1.tar.gz
source root is HSDiC
setting SOURCE_DATE_EPOCH to timestamp 1539958203 of file HSDiC/MD5
Running phase: patchPhase
Running phase: updateAutotoolsGnuConfigScriptsPhase
Running phase: configurePhase
Running phase: buildPhase
Running phase: checkPhase
Running phase: installPhase
* installing *source* package ‘HSDiC’ ...
** package ‘HSDiC’ correctement décompressé et sommes MD5 vérifiées
** using staged installation
** R
** byte-compile and prepare package for lazy loading
** help
*** installing help indices
** building package indices
** testing if installed package can be loaded from temporary location
** testing if installed package can be loaded from final location
** testing if installed package keeps a record of temporary installation path
* DONE (HSDiC)
Running phase: fixupPhase
checking for references to /private/tmp/nix-build-r-HSDiC-0.1.drv-0/ in /nix/store/030z8cb6z92c8nxv7f5iwzkmw0ig8383-r-HSDiC-0.1...
patching script interpreter paths in /nix/store/030z8cb6z92c8nxv7f5iwzkmw0ig8383-r-HSDiC-0.1
rewriting symlink /nix/store/030z8cb6z92c8nxv7f5iwzkmw0ig8383-r-HSDiC-0.1/nix-support/propagated-user-env-packages to be relative to /nix/store/030z8cb6z92c8nxv7f5iwzkmw0ig8383-r-HSDiC-0.1
