this derivation will be built:
  /nix/store/6zd5w3xmgywmjgin585ixfj6dlpnlg81-r-tongfen-0.3.5.drv
this path will be fetched (1.47 MiB download, 1.47 MiB unpacked):
  /nix/store/1v8dmxz8j8948gw3s6q5s1wd8gqpldf4-tongfen_0.3.5.tar.gz
copying path '/nix/store/1v8dmxz8j8948gw3s6q5s1wd8gqpldf4-tongfen_0.3.5.tar.gz' from 'https://cache.nixos.org'...
building '/nix/store/6zd5w3xmgywmjgin585ixfj6dlpnlg81-r-tongfen-0.3.5.drv'...
Running phase: unpackPhase
unpacking source archive /nix/store/1v8dmxz8j8948gw3s6q5s1wd8gqpldf4-tongfen_0.3.5.tar.gz
source root is tongfen
setting SOURCE_DATE_EPOCH to timestamp 1651171802 of file tongfen/MD5
Running phase: patchPhase
Running phase: updateAutotoolsGnuConfigScriptsPhase
Running phase: configurePhase
Running phase: buildPhase
Running phase: checkPhase
Running phase: installPhase
* installing *source* package ‘tongfen’ ...
** package ‘tongfen’ correctement décompressé et sommes MD5 vérifiées
** using staged installation
** R
** data
*** moving datasets to lazyload DB
** inst
** byte-compile and prepare package for lazy loading
** help
*** installing help indices
*** copying figures
** building package indices
** installing vignettes
** testing if installed package can be loaded from temporary location
** testing if installed package can be loaded from final location
** testing if installed package keeps a record of temporary installation path
* DONE (tongfen)
Running phase: fixupPhase
checking for references to /private/tmp/nix-build-r-tongfen-0.3.5.drv-0/ in /nix/store/psmr0jcnpcjxwagipkc8rz6vg2rak62r-r-tongfen-0.3.5...
patching script interpreter paths in /nix/store/psmr0jcnpcjxwagipkc8rz6vg2rak62r-r-tongfen-0.3.5
rewriting symlink /nix/store/psmr0jcnpcjxwagipkc8rz6vg2rak62r-r-tongfen-0.3.5/nix-support/propagated-user-env-packages to be relative to /nix/store/psmr0jcnpcjxwagipkc8rz6vg2rak62r-r-tongfen-0.3.5
