this derivation will be built:
  /nix/store/ykvkgg5l65b6sc6ii928bxzxihazr49j-r-VarianceGamma-0.4-2.drv
this path will be fetched (0.05 MiB download, 0.05 MiB unpacked):
  /nix/store/y90c8jmmq88lcqnkarps4jc58zlc4984-VarianceGamma_0.4-2.tar.gz
copying path '/nix/store/y90c8jmmq88lcqnkarps4jc58zlc4984-VarianceGamma_0.4-2.tar.gz' from 'https://cache.nixos.org'...
building '/nix/store/ykvkgg5l65b6sc6ii928bxzxihazr49j-r-VarianceGamma-0.4-2.drv'...
Running phase: unpackPhase
unpacking source archive /nix/store/y90c8jmmq88lcqnkarps4jc58zlc4984-VarianceGamma_0.4-2.tar.gz
source root is VarianceGamma
setting SOURCE_DATE_EPOCH to timestamp 1700953802 of file VarianceGamma/MD5
Running phase: patchPhase
Running phase: updateAutotoolsGnuConfigScriptsPhase
Running phase: configurePhase
Running phase: buildPhase
Running phase: checkPhase
Running phase: installPhase
* installing *source* package ‘VarianceGamma’ ...
** package ‘VarianceGamma’ correctement décompressé et sommes MD5 vérifiées
** using staged installation
** R
** data
** inst
** byte-compile and prepare package for lazy loading
** help
*** installing help indices
** building package indices
** testing if installed package can be loaded from temporary location
** testing if installed package can be loaded from final location
** testing if installed package keeps a record of temporary installation path
* DONE (VarianceGamma)
Running phase: fixupPhase
checking for references to /private/tmp/nix-build-r-VarianceGamma-0.4-2.drv-0/ in /nix/store/70s75jff4cf9c3hlqmn4dx63i23jmk7h-r-VarianceGamma-0.4-2...
patching script interpreter paths in /nix/store/70s75jff4cf9c3hlqmn4dx63i23jmk7h-r-VarianceGamma-0.4-2
rewriting symlink /nix/store/70s75jff4cf9c3hlqmn4dx63i23jmk7h-r-VarianceGamma-0.4-2/nix-support/propagated-user-env-packages to be relative to /nix/store/70s75jff4cf9c3hlqmn4dx63i23jmk7h-r-VarianceGamma-0.4-2
