this derivation will be built:
  /nix/store/0nz9dz23lh4xqlr6iairi8zf0w742qc1-r-TRAMPR-1.0-10.drv
this path will be fetched (0.31 MiB download, 0.31 MiB unpacked):
  /nix/store/aibh60xha150db36wbagvvl7g8n29xqr-TRAMPR_1.0-10.tar.gz
copying path '/nix/store/aibh60xha150db36wbagvvl7g8n29xqr-TRAMPR_1.0-10.tar.gz' from 'https://cache.nixos.org'...
building '/nix/store/0nz9dz23lh4xqlr6iairi8zf0w742qc1-r-TRAMPR-1.0-10.drv'...
Running phase: unpackPhase
unpacking source archive /nix/store/aibh60xha150db36wbagvvl7g8n29xqr-TRAMPR_1.0-10.tar.gz
source root is TRAMPR
setting SOURCE_DATE_EPOCH to timestamp 1644259202 of file TRAMPR/MD5
Running phase: patchPhase
Running phase: updateAutotoolsGnuConfigScriptsPhase
Running phase: configurePhase
Running phase: buildPhase
Running phase: checkPhase
Running phase: installPhase
* installing *source* package ‘TRAMPR’ ...
** package ‘TRAMPR’ correctement décompressé et sommes MD5 vérifiées
** using staged installation
** R
** data
** inst
** byte-compile and prepare package for lazy loading
** help
*** installing help indices
** building package indices
** installing vignettes
** testing if installed package can be loaded from temporary location
** testing if installed package can be loaded from final location
** testing if installed package keeps a record of temporary installation path
* DONE (TRAMPR)
Running phase: fixupPhase
checking for references to /private/tmp/nix-build-r-TRAMPR-1.0-10.drv-0/ in /nix/store/vlacs84vszzka5iz3rs8dhpb49yj3xsv-r-TRAMPR-1.0-10...
patching script interpreter paths in /nix/store/vlacs84vszzka5iz3rs8dhpb49yj3xsv-r-TRAMPR-1.0-10
