this derivation will be built:
  /nix/store/a8cjhc4mlbibi6797aqynl076gzx3gmc-r-ROptimus-3.0.0.drv
this path will be fetched (2.90 MiB download, 2.92 MiB unpacked):
  /nix/store/xw7fiqx3z8mw0adnw21g9zsdxc46fa59-ROptimus_3.0.0.tar.gz
copying path '/nix/store/xw7fiqx3z8mw0adnw21g9zsdxc46fa59-ROptimus_3.0.0.tar.gz' from 'https://cache.nixos.org'...
building '/nix/store/a8cjhc4mlbibi6797aqynl076gzx3gmc-r-ROptimus-3.0.0.drv'...
Running phase: unpackPhase
unpacking source archive /nix/store/xw7fiqx3z8mw0adnw21g9zsdxc46fa59-ROptimus_3.0.0.tar.gz
source root is ROptimus
setting SOURCE_DATE_EPOCH to timestamp 1673356805 of file ROptimus/MD5
Running phase: patchPhase
Running phase: updateAutotoolsGnuConfigScriptsPhase
Running phase: configurePhase
Running phase: buildPhase
Running phase: checkPhase
Running phase: installPhase
* installing *source* package ‘ROptimus’ ...
** package ‘ROptimus’ correctement décompressé et sommes MD5 vérifiées
** using staged installation
** R
** data
*** moving datasets to lazyload DB
** inst
** byte-compile and prepare package for lazy loading
** help
*** installing help indices
** building package indices
** testing if installed package can be loaded from temporary location
** testing if installed package can be loaded from final location
** testing if installed package keeps a record of temporary installation path
* DONE (ROptimus)
Running phase: fixupPhase
checking for references to /private/tmp/nix-build-r-ROptimus-3.0.0.drv-0/ in /nix/store/12qwb8y5cv3zbilswmdd0d87j178xvm3-r-ROptimus-3.0.0...
patching script interpreter paths in /nix/store/12qwb8y5cv3zbilswmdd0d87j178xvm3-r-ROptimus-3.0.0
rewriting symlink /nix/store/12qwb8y5cv3zbilswmdd0d87j178xvm3-r-ROptimus-3.0.0/nix-support/propagated-user-env-packages to be relative to /nix/store/12qwb8y5cv3zbilswmdd0d87j178xvm3-r-ROptimus-3.0.0
