this derivation will be built:
  /nix/store/i2d9hxxc7xvf7447i2svx72lv3bs9kx0-r-OpenRepGrid-0.1.15.drv
this path will be fetched (0.44 MiB download, 0.44 MiB unpacked):
  /nix/store/91h15a0fwz47797r5r6gd3lxdm72g1py-OpenRepGrid_0.1.15.tar.gz
copying path '/nix/store/91h15a0fwz47797r5r6gd3lxdm72g1py-OpenRepGrid_0.1.15.tar.gz' from 'https://cache.nixos.org'...
building '/nix/store/i2d9hxxc7xvf7447i2svx72lv3bs9kx0-r-OpenRepGrid-0.1.15.drv'...
Running phase: unpackPhase
unpacking source archive /nix/store/91h15a0fwz47797r5r6gd3lxdm72g1py-OpenRepGrid_0.1.15.tar.gz
source root is OpenRepGrid
setting SOURCE_DATE_EPOCH to timestamp 1721480403 of file OpenRepGrid/MD5
Running phase: patchPhase
Running phase: updateAutotoolsGnuConfigScriptsPhase
Running phase: configurePhase
Running phase: buildPhase
Running phase: checkPhase
Running phase: installPhase
* installing *source* package ‘OpenRepGrid’ ...
** package ‘OpenRepGrid’ correctement décompressé et sommes MD5 vérifiées
** using staged installation
** R
** data
*** moving datasets to lazyload DB
** demo
** inst
** byte-compile and prepare package for lazy loading
** help
*** installing help indices
*** copying figures
** building package indices
** testing if installed package can be loaded from temporary location
** testing if installed package can be loaded from final location
** testing if installed package keeps a record of temporary installation path
* DONE (OpenRepGrid)
Running phase: fixupPhase
checking for references to /private/tmp/nix-build-r-OpenRepGrid-0.1.15.drv-0/ in /nix/store/m3rri7bchfg9qfsqk1z3vwv33pvci0yl-r-OpenRepGrid-0.1.15...
patching script interpreter paths in /nix/store/m3rri7bchfg9qfsqk1z3vwv33pvci0yl-r-OpenRepGrid-0.1.15
rewriting symlink /nix/store/m3rri7bchfg9qfsqk1z3vwv33pvci0yl-r-OpenRepGrid-0.1.15/nix-support/propagated-user-env-packages to be relative to /nix/store/m3rri7bchfg9qfsqk1z3vwv33pvci0yl-r-OpenRepGrid-0.1.15
