this derivation will be built:
  /nix/store/sjw5cnly5b932v6dmclpxdd6g6sfm9r6-r-robustsur-0.0-7.drv
this path will be fetched (0.01 MiB download, 0.01 MiB unpacked):
  /nix/store/r4lldwcxfihrkr7yrkwkip8p212qjr8j-robustsur_0.0-7.tar.gz
copying path '/nix/store/r4lldwcxfihrkr7yrkwkip8p212qjr8j-robustsur_0.0-7.tar.gz' from 'https://cache.nixos.org'...
building '/nix/store/sjw5cnly5b932v6dmclpxdd6g6sfm9r6-r-robustsur-0.0-7.drv'...
Running phase: unpackPhase
unpacking source archive /nix/store/r4lldwcxfihrkr7yrkwkip8p212qjr8j-robustsur_0.0-7.tar.gz
source root is robustsur
setting SOURCE_DATE_EPOCH to timestamp 1633336802 of file robustsur/MD5
Running phase: patchPhase
Running phase: updateAutotoolsGnuConfigScriptsPhase
Running phase: configurePhase
Running phase: buildPhase
Running phase: checkPhase
Running phase: installPhase
* installing *source* package ‘robustsur’ ...
** package ‘robustsur’ correctement décompressé et sommes MD5 vérifiées
** using staged installation
** R
** byte-compile and prepare package for lazy loading
** help
*** installing help indices
** building package indices
** testing if installed package can be loaded from temporary location
** testing if installed package can be loaded from final location
** testing if installed package keeps a record of temporary installation path
* DONE (robustsur)
Running phase: fixupPhase
checking for references to /private/tmp/nix-build-r-robustsur-0.0-7.drv-0/ in /nix/store/1vybgwgbwrj9hk7i89k01kcg8na01cpa-r-robustsur-0.0-7...
patching script interpreter paths in /nix/store/1vybgwgbwrj9hk7i89k01kcg8na01cpa-r-robustsur-0.0-7
rewriting symlink /nix/store/1vybgwgbwrj9hk7i89k01kcg8na01cpa-r-robustsur-0.0-7/nix-support/propagated-user-env-packages to be relative to /nix/store/1vybgwgbwrj9hk7i89k01kcg8na01cpa-r-robustsur-0.0-7
