this derivation will be built:
  /nix/store/k0mr7j8wm00rpcs9p13ql8y29m15kisg-r-kfda-1.0.0.drv
this path will be fetched (0.00 MiB download, 0.00 MiB unpacked):
  /nix/store/85p5i6as13jz7k13f84p35q1c88iraab-kfda_1.0.0.tar.gz
copying path '/nix/store/85p5i6as13jz7k13f84p35q1c88iraab-kfda_1.0.0.tar.gz' from 'https://cache.nixos.org'...
building '/nix/store/k0mr7j8wm00rpcs9p13ql8y29m15kisg-r-kfda-1.0.0.drv'...
Running phase: unpackPhase
unpacking source archive /nix/store/85p5i6as13jz7k13f84p35q1c88iraab-kfda_1.0.0.tar.gz
source root is kfda
setting SOURCE_DATE_EPOCH to timestamp 1506510414 of file kfda/MD5
Running phase: patchPhase
Running phase: updateAutotoolsGnuConfigScriptsPhase
Running phase: configurePhase
Running phase: buildPhase
Running phase: checkPhase
Running phase: installPhase
* installing *source* package ‘kfda’ ...
** package ‘kfda’ correctement décompressé et sommes MD5 vérifiées
** using staged installation
** R
** byte-compile and prepare package for lazy loading
** help
*** installing help indices
** building package indices
** testing if installed package can be loaded from temporary location
** testing if installed package can be loaded from final location
** testing if installed package keeps a record of temporary installation path
* DONE (kfda)
Running phase: fixupPhase
checking for references to /private/tmp/nix-build-r-kfda-1.0.0.drv-0/ in /nix/store/880sa4ag6akpjkk7bzssyc8aljn32vf1-r-kfda-1.0.0...
patching script interpreter paths in /nix/store/880sa4ag6akpjkk7bzssyc8aljn32vf1-r-kfda-1.0.0
rewriting symlink /nix/store/880sa4ag6akpjkk7bzssyc8aljn32vf1-r-kfda-1.0.0/nix-support/propagated-user-env-packages to be relative to /nix/store/880sa4ag6akpjkk7bzssyc8aljn32vf1-r-kfda-1.0.0
