this derivation will be built:
  /nix/store/35byd2l6z7lnpfydggw5fsksdbi1gw5c-r-vottrans-1.0.drv
this path will be fetched (0.01 MiB download, 0.01 MiB unpacked):
  /nix/store/n9lbrrw24v7c49ybcsxnkkjkf83slfhh-vottrans_1.0.tar.gz
copying path '/nix/store/n9lbrrw24v7c49ybcsxnkkjkf83slfhh-vottrans_1.0.tar.gz' from 'https://cache.nixos.org'...
building '/nix/store/35byd2l6z7lnpfydggw5fsksdbi1gw5c-r-vottrans-1.0.drv'...
Running phase: unpackPhase
unpacking source archive /nix/store/n9lbrrw24v7c49ybcsxnkkjkf83slfhh-vottrans_1.0.tar.gz
source root is vottrans
setting SOURCE_DATE_EPOCH to timestamp 1458257532 of file vottrans/MD5
Running phase: patchPhase
Running phase: updateAutotoolsGnuConfigScriptsPhase
Running phase: configurePhase
Running phase: buildPhase
Running phase: checkPhase
Running phase: installPhase
* installing *source* package ‘vottrans’ ...
** package ‘vottrans’ correctement décompressé et sommes MD5 vérifiées
** using staged installation
** R
** data
** byte-compile and prepare package for lazy loading
** help
*** installing help indices
** building package indices
** testing if installed package can be loaded from temporary location
** testing if installed package can be loaded from final location
** testing if installed package keeps a record of temporary installation path
* DONE (vottrans)
Running phase: fixupPhase
checking for references to /private/tmp/nix-build-r-vottrans-1.0.drv-0/ in /nix/store/g5dsmz6hr37qjpxs01fv2q1d1dqwnslb-r-vottrans-1.0...
patching script interpreter paths in /nix/store/g5dsmz6hr37qjpxs01fv2q1d1dqwnslb-r-vottrans-1.0
rewriting symlink /nix/store/g5dsmz6hr37qjpxs01fv2q1d1dqwnslb-r-vottrans-1.0/nix-support/propagated-user-env-packages to be relative to /nix/store/g5dsmz6hr37qjpxs01fv2q1d1dqwnslb-r-vottrans-1.0
