this derivation will be built:
  /nix/store/26kdd8l39ql72zc28hprvp6m3y7xp0sp-r-loewesadditivity-0.1.0.drv
this path will be fetched (0.23 MiB download, 0.23 MiB unpacked):
  /nix/store/nnqz0r07w2jlf7hnkdb9hl1l8ks2d8gz-loewesadditivity_0.1.0.tar.gz
copying path '/nix/store/nnqz0r07w2jlf7hnkdb9hl1l8ks2d8gz-loewesadditivity_0.1.0.tar.gz' from 'https://cache.nixos.org'...
building '/nix/store/26kdd8l39ql72zc28hprvp6m3y7xp0sp-r-loewesadditivity-0.1.0.drv'...
Running phase: unpackPhase
unpacking source archive /nix/store/nnqz0r07w2jlf7hnkdb9hl1l8ks2d8gz-loewesadditivity_0.1.0.tar.gz
source root is loewesadditivity
setting SOURCE_DATE_EPOCH to timestamp 1585069207 of file loewesadditivity/MD5
Running phase: patchPhase
Running phase: updateAutotoolsGnuConfigScriptsPhase
Running phase: configurePhase
Running phase: buildPhase
Running phase: checkPhase
Running phase: installPhase
* installing *source* package ‘loewesadditivity’ ...
** package ‘loewesadditivity’ correctement décompressé et sommes MD5 vérifiées
** using staged installation
** R
** data
*** moving datasets to lazyload DB
** inst
** byte-compile and prepare package for lazy loading
** help
*** installing help indices
** building package indices
** installing vignettes
** testing if installed package can be loaded from temporary location
** testing if installed package can be loaded from final location
** testing if installed package keeps a record of temporary installation path
* DONE (loewesadditivity)
Running phase: fixupPhase
checking for references to /private/tmp/nix-build-r-loewesadditivity-0.1.0.drv-0/ in /nix/store/74m4prfc82wqqlh3k6mi5c2mc71nq0xq-r-loewesadditivity-0.1.0...
patching script interpreter paths in /nix/store/74m4prfc82wqqlh3k6mi5c2mc71nq0xq-r-loewesadditivity-0.1.0
rewriting symlink /nix/store/74m4prfc82wqqlh3k6mi5c2mc71nq0xq-r-loewesadditivity-0.1.0/nix-support/propagated-user-env-packages to be relative to /nix/store/74m4prfc82wqqlh3k6mi5c2mc71nq0xq-r-loewesadditivity-0.1.0
