this derivation will be built:
  /nix/store/97zwvqlm5vc59648731c2pgs9ccgj8vm-r-Karen-1.0.drv
this path will be fetched (0.56 MiB download, 0.56 MiB unpacked):
  /nix/store/ld00a4ivcmpg5i82anm8wvvi1gjgf302-Karen_1.0.tar.gz
copying path '/nix/store/ld00a4ivcmpg5i82anm8wvvi1gjgf302-Karen_1.0.tar.gz' from 'https://cache.nixos.org'...
building '/nix/store/97zwvqlm5vc59648731c2pgs9ccgj8vm-r-Karen-1.0.drv'...
Running phase: unpackPhase
unpacking source archive /nix/store/ld00a4ivcmpg5i82anm8wvvi1gjgf302-Karen_1.0.tar.gz
source root is Karen
setting SOURCE_DATE_EPOCH to timestamp 1663227602 of file Karen/MD5
Running phase: patchPhase
Running phase: updateAutotoolsGnuConfigScriptsPhase
Running phase: configurePhase
Running phase: buildPhase
Running phase: checkPhase
Running phase: installPhase
* installing *source* package ‘Karen’ ...
** package ‘Karen’ correctement décompressé et sommes MD5 vérifiées
** using staged installation
** R
** data
*** moving datasets to lazyload DB
** inst
** byte-compile and prepare package for lazy loading
** help
*** installing help indices
** building package indices
** installing vignettes
** testing if installed package can be loaded from temporary location
** testing if installed package can be loaded from final location
** testing if installed package keeps a record of temporary installation path
* DONE (Karen)
Running phase: fixupPhase
checking for references to /private/tmp/nix-build-r-Karen-1.0.drv-0/ in /nix/store/9r5cdmv5jppqmn80l0zxhqxlq7997jdv-r-Karen-1.0...
patching script interpreter paths in /nix/store/9r5cdmv5jppqmn80l0zxhqxlq7997jdv-r-Karen-1.0
rewriting symlink /nix/store/9r5cdmv5jppqmn80l0zxhqxlq7997jdv-r-Karen-1.0/nix-support/propagated-user-env-packages to be relative to /nix/store/9r5cdmv5jppqmn80l0zxhqxlq7997jdv-r-Karen-1.0
