these 2 derivations will be built:
  /nix/store/clnx7q7j1v6r43y185fwgh8l2kkj0gfi-stops_1.8-2.tar.gz.drv
  /nix/store/jrlgk9ps69l5fblp51mik68swimf21rj-r-stops-1.8-2.drv
building '/nix/store/clnx7q7j1v6r43y185fwgh8l2kkj0gfi-stops_1.8-2.tar.gz.drv'...

trying https://cran.r-project.org/src/contrib/stops_1.8-2.tar.gz
  % Total    % Received % Xferd  Average Speed   Time    Time     Time  Current
                                 Dload  Upload   Total   Spent    Left  Speed
100  419k  100  419k    0     0  2063k      0 --:--:-- --:--:-- --:--:-- 2068k
building '/nix/store/jrlgk9ps69l5fblp51mik68swimf21rj-r-stops-1.8-2.drv'...
Running phase: unpackPhase
unpacking source archive /nix/store/2f4dg1i2x6wbjn92v69mfj2112l6yzr9-stops_1.8-2.tar.gz
source root is stops
setting SOURCE_DATE_EPOCH to timestamp 1727034602 of file stops/MD5
Running phase: patchPhase
Running phase: updateAutotoolsGnuConfigScriptsPhase
Running phase: configurePhase
Running phase: buildPhase
Running phase: checkPhase
Running phase: installPhase
* installing *source* package ‘stops’ ...
** package ‘stops’ correctement décompressé et sommes MD5 vérifiées
** using staged installation
** R
** data
*** moving datasets to lazyload DB
** inst
** byte-compile and prepare package for lazy loading
** help
*** installing help indices
** building package indices
** installing vignettes
** testing if installed package can be loaded from temporary location
** testing if installed package can be loaded from final location
** testing if installed package keeps a record of temporary installation path
* DONE (stops)
Running phase: fixupPhase
checking for references to /private/tmp/nix-build-r-stops-1.8-2.drv-0/ in /nix/store/kvv8ya55d4rda363xwqn6xd4z2y076ac-r-stops-1.8-2...
patching script interpreter paths in /nix/store/kvv8ya55d4rda363xwqn6xd4z2y076ac-r-stops-1.8-2
rewriting symlink /nix/store/kvv8ya55d4rda363xwqn6xd4z2y076ac-r-stops-1.8-2/nix-support/propagated-user-env-packages to be relative to /nix/store/kvv8ya55d4rda363xwqn6xd4z2y076ac-r-stops-1.8-2
