this derivation will be built:
  /nix/store/l7nsr2h1lw0s4plmyimnzz3cyvip6g22-r-ungroup-1.4.4.drv
this path will be fetched (0.42 MiB download, 0.42 MiB unpacked):
  /nix/store/xq0hyd82g9f278idgcrdxqb3l7n3ai5f-ungroup_1.4.4.tar.gz
copying path '/nix/store/xq0hyd82g9f278idgcrdxqb3l7n3ai5f-ungroup_1.4.4.tar.gz' from 'https://cache.nixos.org'...
building '/nix/store/l7nsr2h1lw0s4plmyimnzz3cyvip6g22-r-ungroup-1.4.4.drv'...
Running phase: unpackPhase
unpacking source archive /nix/store/xq0hyd82g9f278idgcrdxqb3l7n3ai5f-ungroup_1.4.4.tar.gz
source root is ungroup
setting SOURCE_DATE_EPOCH to timestamp 1706706002 of file ungroup/MD5
Running phase: patchPhase
Running phase: updateAutotoolsGnuConfigScriptsPhase
Running phase: configurePhase
Running phase: buildPhase
Running phase: checkPhase
Running phase: installPhase
* installing *source* package ‘ungroup’ ...
** package ‘ungroup’ correctement décompressé et sommes MD5 vérifiées
** using staged installation
** libs
using C++ compiler: ‘clang version 16.0.6’
using SDK: ‘’
/nix/store/v39c0h6xv6hvki2k1bsyp5n090q8y2bp-clang-wrapper-16.0.6/bin/c++ -std=gnu++17 -I"/nix/store/lir8rmsk7dxbj7v1spqmv69z4mafg16l-R-4.4.2/lib/R/include" -DNDEBUG  -I'/nix/store/da7yi2xf3argx9hlnn3f0k95b8y1yx2l-r-Rcpp-1.0.13-1/library/Rcpp/include' -I'/nix/store/rnnw6rgkd98vplpryvk019w9yxx64gnw-r-RcppEigen-0.3.4.0.2/library/RcppEigen/include' -isystem /nix/store/0mmz5i705116bfykc7i1r9jxqwyghj2a-libcxx-16.0.6-dev/include/c++/v1    -fPIC  -g -O2   -c RcppEigenPclm.cpp -o RcppEigenPclm.o
/nix/store/v39c0h6xv6hvki2k1bsyp5n090q8y2bp-clang-wrapper-16.0.6/bin/c++ -std=gnu++17 -I"/nix/store/lir8rmsk7dxbj7v1spqmv69z4mafg16l-R-4.4.2/lib/R/include" -DNDEBUG  -I'/nix/store/da7yi2xf3argx9hlnn3f0k95b8y1yx2l-r-Rcpp-1.0.13-1/library/Rcpp/include' -I'/nix/store/rnnw6rgkd98vplpryvk019w9yxx64gnw-r-RcppEigen-0.3.4.0.2/library/RcppEigen/include' -isystem /nix/store/0mmz5i705116bfykc7i1r9jxqwyghj2a-libcxx-16.0.6-dev/include/c++/v1    -fPIC  -g -O2   -c RcppExports.cpp -o RcppExports.o
/nix/store/v39c0h6xv6hvki2k1bsyp5n090q8y2bp-clang-wrapper-16.0.6/bin/c++ -std=gnu++17 -dynamiclib -Wl,-headerpad_max_install_names -undefined dynamic_lookup -L/nix/store/lir8rmsk7dxbj7v1spqmv69z4mafg16l-R-4.4.2/lib/R/lib -L/nix/store/88xkgzh5g9xppsg3hdxxxh9q43rnxk6k-libcxx-16.0.6/lib -o ungroup.so RcppEigenPclm.o RcppExports.o -L/nix/store/lir8rmsk7dxbj7v1spqmv69z4mafg16l-R-4.4.2/lib/R/lib -lR -lintl -Wl,-framework -Wl,CoreFoundation
installing to /nix/store/g5v78fa64f9iwsvwxvljc6sxfbi13zsn-r-ungroup-1.4.4/library/00LOCK-ungroup/00new/ungroup/libs
** R
** data
*** moving datasets to lazyload DB
** inst
** byte-compile and prepare package for lazy loading
** help
*** installing help indices
** building package indices
** installing vignettes
** testing if installed package can be loaded from temporary location
** checking absolute paths in shared objects and dynamic libraries
** testing if installed package can be loaded from final location
** testing if installed package keeps a record of temporary installation path
* DONE (ungroup)
Running phase: fixupPhase
checking for references to /private/tmp/nix-build-r-ungroup-1.4.4.drv-0/ in /nix/store/g5v78fa64f9iwsvwxvljc6sxfbi13zsn-r-ungroup-1.4.4...
patching script interpreter paths in /nix/store/g5v78fa64f9iwsvwxvljc6sxfbi13zsn-r-ungroup-1.4.4
rewriting symlink /nix/store/g5v78fa64f9iwsvwxvljc6sxfbi13zsn-r-ungroup-1.4.4/nix-support/propagated-user-env-packages to be relative to /nix/store/g5v78fa64f9iwsvwxvljc6sxfbi13zsn-r-ungroup-1.4.4
