these 2 derivations will be built:
  /nix/store/d3b03x2ma8xnq08qahsv4lmym9ng724g-ISCA_0.1.0.tar.gz.drv
  /nix/store/2cc60j0ih9wix7rgamlkhql0jdcrprls-r-ISCA-0.1.0.drv
building '/nix/store/d3b03x2ma8xnq08qahsv4lmym9ng724g-ISCA_0.1.0.tar.gz.drv'...

trying https://cran.r-project.org/src/contrib/ISCA_0.1.0.tar.gz
  % Total    % Received % Xferd  Average Speed   Time    Time     Time  Current
                                 Dload  Upload   Total   Spent    Left  Speed
100  115k  100  115k    0     0   715k      0 --:--:-- --:--:-- --:--:--  719k
building '/nix/store/2cc60j0ih9wix7rgamlkhql0jdcrprls-r-ISCA-0.1.0.drv'...
Running phase: unpackPhase
unpacking source archive /nix/store/yz5dyrckd4v8i9l3rm2hpgz1gr37yq5f-ISCA_0.1.0.tar.gz
source root is ISCA
setting SOURCE_DATE_EPOCH to timestamp 1727874610 of file ISCA/MD5
Running phase: patchPhase
Running phase: updateAutotoolsGnuConfigScriptsPhase
Running phase: configurePhase
Running phase: buildPhase
Running phase: checkPhase
Running phase: installPhase
* installing *source* package ‘ISCA’ ...
** package ‘ISCA’ correctement décompressé et sommes MD5 vérifiées
** using staged installation
** R
** data
*** moving datasets to lazyload DB
** inst
** byte-compile and prepare package for lazy loading
** help
*** installing help indices
*** copying figures
** building package indices
** installing vignettes
** testing if installed package can be loaded from temporary location
** testing if installed package can be loaded from final location
** testing if installed package keeps a record of temporary installation path
* DONE (ISCA)
Running phase: fixupPhase
checking for references to /private/tmp/nix-build-r-ISCA-0.1.0.drv-0/ in /nix/store/as8ifwx2ygz6s708kmfndpdql229g375-r-ISCA-0.1.0...
patching script interpreter paths in /nix/store/as8ifwx2ygz6s708kmfndpdql229g375-r-ISCA-0.1.0
rewriting symlink /nix/store/as8ifwx2ygz6s708kmfndpdql229g375-r-ISCA-0.1.0/nix-support/propagated-user-env-packages to be relative to /nix/store/as8ifwx2ygz6s708kmfndpdql229g375-r-ISCA-0.1.0
