this derivation will be built:
  /nix/store/zawnjq3x6lmirqqxjv6l0jla6gryp3pd-r-rdlocrand-1.0.drv
this path will be fetched (0.02 MiB download, 0.02 MiB unpacked):
  /nix/store/zljyjabgpr2abndk2p50djd1qnfwikai-rdlocrand_1.0.tar.gz
copying path '/nix/store/zljyjabgpr2abndk2p50djd1qnfwikai-rdlocrand_1.0.tar.gz' from 'https://cache.nixos.org'...
building '/nix/store/zawnjq3x6lmirqqxjv6l0jla6gryp3pd-r-rdlocrand-1.0.drv'...
Running phase: unpackPhase
unpacking source archive /nix/store/zljyjabgpr2abndk2p50djd1qnfwikai-rdlocrand_1.0.tar.gz
source root is rdlocrand
setting SOURCE_DATE_EPOCH to timestamp 1655852406 of file rdlocrand/MD5
Running phase: patchPhase
Running phase: updateAutotoolsGnuConfigScriptsPhase
Running phase: configurePhase
Running phase: buildPhase
Running phase: checkPhase
Running phase: installPhase
* installing *source* package ‘rdlocrand’ ...
** package ‘rdlocrand’ correctement décompressé et sommes MD5 vérifiées
** using staged installation
** R
** byte-compile and prepare package for lazy loading
** help
*** installing help indices
** building package indices
** testing if installed package can be loaded from temporary location
** testing if installed package can be loaded from final location
** testing if installed package keeps a record of temporary installation path
* DONE (rdlocrand)
Running phase: fixupPhase
checking for references to /private/tmp/nix-build-r-rdlocrand-1.0.drv-0/ in /nix/store/v413hcgz287crx9zhpbn3cj04pahs6k2-r-rdlocrand-1.0...
patching script interpreter paths in /nix/store/v413hcgz287crx9zhpbn3cj04pahs6k2-r-rdlocrand-1.0
rewriting symlink /nix/store/v413hcgz287crx9zhpbn3cj04pahs6k2-r-rdlocrand-1.0/nix-support/propagated-user-env-packages to be relative to /nix/store/v413hcgz287crx9zhpbn3cj04pahs6k2-r-rdlocrand-1.0
