these 2 derivations will be built:
  /nix/store/hdg708w05hgnm0ffy97k397an29csykd-MKpower_1.0.tar.gz.drv
  /nix/store/j44rg90l7bk52nvyxc2mq8l58l1rv350-r-MKpower-1.0.drv
building '/nix/store/hdg708w05hgnm0ffy97k397an29csykd-MKpower_1.0.tar.gz.drv'...

trying https://cran.r-project.org/src/contrib/MKpower_1.0.tar.gz
  % Total    % Received % Xferd  Average Speed   Time    Time     Time  Current
                                 Dload  Upload   Total   Spent    Left  Speed
100  317k  100  317k    0     0  1341k      0 --:--:-- --:--:-- --:--:-- 1344k
building '/nix/store/j44rg90l7bk52nvyxc2mq8l58l1rv350-r-MKpower-1.0.drv'...
Running phase: unpackPhase
unpacking source archive /nix/store/8dya3x959yyp8ygdzsybhfwkjhybyc8q-MKpower_1.0.tar.gz
source root is MKpower
setting SOURCE_DATE_EPOCH to timestamp 1727101801 of file MKpower/MD5
Running phase: patchPhase
Running phase: updateAutotoolsGnuConfigScriptsPhase
Running phase: configurePhase
Running phase: buildPhase
Running phase: checkPhase
Running phase: installPhase
* installing *source* package ‘MKpower’ ...
** package ‘MKpower’ correctement décompressé et sommes MD5 vérifiées
** using staged installation
** R
** inst
** byte-compile and prepare package for lazy loading
** help
*** installing help indices
** building package indices
** installing vignettes
** testing if installed package can be loaded from temporary location
** testing if installed package can be loaded from final location
** testing if installed package keeps a record of temporary installation path
* DONE (MKpower)
Running phase: fixupPhase
checking for references to /private/tmp/nix-build-r-MKpower-1.0.drv-0/ in /nix/store/39955mcmjj9mhz23hgwhzc7gck1p1cir-r-MKpower-1.0...
patching script interpreter paths in /nix/store/39955mcmjj9mhz23hgwhzc7gck1p1cir-r-MKpower-1.0
rewriting symlink /nix/store/39955mcmjj9mhz23hgwhzc7gck1p1cir-r-MKpower-1.0/nix-support/propagated-user-env-packages to be relative to /nix/store/39955mcmjj9mhz23hgwhzc7gck1p1cir-r-MKpower-1.0
