this derivation will be built:
  /nix/store/98s2rfkknvk72zr6kbdidxghcf0151b7-r-MSRDT-0.1.0.drv
this path will be fetched (0.01 MiB download, 0.01 MiB unpacked):
  /nix/store/jn9df0l4w3cklzpdnfp74pwc6xplwm0p-MSRDT_0.1.0.tar.gz
copying path '/nix/store/jn9df0l4w3cklzpdnfp74pwc6xplwm0p-MSRDT_0.1.0.tar.gz' from 'https://cache.nixos.org'...
building '/nix/store/98s2rfkknvk72zr6kbdidxghcf0151b7-r-MSRDT-0.1.0.drv'...
Running phase: unpackPhase
unpacking source archive /nix/store/jn9df0l4w3cklzpdnfp74pwc6xplwm0p-MSRDT_0.1.0.tar.gz
source root is MSRDT
setting SOURCE_DATE_EPOCH to timestamp 1591092002 of file MSRDT/MD5
Running phase: patchPhase
Running phase: updateAutotoolsGnuConfigScriptsPhase
Running phase: configurePhase
Running phase: buildPhase
Running phase: checkPhase
Running phase: installPhase
* installing *source* package ‘MSRDT’ ...
** package ‘MSRDT’ correctement décompressé et sommes MD5 vérifiées
** using staged installation
** R
** inst
** byte-compile and prepare package for lazy loading
** help
*** installing help indices
** building package indices
** installing vignettes
** testing if installed package can be loaded from temporary location
** testing if installed package can be loaded from final location
** testing if installed package keeps a record of temporary installation path
* DONE (MSRDT)
Running phase: fixupPhase
checking for references to /private/tmp/nix-build-r-MSRDT-0.1.0.drv-0/ in /nix/store/kk65nf9drgl8j0xi9ah83zbli390gxkc-r-MSRDT-0.1.0...
patching script interpreter paths in /nix/store/kk65nf9drgl8j0xi9ah83zbli390gxkc-r-MSRDT-0.1.0
rewriting symlink /nix/store/kk65nf9drgl8j0xi9ah83zbli390gxkc-r-MSRDT-0.1.0/nix-support/propagated-user-env-packages to be relative to /nix/store/kk65nf9drgl8j0xi9ah83zbli390gxkc-r-MSRDT-0.1.0
