this derivation will be built:
  /nix/store/m6r4a0v6r1slpzwdfl7c9a3f5ava0flx-r-PTwins-0.1.1.drv
this path will be fetched (0.01 MiB download, 0.01 MiB unpacked):
  /nix/store/pcqj0x85f8y4xkg3vdx1j2hyq36xl1bf-PTwins_0.1.1.tar.gz
copying path '/nix/store/pcqj0x85f8y4xkg3vdx1j2hyq36xl1bf-PTwins_0.1.1.tar.gz' from 'https://cache.nixos.org'...
building '/nix/store/m6r4a0v6r1slpzwdfl7c9a3f5ava0flx-r-PTwins-0.1.1.drv'...
Running phase: unpackPhase
unpacking source archive /nix/store/pcqj0x85f8y4xkg3vdx1j2hyq36xl1bf-PTwins_0.1.1.tar.gz
source root is PTwins
setting SOURCE_DATE_EPOCH to timestamp 1574168402 of file PTwins/MD5
Running phase: patchPhase
Running phase: updateAutotoolsGnuConfigScriptsPhase
Running phase: configurePhase
Running phase: buildPhase
Running phase: checkPhase
Running phase: installPhase
* installing *source* package ‘PTwins’ ...
** package ‘PTwins’ correctement décompressé et sommes MD5 vérifiées
** using staged installation
** R
** byte-compile and prepare package for lazy loading
** help
*** installing help indices
** building package indices
** testing if installed package can be loaded from temporary location
** testing if installed package can be loaded from final location
** testing if installed package keeps a record of temporary installation path
* DONE (PTwins)
Running phase: fixupPhase
checking for references to /private/tmp/nix-build-r-PTwins-0.1.1.drv-0/ in /nix/store/svif6mwlq28faas5f1syzpvmwncps3nk-r-PTwins-0.1.1...
patching script interpreter paths in /nix/store/svif6mwlq28faas5f1syzpvmwncps3nk-r-PTwins-0.1.1
