this derivation will be built:
  /nix/store/s3fr3xqqfary5z2zi2mis15andbqqx6i-r-sac-1.0.2.drv
this path will be fetched (0.01 MiB download, 0.01 MiB unpacked):
  /nix/store/iwpa2mn9khc88jcdylrj266g9agsbfg2-sac_1.0.2.tar.gz
copying path '/nix/store/iwpa2mn9khc88jcdylrj266g9agsbfg2-sac_1.0.2.tar.gz' from 'https://cache.nixos.org'...
building '/nix/store/s3fr3xqqfary5z2zi2mis15andbqqx6i-r-sac-1.0.2.drv'...
Running phase: unpackPhase
unpacking source archive /nix/store/iwpa2mn9khc88jcdylrj266g9agsbfg2-sac_1.0.2.tar.gz
source root is sac
setting SOURCE_DATE_EPOCH to timestamp 1611759602 of file sac/MD5
Running phase: patchPhase
Running phase: updateAutotoolsGnuConfigScriptsPhase
Running phase: configurePhase
Running phase: buildPhase
Running phase: checkPhase
Running phase: installPhase
* installing *source* package ‘sac’ ...
** package ‘sac’ correctement décompressé et sommes MD5 vérifiées
** using staged installation
** R
** byte-compile and prepare package for lazy loading
** help
*** installing help indices
** building package indices
** testing if installed package can be loaded from temporary location
** testing if installed package can be loaded from final location
** testing if installed package keeps a record of temporary installation path
* DONE (sac)
Running phase: fixupPhase
checking for references to /private/tmp/nix-build-r-sac-1.0.2.drv-0/ in /nix/store/l3gsl8ima4x9h294as91y5ljb99v2x6j-r-sac-1.0.2...
patching script interpreter paths in /nix/store/l3gsl8ima4x9h294as91y5ljb99v2x6j-r-sac-1.0.2
