this derivation will be built:
  /nix/store/qyr7j59ggy06wl7qhdphn74qdzgnv13h-r-PAFit-1.2.10.drv
this path will be fetched (0.72 MiB download, 0.72 MiB unpacked):
  /nix/store/7s65zrpfn815np07k15zssdsfwwsmhrr-PAFit_1.2.10.tar.gz
copying path '/nix/store/7s65zrpfn815np07k15zssdsfwwsmhrr-PAFit_1.2.10.tar.gz' from 'https://cache.nixos.org'...
building '/nix/store/qyr7j59ggy06wl7qhdphn74qdzgnv13h-r-PAFit-1.2.10.drv'...
Running phase: unpackPhase
unpacking source archive /nix/store/7s65zrpfn815np07k15zssdsfwwsmhrr-PAFit_1.2.10.tar.gz
source root is PAFit
setting SOURCE_DATE_EPOCH to timestamp 1711621802 of file PAFit/MD5
Running phase: patchPhase
Running phase: updateAutotoolsGnuConfigScriptsPhase
Running phase: configurePhase
Running phase: buildPhase
Running phase: checkPhase
Running phase: installPhase
* installing *source* package ‘PAFit’ ...
** package ‘PAFit’ correctement décompressé et sommes MD5 vérifiées
** using staged installation
** libs
using C compiler: ‘clang version 16.0.6’
using C++ compiler: ‘clang version 16.0.6’
using SDK: ‘’
/nix/store/v39c0h6xv6hvki2k1bsyp5n090q8y2bp-clang-wrapper-16.0.6/bin/c++ -std=gnu++17 -I"/nix/store/lir8rmsk7dxbj7v1spqmv69z4mafg16l-R-4.4.2/lib/R/include" -DNDEBUG  -I'/nix/store/da7yi2xf3argx9hlnn3f0k95b8y1yx2l-r-Rcpp-1.0.13-1/library/Rcpp/include' -isystem /nix/store/0mmz5i705116bfykc7i1r9jxqwyghj2a-libcxx-16.0.6-dev/include/c++/v1    -fPIC  -g -O2   -c Cpp_code.cpp -o Cpp_code.o
/nix/store/v39c0h6xv6hvki2k1bsyp5n090q8y2bp-clang-wrapper-16.0.6/bin/c++ -std=gnu++17 -I"/nix/store/lir8rmsk7dxbj7v1spqmv69z4mafg16l-R-4.4.2/lib/R/include" -DNDEBUG  -I'/nix/store/da7yi2xf3argx9hlnn3f0k95b8y1yx2l-r-Rcpp-1.0.13-1/library/Rcpp/include' -isystem /nix/store/0mmz5i705116bfykc7i1r9jxqwyghj2a-libcxx-16.0.6-dev/include/c++/v1    -fPIC  -g -O2   -c RcppExports.cpp -o RcppExports.o
/nix/store/v39c0h6xv6hvki2k1bsyp5n090q8y2bp-clang-wrapper-16.0.6/bin/cc -I"/nix/store/lir8rmsk7dxbj7v1spqmv69z4mafg16l-R-4.4.2/lib/R/include" -DNDEBUG  -I'/nix/store/da7yi2xf3argx9hlnn3f0k95b8y1yx2l-r-Rcpp-1.0.13-1/library/Rcpp/include' -isystem /nix/store/0mmz5i705116bfykc7i1r9jxqwyghj2a-libcxx-16.0.6-dev/include/c++/v1    -fPIC  -g -O2  -c init.c -o init.o
/nix/store/v39c0h6xv6hvki2k1bsyp5n090q8y2bp-clang-wrapper-16.0.6/bin/c++ -std=gnu++17 -dynamiclib -Wl,-headerpad_max_install_names -undefined dynamic_lookup -L/nix/store/lir8rmsk7dxbj7v1spqmv69z4mafg16l-R-4.4.2/lib/R/lib -L/nix/store/88xkgzh5g9xppsg3hdxxxh9q43rnxk6k-libcxx-16.0.6/lib -o PAFit.so Cpp_code.o RcppExports.o init.o -L/nix/store/lir8rmsk7dxbj7v1spqmv69z4mafg16l-R-4.4.2/lib/R/lib -lR -lintl -Wl,-framework -Wl,CoreFoundation
installing to /nix/store/h5yma3mqzxgk4v02cwvppdcihpjiwvz0-r-PAFit-1.2.10/library/00LOCK-PAFit/00new/PAFit/libs
** R
** data
*** moving datasets to lazyload DB
** inst
** byte-compile and prepare package for lazy loading
** help
*** installing help indices
** building package indices
** installing vignettes
** testing if installed package can be loaded from temporary location
** checking absolute paths in shared objects and dynamic libraries
** testing if installed package can be loaded from final location
** testing if installed package keeps a record of temporary installation path
* DONE (PAFit)
Running phase: fixupPhase
checking for references to /private/tmp/nix-build-r-PAFit-1.2.10.drv-0/ in /nix/store/h5yma3mqzxgk4v02cwvppdcihpjiwvz0-r-PAFit-1.2.10...
patching script interpreter paths in /nix/store/h5yma3mqzxgk4v02cwvppdcihpjiwvz0-r-PAFit-1.2.10
rewriting symlink /nix/store/h5yma3mqzxgk4v02cwvppdcihpjiwvz0-r-PAFit-1.2.10/nix-support/propagated-user-env-packages to be relative to /nix/store/h5yma3mqzxgk4v02cwvppdcihpjiwvz0-r-PAFit-1.2.10
