this derivation will be built:
  /nix/store/qpny1rig4mnqzfjxk5fxzashihcr33hx-r-TempStable-0.2.2.drv
this path will be fetched (0.16 MiB download, 0.16 MiB unpacked):
  /nix/store/41hmmcwkskbzphyvfgdad7h3wzc5hbbr-TempStable_0.2.2.tar.gz
copying path '/nix/store/41hmmcwkskbzphyvfgdad7h3wzc5hbbr-TempStable_0.2.2.tar.gz' from 'https://cache.nixos.org'...
building '/nix/store/qpny1rig4mnqzfjxk5fxzashihcr33hx-r-TempStable-0.2.2.drv'...
Running phase: unpackPhase
unpacking source archive /nix/store/41hmmcwkskbzphyvfgdad7h3wzc5hbbr-TempStable_0.2.2.tar.gz
source root is TempStable
setting SOURCE_DATE_EPOCH to timestamp 1698154813 of file TempStable/MD5
Running phase: patchPhase
Running phase: updateAutotoolsGnuConfigScriptsPhase
Running phase: configurePhase
Running phase: buildPhase
Running phase: checkPhase
Running phase: installPhase
* installing *source* package ‘TempStable’ ...
** package ‘TempStable’ correctement décompressé et sommes MD5 vérifiées
** using staged installation
** R
** inst
** byte-compile and prepare package for lazy loading
** help
*** installing help indices
*** copying figures
** building package indices
** testing if installed package can be loaded from temporary location
** testing if installed package can be loaded from final location
** testing if installed package keeps a record of temporary installation path
* DONE (TempStable)
Running phase: fixupPhase
checking for references to /private/tmp/nix-build-r-TempStable-0.2.2.drv-0/ in /nix/store/y3n45557d5r5wn76cd30xxha669g0nhs-r-TempStable-0.2.2...
patching script interpreter paths in /nix/store/y3n45557d5r5wn76cd30xxha669g0nhs-r-TempStable-0.2.2
rewriting symlink /nix/store/y3n45557d5r5wn76cd30xxha669g0nhs-r-TempStable-0.2.2/nix-support/propagated-user-env-packages to be relative to /nix/store/y3n45557d5r5wn76cd30xxha669g0nhs-r-TempStable-0.2.2
