this derivation will be built:
  /nix/store/mv9b7rb2mxk19r2y87v7x7s1s8g4w4ri-r-RankAggregator-0.0.1.drv
this path will be fetched (0.01 MiB download, 0.01 MiB unpacked):
  /nix/store/xjw4xcqdr6kiqy95s0z2g5c4qyrlc2s6-RankAggregator_0.0.1.tar.gz
copying path '/nix/store/xjw4xcqdr6kiqy95s0z2g5c4qyrlc2s6-RankAggregator_0.0.1.tar.gz' from 'https://cache.nixos.org'...
building '/nix/store/mv9b7rb2mxk19r2y87v7x7s1s8g4w4ri-r-RankAggregator-0.0.1.drv'...
Running phase: unpackPhase
unpacking source archive /nix/store/xjw4xcqdr6kiqy95s0z2g5c4qyrlc2s6-RankAggregator_0.0.1.tar.gz
source root is RankAggregator
setting SOURCE_DATE_EPOCH to timestamp 1598865610 of file RankAggregator/MD5
Running phase: patchPhase
Running phase: updateAutotoolsGnuConfigScriptsPhase
Running phase: configurePhase
Running phase: buildPhase
Running phase: checkPhase
Running phase: installPhase
* installing *source* package ‘RankAggregator’ ...
** package ‘RankAggregator’ correctement décompressé et sommes MD5 vérifiées
** using staged installation
** R
** data
*** moving datasets to lazyload DB
** inst
** byte-compile and prepare package for lazy loading
** help
*** installing help indices
** building package indices
** testing if installed package can be loaded from temporary location
** testing if installed package can be loaded from final location
** testing if installed package keeps a record of temporary installation path
* DONE (RankAggregator)
Running phase: fixupPhase
checking for references to /private/tmp/nix-build-r-RankAggregator-0.0.1.drv-0/ in /nix/store/2dw72s87k72b56cv0n0p6kv62qxy99rq-r-RankAggregator-0.0.1...
patching script interpreter paths in /nix/store/2dw72s87k72b56cv0n0p6kv62qxy99rq-r-RankAggregator-0.0.1
