this derivation will be built:
  /nix/store/kv31s3z0dmy95wck3nraj97l0cs5wqsg-r-gpx-1.1.0.drv
building '/nix/store/kv31s3z0dmy95wck3nraj97l0cs5wqsg-r-gpx-1.1.0.drv'...
Running phase: unpackPhase
unpacking source archive /nix/store/l7szv0s75i0zicimmi5mxkznv5xmwh0m-gpx_1.1.0.tar.gz
source root is gpx
setting SOURCE_DATE_EPOCH to timestamp 1636389602 of file gpx/MD5
Running phase: patchPhase
Running phase: updateAutotoolsGnuConfigScriptsPhase
Running phase: configurePhase
Running phase: buildPhase
Running phase: checkPhase
Running phase: installPhase
* installing *source* package ‘gpx’ ...
** package ‘gpx’ correctement décompressé et sommes MD5 vérifiées
** using staged installation
** R
** byte-compile and prepare package for lazy loading
** help
*** installing help indices
** building package indices
** testing if installed package can be loaded from temporary location
** testing if installed package can be loaded from final location
** testing if installed package keeps a record of temporary installation path
* DONE (gpx)
Running phase: fixupPhase
checking for references to /private/tmp/nix-build-r-gpx-1.1.0.drv-0/ in /nix/store/qbsww33d49kx25nm98r6cl2z2zbaa33r-r-gpx-1.1.0...
patching script interpreter paths in /nix/store/qbsww33d49kx25nm98r6cl2z2zbaa33r-r-gpx-1.1.0
rewriting symlink /nix/store/qbsww33d49kx25nm98r6cl2z2zbaa33r-r-gpx-1.1.0/nix-support/propagated-user-env-packages to be relative to /nix/store/qbsww33d49kx25nm98r6cl2z2zbaa33r-r-gpx-1.1.0
