this derivation will be built:
  /nix/store/7spw3v7qjkgjsbzqpymc8xccpw4xyjcp-r-SIBERG-2.0.3.drv
this path will be fetched (0.15 MiB download, 0.15 MiB unpacked):
  /nix/store/g25pdzgpb3jim36cqdg2h197aba4cypc-SIBERG_2.0.3.tar.gz
copying path '/nix/store/g25pdzgpb3jim36cqdg2h197aba4cypc-SIBERG_2.0.3.tar.gz' from 'https://cache.nixos.org'...
building '/nix/store/7spw3v7qjkgjsbzqpymc8xccpw4xyjcp-r-SIBERG-2.0.3.drv'...
Running phase: unpackPhase
unpacking source archive /nix/store/g25pdzgpb3jim36cqdg2h197aba4cypc-SIBERG_2.0.3.tar.gz
source root is SIBERG
setting SOURCE_DATE_EPOCH to timestamp 1651560605 of file SIBERG/inst/doc/SIBER.pdf
Running phase: patchPhase
Running phase: updateAutotoolsGnuConfigScriptsPhase
Running phase: configurePhase
Running phase: buildPhase
Running phase: checkPhase
Running phase: installPhase
* installing *source* package ‘SIBERG’ ...
** package ‘SIBERG’ correctement décompressé et sommes MD5 vérifiées
** using staged installation
** R
** data
*** moving datasets to lazyload DB
** inst
** byte-compile and prepare package for lazy loading
** help
*** installing help indices
** building package indices
** installing vignettes
** testing if installed package can be loaded from temporary location
** testing if installed package can be loaded from final location
** testing if installed package keeps a record of temporary installation path
* DONE (SIBERG)
Running phase: fixupPhase
checking for references to /private/tmp/nix-build-r-SIBERG-2.0.3.drv-0/ in /nix/store/b46nyab9ihdlp78i1llah8rvz3ai1wpk-r-SIBERG-2.0.3...
patching script interpreter paths in /nix/store/b46nyab9ihdlp78i1llah8rvz3ai1wpk-r-SIBERG-2.0.3
rewriting symlink /nix/store/b46nyab9ihdlp78i1llah8rvz3ai1wpk-r-SIBERG-2.0.3/nix-support/propagated-user-env-packages to be relative to /nix/store/b46nyab9ihdlp78i1llah8rvz3ai1wpk-r-SIBERG-2.0.3
