this derivation will be built:
  /nix/store/mg3mpclajm4azvi8p0zm2j2cvfbax594-r-noweb-1.1-4.drv
this path will be fetched (0.20 MiB download, 0.20 MiB unpacked):
  /nix/store/fqrcndcp5rjplpgmla8v91jsjmhlwyvg-noweb_1.1-4.tar.gz
copying path '/nix/store/fqrcndcp5rjplpgmla8v91jsjmhlwyvg-noweb_1.1-4.tar.gz' from 'https://cache.nixos.org'...
building '/nix/store/mg3mpclajm4azvi8p0zm2j2cvfbax594-r-noweb-1.1-4.drv'...
Running phase: unpackPhase
unpacking source archive /nix/store/fqrcndcp5rjplpgmla8v91jsjmhlwyvg-noweb_1.1-4.tar.gz
source root is noweb
setting SOURCE_DATE_EPOCH to timestamp 1706584803 of file noweb/MD5
Running phase: patchPhase
Running phase: updateAutotoolsGnuConfigScriptsPhase
Running phase: configurePhase
Running phase: buildPhase
Running phase: checkPhase
Running phase: installPhase
* installing *source* package ‘noweb’ ...
** package ‘noweb’ correctement décompressé et sommes MD5 vérifiées
** using staged installation
** R
** data
*** moving datasets to lazyload DB
** inst
** byte-compile and prepare package for lazy loading
** help
*** installing help indices
** building package indices
** installing vignettes
** testing if installed package can be loaded from temporary location
** testing if installed package can be loaded from final location
** testing if installed package keeps a record of temporary installation path
* DONE (noweb)
Running phase: fixupPhase
checking for references to /private/tmp/nix-build-r-noweb-1.1-4.drv-0/ in /nix/store/g4qv2l3yip0j30mswcvp57p5s0s88gdv-r-noweb-1.1-4...
patching script interpreter paths in /nix/store/g4qv2l3yip0j30mswcvp57p5s0s88gdv-r-noweb-1.1-4
