this derivation will be built:
  /nix/store/b35335jdwn1g3p56dx52wwscrb4fyfns-r-tidysynth-0.2.0.drv
this path will be fetched (0.12 MiB download, 0.12 MiB unpacked):
  /nix/store/3dq7wvznrbx277jy73xyggv3x3mxffy6-tidysynth_0.2.0.tar.gz
copying path '/nix/store/3dq7wvznrbx277jy73xyggv3x3mxffy6-tidysynth_0.2.0.tar.gz' from 'https://cache.nixos.org'...
building '/nix/store/b35335jdwn1g3p56dx52wwscrb4fyfns-r-tidysynth-0.2.0.drv'...
Running phase: unpackPhase
unpacking source archive /nix/store/3dq7wvznrbx277jy73xyggv3x3mxffy6-tidysynth_0.2.0.tar.gz
source root is tidysynth
setting SOURCE_DATE_EPOCH to timestamp 1684653005 of file tidysynth/MD5
Running phase: patchPhase
Running phase: updateAutotoolsGnuConfigScriptsPhase
Running phase: configurePhase
Running phase: buildPhase
Running phase: checkPhase
Running phase: installPhase
* installing *source* package ‘tidysynth’ ...
** package ‘tidysynth’ correctement décompressé et sommes MD5 vérifiées
** using staged installation
** R
** data
*** moving datasets to lazyload DB
** byte-compile and prepare package for lazy loading
** help
*** installing help indices
*** copying figures
** building package indices
** testing if installed package can be loaded from temporary location
** testing if installed package can be loaded from final location
** testing if installed package keeps a record of temporary installation path
* DONE (tidysynth)
Running phase: fixupPhase
checking for references to /private/tmp/nix-build-r-tidysynth-0.2.0.drv-0/ in /nix/store/lc8avsyn8d2kpbmapi9qqm5c4abmp8yn-r-tidysynth-0.2.0...
patching script interpreter paths in /nix/store/lc8avsyn8d2kpbmapi9qqm5c4abmp8yn-r-tidysynth-0.2.0
rewriting symlink /nix/store/lc8avsyn8d2kpbmapi9qqm5c4abmp8yn-r-tidysynth-0.2.0/nix-support/propagated-user-env-packages to be relative to /nix/store/lc8avsyn8d2kpbmapi9qqm5c4abmp8yn-r-tidysynth-0.2.0
