these 2 derivations will be built:
  /nix/store/v2dpssn1qc5bj3pfa4sk0dpajhbnpv0j-interface_0.1.2.tar.gz.drv
  /nix/store/cbj2zzr8dr83fm6vskskjnh0i11zn7l1-r-interface-0.1.2.drv
building '/nix/store/v2dpssn1qc5bj3pfa4sk0dpajhbnpv0j-interface_0.1.2.tar.gz.drv'...

trying https://cran.r-project.org/src/contrib/interface_0.1.2.tar.gz
  % Total    % Received % Xferd  Average Speed   Time    Time     Time  Current
                                 Dload  Upload   Total   Spent    Left  Speed
100 36414  100 36414    0     0   253k      0 --:--:-- --:--:-- --:--:--  254k
building '/nix/store/cbj2zzr8dr83fm6vskskjnh0i11zn7l1-r-interface-0.1.2.drv'...
Running phase: unpackPhase
unpacking source archive /nix/store/rjwiz30ind61czwiga9m3azh8svw7mcp-interface_0.1.2.tar.gz
source root is interface
setting SOURCE_DATE_EPOCH to timestamp 1725959405 of file interface/MD5
Running phase: patchPhase
Running phase: updateAutotoolsGnuConfigScriptsPhase
Running phase: configurePhase
Running phase: buildPhase
Running phase: checkPhase
Running phase: installPhase
* installing *source* package ‘interface’ ...
** package ‘interface’ correctement décompressé et sommes MD5 vérifiées
** using staged installation
** R
** inst
** byte-compile and prepare package for lazy loading
** help
*** installing help indices
*** copying figures
** building package indices
** installing vignettes
** testing if installed package can be loaded from temporary location
** testing if installed package can be loaded from final location
** testing if installed package keeps a record of temporary installation path
* DONE (interface)
Running phase: fixupPhase
checking for references to /private/tmp/nix-build-r-interface-0.1.2.drv-0/ in /nix/store/ljknls5kqf3qh6qx1xdg8x4xg78qblrp-r-interface-0.1.2...
patching script interpreter paths in /nix/store/ljknls5kqf3qh6qx1xdg8x4xg78qblrp-r-interface-0.1.2
