this derivation will be built:
  /nix/store/lixd2s1k4c8gqdwhz24ns7qbwgi63wjw-r-TidyMultiqc-1.0.3.drv
this path will be fetched (0.41 MiB download, 0.42 MiB unpacked):
  /nix/store/bcsa824ahjmp3g35mx333v0q18pfh2s1-TidyMultiqc_1.0.3.tar.gz
copying path '/nix/store/bcsa824ahjmp3g35mx333v0q18pfh2s1-TidyMultiqc_1.0.3.tar.gz' from 'https://cache.nixos.org'...
building '/nix/store/lixd2s1k4c8gqdwhz24ns7qbwgi63wjw-r-TidyMultiqc-1.0.3.drv'...
Running phase: unpackPhase
unpacking source archive /nix/store/bcsa824ahjmp3g35mx333v0q18pfh2s1-TidyMultiqc_1.0.3.tar.gz
source root is TidyMultiqc
setting SOURCE_DATE_EPOCH to timestamp 1664071802 of file TidyMultiqc/MD5
Running phase: patchPhase
Running phase: updateAutotoolsGnuConfigScriptsPhase
Running phase: configurePhase
Running phase: buildPhase
Running phase: checkPhase
Running phase: installPhase
* installing *source* package ‘TidyMultiqc’ ...
** package ‘TidyMultiqc’ correctement décompressé et sommes MD5 vérifiées
** using staged installation
** R
** inst
** byte-compile and prepare package for lazy loading
** help
*** installing help indices
** building package indices
** installing vignettes
** testing if installed package can be loaded from temporary location
** testing if installed package can be loaded from final location
** testing if installed package keeps a record of temporary installation path
* DONE (TidyMultiqc)
Running phase: fixupPhase
checking for references to /private/tmp/nix-build-r-TidyMultiqc-1.0.3.drv-0/ in /nix/store/5ayxaikf2cs2zpbn9ydxfh5sx3rhl446-r-TidyMultiqc-1.0.3...
patching script interpreter paths in /nix/store/5ayxaikf2cs2zpbn9ydxfh5sx3rhl446-r-TidyMultiqc-1.0.3
rewriting symlink /nix/store/5ayxaikf2cs2zpbn9ydxfh5sx3rhl446-r-TidyMultiqc-1.0.3/nix-support/propagated-user-env-packages to be relative to /nix/store/5ayxaikf2cs2zpbn9ydxfh5sx3rhl446-r-TidyMultiqc-1.0.3
