this derivation will be built:
  /nix/store/pz7sajcl9ky4by1zskazsi17a6j4s2lz-r-mekko-0.1.0.drv
this path will be fetched (0.20 MiB download, 0.20 MiB unpacked):
  /nix/store/q3g9z4nd0kfkrwr7srm765lrnzxzl98h-mekko_0.1.0.tar.gz
copying path '/nix/store/q3g9z4nd0kfkrwr7srm765lrnzxzl98h-mekko_0.1.0.tar.gz' from 'https://cache.nixos.org'...
building '/nix/store/pz7sajcl9ky4by1zskazsi17a6j4s2lz-r-mekko-0.1.0.drv'...
Running phase: unpackPhase
unpacking source archive /nix/store/q3g9z4nd0kfkrwr7srm765lrnzxzl98h-mekko_0.1.0.tar.gz
source root is mekko
setting SOURCE_DATE_EPOCH to timestamp 1514982048 of file mekko/MD5
Running phase: patchPhase
Running phase: updateAutotoolsGnuConfigScriptsPhase
Running phase: configurePhase
Running phase: buildPhase
Running phase: checkPhase
Running phase: installPhase
* installing *source* package ‘mekko’ ...
** package ‘mekko’ correctement décompressé et sommes MD5 vérifiées
** using staged installation
** R
** inst
** byte-compile and prepare package for lazy loading
** help
*** installing help indices
** building package indices
** installing vignettes
** testing if installed package can be loaded from temporary location
** testing if installed package can be loaded from final location
** testing if installed package keeps a record of temporary installation path
* DONE (mekko)
Running phase: fixupPhase
checking for references to /private/tmp/nix-build-r-mekko-0.1.0.drv-0/ in /nix/store/p3q45px7nl5wh7sy0w7cwyc3nzji8mpr-r-mekko-0.1.0...
patching script interpreter paths in /nix/store/p3q45px7nl5wh7sy0w7cwyc3nzji8mpr-r-mekko-0.1.0
rewriting symlink /nix/store/p3q45px7nl5wh7sy0w7cwyc3nzji8mpr-r-mekko-0.1.0/nix-support/propagated-user-env-packages to be relative to /nix/store/p3q45px7nl5wh7sy0w7cwyc3nzji8mpr-r-mekko-0.1.0
