this derivation will be built:
  /nix/store/s97093nwm7nlv2bcg4p23rndmiphlrp2-r-SeqMADE-1.0.drv
this path will be fetched (0.01 MiB download, 0.01 MiB unpacked):
  /nix/store/jmxz0y2fq3qam7ck5g75hbcnamp93ry8-SeqMADE_1.0.tar.gz
copying path '/nix/store/jmxz0y2fq3qam7ck5g75hbcnamp93ry8-SeqMADE_1.0.tar.gz' from 'https://cache.nixos.org'...
building '/nix/store/s97093nwm7nlv2bcg4p23rndmiphlrp2-r-SeqMADE-1.0.drv'...
Running phase: unpackPhase
unpacking source archive /nix/store/jmxz0y2fq3qam7ck5g75hbcnamp93ry8-SeqMADE_1.0.tar.gz
source root is SeqMADE
setting SOURCE_DATE_EPOCH to timestamp 1467003594 of file SeqMADE/MD5
Running phase: patchPhase
Running phase: updateAutotoolsGnuConfigScriptsPhase
Running phase: configurePhase
Running phase: buildPhase
Running phase: checkPhase
Running phase: installPhase
* installing *source* package ‘SeqMADE’ ...
** package ‘SeqMADE’ correctement décompressé et sommes MD5 vérifiées
** using staged installation
** R
** data
*** moving datasets to lazyload DB
** byte-compile and prepare package for lazy loading
** help
*** installing help indices
** building package indices
** testing if installed package can be loaded from temporary location
** testing if installed package can be loaded from final location
** testing if installed package keeps a record of temporary installation path
* DONE (SeqMADE)
Running phase: fixupPhase
checking for references to /private/tmp/nix-build-r-SeqMADE-1.0.drv-0/ in /nix/store/sa28xs9w21ycv7dvf5b67csk3ajbpbyk-r-SeqMADE-1.0...
patching script interpreter paths in /nix/store/sa28xs9w21ycv7dvf5b67csk3ajbpbyk-r-SeqMADE-1.0
rewriting symlink /nix/store/sa28xs9w21ycv7dvf5b67csk3ajbpbyk-r-SeqMADE-1.0/nix-support/propagated-user-env-packages to be relative to /nix/store/sa28xs9w21ycv7dvf5b67csk3ajbpbyk-r-SeqMADE-1.0
