this derivation will be built:
  /nix/store/ay7jy4l09acglxhww044jnra9m0mmvsa-r-rwstats-0.1.drv
this path will be fetched (3.45 MiB download, 3.45 MiB unpacked):
  /nix/store/8hz4ffhb8sqyw57y86rir6m1s762dwmc-rwstats_0.1.tar.gz
copying path '/nix/store/8hz4ffhb8sqyw57y86rir6m1s762dwmc-rwstats_0.1.tar.gz' from 'https://cache.nixos.org'...
building '/nix/store/ay7jy4l09acglxhww044jnra9m0mmvsa-r-rwstats-0.1.drv'...
Running phase: unpackPhase
unpacking source archive /nix/store/8hz4ffhb8sqyw57y86rir6m1s762dwmc-rwstats_0.1.tar.gz
source root is rwstats
setting SOURCE_DATE_EPOCH to timestamp 1576671602 of file rwstats/MD5
Running phase: patchPhase
Running phase: updateAutotoolsGnuConfigScriptsPhase
Running phase: configurePhase
Running phase: buildPhase
Running phase: checkPhase
Running phase: installPhase
* installing *source* package ‘rwstats’ ...
** package ‘rwstats’ correctement décompressé et sommes MD5 vérifiées
** using staged installation
** R
** data
*** moving datasets to lazyload DB
** byte-compile and prepare package for lazy loading
** help
*** installing help indices
** building package indices
** testing if installed package can be loaded from temporary location
** testing if installed package can be loaded from final location
** testing if installed package keeps a record of temporary installation path
* DONE (rwstats)
Running phase: fixupPhase
checking for references to /private/tmp/nix-build-r-rwstats-0.1.drv-0/ in /nix/store/aiigfy7asswd8v4sn7kkiz9jhwfrvysg-r-rwstats-0.1...
patching script interpreter paths in /nix/store/aiigfy7asswd8v4sn7kkiz9jhwfrvysg-r-rwstats-0.1
