these 2 derivations will be built:
  /nix/store/zfhhdh7q64lyx6dgirwh9cbqf3zf2iw9-ottr_1.5.1.tar.gz.drv
  /nix/store/xz5k5b3lqda1nxjmkssdps0gkbzypsd3-r-ottr-1.5.1.drv
building '/nix/store/zfhhdh7q64lyx6dgirwh9cbqf3zf2iw9-ottr_1.5.1.tar.gz.drv'...

trying https://cran.r-project.org/src/contrib/ottr_1.5.1.tar.gz
  % Total    % Received % Xferd  Average Speed   Time    Time     Time  Current
                                 Dload  Upload   Total   Spent    Left  Speed
100 22557  100 22557    0     0   112k      0 --:--:-- --:--:-- --:--:--  112k
building '/nix/store/xz5k5b3lqda1nxjmkssdps0gkbzypsd3-r-ottr-1.5.1.drv'...
Running phase: unpackPhase
unpacking source archive /nix/store/d0csj8a84vqy5k4fc0wwy0ijcv5b3dq0-ottr_1.5.1.tar.gz
source root is ottr
setting SOURCE_DATE_EPOCH to timestamp 1731256802 of file ottr/MD5
Running phase: patchPhase
Running phase: updateAutotoolsGnuConfigScriptsPhase
Running phase: configurePhase
Running phase: buildPhase
Running phase: checkPhase
Running phase: installPhase
* installing *source* package ‘ottr’ ...
** package ‘ottr’ correctement décompressé et sommes MD5 vérifiées
** using staged installation
** R
** byte-compile and prepare package for lazy loading
** help
*** installing help indices
** building package indices
** testing if installed package can be loaded from temporary location
** testing if installed package can be loaded from final location
** testing if installed package keeps a record of temporary installation path
* DONE (ottr)
Running phase: fixupPhase
checking for references to /private/tmp/nix-build-r-ottr-1.5.1.drv-0/ in /nix/store/6bgzjaphj03rn6xayivqdqk040dm81fz-r-ottr-1.5.1...
patching script interpreter paths in /nix/store/6bgzjaphj03rn6xayivqdqk040dm81fz-r-ottr-1.5.1
rewriting symlink /nix/store/6bgzjaphj03rn6xayivqdqk040dm81fz-r-ottr-1.5.1/nix-support/propagated-user-env-packages to be relative to /nix/store/6bgzjaphj03rn6xayivqdqk040dm81fz-r-ottr-1.5.1
