this derivation will be built:
  /nix/store/i7mrvsa1j29jbk79rq76pc3caj42pzcp-r-dams-0.3.0.drv
building '/nix/store/i7mrvsa1j29jbk79rq76pc3caj42pzcp-r-dams-0.3.0.drv'...
Running phase: unpackPhase
unpacking source archive /nix/store/myjrcj7s8495kr6ryk600brva1whw23h-dams_0.3.0.tar.gz
source root is dams
setting SOURCE_DATE_EPOCH to timestamp 1589990403 of file dams/MD5
Running phase: patchPhase
Running phase: updateAutotoolsGnuConfigScriptsPhase
Running phase: configurePhase
Running phase: buildPhase
Running phase: checkPhase
Running phase: installPhase
* installing *source* package ‘dams’ ...
** package ‘dams’ correctement décompressé et sommes MD5 vérifiées
** using staged installation
** R
** data
*** moving datasets to lazyload DB
** inst
** byte-compile and prepare package for lazy loading
** help
*** installing help indices
** building package indices
** installing vignettes
** testing if installed package can be loaded from temporary location
** testing if installed package can be loaded from final location
** testing if installed package keeps a record of temporary installation path
* DONE (dams)
Running phase: fixupPhase
checking for references to /private/tmp/nix-build-r-dams-0.3.0.drv-0/ in /nix/store/6py34pr2yzly9nal8wqhg7ra0b9cpl16-r-dams-0.3.0...
patching script interpreter paths in /nix/store/6py34pr2yzly9nal8wqhg7ra0b9cpl16-r-dams-0.3.0
rewriting symlink /nix/store/6py34pr2yzly9nal8wqhg7ra0b9cpl16-r-dams-0.3.0/nix-support/propagated-user-env-packages to be relative to /nix/store/6py34pr2yzly9nal8wqhg7ra0b9cpl16-r-dams-0.3.0
