this derivation will be built:
  /nix/store/jxxgjzdxzif9mh0znf8apknpc3wdh28r-r-moduleColor-1.8-4.drv
this path will be fetched (0.02 MiB download, 0.02 MiB unpacked):
  /nix/store/6zddvkyk67253yc8k419w1zjaf8ah5g9-moduleColor_1.8-4.tar.gz
copying path '/nix/store/6zddvkyk67253yc8k419w1zjaf8ah5g9-moduleColor_1.8-4.tar.gz' from 'https://cache.nixos.org'...
building '/nix/store/jxxgjzdxzif9mh0znf8apknpc3wdh28r-r-moduleColor-1.8-4.drv'...
Running phase: unpackPhase
unpacking source archive /nix/store/6zddvkyk67253yc8k419w1zjaf8ah5g9-moduleColor_1.8-4.tar.gz
source root is moduleColor
setting SOURCE_DATE_EPOCH to timestamp 1649520149 of file moduleColor/MD5
Running phase: patchPhase
Running phase: updateAutotoolsGnuConfigScriptsPhase
Running phase: configurePhase
Running phase: buildPhase
Running phase: checkPhase
Running phase: installPhase
* installing *source* package ‘moduleColor’ ...
** package ‘moduleColor’ correctement décompressé et sommes MD5 vérifiées
** using staged installation
** R
** byte-compile and prepare package for lazy loading
** help
*** installing help indices
** building package indices
** testing if installed package can be loaded from temporary location
** testing if installed package can be loaded from final location
** testing if installed package keeps a record of temporary installation path
* DONE (moduleColor)
Running phase: fixupPhase
checking for references to /private/tmp/nix-build-r-moduleColor-1.8-4.drv-0/ in /nix/store/2isbrxhi4a3bs3nwpnabp3gqgsd4y5ds-r-moduleColor-1.8-4...
patching script interpreter paths in /nix/store/2isbrxhi4a3bs3nwpnabp3gqgsd4y5ds-r-moduleColor-1.8-4
rewriting symlink /nix/store/2isbrxhi4a3bs3nwpnabp3gqgsd4y5ds-r-moduleColor-1.8-4/nix-support/propagated-user-env-packages to be relative to /nix/store/2isbrxhi4a3bs3nwpnabp3gqgsd4y5ds-r-moduleColor-1.8-4
