this derivation will be built:
  /nix/store/mx47q025dvdgn647wx1nfijn45mmcl3b-r-tidyAML-0.0.5.drv
this path will be fetched (0.09 MiB download, 0.09 MiB unpacked):
  /nix/store/hdhjpibpkm25z2mf6lqfwb4ab9zhjyq9-tidyAML_0.0.5.tar.gz
copying path '/nix/store/hdhjpibpkm25z2mf6lqfwb4ab9zhjyq9-tidyAML_0.0.5.tar.gz' from 'https://cache.nixos.org'...
building '/nix/store/mx47q025dvdgn647wx1nfijn45mmcl3b-r-tidyAML-0.0.5.drv'...
Running phase: unpackPhase
unpacking source archive /nix/store/hdhjpibpkm25z2mf6lqfwb4ab9zhjyq9-tidyAML_0.0.5.tar.gz
source root is tidyAML
setting SOURCE_DATE_EPOCH to timestamp 1710252602 of file tidyAML/MD5
Running phase: patchPhase
Running phase: updateAutotoolsGnuConfigScriptsPhase
Running phase: configurePhase
Running phase: buildPhase
Running phase: checkPhase
Running phase: installPhase
* installing *source* package ‘tidyAML’ ...
** package ‘tidyAML’ correctement décompressé et sommes MD5 vérifiées
** using staged installation
** R
** inst
** byte-compile and prepare package for lazy loading
** help
*** installing help indices
*** copying figures
** building package indices
** installing vignettes
** testing if installed package can be loaded from temporary location
** testing if installed package can be loaded from final location
** testing if installed package keeps a record of temporary installation path
* DONE (tidyAML)
Running phase: fixupPhase
checking for references to /private/tmp/nix-build-r-tidyAML-0.0.5.drv-0/ in /nix/store/yw8v30iil0w419n85pkfmpizgcr9i5pc-r-tidyAML-0.0.5...
patching script interpreter paths in /nix/store/yw8v30iil0w419n85pkfmpizgcr9i5pc-r-tidyAML-0.0.5
rewriting symlink /nix/store/yw8v30iil0w419n85pkfmpizgcr9i5pc-r-tidyAML-0.0.5/nix-support/propagated-user-env-packages to be relative to /nix/store/yw8v30iil0w419n85pkfmpizgcr9i5pc-r-tidyAML-0.0.5
