this derivation will be built:
  /nix/store/1dc8mrz0ya5916gx9cin076kx6ngxsr0-r-TULIP-1.0.2.drv
this path will be fetched (0.29 MiB download, 0.28 MiB unpacked):
  /nix/store/05jxnhk82zhq99qyjvgb7xy8mp2pgvsa-TULIP_1.0.2.tar.gz
copying path '/nix/store/05jxnhk82zhq99qyjvgb7xy8mp2pgvsa-TULIP_1.0.2.tar.gz' from 'https://cache.nixos.org'...
building '/nix/store/1dc8mrz0ya5916gx9cin076kx6ngxsr0-r-TULIP-1.0.2.drv'...
Running phase: unpackPhase
unpacking source archive /nix/store/05jxnhk82zhq99qyjvgb7xy8mp2pgvsa-TULIP_1.0.2.tar.gz
source root is TULIP
setting SOURCE_DATE_EPOCH to timestamp 1609780206 of file TULIP/MD5
Running phase: patchPhase
Running phase: updateAutotoolsGnuConfigScriptsPhase
Running phase: configurePhase
Running phase: buildPhase
Running phase: checkPhase
Running phase: installPhase
* installing *source* package ‘TULIP’ ...
** package ‘TULIP’ correctement décompressé et sommes MD5 vérifiées
** using staged installation
** libs
using C compiler: ‘clang version 16.0.6’
using Fortran compiler: ‘GNU Fortran (GCC) 13.3.0’
using SDK: ‘’
/nix/store/v39c0h6xv6hvki2k1bsyp5n090q8y2bp-clang-wrapper-16.0.6/bin/cc -I"/nix/store/lir8rmsk7dxbj7v1spqmv69z4mafg16l-R-4.4.2/lib/R/include" -DNDEBUG   -isystem /nix/store/0mmz5i705116bfykc7i1r9jxqwyghj2a-libcxx-16.0.6-dev/include/c++/v1    -fPIC  -g -O2  -c TULIP_init.c -o TULIP_init.o
/nix/store/93i6w80axzmddh7kl97br2axr8al13vx-gfortran-wrapper-13.3.0/bin/gfortran  -fPIC  -g -O2  -c  catch1.f90 -o catch1.o
/nix/store/93i6w80axzmddh7kl97br2axr8al13vx-gfortran-wrapper-13.3.0/bin/gfortran  -fPIC  -g -O2  -c  mmsda.f90 -o mmsda.o
/nix/store/93i6w80axzmddh7kl97br2axr8al13vx-gfortran-wrapper-13.3.0/bin/gfortran  -fPIC  -g -O2  -c  msda1.f90 -o msda1.o
/nix/store/v39c0h6xv6hvki2k1bsyp5n090q8y2bp-clang-wrapper-16.0.6/bin/cc -dynamiclib -Wl,-headerpad_max_install_names -undefined dynamic_lookup -L/nix/store/lir8rmsk7dxbj7v1spqmv69z4mafg16l-R-4.4.2/lib/R/lib -L/nix/store/88xkgzh5g9xppsg3hdxxxh9q43rnxk6k-libcxx-16.0.6/lib -o TULIP.so TULIP_init.o catch1.o mmsda.o msda1.o -L/nix/store/h84vsys3h7wkvnwhx3fz6ynrlpla2mpv-gfortran-13.3.0-lib/lib -L/nix/store/3awww7sqz8gygkr9hw5s7wd57iwz1qg3-cctools-binutils-darwin-wrapper-1010.6/bin -L/nix/store/kwlx6bz5n81gqa9kyx6207rzp0yq0pj4-gfortran-13.3.0/lib/gcc/aarch64-apple-darwin/13.3.0 -L/nix/store/kwlx6bz5n81gqa9kyx6207rzp0yq0pj4-gfortran-13.3.0/lib -lemutls_w -lheapt_w -lintl -lgfortran -lquadmath -L/nix/store/lir8rmsk7dxbj7v1spqmv69z4mafg16l-R-4.4.2/lib/R/lib -lR -lintl -Wl,-framework -Wl,CoreFoundation
ld: warning: could not create compact unwind for ___my_subs_MOD_sigfun: does not use standard frame
ld: warning: could not create compact unwind for _catch1_: does not use standard frame
ld: warning: could not create compact unwind for _allocate_tramp_ctrl: does not use standard frame
ld: warning: could not create compact unwind for ___gcc_nested_func_ptr_created: does not use standard frame
ld: warning: could not create compact unwind for ___gcc_nested_func_ptr_deleted: does not use standard frame
ld: warning: could not create compact unwind for _mmsda_: does not use standard frame
ld: warning: could not create compact unwind for ___emutls_get_address: does not use standard frame
ld: warning: could not create compact unwind for _msda1_: does not use standard frame
installing to /nix/store/ivl308w06vpcl8lb19m22404qzzqh4z4-r-TULIP-1.0.2/library/00LOCK-TULIP/00new/TULIP/libs
** R
** data
*** moving datasets to lazyload DB
** byte-compile and prepare package for lazy loading
** help
*** installing help indices
** building package indices
** testing if installed package can be loaded from temporary location
** checking absolute paths in shared objects and dynamic libraries
** testing if installed package can be loaded from final location
** testing if installed package keeps a record of temporary installation path
* DONE (TULIP)
Running phase: fixupPhase
checking for references to /private/tmp/nix-build-r-TULIP-1.0.2.drv-0/ in /nix/store/ivl308w06vpcl8lb19m22404qzzqh4z4-r-TULIP-1.0.2...
patching script interpreter paths in /nix/store/ivl308w06vpcl8lb19m22404qzzqh4z4-r-TULIP-1.0.2
rewriting symlink /nix/store/ivl308w06vpcl8lb19m22404qzzqh4z4-r-TULIP-1.0.2/nix-support/propagated-user-env-packages to be relative to /nix/store/ivl308w06vpcl8lb19m22404qzzqh4z4-r-TULIP-1.0.2
