these 4 derivations will be built:
  /nix/store/35f7sc6ilzdhs5ffsq5ya4iskxzwbj4a-tabulapdf_1.0.5-5.tar.gz.drv
  /nix/store/2k4cf42yyrn5fm9r5w2kkdsns4crjcnk-r-tabulapdf-1.0.5-5.drv
  /nix/store/5fjiic62jy9vvv5c4bmnm9klp34d8m26-denguedatahub_2.1.1.tar.gz.drv
  /nix/store/z2m1h2p9r14rijfapjl88mbs8djhwnvg-r-denguedatahub-2.1.1.drv
building '/nix/store/5fjiic62jy9vvv5c4bmnm9klp34d8m26-denguedatahub_2.1.1.tar.gz.drv'...
building '/nix/store/35f7sc6ilzdhs5ffsq5ya4iskxzwbj4a-tabulapdf_1.0.5-5.tar.gz.drv'...

trying https://cran.r-project.org/src/contrib/denguedatahub_2.1.1.tar.gz
  % Total    % Received % Xferd  Average Speed   Time    Time     Time  Current
                                 Dload  Upload   Total   Spent    Left  Speed

trying https://cran.r-project.org/src/contrib/tabulapdf_1.0.5-5.tar.gz
  % Total    % Received % Xferd  Average Speed   Time    Time     Time  Current
                                 Dload  Upload   Total   Spent    Left  Speed
100 1605k  100 1605k    0     0  3994k      0 --:--:-- --:--:-- --:--:-- 4002k
100 12.3M  100 12.3M    0     0  7922k      0  0:00:01  0:00:01 --:--:-- 7919k
building '/nix/store/2k4cf42yyrn5fm9r5w2kkdsns4crjcnk-r-tabulapdf-1.0.5-5.drv'...
Running phase: unpackPhase
unpacking source archive /nix/store/426shzsi1fqjy38a5fym20bfdf216a8w-tabulapdf_1.0.5-5.tar.gz
source root is tabulapdf
setting SOURCE_DATE_EPOCH to timestamp 1731675602 of file tabulapdf/MD5
Running phase: patchPhase
Running phase: updateAutotoolsGnuConfigScriptsPhase
Running phase: configurePhase
Running phase: buildPhase
Running phase: checkPhase
Running phase: installPhase
* installing *source* package ‘tabulapdf’ ...
** package ‘tabulapdf’ correctement décompressé et sommes MD5 vérifiées
** using staged installation
** R
** inst
** byte-compile and prepare package for lazy loading
** help
*** installing help indices
*** copying figures
** building package indices
** installing vignettes
** testing if installed package can be loaded from temporary location
** testing if installed package can be loaded from final location
** testing if installed package keeps a record of temporary installation path
* DONE (tabulapdf)
Running phase: fixupPhase
checking for references to /private/tmp/nix-build-r-tabulapdf-1.0.5-5.drv-0/ in /nix/store/f7i1i86my70xiqzlq7jx2ksgsm38wcp6-r-tabulapdf-1.0.5-5...
patching script interpreter paths in /nix/store/f7i1i86my70xiqzlq7jx2ksgsm38wcp6-r-tabulapdf-1.0.5-5
rewriting symlink /nix/store/f7i1i86my70xiqzlq7jx2ksgsm38wcp6-r-tabulapdf-1.0.5-5/nix-support/propagated-user-env-packages to be relative to /nix/store/f7i1i86my70xiqzlq7jx2ksgsm38wcp6-r-tabulapdf-1.0.5-5
building '/nix/store/z2m1h2p9r14rijfapjl88mbs8djhwnvg-r-denguedatahub-2.1.1.drv'...
Running phase: unpackPhase
unpacking source archive /nix/store/a4milfnpysk6nddmlhgsky3knw0s4qqs-denguedatahub_2.1.1.tar.gz
source root is denguedatahub
setting SOURCE_DATE_EPOCH to timestamp 1726995002 of file denguedatahub/MD5
Running phase: patchPhase
Running phase: updateAutotoolsGnuConfigScriptsPhase
Running phase: configurePhase
Running phase: buildPhase
Running phase: checkPhase
Running phase: installPhase
* installing *source* package ‘denguedatahub’ ...
** package ‘denguedatahub’ correctement décompressé et sommes MD5 vérifiées
** using staged installation
** R
** data
*** moving datasets to lazyload DB
** byte-compile and prepare package for lazy loading
** help
*** installing help indices
** building package indices
** testing if installed package can be loaded from temporary location
** testing if installed package can be loaded from final location
** testing if installed package keeps a record of temporary installation path
* DONE (denguedatahub)
Running phase: fixupPhase
checking for references to /private/tmp/nix-build-r-denguedatahub-2.1.1.drv-0/ in /nix/store/bjpbwr274mfmyk5g0d1si00pm2xwdbml-r-denguedatahub-2.1.1...
patching script interpreter paths in /nix/store/bjpbwr274mfmyk5g0d1si00pm2xwdbml-r-denguedatahub-2.1.1
rewriting symlink /nix/store/bjpbwr274mfmyk5g0d1si00pm2xwdbml-r-denguedatahub-2.1.1/nix-support/propagated-user-env-packages to be relative to /nix/store/bjpbwr274mfmyk5g0d1si00pm2xwdbml-r-denguedatahub-2.1.1
