these 2 derivations will be built:
  /nix/store/qjnb1z480f2x86k49457wlhyphgqf2is-SBI_0.1.1.tar.gz.drv
  /nix/store/idpf1pws0hy86krm55lfahlgz4nsnh8p-r-SBI-0.1.1.drv
building '/nix/store/qjnb1z480f2x86k49457wlhyphgqf2is-SBI_0.1.1.tar.gz.drv'...

trying https://cran.r-project.org/src/contrib/SBI_0.1.1.tar.gz
  % Total    % Received % Xferd  Average Speed   Time    Time     Time  Current
                                 Dload  Upload   Total   Spent    Left  Speed
100  5069  100  5069    0     0  59068      0 --:--:-- --:--:-- --:--:-- 59635
building '/nix/store/idpf1pws0hy86krm55lfahlgz4nsnh8p-r-SBI-0.1.1.drv'...
Running phase: unpackPhase
unpacking source archive /nix/store/2ibim4g7mywip6p073hfx0i46k90nmnn-SBI_0.1.1.tar.gz
source root is SBI
setting SOURCE_DATE_EPOCH to timestamp 1726060202 of file SBI/MD5
Running phase: patchPhase
Running phase: updateAutotoolsGnuConfigScriptsPhase
Running phase: configurePhase
Running phase: buildPhase
Running phase: checkPhase
Running phase: installPhase
* installing *source* package ‘SBI’ ...
** package ‘SBI’ correctement décompressé et sommes MD5 vérifiées
** using staged installation
** R
** byte-compile and prepare package for lazy loading
** help
*** installing help indices
** building package indices
** testing if installed package can be loaded from temporary location
** testing if installed package can be loaded from final location
** testing if installed package keeps a record of temporary installation path
* DONE (SBI)
Running phase: fixupPhase
checking for references to /private/tmp/nix-build-r-SBI-0.1.1.drv-0/ in /nix/store/chsvsssqpyjmq9kcxpw2aphrcgh8llxh-r-SBI-0.1.1...
patching script interpreter paths in /nix/store/chsvsssqpyjmq9kcxpw2aphrcgh8llxh-r-SBI-0.1.1
