this derivation will be built:
  /nix/store/vvpf37hzxz32bvm4l1xibgafqj4s2ygg-r-RaSEn-3.0.0.drv
this path will be fetched (3.94 MiB download, 3.94 MiB unpacked):
  /nix/store/izr7ksrgxcwdjxhzy4s5xbwcz6d8knb5-RaSEn_3.0.0.tar.gz
copying path '/nix/store/izr7ksrgxcwdjxhzy4s5xbwcz6d8knb5-RaSEn_3.0.0.tar.gz' from 'https://cache.nixos.org'...
building '/nix/store/vvpf37hzxz32bvm4l1xibgafqj4s2ygg-r-RaSEn-3.0.0.drv'...
Running phase: unpackPhase
unpacking source archive /nix/store/izr7ksrgxcwdjxhzy4s5xbwcz6d8knb5-RaSEn_3.0.0.tar.gz
source root is RaSEn
setting SOURCE_DATE_EPOCH to timestamp 1634359806 of file RaSEn/MD5
Running phase: patchPhase
Running phase: updateAutotoolsGnuConfigScriptsPhase
Running phase: configurePhase
Running phase: buildPhase
Running phase: checkPhase
Running phase: installPhase
* installing *source* package ‘RaSEn’ ...
** package ‘RaSEn’ correctement décompressé et sommes MD5 vérifiées
** using staged installation
** R
** data
*** moving datasets to lazyload DB
** inst
** byte-compile and prepare package for lazy loading
** help
*** installing help indices
** building package indices
** installing vignettes
** testing if installed package can be loaded from temporary location
** testing if installed package can be loaded from final location
** testing if installed package keeps a record of temporary installation path
* DONE (RaSEn)
Running phase: fixupPhase
checking for references to /private/tmp/nix-build-r-RaSEn-3.0.0.drv-0/ in /nix/store/p21gwcnbjchylac6cgkaafh0myq64vvs-r-RaSEn-3.0.0...
patching script interpreter paths in /nix/store/p21gwcnbjchylac6cgkaafh0myq64vvs-r-RaSEn-3.0.0
rewriting symlink /nix/store/p21gwcnbjchylac6cgkaafh0myq64vvs-r-RaSEn-3.0.0/nix-support/propagated-user-env-packages to be relative to /nix/store/p21gwcnbjchylac6cgkaafh0myq64vvs-r-RaSEn-3.0.0
