this derivation will be built:
  /nix/store/06qgh189x5m3a8ld87vsgi76wdmskpb6-r-neighbours-0.1-3.drv
this path will be fetched (0.26 MiB download, 0.26 MiB unpacked):
  /nix/store/329s5rflb7axi0g4c5a38g2jdi5byqky-neighbours_0.1-3.tar.gz
copying path '/nix/store/329s5rflb7axi0g4c5a38g2jdi5byqky-neighbours_0.1-3.tar.gz' from 'https://cache.nixos.org'...
building '/nix/store/06qgh189x5m3a8ld87vsgi76wdmskpb6-r-neighbours-0.1-3.drv'...
Running phase: unpackPhase
unpacking source archive /nix/store/329s5rflb7axi0g4c5a38g2jdi5byqky-neighbours_0.1-3.tar.gz
source root is neighbours
setting SOURCE_DATE_EPOCH to timestamp 1695322802 of file neighbours/MD5
Running phase: patchPhase
Running phase: updateAutotoolsGnuConfigScriptsPhase
Running phase: configurePhase
Running phase: buildPhase
Running phase: checkPhase
Running phase: installPhase
* installing *source* package ‘neighbours’ ...
** package ‘neighbours’ correctement décompressé et sommes MD5 vérifiées
** using staged installation
** R
** inst
** byte-compile and prepare package for lazy loading
** help
*** installing help indices
** building package indices
** installing vignettes
** testing if installed package can be loaded from temporary location
** testing if installed package can be loaded from final location
** testing if installed package keeps a record of temporary installation path
* DONE (neighbours)
Running phase: fixupPhase
checking for references to /private/tmp/nix-build-r-neighbours-0.1-3.drv-0/ in /nix/store/x32jbl2d6q2a4m1pmjbz9n67p5a6pylj-r-neighbours-0.1-3...
patching script interpreter paths in /nix/store/x32jbl2d6q2a4m1pmjbz9n67p5a6pylj-r-neighbours-0.1-3
