this derivation will be built:
  /nix/store/67009n65r4psk42w9mdsvysh0zjbp1a8-r-SmithWilsonYieldCurve-1.1.1.drv
this path will be fetched (0.15 MiB download, 0.15 MiB unpacked):
  /nix/store/zmrsqllgnzd1f59bg4ypigx2dkdxzrq2-SmithWilsonYieldCurve_1.1.1.tar.gz
copying path '/nix/store/zmrsqllgnzd1f59bg4ypigx2dkdxzrq2-SmithWilsonYieldCurve_1.1.1.tar.gz' from 'https://cache.nixos.org'...
building '/nix/store/67009n65r4psk42w9mdsvysh0zjbp1a8-r-SmithWilsonYieldCurve-1.1.1.drv'...
Running phase: unpackPhase
unpacking source archive /nix/store/zmrsqllgnzd1f59bg4ypigx2dkdxzrq2-SmithWilsonYieldCurve_1.1.1.tar.gz
source root is SmithWilsonYieldCurve
setting SOURCE_DATE_EPOCH to timestamp 1720797605 of file SmithWilsonYieldCurve/MD5
Running phase: patchPhase
Running phase: updateAutotoolsGnuConfigScriptsPhase
Running phase: configurePhase
Running phase: buildPhase
Running phase: checkPhase
Running phase: installPhase
* installing *source* package ‘SmithWilsonYieldCurve’ ...
** package ‘SmithWilsonYieldCurve’ correctement décompressé et sommes MD5 vérifiées
** using staged installation
** R
** inst
** byte-compile and prepare package for lazy loading
** help
*** installing help indices
** building package indices
** testing if installed package can be loaded from temporary location
** testing if installed package can be loaded from final location
** testing if installed package keeps a record of temporary installation path
* DONE (SmithWilsonYieldCurve)
Running phase: fixupPhase
checking for references to /private/tmp/nix-build-r-SmithWilsonYieldCurve-1.1.1.drv-0/ in /nix/store/q3zbmi39a8x3zb5as79y79l32ybdpp2x-r-SmithWilsonYieldCurve-1.1.1...
patching script interpreter paths in /nix/store/q3zbmi39a8x3zb5as79y79l32ybdpp2x-r-SmithWilsonYieldCurve-1.1.1
