this derivation will be built:
  /nix/store/6978b6rnkfkfh55iqlq39g73122qrrq9-r-RWgraph-1.0.0.drv
this path will be fetched (0.16 MiB download, 0.16 MiB unpacked):
  /nix/store/kj81zkf7zvvyfiad8ryb27dh9xsq6krn-RWgraph_1.0.0.tar.gz
copying path '/nix/store/kj81zkf7zvvyfiad8ryb27dh9xsq6krn-RWgraph_1.0.0.tar.gz' from 'https://cache.nixos.org'...
building '/nix/store/6978b6rnkfkfh55iqlq39g73122qrrq9-r-RWgraph-1.0.0.drv'...
Running phase: unpackPhase
unpacking source archive /nix/store/kj81zkf7zvvyfiad8ryb27dh9xsq6krn-RWgraph_1.0.0.tar.gz
source root is RWgraph
setting SOURCE_DATE_EPOCH to timestamp 1695321003 of file RWgraph/MD5
Running phase: patchPhase
Running phase: updateAutotoolsGnuConfigScriptsPhase
Running phase: configurePhase
Running phase: buildPhase
Running phase: checkPhase
Running phase: installPhase
* installing *source* package ‘RWgraph’ ...
** package ‘RWgraph’ correctement décompressé et sommes MD5 vérifiées
** using staged installation
** R
** data
*** moving datasets to lazyload DB
** byte-compile and prepare package for lazy loading
** help
*** installing help indices
** building package indices
** testing if installed package can be loaded from temporary location
** testing if installed package can be loaded from final location
** testing if installed package keeps a record of temporary installation path
* DONE (RWgraph)
Running phase: fixupPhase
checking for references to /private/tmp/nix-build-r-RWgraph-1.0.0.drv-0/ in /nix/store/myld005z0lr61z6wc6lnqfkclf7swpmn-r-RWgraph-1.0.0...
patching script interpreter paths in /nix/store/myld005z0lr61z6wc6lnqfkclf7swpmn-r-RWgraph-1.0.0
rewriting symlink /nix/store/myld005z0lr61z6wc6lnqfkclf7swpmn-r-RWgraph-1.0.0/nix-support/propagated-user-env-packages to be relative to /nix/store/myld005z0lr61z6wc6lnqfkclf7swpmn-r-RWgraph-1.0.0
