these 2 derivations will be built:
  /nix/store/7fhw34964x4b4hgybv0cxdhrhz6g35gn-clintrialx_0.1.0.tar.gz.drv
  /nix/store/jgi5bcpm7ngc7izf2rzgg0nkimz7zrrr-r-clintrialx-0.1.0.drv
building '/nix/store/7fhw34964x4b4hgybv0cxdhrhz6g35gn-clintrialx_0.1.0.tar.gz.drv'...

trying https://cran.r-project.org/src/contrib/clintrialx_0.1.0.tar.gz
  % Total    % Received % Xferd  Average Speed   Time    Time     Time  Current
                                 Dload  Upload   Total   Spent    Left  Speed
100  337k  100  337k    0     0  1509k      0 --:--:-- --:--:-- --:--:-- 1511k
building '/nix/store/jgi5bcpm7ngc7izf2rzgg0nkimz7zrrr-r-clintrialx-0.1.0.drv'...
Running phase: unpackPhase
unpacking source archive /nix/store/bd0xv3qb0x40k9nxvlrmvdgc3x4dxypv-clintrialx_0.1.0.tar.gz
source root is clintrialx
setting SOURCE_DATE_EPOCH to timestamp 1725374406 of file clintrialx/MD5
Running phase: patchPhase
Running phase: updateAutotoolsGnuConfigScriptsPhase
Running phase: configurePhase
Running phase: buildPhase
Running phase: checkPhase
Running phase: installPhase
* installing *source* package ‘clintrialx’ ...
** package ‘clintrialx’ correctement décompressé et sommes MD5 vérifiées
** using staged installation
** R
** inst
** byte-compile and prepare package for lazy loading
** help
*** installing help indices
** building package indices
** installing vignettes
** testing if installed package can be loaded from temporary location
** testing if installed package can be loaded from final location
** testing if installed package keeps a record of temporary installation path
* DONE (clintrialx)
Running phase: fixupPhase
checking for references to /private/tmp/nix-build-r-clintrialx-0.1.0.drv-0/ in /nix/store/z2rdilk4y3lrmq8076vh3vq3schai3p6-r-clintrialx-0.1.0...
patching script interpreter paths in /nix/store/z2rdilk4y3lrmq8076vh3vq3schai3p6-r-clintrialx-0.1.0
rewriting symlink /nix/store/z2rdilk4y3lrmq8076vh3vq3schai3p6-r-clintrialx-0.1.0/nix-support/propagated-user-env-packages to be relative to /nix/store/z2rdilk4y3lrmq8076vh3vq3schai3p6-r-clintrialx-0.1.0
