this derivation will be built:
  /nix/store/q8hmv9lpmqvid67s2b8j2h0ppsf91imv-r-mvngGrAd-0.1.6.drv
this path will be fetched (0.25 MiB download, 0.25 MiB unpacked):
  /nix/store/9za7dxsgzschg5xx7frg5jbv3sfpghah-mvngGrAd_0.1.6.tar.gz
copying path '/nix/store/9za7dxsgzschg5xx7frg5jbv3sfpghah-mvngGrAd_0.1.6.tar.gz' from 'https://cache.nixos.org'...
building '/nix/store/q8hmv9lpmqvid67s2b8j2h0ppsf91imv-r-mvngGrAd-0.1.6.drv'...
Running phase: unpackPhase
unpacking source archive /nix/store/9za7dxsgzschg5xx7frg5jbv3sfpghah-mvngGrAd_0.1.6.tar.gz
source root is mvngGrAd
setting SOURCE_DATE_EPOCH to timestamp 1696891206 of file mvngGrAd/MD5
Running phase: patchPhase
Running phase: updateAutotoolsGnuConfigScriptsPhase
Running phase: configurePhase
Running phase: buildPhase
Running phase: checkPhase
Running phase: installPhase
* installing *source* package ‘mvngGrAd’ ...
** package ‘mvngGrAd’ correctement décompressé et sommes MD5 vérifiées
** using staged installation
** R
** inst
** byte-compile and prepare package for lazy loading
** help
*** installing help indices
** building package indices
** installing vignettes
** testing if installed package can be loaded from temporary location
** testing if installed package can be loaded from final location
** testing if installed package keeps a record of temporary installation path
* DONE (mvngGrAd)
Running phase: fixupPhase
checking for references to /private/tmp/nix-build-r-mvngGrAd-0.1.6.drv-0/ in /nix/store/dsqnggrjmbm0ahfp8l7lb3py5gklm06z-r-mvngGrAd-0.1.6...
patching script interpreter paths in /nix/store/dsqnggrjmbm0ahfp8l7lb3py5gklm06z-r-mvngGrAd-0.1.6
