these 3 derivations will be built:
  /nix/store/mn74dyq75d728jkajxzfzsbgar55qhbg-r-xaringanExtra-0.8.0.drv
  /nix/store/qyaq0sb6hiqjlgsvxpdz2w9d9q82c8hj-sketchy_1.0.4.tar.gz.drv
  /nix/store/qh8gzvaibpcclk4wl71wd6c6s8p6ljif-r-sketchy-1.0.4.drv
this path will be fetched (3.01 MiB download, 3.02 MiB unpacked):
  /nix/store/rg6nr05n87gp1f7248na8pfnxl0dm9ii-xaringanExtra_0.8.0.tar.gz
copying path '/nix/store/rg6nr05n87gp1f7248na8pfnxl0dm9ii-xaringanExtra_0.8.0.tar.gz' from 'https://cache.nixos.org'...
building '/nix/store/qyaq0sb6hiqjlgsvxpdz2w9d9q82c8hj-sketchy_1.0.4.tar.gz.drv'...

trying https://cran.r-project.org/src/contrib/sketchy_1.0.4.tar.gz
  % Total    % Received % Xferd  Average Speed   Time    Time     Time  Current
                                 Dload  Upload   Total   Spent    Left  Speed
100 41976  100 41976    0     0   283k      0 --:--:-- --:--:-- --:--:--  282k
building '/nix/store/mn74dyq75d728jkajxzfzsbgar55qhbg-r-xaringanExtra-0.8.0.drv'...
Running phase: unpackPhase
unpacking source archive /nix/store/rg6nr05n87gp1f7248na8pfnxl0dm9ii-xaringanExtra_0.8.0.tar.gz
source root is xaringanExtra
setting SOURCE_DATE_EPOCH to timestamp 1716123602 of file xaringanExtra/MD5
Running phase: patchPhase
Running phase: updateAutotoolsGnuConfigScriptsPhase
Running phase: configurePhase
Running phase: buildPhase
Running phase: checkPhase
Running phase: installPhase
* installing *source* package ‘xaringanExtra’ ...
** package ‘xaringanExtra’ correctement décompressé et sommes MD5 vérifiées
** using staged installation
** R
** inst
** byte-compile and prepare package for lazy loading
** help
*** installing help indices
*** copying figures
** building package indices
** testing if installed package can be loaded from temporary location
** testing if installed package can be loaded from final location
** testing if installed package keeps a record of temporary installation path
* DONE (xaringanExtra)
Running phase: fixupPhase
checking for references to /private/tmp/nix-build-r-xaringanExtra-0.8.0.drv-0/ in /nix/store/6dh06s8nfs2ln5nwv7423hzswpj0x57m-r-xaringanExtra-0.8.0...
patching script interpreter paths in /nix/store/6dh06s8nfs2ln5nwv7423hzswpj0x57m-r-xaringanExtra-0.8.0
rewriting symlink /nix/store/6dh06s8nfs2ln5nwv7423hzswpj0x57m-r-xaringanExtra-0.8.0/nix-support/propagated-user-env-packages to be relative to /nix/store/6dh06s8nfs2ln5nwv7423hzswpj0x57m-r-xaringanExtra-0.8.0
building '/nix/store/qh8gzvaibpcclk4wl71wd6c6s8p6ljif-r-sketchy-1.0.4.drv'...
Running phase: unpackPhase
unpacking source archive /nix/store/cidnjaqmgm5mvlv42rf0yx9lsly63xqi-sketchy_1.0.4.tar.gz
source root is sketchy
setting SOURCE_DATE_EPOCH to timestamp 1725308402 of file sketchy/MD5
Running phase: patchPhase
Running phase: updateAutotoolsGnuConfigScriptsPhase
Running phase: configurePhase
Running phase: buildPhase
Running phase: checkPhase
Running phase: installPhase
* installing *source* package ‘sketchy’ ...
** package ‘sketchy’ correctement décompressé et sommes MD5 vérifiées
** using staged installation
** R
** data
*** moving datasets to lazyload DB
** inst
** byte-compile and prepare package for lazy loading
** help
*** installing help indices
** building package indices
** testing if installed package can be loaded from temporary location
** testing if installed package can be loaded from final location
** testing if installed package keeps a record of temporary installation path
* DONE (sketchy)
Running phase: fixupPhase
checking for references to /private/tmp/nix-build-r-sketchy-1.0.4.drv-0/ in /nix/store/mycsiyg9s1zpyl1zh906lz0kz47s53ry-r-sketchy-1.0.4...
patching script interpreter paths in /nix/store/mycsiyg9s1zpyl1zh906lz0kz47s53ry-r-sketchy-1.0.4
rewriting symlink /nix/store/mycsiyg9s1zpyl1zh906lz0kz47s53ry-r-sketchy-1.0.4/nix-support/propagated-user-env-packages to be relative to /nix/store/mycsiyg9s1zpyl1zh906lz0kz47s53ry-r-sketchy-1.0.4
