this derivation will be built:
  /nix/store/a7imd0hbx1lj65d76jidz9j6rs0388sd-r-bitmexr-0.3.3.drv
building '/nix/store/a7imd0hbx1lj65d76jidz9j6rs0388sd-r-bitmexr-0.3.3.drv'...
Running phase: unpackPhase
unpacking source archive /nix/store/gymmv9l01r4z7dd3disldk71rbvv3c5a-bitmexr_0.3.3.tar.gz
source root is bitmexr
setting SOURCE_DATE_EPOCH to timestamp 1691437210 of file bitmexr/MD5
Running phase: patchPhase
Running phase: updateAutotoolsGnuConfigScriptsPhase
Running phase: configurePhase
Running phase: buildPhase
Running phase: checkPhase
Running phase: installPhase
* installing *source* package ‘bitmexr’ ...
** package ‘bitmexr’ correctement décompressé et sommes MD5 vérifiées
** using staged installation
** R
** inst
** byte-compile and prepare package for lazy loading
** help
*** installing help indices
*** copying figures
** building package indices
** installing vignettes
** testing if installed package can be loaded from temporary location
** testing if installed package can be loaded from final location
** testing if installed package keeps a record of temporary installation path
* DONE (bitmexr)
Running phase: fixupPhase
checking for references to /private/tmp/nix-build-r-bitmexr-0.3.3.drv-0/ in /nix/store/9nkxz9b243rfi4nansvbd1iq370rsq8x-r-bitmexr-0.3.3...
patching script interpreter paths in /nix/store/9nkxz9b243rfi4nansvbd1iq370rsq8x-r-bitmexr-0.3.3
rewriting symlink /nix/store/9nkxz9b243rfi4nansvbd1iq370rsq8x-r-bitmexr-0.3.3/nix-support/propagated-user-env-packages to be relative to /nix/store/9nkxz9b243rfi4nansvbd1iq370rsq8x-r-bitmexr-0.3.3
