this derivation will be built:
  /nix/store/nn7iwx85ax6bjjpdzbihb32j6w4gkddp-r-semlbci-0.11.2.drv
this path will be fetched (0.62 MiB download, 0.62 MiB unpacked):
  /nix/store/xzazcns0j7ygcmi2y7i7g46iyphplvm4-semlbci_0.11.2.tar.gz
copying path '/nix/store/xzazcns0j7ygcmi2y7i7g46iyphplvm4-semlbci_0.11.2.tar.gz' from 'https://cache.nixos.org'...
building '/nix/store/nn7iwx85ax6bjjpdzbihb32j6w4gkddp-r-semlbci-0.11.2.drv'...
Running phase: unpackPhase
unpacking source archive /nix/store/xzazcns0j7ygcmi2y7i7g46iyphplvm4-semlbci_0.11.2.tar.gz
source root is semlbci
setting SOURCE_DATE_EPOCH to timestamp 1717683002 of file semlbci/MD5
Running phase: patchPhase
Running phase: updateAutotoolsGnuConfigScriptsPhase
Running phase: configurePhase
Running phase: buildPhase
Running phase: checkPhase
Running phase: installPhase
* installing *source* package ‘semlbci’ ...
** package ‘semlbci’ correctement décompressé et sommes MD5 vérifiées
** using staged installation
** R
** data
*** moving datasets to lazyload DB
** inst
** byte-compile and prepare package for lazy loading
** help
*** installing help indices
*** copying figures
** building package indices
** installing vignettes
** testing if installed package can be loaded from temporary location
** testing if installed package can be loaded from final location
** testing if installed package keeps a record of temporary installation path
* DONE (semlbci)
Running phase: fixupPhase
checking for references to /private/tmp/nix-build-r-semlbci-0.11.2.drv-0/ in /nix/store/0nd92l034r2dj8f7qqqind2kv243cvfz-r-semlbci-0.11.2...
patching script interpreter paths in /nix/store/0nd92l034r2dj8f7qqqind2kv243cvfz-r-semlbci-0.11.2
rewriting symlink /nix/store/0nd92l034r2dj8f7qqqind2kv243cvfz-r-semlbci-0.11.2/nix-support/propagated-user-env-packages to be relative to /nix/store/0nd92l034r2dj8f7qqqind2kv243cvfz-r-semlbci-0.11.2
