this derivation will be built:
  /nix/store/5mg9lnv0lyy0kmd15na4cbz70cyi9hfb-r-shoredate-1.1.1.drv
this path will be fetched (3.13 MiB download, 3.74 MiB unpacked):
  /nix/store/wbhr4x7mrkynixm3m0pniik9c5hs2jzh-shoredate_1.1.1.tar.gz
copying path '/nix/store/wbhr4x7mrkynixm3m0pniik9c5hs2jzh-shoredate_1.1.1.tar.gz' from 'https://cache.nixos.org'...
building '/nix/store/5mg9lnv0lyy0kmd15na4cbz70cyi9hfb-r-shoredate-1.1.1.drv'...
Running phase: unpackPhase
unpacking source archive /nix/store/wbhr4x7mrkynixm3m0pniik9c5hs2jzh-shoredate_1.1.1.tar.gz
source root is shoredate
setting SOURCE_DATE_EPOCH to timestamp 1698163803 of file shoredate/MD5
Running phase: patchPhase
Running phase: updateAutotoolsGnuConfigScriptsPhase
Running phase: configurePhase
Running phase: buildPhase
Running phase: checkPhase
Running phase: installPhase
* installing *source* package ‘shoredate’ ...
** package ‘shoredate’ correctement décompressé et sommes MD5 vérifiées
** using staged installation
** R
** inst
** byte-compile and prepare package for lazy loading
** help
*** installing help indices
*** copying figures
** building package indices
** installing vignettes
** testing if installed package can be loaded from temporary location
** testing if installed package can be loaded from final location
** testing if installed package keeps a record of temporary installation path
* DONE (shoredate)
Running phase: fixupPhase
checking for references to /private/tmp/nix-build-r-shoredate-1.1.1.drv-0/ in /nix/store/213r1krl0d3smmb6w10rd13c3w566jsp-r-shoredate-1.1.1...
patching script interpreter paths in /nix/store/213r1krl0d3smmb6w10rd13c3w566jsp-r-shoredate-1.1.1
rewriting symlink /nix/store/213r1krl0d3smmb6w10rd13c3w566jsp-r-shoredate-1.1.1/nix-support/propagated-user-env-packages to be relative to /nix/store/213r1krl0d3smmb6w10rd13c3w566jsp-r-shoredate-1.1.1
