this derivation will be built:
  /nix/store/mdccam56n8fq0gmrl42yzyk79hndl56i-r-acp-2.1.drv
building '/nix/store/mdccam56n8fq0gmrl42yzyk79hndl56i-r-acp-2.1.drv'...
Running phase: unpackPhase
unpacking source archive /nix/store/zd93shp34v15slfp4c45jvdnq7qw9r08-acp_2.1.tar.gz
source root is acp
setting SOURCE_DATE_EPOCH to timestamp 1449183806 of file acp/MD5
Running phase: patchPhase
Running phase: updateAutotoolsGnuConfigScriptsPhase
Running phase: configurePhase
Running phase: buildPhase
Running phase: checkPhase
Running phase: installPhase
* installing *source* package ‘acp’ ...
** package ‘acp’ correctement décompressé et sommes MD5 vérifiées
** using staged installation
** R
** data
** byte-compile and prepare package for lazy loading
** help
*** installing help indices
** building package indices
** testing if installed package can be loaded from temporary location
** testing if installed package can be loaded from final location
** testing if installed package keeps a record of temporary installation path
* DONE (acp)
Running phase: fixupPhase
checking for references to /private/tmp/nix-build-r-acp-2.1.drv-0/ in /nix/store/ysiql1pnn8lpsparbddspc2qfbqb5qx4-r-acp-2.1...
patching script interpreter paths in /nix/store/ysiql1pnn8lpsparbddspc2qfbqb5qx4-r-acp-2.1
rewriting symlink /nix/store/ysiql1pnn8lpsparbddspc2qfbqb5qx4-r-acp-2.1/nix-support/propagated-user-env-packages to be relative to /nix/store/ysiql1pnn8lpsparbddspc2qfbqb5qx4-r-acp-2.1
