these 2 derivations will be built:
  /nix/store/ys0j1c72iqqdm49ppil9z3f1zh834953-multpois_0.2.0.tar.gz.drv
  /nix/store/pns2pr4ya857icnh1kwx7b6pzxp1r102-r-multpois-0.2.0.drv
building '/nix/store/ys0j1c72iqqdm49ppil9z3f1zh834953-multpois_0.2.0.tar.gz.drv'...

trying https://cran.r-project.org/src/contrib/multpois_0.2.0.tar.gz
  % Total    % Received % Xferd  Average Speed   Time    Time     Time  Current
                                 Dload  Upload   Total   Spent    Left  Speed
100 67648  100 67648    0     0   487k      0 --:--:-- --:--:-- --:--:--  489k
building '/nix/store/pns2pr4ya857icnh1kwx7b6pzxp1r102-r-multpois-0.2.0.drv'...
Running phase: unpackPhase
unpacking source archive /nix/store/m070x5q7diipdg3k1zh621d5d8yz1g0c-multpois_0.2.0.tar.gz
source root is multpois
setting SOURCE_DATE_EPOCH to timestamp 1729633802 of file multpois/MD5
Running phase: patchPhase
Running phase: updateAutotoolsGnuConfigScriptsPhase
Running phase: configurePhase
Running phase: buildPhase
Running phase: checkPhase
Running phase: installPhase
* installing *source* package ‘multpois’ ...
** package ‘multpois’ correctement décompressé et sommes MD5 vérifiées
** using staged installation
** R
** data
*** moving datasets to lazyload DB
** inst
** byte-compile and prepare package for lazy loading
** help
*** installing help indices
** building package indices
** installing vignettes
** testing if installed package can be loaded from temporary location
** testing if installed package can be loaded from final location
** testing if installed package keeps a record of temporary installation path
* DONE (multpois)
Running phase: fixupPhase
checking for references to /private/tmp/nix-build-r-multpois-0.2.0.drv-0/ in /nix/store/2cp596dyn2jjllyabzdxfmkjhzwnskyw-r-multpois-0.2.0...
patching script interpreter paths in /nix/store/2cp596dyn2jjllyabzdxfmkjhzwnskyw-r-multpois-0.2.0
rewriting symlink /nix/store/2cp596dyn2jjllyabzdxfmkjhzwnskyw-r-multpois-0.2.0/nix-support/propagated-user-env-packages to be relative to /nix/store/2cp596dyn2jjllyabzdxfmkjhzwnskyw-r-multpois-0.2.0
