this derivation will be built:
  /nix/store/127ggljb2q13y8b4amjcrmzy2q80sd54-r-lazysql-0.1.3.drv
this path will be fetched (0.01 MiB download, 0.01 MiB unpacked):
  /nix/store/inf1bcmdxacdnkibkygjrigicfrzkc4s-lazysql_0.1.3.tar.gz
copying path '/nix/store/inf1bcmdxacdnkibkygjrigicfrzkc4s-lazysql_0.1.3.tar.gz' from 'https://cache.nixos.org'...
building '/nix/store/127ggljb2q13y8b4amjcrmzy2q80sd54-r-lazysql-0.1.3.drv'...
Running phase: unpackPhase
unpacking source archive /nix/store/inf1bcmdxacdnkibkygjrigicfrzkc4s-lazysql_0.1.3.tar.gz
source root is lazysql
setting SOURCE_DATE_EPOCH to timestamp 1457759797 of file lazysql/MD5
Running phase: patchPhase
Running phase: updateAutotoolsGnuConfigScriptsPhase
Running phase: configurePhase
Running phase: buildPhase
Running phase: checkPhase
Running phase: installPhase
* installing *source* package ‘lazysql’ ...
** package ‘lazysql’ correctement décompressé et sommes MD5 vérifiées
** using staged installation
** R
** byte-compile and prepare package for lazy loading
** help
*** installing help indices
** building package indices
** testing if installed package can be loaded from temporary location
** testing if installed package can be loaded from final location
** testing if installed package keeps a record of temporary installation path
* DONE (lazysql)
Running phase: fixupPhase
checking for references to /private/tmp/nix-build-r-lazysql-0.1.3.drv-0/ in /nix/store/2k7vf4gzi2i8m6hl3671ll5z8ysrzp9l-r-lazysql-0.1.3...
patching script interpreter paths in /nix/store/2k7vf4gzi2i8m6hl3671ll5z8ysrzp9l-r-lazysql-0.1.3
rewriting symlink /nix/store/2k7vf4gzi2i8m6hl3671ll5z8ysrzp9l-r-lazysql-0.1.3/nix-support/propagated-user-env-packages to be relative to /nix/store/2k7vf4gzi2i8m6hl3671ll5z8ysrzp9l-r-lazysql-0.1.3
