this derivation will be built:
  /nix/store/i86dm5lfhzijpfp4ci0w57yv2307x1rh-r-qst-0.1.2.drv
this path will be fetched (0.00 MiB download, 0.00 MiB unpacked):
  /nix/store/513v4wch184963wqd9m6hj0php0jw50l-qst_0.1.2.tar.gz
copying path '/nix/store/513v4wch184963wqd9m6hj0php0jw50l-qst_0.1.2.tar.gz' from 'https://cache.nixos.org'...
building '/nix/store/i86dm5lfhzijpfp4ci0w57yv2307x1rh-r-qst-0.1.2.drv'...
Running phase: unpackPhase
unpacking source archive /nix/store/513v4wch184963wqd9m6hj0php0jw50l-qst_0.1.2.tar.gz
source root is qst
setting SOURCE_DATE_EPOCH to timestamp 1605866402 of file qst/MD5
Running phase: patchPhase
Running phase: updateAutotoolsGnuConfigScriptsPhase
Running phase: configurePhase
Running phase: buildPhase
Running phase: checkPhase
Running phase: installPhase
* installing *source* package ‘qst’ ...
** package ‘qst’ correctement décompressé et sommes MD5 vérifiées
** using staged installation
** R
** byte-compile and prepare package for lazy loading
** help
*** installing help indices
** building package indices
** testing if installed package can be loaded from temporary location
** testing if installed package can be loaded from final location
** testing if installed package keeps a record of temporary installation path
* DONE (qst)
Running phase: fixupPhase
checking for references to /private/tmp/nix-build-r-qst-0.1.2.drv-0/ in /nix/store/bp9y6msz7wdy2agvsfbwvncpppag0w9n-r-qst-0.1.2...
patching script interpreter paths in /nix/store/bp9y6msz7wdy2agvsfbwvncpppag0w9n-r-qst-0.1.2
rewriting symlink /nix/store/bp9y6msz7wdy2agvsfbwvncpppag0w9n-r-qst-0.1.2/nix-support/propagated-user-env-packages to be relative to /nix/store/bp9y6msz7wdy2agvsfbwvncpppag0w9n-r-qst-0.1.2
