this derivation will be built:
  /nix/store/qyz0krjvirvr7xr5c4a60izp548kmphy-r-skylight-1.2.drv
this path will be fetched (0.21 MiB download, 0.21 MiB unpacked):
  /nix/store/s463im40ja0zi03gpim9r0xj28p3fsc5-skylight_1.2.tar.gz
copying path '/nix/store/s463im40ja0zi03gpim9r0xj28p3fsc5-skylight_1.2.tar.gz' from 'https://cache.nixos.org'...
building '/nix/store/qyz0krjvirvr7xr5c4a60izp548kmphy-r-skylight-1.2.drv'...
Running phase: unpackPhase
unpacking source archive /nix/store/s463im40ja0zi03gpim9r0xj28p3fsc5-skylight_1.2.tar.gz
source root is skylight
setting SOURCE_DATE_EPOCH to timestamp 1699110002 of file skylight/MD5
Running phase: patchPhase
Running phase: updateAutotoolsGnuConfigScriptsPhase
Running phase: configurePhase
Running phase: buildPhase
Running phase: checkPhase
Running phase: installPhase
* installing *source* package ‘skylight’ ...
** package ‘skylight’ correctement décompressé et sommes MD5 vérifiées
** using staged installation
** R
** inst
** byte-compile and prepare package for lazy loading
** help
*** installing help indices
** building package indices
** installing vignettes
** testing if installed package can be loaded from temporary location
** testing if installed package can be loaded from final location
** testing if installed package keeps a record of temporary installation path
* DONE (skylight)
Running phase: fixupPhase
checking for references to /private/tmp/nix-build-r-skylight-1.2.drv-0/ in /nix/store/as4nf5s0j11sxa369cygbbp717vf20sz-r-skylight-1.2...
patching script interpreter paths in /nix/store/as4nf5s0j11sxa369cygbbp717vf20sz-r-skylight-1.2
