this derivation will be built:
  /nix/store/wbhr5xgyar5nqsjcl9k66kmp69zjkycf-r-eph-1.0.2.drv
building '/nix/store/wbhr5xgyar5nqsjcl9k66kmp69zjkycf-r-eph-1.0.2.drv'...
Running phase: unpackPhase
unpacking source archive /nix/store/injl016xfg1lxywsdi7ygx858gx64vqb-eph_1.0.2.tar.gz
source root is eph
setting SOURCE_DATE_EPOCH to timestamp 1719157805 of file eph/MD5
Running phase: patchPhase
Running phase: updateAutotoolsGnuConfigScriptsPhase
Running phase: configurePhase
Running phase: buildPhase
Running phase: checkPhase
Running phase: installPhase
* installing *source* package ‘eph’ ...
** package ‘eph’ correctement décompressé et sommes MD5 vérifiées
** using staged installation
** R
** data
*** moving datasets to lazyload DB
** inst
** byte-compile and prepare package for lazy loading
** help
*** installing help indices
*** copying figures
** building package indices
** installing vignettes
** testing if installed package can be loaded from temporary location
** testing if installed package can be loaded from final location
** testing if installed package keeps a record of temporary installation path
* DONE (eph)
Running phase: fixupPhase
checking for references to /private/tmp/nix-build-r-eph-1.0.2.drv-0/ in /nix/store/c5a90bq9bgj42qdpsm0lbs2fw4b3m1s6-r-eph-1.0.2...
patching script interpreter paths in /nix/store/c5a90bq9bgj42qdpsm0lbs2fw4b3m1s6-r-eph-1.0.2
rewriting symlink /nix/store/c5a90bq9bgj42qdpsm0lbs2fw4b3m1s6-r-eph-1.0.2/nix-support/propagated-user-env-packages to be relative to /nix/store/c5a90bq9bgj42qdpsm0lbs2fw4b3m1s6-r-eph-1.0.2
