this derivation will be built:
  /nix/store/fa5ag1f938rfskjsxy535wk0bccssn4y-r-portsort-0.1.0.drv
this path will be fetched (0.50 MiB download, 0.50 MiB unpacked):
  /nix/store/9f1mhgwsm6b11mk9hl81vqjayp1i4cpx-portsort_0.1.0.tar.gz
copying path '/nix/store/9f1mhgwsm6b11mk9hl81vqjayp1i4cpx-portsort_0.1.0.tar.gz' from 'https://cache.nixos.org'...
building '/nix/store/fa5ag1f938rfskjsxy535wk0bccssn4y-r-portsort-0.1.0.drv'...
Running phase: unpackPhase
unpacking source archive /nix/store/9f1mhgwsm6b11mk9hl81vqjayp1i4cpx-portsort_0.1.0.tar.gz
source root is portsort
setting SOURCE_DATE_EPOCH to timestamp 1538322603 of file portsort/MD5
Running phase: patchPhase
Running phase: updateAutotoolsGnuConfigScriptsPhase
Running phase: configurePhase
Running phase: buildPhase
Running phase: checkPhase
Running phase: installPhase
* installing *source* package ‘portsort’ ...
** package ‘portsort’ correctement décompressé et sommes MD5 vérifiées
** using staged installation
** R
** data
*** moving datasets to lazyload DB
** inst
** byte-compile and prepare package for lazy loading
** help
*** installing help indices
** building package indices
** installing vignettes
** testing if installed package can be loaded from temporary location
** testing if installed package can be loaded from final location
** testing if installed package keeps a record of temporary installation path
* DONE (portsort)
Running phase: fixupPhase
checking for references to /private/tmp/nix-build-r-portsort-0.1.0.drv-0/ in /nix/store/gb7fa85zyvj0gs86k6n681kdmsh1dqn8-r-portsort-0.1.0...
patching script interpreter paths in /nix/store/gb7fa85zyvj0gs86k6n681kdmsh1dqn8-r-portsort-0.1.0
rewriting symlink /nix/store/gb7fa85zyvj0gs86k6n681kdmsh1dqn8-r-portsort-0.1.0/nix-support/propagated-user-env-packages to be relative to /nix/store/gb7fa85zyvj0gs86k6n681kdmsh1dqn8-r-portsort-0.1.0
