this derivation will be built:
  /nix/store/yw20jh79indk1xbamhqxi8d8msz472bm-r-simTargetCov-1.0.1.drv
this path will be fetched (0.00 MiB download, 0.00 MiB unpacked):
  /nix/store/8rscksyp9dw0kqxwxsg5fydhwsm3bwm4-simTargetCov_1.0.1.tar.gz
copying path '/nix/store/8rscksyp9dw0kqxwxsg5fydhwsm3bwm4-simTargetCov_1.0.1.tar.gz' from 'https://cache.nixos.org'...
building '/nix/store/yw20jh79indk1xbamhqxi8d8msz472bm-r-simTargetCov-1.0.1.drv'...
Running phase: unpackPhase
unpacking source archive /nix/store/8rscksyp9dw0kqxwxsg5fydhwsm3bwm4-simTargetCov_1.0.1.tar.gz
source root is simTargetCov
setting SOURCE_DATE_EPOCH to timestamp 1580929202 of file simTargetCov/MD5
Running phase: patchPhase
Running phase: updateAutotoolsGnuConfigScriptsPhase
Running phase: configurePhase
Running phase: buildPhase
Running phase: checkPhase
Running phase: installPhase
* installing *source* package ‘simTargetCov’ ...
** package ‘simTargetCov’ correctement décompressé et sommes MD5 vérifiées
** using staged installation
** R
** byte-compile and prepare package for lazy loading
** help
*** installing help indices
** building package indices
** testing if installed package can be loaded from temporary location
** testing if installed package can be loaded from final location
** testing if installed package keeps a record of temporary installation path
* DONE (simTargetCov)
Running phase: fixupPhase
checking for references to /private/tmp/nix-build-r-simTargetCov-1.0.1.drv-0/ in /nix/store/pn5zbsxj31x7rb6x5lpcb9bj6203k59g-r-simTargetCov-1.0.1...
patching script interpreter paths in /nix/store/pn5zbsxj31x7rb6x5lpcb9bj6203k59g-r-simTargetCov-1.0.1
rewriting symlink /nix/store/pn5zbsxj31x7rb6x5lpcb9bj6203k59g-r-simTargetCov-1.0.1/nix-support/propagated-user-env-packages to be relative to /nix/store/pn5zbsxj31x7rb6x5lpcb9bj6203k59g-r-simTargetCov-1.0.1
