this derivation will be built:
  /nix/store/0x8fiy9662my380in35n8xsqgskg2y8f-r-SpatGC-0.1.0.drv
this path will be fetched (0.07 MiB download, 0.07 MiB unpacked):
  /nix/store/lkrr7sw1csw8is1wxm2g17gyz3gwsn89-SpatGC_0.1.0.tar.gz
copying path '/nix/store/lkrr7sw1csw8is1wxm2g17gyz3gwsn89-SpatGC_0.1.0.tar.gz' from 'https://cache.nixos.org'...
building '/nix/store/0x8fiy9662my380in35n8xsqgskg2y8f-r-SpatGC-0.1.0.drv'...
Running phase: unpackPhase
unpacking source archive /nix/store/lkrr7sw1csw8is1wxm2g17gyz3gwsn89-SpatGC_0.1.0.tar.gz
source root is SpatGC
setting SOURCE_DATE_EPOCH to timestamp 1714059605 of file SpatGC/MD5
Running phase: patchPhase
Running phase: updateAutotoolsGnuConfigScriptsPhase
Running phase: configurePhase
Running phase: buildPhase
Running phase: checkPhase
Running phase: installPhase
* installing *source* package ‘SpatGC’ ...
** package ‘SpatGC’ correctement décompressé et sommes MD5 vérifiées
** using staged installation
** R
** byte-compile and prepare package for lazy loading
** help
*** installing help indices
** building package indices
** testing if installed package can be loaded from temporary location
** testing if installed package can be loaded from final location
** testing if installed package keeps a record of temporary installation path
* DONE (SpatGC)
Running phase: fixupPhase
checking for references to /private/tmp/nix-build-r-SpatGC-0.1.0.drv-0/ in /nix/store/smz3rwfsv58ch2ml2r0pmxwmknv8ggd6-r-SpatGC-0.1.0...
patching script interpreter paths in /nix/store/smz3rwfsv58ch2ml2r0pmxwmknv8ggd6-r-SpatGC-0.1.0
rewriting symlink /nix/store/smz3rwfsv58ch2ml2r0pmxwmknv8ggd6-r-SpatGC-0.1.0/nix-support/propagated-user-env-packages to be relative to /nix/store/smz3rwfsv58ch2ml2r0pmxwmknv8ggd6-r-SpatGC-0.1.0
