this derivation will be built:
  /nix/store/kisxkymm1am2slnlg432w6633swkl7if-r-hashr-0.1.4.drv
this path will be fetched (0.01 MiB download, 0.01 MiB unpacked):
  /nix/store/5vgh9ga0p719p41xnfibjilirq44b7af-hashr_0.1.4.tar.gz
copying path '/nix/store/5vgh9ga0p719p41xnfibjilirq44b7af-hashr_0.1.4.tar.gz' from 'https://cache.nixos.org'...
building '/nix/store/kisxkymm1am2slnlg432w6633swkl7if-r-hashr-0.1.4.drv'...
Running phase: unpackPhase
unpacking source archive /nix/store/5vgh9ga0p719p41xnfibjilirq44b7af-hashr_0.1.4.tar.gz
source root is hashr
setting SOURCE_DATE_EPOCH to timestamp 1630567802 of file hashr/MD5
Running phase: patchPhase
Running phase: updateAutotoolsGnuConfigScriptsPhase
Running phase: configurePhase
Running phase: buildPhase
Running phase: checkPhase
Running phase: installPhase
* installing *source* package ‘hashr’ ...
** package ‘hashr’ correctement décompressé et sommes MD5 vérifiées
** using staged installation
** libs
using C compiler: ‘clang version 16.0.6’
using SDK: ‘’
/nix/store/v39c0h6xv6hvki2k1bsyp5n090q8y2bp-clang-wrapper-16.0.6/bin/cc -I"/nix/store/lir8rmsk7dxbj7v1spqmv69z4mafg16l-R-4.4.2/lib/R/include" -DNDEBUG   -isystem /nix/store/0mmz5i705116bfykc7i1r9jxqwyghj2a-libcxx-16.0.6-dev/include/c++/v1    -fPIC  -g -O2  -c R_hash.c -o R_hash.o
/nix/store/v39c0h6xv6hvki2k1bsyp5n090q8y2bp-clang-wrapper-16.0.6/bin/cc -I"/nix/store/lir8rmsk7dxbj7v1spqmv69z4mafg16l-R-4.4.2/lib/R/include" -DNDEBUG   -isystem /nix/store/0mmz5i705116bfykc7i1r9jxqwyghj2a-libcxx-16.0.6-dev/include/c++/v1    -fPIC  -g -O2  -c R_register_native.c -o R_register_native.o
/nix/store/v39c0h6xv6hvki2k1bsyp5n090q8y2bp-clang-wrapper-16.0.6/bin/cc -I"/nix/store/lir8rmsk7dxbj7v1spqmv69z4mafg16l-R-4.4.2/lib/R/include" -DNDEBUG   -isystem /nix/store/0mmz5i705116bfykc7i1r9jxqwyghj2a-libcxx-16.0.6-dev/include/c++/v1    -fPIC  -g -O2  -c sfh.c -o sfh.o
/nix/store/v39c0h6xv6hvki2k1bsyp5n090q8y2bp-clang-wrapper-16.0.6/bin/cc -dynamiclib -Wl,-headerpad_max_install_names -undefined dynamic_lookup -L/nix/store/lir8rmsk7dxbj7v1spqmv69z4mafg16l-R-4.4.2/lib/R/lib -L/nix/store/88xkgzh5g9xppsg3hdxxxh9q43rnxk6k-libcxx-16.0.6/lib -o hashr.so R_hash.o R_register_native.o sfh.o -L/nix/store/lir8rmsk7dxbj7v1spqmv69z4mafg16l-R-4.4.2/lib/R/lib -lR -lintl -Wl,-framework -Wl,CoreFoundation
installing to /nix/store/f8jc054alxji0i4c7by91bwxn6rri0g8-r-hashr-0.1.4/library/00LOCK-hashr/00new/hashr/libs
** R
** inst
** byte-compile and prepare package for lazy loading
** help
*** installing help indices
** building package indices
** testing if installed package can be loaded from temporary location
** checking absolute paths in shared objects and dynamic libraries
** testing if installed package can be loaded from final location
** testing if installed package keeps a record of temporary installation path
* DONE (hashr)
Running phase: fixupPhase
checking for references to /private/tmp/nix-build-r-hashr-0.1.4.drv-0/ in /nix/store/f8jc054alxji0i4c7by91bwxn6rri0g8-r-hashr-0.1.4...
patching script interpreter paths in /nix/store/f8jc054alxji0i4c7by91bwxn6rri0g8-r-hashr-0.1.4
