this derivation will be built:
  /nix/store/a8r45jc22x5y8im67nlg20b36jwd7zkw-r-ShiftShareSE-1.1.0.drv
this path will be fetched (1.45 MiB download, 1.45 MiB unpacked):
  /nix/store/0rhd5i1gxlqyc9672jk63ylaq55h7jix-ShiftShareSE_1.1.0.tar.gz
copying path '/nix/store/0rhd5i1gxlqyc9672jk63ylaq55h7jix-ShiftShareSE_1.1.0.tar.gz' from 'https://cache.nixos.org'...
building '/nix/store/a8r45jc22x5y8im67nlg20b36jwd7zkw-r-ShiftShareSE-1.1.0.drv'...
Running phase: unpackPhase
unpacking source archive /nix/store/0rhd5i1gxlqyc9672jk63ylaq55h7jix-ShiftShareSE_1.1.0.tar.gz
source root is ShiftShareSE
setting SOURCE_DATE_EPOCH to timestamp 1650769210 of file ShiftShareSE/MD5
Running phase: patchPhase
Running phase: updateAutotoolsGnuConfigScriptsPhase
Running phase: configurePhase
Running phase: buildPhase
Running phase: checkPhase
Running phase: installPhase
* installing *source* package ‘ShiftShareSE’ ...
** package ‘ShiftShareSE’ correctement décompressé et sommes MD5 vérifiées
** using staged installation
** R
** data
*** moving datasets to lazyload DB
** inst
** byte-compile and prepare package for lazy loading
** help
*** installing help indices
** building package indices
** installing vignettes
** testing if installed package can be loaded from temporary location
** testing if installed package can be loaded from final location
** testing if installed package keeps a record of temporary installation path
* DONE (ShiftShareSE)
Running phase: fixupPhase
checking for references to /private/tmp/nix-build-r-ShiftShareSE-1.1.0.drv-0/ in /nix/store/3mvbkhx1afrx7v8k5gwq6n6djf07jsw7-r-ShiftShareSE-1.1.0...
patching script interpreter paths in /nix/store/3mvbkhx1afrx7v8k5gwq6n6djf07jsw7-r-ShiftShareSE-1.1.0
rewriting symlink /nix/store/3mvbkhx1afrx7v8k5gwq6n6djf07jsw7-r-ShiftShareSE-1.1.0/nix-support/propagated-user-env-packages to be relative to /nix/store/3mvbkhx1afrx7v8k5gwq6n6djf07jsw7-r-ShiftShareSE-1.1.0
