this derivation will be built:
  /nix/store/d1ccmwij25i4s08sm76hf7fl1fa7rjia-r-samplesizeCMH-0.0.3.drv
this path will be fetched (0.07 MiB download, 0.07 MiB unpacked):
  /nix/store/rvjlpspsn9v0iwfd1p57cd0zmbmn8j2w-samplesizeCMH_0.0.3.tar.gz
copying path '/nix/store/rvjlpspsn9v0iwfd1p57cd0zmbmn8j2w-samplesizeCMH_0.0.3.tar.gz' from 'https://cache.nixos.org'...
building '/nix/store/d1ccmwij25i4s08sm76hf7fl1fa7rjia-r-samplesizeCMH-0.0.3.drv'...
Running phase: unpackPhase
unpacking source archive /nix/store/rvjlpspsn9v0iwfd1p57cd0zmbmn8j2w-samplesizeCMH_0.0.3.tar.gz
source root is samplesizeCMH
setting SOURCE_DATE_EPOCH to timestamp 1702353603 of file samplesizeCMH/MD5
Running phase: patchPhase
Running phase: updateAutotoolsGnuConfigScriptsPhase
Running phase: configurePhase
Running phase: buildPhase
Running phase: checkPhase
Running phase: installPhase
* installing *source* package ‘samplesizeCMH’ ...
** package ‘samplesizeCMH’ correctement décompressé et sommes MD5 vérifiées
** using staged installation
** R
** data
*** moving datasets to lazyload DB
** inst
** byte-compile and prepare package for lazy loading
** help
*** installing help indices
** building package indices
** installing vignettes
** testing if installed package can be loaded from temporary location
** testing if installed package can be loaded from final location
** testing if installed package keeps a record of temporary installation path
* DONE (samplesizeCMH)
Running phase: fixupPhase
checking for references to /private/tmp/nix-build-r-samplesizeCMH-0.0.3.drv-0/ in /nix/store/36zjwpbc8rk9z0psclyi0x7s6wpz3rgm-r-samplesizeCMH-0.0.3...
patching script interpreter paths in /nix/store/36zjwpbc8rk9z0psclyi0x7s6wpz3rgm-r-samplesizeCMH-0.0.3
