this derivation will be built:
  /nix/store/kqafy4dk4k0mbx11qm8b0fbkni8560i4-r-lcpm-0.1.1.drv
this path will be fetched (0.01 MiB download, 0.01 MiB unpacked):
  /nix/store/1kq05wr984z5gp3fhsmdn3nf1975f688-lcpm_0.1.1.tar.gz
copying path '/nix/store/1kq05wr984z5gp3fhsmdn3nf1975f688-lcpm_0.1.1.tar.gz' from 'https://cache.nixos.org'...
building '/nix/store/kqafy4dk4k0mbx11qm8b0fbkni8560i4-r-lcpm-0.1.1.drv'...
Running phase: unpackPhase
unpacking source archive /nix/store/1kq05wr984z5gp3fhsmdn3nf1975f688-lcpm_0.1.1.tar.gz
source root is lcpm
setting SOURCE_DATE_EPOCH to timestamp 1578553802 of file lcpm/MD5
Running phase: patchPhase
Running phase: updateAutotoolsGnuConfigScriptsPhase
Running phase: configurePhase
Running phase: buildPhase
Running phase: checkPhase
Running phase: installPhase
* installing *source* package ‘lcpm’ ...
** package ‘lcpm’ correctement décompressé et sommes MD5 vérifiées
** using staged installation
** R
** byte-compile and prepare package for lazy loading
** help
*** installing help indices
** building package indices
** testing if installed package can be loaded from temporary location
** testing if installed package can be loaded from final location
** testing if installed package keeps a record of temporary installation path
* DONE (lcpm)
Running phase: fixupPhase
checking for references to /private/tmp/nix-build-r-lcpm-0.1.1.drv-0/ in /nix/store/3pc7g0jylvzg79y9li5ar1i5g9dyyc52-r-lcpm-0.1.1...
patching script interpreter paths in /nix/store/3pc7g0jylvzg79y9li5ar1i5g9dyyc52-r-lcpm-0.1.1
rewriting symlink /nix/store/3pc7g0jylvzg79y9li5ar1i5g9dyyc52-r-lcpm-0.1.1/nix-support/propagated-user-env-packages to be relative to /nix/store/3pc7g0jylvzg79y9li5ar1i5g9dyyc52-r-lcpm-0.1.1
