this derivation will be built:
  /nix/store/8al2jclyh3igjmwgqnsrqpxh8wsa9mjy-r-pyramid-1.5.drv
this path will be fetched (0.01 MiB download, 0.01 MiB unpacked):
  /nix/store/wi0bh9q1iqd80dwyc39jkr3avd3y2cip-pyramid_1.5.tar.gz
copying path '/nix/store/wi0bh9q1iqd80dwyc39jkr3avd3y2cip-pyramid_1.5.tar.gz' from 'https://cache.nixos.org'...
building '/nix/store/8al2jclyh3igjmwgqnsrqpxh8wsa9mjy-r-pyramid-1.5.drv'...
Running phase: unpackPhase
unpacking source archive /nix/store/wi0bh9q1iqd80dwyc39jkr3avd3y2cip-pyramid_1.5.tar.gz
source root is pyramid
setting SOURCE_DATE_EPOCH to timestamp 1563166203 of file pyramid/MD5
Running phase: patchPhase
Running phase: updateAutotoolsGnuConfigScriptsPhase
Running phase: configurePhase
Running phase: buildPhase
Running phase: checkPhase
Running phase: installPhase
* installing *source* package ‘pyramid’ ...
** package ‘pyramid’ correctement décompressé et sommes MD5 vérifiées
** using staged installation
** R
** byte-compile and prepare package for lazy loading
** help
*** installing help indices
** building package indices
** testing if installed package can be loaded from temporary location
** testing if installed package can be loaded from final location
** testing if installed package keeps a record of temporary installation path
* DONE (pyramid)
Running phase: fixupPhase
checking for references to /private/tmp/nix-build-r-pyramid-1.5.drv-0/ in /nix/store/hppzwsj23pqs3d99pxdh8zpmk8jiz0pi-r-pyramid-1.5...
patching script interpreter paths in /nix/store/hppzwsj23pqs3d99pxdh8zpmk8jiz0pi-r-pyramid-1.5
