this derivation will be built:
  /nix/store/7ars8mlbaacjb0jgg804hxvnar4b4638-r-modelfactory-1.0.0.drv
this path will be fetched (0.01 MiB download, 0.01 MiB unpacked):
  /nix/store/nf2chyb20pdk32m3k4sijdargff09g1f-modelfactory_1.0.0.tar.gz
copying path '/nix/store/nf2chyb20pdk32m3k4sijdargff09g1f-modelfactory_1.0.0.tar.gz' from 'https://cache.nixos.org'...
building '/nix/store/7ars8mlbaacjb0jgg804hxvnar4b4638-r-modelfactory-1.0.0.drv'...
Running phase: unpackPhase
unpacking source archive /nix/store/nf2chyb20pdk32m3k4sijdargff09g1f-modelfactory_1.0.0.tar.gz
source root is modelfactory
setting SOURCE_DATE_EPOCH to timestamp 1706712006 of file modelfactory/MD5
Running phase: patchPhase
Running phase: updateAutotoolsGnuConfigScriptsPhase
Running phase: configurePhase
Running phase: buildPhase
Running phase: checkPhase
Running phase: installPhase
* installing *source* package ‘modelfactory’ ...
** package ‘modelfactory’ correctement décompressé et sommes MD5 vérifiées
** using staged installation
** R
** byte-compile and prepare package for lazy loading
** help
*** installing help indices
** building package indices
** testing if installed package can be loaded from temporary location
** testing if installed package can be loaded from final location
** testing if installed package keeps a record of temporary installation path
* DONE (modelfactory)
Running phase: fixupPhase
checking for references to /private/tmp/nix-build-r-modelfactory-1.0.0.drv-0/ in /nix/store/sj2d3gipyzpgm3x1vpdpw2jbs375f8dw-r-modelfactory-1.0.0...
patching script interpreter paths in /nix/store/sj2d3gipyzpgm3x1vpdpw2jbs375f8dw-r-modelfactory-1.0.0
rewriting symlink /nix/store/sj2d3gipyzpgm3x1vpdpw2jbs375f8dw-r-modelfactory-1.0.0/nix-support/propagated-user-env-packages to be relative to /nix/store/sj2d3gipyzpgm3x1vpdpw2jbs375f8dw-r-modelfactory-1.0.0
