this derivation will be built:
  /nix/store/8097dmc9fjmdgvkywz19qsj8zhnc9jh9-r-tsviz-0.1.0.drv
this path will be fetched (0.88 MiB download, 0.88 MiB unpacked):
  /nix/store/nahbg1bl7azwlpg07xr45cg7jx9jpjmi-tsviz_0.1.0.tar.gz
copying path '/nix/store/nahbg1bl7azwlpg07xr45cg7jx9jpjmi-tsviz_0.1.0.tar.gz' from 'https://cache.nixos.org'...
building '/nix/store/8097dmc9fjmdgvkywz19qsj8zhnc9jh9-r-tsviz-0.1.0.drv'...
Running phase: unpackPhase
unpacking source archive /nix/store/nahbg1bl7azwlpg07xr45cg7jx9jpjmi-tsviz_0.1.0.tar.gz
source root is tsviz
setting SOURCE_DATE_EPOCH to timestamp 1564138202 of file tsviz/MD5
Running phase: patchPhase
Running phase: updateAutotoolsGnuConfigScriptsPhase
Running phase: configurePhase
Running phase: buildPhase
Running phase: checkPhase
Running phase: installPhase
* installing *source* package ‘tsviz’ ...
** package ‘tsviz’ correctement décompressé et sommes MD5 vérifiées
** using staged installation
** R
** data
*** moving datasets to lazyload DB
** inst
** byte-compile and prepare package for lazy loading
** help
*** installing help indices
*** copying figures
** building package indices
** testing if installed package can be loaded from temporary location
** testing if installed package can be loaded from final location
** testing if installed package keeps a record of temporary installation path
* DONE (tsviz)
Running phase: fixupPhase
checking for references to /private/tmp/nix-build-r-tsviz-0.1.0.drv-0/ in /nix/store/y3ib58mrrqx0cfplh16hq2dyddjbgmbq-r-tsviz-0.1.0...
patching script interpreter paths in /nix/store/y3ib58mrrqx0cfplh16hq2dyddjbgmbq-r-tsviz-0.1.0
rewriting symlink /nix/store/y3ib58mrrqx0cfplh16hq2dyddjbgmbq-r-tsviz-0.1.0/nix-support/propagated-user-env-packages to be relative to /nix/store/y3ib58mrrqx0cfplh16hq2dyddjbgmbq-r-tsviz-0.1.0
