this derivation will be built:
  /nix/store/kjp049nl2k4d4v1jkr8s8p77lyw84qsa-r-SimilarityMeasures-1.4.drv
this path will be fetched (0.01 MiB download, 0.01 MiB unpacked):
  /nix/store/dw5j28i07jxfqmanzhvrbd0vq99qkfhh-SimilarityMeasures_1.4.tar.gz
copying path '/nix/store/dw5j28i07jxfqmanzhvrbd0vq99qkfhh-SimilarityMeasures_1.4.tar.gz' from 'https://cache.nixos.org'...
building '/nix/store/kjp049nl2k4d4v1jkr8s8p77lyw84qsa-r-SimilarityMeasures-1.4.drv'...
Running phase: unpackPhase
unpacking source archive /nix/store/dw5j28i07jxfqmanzhvrbd0vq99qkfhh-SimilarityMeasures_1.4.tar.gz
source root is SimilarityMeasures
setting SOURCE_DATE_EPOCH to timestamp 1423199961 of file SimilarityMeasures/MD5
Running phase: patchPhase
Running phase: updateAutotoolsGnuConfigScriptsPhase
Running phase: configurePhase
Running phase: buildPhase
Running phase: checkPhase
Running phase: installPhase
* installing *source* package ‘SimilarityMeasures’ ...
** package ‘SimilarityMeasures’ correctement décompressé et sommes MD5 vérifiées
** using staged installation
** R
** byte-compile and prepare package for lazy loading
** help
*** installing help indices
** building package indices
** testing if installed package can be loaded from temporary location
** testing if installed package can be loaded from final location
** testing if installed package keeps a record of temporary installation path
* DONE (SimilarityMeasures)
Running phase: fixupPhase
checking for references to /private/tmp/nix-build-r-SimilarityMeasures-1.4.drv-0/ in /nix/store/c564q4r2gxnjdxiswqg3qyrmplzr0lfn-r-SimilarityMeasures-1.4...
patching script interpreter paths in /nix/store/c564q4r2gxnjdxiswqg3qyrmplzr0lfn-r-SimilarityMeasures-1.4
