this derivation will be built:
  /nix/store/djdrnmg9kzjzjcrignbbjykz78mqadzs-r-xrf-0.2.2.drv
this path will be fetched (0.02 MiB download, 0.02 MiB unpacked):
  /nix/store/1a6l6974vb4v6kskwkrkzxfs6w51z0sb-xrf_0.2.2.tar.gz
copying path '/nix/store/1a6l6974vb4v6kskwkrkzxfs6w51z0sb-xrf_0.2.2.tar.gz' from 'https://cache.nixos.org'...
building '/nix/store/djdrnmg9kzjzjcrignbbjykz78mqadzs-r-xrf-0.2.2.drv'...
Running phase: unpackPhase
unpacking source archive /nix/store/1a6l6974vb4v6kskwkrkzxfs6w51z0sb-xrf_0.2.2.tar.gz
source root is xrf
setting SOURCE_DATE_EPOCH to timestamp 1664863202 of file xrf/MD5
Running phase: patchPhase
Running phase: updateAutotoolsGnuConfigScriptsPhase
Running phase: configurePhase
Running phase: buildPhase
Running phase: checkPhase
Running phase: installPhase
* installing *source* package ‘xrf’ ...
** package ‘xrf’ correctement décompressé et sommes MD5 vérifiées
** using staged installation
** R
** byte-compile and prepare package for lazy loading
** help
*** installing help indices
** building package indices
** testing if installed package can be loaded from temporary location
** testing if installed package can be loaded from final location
** testing if installed package keeps a record of temporary installation path
* DONE (xrf)
Running phase: fixupPhase
checking for references to /private/tmp/nix-build-r-xrf-0.2.2.drv-0/ in /nix/store/q2kmvhy8dz3vbwk1ds6f4g0433g97b4y-r-xrf-0.2.2...
patching script interpreter paths in /nix/store/q2kmvhy8dz3vbwk1ds6f4g0433g97b4y-r-xrf-0.2.2
rewriting symlink /nix/store/q2kmvhy8dz3vbwk1ds6f4g0433g97b4y-r-xrf-0.2.2/nix-support/propagated-user-env-packages to be relative to /nix/store/q2kmvhy8dz3vbwk1ds6f4g0433g97b4y-r-xrf-0.2.2
