this derivation will be built:
  /nix/store/bdbhn8si7nhs4qd3p3wiml9487x6dx2w-r-tmt-0.3.4-0.drv
this path will be fetched (0.72 MiB download, 0.72 MiB unpacked):
  /nix/store/9c0m8f6rcq7wd1y2shdmxhzsgzryms1z-tmt_0.3.4-0.tar.gz
copying path '/nix/store/9c0m8f6rcq7wd1y2shdmxhzsgzryms1z-tmt_0.3.4-0.tar.gz' from 'https://cache.nixos.org'...
building '/nix/store/bdbhn8si7nhs4qd3p3wiml9487x6dx2w-r-tmt-0.3.4-0.drv'...
Running phase: unpackPhase
unpacking source archive /nix/store/9c0m8f6rcq7wd1y2shdmxhzsgzryms1z-tmt_0.3.4-0.tar.gz
source root is tmt
setting SOURCE_DATE_EPOCH to timestamp 1714748402 of file tmt/MD5
Running phase: patchPhase
Running phase: updateAutotoolsGnuConfigScriptsPhase
Running phase: configurePhase
Running phase: buildPhase
Running phase: checkPhase
Running phase: installPhase
* installing *source* package ‘tmt’ ...
** package ‘tmt’ correctement décompressé et sommes MD5 vérifiées
** using staged installation
** libs
using C++ compiler: ‘clang version 16.0.6’
using SDK: ‘’
/nix/store/v39c0h6xv6hvki2k1bsyp5n090q8y2bp-clang-wrapper-16.0.6/bin/c++ -std=gnu++17 -I"/nix/store/lir8rmsk7dxbj7v1spqmv69z4mafg16l-R-4.4.2/lib/R/include" -DNDEBUG  -I'/nix/store/da7yi2xf3argx9hlnn3f0k95b8y1yx2l-r-Rcpp-1.0.13-1/library/Rcpp/include' -isystem /nix/store/0mmz5i705116bfykc7i1r9jxqwyghj2a-libcxx-16.0.6-dev/include/c++/v1    -fPIC  -g -O2   -c RcppExports.cpp -o RcppExports.o
/nix/store/v39c0h6xv6hvki2k1bsyp5n090q8y2bp-clang-wrapper-16.0.6/bin/c++ -std=gnu++17 -I"/nix/store/lir8rmsk7dxbj7v1spqmv69z4mafg16l-R-4.4.2/lib/R/include" -DNDEBUG  -I'/nix/store/da7yi2xf3argx9hlnn3f0k95b8y1yx2l-r-Rcpp-1.0.13-1/library/Rcpp/include' -isystem /nix/store/0mmz5i705116bfykc7i1r9jxqwyghj2a-libcxx-16.0.6-dev/include/c++/v1    -fPIC  -g -O2   -c esf_mst_sum_vector.cpp -o esf_mst_sum_vector.o
/nix/store/v39c0h6xv6hvki2k1bsyp5n090q8y2bp-clang-wrapper-16.0.6/bin/c++ -std=gnu++17 -I"/nix/store/lir8rmsk7dxbj7v1spqmv69z4mafg16l-R-4.4.2/lib/R/include" -DNDEBUG  -I'/nix/store/da7yi2xf3argx9hlnn3f0k95b8y1yx2l-r-Rcpp-1.0.13-1/library/Rcpp/include' -isystem /nix/store/0mmz5i705116bfykc7i1r9jxqwyghj2a-libcxx-16.0.6-dev/include/c++/v1    -fPIC  -g -O2   -c esf_nmst_sum_matrix.cpp -o esf_nmst_sum_matrix.o
/nix/store/v39c0h6xv6hvki2k1bsyp5n090q8y2bp-clang-wrapper-16.0.6/bin/c++ -std=gnu++17 -dynamiclib -Wl,-headerpad_max_install_names -undefined dynamic_lookup -L/nix/store/lir8rmsk7dxbj7v1spqmv69z4mafg16l-R-4.4.2/lib/R/lib -L/nix/store/88xkgzh5g9xppsg3hdxxxh9q43rnxk6k-libcxx-16.0.6/lib -o tmt.so RcppExports.o esf_mst_sum_vector.o esf_nmst_sum_matrix.o -L/nix/store/lir8rmsk7dxbj7v1spqmv69z4mafg16l-R-4.4.2/lib/R/lib -lR -lintl -Wl,-framework -Wl,CoreFoundation
installing to /nix/store/5pdpj691x6rjc79n15vq6hai0c5yqjw2-r-tmt-0.3.4-0/library/00LOCK-tmt/00new/tmt/libs
** R
** inst
** byte-compile and prepare package for lazy loading
** help
*** installing help indices
*** copying figures
** building package indices
** installing vignettes
** testing if installed package can be loaded from temporary location
** checking absolute paths in shared objects and dynamic libraries
** testing if installed package can be loaded from final location
** testing if installed package keeps a record of temporary installation path
* DONE (tmt)
Running phase: fixupPhase
checking for references to /private/tmp/nix-build-r-tmt-0.3.4-0.drv-0/ in /nix/store/5pdpj691x6rjc79n15vq6hai0c5yqjw2-r-tmt-0.3.4-0...
patching script interpreter paths in /nix/store/5pdpj691x6rjc79n15vq6hai0c5yqjw2-r-tmt-0.3.4-0
rewriting symlink /nix/store/5pdpj691x6rjc79n15vq6hai0c5yqjw2-r-tmt-0.3.4-0/nix-support/propagated-user-env-packages to be relative to /nix/store/5pdpj691x6rjc79n15vq6hai0c5yqjw2-r-tmt-0.3.4-0
