these 2 derivations will be built:
  /nix/store/pk2k7n6822zzy8fba35n4p6navphr6bz-nflplotR_1.4.0.tar.gz.drv
  /nix/store/lrdml3kslc0r8gfcc8ilrz83i96494vs-r-nflplotR-1.4.0.drv
building '/nix/store/pk2k7n6822zzy8fba35n4p6navphr6bz-nflplotR_1.4.0.tar.gz.drv'...

trying https://cran.r-project.org/src/contrib/nflplotR_1.4.0.tar.gz
  % Total    % Received % Xferd  Average Speed   Time    Time     Time  Current
                                 Dload  Upload   Total   Spent    Left  Speed
100 4277k  100 4277k    0     0  6182k      0 --:--:-- --:--:-- --:--:-- 6180k
building '/nix/store/lrdml3kslc0r8gfcc8ilrz83i96494vs-r-nflplotR-1.4.0.drv'...
Running phase: unpackPhase
unpacking source archive /nix/store/17077vaimhw517kglbnaak00hkw9c5yn-nflplotR_1.4.0.tar.gz
source root is nflplotR
setting SOURCE_DATE_EPOCH to timestamp 1724242802 of file nflplotR/MD5
Running phase: patchPhase
Running phase: updateAutotoolsGnuConfigScriptsPhase
Running phase: configurePhase
Running phase: buildPhase
Running phase: checkPhase
Running phase: installPhase
* installing *source* package ‘nflplotR’ ...
** package ‘nflplotR’ correctement décompressé et sommes MD5 vérifiées
** using staged installation
** R
** byte-compile and prepare package for lazy loading
** help
*** installing help indices
*** copying figures
** building package indices
** testing if installed package can be loaded from temporary location
** testing if installed package can be loaded from final location
** testing if installed package keeps a record of temporary installation path
* DONE (nflplotR)
Running phase: fixupPhase
checking for references to /private/tmp/nix-build-r-nflplotR-1.4.0.drv-0/ in /nix/store/lf00dn07vcmvk64pxjq5mz7xf0hkhaq0-r-nflplotR-1.4.0...
patching script interpreter paths in /nix/store/lf00dn07vcmvk64pxjq5mz7xf0hkhaq0-r-nflplotR-1.4.0
rewriting symlink /nix/store/lf00dn07vcmvk64pxjq5mz7xf0hkhaq0-r-nflplotR-1.4.0/nix-support/propagated-user-env-packages to be relative to /nix/store/lf00dn07vcmvk64pxjq5mz7xf0hkhaq0-r-nflplotR-1.4.0
