this derivation will be built:
  /nix/store/wwz8xamijmrcaxh8av209n6gvh8bjchs-r-owd-1.0.6.drv
this path will be fetched (0.00 MiB download, 0.00 MiB unpacked):
  /nix/store/vk98d7k07ddap504smyrdcagkd989v4h-owd_1.0.6.tar.gz
copying path '/nix/store/vk98d7k07ddap504smyrdcagkd989v4h-owd_1.0.6.tar.gz' from 'https://cache.nixos.org'...
building '/nix/store/wwz8xamijmrcaxh8av209n6gvh8bjchs-r-owd-1.0.6.drv'...
Running phase: unpackPhase
unpacking source archive /nix/store/vk98d7k07ddap504smyrdcagkd989v4h-owd_1.0.6.tar.gz
source root is owd
setting SOURCE_DATE_EPOCH to timestamp 1596620403 of file owd/MD5
Running phase: patchPhase
Running phase: updateAutotoolsGnuConfigScriptsPhase
Running phase: configurePhase
Running phase: buildPhase
Running phase: checkPhase
Running phase: installPhase
* installing *source* package ‘owd’ ...
** package ‘owd’ correctement décompressé et sommes MD5 vérifiées
** using staged installation
** R
** inst
** byte-compile and prepare package for lazy loading
** help
*** installing help indices
** building package indices
** testing if installed package can be loaded from temporary location
** testing if installed package can be loaded from final location
** testing if installed package keeps a record of temporary installation path
* DONE (owd)
Running phase: fixupPhase
checking for references to /private/tmp/nix-build-r-owd-1.0.6.drv-0/ in /nix/store/ssb63iym3rpj9mkjdx65bwv3bmnms9rz-r-owd-1.0.6...
patching script interpreter paths in /nix/store/ssb63iym3rpj9mkjdx65bwv3bmnms9rz-r-owd-1.0.6
