this derivation will be built:
  /nix/store/0iivyfw9lbjazjfgpvvmh6mlgnspyrcq-r-mlbstats-0.1.0.drv
this path will be fetched (0.01 MiB download, 0.01 MiB unpacked):
  /nix/store/0fhjh8rx7ya052wy7i7wn2i0rwsmms5y-mlbstats_0.1.0.tar.gz
copying path '/nix/store/0fhjh8rx7ya052wy7i7wn2i0rwsmms5y-mlbstats_0.1.0.tar.gz' from 'https://cache.nixos.org'...
building '/nix/store/0iivyfw9lbjazjfgpvvmh6mlgnspyrcq-r-mlbstats-0.1.0.drv'...
Running phase: unpackPhase
unpacking source archive /nix/store/0fhjh8rx7ya052wy7i7wn2i0rwsmms5y-mlbstats_0.1.0.tar.gz
source root is mlbstats
setting SOURCE_DATE_EPOCH to timestamp 1521191757 of file mlbstats/MD5
Running phase: patchPhase
Running phase: updateAutotoolsGnuConfigScriptsPhase
Running phase: configurePhase
Running phase: buildPhase
Running phase: checkPhase
Running phase: installPhase
* installing *source* package ‘mlbstats’ ...
** package ‘mlbstats’ correctement décompressé et sommes MD5 vérifiées
** using staged installation
** R
** byte-compile and prepare package for lazy loading
** help
*** installing help indices
** building package indices
** testing if installed package can be loaded from temporary location
** testing if installed package can be loaded from final location
** testing if installed package keeps a record of temporary installation path
* DONE (mlbstats)
Running phase: fixupPhase
checking for references to /private/tmp/nix-build-r-mlbstats-0.1.0.drv-0/ in /nix/store/44fb2427n6lhdsffsakvzw7nz51286m3-r-mlbstats-0.1.0...
patching script interpreter paths in /nix/store/44fb2427n6lhdsffsakvzw7nz51286m3-r-mlbstats-0.1.0
