this derivation will be built:
  /nix/store/cgkd72qg5b6rfapdl1p9ds4slsa7i1rd-r-stodom-0.0.1.drv
this path will be fetched (0.01 MiB download, 0.01 MiB unpacked):
  /nix/store/7h84s7z7sjmnx88h8a365i7blacz7rz2-stodom_0.0.1.tar.gz
copying path '/nix/store/7h84s7z7sjmnx88h8a365i7blacz7rz2-stodom_0.0.1.tar.gz' from 'https://cache.nixos.org'...
building '/nix/store/cgkd72qg5b6rfapdl1p9ds4slsa7i1rd-r-stodom-0.0.1.drv'...
Running phase: unpackPhase
unpacking source archive /nix/store/7h84s7z7sjmnx88h8a365i7blacz7rz2-stodom_0.0.1.tar.gz
source root is stodom
setting SOURCE_DATE_EPOCH to timestamp 1706877602 of file stodom/MD5
Running phase: patchPhase
Running phase: updateAutotoolsGnuConfigScriptsPhase
Running phase: configurePhase
Running phase: buildPhase
Running phase: checkPhase
Running phase: installPhase
* installing *source* package ‘stodom’ ...
** package ‘stodom’ correctement décompressé et sommes MD5 vérifiées
** using staged installation
** R
** inst
** byte-compile and prepare package for lazy loading
** help
*** installing help indices
** building package indices
** testing if installed package can be loaded from temporary location
** testing if installed package can be loaded from final location
** testing if installed package keeps a record of temporary installation path
* DONE (stodom)
Running phase: fixupPhase
checking for references to /private/tmp/nix-build-r-stodom-0.0.1.drv-0/ in /nix/store/1igriw3nx1m4wylhx8j2adgg9f5zpd94-r-stodom-0.0.1...
patching script interpreter paths in /nix/store/1igriw3nx1m4wylhx8j2adgg9f5zpd94-r-stodom-0.0.1
rewriting symlink /nix/store/1igriw3nx1m4wylhx8j2adgg9f5zpd94-r-stodom-0.0.1/nix-support/propagated-user-env-packages to be relative to /nix/store/1igriw3nx1m4wylhx8j2adgg9f5zpd94-r-stodom-0.0.1
