this derivation will be built:
  /nix/store/1a2sm7x1419ycrx9b9sxwjz3ry4b5z0b-r-pencal-2.2.2.drv
this path will be fetched (1.55 MiB download, 1.55 MiB unpacked):
  /nix/store/8mfvh1rg851szj3md7y6qb3ldzakhgra-pencal_2.2.2.tar.gz
copying path '/nix/store/8mfvh1rg851szj3md7y6qb3ldzakhgra-pencal_2.2.2.tar.gz' from 'https://cache.nixos.org'...
building '/nix/store/1a2sm7x1419ycrx9b9sxwjz3ry4b5z0b-r-pencal-2.2.2.drv'...
Running phase: unpackPhase
unpacking source archive /nix/store/8mfvh1rg851szj3md7y6qb3ldzakhgra-pencal_2.2.2.tar.gz
source root is pencal
setting SOURCE_DATE_EPOCH to timestamp 1718190602 of file pencal/MD5
Running phase: patchPhase
Running phase: updateAutotoolsGnuConfigScriptsPhase
Running phase: configurePhase
Running phase: buildPhase
Running phase: checkPhase
Running phase: installPhase
* installing *source* package ‘pencal’ ...
** package ‘pencal’ correctement décompressé et sommes MD5 vérifiées
** using staged installation
** R
** data
** inst
** byte-compile and prepare package for lazy loading
** help
*** installing help indices
** building package indices
** installing vignettes
** testing if installed package can be loaded from temporary location
** testing if installed package can be loaded from final location
** testing if installed package keeps a record of temporary installation path
* DONE (pencal)
Running phase: fixupPhase
checking for references to /private/tmp/nix-build-r-pencal-2.2.2.drv-0/ in /nix/store/9gly2yr3a4cpvwqsm4qq642ww3awid87-r-pencal-2.2.2...
patching script interpreter paths in /nix/store/9gly2yr3a4cpvwqsm4qq642ww3awid87-r-pencal-2.2.2
rewriting symlink /nix/store/9gly2yr3a4cpvwqsm4qq642ww3awid87-r-pencal-2.2.2/nix-support/propagated-user-env-packages to be relative to /nix/store/9gly2yr3a4cpvwqsm4qq642ww3awid87-r-pencal-2.2.2
