this derivation will be built:
  /nix/store/3a9ksrkjnj3irzi3h9d4w4q4vps0mwjm-r-nonLinearDotPlot-0.5.0.drv
this path will be fetched (0.01 MiB download, 0.01 MiB unpacked):
  /nix/store/ndbbvfadxpig3dlbwvqxbw3qga8sqx3l-nonLinearDotPlot_0.5.0.tar.gz
copying path '/nix/store/ndbbvfadxpig3dlbwvqxbw3qga8sqx3l-nonLinearDotPlot_0.5.0.tar.gz' from 'https://cache.nixos.org'...
building '/nix/store/3a9ksrkjnj3irzi3h9d4w4q4vps0mwjm-r-nonLinearDotPlot-0.5.0.drv'...
Running phase: unpackPhase
unpacking source archive /nix/store/ndbbvfadxpig3dlbwvqxbw3qga8sqx3l-nonLinearDotPlot_0.5.0.tar.gz
source root is nonLinearDotPlot
setting SOURCE_DATE_EPOCH to timestamp 1684517402 of file nonLinearDotPlot/MD5
Running phase: patchPhase
Running phase: updateAutotoolsGnuConfigScriptsPhase
Running phase: configurePhase
Running phase: buildPhase
Running phase: checkPhase
Running phase: installPhase
* installing *source* package ‘nonLinearDotPlot’ ...
** package ‘nonLinearDotPlot’ correctement décompressé et sommes MD5 vérifiées
** using staged installation
** R
** inst
** byte-compile and prepare package for lazy loading
** help
*** installing help indices
** building package indices
** testing if installed package can be loaded from temporary location
** testing if installed package can be loaded from final location
** testing if installed package keeps a record of temporary installation path
* DONE (nonLinearDotPlot)
Running phase: fixupPhase
checking for references to /private/tmp/nix-build-r-nonLinearDotPlot-0.5.0.drv-0/ in /nix/store/7fixrmsk9rhcnlhc2l1yzswjylhj77bw-r-nonLinearDotPlot-0.5.0...
patching script interpreter paths in /nix/store/7fixrmsk9rhcnlhc2l1yzswjylhj77bw-r-nonLinearDotPlot-0.5.0
