these 2 derivations will be built:
  /nix/store/4xsyh7cwgy6zkz8q4w8a9iiymwihngds-prqlr_0.9.0.tar.gz.drv
  /nix/store/jv9gd0vi632pi6ad27hi8kva56fz2b1q-r-prqlr-0.9.0.drv
building '/nix/store/4xsyh7cwgy6zkz8q4w8a9iiymwihngds-prqlr_0.9.0.tar.gz.drv'...

trying https://cran.r-project.org/src/contrib/prqlr_0.9.0.tar.gz
  % Total    % Received % Xferd  Average Speed   Time    Time     Time  Current
                                 Dload  Upload   Total   Spent    Left  Speed
100 9551k  100 9551k    0     0  4066k      0  0:00:02  0:00:02 --:--:-- 4068k
building '/nix/store/jv9gd0vi632pi6ad27hi8kva56fz2b1q-r-prqlr-0.9.0.drv'...
Running phase: unpackPhase
unpacking source archive /nix/store/4vc41f04i798x2a0zcmssrkil62qrach-prqlr_0.9.0.tar.gz
source root is prqlr
setting SOURCE_DATE_EPOCH to timestamp 1726837815 of file prqlr/MD5
Running phase: patchPhase
Running phase: updateAutotoolsGnuConfigScriptsPhase
Running phase: configurePhase
Running phase: buildPhase
Running phase: checkPhase
Running phase: installPhase
* installing *source* package ‘prqlr’ ...
** package ‘prqlr’ correctement décompressé et sommes MD5 vérifiées
** using staged installation
------------------------- [RUST NOT FOUND] -------------------------
The 'cargo' command was not found on the PATH. Please install rustc
from: https://www.rust-lang.org/tools/install

Alternatively, you may install cargo from your OS package manager:
  - Debian/Ubuntu: apt-get install cargo
  - Fedora/CentOS: dnf install cargo
  - macOS: brew install rustc
--------------------------------------------------------------------
ERROR: configuration failed for package ‘prqlr’
* removing ‘/nix/store/l85q7iwh2dm519qv0shkv80787wh0b5g-r-prqlr-0.9.0/library/prqlr’
error: builder for '/nix/store/jv9gd0vi632pi6ad27hi8kva56fz2b1q-r-prqlr-0.9.0.drv' failed with exit code 1;
       last 24 log lines:
       > Running phase: unpackPhase
       > unpacking source archive /nix/store/4vc41f04i798x2a0zcmssrkil62qrach-prqlr_0.9.0.tar.gz
       > source root is prqlr
       > setting SOURCE_DATE_EPOCH to timestamp 1726837815 of file prqlr/MD5
       > Running phase: patchPhase
       > Running phase: updateAutotoolsGnuConfigScriptsPhase
       > Running phase: configurePhase
       > Running phase: buildPhase
       > Running phase: checkPhase
       > Running phase: installPhase
       > * installing *source* package ‘prqlr’ ...
       > ** package ‘prqlr’ correctement décompressé et sommes MD5 vérifiées
       > ** using staged installation
       > ------------------------- [RUST NOT FOUND] -------------------------
       > The 'cargo' command was not found on the PATH. Please install rustc
       > from: https://www.rust-lang.org/tools/install
       >
       > Alternatively, you may install cargo from your OS package manager:
       >   - Debian/Ubuntu: apt-get install cargo
       >   - Fedora/CentOS: dnf install cargo
       >   - macOS: brew install rustc
       > --------------------------------------------------------------------
       > ERROR: configuration failed for package ‘prqlr’
       > * removing ‘/nix/store/l85q7iwh2dm519qv0shkv80787wh0b5g-r-prqlr-0.9.0/library/prqlr’
       For full logs, run 'nix log /nix/store/jv9gd0vi632pi6ad27hi8kva56fz2b1q-r-prqlr-0.9.0.drv'.
