this derivation will be built:
  /nix/store/hsdzz1gfnn3vhlnf4hhrbrdwi18ids1n-r-rwalkr-0.5.7.drv
this path will be fetched (1.32 MiB download, 1.32 MiB unpacked):
  /nix/store/qshihgz80nabi6vs6nvg83z2ikpc1qs4-rwalkr_0.5.7.tar.gz
copying path '/nix/store/qshihgz80nabi6vs6nvg83z2ikpc1qs4-rwalkr_0.5.7.tar.gz' from 'https://cache.nixos.org'...
building '/nix/store/hsdzz1gfnn3vhlnf4hhrbrdwi18ids1n-r-rwalkr-0.5.7.drv'...
Running phase: unpackPhase
unpacking source archive /nix/store/qshihgz80nabi6vs6nvg83z2ikpc1qs4-rwalkr_0.5.7.tar.gz
source root is rwalkr
setting SOURCE_DATE_EPOCH to timestamp 1668537002 of file rwalkr/MD5
Running phase: patchPhase
Running phase: updateAutotoolsGnuConfigScriptsPhase
Running phase: configurePhase
Running phase: buildPhase
Running phase: checkPhase
Running phase: installPhase
* installing *source* package ‘rwalkr’ ...
** package ‘rwalkr’ correctement décompressé et sommes MD5 vérifiées
** using staged installation
** R
** byte-compile and prepare package for lazy loading
** help
*** installing help indices
*** copying figures
** building package indices
** testing if installed package can be loaded from temporary location
** testing if installed package can be loaded from final location
** testing if installed package keeps a record of temporary installation path
* DONE (rwalkr)
Running phase: fixupPhase
checking for references to /private/tmp/nix-build-r-rwalkr-0.5.7.drv-0/ in /nix/store/0c5c3ihwgyrmvi0ia3wsjrl6dy20zk6l-r-rwalkr-0.5.7...
patching script interpreter paths in /nix/store/0c5c3ihwgyrmvi0ia3wsjrl6dy20zk6l-r-rwalkr-0.5.7
rewriting symlink /nix/store/0c5c3ihwgyrmvi0ia3wsjrl6dy20zk6l-r-rwalkr-0.5.7/nix-support/propagated-user-env-packages to be relative to /nix/store/0c5c3ihwgyrmvi0ia3wsjrl6dy20zk6l-r-rwalkr-0.5.7
