this derivation will be built:
  /nix/store/vwz0whjbgc3xxxq6jxkimbjr8ycs2glx-r-tscopula-0.3.9.drv
this path will be fetched (1.34 MiB download, 1.34 MiB unpacked):
  /nix/store/0dfsji6ccm3wf3smv7km1k63aryfmi9a-tscopula_0.3.9.tar.gz
copying path '/nix/store/0dfsji6ccm3wf3smv7km1k63aryfmi9a-tscopula_0.3.9.tar.gz' from 'https://cache.nixos.org'...
building '/nix/store/vwz0whjbgc3xxxq6jxkimbjr8ycs2glx-r-tscopula-0.3.9.drv'...
Running phase: unpackPhase
unpacking source archive /nix/store/0dfsji6ccm3wf3smv7km1k63aryfmi9a-tscopula_0.3.9.tar.gz
source root is tscopula
setting SOURCE_DATE_EPOCH to timestamp 1708110602 of file tscopula/MD5
Running phase: patchPhase
Running phase: updateAutotoolsGnuConfigScriptsPhase
Running phase: configurePhase
Running phase: buildPhase
Running phase: checkPhase
Running phase: installPhase
* installing *source* package ‘tscopula’ ...
** package ‘tscopula’ correctement décompressé et sommes MD5 vérifiées
** using staged installation
** R
** data
*** moving datasets to lazyload DB
** inst
** byte-compile and prepare package for lazy loading
** help
*** installing help indices
** building package indices
** installing vignettes
** testing if installed package can be loaded from temporary location
** testing if installed package can be loaded from final location
** testing if installed package keeps a record of temporary installation path
* DONE (tscopula)
Running phase: fixupPhase
checking for references to /private/tmp/nix-build-r-tscopula-0.3.9.drv-0/ in /nix/store/a4djk73h0dkfqjm31yp3jns4n2l2appx-r-tscopula-0.3.9...
patching script interpreter paths in /nix/store/a4djk73h0dkfqjm31yp3jns4n2l2appx-r-tscopula-0.3.9
rewriting symlink /nix/store/a4djk73h0dkfqjm31yp3jns4n2l2appx-r-tscopula-0.3.9/nix-support/propagated-user-env-packages to be relative to /nix/store/a4djk73h0dkfqjm31yp3jns4n2l2appx-r-tscopula-0.3.9
