this derivation will be built:
  /nix/store/723mwgvnrmpx2x0z8wsh1xdxsczbfpd2-r-TwoArmSurvSim-0.2.drv
this path will be fetched (0.02 MiB download, 0.02 MiB unpacked):
  /nix/store/x408rcys0s6ria04xp3fc1nm5ngbc8a3-TwoArmSurvSim_0.2.tar.gz
copying path '/nix/store/x408rcys0s6ria04xp3fc1nm5ngbc8a3-TwoArmSurvSim_0.2.tar.gz' from 'https://cache.nixos.org'...
building '/nix/store/723mwgvnrmpx2x0z8wsh1xdxsczbfpd2-r-TwoArmSurvSim-0.2.drv'...
Running phase: unpackPhase
unpacking source archive /nix/store/x408rcys0s6ria04xp3fc1nm5ngbc8a3-TwoArmSurvSim_0.2.tar.gz
source root is TwoArmSurvSim
setting SOURCE_DATE_EPOCH to timestamp 1614329406 of file TwoArmSurvSim/MD5
Running phase: patchPhase
Running phase: updateAutotoolsGnuConfigScriptsPhase
Running phase: configurePhase
Running phase: buildPhase
Running phase: checkPhase
Running phase: installPhase
* installing *source* package ‘TwoArmSurvSim’ ...
** package ‘TwoArmSurvSim’ correctement décompressé et sommes MD5 vérifiées
** using staged installation
** R
** byte-compile and prepare package for lazy loading
** help
*** installing help indices
** building package indices
** testing if installed package can be loaded from temporary location
** testing if installed package can be loaded from final location
** testing if installed package keeps a record of temporary installation path
* DONE (TwoArmSurvSim)
Running phase: fixupPhase
checking for references to /private/tmp/nix-build-r-TwoArmSurvSim-0.2.drv-0/ in /nix/store/zf3g3hl2v1x02m406f5v0vq4r6zdv760-r-TwoArmSurvSim-0.2...
patching script interpreter paths in /nix/store/zf3g3hl2v1x02m406f5v0vq4r6zdv760-r-TwoArmSurvSim-0.2
rewriting symlink /nix/store/zf3g3hl2v1x02m406f5v0vq4r6zdv760-r-TwoArmSurvSim-0.2/nix-support/propagated-user-env-packages to be relative to /nix/store/zf3g3hl2v1x02m406f5v0vq4r6zdv760-r-TwoArmSurvSim-0.2
