these 2 derivations will be built:
  /nix/store/1vawgxfjvqxr2d77vkbq3f7km2dfxirm-wxgenR_1.4.2.tar.gz.drv
  /nix/store/r9yblac8ml9n76sidvhp87hqv0bhl35i-r-wxgenR-1.4.2.drv
building '/nix/store/1vawgxfjvqxr2d77vkbq3f7km2dfxirm-wxgenR_1.4.2.tar.gz.drv'...

trying https://cran.r-project.org/src/contrib/wxgenR_1.4.2.tar.gz
  % Total    % Received % Xferd  Average Speed   Time    Time     Time  Current
                                 Dload  Upload   Total   Spent    Left  Speed
100  906k  100  906k    0     0  2953k      0 --:--:-- --:--:-- --:--:-- 2962k
building '/nix/store/r9yblac8ml9n76sidvhp87hqv0bhl35i-r-wxgenR-1.4.2.drv'...
Running phase: unpackPhase
unpacking source archive /nix/store/gnirw1qkd6dwxdxv8nabl68y3dnzv852-wxgenR_1.4.2.tar.gz
source root is wxgenR
setting SOURCE_DATE_EPOCH to timestamp 1730507402 of file wxgenR/MD5
Running phase: patchPhase
Running phase: updateAutotoolsGnuConfigScriptsPhase
Running phase: configurePhase
Running phase: buildPhase
Running phase: checkPhase
Running phase: installPhase
* installing *source* package ‘wxgenR’ ...
** package ‘wxgenR’ correctement décompressé et sommes MD5 vérifiées
** using staged installation
** R
** data
*** moving datasets to lazyload DB
** inst
** byte-compile and prepare package for lazy loading
** help
*** installing help indices
** building package indices
** installing vignettes
** testing if installed package can be loaded from temporary location
** testing if installed package can be loaded from final location
** testing if installed package keeps a record of temporary installation path
* DONE (wxgenR)
Running phase: fixupPhase
checking for references to /private/tmp/nix-build-r-wxgenR-1.4.2.drv-0/ in /nix/store/sdwg7vzj8iczinhkys2cj44zbf46p20z-r-wxgenR-1.4.2...
patching script interpreter paths in /nix/store/sdwg7vzj8iczinhkys2cj44zbf46p20z-r-wxgenR-1.4.2
rewriting symlink /nix/store/sdwg7vzj8iczinhkys2cj44zbf46p20z-r-wxgenR-1.4.2/nix-support/propagated-user-env-packages to be relative to /nix/store/sdwg7vzj8iczinhkys2cj44zbf46p20z-r-wxgenR-1.4.2
