this derivation will be built:
  /nix/store/346wrsx5ihfzzklwfb7b3ynilvhplspx-r-riverconn-0.3.31.drv
this path will be fetched (0.06 MiB download, 0.06 MiB unpacked):
  /nix/store/6j4gpmdjhj8khnd704nj08d360a2m7gk-riverconn_0.3.31.tar.gz
copying path '/nix/store/6j4gpmdjhj8khnd704nj08d360a2m7gk-riverconn_0.3.31.tar.gz' from 'https://cache.nixos.org'...
building '/nix/store/346wrsx5ihfzzklwfb7b3ynilvhplspx-r-riverconn-0.3.31.drv'...
Running phase: unpackPhase
unpacking source archive /nix/store/6j4gpmdjhj8khnd704nj08d360a2m7gk-riverconn_0.3.31.tar.gz
source root is riverconn
setting SOURCE_DATE_EPOCH to timestamp 1706005802 of file riverconn/MD5
Running phase: patchPhase
Running phase: updateAutotoolsGnuConfigScriptsPhase
Running phase: configurePhase
Running phase: buildPhase
Running phase: checkPhase
Running phase: installPhase
* installing *source* package ‘riverconn’ ...
** package ‘riverconn’ correctement décompressé et sommes MD5 vérifiées
** using staged installation
** R
** inst
** byte-compile and prepare package for lazy loading
** help
*** installing help indices
** building package indices
** installing vignettes
** testing if installed package can be loaded from temporary location
** testing if installed package can be loaded from final location
** testing if installed package keeps a record of temporary installation path
* DONE (riverconn)
Running phase: fixupPhase
checking for references to /private/tmp/nix-build-r-riverconn-0.3.31.drv-0/ in /nix/store/d57jdrg3da9k00lnfn096hlqbc2d94aq-r-riverconn-0.3.31...
patching script interpreter paths in /nix/store/d57jdrg3da9k00lnfn096hlqbc2d94aq-r-riverconn-0.3.31
rewriting symlink /nix/store/d57jdrg3da9k00lnfn096hlqbc2d94aq-r-riverconn-0.3.31/nix-support/propagated-user-env-packages to be relative to /nix/store/d57jdrg3da9k00lnfn096hlqbc2d94aq-r-riverconn-0.3.31
