this derivation will be built:
  /nix/store/bh7aw3fy87dmiyd41580wnb88z78lj1d-r-OHCSpackage-0.1.5.drv
this path will be fetched (0.04 MiB download, 0.04 MiB unpacked):
  /nix/store/azlil34dz3l38jxqvqx28rpbfgfpd7bw-OHCSpackage_0.1.5.tar.gz
copying path '/nix/store/azlil34dz3l38jxqvqx28rpbfgfpd7bw-OHCSpackage_0.1.5.tar.gz' from 'https://cache.nixos.org'...
building '/nix/store/bh7aw3fy87dmiyd41580wnb88z78lj1d-r-OHCSpackage-0.1.5.drv'...
Running phase: unpackPhase
unpacking source archive /nix/store/azlil34dz3l38jxqvqx28rpbfgfpd7bw-OHCSpackage_0.1.5.tar.gz
source root is OHCSpackage
setting SOURCE_DATE_EPOCH to timestamp 1683799203 of file OHCSpackage/MD5
Running phase: patchPhase
Running phase: updateAutotoolsGnuConfigScriptsPhase
Running phase: configurePhase
Running phase: buildPhase
Running phase: checkPhase
Running phase: installPhase
* installing *source* package ‘OHCSpackage’ ...
** package ‘OHCSpackage’ correctement décompressé et sommes MD5 vérifiées
** using staged installation
** R
** inst
** byte-compile and prepare package for lazy loading
** help
*** installing help indices
** building package indices
** testing if installed package can be loaded from temporary location
** testing if installed package can be loaded from final location
** testing if installed package keeps a record of temporary installation path
* DONE (OHCSpackage)
Running phase: fixupPhase
checking for references to /private/tmp/nix-build-r-OHCSpackage-0.1.5.drv-0/ in /nix/store/b9fpy7j09fdq8hkzik8f6nrs572smfi7-r-OHCSpackage-0.1.5...
patching script interpreter paths in /nix/store/b9fpy7j09fdq8hkzik8f6nrs572smfi7-r-OHCSpackage-0.1.5
rewriting symlink /nix/store/b9fpy7j09fdq8hkzik8f6nrs572smfi7-r-OHCSpackage-0.1.5/nix-support/propagated-user-env-packages to be relative to /nix/store/b9fpy7j09fdq8hkzik8f6nrs572smfi7-r-OHCSpackage-0.1.5
