this derivation will be built:
  /nix/store/ahmq02ai8k5i2riqwar2g92brivd0f7q-r-intensegRid-0.1.2.drv
this path will be fetched (0.10 MiB download, 0.10 MiB unpacked):
  /nix/store/wdxnlcr0vf8l6y6sk894iyligipcnc1r-intensegRid_0.1.2.tar.gz
copying path '/nix/store/wdxnlcr0vf8l6y6sk894iyligipcnc1r-intensegRid_0.1.2.tar.gz' from 'https://cache.nixos.org'...
building '/nix/store/ahmq02ai8k5i2riqwar2g92brivd0f7q-r-intensegRid-0.1.2.drv'...
Running phase: unpackPhase
unpacking source archive /nix/store/wdxnlcr0vf8l6y6sk894iyligipcnc1r-intensegRid_0.1.2.tar.gz
source root is intensegRid
setting SOURCE_DATE_EPOCH to timestamp 1667904606 of file intensegRid/MD5
Running phase: patchPhase
Running phase: updateAutotoolsGnuConfigScriptsPhase
Running phase: configurePhase
Running phase: buildPhase
Running phase: checkPhase
Running phase: installPhase
* installing *source* package ‘intensegRid’ ...
** package ‘intensegRid’ correctement décompressé et sommes MD5 vérifiées
** using staged installation
** R
** data
*** moving datasets to lazyload DB
** inst
** byte-compile and prepare package for lazy loading
** help
*** installing help indices
*** copying figures
** building package indices
** installing vignettes
** testing if installed package can be loaded from temporary location
** testing if installed package can be loaded from final location
** testing if installed package keeps a record of temporary installation path
* DONE (intensegRid)
Running phase: fixupPhase
checking for references to /private/tmp/nix-build-r-intensegRid-0.1.2.drv-0/ in /nix/store/76vss8la04lz1ydhcciv9awpz0rr6f55-r-intensegRid-0.1.2...
patching script interpreter paths in /nix/store/76vss8la04lz1ydhcciv9awpz0rr6f55-r-intensegRid-0.1.2
rewriting symlink /nix/store/76vss8la04lz1ydhcciv9awpz0rr6f55-r-intensegRid-0.1.2/nix-support/propagated-user-env-packages to be relative to /nix/store/76vss8la04lz1ydhcciv9awpz0rr6f55-r-intensegRid-0.1.2
