these 2 derivations will be built:
  /nix/store/8fkcb0qr2b5wbrhqky50i1y1wc9nyyfw-MolgenisArmadillo_2.7.0.tar.gz.drv
  /nix/store/6wr0s4gwfa7ic5hmnmyi4is7g53k4jwm-r-MolgenisArmadillo-2.7.0.drv
building '/nix/store/8fkcb0qr2b5wbrhqky50i1y1wc9nyyfw-MolgenisArmadillo_2.7.0.tar.gz.drv'...

trying https://cran.r-project.org/src/contrib/MolgenisArmadillo_2.7.0.tar.gz
  % Total    % Received % Xferd  Average Speed   Time    Time     Time  Current
                                 Dload  Upload   Total   Spent    Left  Speed
100 2072k  100 2072k    0     0  5652k      0 --:--:-- --:--:-- --:--:-- 5662k
building '/nix/store/6wr0s4gwfa7ic5hmnmyi4is7g53k4jwm-r-MolgenisArmadillo-2.7.0.drv'...
Running phase: unpackPhase
unpacking source archive /nix/store/vzjyg4b4azgi6qh4pdycpa2rb0r1b1yb-MolgenisArmadillo_2.7.0.tar.gz
source root is MolgenisArmadillo
setting SOURCE_DATE_EPOCH to timestamp 1728910803 of file MolgenisArmadillo/MD5
Running phase: patchPhase
Running phase: updateAutotoolsGnuConfigScriptsPhase
Running phase: configurePhase
Running phase: buildPhase
Running phase: checkPhase
Running phase: installPhase
* installing *source* package ‘MolgenisArmadillo’ ...
** package ‘MolgenisArmadillo’ correctement décompressé et sommes MD5 vérifiées
** using staged installation
** R
** inst
** byte-compile and prepare package for lazy loading
** help
*** installing help indices
** building package indices
** installing vignettes
** testing if installed package can be loaded from temporary location
** testing if installed package can be loaded from final location
** testing if installed package keeps a record of temporary installation path
* DONE (MolgenisArmadillo)
Running phase: fixupPhase
checking for references to /private/tmp/nix-build-r-MolgenisArmadillo-2.7.0.drv-0/ in /nix/store/0bl83fpv1szjbl8m09sdhhp8kys56335-r-MolgenisArmadillo-2.7.0...
patching script interpreter paths in /nix/store/0bl83fpv1szjbl8m09sdhhp8kys56335-r-MolgenisArmadillo-2.7.0
rewriting symlink /nix/store/0bl83fpv1szjbl8m09sdhhp8kys56335-r-MolgenisArmadillo-2.7.0/nix-support/propagated-user-env-packages to be relative to /nix/store/0bl83fpv1szjbl8m09sdhhp8kys56335-r-MolgenisArmadillo-2.7.0
