this derivation will be built:
  /nix/store/vz2yj564m8wqbrhgibl9w5bc1vp5c2zg-r-prop.comb.RR-1.2.drv
this path will be fetched (0.02 MiB download, 0.02 MiB unpacked):
  /nix/store/lvsxaykipqjwikzi2cbwbq2gb30xqhy6-prop.comb.RR_1.2.tar.gz
copying path '/nix/store/lvsxaykipqjwikzi2cbwbq2gb30xqhy6-prop.comb.RR_1.2.tar.gz' from 'https://cache.nixos.org'...
building '/nix/store/vz2yj564m8wqbrhgibl9w5bc1vp5c2zg-r-prop.comb.RR-1.2.drv'...
Running phase: unpackPhase
unpacking source archive /nix/store/lvsxaykipqjwikzi2cbwbq2gb30xqhy6-prop.comb.RR_1.2.tar.gz
source root is prop.comb.RR
setting SOURCE_DATE_EPOCH to timestamp 1488987468 of file prop.comb.RR/MD5
Running phase: patchPhase
Running phase: updateAutotoolsGnuConfigScriptsPhase
Running phase: configurePhase
Running phase: buildPhase
Running phase: checkPhase
Running phase: installPhase
* installing *source* package ‘prop.comb.RR’ ...
** package ‘prop.comb.RR’ correctement décompressé et sommes MD5 vérifiées
** using staged installation
** R
** byte-compile and prepare package for lazy loading
** help
*** installing help indices
** building package indices
** testing if installed package can be loaded from temporary location
** testing if installed package can be loaded from final location
** testing if installed package keeps a record of temporary installation path
* DONE (prop.comb.RR)
Running phase: fixupPhase
checking for references to /private/tmp/nix-build-r-prop.comb.RR-1.2.drv-0/ in /nix/store/g7ag7fgqql95bp29ij0lxnagg15ln727-r-prop.comb.RR-1.2...
patching script interpreter paths in /nix/store/g7ag7fgqql95bp29ij0lxnagg15ln727-r-prop.comb.RR-1.2
rewriting symlink /nix/store/g7ag7fgqql95bp29ij0lxnagg15ln727-r-prop.comb.RR-1.2/nix-support/propagated-user-env-packages to be relative to /nix/store/g7ag7fgqql95bp29ij0lxnagg15ln727-r-prop.comb.RR-1.2
