this derivation will be built:
  /nix/store/7n0g8qz37ilhib0az7182sv8cc6d99k5-r-scagnostics-0.2-6.drv
this path will be fetched (0.07 MiB download, 0.07 MiB unpacked):
  /nix/store/kc34687rl3dr20sfkv253madxr0sl8kq-scagnostics_0.2-6.tar.gz
copying path '/nix/store/kc34687rl3dr20sfkv253madxr0sl8kq-scagnostics_0.2-6.tar.gz' from 'https://cache.nixos.org'...
building '/nix/store/7n0g8qz37ilhib0az7182sv8cc6d99k5-r-scagnostics-0.2-6.drv'...
Running phase: unpackPhase
unpacking source archive /nix/store/kc34687rl3dr20sfkv253madxr0sl8kq-scagnostics_0.2-6.tar.gz
source root is scagnostics
setting SOURCE_DATE_EPOCH to timestamp 1647442510 of file scagnostics/MD5
Running phase: patchPhase
Running phase: updateAutotoolsGnuConfigScriptsPhase
Running phase: configurePhase
Running phase: buildPhase
Running phase: checkPhase
Running phase: installPhase
* installing *source* package ‘scagnostics’ ...
** package ‘scagnostics’ correctement décompressé et sommes MD5 vérifiées
** using staged installation
** R
** inst
** byte-compile and prepare package for lazy loading
** help
*** installing help indices
** building package indices
** testing if installed package can be loaded from temporary location
** testing if installed package can be loaded from final location
** testing if installed package keeps a record of temporary installation path
* DONE (scagnostics)
Running phase: fixupPhase
checking for references to /private/tmp/nix-build-r-scagnostics-0.2-6.drv-0/ in /nix/store/i9iw63lmbip52r3h0yg650gc2jggb2dh-r-scagnostics-0.2-6...
patching script interpreter paths in /nix/store/i9iw63lmbip52r3h0yg650gc2jggb2dh-r-scagnostics-0.2-6
rewriting symlink /nix/store/i9iw63lmbip52r3h0yg650gc2jggb2dh-r-scagnostics-0.2-6/nix-support/propagated-user-env-packages to be relative to /nix/store/i9iw63lmbip52r3h0yg650gc2jggb2dh-r-scagnostics-0.2-6
