this derivation will be built:
  /nix/store/xqipc0s7p1wzjq6gd0wa5k10vxqiyy1z-r-rsnell-0.1.drv
this path will be fetched (0.02 MiB download, 0.02 MiB unpacked):
  /nix/store/y3fiw295q8hvhavfjl4grqwbfcryagd6-rsnell_0.1.tar.gz
copying path '/nix/store/y3fiw295q8hvhavfjl4grqwbfcryagd6-rsnell_0.1.tar.gz' from 'https://cache.nixos.org'...
building '/nix/store/xqipc0s7p1wzjq6gd0wa5k10vxqiyy1z-r-rsnell-0.1.drv'...
Running phase: unpackPhase
unpacking source archive /nix/store/y3fiw295q8hvhavfjl4grqwbfcryagd6-rsnell_0.1.tar.gz
source root is rsnell
setting SOURCE_DATE_EPOCH to timestamp 1677516149 of file rsnell/MD5
Running phase: patchPhase
Running phase: updateAutotoolsGnuConfigScriptsPhase
Running phase: configurePhase
Running phase: buildPhase
Running phase: checkPhase
Running phase: installPhase
* installing *source* package ‘rsnell’ ...
** package ‘rsnell’ correctement décompressé et sommes MD5 vérifiées
** using staged installation
** R
** byte-compile and prepare package for lazy loading
** help
*** installing help indices
** building package indices
** testing if installed package can be loaded from temporary location
** testing if installed package can be loaded from final location
** testing if installed package keeps a record of temporary installation path
* DONE (rsnell)
Running phase: fixupPhase
checking for references to /private/tmp/nix-build-r-rsnell-0.1.drv-0/ in /nix/store/dqll81jh57jf8kxbdjqq34cw9f1sk6gx-r-rsnell-0.1...
patching script interpreter paths in /nix/store/dqll81jh57jf8kxbdjqq34cw9f1sk6gx-r-rsnell-0.1
rewriting symlink /nix/store/dqll81jh57jf8kxbdjqq34cw9f1sk6gx-r-rsnell-0.1/nix-support/propagated-user-env-packages to be relative to /nix/store/dqll81jh57jf8kxbdjqq34cw9f1sk6gx-r-rsnell-0.1
