this derivation will be built:
  /nix/store/ygc09r6pxlhp7gh336kvk2p2j741air2-r-RSDK-1.0.1.drv
this path will be fetched (0.04 MiB download, 0.04 MiB unpacked):
  /nix/store/7vl08bfm551f5q69kbljrjmgb5ix0zj6-RSDK_1.0.1.tar.gz
copying path '/nix/store/7vl08bfm551f5q69kbljrjmgb5ix0zj6-RSDK_1.0.1.tar.gz' from 'https://cache.nixos.org'...
building '/nix/store/ygc09r6pxlhp7gh336kvk2p2j741air2-r-RSDK-1.0.1.drv'...
Running phase: unpackPhase
unpacking source archive /nix/store/7vl08bfm551f5q69kbljrjmgb5ix0zj6-RSDK_1.0.1.tar.gz
source root is RSDK
setting SOURCE_DATE_EPOCH to timestamp 1647040805 of file RSDK/MD5
Running phase: patchPhase
Running phase: updateAutotoolsGnuConfigScriptsPhase
Running phase: configurePhase
Running phase: buildPhase
Running phase: checkPhase
Running phase: installPhase
* installing *source* package ‘RSDK’ ...
** package ‘RSDK’ correctement décompressé et sommes MD5 vérifiées
** using staged installation
** R
** inst
** byte-compile and prepare package for lazy loading
** help
*** installing help indices
** building package indices
** testing if installed package can be loaded from temporary location
** testing if installed package can be loaded from final location
** testing if installed package keeps a record of temporary installation path
* DONE (RSDK)
Running phase: fixupPhase
checking for references to /private/tmp/nix-build-r-RSDK-1.0.1.drv-0/ in /nix/store/sqhv14lzzxqnk1kl7k8bq2c198zizww3-r-RSDK-1.0.1...
patching script interpreter paths in /nix/store/sqhv14lzzxqnk1kl7k8bq2c198zizww3-r-RSDK-1.0.1
rewriting symlink /nix/store/sqhv14lzzxqnk1kl7k8bq2c198zizww3-r-RSDK-1.0.1/nix-support/propagated-user-env-packages to be relative to /nix/store/sqhv14lzzxqnk1kl7k8bq2c198zizww3-r-RSDK-1.0.1
