this derivation will be built:
  /nix/store/1l2xfahlxchz28hwgy6mkm1hbwy5zpns-r-SortedEffects-1.7.0.drv
this path will be fetched (0.61 MiB download, 0.61 MiB unpacked):
  /nix/store/c8xn233mp52d5bdj81j8k72z6likp3j7-SortedEffects_1.7.0.tar.gz
copying path '/nix/store/c8xn233mp52d5bdj81j8k72z6likp3j7-SortedEffects_1.7.0.tar.gz' from 'https://cache.nixos.org'...
building '/nix/store/1l2xfahlxchz28hwgy6mkm1hbwy5zpns-r-SortedEffects-1.7.0.drv'...
Running phase: unpackPhase
unpacking source archive /nix/store/c8xn233mp52d5bdj81j8k72z6likp3j7-SortedEffects_1.7.0.tar.gz
source root is SortedEffects
setting SOURCE_DATE_EPOCH to timestamp 1647933002 of file SortedEffects/MD5
Running phase: patchPhase
Running phase: updateAutotoolsGnuConfigScriptsPhase
Running phase: configurePhase
Running phase: buildPhase
Running phase: checkPhase
Running phase: installPhase
* installing *source* package ‘SortedEffects’ ...
** package ‘SortedEffects’ correctement décompressé et sommes MD5 vérifiées
** using staged installation
** R
** data
*** moving datasets to lazyload DB
** inst
** byte-compile and prepare package for lazy loading
** help
*** installing help indices
*** copying figures
** building package indices
** installing vignettes
** testing if installed package can be loaded from temporary location
** testing if installed package can be loaded from final location
** testing if installed package keeps a record of temporary installation path
* DONE (SortedEffects)
Running phase: fixupPhase
checking for references to /private/tmp/nix-build-r-SortedEffects-1.7.0.drv-0/ in /nix/store/iw1nbjavlw175za1lf3chkb4qqh6504k-r-SortedEffects-1.7.0...
patching script interpreter paths in /nix/store/iw1nbjavlw175za1lf3chkb4qqh6504k-r-SortedEffects-1.7.0
rewriting symlink /nix/store/iw1nbjavlw175za1lf3chkb4qqh6504k-r-SortedEffects-1.7.0/nix-support/propagated-user-env-packages to be relative to /nix/store/iw1nbjavlw175za1lf3chkb4qqh6504k-r-SortedEffects-1.7.0
