this derivation will be built:
  /nix/store/ygxk5yjd8maihrjqc5q4h81k1xzrjbgv-r-metabias-0.1.1.drv
this path will be fetched (0.01 MiB download, 0.01 MiB unpacked):
  /nix/store/y881vbqrs7qjhvag7q06wcmid86fn1s1-metabias_0.1.1.tar.gz
copying path '/nix/store/y881vbqrs7qjhvag7q06wcmid86fn1s1-metabias_0.1.1.tar.gz' from 'https://cache.nixos.org'...
building '/nix/store/ygxk5yjd8maihrjqc5q4h81k1xzrjbgv-r-metabias-0.1.1.drv'...
Running phase: unpackPhase
unpacking source archive /nix/store/y881vbqrs7qjhvag7q06wcmid86fn1s1-metabias_0.1.1.tar.gz
source root is metabias
setting SOURCE_DATE_EPOCH to timestamp 1692402756 of file metabias/MD5
Running phase: patchPhase
Running phase: updateAutotoolsGnuConfigScriptsPhase
Running phase: configurePhase
Running phase: buildPhase
Running phase: checkPhase
Running phase: installPhase
* installing *source* package ‘metabias’ ...
** package ‘metabias’ correctement décompressé et sommes MD5 vérifiées
** using staged installation
** R
** inst
** byte-compile and prepare package for lazy loading
** help
*** installing help indices
** building package indices
** testing if installed package can be loaded from temporary location
** testing if installed package can be loaded from final location
** testing if installed package keeps a record of temporary installation path
* DONE (metabias)
Running phase: fixupPhase
checking for references to /private/tmp/nix-build-r-metabias-0.1.1.drv-0/ in /nix/store/pbnz023aw7n0d8yqw2yvhrkvsjmfy606-r-metabias-0.1.1...
patching script interpreter paths in /nix/store/pbnz023aw7n0d8yqw2yvhrkvsjmfy606-r-metabias-0.1.1
rewriting symlink /nix/store/pbnz023aw7n0d8yqw2yvhrkvsjmfy606-r-metabias-0.1.1/nix-support/propagated-user-env-packages to be relative to /nix/store/pbnz023aw7n0d8yqw2yvhrkvsjmfy606-r-metabias-0.1.1
