this derivation will be built:
  /nix/store/k36ssg6v27hmfa9y6cpzk8pr08zfnp4b-r-PCLassoReg-1.0.0.drv
this path will be fetched (0.81 MiB download, 0.81 MiB unpacked):
  /nix/store/5s9mlmr498mdycl1z6611pfgs4m3145f-PCLassoReg_1.0.0.tar.gz
copying path '/nix/store/5s9mlmr498mdycl1z6611pfgs4m3145f-PCLassoReg_1.0.0.tar.gz' from 'https://cache.nixos.org'...
building '/nix/store/k36ssg6v27hmfa9y6cpzk8pr08zfnp4b-r-PCLassoReg-1.0.0.drv'...
Running phase: unpackPhase
unpacking source archive /nix/store/5s9mlmr498mdycl1z6611pfgs4m3145f-PCLassoReg_1.0.0.tar.gz
source root is PCLassoReg
setting SOURCE_DATE_EPOCH to timestamp 1635259805 of file PCLassoReg/MD5
Running phase: patchPhase
Running phase: updateAutotoolsGnuConfigScriptsPhase
Running phase: configurePhase
Running phase: buildPhase
Running phase: checkPhase
Running phase: installPhase
* installing *source* package ‘PCLassoReg’ ...
** package ‘PCLassoReg’ correctement décompressé et sommes MD5 vérifiées
** using staged installation
** R
** data
*** moving datasets to lazyload DB
** inst
** byte-compile and prepare package for lazy loading
** help
*** installing help indices
** building package indices
** installing vignettes
** testing if installed package can be loaded from temporary location
** testing if installed package can be loaded from final location
** testing if installed package keeps a record of temporary installation path
* DONE (PCLassoReg)
Running phase: fixupPhase
checking for references to /private/tmp/nix-build-r-PCLassoReg-1.0.0.drv-0/ in /nix/store/3fdyil3nbsg2y0ijk31w0042l3yspzi6-r-PCLassoReg-1.0.0...
patching script interpreter paths in /nix/store/3fdyil3nbsg2y0ijk31w0042l3yspzi6-r-PCLassoReg-1.0.0
rewriting symlink /nix/store/3fdyil3nbsg2y0ijk31w0042l3yspzi6-r-PCLassoReg-1.0.0/nix-support/propagated-user-env-packages to be relative to /nix/store/3fdyil3nbsg2y0ijk31w0042l3yspzi6-r-PCLassoReg-1.0.0
