this derivation will be built:
  /nix/store/x07vls8cm1jlm59nvj3hqfsxnkwgi9d9-r-simphony-1.0.3.drv
this path will be fetched (0.83 MiB download, 0.83 MiB unpacked):
  /nix/store/s8b55asc5vl4rjm0dq7aalqacm4c1iwi-simphony_1.0.3.tar.gz
copying path '/nix/store/s8b55asc5vl4rjm0dq7aalqacm4c1iwi-simphony_1.0.3.tar.gz' from 'https://cache.nixos.org'...
building '/nix/store/x07vls8cm1jlm59nvj3hqfsxnkwgi9d9-r-simphony-1.0.3.drv'...
Running phase: unpackPhase
unpacking source archive /nix/store/s8b55asc5vl4rjm0dq7aalqacm4c1iwi-simphony_1.0.3.tar.gz
source root is simphony
setting SOURCE_DATE_EPOCH to timestamp 1660059005 of file simphony/MD5
Running phase: patchPhase
Running phase: updateAutotoolsGnuConfigScriptsPhase
Running phase: configurePhase
Running phase: buildPhase
Running phase: checkPhase
Running phase: installPhase
* installing *source* package ‘simphony’ ...
** package ‘simphony’ correctement décompressé et sommes MD5 vérifiées
** using staged installation
** R
** data
*** moving datasets to lazyload DB
** inst
** byte-compile and prepare package for lazy loading
** help
*** installing help indices
** building package indices
** installing vignettes
** testing if installed package can be loaded from temporary location
** testing if installed package can be loaded from final location
** testing if installed package keeps a record of temporary installation path
* DONE (simphony)
Running phase: fixupPhase
checking for references to /private/tmp/nix-build-r-simphony-1.0.3.drv-0/ in /nix/store/92rsxbnw39pf1haczw1xw4yqggwpng1z-r-simphony-1.0.3...
patching script interpreter paths in /nix/store/92rsxbnw39pf1haczw1xw4yqggwpng1z-r-simphony-1.0.3
rewriting symlink /nix/store/92rsxbnw39pf1haczw1xw4yqggwpng1z-r-simphony-1.0.3/nix-support/propagated-user-env-packages to be relative to /nix/store/92rsxbnw39pf1haczw1xw4yqggwpng1z-r-simphony-1.0.3
