this derivation will be built:
  /nix/store/q20wac53j8qdqa383smrbhrvzfda5qks-r-OptimModel-2.0-1.drv
this path will be fetched (0.17 MiB download, 0.17 MiB unpacked):
  /nix/store/psmjzzbbyff18zx14hidm1za8zm6fjf7-OptimModel_2.0-1.tar.gz
copying path '/nix/store/psmjzzbbyff18zx14hidm1za8zm6fjf7-OptimModel_2.0-1.tar.gz' from 'https://cache.nixos.org'...
building '/nix/store/q20wac53j8qdqa383smrbhrvzfda5qks-r-OptimModel-2.0-1.drv'...
Running phase: unpackPhase
unpacking source archive /nix/store/psmjzzbbyff18zx14hidm1za8zm6fjf7-OptimModel_2.0-1.tar.gz
source root is OptimModel
setting SOURCE_DATE_EPOCH to timestamp 1710235202 of file OptimModel/MD5
Running phase: patchPhase
Running phase: updateAutotoolsGnuConfigScriptsPhase
Running phase: configurePhase
Running phase: buildPhase
Running phase: checkPhase
Running phase: installPhase
* installing *source* package ‘OptimModel’ ...
** package ‘OptimModel’ correctement décompressé et sommes MD5 vérifiées
** using staged installation
** R
** demo
** inst
** byte-compile and prepare package for lazy loading
** help
*** installing help indices
** building package indices
** installing vignettes
** testing if installed package can be loaded from temporary location
** testing if installed package can be loaded from final location
** testing if installed package keeps a record of temporary installation path
* DONE (OptimModel)
Running phase: fixupPhase
checking for references to /private/tmp/nix-build-r-OptimModel-2.0-1.drv-0/ in /nix/store/rf04nzhhhwpxnfiqfh8vn8ccp6fy5kzp-r-OptimModel-2.0-1...
patching script interpreter paths in /nix/store/rf04nzhhhwpxnfiqfh8vn8ccp6fy5kzp-r-OptimModel-2.0-1
rewriting symlink /nix/store/rf04nzhhhwpxnfiqfh8vn8ccp6fy5kzp-r-OptimModel-2.0-1/nix-support/propagated-user-env-packages to be relative to /nix/store/rf04nzhhhwpxnfiqfh8vn8ccp6fy5kzp-r-OptimModel-2.0-1
