this derivation will be built:
  /nix/store/zz4rj4bcszcdihc9j7x3yyzcbr65g24p-r-rolldown-0.1.drv
this path will be fetched (0.08 MiB download, 0.08 MiB unpacked):
  /nix/store/pmjkv4pkiq3cjmdsdczz9drwyy5v7xsn-rolldown_0.1.tar.gz
copying path '/nix/store/pmjkv4pkiq3cjmdsdczz9drwyy5v7xsn-rolldown_0.1.tar.gz' from 'https://cache.nixos.org'...
building '/nix/store/zz4rj4bcszcdihc9j7x3yyzcbr65g24p-r-rolldown-0.1.drv'...
Running phase: unpackPhase
unpacking source archive /nix/store/pmjkv4pkiq3cjmdsdczz9drwyy5v7xsn-rolldown_0.1.tar.gz
source root is rolldown
setting SOURCE_DATE_EPOCH to timestamp 1563145203 of file rolldown/MD5
Running phase: patchPhase
Running phase: updateAutotoolsGnuConfigScriptsPhase
Running phase: configurePhase
Running phase: buildPhase
Running phase: checkPhase
Running phase: installPhase
* installing *source* package ‘rolldown’ ...
** package ‘rolldown’ correctement décompressé et sommes MD5 vérifiées
** using staged installation
** R
** inst
** byte-compile and prepare package for lazy loading
** help
*** installing help indices
** building package indices
** installing vignettes
** testing if installed package can be loaded from temporary location
** testing if installed package can be loaded from final location
** testing if installed package keeps a record of temporary installation path
* DONE (rolldown)
Running phase: fixupPhase
checking for references to /private/tmp/nix-build-r-rolldown-0.1.drv-0/ in /nix/store/bcx44lf5kk09hc5awyfxjwirq40szx39-r-rolldown-0.1...
patching script interpreter paths in /nix/store/bcx44lf5kk09hc5awyfxjwirq40szx39-r-rolldown-0.1
rewriting symlink /nix/store/bcx44lf5kk09hc5awyfxjwirq40szx39-r-rolldown-0.1/nix-support/propagated-user-env-packages to be relative to /nix/store/bcx44lf5kk09hc5awyfxjwirq40szx39-r-rolldown-0.1
