this derivation will be built:
  /nix/store/p8y8b6rs183fvmvx34dr48bj4dfp6b7c-r-survPen-1.6.0.drv
this path will be fetched (0.96 MiB download, 0.96 MiB unpacked):
  /nix/store/kgkgfyj57sw54i2wk9byw8srn173rf8l-survPen_1.6.0.tar.gz
copying path '/nix/store/kgkgfyj57sw54i2wk9byw8srn173rf8l-survPen_1.6.0.tar.gz' from 'https://cache.nixos.org'...
building '/nix/store/p8y8b6rs183fvmvx34dr48bj4dfp6b7c-r-survPen-1.6.0.drv'...
Running phase: unpackPhase
unpacking source archive /nix/store/kgkgfyj57sw54i2wk9byw8srn173rf8l-survPen_1.6.0.tar.gz
source root is survPen
setting SOURCE_DATE_EPOCH to timestamp 1694649002 of file survPen/MD5
Running phase: patchPhase
Running phase: updateAutotoolsGnuConfigScriptsPhase
Running phase: configurePhase
Running phase: buildPhase
Running phase: checkPhase
Running phase: installPhase
* installing *source* package ‘survPen’ ...
** package ‘survPen’ correctement décompressé et sommes MD5 vérifiées
** using staged installation
** libs
using C++ compiler: ‘clang version 16.0.6’
using SDK: ‘’
/nix/store/v39c0h6xv6hvki2k1bsyp5n090q8y2bp-clang-wrapper-16.0.6/bin/c++ -std=gnu++17 -I"/nix/store/lir8rmsk7dxbj7v1spqmv69z4mafg16l-R-4.4.2/lib/R/include" -DNDEBUG  -I'/nix/store/da7yi2xf3argx9hlnn3f0k95b8y1yx2l-r-Rcpp-1.0.13-1/library/Rcpp/include' -I'/nix/store/rnnw6rgkd98vplpryvk019w9yxx64gnw-r-RcppEigen-0.3.4.0.2/library/RcppEigen/include' -isystem /nix/store/0mmz5i705116bfykc7i1r9jxqwyghj2a-libcxx-16.0.6-dev/include/c++/v1    -fPIC  -g -O2   -c RcppExports.cpp -o RcppExports.o
/nix/store/v39c0h6xv6hvki2k1bsyp5n090q8y2bp-clang-wrapper-16.0.6/bin/c++ -std=gnu++17 -I"/nix/store/lir8rmsk7dxbj7v1spqmv69z4mafg16l-R-4.4.2/lib/R/include" -DNDEBUG  -I'/nix/store/da7yi2xf3argx9hlnn3f0k95b8y1yx2l-r-Rcpp-1.0.13-1/library/Rcpp/include' -I'/nix/store/rnnw6rgkd98vplpryvk019w9yxx64gnw-r-RcppEigen-0.3.4.0.2/library/RcppEigen/include' -isystem /nix/store/0mmz5i705116bfykc7i1r9jxqwyghj2a-libcxx-16.0.6-dev/include/c++/v1    -fPIC  -g -O2   -c rcpp_survPen.cpp -o rcpp_survPen.o
/nix/store/v39c0h6xv6hvki2k1bsyp5n090q8y2bp-clang-wrapper-16.0.6/bin/c++ -std=gnu++17 -dynamiclib -Wl,-headerpad_max_install_names -undefined dynamic_lookup -L/nix/store/lir8rmsk7dxbj7v1spqmv69z4mafg16l-R-4.4.2/lib/R/lib -L/nix/store/88xkgzh5g9xppsg3hdxxxh9q43rnxk6k-libcxx-16.0.6/lib -o survPen.so RcppExports.o rcpp_survPen.o -L/nix/store/plkk3bwn0g0v67pfc4f8j0sixxwdn01f-lapack-3/lib -llapack -L/nix/store/p8mgb558fybdfiqvcc64jaxzgh3c2yms-blas-3/lib -lblas -L/nix/store/h84vsys3h7wkvnwhx3fz6ynrlpla2mpv-gfortran-13.3.0-lib/lib -L/nix/store/3awww7sqz8gygkr9hw5s7wd57iwz1qg3-cctools-binutils-darwin-wrapper-1010.6/bin -L/nix/store/kwlx6bz5n81gqa9kyx6207rzp0yq0pj4-gfortran-13.3.0/lib/gcc/aarch64-apple-darwin/13.3.0 -L/nix/store/kwlx6bz5n81gqa9kyx6207rzp0yq0pj4-gfortran-13.3.0/lib -lemutls_w -lheapt_w -lintl -lgfortran -lquadmath -L/nix/store/lir8rmsk7dxbj7v1spqmv69z4mafg16l-R-4.4.2/lib/R/lib -lR -lintl -Wl,-framework -Wl,CoreFoundation
ld: warning: could not create compact unwind for ___emutls_get_address: does not use standard frame
ld: warning: could not create compact unwind for _allocate_tramp_ctrl: does not use standard frame
ld: warning: could not create compact unwind for ___gcc_nested_func_ptr_created: does not use standard frame
ld: warning: could not create compact unwind for ___gcc_nested_func_ptr_deleted: does not use standard frame
installing to /nix/store/fkw7f65bn91h9w57cyiv32212j9c2l55-r-survPen-1.6.0/library/00LOCK-survPen/00new/survPen/libs
** R
** data
*** moving datasets to lazyload DB
** inst
** byte-compile and prepare package for lazy loading
** help
*** installing help indices
** building package indices
** installing vignettes
** testing if installed package can be loaded from temporary location
** checking absolute paths in shared objects and dynamic libraries
** testing if installed package can be loaded from final location
** testing if installed package keeps a record of temporary installation path
* DONE (survPen)
Running phase: fixupPhase
checking for references to /private/tmp/nix-build-r-survPen-1.6.0.drv-0/ in /nix/store/fkw7f65bn91h9w57cyiv32212j9c2l55-r-survPen-1.6.0...
patching script interpreter paths in /nix/store/fkw7f65bn91h9w57cyiv32212j9c2l55-r-survPen-1.6.0
rewriting symlink /nix/store/fkw7f65bn91h9w57cyiv32212j9c2l55-r-survPen-1.6.0/nix-support/propagated-user-env-packages to be relative to /nix/store/fkw7f65bn91h9w57cyiv32212j9c2l55-r-survPen-1.6.0
