this derivation will be built:
  /nix/store/rsjgd7b78w32xw9fzadhmliy9lngqp3j-r-mwlaxeref-0.0.1.drv
this path will be fetched (3.65 MiB download, 3.65 MiB unpacked):
  /nix/store/gnkd5k0q79fmdn8r6qgh2izqnvi11rjg-mwlaxeref_0.0.1.tar.gz
copying path '/nix/store/gnkd5k0q79fmdn8r6qgh2izqnvi11rjg-mwlaxeref_0.0.1.tar.gz' from 'https://cache.nixos.org'...
building '/nix/store/rsjgd7b78w32xw9fzadhmliy9lngqp3j-r-mwlaxeref-0.0.1.drv'...
Running phase: unpackPhase
unpacking source archive /nix/store/gnkd5k0q79fmdn8r6qgh2izqnvi11rjg-mwlaxeref_0.0.1.tar.gz
source root is mwlaxeref
setting SOURCE_DATE_EPOCH to timestamp 1705576202 of file mwlaxeref/MD5
Running phase: patchPhase
Running phase: updateAutotoolsGnuConfigScriptsPhase
Running phase: configurePhase
Running phase: buildPhase
Running phase: checkPhase
Running phase: installPhase
* installing *source* package ‘mwlaxeref’ ...
** package ‘mwlaxeref’ correctement décompressé et sommes MD5 vérifiées
** using staged installation
** R
** data
*** moving datasets to lazyload DB
** inst
** byte-compile and prepare package for lazy loading
** help
*** installing help indices
*** copying figures
** building package indices
** installing vignettes
** testing if installed package can be loaded from temporary location
** testing if installed package can be loaded from final location
** testing if installed package keeps a record of temporary installation path
* DONE (mwlaxeref)
Running phase: fixupPhase
checking for references to /private/tmp/nix-build-r-mwlaxeref-0.0.1.drv-0/ in /nix/store/pnv4sppa2dkc0s9k4q4n9iirw6d50q58-r-mwlaxeref-0.0.1...
patching script interpreter paths in /nix/store/pnv4sppa2dkc0s9k4q4n9iirw6d50q58-r-mwlaxeref-0.0.1
rewriting symlink /nix/store/pnv4sppa2dkc0s9k4q4n9iirw6d50q58-r-mwlaxeref-0.0.1/nix-support/propagated-user-env-packages to be relative to /nix/store/pnv4sppa2dkc0s9k4q4n9iirw6d50q58-r-mwlaxeref-0.0.1
