these 2 derivations will be built:
  /nix/store/l9dh861xb82rgdhiz78sgjngyz0s8zkk-r-SynchWave-1.1.2.drv
  /nix/store/yx89dfgdns3qqjc8a2g329mpr81bb52x-r-locaR-0.1.2.drv
these 2 paths will be fetched (3.53 MiB download, 3.53 MiB unpacked):
  /nix/store/x3npgymxglz0z3h16rn544w48w76nxn1-SynchWave_1.1.2.tar.gz
  /nix/store/cqwf879b7fp4k2vyy6ppdsilqn3c8f4h-locaR_0.1.2.tar.gz
copying path '/nix/store/cqwf879b7fp4k2vyy6ppdsilqn3c8f4h-locaR_0.1.2.tar.gz' from 'https://cache.nixos.org'...
copying path '/nix/store/x3npgymxglz0z3h16rn544w48w76nxn1-SynchWave_1.1.2.tar.gz' from 'https://cache.nixos.org'...
building '/nix/store/l9dh861xb82rgdhiz78sgjngyz0s8zkk-r-SynchWave-1.1.2.drv'...
Running phase: unpackPhase
unpacking source archive /nix/store/x3npgymxglz0z3h16rn544w48w76nxn1-SynchWave_1.1.2.tar.gz
source root is SynchWave
setting SOURCE_DATE_EPOCH to timestamp 1651922402 of file SynchWave/MD5
Running phase: patchPhase
Running phase: updateAutotoolsGnuConfigScriptsPhase
Running phase: configurePhase
Running phase: buildPhase
Running phase: checkPhase
Running phase: installPhase
* installing *source* package ‘SynchWave’ ...
** package ‘SynchWave’ correctement décompressé et sommes MD5 vérifiées
** using staged installation
** libs
using Fortran compiler: ‘GNU Fortran (GCC) 13.3.0’
using SDK: ‘’
/nix/store/93i6w80axzmddh7kl97br2axr8al13vx-gfortran-wrapper-13.3.0/bin/gfortran  -fPIC  -g -O2  -c  synsq_cwt_squeez.f90 -o synsq_cwt_squeez.o
/nix/store/v39c0h6xv6hvki2k1bsyp5n090q8y2bp-clang-wrapper-16.0.6/bin/cc -dynamiclib -Wl,-headerpad_max_install_names -undefined dynamic_lookup -L/nix/store/lir8rmsk7dxbj7v1spqmv69z4mafg16l-R-4.4.2/lib/R/lib -L/nix/store/88xkgzh5g9xppsg3hdxxxh9q43rnxk6k-libcxx-16.0.6/lib -o SynchWave.so synsq_cwt_squeez.o -L/nix/store/h84vsys3h7wkvnwhx3fz6ynrlpla2mpv-gfortran-13.3.0-lib/lib -L/nix/store/3awww7sqz8gygkr9hw5s7wd57iwz1qg3-cctools-binutils-darwin-wrapper-1010.6/bin -L/nix/store/kwlx6bz5n81gqa9kyx6207rzp0yq0pj4-gfortran-13.3.0/lib/gcc/aarch64-apple-darwin/13.3.0 -L/nix/store/kwlx6bz5n81gqa9kyx6207rzp0yq0pj4-gfortran-13.3.0/lib -lemutls_w -lheapt_w -lintl -lgfortran -lquadmath -L/nix/store/lir8rmsk7dxbj7v1spqmv69z4mafg16l-R-4.4.2/lib/R/lib -lR -lintl -Wl,-framework -Wl,CoreFoundation
ld: warning: could not create compact unwind for _allocate_tramp_ctrl: does not use standard frame
ld: warning: could not create compact unwind for ___gcc_nested_func_ptr_created: does not use standard frame
ld: warning: could not create compact unwind for ___gcc_nested_func_ptr_deleted: does not use standard frame
ld: warning: could not create compact unwind for _synsq_cwt_squeeze_: does not use standard frame
ld: warning: could not create compact unwind for ___emutls_get_address: does not use standard frame
ld: warning: could not create compact unwind for _diff_w_: does not use standard frame
ld: warning: could not create compact unwind for _curve_ext_: does not use standard frame
ld: warning: could not create compact unwind for _imdilate_: does not use standard frame
installing to /nix/store/6yagzqjx4lz65glnc3zh3l22vvf7kqwg-r-SynchWave-1.1.2/library/00LOCK-SynchWave/00new/SynchWave/libs
** R
** byte-compile and prepare package for lazy loading
** help
*** installing help indices
** building package indices
** testing if installed package can be loaded from temporary location
** checking absolute paths in shared objects and dynamic libraries
** testing if installed package can be loaded from final location
** testing if installed package keeps a record of temporary installation path
* DONE (SynchWave)
Running phase: fixupPhase
checking for references to /private/tmp/nix-build-r-SynchWave-1.1.2.drv-0/ in /nix/store/6yagzqjx4lz65glnc3zh3l22vvf7kqwg-r-SynchWave-1.1.2...
patching script interpreter paths in /nix/store/6yagzqjx4lz65glnc3zh3l22vvf7kqwg-r-SynchWave-1.1.2
rewriting symlink /nix/store/6yagzqjx4lz65glnc3zh3l22vvf7kqwg-r-SynchWave-1.1.2/nix-support/propagated-user-env-packages to be relative to /nix/store/6yagzqjx4lz65glnc3zh3l22vvf7kqwg-r-SynchWave-1.1.2
building '/nix/store/yx89dfgdns3qqjc8a2g329mpr81bb52x-r-locaR-0.1.2.drv'...
Running phase: unpackPhase
unpacking source archive /nix/store/cqwf879b7fp4k2vyy6ppdsilqn3c8f4h-locaR_0.1.2.tar.gz
source root is locaR
setting SOURCE_DATE_EPOCH to timestamp 1676562005 of file locaR/MD5
Running phase: patchPhase
Running phase: updateAutotoolsGnuConfigScriptsPhase
Running phase: configurePhase
Running phase: buildPhase
Running phase: checkPhase
Running phase: installPhase
* installing *source* package ‘locaR’ ...
** package ‘locaR’ correctement décompressé et sommes MD5 vérifiées
** using staged installation
** R
** inst
** byte-compile and prepare package for lazy loading
** help
*** installing help indices
*** copying figures
** building package indices
** installing vignettes
** testing if installed package can be loaded from temporary location
** testing if installed package can be loaded from final location
** testing if installed package keeps a record of temporary installation path
* DONE (locaR)
Running phase: fixupPhase
checking for references to /private/tmp/nix-build-r-locaR-0.1.2.drv-0/ in /nix/store/0f8jl804yjigvk1f69p2d5qwbakbjl36-r-locaR-0.1.2...
patching script interpreter paths in /nix/store/0f8jl804yjigvk1f69p2d5qwbakbjl36-r-locaR-0.1.2
rewriting symlink /nix/store/0f8jl804yjigvk1f69p2d5qwbakbjl36-r-locaR-0.1.2/nix-support/propagated-user-env-packages to be relative to /nix/store/0f8jl804yjigvk1f69p2d5qwbakbjl36-r-locaR-0.1.2
