this derivation will be built:
  /nix/store/066xbz29man1plmp3c6kxsiljd61vpvd-r-trajr-1.5.1.drv
this path will be fetched (1.28 MiB download, 1.30 MiB unpacked):
  /nix/store/3lr6ffxc29jmhqk0lcjijhb3cal0dn2k-trajr_1.5.1.tar.gz
copying path '/nix/store/3lr6ffxc29jmhqk0lcjijhb3cal0dn2k-trajr_1.5.1.tar.gz' from 'https://cache.nixos.org'...
building '/nix/store/066xbz29man1plmp3c6kxsiljd61vpvd-r-trajr-1.5.1.drv'...
Running phase: unpackPhase
unpacking source archive /nix/store/3lr6ffxc29jmhqk0lcjijhb3cal0dn2k-trajr_1.5.1.tar.gz
source root is trajr
setting SOURCE_DATE_EPOCH to timestamp 1701239402 of file trajr/MD5
Running phase: patchPhase
Running phase: updateAutotoolsGnuConfigScriptsPhase
Running phase: configurePhase
Running phase: buildPhase
Running phase: checkPhase
Running phase: installPhase
* installing *source* package ‘trajr’ ...
** package ‘trajr’ correctement décompressé et sommes MD5 vérifiées
** using staged installation
** R
** inst
** byte-compile and prepare package for lazy loading
** help
*** installing help indices
** building package indices
** installing vignettes
** testing if installed package can be loaded from temporary location
** testing if installed package can be loaded from final location
** testing if installed package keeps a record of temporary installation path
* DONE (trajr)
Running phase: fixupPhase
checking for references to /private/tmp/nix-build-r-trajr-1.5.1.drv-0/ in /nix/store/wzpgf9zwzs0a7ifkxzz3avbdqr4bmcah-r-trajr-1.5.1...
patching script interpreter paths in /nix/store/wzpgf9zwzs0a7ifkxzz3avbdqr4bmcah-r-trajr-1.5.1
rewriting symlink /nix/store/wzpgf9zwzs0a7ifkxzz3avbdqr4bmcah-r-trajr-1.5.1/nix-support/propagated-user-env-packages to be relative to /nix/store/wzpgf9zwzs0a7ifkxzz3avbdqr4bmcah-r-trajr-1.5.1
