these 2 derivations will be built:
  /nix/store/kac7llz06m61j9w3kh70sblzlajqb6vn-litedown_0.4.tar.gz.drv
  /nix/store/8fzxr6d4z015fq92shcfxjpp3pmnra89-r-litedown-0.4.drv
building '/nix/store/kac7llz06m61j9w3kh70sblzlajqb6vn-litedown_0.4.tar.gz.drv'...

trying https://cran.r-project.org/src/contrib/litedown_0.4.tar.gz
  % Total    % Received % Xferd  Average Speed   Time    Time     Time  Current
                                 Dload  Upload   Total   Spent    Left  Speed
100 94045  100 94045    0     0   532k      0 --:--:-- --:--:-- --:--:--  533k
building '/nix/store/8fzxr6d4z015fq92shcfxjpp3pmnra89-r-litedown-0.4.drv'...
Running phase: unpackPhase
unpacking source archive /nix/store/bsq3mwsx85bldigds5gbxh3nr0s7bd1b-litedown_0.4.tar.gz
source root is litedown
setting SOURCE_DATE_EPOCH to timestamp 1730933409 of file litedown/MD5
Running phase: patchPhase
Running phase: updateAutotoolsGnuConfigScriptsPhase
Running phase: configurePhase
Running phase: buildPhase
Running phase: checkPhase
Running phase: installPhase
* installing *source* package ‘litedown’ ...
** package ‘litedown’ correctement décompressé et sommes MD5 vérifiées
** using staged installation
** R
** inst
** byte-compile and prepare package for lazy loading
** help
*** installing help indices
** building package indices
** installing vignettes
** testing if installed package can be loaded from temporary location
** testing if installed package can be loaded from final location
** testing if installed package keeps a record of temporary installation path
* DONE (litedown)
Running phase: fixupPhase
checking for references to /private/tmp/nix-build-r-litedown-0.4.drv-0/ in /nix/store/bfmhk8gqqns28jbpnzhpzwm2h7kiqa3c-r-litedown-0.4...
patching script interpreter paths in /nix/store/bfmhk8gqqns28jbpnzhpzwm2h7kiqa3c-r-litedown-0.4
rewriting symlink /nix/store/bfmhk8gqqns28jbpnzhpzwm2h7kiqa3c-r-litedown-0.4/nix-support/propagated-user-env-packages to be relative to /nix/store/bfmhk8gqqns28jbpnzhpzwm2h7kiqa3c-r-litedown-0.4
