this derivation will be built:
  /nix/store/9c2qy24259f0c6yly99imsb6zybjbvr8-r-ivitr-0.1.0.drv
this path will be fetched (0.03 MiB download, 0.03 MiB unpacked):
  /nix/store/l1axnibxib2jpv79jpvsqgi9s1z8nabb-ivitr_0.1.0.tar.gz
copying path '/nix/store/l1axnibxib2jpv79jpvsqgi9s1z8nabb-ivitr_0.1.0.tar.gz' from 'https://cache.nixos.org'...
building '/nix/store/9c2qy24259f0c6yly99imsb6zybjbvr8-r-ivitr-0.1.0.drv'...
Running phase: unpackPhase
unpacking source archive /nix/store/l1axnibxib2jpv79jpvsqgi9s1z8nabb-ivitr_0.1.0.tar.gz
source root is ivitr
setting SOURCE_DATE_EPOCH to timestamp 1599813603 of file ivitr/MD5
Running phase: patchPhase
Running phase: updateAutotoolsGnuConfigScriptsPhase
Running phase: configurePhase
Running phase: buildPhase
Running phase: checkPhase
Running phase: installPhase
* installing *source* package ‘ivitr’ ...
** package ‘ivitr’ correctement décompressé et sommes MD5 vérifiées
** using staged installation
** R
** data
*** moving datasets to lazyload DB
** byte-compile and prepare package for lazy loading
** help
*** installing help indices
** building package indices
** testing if installed package can be loaded from temporary location
** testing if installed package can be loaded from final location
** testing if installed package keeps a record of temporary installation path
* DONE (ivitr)
Running phase: fixupPhase
checking for references to /private/tmp/nix-build-r-ivitr-0.1.0.drv-0/ in /nix/store/6dby9cp4g72awf0bxfbfd67dp5vjkh54-r-ivitr-0.1.0...
patching script interpreter paths in /nix/store/6dby9cp4g72awf0bxfbfd67dp5vjkh54-r-ivitr-0.1.0
rewriting symlink /nix/store/6dby9cp4g72awf0bxfbfd67dp5vjkh54-r-ivitr-0.1.0/nix-support/propagated-user-env-packages to be relative to /nix/store/6dby9cp4g72awf0bxfbfd67dp5vjkh54-r-ivitr-0.1.0
