this derivation will be built:
  /nix/store/a2dmzjdfdi2p7zcfps24yacbja6bbcxd-r-spDates-1.1.drv
this path will be fetched (4.42 MiB download, 4.41 MiB unpacked):
  /nix/store/929nf8rkcypbin31givbd0zlklxqxm7f-spDates_1.1.tar.gz
copying path '/nix/store/929nf8rkcypbin31givbd0zlklxqxm7f-spDates_1.1.tar.gz' from 'https://cache.nixos.org'...
building '/nix/store/a2dmzjdfdi2p7zcfps24yacbja6bbcxd-r-spDates-1.1.drv'...
Running phase: unpackPhase
unpacking source archive /nix/store/929nf8rkcypbin31givbd0zlklxqxm7f-spDates_1.1.tar.gz
source root is spDates
setting SOURCE_DATE_EPOCH to timestamp 1665311402 of file spDates/MD5
Running phase: patchPhase
Running phase: updateAutotoolsGnuConfigScriptsPhase
Running phase: configurePhase
Running phase: buildPhase
Running phase: checkPhase
Running phase: installPhase
* installing *source* package ‘spDates’ ...
** package ‘spDates’ correctement décompressé et sommes MD5 vérifiées
** using staged installation
** R
** data
*** moving datasets to lazyload DB
** byte-compile and prepare package for lazy loading
** help
*** installing help indices
*** copying figures
** building package indices
** testing if installed package can be loaded from temporary location
** testing if installed package can be loaded from final location
** testing if installed package keeps a record of temporary installation path
* DONE (spDates)
Running phase: fixupPhase
checking for references to /private/tmp/nix-build-r-spDates-1.1.drv-0/ in /nix/store/x821zwhzj308gpizwdqkfs1jbv55h15k-r-spDates-1.1...
patching script interpreter paths in /nix/store/x821zwhzj308gpizwdqkfs1jbv55h15k-r-spDates-1.1
rewriting symlink /nix/store/x821zwhzj308gpizwdqkfs1jbv55h15k-r-spDates-1.1/nix-support/propagated-user-env-packages to be relative to /nix/store/x821zwhzj308gpizwdqkfs1jbv55h15k-r-spDates-1.1
