this derivation will be built:
  /nix/store/a6d1z3x9h9l7vbxxk3w4xcfma7il8chx-r-MHTmult-0.1.0.drv
this path will be fetched (0.01 MiB download, 0.01 MiB unpacked):
  /nix/store/ii39f77m15hgaqw86w8qnf6r0y4iqhrp-MHTmult_0.1.0.tar.gz
copying path '/nix/store/ii39f77m15hgaqw86w8qnf6r0y4iqhrp-MHTmult_0.1.0.tar.gz' from 'https://cache.nixos.org'...
building '/nix/store/a6d1z3x9h9l7vbxxk3w4xcfma7il8chx-r-MHTmult-0.1.0.drv'...
Running phase: unpackPhase
unpacking source archive /nix/store/ii39f77m15hgaqw86w8qnf6r0y4iqhrp-MHTmult_0.1.0.tar.gz
source root is MHTmult
setting SOURCE_DATE_EPOCH to timestamp 1493655662 of file MHTmult/MD5
Running phase: patchPhase
Running phase: updateAutotoolsGnuConfigScriptsPhase
Running phase: configurePhase
Running phase: buildPhase
Running phase: checkPhase
Running phase: installPhase
* installing *source* package ‘MHTmult’ ...
** package ‘MHTmult’ correctement décompressé et sommes MD5 vérifiées
** using staged installation
** R
** byte-compile and prepare package for lazy loading
** help
*** installing help indices
** building package indices
** testing if installed package can be loaded from temporary location
** testing if installed package can be loaded from final location
** testing if installed package keeps a record of temporary installation path
* DONE (MHTmult)
Running phase: fixupPhase
checking for references to /private/tmp/nix-build-r-MHTmult-0.1.0.drv-0/ in /nix/store/32yqr7sdr4iwlmg7q385wg68623dx211-r-MHTmult-0.1.0...
patching script interpreter paths in /nix/store/32yqr7sdr4iwlmg7q385wg68623dx211-r-MHTmult-0.1.0
