this derivation will be built:
  /nix/store/94ynx1smszxbqv1b8nqbnrnwn6zn0plf-r-pgirmess-2.0.3.drv
this path will be fetched (0.05 MiB download, 0.05 MiB unpacked):
  /nix/store/iprcsmb0qhqv0rk9iymn4xv4mpa2f89q-pgirmess_2.0.3.tar.gz
copying path '/nix/store/iprcsmb0qhqv0rk9iymn4xv4mpa2f89q-pgirmess_2.0.3.tar.gz' from 'https://cache.nixos.org'...
building '/nix/store/94ynx1smszxbqv1b8nqbnrnwn6zn0plf-r-pgirmess-2.0.3.drv'...
Running phase: unpackPhase
unpacking source archive /nix/store/iprcsmb0qhqv0rk9iymn4xv4mpa2f89q-pgirmess_2.0.3.tar.gz
source root is pgirmess
setting SOURCE_DATE_EPOCH to timestamp 1706079602 of file pgirmess/MD5
Running phase: patchPhase
Running phase: updateAutotoolsGnuConfigScriptsPhase
Running phase: configurePhase
Running phase: buildPhase
Running phase: checkPhase
Running phase: installPhase
* installing *source* package ‘pgirmess’ ...
** package ‘pgirmess’ correctement décompressé et sommes MD5 vérifiées
** using staged installation
** R
** data
** byte-compile and prepare package for lazy loading
** help
*** installing help indices
** building package indices
** testing if installed package can be loaded from temporary location
** testing if installed package can be loaded from final location
** testing if installed package keeps a record of temporary installation path
* DONE (pgirmess)
Running phase: fixupPhase
checking for references to /private/tmp/nix-build-r-pgirmess-2.0.3.drv-0/ in /nix/store/dqmnhhaaaixsj28d14ahb92l4q726xf6-r-pgirmess-2.0.3...
patching script interpreter paths in /nix/store/dqmnhhaaaixsj28d14ahb92l4q726xf6-r-pgirmess-2.0.3
rewriting symlink /nix/store/dqmnhhaaaixsj28d14ahb92l4q726xf6-r-pgirmess-2.0.3/nix-support/propagated-user-env-packages to be relative to /nix/store/dqmnhhaaaixsj28d14ahb92l4q726xf6-r-pgirmess-2.0.3
