these 3 derivations will be built:
  /nix/store/jpbaw9hxy4svv4fxqy42asv21s3w42gv-r-RCSF-1.0.2.drv
  /nix/store/k6ds1sy2avjnmm6m57qqi3dmkbvg7bgi-r-VoxR-1.0.0.drv
  /nix/store/g56mq7c1zz05pm5ji9c5j271c847psv6-r-FORTLS-1.4.0.drv
building '/nix/store/jpbaw9hxy4svv4fxqy42asv21s3w42gv-r-RCSF-1.0.2.drv'...
building '/nix/store/k6ds1sy2avjnmm6m57qqi3dmkbvg7bgi-r-VoxR-1.0.0.drv'...
Running phase: unpackPhase
unpacking source archive /nix/store/an1xvrh48n5jdy5ilrm58c5p58v5wh6q-RCSF_1.0.2.tar.gz
source root is RCSF
setting SOURCE_DATE_EPOCH to timestamp 1580844606 of file RCSF/MD5
Running phase: patchPhase
Running phase: updateAutotoolsGnuConfigScriptsPhase
Running phase: configurePhase
Running phase: buildPhase
Running phase: checkPhase
Running phase: installPhase
* installing *source* package ‘RCSF’ ...
** package ‘RCSF’ correctement décompressé et sommes MD5 vérifiées
** using staged installation
** libs
Running phase: unpackPhase
unpacking source archive /nix/store/hz8x5njjn76hbs2kc4qn8g7vsm67rspf-VoxR_1.0.0.tar.gz
using C++ compiler: ‘clang version 16.0.6’
using SDK: ‘’
/nix/store/v39c0h6xv6hvki2k1bsyp5n090q8y2bp-clang-wrapper-16.0.6/bin/c++ -std=gnu++17 -I"/nix/store/lir8rmsk7dxbj7v1spqmv69z4mafg16l-R-4.4.2/lib/R/include" -DNDEBUG  -I'/nix/store/da7yi2xf3argx9hlnn3f0k95b8y1yx2l-r-Rcpp-1.0.13-1/library/Rcpp/include' -isystem /nix/store/0mmz5i705116bfykc7i1r9jxqwyghj2a-libcxx-16.0.6-dev/include/c++/v1    -fPIC  -g -O2   -c CSF.cpp -o CSF.o
/nix/store/v39c0h6xv6hvki2k1bsyp5n090q8y2bp-clang-wrapper-16.0.6/bin/c++ -std=gnu++17 -I"/nix/store/lir8rmsk7dxbj7v1spqmv69z4mafg16l-R-4.4.2/lib/R/include" -DNDEBUG  -I'/nix/store/da7yi2xf3argx9hlnn3f0k95b8y1yx2l-r-Rcpp-1.0.13-1/library/Rcpp/include' -isystem /nix/store/0mmz5i705116bfykc7i1r9jxqwyghj2a-libcxx-16.0.6-dev/include/c++/v1    -fPIC  -g -O2   -c Cloth.cpp -o Cloth.o
/nix/store/v39c0h6xv6hvki2k1bsyp5n090q8y2bp-clang-wrapper-16.0.6/bin/c++ -std=gnu++17 -I"/nix/store/lir8rmsk7dxbj7v1spqmv69z4mafg16l-R-4.4.2/lib/R/include" -DNDEBUG  -I'/nix/store/da7yi2xf3argx9hlnn3f0k95b8y1yx2l-r-Rcpp-1.0.13-1/library/Rcpp/include' -isystem /nix/store/0mmz5i705116bfykc7i1r9jxqwyghj2a-libcxx-16.0.6-dev/include/c++/v1    -fPIC  -g -O2   -c Constraint.cpp -o Constraint.o
/nix/store/v39c0h6xv6hvki2k1bsyp5n090q8y2bp-clang-wrapper-16.0.6/bin/c++ -std=gnu++17 -I"/nix/store/lir8rmsk7dxbj7v1spqmv69z4mafg16l-R-4.4.2/lib/R/include" -DNDEBUG  -I'/nix/store/da7yi2xf3argx9hlnn3f0k95b8y1yx2l-r-Rcpp-1.0.13-1/library/Rcpp/include' -isystem /nix/store/0mmz5i705116bfykc7i1r9jxqwyghj2a-libcxx-16.0.6-dev/include/c++/v1    -fPIC  -g -O2   -c Particle.cpp -o Particle.o
/nix/store/v39c0h6xv6hvki2k1bsyp5n090q8y2bp-clang-wrapper-16.0.6/bin/c++ -std=gnu++17 -I"/nix/store/lir8rmsk7dxbj7v1spqmv69z4mafg16l-R-4.4.2/lib/R/include" -DNDEBUG  -I'/nix/store/da7yi2xf3argx9hlnn3f0k95b8y1yx2l-r-Rcpp-1.0.13-1/library/Rcpp/include' -isystem /nix/store/0mmz5i705116bfykc7i1r9jxqwyghj2a-libcxx-16.0.6-dev/include/c++/v1    -fPIC  -g -O2   -c Progress.cpp -o Progress.o
/nix/store/v39c0h6xv6hvki2k1bsyp5n090q8y2bp-clang-wrapper-16.0.6/bin/c++ -std=gnu++17 -I"/nix/store/lir8rmsk7dxbj7v1spqmv69z4mafg16l-R-4.4.2/lib/R/include" -DNDEBUG  -I'/nix/store/da7yi2xf3argx9hlnn3f0k95b8y1yx2l-r-Rcpp-1.0.13-1/library/Rcpp/include' -isystem /nix/store/0mmz5i705116bfykc7i1r9jxqwyghj2a-libcxx-16.0.6-dev/include/c++/v1    -fPIC  -g -O2   -c R_CSF.cpp -o R_CSF.o
/nix/store/v39c0h6xv6hvki2k1bsyp5n090q8y2bp-clang-wrapper-16.0.6/bin/c++ -std=gnu++17 -I"/nix/store/lir8rmsk7dxbj7v1spqmv69z4mafg16l-R-4.4.2/lib/R/include" -DNDEBUG  -I'/nix/store/da7yi2xf3argx9hlnn3f0k95b8y1yx2l-r-Rcpp-1.0.13-1/library/Rcpp/include' -isystem /nix/store/0mmz5i705116bfykc7i1r9jxqwyghj2a-libcxx-16.0.6-dev/include/c++/v1    -fPIC  -g -O2   -c Rasterization.cpp -o Rasterization.o
/nix/store/v39c0h6xv6hvki2k1bsyp5n090q8y2bp-clang-wrapper-16.0.6/bin/c++ -std=gnu++17 -I"/nix/store/lir8rmsk7dxbj7v1spqmv69z4mafg16l-R-4.4.2/lib/R/include" -DNDEBUG  -I'/nix/store/da7yi2xf3argx9hlnn3f0k95b8y1yx2l-r-Rcpp-1.0.13-1/library/Rcpp/include' -isystem /nix/store/0mmz5i705116bfykc7i1r9jxqwyghj2a-libcxx-16.0.6-dev/include/c++/v1    -fPIC  -g -O2   -c RcppExports.cpp -o RcppExports.o
source root is VoxR
setting SOURCE_DATE_EPOCH to timestamp 1601455808 of file VoxR/MD5
Running phase: patchPhase
Running phase: updateAutotoolsGnuConfigScriptsPhase
Running phase: configurePhase
Running phase: buildPhase
Running phase: checkPhase
Running phase: installPhase
* installing *source* package ‘VoxR’ ...
** package ‘VoxR’ correctement décompressé et sommes MD5 vérifiées
** using staged installation
** R
** inst
** byte-compile and prepare package for lazy loading
In file included from Constraint.cpp:18:
In file included from ./Constraint.h:23:
./Particle.h:83:30: warning: implicit conversion from 'type' (aka 'long') to 'double' changes value from 9223372036854775807 to 9223372036854775808 [-Wimplicit-const-int-float-conversion]
        tmpDist            = MAX_INF;
                           ~ ^~~~~~~
./Particle.h:27:20: note: expanded from macro 'MAX_INF'
#define MAX_INF    std::numeric_limits<long>::max()
                   ^~~~~~~~~~~~~~~~~~~~~~~~~~~~~~~~
./Particle.h:99:28: warning: implicit conversion from 'type' (aka 'long') to 'double' changes value from 9223372036854775807 to 9223372036854775808 [-Wimplicit-const-int-float-conversion]
      tmpDist            = MAX_INF;
                         ~ ^~~~~~~
./Particle.h:27:20: note: expanded from macro 'MAX_INF'
#define MAX_INF    std::numeric_limits<long>::max()
                   ^~~~~~~~~~~~~~~~~~~~~~~~~~~~~~~~
In file included from Particle.cpp:18:
./Particle.h:83:30: warning: implicit conversion from 'type' (aka 'long') to 'double' changes value from 9223372036854775807 to 9223372036854775808 [-Wimplicit-const-int-float-conversion]
        tmpDist            = MAX_INF;
                           ~ ^~~~~~~
./Particle.h:27:20: note: expanded from macro 'MAX_INF'
#define MAX_INF    std::numeric_limits<long>::max()
                   ^~~~~~~~~~~~~~~~~~~~~~~~~~~~~~~~
./Particle.h:99:28: warning: implicit conversion from 'type' (aka 'long') to 'double' changes value from 9223372036854775807 to 9223372036854775808 [-Wimplicit-const-int-float-conversion]
      tmpDist            = MAX_INF;
                         ~ ^~~~~~~
./Particle.h:27:20: note: expanded from macro 'MAX_INF'
#define MAX_INF    std::numeric_limits<long>::max()
                   ^~~~~~~~~~~~~~~~~~~~~~~~~~~~~~~~
In file included from CSF.cpp:23:
In file included from ./Cloth.h:59:
./Particle.h:83:30: warning: implicit conversion from 'type' (aka 'long') to 'double' changes value from 9223372036854775807 to 9223372036854775808 [-Wimplicit-const-int-float-conversion]
        tmpDist            = MAX_INF;
                           ~ ^~~~~~~
./Particle.h:27:20: note: expanded from macro 'MAX_INF'
#define MAX_INF    std::numeric_limits<long>::max()
                   ^~~~~~~~~~~~~~~~~~~~~~~~~~~~~~~~
./Particle.h:99:28: warning: implicit conversion from 'type' (aka 'long') to 'double' changes value from 9223372036854775807 to 9223372036854775808 [-Wimplicit-const-int-float-conversion]
      tmpDist            = MAX_INF;
                         ~ ^~~~~~~
./Particle.h:27:20: note: expanded from macro 'MAX_INF'
#define MAX_INF    std::numeric_limits<long>::max()
                   ^~~~~~~~~~~~~~~~~~~~~~~~~~~~~~~~
In file included from Cloth.cpp:18:
In file included from ./Cloth.h:59:
./Particle.h:83:30: warning: implicit conversion from 'type' (aka 'long') to 'double' changes value from 9223372036854775807 to 9223372036854775808 [-Wimplicit-const-int-float-conversion]
        tmpDist            = MAX_INF;
                           ~ ^~~~~~~
./Particle.h:27:20: note: expanded from macro 'MAX_INF'
#define MAX_INF    std::numeric_limits<long>::max()
                   ^~~~~~~~~~~~~~~~~~~~~~~~~~~~~~~~
./Particle.h:99:28: warning: implicit conversion from 'type' (aka 'long') to 'double' changes value from 9223372036854775807 to 9223372036854775808 [-Wimplicit-const-int-float-conversion]
      tmpDist            = MAX_INF;
                         ~ ^~~~~~~
./Particle.h:27:20: note: expanded from macro 'MAX_INF'
#define MAX_INF    std::numeric_limits<long>::max()
                   ^~~~~~~~~~~~~~~~~~~~~~~~~~~~~~~~
2 warnings generated.
/nix/store/v39c0h6xv6hvki2k1bsyp5n090q8y2bp-clang-wrapper-16.0.6/bin/c++ -std=gnu++17 -I"/nix/store/lir8rmsk7dxbj7v1spqmv69z4mafg16l-R-4.4.2/lib/R/include" -DNDEBUG  -I'/nix/store/da7yi2xf3argx9hlnn3f0k95b8y1yx2l-r-Rcpp-1.0.13-1/library/Rcpp/include' -isystem /nix/store/0mmz5i705116bfykc7i1r9jxqwyghj2a-libcxx-16.0.6-dev/include/c++/v1    -fPIC  -g -O2   -c XYZReader.cpp -o XYZReader.o
In file included from Rasterization.cpp:18:
In file included from ./Rasterization.h:22:
In file included from ./Cloth.h:59:
./Particle.h:83:30: warning: implicit conversion from 'type' (aka 'long') to 'double' changes value from 9223372036854775807 to 9223372036854775808 [-Wimplicit-const-int-float-conversion]
        tmpDist            = MAX_INF;
                           ~ ^~~~~~~
./Particle.h:27:20: note: expanded from macro 'MAX_INF'
#define MAX_INF    std::numeric_limits<long>::max()
                   ^~~~~~~~~~~~~~~~~~~~~~~~~~~~~~~~
./Particle.h:99:28: warning: implicit conversion from 'type' (aka 'long') to 'double' changes value from 9223372036854775807 to 9223372036854775808 [-Wimplicit-const-int-float-conversion]
      tmpDist            = MAX_INF;
                         ~ ^~~~~~~
./Particle.h:27:20: note: expanded from macro 'MAX_INF'
#define MAX_INF    std::numeric_limits<long>::max()
                   ^~~~~~~~~~~~~~~~~~~~~~~~~~~~~~~~
2 warnings generated.
/nix/store/v39c0h6xv6hvki2k1bsyp5n090q8y2bp-clang-wrapper-16.0.6/bin/c++ -std=gnu++17 -I"/nix/store/lir8rmsk7dxbj7v1spqmv69z4mafg16l-R-4.4.2/lib/R/include" -DNDEBUG  -I'/nix/store/da7yi2xf3argx9hlnn3f0k95b8y1yx2l-r-Rcpp-1.0.13-1/library/Rcpp/include' -isystem /nix/store/0mmz5i705116bfykc7i1r9jxqwyghj2a-libcxx-16.0.6-dev/include/c++/v1    -fPIC  -g -O2   -c c2cdist.cpp -o c2cdist.o
** help
*** installing help indices
In file included from c2cdist.cpp:18:
In file included from ./c2cdist.h:22:
In file included from ./Cloth.h:59:
./Particle.h:83:30: warning: implicit conversion from 'type' (aka 'long') to 'double' changes value from 9223372036854775807 to 9223372036854775808 [-Wimplicit-const-int-float-conversion]
        tmpDist            = MAX_INF;
                           ~ ^~~~~~~
./Particle.h:27:20: note: expanded from macro 'MAX_INF'
#define MAX_INF    std::numeric_limits<long>::max()
                   ^~~~~~~~~~~~~~~~~~~~~~~~~~~~~~~~
./Particle.h:99:28: warning: implicit conversion from 'type' (aka 'long') to 'double' changes value from 9223372036854775807 to 9223372036854775808 [-Wimplicit-const-int-float-conversion]
      tmpDist            = MAX_INF;
                         ~ ^~~~~~~
./Particle.h:27:20: note: expanded from macro 'MAX_INF'
#define MAX_INF    std::numeric_limits<long>::max()
                   ^~~~~~~~~~~~~~~~~~~~~~~~~~~~~~~~
** building package indices
2 warnings generated.
** testing if installed package can be loaded from temporary location
/nix/store/v39c0h6xv6hvki2k1bsyp5n090q8y2bp-clang-wrapper-16.0.6/bin/c++ -std=gnu++17 -I"/nix/store/lir8rmsk7dxbj7v1spqmv69z4mafg16l-R-4.4.2/lib/R/include" -DNDEBUG  -I'/nix/store/da7yi2xf3argx9hlnn3f0k95b8y1yx2l-r-Rcpp-1.0.13-1/library/Rcpp/include' -isystem /nix/store/0mmz5i705116bfykc7i1r9jxqwyghj2a-libcxx-16.0.6-dev/include/c++/v1    -fPIC  -g -O2   -c point_cloud.cpp -o point_cloud.o
2 warnings generated.
** testing if installed package can be loaded from final location
** testing if installed package keeps a record of temporary installation path
* DONE (VoxR)
Running phase: fixupPhase
checking for references to /private/tmp/nix-build-r-VoxR-1.0.0.drv-0/ in /nix/store/w56smhvh5i5wn8ycwi4lw5gnk3sjy0cm-r-VoxR-1.0.0...
patching script interpreter paths in /nix/store/w56smhvh5i5wn8ycwi4lw5gnk3sjy0cm-r-VoxR-1.0.0
rewriting symlink /nix/store/w56smhvh5i5wn8ycwi4lw5gnk3sjy0cm-r-VoxR-1.0.0/nix-support/propagated-user-env-packages to be relative to /nix/store/w56smhvh5i5wn8ycwi4lw5gnk3sjy0cm-r-VoxR-1.0.0
2 warnings generated.
2 warnings generated.
/nix/store/v39c0h6xv6hvki2k1bsyp5n090q8y2bp-clang-wrapper-16.0.6/bin/c++ -std=gnu++17 -dynamiclib -Wl,-headerpad_max_install_names -undefined dynamic_lookup -L/nix/store/lir8rmsk7dxbj7v1spqmv69z4mafg16l-R-4.4.2/lib/R/lib -L/nix/store/88xkgzh5g9xppsg3hdxxxh9q43rnxk6k-libcxx-16.0.6/lib -o RCSF.so CSF.o Cloth.o Constraint.o Particle.o Progress.o R_CSF.o Rasterization.o RcppExports.o XYZReader.o c2cdist.o point_cloud.o -L/nix/store/lir8rmsk7dxbj7v1spqmv69z4mafg16l-R-4.4.2/lib/R/lib -lR -lintl -Wl,-framework -Wl,CoreFoundation
installing to /nix/store/bjgm5sjwlh9wbls6p1pm2ph9yskrai06-r-RCSF-1.0.2/library/00LOCK-RCSF/00new/RCSF/libs
** R
** data
*** moving datasets to lazyload DB
** byte-compile and prepare package for lazy loading
** help
*** installing help indices
** building package indices
** testing if installed package can be loaded from temporary location
** checking absolute paths in shared objects and dynamic libraries
** testing if installed package can be loaded from final location
** testing if installed package keeps a record of temporary installation path
* DONE (RCSF)
Running phase: fixupPhase
checking for references to /private/tmp/nix-build-r-RCSF-1.0.2.drv-0/ in /nix/store/bjgm5sjwlh9wbls6p1pm2ph9yskrai06-r-RCSF-1.0.2...
patching script interpreter paths in /nix/store/bjgm5sjwlh9wbls6p1pm2ph9yskrai06-r-RCSF-1.0.2
rewriting symlink /nix/store/bjgm5sjwlh9wbls6p1pm2ph9yskrai06-r-RCSF-1.0.2/nix-support/propagated-user-env-packages to be relative to /nix/store/bjgm5sjwlh9wbls6p1pm2ph9yskrai06-r-RCSF-1.0.2
building '/nix/store/g56mq7c1zz05pm5ji9c5j271c847psv6-r-FORTLS-1.4.0.drv'...
Running phase: unpackPhase
unpacking source archive /nix/store/lrw28lscggj4lpg5bvyrnf08h7kmj13f-FORTLS_1.4.0.tar.gz
source root is FORTLS
setting SOURCE_DATE_EPOCH to timestamp 1705856565 of file FORTLS/MD5
Running phase: patchPhase
Running phase: updateAutotoolsGnuConfigScriptsPhase
Running phase: configurePhase
Running phase: buildPhase
Running phase: checkPhase
Running phase: installPhase
* installing *source* package ‘FORTLS’ ...
** package ‘FORTLS’ correctement décompressé et sommes MD5 vérifiées
** using staged installation
** libs
using C++ compiler: ‘clang version 16.0.6’
using SDK: ‘’
/nix/store/v39c0h6xv6hvki2k1bsyp5n090q8y2bp-clang-wrapper-16.0.6/bin/c++ -std=gnu++17 -I"/nix/store/lir8rmsk7dxbj7v1spqmv69z4mafg16l-R-4.4.2/lib/R/include" -DNDEBUG  -I'/nix/store/da7yi2xf3argx9hlnn3f0k95b8y1yx2l-r-Rcpp-1.0.13-1/library/Rcpp/include' -I'/nix/store/rnnw6rgkd98vplpryvk019w9yxx64gnw-r-RcppEigen-0.3.4.0.2/library/RcppEigen/include' -isystem /nix/store/0mmz5i705116bfykc7i1r9jxqwyghj2a-libcxx-16.0.6-dev/include/c++/v1    -fPIC  -g -O2   -c RcppExports.cpp -o RcppExports.o
/nix/store/v39c0h6xv6hvki2k1bsyp5n090q8y2bp-clang-wrapper-16.0.6/bin/c++ -std=gnu++17 -I"/nix/store/lir8rmsk7dxbj7v1spqmv69z4mafg16l-R-4.4.2/lib/R/include" -DNDEBUG  -I'/nix/store/da7yi2xf3argx9hlnn3f0k95b8y1yx2l-r-Rcpp-1.0.13-1/library/Rcpp/include' -I'/nix/store/rnnw6rgkd98vplpryvk019w9yxx64gnw-r-RcppEigen-0.3.4.0.2/library/RcppEigen/include' -isystem /nix/store/0mmz5i705116bfykc7i1r9jxqwyghj2a-libcxx-16.0.6-dev/include/c++/v1    -fPIC  -g -O2   -c simulations_1.5.cpp -o simulations_1.5.o
/nix/store/v39c0h6xv6hvki2k1bsyp5n090q8y2bp-clang-wrapper-16.0.6/bin/c++ -std=gnu++17 -I"/nix/store/lir8rmsk7dxbj7v1spqmv69z4mafg16l-R-4.4.2/lib/R/include" -DNDEBUG  -I'/nix/store/da7yi2xf3argx9hlnn3f0k95b8y1yx2l-r-Rcpp-1.0.13-1/library/Rcpp/include' -I'/nix/store/rnnw6rgkd98vplpryvk019w9yxx64gnw-r-RcppEigen-0.3.4.0.2/library/RcppEigen/include' -isystem /nix/store/0mmz5i705116bfykc7i1r9jxqwyghj2a-libcxx-16.0.6-dev/include/c++/v1    -fPIC  -g -O2   -c surface_variation_1.3.cpp -o surface_variation_1.3.o
/nix/store/v39c0h6xv6hvki2k1bsyp5n090q8y2bp-clang-wrapper-16.0.6/bin/c++ -std=gnu++17 -dynamiclib -Wl,-headerpad_max_install_names -undefined dynamic_lookup -L/nix/store/lir8rmsk7dxbj7v1spqmv69z4mafg16l-R-4.4.2/lib/R/lib -L/nix/store/88xkgzh5g9xppsg3hdxxxh9q43rnxk6k-libcxx-16.0.6/lib -o FORTLS.so RcppExports.o simulations_1.5.o surface_variation_1.3.o -L/nix/store/lir8rmsk7dxbj7v1spqmv69z4mafg16l-R-4.4.2/lib/R/lib -lR -lintl -Wl,-framework -Wl,CoreFoundation
installing to /nix/store/0fii7x153kfmyjk6fqqwd0729xk8vp4h-r-FORTLS-1.4.0/library/00LOCK-FORTLS/00new/FORTLS/libs
** R
** data
** inst
** byte-compile and prepare package for lazy loading
** help
*** installing help indices
*** copying figures
** building package indices
** installing vignettes
** testing if installed package can be loaded from temporary location
** checking absolute paths in shared objects and dynamic libraries
** testing if installed package can be loaded from final location
** testing if installed package keeps a record of temporary installation path
* DONE (FORTLS)
Running phase: fixupPhase
checking for references to /private/tmp/nix-build-r-FORTLS-1.4.0.drv-0/ in /nix/store/0fii7x153kfmyjk6fqqwd0729xk8vp4h-r-FORTLS-1.4.0...
patching script interpreter paths in /nix/store/0fii7x153kfmyjk6fqqwd0729xk8vp4h-r-FORTLS-1.4.0
rewriting symlink /nix/store/0fii7x153kfmyjk6fqqwd0729xk8vp4h-r-FORTLS-1.4.0/nix-support/propagated-user-env-packages to be relative to /nix/store/0fii7x153kfmyjk6fqqwd0729xk8vp4h-r-FORTLS-1.4.0
