this derivation will be built:
  /nix/store/ghmmfb65zqawpl2qwwgyb5xd3xqqikk4-r-ical-0.1.6.drv
this path will be fetched (0.06 MiB download, 0.06 MiB unpacked):
  /nix/store/1gppmdjxsh9h0hc34hl70171153ibah6-ical_0.1.6.tar.gz
copying path '/nix/store/1gppmdjxsh9h0hc34hl70171153ibah6-ical_0.1.6.tar.gz' from 'https://cache.nixos.org'...
building '/nix/store/ghmmfb65zqawpl2qwwgyb5xd3xqqikk4-r-ical-0.1.6.drv'...
Running phase: unpackPhase
unpacking source archive /nix/store/1gppmdjxsh9h0hc34hl70171153ibah6-ical_0.1.6.tar.gz
source root is ical
setting SOURCE_DATE_EPOCH to timestamp 1548102003 of file ical/MD5
Running phase: patchPhase
Running phase: updateAutotoolsGnuConfigScriptsPhase
Running phase: configurePhase
Running phase: buildPhase
Running phase: checkPhase
Running phase: installPhase
* installing *source* package ‘ical’ ...
** package ‘ical’ correctement décompressé et sommes MD5 vérifiées
** using staged installation
** R
** inst
** byte-compile and prepare package for lazy loading
** help
*** installing help indices
** building package indices
** testing if installed package can be loaded from temporary location
** testing if installed package can be loaded from final location
** testing if installed package keeps a record of temporary installation path
* DONE (ical)
Running phase: fixupPhase
checking for references to /private/tmp/nix-build-r-ical-0.1.6.drv-0/ in /nix/store/ba05qsxclsm1vv572d0q6r80h62rvigx-r-ical-0.1.6...
patching script interpreter paths in /nix/store/ba05qsxclsm1vv572d0q6r80h62rvigx-r-ical-0.1.6
rewriting symlink /nix/store/ba05qsxclsm1vv572d0q6r80h62rvigx-r-ical-0.1.6/nix-support/propagated-user-env-packages to be relative to /nix/store/ba05qsxclsm1vv572d0q6r80h62rvigx-r-ical-0.1.6
