this derivation will be built:
  /nix/store/brwxy2aq4kiipnjnmch4q9djgjprkv5m-r-JFE-2.5.7.drv
this path will be fetched (0.58 MiB download, 0.58 MiB unpacked):
  /nix/store/kysl03iybdk1bmjws1v88v926x5yx0s7-JFE_2.5.7.tar.gz
copying path '/nix/store/kysl03iybdk1bmjws1v88v926x5yx0s7-JFE_2.5.7.tar.gz' from 'https://cache.nixos.org'...
building '/nix/store/brwxy2aq4kiipnjnmch4q9djgjprkv5m-r-JFE-2.5.7.drv'...
Running phase: unpackPhase
unpacking source archive /nix/store/kysl03iybdk1bmjws1v88v926x5yx0s7-JFE_2.5.7.tar.gz
source root is JFE
setting SOURCE_DATE_EPOCH to timestamp 1718095802 of file JFE/MD5
Running phase: patchPhase
Running phase: updateAutotoolsGnuConfigScriptsPhase
Running phase: configurePhase
Running phase: buildPhase
Running phase: checkPhase
Running phase: installPhase
* installing *source* package ‘JFE’ ...
** package ‘JFE’ correctement décompressé et sommes MD5 vérifiées
** using staged installation
** R
** data
*** moving datasets to lazyload DB
** byte-compile and prepare package for lazy loading
** help
*** installing help indices
** building package indices
** testing if installed package can be loaded from temporary location
** testing if installed package can be loaded from final location
** testing if installed package keeps a record of temporary installation path
* DONE (JFE)
Running phase: fixupPhase
checking for references to /private/tmp/nix-build-r-JFE-2.5.7.drv-0/ in /nix/store/fqz523bd2s760chazw05zf9sbp6ngjjq-r-JFE-2.5.7...
patching script interpreter paths in /nix/store/fqz523bd2s760chazw05zf9sbp6ngjjq-r-JFE-2.5.7
rewriting symlink /nix/store/fqz523bd2s760chazw05zf9sbp6ngjjq-r-JFE-2.5.7/nix-support/propagated-user-env-packages to be relative to /nix/store/fqz523bd2s760chazw05zf9sbp6ngjjq-r-JFE-2.5.7
