this derivation will be built:
  /nix/store/wa1amq4ahbi4nnj73xyryf5b3iwl7kwk-r-RSpincalc-1.0.2.drv
building '/nix/store/wa1amq4ahbi4nnj73xyryf5b3iwl7kwk-r-RSpincalc-1.0.2.drv'...
Running phase: unpackPhase
unpacking source archive /nix/store/1ph6sldvy5rl8lc6z8i4l6qn1kr9ly08-RSpincalc_1.0.2.tar.gz
source root is RSpincalc
setting SOURCE_DATE_EPOCH to timestamp 1437130292 of file RSpincalc/MD5
Running phase: patchPhase
Running phase: updateAutotoolsGnuConfigScriptsPhase
Running phase: configurePhase
Running phase: buildPhase
Running phase: checkPhase
Running phase: installPhase
* installing *source* package ‘RSpincalc’ ...
** package ‘RSpincalc’ correctement décompressé et sommes MD5 vérifiées
** using staged installation
** R
** demo
** byte-compile and prepare package for lazy loading
** help
*** installing help indices
** building package indices
** testing if installed package can be loaded from temporary location
** testing if installed package can be loaded from final location
** testing if installed package keeps a record of temporary installation path
* DONE (RSpincalc)
Running phase: fixupPhase
checking for references to /private/tmp/nix-build-r-RSpincalc-1.0.2.drv-0/ in /nix/store/rcjwr5myyn80zcbbmi9rglva4y99pjny-r-RSpincalc-1.0.2...
patching script interpreter paths in /nix/store/rcjwr5myyn80zcbbmi9rglva4y99pjny-r-RSpincalc-1.0.2
