this derivation will be built:
  /nix/store/9xl51lncch2ymc4hfzhgi5l799mb8ca8-r-tidydann-1.0.0.drv
this path will be fetched (0.11 MiB download, 0.11 MiB unpacked):
  /nix/store/ry1g948pz8m4b61czfxy9qpcwk770j2h-tidydann_1.0.0.tar.gz
copying path '/nix/store/ry1g948pz8m4b61czfxy9qpcwk770j2h-tidydann_1.0.0.tar.gz' from 'https://cache.nixos.org'...
building '/nix/store/9xl51lncch2ymc4hfzhgi5l799mb8ca8-r-tidydann-1.0.0.drv'...
Running phase: unpackPhase
unpacking source archive /nix/store/ry1g948pz8m4b61czfxy9qpcwk770j2h-tidydann_1.0.0.tar.gz
source root is tidydann
setting SOURCE_DATE_EPOCH to timestamp 1700469002 of file tidydann/MD5
Running phase: patchPhase
Running phase: updateAutotoolsGnuConfigScriptsPhase
Running phase: configurePhase
Running phase: buildPhase
Running phase: checkPhase
Running phase: installPhase
* installing *source* package ‘tidydann’ ...
** package ‘tidydann’ correctement décompressé et sommes MD5 vérifiées
** using staged installation
** R
** byte-compile and prepare package for lazy loading
** help
*** installing help indices
*** copying figures
** building package indices
** testing if installed package can be loaded from temporary location
** testing if installed package can be loaded from final location
** testing if installed package keeps a record of temporary installation path
* DONE (tidydann)
Running phase: fixupPhase
checking for references to /private/tmp/nix-build-r-tidydann-1.0.0.drv-0/ in /nix/store/61bh5nvln7wdmg2ys9jacgwn19zbn9mc-r-tidydann-1.0.0...
patching script interpreter paths in /nix/store/61bh5nvln7wdmg2ys9jacgwn19zbn9mc-r-tidydann-1.0.0
rewriting symlink /nix/store/61bh5nvln7wdmg2ys9jacgwn19zbn9mc-r-tidydann-1.0.0/nix-support/propagated-user-env-packages to be relative to /nix/store/61bh5nvln7wdmg2ys9jacgwn19zbn9mc-r-tidydann-1.0.0
