this derivation will be built:
  /nix/store/d41y6sch58lkm7rmxxy1yky5if4k4yqn-r-reflimR-1.0.6.drv
this path will be fetched (0.10 MiB download, 0.10 MiB unpacked):
  /nix/store/jjwykyh43n0h7b7qp0ar1n7zx6j6d7bk-reflimR_1.0.6.tar.gz
copying path '/nix/store/jjwykyh43n0h7b7qp0ar1n7zx6j6d7bk-reflimR_1.0.6.tar.gz' from 'https://cache.nixos.org'...
building '/nix/store/d41y6sch58lkm7rmxxy1yky5if4k4yqn-r-reflimR-1.0.6.drv'...
Running phase: unpackPhase
unpacking source archive /nix/store/jjwykyh43n0h7b7qp0ar1n7zx6j6d7bk-reflimR_1.0.6.tar.gz
source root is reflimR
setting SOURCE_DATE_EPOCH to timestamp 1704892202 of file reflimR/MD5
Running phase: patchPhase
Running phase: updateAutotoolsGnuConfigScriptsPhase
Running phase: configurePhase
Running phase: buildPhase
Running phase: checkPhase
Running phase: installPhase
* installing *source* package ‘reflimR’ ...
** package ‘reflimR’ correctement décompressé et sommes MD5 vérifiées
** using staged installation
** R
** data
*** moving datasets to lazyload DB
** inst
** byte-compile and prepare package for lazy loading
** help
*** installing help indices
** building package indices
** installing vignettes
** testing if installed package can be loaded from temporary location
** testing if installed package can be loaded from final location
** testing if installed package keeps a record of temporary installation path
* DONE (reflimR)
Running phase: fixupPhase
checking for references to /private/tmp/nix-build-r-reflimR-1.0.6.drv-0/ in /nix/store/myihbks6b5vq5n1v2k3kidam5cqz1kys-r-reflimR-1.0.6...
patching script interpreter paths in /nix/store/myihbks6b5vq5n1v2k3kidam5cqz1kys-r-reflimR-1.0.6
