this derivation will be built:
  /nix/store/abksa0b26i1fx987w4iv273zfvja8xxi-r-logisticRR-0.3.0.drv
this path will be fetched (0.04 MiB download, 0.04 MiB unpacked):
  /nix/store/8lnrc26j01826h23w7r00rzyrvy26zrk-logisticRR_0.3.0.tar.gz
copying path '/nix/store/8lnrc26j01826h23w7r00rzyrvy26zrk-logisticRR_0.3.0.tar.gz' from 'https://cache.nixos.org'...
building '/nix/store/abksa0b26i1fx987w4iv273zfvja8xxi-r-logisticRR-0.3.0.drv'...
Running phase: unpackPhase
unpacking source archive /nix/store/8lnrc26j01826h23w7r00rzyrvy26zrk-logisticRR_0.3.0.tar.gz
source root is logisticRR
setting SOURCE_DATE_EPOCH to timestamp 1585929615 of file logisticRR/MD5
Running phase: patchPhase
Running phase: updateAutotoolsGnuConfigScriptsPhase
Running phase: configurePhase
Running phase: buildPhase
Running phase: checkPhase
Running phase: installPhase
* installing *source* package ‘logisticRR’ ...
** package ‘logisticRR’ correctement décompressé et sommes MD5 vérifiées
** using staged installation
** R
** inst
** byte-compile and prepare package for lazy loading
** help
*** installing help indices
** building package indices
** installing vignettes
** testing if installed package can be loaded from temporary location
** testing if installed package can be loaded from final location
** testing if installed package keeps a record of temporary installation path
* DONE (logisticRR)
Running phase: fixupPhase
checking for references to /private/tmp/nix-build-r-logisticRR-0.3.0.drv-0/ in /nix/store/fcydqp98a8v6bghis6rha37nxqzbmnvv-r-logisticRR-0.3.0...
patching script interpreter paths in /nix/store/fcydqp98a8v6bghis6rha37nxqzbmnvv-r-logisticRR-0.3.0
rewriting symlink /nix/store/fcydqp98a8v6bghis6rha37nxqzbmnvv-r-logisticRR-0.3.0/nix-support/propagated-user-env-packages to be relative to /nix/store/fcydqp98a8v6bghis6rha37nxqzbmnvv-r-logisticRR-0.3.0
