this derivation will be built:
  /nix/store/lqfif48pa5fd5g7mpcqj7r6w3s2x123d-r-findSVI-0.1.2.drv
building '/nix/store/lqfif48pa5fd5g7mpcqj7r6w3s2x123d-r-findSVI-0.1.2.drv'...
Running phase: unpackPhase
unpacking source archive /nix/store/vwklayr676aqla64bb6zhiyfnzhqq9lm-findSVI_0.1.2.tar.gz
source root is findSVI
setting SOURCE_DATE_EPOCH to timestamp 1692985211 of file findSVI/MD5
Running phase: patchPhase
Running phase: updateAutotoolsGnuConfigScriptsPhase
Running phase: configurePhase
Running phase: buildPhase
Running phase: checkPhase
Running phase: installPhase
* installing *source* package ‘findSVI’ ...
** package ‘findSVI’ correctement décompressé et sommes MD5 vérifiées
** using staged installation
** R
** data
*** moving datasets to lazyload DB
** inst
** byte-compile and prepare package for lazy loading
** help
*** installing help indices
*** copying figures
** building package indices
** installing vignettes
** testing if installed package can be loaded from temporary location
** testing if installed package can be loaded from final location
** testing if installed package keeps a record of temporary installation path
* DONE (findSVI)
Running phase: fixupPhase
checking for references to /private/tmp/nix-build-r-findSVI-0.1.2.drv-0/ in /nix/store/99hv6kicp0vvafm3979sl7avwmnlnj5x-r-findSVI-0.1.2...
patching script interpreter paths in /nix/store/99hv6kicp0vvafm3979sl7avwmnlnj5x-r-findSVI-0.1.2
rewriting symlink /nix/store/99hv6kicp0vvafm3979sl7avwmnlnj5x-r-findSVI-0.1.2/nix-support/propagated-user-env-packages to be relative to /nix/store/99hv6kicp0vvafm3979sl7avwmnlnj5x-r-findSVI-0.1.2
