these 2 derivations will be built:
  /nix/store/hr4c11rdmr5g1rmzwmk3j0r20glsmaim-IncidencePrevalence_0.8.1.tar.gz.drv
  /nix/store/rj9hci537ssqv8nyp40n77w7vn69byhr-r-IncidencePrevalence-0.8.1.drv
building '/nix/store/hr4c11rdmr5g1rmzwmk3j0r20glsmaim-IncidencePrevalence_0.8.1.tar.gz.drv'...

trying https://cran.r-project.org/src/contrib/IncidencePrevalence_0.8.1.tar.gz
  % Total    % Received % Xferd  Average Speed   Time    Time     Time  Current
                                 Dload  Upload   Total   Spent    Left  Speed
100 1606k  100 1606k    0     0  4706k      0 --:--:-- --:--:-- --:--:-- 4712k
building '/nix/store/rj9hci537ssqv8nyp40n77w7vn69byhr-r-IncidencePrevalence-0.8.1.drv'...
Running phase: unpackPhase
unpacking source archive /nix/store/f2mmfl84sdamx9i8v1jgpjn77izb1zwm-IncidencePrevalence_0.8.1.tar.gz
source root is IncidencePrevalence
setting SOURCE_DATE_EPOCH to timestamp 1730415602 of file IncidencePrevalence/MD5
Running phase: patchPhase
Running phase: updateAutotoolsGnuConfigScriptsPhase
Running phase: configurePhase
Running phase: buildPhase
Running phase: checkPhase
Running phase: installPhase
* installing *source* package ‘IncidencePrevalence’ ...
** package ‘IncidencePrevalence’ correctement décompressé et sommes MD5 vérifiées
** using staged installation
** R
** inst
** byte-compile and prepare package for lazy loading
** help
*** installing help indices
*** copying figures
** building package indices
** installing vignettes
** testing if installed package can be loaded from temporary location
** testing if installed package can be loaded from final location
** testing if installed package keeps a record of temporary installation path
* DONE (IncidencePrevalence)
Running phase: fixupPhase
checking for references to /private/tmp/nix-build-r-IncidencePrevalence-0.8.1.drv-0/ in /nix/store/3381m2gpaz45lbqra54i9qqlk1yxdy78-r-IncidencePrevalence-0.8.1...
patching script interpreter paths in /nix/store/3381m2gpaz45lbqra54i9qqlk1yxdy78-r-IncidencePrevalence-0.8.1
rewriting symlink /nix/store/3381m2gpaz45lbqra54i9qqlk1yxdy78-r-IncidencePrevalence-0.8.1/nix-support/propagated-user-env-packages to be relative to /nix/store/3381m2gpaz45lbqra54i9qqlk1yxdy78-r-IncidencePrevalence-0.8.1
