these 2 derivations will be built:
  /nix/store/3d8azrlpxr30mnvqnq7y8smcnjc7bhn6-r2d2_1.0.2.tar.gz.drv
  /nix/store/2mmbmjbnj89jia1yw5hgfgdws8abwrp2-r-r2d2-1.0.2.drv
building '/nix/store/3d8azrlpxr30mnvqnq7y8smcnjc7bhn6-r2d2_1.0.2.tar.gz.drv'...

trying https://cran.r-project.org/src/contrib/r2d2_1.0.2.tar.gz
  % Total    % Received % Xferd  Average Speed   Time    Time     Time  Current
                                 Dload  Upload   Total   Spent    Left  Speed
100 22640  100 22640    0     0   210k      0 --:--:-- --:--:-- --:--:--  212k
building '/nix/store/2mmbmjbnj89jia1yw5hgfgdws8abwrp2-r-r2d2-1.0.2.drv'...
Running phase: unpackPhase
unpacking source archive /nix/store/r8zfc0pp9b7bq78wqr4j2b0xdafam1vz-r2d2_1.0.2.tar.gz
source root is r2d2
setting SOURCE_DATE_EPOCH to timestamp 1729570202 of file r2d2/MD5
Running phase: patchPhase
Running phase: updateAutotoolsGnuConfigScriptsPhase
Running phase: configurePhase
Running phase: buildPhase
Running phase: checkPhase
Running phase: installPhase
* installing *source* package ‘r2d2’ ...
** package ‘r2d2’ correctement décompressé et sommes MD5 vérifiées
** using staged installation
** R
** data
*** moving datasets to lazyload DB
** byte-compile and prepare package for lazy loading
** help
*** installing help indices
** building package indices
** testing if installed package can be loaded from temporary location
** testing if installed package can be loaded from final location
** testing if installed package keeps a record of temporary installation path
* DONE (r2d2)
Running phase: fixupPhase
checking for references to /private/tmp/nix-build-r-r2d2-1.0.2.drv-0/ in /nix/store/hcrrxwyvf5h7jpz6nf5gjl7350ixybkc-r-r2d2-1.0.2...
patching script interpreter paths in /nix/store/hcrrxwyvf5h7jpz6nf5gjl7350ixybkc-r-r2d2-1.0.2
rewriting symlink /nix/store/hcrrxwyvf5h7jpz6nf5gjl7350ixybkc-r-r2d2-1.0.2/nix-support/propagated-user-env-packages to be relative to /nix/store/hcrrxwyvf5h7jpz6nf5gjl7350ixybkc-r-r2d2-1.0.2
