these 2 derivations will be built:
  /nix/store/06imm8gysvbpxbhvl6wwl0k1wrr8hqdr-maicplus_0.1.1.tar.gz.drv
  /nix/store/g6iqm275ch13rm5j9cblzvx7xamnpvwf-r-maicplus-0.1.1.drv
building '/nix/store/06imm8gysvbpxbhvl6wwl0k1wrr8hqdr-maicplus_0.1.1.tar.gz.drv'...

trying https://cran.r-project.org/src/contrib/maicplus_0.1.1.tar.gz
  % Total    % Received % Xferd  Average Speed   Time    Time     Time  Current
                                 Dload  Upload   Total   Spent    Left  Speed
100 1618k  100 1618k    0     0  3338k      0 --:--:-- --:--:-- --:--:-- 3336k
building '/nix/store/g6iqm275ch13rm5j9cblzvx7xamnpvwf-r-maicplus-0.1.1.drv'...
Running phase: unpackPhase
unpacking source archive /nix/store/69n2pl98gqbhlyzg09n18fpb5llmpcw5-maicplus_0.1.1.tar.gz
source root is maicplus
setting SOURCE_DATE_EPOCH to timestamp 1732272002 of file maicplus/MD5
Running phase: patchPhase
Running phase: updateAutotoolsGnuConfigScriptsPhase
Running phase: configurePhase
Running phase: buildPhase
Running phase: checkPhase
Running phase: installPhase
* installing *source* package ‘maicplus’ ...
** package ‘maicplus’ correctement décompressé et sommes MD5 vérifiées
** using staged installation
** R
** data
*** moving datasets to lazyload DB
** inst
** byte-compile and prepare package for lazy loading
** help
*** installing help indices
*** copying figures
** building package indices
** installing vignettes
** testing if installed package can be loaded from temporary location
** testing if installed package can be loaded from final location
** testing if installed package keeps a record of temporary installation path
* DONE (maicplus)
Running phase: fixupPhase
checking for references to /private/tmp/nix-build-r-maicplus-0.1.1.drv-0/ in /nix/store/1bxhyim3pw6srs5aw475ajynr0f2jqfz-r-maicplus-0.1.1...
patching script interpreter paths in /nix/store/1bxhyim3pw6srs5aw475ajynr0f2jqfz-r-maicplus-0.1.1
rewriting symlink /nix/store/1bxhyim3pw6srs5aw475ajynr0f2jqfz-r-maicplus-0.1.1/nix-support/propagated-user-env-packages to be relative to /nix/store/1bxhyim3pw6srs5aw475ajynr0f2jqfz-r-maicplus-0.1.1
