this derivation will be built:
  /nix/store/86r8fc2wm83w8vlqxw9nn81qmrpmp40x-r-spsur-1.0.2.5.drv
this path will be fetched (2.21 MiB download, 2.26 MiB unpacked):
  /nix/store/z1i455vsvx4z76pcycyiq88v06gpg5m5-spsur_1.0.2.5.tar.gz
copying path '/nix/store/z1i455vsvx4z76pcycyiq88v06gpg5m5-spsur_1.0.2.5.tar.gz' from 'https://cache.nixos.org'...
building '/nix/store/86r8fc2wm83w8vlqxw9nn81qmrpmp40x-r-spsur-1.0.2.5.drv'...
Running phase: unpackPhase
unpacking source archive /nix/store/z1i455vsvx4z76pcycyiq88v06gpg5m5-spsur_1.0.2.5.tar.gz
source root is spsur
setting SOURCE_DATE_EPOCH to timestamp 1667080343 of file spsur/MD5
Running phase: patchPhase
Running phase: updateAutotoolsGnuConfigScriptsPhase
Running phase: configurePhase
Running phase: buildPhase
Running phase: checkPhase
Running phase: installPhase
* installing *source* package ‘spsur’ ...
** package ‘spsur’ correctement décompressé et sommes MD5 vérifiées
** using staged installation
** R
** data
*** moving datasets to lazyload DB
** demo
** inst
** byte-compile and prepare package for lazy loading
** help
*** installing help indices
** building package indices
** installing vignettes
** testing if installed package can be loaded from temporary location
** testing if installed package can be loaded from final location
** testing if installed package keeps a record of temporary installation path
* DONE (spsur)
Running phase: fixupPhase
checking for references to /private/tmp/nix-build-r-spsur-1.0.2.5.drv-0/ in /nix/store/pg1lnfkab5p09siikpmk7knsfz93i1cw-r-spsur-1.0.2.5...
patching script interpreter paths in /nix/store/pg1lnfkab5p09siikpmk7knsfz93i1cw-r-spsur-1.0.2.5
rewriting symlink /nix/store/pg1lnfkab5p09siikpmk7knsfz93i1cw-r-spsur-1.0.2.5/nix-support/propagated-user-env-packages to be relative to /nix/store/pg1lnfkab5p09siikpmk7knsfz93i1cw-r-spsur-1.0.2.5
