this derivation will be built:
  /nix/store/wsrq3zspx9z7wfw9hari88rc58bwwzpz-r-chattr-0.2.0.drv
building '/nix/store/wsrq3zspx9z7wfw9hari88rc58bwwzpz-r-chattr-0.2.0.drv'...
Running phase: unpackPhase
unpacking source archive /nix/store/nkp736irdf9c7m1xnw8h71yh3vc9l1h3-chattr_0.2.0.tar.gz
source root is chattr
setting SOURCE_DATE_EPOCH to timestamp 1722267602 of file chattr/MD5
Running phase: patchPhase
Running phase: updateAutotoolsGnuConfigScriptsPhase
Running phase: configurePhase
Running phase: buildPhase
Running phase: checkPhase
Running phase: installPhase
* installing *source* package ‘chattr’ ...
** package ‘chattr’ correctement décompressé et sommes MD5 vérifiées
** using staged installation
** R
** inst
** byte-compile and prepare package for lazy loading
** help
*** installing help indices
*** copying figures
** building package indices
** installing vignettes
** testing if installed package can be loaded from temporary location
** testing if installed package can be loaded from final location
** testing if installed package keeps a record of temporary installation path
* DONE (chattr)
Running phase: fixupPhase
checking for references to /private/tmp/nix-build-r-chattr-0.2.0.drv-0/ in /nix/store/p9ykcksr97c4caybpq4kf28kg4p0gs62-r-chattr-0.2.0...
patching script interpreter paths in /nix/store/p9ykcksr97c4caybpq4kf28kg4p0gs62-r-chattr-0.2.0
rewriting symlink /nix/store/p9ykcksr97c4caybpq4kf28kg4p0gs62-r-chattr-0.2.0/nix-support/propagated-user-env-packages to be relative to /nix/store/p9ykcksr97c4caybpq4kf28kg4p0gs62-r-chattr-0.2.0
