this derivation will be built:
  /nix/store/immzrmna13y2jhxwl0ggvyjsxzgqdq6b-r-TGST-1.0.drv
this path will be fetched (0.04 MiB download, 0.04 MiB unpacked):
  /nix/store/rsawd3qg0h9j0n1hvvf977rrx1jfrrqs-TGST_1.0.tar.gz
copying path '/nix/store/rsawd3qg0h9j0n1hvvf977rrx1jfrrqs-TGST_1.0.tar.gz' from 'https://cache.nixos.org'...
building '/nix/store/immzrmna13y2jhxwl0ggvyjsxzgqdq6b-r-TGST-1.0.drv'...
Running phase: unpackPhase
unpacking source archive /nix/store/rsawd3qg0h9j0n1hvvf977rrx1jfrrqs-TGST_1.0.tar.gz
source root is TGST
setting SOURCE_DATE_EPOCH to timestamp 1606125005 of file TGST/MD5
Running phase: patchPhase
Running phase: updateAutotoolsGnuConfigScriptsPhase
Running phase: configurePhase
Running phase: buildPhase
Running phase: checkPhase
Running phase: installPhase
* installing *source* package ‘TGST’ ...
** package ‘TGST’ correctement décompressé et sommes MD5 vérifiées
** using staged installation
** R
** data
*** moving datasets to lazyload DB
** inst
** byte-compile and prepare package for lazy loading
** help
*** installing help indices
** building package indices
** installing vignettes
** testing if installed package can be loaded from temporary location
** testing if installed package can be loaded from final location
** testing if installed package keeps a record of temporary installation path
* DONE (TGST)
Running phase: fixupPhase
checking for references to /private/tmp/nix-build-r-TGST-1.0.drv-0/ in /nix/store/2h3d1azqx1hx73az6zj68xdgp1lgn85q-r-TGST-1.0...
patching script interpreter paths in /nix/store/2h3d1azqx1hx73az6zj68xdgp1lgn85q-r-TGST-1.0
rewriting symlink /nix/store/2h3d1azqx1hx73az6zj68xdgp1lgn85q-r-TGST-1.0/nix-support/propagated-user-env-packages to be relative to /nix/store/2h3d1azqx1hx73az6zj68xdgp1lgn85q-r-TGST-1.0
