this derivation will be built:
  /nix/store/4hf3swrzz80iliggb9dn5q359awz1bfx-r-easycensus-1.1.1.drv
building '/nix/store/4hf3swrzz80iliggb9dn5q359awz1bfx-r-easycensus-1.1.1.drv'...
Running phase: unpackPhase
unpacking source archive /nix/store/x3jf5cb8f9bvbz3nlsrpz0zc26xbdby0-easycensus_1.1.1.tar.gz
source root is easycensus
setting SOURCE_DATE_EPOCH to timestamp 1679343602 of file easycensus/MD5
Running phase: patchPhase
Running phase: updateAutotoolsGnuConfigScriptsPhase
Running phase: configurePhase
Running phase: buildPhase
Running phase: checkPhase
Running phase: installPhase
* installing *source* package ‘easycensus’ ...
** package ‘easycensus’ correctement décompressé et sommes MD5 vérifiées
** using staged installation
** R
** data
*** moving datasets to lazyload DB
** byte-compile and prepare package for lazy loading
** help
*** installing help indices
*** copying figures
** building package indices
** testing if installed package can be loaded from temporary location
** testing if installed package can be loaded from final location
** testing if installed package keeps a record of temporary installation path
* DONE (easycensus)
Running phase: fixupPhase
checking for references to /private/tmp/nix-build-r-easycensus-1.1.1.drv-0/ in /nix/store/wb88pcjk8ixf5av3dgqkqg1frdp8xk7i-r-easycensus-1.1.1...
patching script interpreter paths in /nix/store/wb88pcjk8ixf5av3dgqkqg1frdp8xk7i-r-easycensus-1.1.1
rewriting symlink /nix/store/wb88pcjk8ixf5av3dgqkqg1frdp8xk7i-r-easycensus-1.1.1/nix-support/propagated-user-env-packages to be relative to /nix/store/wb88pcjk8ixf5av3dgqkqg1frdp8xk7i-r-easycensus-1.1.1
