this derivation will be built:
  /nix/store/ipa46021pqsqrjlhk63xpqlqs29rh5km-r-singcar-0.1.5.drv
this path will be fetched (0.17 MiB download, 0.17 MiB unpacked):
  /nix/store/pyr4h4ah9irxvx4j5difha3hbnigzfjp-singcar_0.1.5.tar.gz
copying path '/nix/store/pyr4h4ah9irxvx4j5difha3hbnigzfjp-singcar_0.1.5.tar.gz' from 'https://cache.nixos.org'...
building '/nix/store/ipa46021pqsqrjlhk63xpqlqs29rh5km-r-singcar-0.1.5.drv'...
Running phase: unpackPhase
unpacking source archive /nix/store/pyr4h4ah9irxvx4j5difha3hbnigzfjp-singcar_0.1.5.tar.gz
source root is singcar
setting SOURCE_DATE_EPOCH to timestamp 1678957802 of file singcar/MD5
Running phase: patchPhase
Running phase: updateAutotoolsGnuConfigScriptsPhase
Running phase: configurePhase
Running phase: buildPhase
Running phase: checkPhase
Running phase: installPhase
* installing *source* package ‘singcar’ ...
** package ‘singcar’ correctement décompressé et sommes MD5 vérifiées
** using staged installation
** R
** data
*** moving datasets to lazyload DB
** inst
** byte-compile and prepare package for lazy loading
** help
*** installing help indices
** building package indices
** installing vignettes
** testing if installed package can be loaded from temporary location
** testing if installed package can be loaded from final location
** testing if installed package keeps a record of temporary installation path
* DONE (singcar)
Running phase: fixupPhase
checking for references to /private/tmp/nix-build-r-singcar-0.1.5.drv-0/ in /nix/store/7y2ns54hr5jzhqmsy4gazaflrhbk44ls-r-singcar-0.1.5...
patching script interpreter paths in /nix/store/7y2ns54hr5jzhqmsy4gazaflrhbk44ls-r-singcar-0.1.5
rewriting symlink /nix/store/7y2ns54hr5jzhqmsy4gazaflrhbk44ls-r-singcar-0.1.5/nix-support/propagated-user-env-packages to be relative to /nix/store/7y2ns54hr5jzhqmsy4gazaflrhbk44ls-r-singcar-0.1.5
