this derivation will be built:
  /nix/store/g0sw3izk61yfi1bfb7qpkln8dlmrqli0-r-MSGARCH-2.51.drv
this path will be fetched (0.16 MiB download, 0.16 MiB unpacked):
  /nix/store/yfkgnyzbjlsyfcsg11hd33m3csjqs9i6-MSGARCH_2.51.tar.gz
copying path '/nix/store/yfkgnyzbjlsyfcsg11hd33m3csjqs9i6-MSGARCH_2.51.tar.gz' from 'https://cache.nixos.org'...
building '/nix/store/g0sw3izk61yfi1bfb7qpkln8dlmrqli0-r-MSGARCH-2.51.drv'...
Running phase: unpackPhase
unpacking source archive /nix/store/yfkgnyzbjlsyfcsg11hd33m3csjqs9i6-MSGARCH_2.51.tar.gz
source root is MSGARCH
setting SOURCE_DATE_EPOCH to timestamp 1670265150 of file MSGARCH/MD5
Running phase: patchPhase
Running phase: updateAutotoolsGnuConfigScriptsPhase
Running phase: configurePhase
Running phase: buildPhase
Running phase: checkPhase
Running phase: installPhase
* installing *source* package ‘MSGARCH’ ...
** package ‘MSGARCH’ correctement décompressé et sommes MD5 vérifiées
** using staged installation
** libs
using C++ compiler: ‘clang version 16.0.6’
using SDK: ‘’
/nix/store/v39c0h6xv6hvki2k1bsyp5n090q8y2bp-clang-wrapper-16.0.6/bin/c++ -std=gnu++17 -I"/nix/store/lir8rmsk7dxbj7v1spqmv69z4mafg16l-R-4.4.2/lib/R/include" -DNDEBUG  -I'/nix/store/da7yi2xf3argx9hlnn3f0k95b8y1yx2l-r-Rcpp-1.0.13-1/library/Rcpp/include' -I'/nix/store/4w8j39mxla47i5piv5f0z7cwxnb50wds-r-RcppArmadillo-14.2.0-1/library/RcppArmadillo/include' -isystem /nix/store/0mmz5i705116bfykc7i1r9jxqwyghj2a-libcxx-16.0.6-dev/include/c++/v1    -fPIC  -g -O2   -c Decoding.cpp -o Decoding.o
/nix/store/v39c0h6xv6hvki2k1bsyp5n090q8y2bp-clang-wrapper-16.0.6/bin/c++ -std=gnu++17 -I"/nix/store/lir8rmsk7dxbj7v1spqmv69z4mafg16l-R-4.4.2/lib/R/include" -DNDEBUG  -I'/nix/store/da7yi2xf3argx9hlnn3f0k95b8y1yx2l-r-Rcpp-1.0.13-1/library/Rcpp/include' -I'/nix/store/4w8j39mxla47i5piv5f0z7cwxnb50wds-r-RcppArmadillo-14.2.0-1/library/RcppArmadillo/include' -isystem /nix/store/0mmz5i705116bfykc7i1r9jxqwyghj2a-libcxx-16.0.6-dev/include/c++/v1    -fPIC  -g -O2   -c EM.cpp -o EM.o
/nix/store/v39c0h6xv6hvki2k1bsyp5n090q8y2bp-clang-wrapper-16.0.6/bin/c++ -std=gnu++17 -I"/nix/store/lir8rmsk7dxbj7v1spqmv69z4mafg16l-R-4.4.2/lib/R/include" -DNDEBUG  -I'/nix/store/da7yi2xf3argx9hlnn3f0k95b8y1yx2l-r-Rcpp-1.0.13-1/library/Rcpp/include' -I'/nix/store/4w8j39mxla47i5piv5f0z7cwxnb50wds-r-RcppArmadillo-14.2.0-1/library/RcppArmadillo/include' -isystem /nix/store/0mmz5i705116bfykc7i1r9jxqwyghj2a-libcxx-16.0.6-dev/include/c++/v1    -fPIC  -g -O2   -c Egarch.cpp -o Egarch.o
/nix/store/v39c0h6xv6hvki2k1bsyp5n090q8y2bp-clang-wrapper-16.0.6/bin/c++ -std=gnu++17 -I"/nix/store/lir8rmsk7dxbj7v1spqmv69z4mafg16l-R-4.4.2/lib/R/include" -DNDEBUG  -I'/nix/store/da7yi2xf3argx9hlnn3f0k95b8y1yx2l-r-Rcpp-1.0.13-1/library/Rcpp/include' -I'/nix/store/4w8j39mxla47i5piv5f0z7cwxnb50wds-r-RcppArmadillo-14.2.0-1/library/RcppArmadillo/include' -isystem /nix/store/0mmz5i705116bfykc7i1r9jxqwyghj2a-libcxx-16.0.6-dev/include/c++/v1    -fPIC  -g -O2   -c Ged.cpp -o Ged.o
/nix/store/v39c0h6xv6hvki2k1bsyp5n090q8y2bp-clang-wrapper-16.0.6/bin/c++ -std=gnu++17 -I"/nix/store/lir8rmsk7dxbj7v1spqmv69z4mafg16l-R-4.4.2/lib/R/include" -DNDEBUG  -I'/nix/store/da7yi2xf3argx9hlnn3f0k95b8y1yx2l-r-Rcpp-1.0.13-1/library/Rcpp/include' -I'/nix/store/4w8j39mxla47i5piv5f0z7cwxnb50wds-r-RcppArmadillo-14.2.0-1/library/RcppArmadillo/include' -isystem /nix/store/0mmz5i705116bfykc7i1r9jxqwyghj2a-libcxx-16.0.6-dev/include/c++/v1    -fPIC  -g -O2   -c MSgarch.cpp -o MSgarch.o
/nix/store/v39c0h6xv6hvki2k1bsyp5n090q8y2bp-clang-wrapper-16.0.6/bin/c++ -std=gnu++17 -I"/nix/store/lir8rmsk7dxbj7v1spqmv69z4mafg16l-R-4.4.2/lib/R/include" -DNDEBUG  -I'/nix/store/da7yi2xf3argx9hlnn3f0k95b8y1yx2l-r-Rcpp-1.0.13-1/library/Rcpp/include' -I'/nix/store/4w8j39mxla47i5piv5f0z7cwxnb50wds-r-RcppArmadillo-14.2.0-1/library/RcppArmadillo/include' -isystem /nix/store/0mmz5i705116bfykc7i1r9jxqwyghj2a-libcxx-16.0.6-dev/include/c++/v1    -fPIC  -g -O2   -c Mapping.cpp -o Mapping.o
/nix/store/v39c0h6xv6hvki2k1bsyp5n090q8y2bp-clang-wrapper-16.0.6/bin/c++ -std=gnu++17 -I"/nix/store/lir8rmsk7dxbj7v1spqmv69z4mafg16l-R-4.4.2/lib/R/include" -DNDEBUG  -I'/nix/store/da7yi2xf3argx9hlnn3f0k95b8y1yx2l-r-Rcpp-1.0.13-1/library/Rcpp/include' -I'/nix/store/4w8j39mxla47i5piv5f0z7cwxnb50wds-r-RcppArmadillo-14.2.0-1/library/RcppArmadillo/include' -isystem /nix/store/0mmz5i705116bfykc7i1r9jxqwyghj2a-libcxx-16.0.6-dev/include/c++/v1    -fPIC  -g -O2   -c Normal.cpp -o Normal.o
/nix/store/v39c0h6xv6hvki2k1bsyp5n090q8y2bp-clang-wrapper-16.0.6/bin/c++ -std=gnu++17 -I"/nix/store/lir8rmsk7dxbj7v1spqmv69z4mafg16l-R-4.4.2/lib/R/include" -DNDEBUG  -I'/nix/store/da7yi2xf3argx9hlnn3f0k95b8y1yx2l-r-Rcpp-1.0.13-1/library/Rcpp/include' -I'/nix/store/4w8j39mxla47i5piv5f0z7cwxnb50wds-r-RcppArmadillo-14.2.0-1/library/RcppArmadillo/include' -isystem /nix/store/0mmz5i705116bfykc7i1r9jxqwyghj2a-libcxx-16.0.6-dev/include/c++/v1    -fPIC  -g -O2   -c RcppExports.cpp -o RcppExports.o
/nix/store/v39c0h6xv6hvki2k1bsyp5n090q8y2bp-clang-wrapper-16.0.6/bin/c++ -std=gnu++17 -I"/nix/store/lir8rmsk7dxbj7v1spqmv69z4mafg16l-R-4.4.2/lib/R/include" -DNDEBUG  -I'/nix/store/da7yi2xf3argx9hlnn3f0k95b8y1yx2l-r-Rcpp-1.0.13-1/library/Rcpp/include' -I'/nix/store/4w8j39mxla47i5piv5f0z7cwxnb50wds-r-RcppArmadillo-14.2.0-1/library/RcppArmadillo/include' -isystem /nix/store/0mmz5i705116bfykc7i1r9jxqwyghj2a-libcxx-16.0.6-dev/include/c++/v1    -fPIC  -g -O2   -c Student.cpp -o Student.o
/nix/store/v39c0h6xv6hvki2k1bsyp5n090q8y2bp-clang-wrapper-16.0.6/bin/c++ -std=gnu++17 -I"/nix/store/lir8rmsk7dxbj7v1spqmv69z4mafg16l-R-4.4.2/lib/R/include" -DNDEBUG  -I'/nix/store/da7yi2xf3argx9hlnn3f0k95b8y1yx2l-r-Rcpp-1.0.13-1/library/Rcpp/include' -I'/nix/store/4w8j39mxla47i5piv5f0z7cwxnb50wds-r-RcppArmadillo-14.2.0-1/library/RcppArmadillo/include' -isystem /nix/store/0mmz5i705116bfykc7i1r9jxqwyghj2a-libcxx-16.0.6-dev/include/c++/v1    -fPIC  -g -O2   -c Tgarch.cpp -o Tgarch.o
/nix/store/v39c0h6xv6hvki2k1bsyp5n090q8y2bp-clang-wrapper-16.0.6/bin/c++ -std=gnu++17 -I"/nix/store/lir8rmsk7dxbj7v1spqmv69z4mafg16l-R-4.4.2/lib/R/include" -DNDEBUG  -I'/nix/store/da7yi2xf3argx9hlnn3f0k95b8y1yx2l-r-Rcpp-1.0.13-1/library/Rcpp/include' -I'/nix/store/4w8j39mxla47i5piv5f0z7cwxnb50wds-r-RcppArmadillo-14.2.0-1/library/RcppArmadillo/include' -isystem /nix/store/0mmz5i705116bfykc7i1r9jxqwyghj2a-libcxx-16.0.6-dev/include/c++/v1    -fPIC  -g -O2   -c adaptMCMC.cpp -o adaptMCMC.o
/nix/store/v39c0h6xv6hvki2k1bsyp5n090q8y2bp-clang-wrapper-16.0.6/bin/c++ -std=gnu++17 -I"/nix/store/lir8rmsk7dxbj7v1spqmv69z4mafg16l-R-4.4.2/lib/R/include" -DNDEBUG  -I'/nix/store/da7yi2xf3argx9hlnn3f0k95b8y1yx2l-r-Rcpp-1.0.13-1/library/Rcpp/include' -I'/nix/store/4w8j39mxla47i5piv5f0z7cwxnb50wds-r-RcppArmadillo-14.2.0-1/library/RcppArmadillo/include' -isystem /nix/store/0mmz5i705116bfykc7i1r9jxqwyghj2a-libcxx-16.0.6-dev/include/c++/v1    -fPIC  -g -O2   -c gjrGARCH.cpp -o gjrGARCH.o
/nix/store/v39c0h6xv6hvki2k1bsyp5n090q8y2bp-clang-wrapper-16.0.6/bin/c++ -std=gnu++17 -I"/nix/store/lir8rmsk7dxbj7v1spqmv69z4mafg16l-R-4.4.2/lib/R/include" -DNDEBUG  -I'/nix/store/da7yi2xf3argx9hlnn3f0k95b8y1yx2l-r-Rcpp-1.0.13-1/library/Rcpp/include' -I'/nix/store/4w8j39mxla47i5piv5f0z7cwxnb50wds-r-RcppArmadillo-14.2.0-1/library/RcppArmadillo/include' -isystem /nix/store/0mmz5i705116bfykc7i1r9jxqwyghj2a-libcxx-16.0.6-dev/include/c++/v1    -fPIC  -g -O2   -c pdf_c.cpp -o pdf_c.o
/nix/store/v39c0h6xv6hvki2k1bsyp5n090q8y2bp-clang-wrapper-16.0.6/bin/c++ -std=gnu++17 -I"/nix/store/lir8rmsk7dxbj7v1spqmv69z4mafg16l-R-4.4.2/lib/R/include" -DNDEBUG  -I'/nix/store/da7yi2xf3argx9hlnn3f0k95b8y1yx2l-r-Rcpp-1.0.13-1/library/Rcpp/include' -I'/nix/store/4w8j39mxla47i5piv5f0z7cwxnb50wds-r-RcppArmadillo-14.2.0-1/library/RcppArmadillo/include' -isystem /nix/store/0mmz5i705116bfykc7i1r9jxqwyghj2a-libcxx-16.0.6-dev/include/c++/v1    -fPIC  -g -O2   -c sARCH.cpp -o sARCH.o
/nix/store/v39c0h6xv6hvki2k1bsyp5n090q8y2bp-clang-wrapper-16.0.6/bin/c++ -std=gnu++17 -I"/nix/store/lir8rmsk7dxbj7v1spqmv69z4mafg16l-R-4.4.2/lib/R/include" -DNDEBUG  -I'/nix/store/da7yi2xf3argx9hlnn3f0k95b8y1yx2l-r-Rcpp-1.0.13-1/library/Rcpp/include' -I'/nix/store/4w8j39mxla47i5piv5f0z7cwxnb50wds-r-RcppArmadillo-14.2.0-1/library/RcppArmadillo/include' -isystem /nix/store/0mmz5i705116bfykc7i1r9jxqwyghj2a-libcxx-16.0.6-dev/include/c++/v1    -fPIC  -g -O2   -c sGARCH.cpp -o sGARCH.o
/nix/store/v39c0h6xv6hvki2k1bsyp5n090q8y2bp-clang-wrapper-16.0.6/bin/c++ -std=gnu++17 -dynamiclib -Wl,-headerpad_max_install_names -undefined dynamic_lookup -L/nix/store/lir8rmsk7dxbj7v1spqmv69z4mafg16l-R-4.4.2/lib/R/lib -L/nix/store/88xkgzh5g9xppsg3hdxxxh9q43rnxk6k-libcxx-16.0.6/lib -o MSGARCH.so Decoding.o EM.o Egarch.o Ged.o MSgarch.o Mapping.o Normal.o RcppExports.o Student.o Tgarch.o adaptMCMC.o gjrGARCH.o pdf_c.o sARCH.o sGARCH.o -L/nix/store/plkk3bwn0g0v67pfc4f8j0sixxwdn01f-lapack-3/lib -llapack -L/nix/store/p8mgb558fybdfiqvcc64jaxzgh3c2yms-blas-3/lib -lblas -L/nix/store/h84vsys3h7wkvnwhx3fz6ynrlpla2mpv-gfortran-13.3.0-lib/lib -L/nix/store/3awww7sqz8gygkr9hw5s7wd57iwz1qg3-cctools-binutils-darwin-wrapper-1010.6/bin -L/nix/store/kwlx6bz5n81gqa9kyx6207rzp0yq0pj4-gfortran-13.3.0/lib/gcc/aarch64-apple-darwin/13.3.0 -L/nix/store/kwlx6bz5n81gqa9kyx6207rzp0yq0pj4-gfortran-13.3.0/lib -lemutls_w -lheapt_w -lintl -lgfortran -lquadmath -L/nix/store/lir8rmsk7dxbj7v1spqmv69z4mafg16l-R-4.4.2/lib/R/lib -lR -lintl -Wl,-framework -Wl,CoreFoundation
ld: warning: could not create compact unwind for ___emutls_get_address: does not use standard frame
ld: warning: could not create compact unwind for _allocate_tramp_ctrl: does not use standard frame
ld: warning: could not create compact unwind for ___gcc_nested_func_ptr_created: does not use standard frame
ld: warning: could not create compact unwind for ___gcc_nested_func_ptr_deleted: does not use standard frame
installing to /nix/store/0d863fml3awnwc5r8r16dg0rbabrgynk-r-MSGARCH-2.51/library/00LOCK-MSGARCH/00new/MSGARCH/libs
** R
** data
** inst
** byte-compile and prepare package for lazy loading
** help
*** installing help indices
** building package indices
** testing if installed package can be loaded from temporary location
le code des méthodes de la classe “Rcpp_MSgarch” n'a pas été vérifié pour les affectations de champs suspectes (package recommandé ‘codetools’ indisponible ?)
le code des méthodes de la classe “Rcpp_MSgarch” n'a pas été vérifié pour les affectations de champs suspectes (package recommandé ‘codetools’ indisponible ?)
le code des méthodes de la classe “Rcpp_sARCH_ged” n'a pas été vérifié pour les affectations de champs suspectes (package recommandé ‘codetools’ indisponible ?)
le code des méthodes de la classe “Rcpp_sARCH_ged” n'a pas été vérifié pour les affectations de champs suspectes (package recommandé ‘codetools’ indisponible ?)
le code des méthodes de la classe “Rcpp_sARCH_norm” n'a pas été vérifié pour les affectations de champs suspectes (package recommandé ‘codetools’ indisponible ?)
le code des méthodes de la classe “Rcpp_sARCH_norm” n'a pas été vérifié pour les affectations de champs suspectes (package recommandé ‘codetools’ indisponible ?)
le code des méthodes de la classe “Rcpp_sARCH_sged” n'a pas été vérifié pour les affectations de champs suspectes (package recommandé ‘codetools’ indisponible ?)
le code des méthodes de la classe “Rcpp_sARCH_sged” n'a pas été vérifié pour les affectations de champs suspectes (package recommandé ‘codetools’ indisponible ?)
le code des méthodes de la classe “Rcpp_sARCH_snorm” n'a pas été vérifié pour les affectations de champs suspectes (package recommandé ‘codetools’ indisponible ?)
le code des méthodes de la classe “Rcpp_sARCH_snorm” n'a pas été vérifié pour les affectations de champs suspectes (package recommandé ‘codetools’ indisponible ?)
le code des méthodes de la classe “Rcpp_sARCH_sstd” n'a pas été vérifié pour les affectations de champs suspectes (package recommandé ‘codetools’ indisponible ?)
le code des méthodes de la classe “Rcpp_sARCH_sstd” n'a pas été vérifié pour les affectations de champs suspectes (package recommandé ‘codetools’ indisponible ?)
le code des méthodes de la classe “Rcpp_sARCH_std” n'a pas été vérifié pour les affectations de champs suspectes (package recommandé ‘codetools’ indisponible ?)
le code des méthodes de la classe “Rcpp_sARCH_std” n'a pas été vérifié pour les affectations de champs suspectes (package recommandé ‘codetools’ indisponible ?)
le code des méthodes de la classe “Rcpp_sGARCH_ged” n'a pas été vérifié pour les affectations de champs suspectes (package recommandé ‘codetools’ indisponible ?)
le code des méthodes de la classe “Rcpp_sGARCH_ged” n'a pas été vérifié pour les affectations de champs suspectes (package recommandé ‘codetools’ indisponible ?)
le code des méthodes de la classe “Rcpp_sGARCH_norm” n'a pas été vérifié pour les affectations de champs suspectes (package recommandé ‘codetools’ indisponible ?)
le code des méthodes de la classe “Rcpp_sGARCH_norm” n'a pas été vérifié pour les affectations de champs suspectes (package recommandé ‘codetools’ indisponible ?)
le code des méthodes de la classe “Rcpp_sGARCH_sged” n'a pas été vérifié pour les affectations de champs suspectes (package recommandé ‘codetools’ indisponible ?)
le code des méthodes de la classe “Rcpp_sGARCH_sged” n'a pas été vérifié pour les affectations de champs suspectes (package recommandé ‘codetools’ indisponible ?)
le code des méthodes de la classe “Rcpp_sGARCH_snorm” n'a pas été vérifié pour les affectations de champs suspectes (package recommandé ‘codetools’ indisponible ?)
le code des méthodes de la classe “Rcpp_sGARCH_snorm” n'a pas été vérifié pour les affectations de champs suspectes (package recommandé ‘codetools’ indisponible ?)
le code des méthodes de la classe “Rcpp_sGARCH_sstd” n'a pas été vérifié pour les affectations de champs suspectes (package recommandé ‘codetools’ indisponible ?)
le code des méthodes de la classe “Rcpp_sGARCH_sstd” n'a pas été vérifié pour les affectations de champs suspectes (package recommandé ‘codetools’ indisponible ?)
le code des méthodes de la classe “Rcpp_sGARCH_std” n'a pas été vérifié pour les affectations de champs suspectes (package recommandé ‘codetools’ indisponible ?)
le code des méthodes de la classe “Rcpp_sGARCH_std” n'a pas été vérifié pour les affectations de champs suspectes (package recommandé ‘codetools’ indisponible ?)
le code des méthodes de la classe “Rcpp_eGARCH_ged” n'a pas été vérifié pour les affectations de champs suspectes (package recommandé ‘codetools’ indisponible ?)
le code des méthodes de la classe “Rcpp_eGARCH_ged” n'a pas été vérifié pour les affectations de champs suspectes (package recommandé ‘codetools’ indisponible ?)
le code des méthodes de la classe “Rcpp_eGARCH_norm” n'a pas été vérifié pour les affectations de champs suspectes (package recommandé ‘codetools’ indisponible ?)
le code des méthodes de la classe “Rcpp_eGARCH_norm” n'a pas été vérifié pour les affectations de champs suspectes (package recommandé ‘codetools’ indisponible ?)
le code des méthodes de la classe “Rcpp_eGARCH_sged” n'a pas été vérifié pour les affectations de champs suspectes (package recommandé ‘codetools’ indisponible ?)
le code des méthodes de la classe “Rcpp_eGARCH_sged” n'a pas été vérifié pour les affectations de champs suspectes (package recommandé ‘codetools’ indisponible ?)
le code des méthodes de la classe “Rcpp_eGARCH_snorm” n'a pas été vérifié pour les affectations de champs suspectes (package recommandé ‘codetools’ indisponible ?)
le code des méthodes de la classe “Rcpp_eGARCH_snorm” n'a pas été vérifié pour les affectations de champs suspectes (package recommandé ‘codetools’ indisponible ?)
le code des méthodes de la classe “Rcpp_eGARCH_sstd” n'a pas été vérifié pour les affectations de champs suspectes (package recommandé ‘codetools’ indisponible ?)
le code des méthodes de la classe “Rcpp_eGARCH_sstd” n'a pas été vérifié pour les affectations de champs suspectes (package recommandé ‘codetools’ indisponible ?)
le code des méthodes de la classe “Rcpp_eGARCH_std” n'a pas été vérifié pour les affectations de champs suspectes (package recommandé ‘codetools’ indisponible ?)
le code des méthodes de la classe “Rcpp_eGARCH_std” n'a pas été vérifié pour les affectations de champs suspectes (package recommandé ‘codetools’ indisponible ?)
le code des méthodes de la classe “Rcpp_gjrGARCH_ged” n'a pas été vérifié pour les affectations de champs suspectes (package recommandé ‘codetools’ indisponible ?)
le code des méthodes de la classe “Rcpp_gjrGARCH_ged” n'a pas été vérifié pour les affectations de champs suspectes (package recommandé ‘codetools’ indisponible ?)
le code des méthodes de la classe “Rcpp_gjrGARCH_norm” n'a pas été vérifié pour les affectations de champs suspectes (package recommandé ‘codetools’ indisponible ?)
le code des méthodes de la classe “Rcpp_gjrGARCH_norm” n'a pas été vérifié pour les affectations de champs suspectes (package recommandé ‘codetools’ indisponible ?)
le code des méthodes de la classe “Rcpp_gjrGARCH_sged” n'a pas été vérifié pour les affectations de champs suspectes (package recommandé ‘codetools’ indisponible ?)
le code des méthodes de la classe “Rcpp_gjrGARCH_sged” n'a pas été vérifié pour les affectations de champs suspectes (package recommandé ‘codetools’ indisponible ?)
le code des méthodes de la classe “Rcpp_gjrGARCH_snorm” n'a pas été vérifié pour les affectations de champs suspectes (package recommandé ‘codetools’ indisponible ?)
le code des méthodes de la classe “Rcpp_gjrGARCH_snorm” n'a pas été vérifié pour les affectations de champs suspectes (package recommandé ‘codetools’ indisponible ?)
le code des méthodes de la classe “Rcpp_gjrGARCH_sstd” n'a pas été vérifié pour les affectations de champs suspectes (package recommandé ‘codetools’ indisponible ?)
le code des méthodes de la classe “Rcpp_gjrGARCH_sstd” n'a pas été vérifié pour les affectations de champs suspectes (package recommandé ‘codetools’ indisponible ?)
le code des méthodes de la classe “Rcpp_gjrGARCH_std” n'a pas été vérifié pour les affectations de champs suspectes (package recommandé ‘codetools’ indisponible ?)
le code des méthodes de la classe “Rcpp_gjrGARCH_std” n'a pas été vérifié pour les affectations de champs suspectes (package recommandé ‘codetools’ indisponible ?)
le code des méthodes de la classe “Rcpp_tGARCH_ged” n'a pas été vérifié pour les affectations de champs suspectes (package recommandé ‘codetools’ indisponible ?)
le code des méthodes de la classe “Rcpp_tGARCH_ged” n'a pas été vérifié pour les affectations de champs suspectes (package recommandé ‘codetools’ indisponible ?)
le code des méthodes de la classe “Rcpp_tGARCH_norm” n'a pas été vérifié pour les affectations de champs suspectes (package recommandé ‘codetools’ indisponible ?)
le code des méthodes de la classe “Rcpp_tGARCH_norm” n'a pas été vérifié pour les affectations de champs suspectes (package recommandé ‘codetools’ indisponible ?)
le code des méthodes de la classe “Rcpp_tGARCH_sged” n'a pas été vérifié pour les affectations de champs suspectes (package recommandé ‘codetools’ indisponible ?)
le code des méthodes de la classe “Rcpp_tGARCH_sged” n'a pas été vérifié pour les affectations de champs suspectes (package recommandé ‘codetools’ indisponible ?)
le code des méthodes de la classe “Rcpp_tGARCH_snorm” n'a pas été vérifié pour les affectations de champs suspectes (package recommandé ‘codetools’ indisponible ?)
le code des méthodes de la classe “Rcpp_tGARCH_snorm” n'a pas été vérifié pour les affectations de champs suspectes (package recommandé ‘codetools’ indisponible ?)
le code des méthodes de la classe “Rcpp_tGARCH_sstd” n'a pas été vérifié pour les affectations de champs suspectes (package recommandé ‘codetools’ indisponible ?)
le code des méthodes de la classe “Rcpp_tGARCH_sstd” n'a pas été vérifié pour les affectations de champs suspectes (package recommandé ‘codetools’ indisponible ?)
le code des méthodes de la classe “Rcpp_tGARCH_std” n'a pas été vérifié pour les affectations de champs suspectes (package recommandé ‘codetools’ indisponible ?)
le code des méthodes de la classe “Rcpp_tGARCH_std” n'a pas été vérifié pour les affectations de champs suspectes (package recommandé ‘codetools’ indisponible ?)
le code des méthodes de la classe “Rcpp_norm_skew” n'a pas été vérifié pour les affectations de champs suspectes (package recommandé ‘codetools’ indisponible ?)
le code des méthodes de la classe “Rcpp_norm_skew” n'a pas été vérifié pour les affectations de champs suspectes (package recommandé ‘codetools’ indisponible ?)
le code des méthodes de la classe “Rcpp_norm_sym” n'a pas été vérifié pour les affectations de champs suspectes (package recommandé ‘codetools’ indisponible ?)
le code des méthodes de la classe “Rcpp_norm_sym” n'a pas été vérifié pour les affectations de champs suspectes (package recommandé ‘codetools’ indisponible ?)
le code des méthodes de la classe “Rcpp_std_skew” n'a pas été vérifié pour les affectations de champs suspectes (package recommandé ‘codetools’ indisponible ?)
le code des méthodes de la classe “Rcpp_std_skew” n'a pas été vérifié pour les affectations de champs suspectes (package recommandé ‘codetools’ indisponible ?)
le code des méthodes de la classe “Rcpp_std_sym” n'a pas été vérifié pour les affectations de champs suspectes (package recommandé ‘codetools’ indisponible ?)
le code des méthodes de la classe “Rcpp_std_sym” n'a pas été vérifié pour les affectations de champs suspectes (package recommandé ‘codetools’ indisponible ?)
le code des méthodes de la classe “Rcpp_ged_skew” n'a pas été vérifié pour les affectations de champs suspectes (package recommandé ‘codetools’ indisponible ?)
le code des méthodes de la classe “Rcpp_ged_skew” n'a pas été vérifié pour les affectations de champs suspectes (package recommandé ‘codetools’ indisponible ?)
le code des méthodes de la classe “Rcpp_ged_sym” n'a pas été vérifié pour les affectations de champs suspectes (package recommandé ‘codetools’ indisponible ?)
le code des méthodes de la classe “Rcpp_ged_sym” n'a pas été vérifié pour les affectations de champs suspectes (package recommandé ‘codetools’ indisponible ?)
** checking absolute paths in shared objects and dynamic libraries
** testing if installed package can be loaded from final location
le code des méthodes de la classe “Rcpp_MSgarch” n'a pas été vérifié pour les affectations de champs suspectes (package recommandé ‘codetools’ indisponible ?)
le code des méthodes de la classe “Rcpp_MSgarch” n'a pas été vérifié pour les affectations de champs suspectes (package recommandé ‘codetools’ indisponible ?)
le code des méthodes de la classe “Rcpp_sARCH_ged” n'a pas été vérifié pour les affectations de champs suspectes (package recommandé ‘codetools’ indisponible ?)
le code des méthodes de la classe “Rcpp_sARCH_ged” n'a pas été vérifié pour les affectations de champs suspectes (package recommandé ‘codetools’ indisponible ?)
le code des méthodes de la classe “Rcpp_sARCH_norm” n'a pas été vérifié pour les affectations de champs suspectes (package recommandé ‘codetools’ indisponible ?)
le code des méthodes de la classe “Rcpp_sARCH_norm” n'a pas été vérifié pour les affectations de champs suspectes (package recommandé ‘codetools’ indisponible ?)
le code des méthodes de la classe “Rcpp_sARCH_sged” n'a pas été vérifié pour les affectations de champs suspectes (package recommandé ‘codetools’ indisponible ?)
le code des méthodes de la classe “Rcpp_sARCH_sged” n'a pas été vérifié pour les affectations de champs suspectes (package recommandé ‘codetools’ indisponible ?)
le code des méthodes de la classe “Rcpp_sARCH_snorm” n'a pas été vérifié pour les affectations de champs suspectes (package recommandé ‘codetools’ indisponible ?)
le code des méthodes de la classe “Rcpp_sARCH_snorm” n'a pas été vérifié pour les affectations de champs suspectes (package recommandé ‘codetools’ indisponible ?)
le code des méthodes de la classe “Rcpp_sARCH_sstd” n'a pas été vérifié pour les affectations de champs suspectes (package recommandé ‘codetools’ indisponible ?)
le code des méthodes de la classe “Rcpp_sARCH_sstd” n'a pas été vérifié pour les affectations de champs suspectes (package recommandé ‘codetools’ indisponible ?)
le code des méthodes de la classe “Rcpp_sARCH_std” n'a pas été vérifié pour les affectations de champs suspectes (package recommandé ‘codetools’ indisponible ?)
le code des méthodes de la classe “Rcpp_sARCH_std” n'a pas été vérifié pour les affectations de champs suspectes (package recommandé ‘codetools’ indisponible ?)
le code des méthodes de la classe “Rcpp_sGARCH_ged” n'a pas été vérifié pour les affectations de champs suspectes (package recommandé ‘codetools’ indisponible ?)
le code des méthodes de la classe “Rcpp_sGARCH_ged” n'a pas été vérifié pour les affectations de champs suspectes (package recommandé ‘codetools’ indisponible ?)
le code des méthodes de la classe “Rcpp_sGARCH_norm” n'a pas été vérifié pour les affectations de champs suspectes (package recommandé ‘codetools’ indisponible ?)
le code des méthodes de la classe “Rcpp_sGARCH_norm” n'a pas été vérifié pour les affectations de champs suspectes (package recommandé ‘codetools’ indisponible ?)
le code des méthodes de la classe “Rcpp_sGARCH_sged” n'a pas été vérifié pour les affectations de champs suspectes (package recommandé ‘codetools’ indisponible ?)
le code des méthodes de la classe “Rcpp_sGARCH_sged” n'a pas été vérifié pour les affectations de champs suspectes (package recommandé ‘codetools’ indisponible ?)
le code des méthodes de la classe “Rcpp_sGARCH_snorm” n'a pas été vérifié pour les affectations de champs suspectes (package recommandé ‘codetools’ indisponible ?)
le code des méthodes de la classe “Rcpp_sGARCH_snorm” n'a pas été vérifié pour les affectations de champs suspectes (package recommandé ‘codetools’ indisponible ?)
le code des méthodes de la classe “Rcpp_sGARCH_sstd” n'a pas été vérifié pour les affectations de champs suspectes (package recommandé ‘codetools’ indisponible ?)
le code des méthodes de la classe “Rcpp_sGARCH_sstd” n'a pas été vérifié pour les affectations de champs suspectes (package recommandé ‘codetools’ indisponible ?)
le code des méthodes de la classe “Rcpp_sGARCH_std” n'a pas été vérifié pour les affectations de champs suspectes (package recommandé ‘codetools’ indisponible ?)
le code des méthodes de la classe “Rcpp_sGARCH_std” n'a pas été vérifié pour les affectations de champs suspectes (package recommandé ‘codetools’ indisponible ?)
le code des méthodes de la classe “Rcpp_eGARCH_ged” n'a pas été vérifié pour les affectations de champs suspectes (package recommandé ‘codetools’ indisponible ?)
le code des méthodes de la classe “Rcpp_eGARCH_ged” n'a pas été vérifié pour les affectations de champs suspectes (package recommandé ‘codetools’ indisponible ?)
le code des méthodes de la classe “Rcpp_eGARCH_norm” n'a pas été vérifié pour les affectations de champs suspectes (package recommandé ‘codetools’ indisponible ?)
le code des méthodes de la classe “Rcpp_eGARCH_norm” n'a pas été vérifié pour les affectations de champs suspectes (package recommandé ‘codetools’ indisponible ?)
le code des méthodes de la classe “Rcpp_eGARCH_sged” n'a pas été vérifié pour les affectations de champs suspectes (package recommandé ‘codetools’ indisponible ?)
le code des méthodes de la classe “Rcpp_eGARCH_sged” n'a pas été vérifié pour les affectations de champs suspectes (package recommandé ‘codetools’ indisponible ?)
le code des méthodes de la classe “Rcpp_eGARCH_snorm” n'a pas été vérifié pour les affectations de champs suspectes (package recommandé ‘codetools’ indisponible ?)
le code des méthodes de la classe “Rcpp_eGARCH_snorm” n'a pas été vérifié pour les affectations de champs suspectes (package recommandé ‘codetools’ indisponible ?)
le code des méthodes de la classe “Rcpp_eGARCH_sstd” n'a pas été vérifié pour les affectations de champs suspectes (package recommandé ‘codetools’ indisponible ?)
le code des méthodes de la classe “Rcpp_eGARCH_sstd” n'a pas été vérifié pour les affectations de champs suspectes (package recommandé ‘codetools’ indisponible ?)
le code des méthodes de la classe “Rcpp_eGARCH_std” n'a pas été vérifié pour les affectations de champs suspectes (package recommandé ‘codetools’ indisponible ?)
le code des méthodes de la classe “Rcpp_eGARCH_std” n'a pas été vérifié pour les affectations de champs suspectes (package recommandé ‘codetools’ indisponible ?)
le code des méthodes de la classe “Rcpp_gjrGARCH_ged” n'a pas été vérifié pour les affectations de champs suspectes (package recommandé ‘codetools’ indisponible ?)
le code des méthodes de la classe “Rcpp_gjrGARCH_ged” n'a pas été vérifié pour les affectations de champs suspectes (package recommandé ‘codetools’ indisponible ?)
le code des méthodes de la classe “Rcpp_gjrGARCH_norm” n'a pas été vérifié pour les affectations de champs suspectes (package recommandé ‘codetools’ indisponible ?)
le code des méthodes de la classe “Rcpp_gjrGARCH_norm” n'a pas été vérifié pour les affectations de champs suspectes (package recommandé ‘codetools’ indisponible ?)
le code des méthodes de la classe “Rcpp_gjrGARCH_sged” n'a pas été vérifié pour les affectations de champs suspectes (package recommandé ‘codetools’ indisponible ?)
le code des méthodes de la classe “Rcpp_gjrGARCH_sged” n'a pas été vérifié pour les affectations de champs suspectes (package recommandé ‘codetools’ indisponible ?)
le code des méthodes de la classe “Rcpp_gjrGARCH_snorm” n'a pas été vérifié pour les affectations de champs suspectes (package recommandé ‘codetools’ indisponible ?)
le code des méthodes de la classe “Rcpp_gjrGARCH_snorm” n'a pas été vérifié pour les affectations de champs suspectes (package recommandé ‘codetools’ indisponible ?)
le code des méthodes de la classe “Rcpp_gjrGARCH_sstd” n'a pas été vérifié pour les affectations de champs suspectes (package recommandé ‘codetools’ indisponible ?)
le code des méthodes de la classe “Rcpp_gjrGARCH_sstd” n'a pas été vérifié pour les affectations de champs suspectes (package recommandé ‘codetools’ indisponible ?)
le code des méthodes de la classe “Rcpp_gjrGARCH_std” n'a pas été vérifié pour les affectations de champs suspectes (package recommandé ‘codetools’ indisponible ?)
le code des méthodes de la classe “Rcpp_gjrGARCH_std” n'a pas été vérifié pour les affectations de champs suspectes (package recommandé ‘codetools’ indisponible ?)
le code des méthodes de la classe “Rcpp_tGARCH_ged” n'a pas été vérifié pour les affectations de champs suspectes (package recommandé ‘codetools’ indisponible ?)
le code des méthodes de la classe “Rcpp_tGARCH_ged” n'a pas été vérifié pour les affectations de champs suspectes (package recommandé ‘codetools’ indisponible ?)
le code des méthodes de la classe “Rcpp_tGARCH_norm” n'a pas été vérifié pour les affectations de champs suspectes (package recommandé ‘codetools’ indisponible ?)
le code des méthodes de la classe “Rcpp_tGARCH_norm” n'a pas été vérifié pour les affectations de champs suspectes (package recommandé ‘codetools’ indisponible ?)
le code des méthodes de la classe “Rcpp_tGARCH_sged” n'a pas été vérifié pour les affectations de champs suspectes (package recommandé ‘codetools’ indisponible ?)
le code des méthodes de la classe “Rcpp_tGARCH_sged” n'a pas été vérifié pour les affectations de champs suspectes (package recommandé ‘codetools’ indisponible ?)
le code des méthodes de la classe “Rcpp_tGARCH_snorm” n'a pas été vérifié pour les affectations de champs suspectes (package recommandé ‘codetools’ indisponible ?)
le code des méthodes de la classe “Rcpp_tGARCH_snorm” n'a pas été vérifié pour les affectations de champs suspectes (package recommandé ‘codetools’ indisponible ?)
le code des méthodes de la classe “Rcpp_tGARCH_sstd” n'a pas été vérifié pour les affectations de champs suspectes (package recommandé ‘codetools’ indisponible ?)
le code des méthodes de la classe “Rcpp_tGARCH_sstd” n'a pas été vérifié pour les affectations de champs suspectes (package recommandé ‘codetools’ indisponible ?)
le code des méthodes de la classe “Rcpp_tGARCH_std” n'a pas été vérifié pour les affectations de champs suspectes (package recommandé ‘codetools’ indisponible ?)
le code des méthodes de la classe “Rcpp_tGARCH_std” n'a pas été vérifié pour les affectations de champs suspectes (package recommandé ‘codetools’ indisponible ?)
le code des méthodes de la classe “Rcpp_norm_skew” n'a pas été vérifié pour les affectations de champs suspectes (package recommandé ‘codetools’ indisponible ?)
le code des méthodes de la classe “Rcpp_norm_skew” n'a pas été vérifié pour les affectations de champs suspectes (package recommandé ‘codetools’ indisponible ?)
le code des méthodes de la classe “Rcpp_norm_sym” n'a pas été vérifié pour les affectations de champs suspectes (package recommandé ‘codetools’ indisponible ?)
le code des méthodes de la classe “Rcpp_norm_sym” n'a pas été vérifié pour les affectations de champs suspectes (package recommandé ‘codetools’ indisponible ?)
le code des méthodes de la classe “Rcpp_std_skew” n'a pas été vérifié pour les affectations de champs suspectes (package recommandé ‘codetools’ indisponible ?)
le code des méthodes de la classe “Rcpp_std_skew” n'a pas été vérifié pour les affectations de champs suspectes (package recommandé ‘codetools’ indisponible ?)
le code des méthodes de la classe “Rcpp_std_sym” n'a pas été vérifié pour les affectations de champs suspectes (package recommandé ‘codetools’ indisponible ?)
le code des méthodes de la classe “Rcpp_std_sym” n'a pas été vérifié pour les affectations de champs suspectes (package recommandé ‘codetools’ indisponible ?)
le code des méthodes de la classe “Rcpp_ged_skew” n'a pas été vérifié pour les affectations de champs suspectes (package recommandé ‘codetools’ indisponible ?)
le code des méthodes de la classe “Rcpp_ged_skew” n'a pas été vérifié pour les affectations de champs suspectes (package recommandé ‘codetools’ indisponible ?)
le code des méthodes de la classe “Rcpp_ged_sym” n'a pas été vérifié pour les affectations de champs suspectes (package recommandé ‘codetools’ indisponible ?)
le code des méthodes de la classe “Rcpp_ged_sym” n'a pas été vérifié pour les affectations de champs suspectes (package recommandé ‘codetools’ indisponible ?)
** testing if installed package keeps a record of temporary installation path
* DONE (MSGARCH)
Running phase: fixupPhase
checking for references to /private/tmp/nix-build-r-MSGARCH-2.51.drv-0/ in /nix/store/0d863fml3awnwc5r8r16dg0rbabrgynk-r-MSGARCH-2.51...
patching script interpreter paths in /nix/store/0d863fml3awnwc5r8r16dg0rbabrgynk-r-MSGARCH-2.51
rewriting symlink /nix/store/0d863fml3awnwc5r8r16dg0rbabrgynk-r-MSGARCH-2.51/nix-support/propagated-user-env-packages to be relative to /nix/store/0d863fml3awnwc5r8r16dg0rbabrgynk-r-MSGARCH-2.51
