these 2 derivations will be built:
  /nix/store/gca29k0qkrcnfzl34dx4ridg3434j4c5-JDCruncheR_0.3.1.tar.gz.drv
  /nix/store/rn758h6bb1qaly5qrbw4zsr3hs64jnnd-r-JDCruncheR-0.3.1.drv
building '/nix/store/gca29k0qkrcnfzl34dx4ridg3434j4c5-JDCruncheR_0.3.1.tar.gz.drv'...

trying https://cran.r-project.org/src/contrib/JDCruncheR_0.3.1.tar.gz
  % Total    % Received % Xferd  Average Speed   Time    Time     Time  Current
                                 Dload  Upload   Total   Spent    Left  Speed
100 3764k  100 3764k    0     0  3392k      0  0:00:01  0:00:01 --:--:-- 3394k
building '/nix/store/rn758h6bb1qaly5qrbw4zsr3hs64jnnd-r-JDCruncheR-0.3.1.drv'...
Running phase: unpackPhase
unpacking source archive /nix/store/l5xc7iknq5kq3q7wd3jjnql44r6b3lzl-JDCruncheR_0.3.1.tar.gz
source root is JDCruncheR
setting SOURCE_DATE_EPOCH to timestamp 1728644405 of file JDCruncheR/MD5
Running phase: patchPhase
Running phase: updateAutotoolsGnuConfigScriptsPhase
Running phase: configurePhase
Running phase: buildPhase
Running phase: checkPhase
Running phase: installPhase
* installing *source* package ‘JDCruncheR’ ...
** package ‘JDCruncheR’ correctement décompressé et sommes MD5 vérifiées
** using staged installation
** R
** inst
** byte-compile and prepare package for lazy loading
** help
*** installing help indices
*** copying figures
** building package indices
** installing vignettes
** testing if installed package can be loaded from temporary location
** testing if installed package can be loaded from final location
** testing if installed package keeps a record of temporary installation path
* DONE (JDCruncheR)
Running phase: fixupPhase
checking for references to /private/tmp/nix-build-r-JDCruncheR-0.3.1.drv-0/ in /nix/store/diz6h582m91g1mg9zyacnzxz86ayvljk-r-JDCruncheR-0.3.1...
patching script interpreter paths in /nix/store/diz6h582m91g1mg9zyacnzxz86ayvljk-r-JDCruncheR-0.3.1
rewriting symlink /nix/store/diz6h582m91g1mg9zyacnzxz86ayvljk-r-JDCruncheR-0.3.1/nix-support/propagated-user-env-packages to be relative to /nix/store/diz6h582m91g1mg9zyacnzxz86ayvljk-r-JDCruncheR-0.3.1
