these 2 derivations will be built:
  /nix/store/3ghh1afi6hskm5dxq4mq7bryibpv7pc3-r-plsgenomics-1.5-3.drv
  /nix/store/97575blq6ih9ln56y7zljwn0p11plzws-r-MultiGroupO-0.4.0.drv
these 2 paths will be fetched (1.46 MiB download, 1.46 MiB unpacked):
  /nix/store/vbnabgg3ap00grhga1ay2qc1ih4nmxc4-MultiGroupO_0.4.0.tar.gz
  /nix/store/n6mw6rnhdjigpwza6aa50ybhhz9smnld-plsgenomics_1.5-3.tar.gz
copying path '/nix/store/vbnabgg3ap00grhga1ay2qc1ih4nmxc4-MultiGroupO_0.4.0.tar.gz' from 'https://cache.nixos.org'...
copying path '/nix/store/n6mw6rnhdjigpwza6aa50ybhhz9smnld-plsgenomics_1.5-3.tar.gz' from 'https://cache.nixos.org'...
building '/nix/store/3ghh1afi6hskm5dxq4mq7bryibpv7pc3-r-plsgenomics-1.5-3.drv'...
Running phase: unpackPhase
unpacking source archive /nix/store/n6mw6rnhdjigpwza6aa50ybhhz9smnld-plsgenomics_1.5-3.tar.gz
source root is plsgenomics
setting SOURCE_DATE_EPOCH to timestamp 1711615802 of file plsgenomics/MD5
Running phase: patchPhase
Running phase: updateAutotoolsGnuConfigScriptsPhase
Running phase: configurePhase
Running phase: buildPhase
Running phase: checkPhase
Running phase: installPhase
* installing *source* package ‘plsgenomics’ ...
** package ‘plsgenomics’ correctement décompressé et sommes MD5 vérifiées
** using staged installation
** R
** data
** byte-compile and prepare package for lazy loading
** help
*** installing help indices
** building package indices
** testing if installed package can be loaded from temporary location
** testing if installed package can be loaded from final location
** testing if installed package keeps a record of temporary installation path
* DONE (plsgenomics)
Running phase: fixupPhase
checking for references to /private/tmp/nix-build-r-plsgenomics-1.5-3.drv-0/ in /nix/store/ampv3dy1sbvp90h388nzbxp3q7pdz2mp-r-plsgenomics-1.5-3...
patching script interpreter paths in /nix/store/ampv3dy1sbvp90h388nzbxp3q7pdz2mp-r-plsgenomics-1.5-3
rewriting symlink /nix/store/ampv3dy1sbvp90h388nzbxp3q7pdz2mp-r-plsgenomics-1.5-3/nix-support/propagated-user-env-packages to be relative to /nix/store/ampv3dy1sbvp90h388nzbxp3q7pdz2mp-r-plsgenomics-1.5-3
building '/nix/store/97575blq6ih9ln56y7zljwn0p11plzws-r-MultiGroupO-0.4.0.drv'...
Running phase: unpackPhase
unpacking source archive /nix/store/vbnabgg3ap00grhga1ay2qc1ih4nmxc4-MultiGroupO_0.4.0.tar.gz
source root is MultiGroupO
setting SOURCE_DATE_EPOCH to timestamp 1720394403 of file MultiGroupO/MD5
Running phase: patchPhase
Running phase: updateAutotoolsGnuConfigScriptsPhase
Running phase: configurePhase
Running phase: buildPhase
Running phase: checkPhase
Running phase: installPhase
* installing *source* package ‘MultiGroupO’ ...
** package ‘MultiGroupO’ correctement décompressé et sommes MD5 vérifiées
** using staged installation
** R
** inst
** byte-compile and prepare package for lazy loading
** help
*** installing help indices
** building package indices
** installing vignettes
** testing if installed package can be loaded from temporary location
** testing if installed package can be loaded from final location
** testing if installed package keeps a record of temporary installation path
* DONE (MultiGroupO)
Running phase: fixupPhase
checking for references to /private/tmp/nix-build-r-MultiGroupO-0.4.0.drv-0/ in /nix/store/fqxcrxbp0lknq4wrqfrsh77p8l6d4q99-r-MultiGroupO-0.4.0...
patching script interpreter paths in /nix/store/fqxcrxbp0lknq4wrqfrsh77p8l6d4q99-r-MultiGroupO-0.4.0
rewriting symlink /nix/store/fqxcrxbp0lknq4wrqfrsh77p8l6d4q99-r-MultiGroupO-0.4.0/nix-support/propagated-user-env-packages to be relative to /nix/store/fqxcrxbp0lknq4wrqfrsh77p8l6d4q99-r-MultiGroupO-0.4.0
