these 2 derivations will be built:
  /nix/store/cm0yv1rywh6pydbjzf22zmp0ky0xi0np-openFDA_0.1.0.tar.gz.drv
  /nix/store/7mkf2czrgljrsz7pk1nr80mw4rngcygj-r-openFDA-0.1.0.drv
building '/nix/store/cm0yv1rywh6pydbjzf22zmp0ky0xi0np-openFDA_0.1.0.tar.gz.drv'...

trying https://cran.r-project.org/src/contrib/openFDA_0.1.0.tar.gz
  % Total    % Received % Xferd  Average Speed   Time    Time     Time  Current
                                 Dload  Upload   Total   Spent    Left  Speed
100 28707  100 28707    0     0   260k      0 --:--:-- --:--:-- --:--:--  262k
building '/nix/store/7mkf2czrgljrsz7pk1nr80mw4rngcygj-r-openFDA-0.1.0.drv'...
Running phase: unpackPhase
unpacking source archive /nix/store/k6nfb0cmvpkpwllc5scw82wmfq9lr8li-openFDA_0.1.0.tar.gz
source root is openFDA
setting SOURCE_DATE_EPOCH to timestamp 1729248630 of file openFDA/MD5
Running phase: patchPhase
Running phase: updateAutotoolsGnuConfigScriptsPhase
Running phase: configurePhase
Running phase: buildPhase
Running phase: checkPhase
Running phase: installPhase
* installing *source* package ‘openFDA’ ...
** package ‘openFDA’ correctement décompressé et sommes MD5 vérifiées
** using staged installation
** R
** inst
** byte-compile and prepare package for lazy loading
** help
*** installing help indices
** building package indices
** installing vignettes
** testing if installed package can be loaded from temporary location
** testing if installed package can be loaded from final location
** testing if installed package keeps a record of temporary installation path
* DONE (openFDA)
Running phase: fixupPhase
checking for references to /private/tmp/nix-build-r-openFDA-0.1.0.drv-0/ in /nix/store/rz08wz08xaf4h4xa69lkhpwky1lavs8d-r-openFDA-0.1.0...
patching script interpreter paths in /nix/store/rz08wz08xaf4h4xa69lkhpwky1lavs8d-r-openFDA-0.1.0
rewriting symlink /nix/store/rz08wz08xaf4h4xa69lkhpwky1lavs8d-r-openFDA-0.1.0/nix-support/propagated-user-env-packages to be relative to /nix/store/rz08wz08xaf4h4xa69lkhpwky1lavs8d-r-openFDA-0.1.0
