this derivation will be built:
  /nix/store/ja5m8rhbkjimpl1d3f6mgkwb6bccj54m-r-DistPlotter-0.0.2.drv
building '/nix/store/ja5m8rhbkjimpl1d3f6mgkwb6bccj54m-r-DistPlotter-0.0.2.drv'...
Running phase: unpackPhase
unpacking source archive /nix/store/vsl7vw0hpav1d498d8zlrlc8q975hir0-DistPlotter_0.0.2.tar.gz
source root is DistPlotter
setting SOURCE_DATE_EPOCH to timestamp 1646950217 of file DistPlotter/MD5
Running phase: patchPhase
Running phase: updateAutotoolsGnuConfigScriptsPhase
Running phase: configurePhase
Running phase: buildPhase
Running phase: checkPhase
Running phase: installPhase
* installing *source* package ‘DistPlotter’ ...
** package ‘DistPlotter’ correctement décompressé et sommes MD5 vérifiées
** using staged installation
** R
** inst
** byte-compile and prepare package for lazy loading
** help
*** installing help indices
** building package indices
** testing if installed package can be loaded from temporary location
** testing if installed package can be loaded from final location
** testing if installed package keeps a record of temporary installation path
* DONE (DistPlotter)
Running phase: fixupPhase
checking for references to /private/tmp/nix-build-r-DistPlotter-0.0.2.drv-0/ in /nix/store/f654smad8wv1hjhdw2njlc7f3gbsfky6-r-DistPlotter-0.0.2...
patching script interpreter paths in /nix/store/f654smad8wv1hjhdw2njlc7f3gbsfky6-r-DistPlotter-0.0.2
rewriting symlink /nix/store/f654smad8wv1hjhdw2njlc7f3gbsfky6-r-DistPlotter-0.0.2/nix-support/propagated-user-env-packages to be relative to /nix/store/f654smad8wv1hjhdw2njlc7f3gbsfky6-r-DistPlotter-0.0.2
