this derivation will be built:
  /nix/store/v502sfraxpn1majwh2s2yhq5pzik8i09-r-injurytools-1.0.3.drv
this path will be fetched (1.59 MiB download, 1.60 MiB unpacked):
  /nix/store/6f5hr9sfy92fg95gm7967qv3fqdri424-injurytools_1.0.3.tar.gz
copying path '/nix/store/6f5hr9sfy92fg95gm7967qv3fqdri424-injurytools_1.0.3.tar.gz' from 'https://cache.nixos.org'...
building '/nix/store/v502sfraxpn1majwh2s2yhq5pzik8i09-r-injurytools-1.0.3.drv'...
Running phase: unpackPhase
unpacking source archive /nix/store/6f5hr9sfy92fg95gm7967qv3fqdri424-injurytools_1.0.3.tar.gz
source root is injurytools
setting SOURCE_DATE_EPOCH to timestamp 1699982405 of file injurytools/MD5
Running phase: patchPhase
Running phase: updateAutotoolsGnuConfigScriptsPhase
Running phase: configurePhase
Running phase: buildPhase
Running phase: checkPhase
Running phase: installPhase
* installing *source* package ‘injurytools’ ...
** package ‘injurytools’ correctement décompressé et sommes MD5 vérifiées
** using staged installation
** R
** data
*** moving datasets to lazyload DB
** inst
** byte-compile and prepare package for lazy loading
** help
*** installing help indices
*** copying figures
** building package indices
** installing vignettes
** testing if installed package can be loaded from temporary location
** testing if installed package can be loaded from final location
** testing if installed package keeps a record of temporary installation path
* DONE (injurytools)
Running phase: fixupPhase
checking for references to /private/tmp/nix-build-r-injurytools-1.0.3.drv-0/ in /nix/store/bbgl7p2djl8n2v42d9vq8b8j42vfg8zm-r-injurytools-1.0.3...
patching script interpreter paths in /nix/store/bbgl7p2djl8n2v42d9vq8b8j42vfg8zm-r-injurytools-1.0.3
rewriting symlink /nix/store/bbgl7p2djl8n2v42d9vq8b8j42vfg8zm-r-injurytools-1.0.3/nix-support/propagated-user-env-packages to be relative to /nix/store/bbgl7p2djl8n2v42d9vq8b8j42vfg8zm-r-injurytools-1.0.3
