this derivation will be built:
  /nix/store/i6brgx1a1ww4xgrgjrpxnp9fx1m9ghdv-r-scdhlm-0.7.3.drv
this path will be fetched (0.85 MiB download, 0.85 MiB unpacked):
  /nix/store/8mjac6plglph50wy0b61drq2z281wpl9-scdhlm_0.7.3.tar.gz
copying path '/nix/store/8mjac6plglph50wy0b61drq2z281wpl9-scdhlm_0.7.3.tar.gz' from 'https://cache.nixos.org'...
building '/nix/store/i6brgx1a1ww4xgrgjrpxnp9fx1m9ghdv-r-scdhlm-0.7.3.drv'...
Running phase: unpackPhase
unpacking source archive /nix/store/8mjac6plglph50wy0b61drq2z281wpl9-scdhlm_0.7.3.tar.gz
source root is scdhlm
setting SOURCE_DATE_EPOCH to timestamp 1708899002 of file scdhlm/MD5
Running phase: patchPhase
Running phase: updateAutotoolsGnuConfigScriptsPhase
Running phase: configurePhase
Running phase: buildPhase
Running phase: checkPhase
Running phase: installPhase
* installing *source* package ‘scdhlm’ ...
** package ‘scdhlm’ correctement décompressé et sommes MD5 vérifiées
** using staged installation
** R
** data
*** moving datasets to lazyload DB
** demo
** inst
** byte-compile and prepare package for lazy loading
** help
*** installing help indices
** building package indices
** installing vignettes
** testing if installed package can be loaded from temporary location
** testing if installed package can be loaded from final location
** testing if installed package keeps a record of temporary installation path
* DONE (scdhlm)
Running phase: fixupPhase
checking for references to /private/tmp/nix-build-r-scdhlm-0.7.3.drv-0/ in /nix/store/hdp4aihcklbdgx88nnvvrnny5y6g9fjh-r-scdhlm-0.7.3...
patching script interpreter paths in /nix/store/hdp4aihcklbdgx88nnvvrnny5y6g9fjh-r-scdhlm-0.7.3
rewriting symlink /nix/store/hdp4aihcklbdgx88nnvvrnny5y6g9fjh-r-scdhlm-0.7.3/nix-support/propagated-user-env-packages to be relative to /nix/store/hdp4aihcklbdgx88nnvvrnny5y6g9fjh-r-scdhlm-0.7.3
