these 2 derivations will be built:
  /nix/store/wzrnd55k78448r4rsljma7l5947bdwg0-cryptoQuotes_1.3.2.tar.gz.drv
  /nix/store/pa28g4wkv4flxh4vwi5a3lynn5p3qpsn-r-cryptoQuotes-1.3.2.drv
building '/nix/store/wzrnd55k78448r4rsljma7l5947bdwg0-cryptoQuotes_1.3.2.tar.gz.drv'...

trying https://cran.r-project.org/src/contrib/cryptoQuotes_1.3.2.tar.gz
  % Total    % Received % Xferd  Average Speed   Time    Time     Time  Current
                                 Dload  Upload   Total   Spent    Left  Speed
100 4589k  100 4589k    0     0  3586k      0  0:00:01  0:00:01 --:--:-- 3588k
building '/nix/store/pa28g4wkv4flxh4vwi5a3lynn5p3qpsn-r-cryptoQuotes-1.3.2.drv'...
Running phase: unpackPhase
unpacking source archive /nix/store/0kh2x4l6kxv1q2lkhasr9x0l7cmba24s-cryptoQuotes_1.3.2.tar.gz
source root is cryptoQuotes
setting SOURCE_DATE_EPOCH to timestamp 1730982611 of file cryptoQuotes/MD5
Running phase: patchPhase
Running phase: updateAutotoolsGnuConfigScriptsPhase
Running phase: configurePhase
Running phase: buildPhase
Running phase: checkPhase
Running phase: installPhase
* installing *source* package ‘cryptoQuotes’ ...
** package ‘cryptoQuotes’ correctement décompressé et sommes MD5 vérifiées
** using staged installation
** R
** data
*** moving datasets to lazyload DB
** inst
** byte-compile and prepare package for lazy loading
** help
*** installing help indices
*** copying figures
** building package indices
** installing vignettes
** testing if installed package can be loaded from temporary location
** testing if installed package can be loaded from final location
** testing if installed package keeps a record of temporary installation path
* DONE (cryptoQuotes)
Running phase: fixupPhase
checking for references to /private/tmp/nix-build-r-cryptoQuotes-1.3.2.drv-0/ in /nix/store/ys0sgh9ap0r3sn37lg5pbphcmyigmknz-r-cryptoQuotes-1.3.2...
patching script interpreter paths in /nix/store/ys0sgh9ap0r3sn37lg5pbphcmyigmknz-r-cryptoQuotes-1.3.2
rewriting symlink /nix/store/ys0sgh9ap0r3sn37lg5pbphcmyigmknz-r-cryptoQuotes-1.3.2/nix-support/propagated-user-env-packages to be relative to /nix/store/ys0sgh9ap0r3sn37lg5pbphcmyigmknz-r-cryptoQuotes-1.3.2
