this derivation will be built:
  /nix/store/5pzphpdh5gkbnw2rjgi6j0k2ydyx8y8v-r-rdtLite-1.4.drv
this path will be fetched (0.35 MiB download, 0.35 MiB unpacked):
  /nix/store/kf0fzi9f8hhny7fknnqsvs7jmpkq8aqh-rdtLite_1.4.tar.gz
copying path '/nix/store/kf0fzi9f8hhny7fknnqsvs7jmpkq8aqh-rdtLite_1.4.tar.gz' from 'https://cache.nixos.org'...
building '/nix/store/5pzphpdh5gkbnw2rjgi6j0k2ydyx8y8v-r-rdtLite-1.4.drv'...
Running phase: unpackPhase
unpacking source archive /nix/store/kf0fzi9f8hhny7fknnqsvs7jmpkq8aqh-rdtLite_1.4.tar.gz
source root is rdtLite
setting SOURCE_DATE_EPOCH to timestamp 1659955802 of file rdtLite/MD5
Running phase: patchPhase
Running phase: updateAutotoolsGnuConfigScriptsPhase
Running phase: configurePhase
Running phase: buildPhase
Running phase: checkPhase
Running phase: installPhase
* installing *source* package ‘rdtLite’ ...
** package ‘rdtLite’ correctement décompressé et sommes MD5 vérifiées
** using staged installation
** R
** inst
** byte-compile and prepare package for lazy loading
** help
*** installing help indices
** building package indices
** installing vignettes
** testing if installed package can be loaded from temporary location
** testing if installed package can be loaded from final location
** testing if installed package keeps a record of temporary installation path
* DONE (rdtLite)
Running phase: fixupPhase
checking for references to /private/tmp/nix-build-r-rdtLite-1.4.drv-0/ in /nix/store/24cj3cils1zfyd16fqxhrf2g3fh3g052-r-rdtLite-1.4...
patching script interpreter paths in /nix/store/24cj3cils1zfyd16fqxhrf2g3fh3g052-r-rdtLite-1.4
rewriting symlink /nix/store/24cj3cils1zfyd16fqxhrf2g3fh3g052-r-rdtLite-1.4/nix-support/propagated-user-env-packages to be relative to /nix/store/24cj3cils1zfyd16fqxhrf2g3fh3g052-r-rdtLite-1.4
