these 2 derivations will be built:
  /nix/store/sxl3pgjs88m7f00xzqlmdmcqskvh0grp-SchoolDataIT_0.2.2.tar.gz.drv
  /nix/store/prmp44alxm037nz6a71aq06p8fbai2ls-r-SchoolDataIT-0.2.2.drv
building '/nix/store/sxl3pgjs88m7f00xzqlmdmcqskvh0grp-SchoolDataIT_0.2.2.tar.gz.drv'...

trying https://cran.r-project.org/src/contrib/SchoolDataIT_0.2.2.tar.gz
  % Total    % Received % Xferd  Average Speed   Time    Time     Time  Current
                                 Dload  Upload   Total   Spent    Left  Speed
100  795k  100  795k    0     0  2970k      0 --:--:-- --:--:-- --:--:-- 2978k
building '/nix/store/prmp44alxm037nz6a71aq06p8fbai2ls-r-SchoolDataIT-0.2.2.drv'...
Running phase: unpackPhase
unpacking source archive /nix/store/3aix7mkwzvn46xyj49q47iky4acx9pdp-SchoolDataIT_0.2.2.tar.gz
source root is SchoolDataIT
setting SOURCE_DATE_EPOCH to timestamp 1731630603 of file SchoolDataIT/MD5
Running phase: patchPhase
Running phase: updateAutotoolsGnuConfigScriptsPhase
Running phase: configurePhase
Running phase: buildPhase
Running phase: checkPhase
Running phase: installPhase
* installing *source* package ‘SchoolDataIT’ ...
** package ‘SchoolDataIT’ correctement décompressé et sommes MD5 vérifiées
** using staged installation
** R
** data
*** moving datasets to lazyload DB
** byte-compile and prepare package for lazy loading
** help
*** installing help indices
** building package indices
** testing if installed package can be loaded from temporary location
** testing if installed package can be loaded from final location
** testing if installed package keeps a record of temporary installation path
* DONE (SchoolDataIT)
Running phase: fixupPhase
checking for references to /private/tmp/nix-build-r-SchoolDataIT-0.2.2.drv-0/ in /nix/store/f3162zgn9pvlc878rvwr5yl2psimx5zx-r-SchoolDataIT-0.2.2...
patching script interpreter paths in /nix/store/f3162zgn9pvlc878rvwr5yl2psimx5zx-r-SchoolDataIT-0.2.2
rewriting symlink /nix/store/f3162zgn9pvlc878rvwr5yl2psimx5zx-r-SchoolDataIT-0.2.2/nix-support/propagated-user-env-packages to be relative to /nix/store/f3162zgn9pvlc878rvwr5yl2psimx5zx-r-SchoolDataIT-0.2.2
