this derivation will be built:
  /nix/store/032zwm4xanqb07h67dcsrrkfn87azygi-r-rskey-0.4.4.drv
this path will be fetched (0.02 MiB download, 0.02 MiB unpacked):
  /nix/store/wwxr3gi616mgmwpnjh14wlk9iahfvgh9-rskey_0.4.4.tar.gz
copying path '/nix/store/wwxr3gi616mgmwpnjh14wlk9iahfvgh9-rskey_0.4.4.tar.gz' from 'https://cache.nixos.org'...
building '/nix/store/032zwm4xanqb07h67dcsrrkfn87azygi-r-rskey-0.4.4.drv'...
Running phase: unpackPhase
unpacking source archive /nix/store/wwxr3gi616mgmwpnjh14wlk9iahfvgh9-rskey_0.4.4.tar.gz
source root is rskey
setting SOURCE_DATE_EPOCH to timestamp 1591357802 of file rskey/MD5
Running phase: patchPhase
Running phase: updateAutotoolsGnuConfigScriptsPhase
Running phase: configurePhase
Running phase: buildPhase
Running phase: checkPhase
Running phase: installPhase
* installing *source* package ‘rskey’ ...
** package ‘rskey’ correctement décompressé et sommes MD5 vérifiées
** using staged installation
** R
** inst
** byte-compile and prepare package for lazy loading
** help
*** installing help indices
** building package indices
** testing if installed package can be loaded from temporary location
** testing if installed package can be loaded from final location
** testing if installed package keeps a record of temporary installation path
* DONE (rskey)
Running phase: fixupPhase
checking for references to /private/tmp/nix-build-r-rskey-0.4.4.drv-0/ in /nix/store/gbzyrw7r4s2w4jxrxf7xfcwgxv4g0pph-r-rskey-0.4.4...
patching script interpreter paths in /nix/store/gbzyrw7r4s2w4jxrxf7xfcwgxv4g0pph-r-rskey-0.4.4
rewriting symlink /nix/store/gbzyrw7r4s2w4jxrxf7xfcwgxv4g0pph-r-rskey-0.4.4/nix-support/propagated-user-env-packages to be relative to /nix/store/gbzyrw7r4s2w4jxrxf7xfcwgxv4g0pph-r-rskey-0.4.4
