this derivation will be built:
  /nix/store/76yap0nm37xvjsxbzzqs1f2wsarqzddn-r-HDShOP-0.1.5.drv
this path will be fetched (0.90 MiB download, 0.90 MiB unpacked):
  /nix/store/k2c2imbr98n8dq3j95dsl3pjrnz1wfwf-HDShOP_0.1.5.tar.gz
copying path '/nix/store/k2c2imbr98n8dq3j95dsl3pjrnz1wfwf-HDShOP_0.1.5.tar.gz' from 'https://cache.nixos.org'...
building '/nix/store/76yap0nm37xvjsxbzzqs1f2wsarqzddn-r-HDShOP-0.1.5.drv'...
Running phase: unpackPhase
unpacking source archive /nix/store/k2c2imbr98n8dq3j95dsl3pjrnz1wfwf-HDShOP_0.1.5.tar.gz
source root is HDShOP
setting SOURCE_DATE_EPOCH to timestamp 1711345802 of file HDShOP/MD5
Running phase: patchPhase
Running phase: updateAutotoolsGnuConfigScriptsPhase
Running phase: configurePhase
Running phase: buildPhase
Running phase: checkPhase
Running phase: installPhase
* installing *source* package ‘HDShOP’ ...
** package ‘HDShOP’ correctement décompressé et sommes MD5 vérifiées
** using staged installation
** R
** data
*** moving datasets to lazyload DB
** inst
** byte-compile and prepare package for lazy loading
** help
*** installing help indices
** building package indices
** testing if installed package can be loaded from temporary location
** testing if installed package can be loaded from final location
** testing if installed package keeps a record of temporary installation path
* DONE (HDShOP)
Running phase: fixupPhase
checking for references to /private/tmp/nix-build-r-HDShOP-0.1.5.drv-0/ in /nix/store/zk793233hmydwi08y12ff3xr3jgs7wd7-r-HDShOP-0.1.5...
patching script interpreter paths in /nix/store/zk793233hmydwi08y12ff3xr3jgs7wd7-r-HDShOP-0.1.5
rewriting symlink /nix/store/zk793233hmydwi08y12ff3xr3jgs7wd7-r-HDShOP-0.1.5/nix-support/propagated-user-env-packages to be relative to /nix/store/zk793233hmydwi08y12ff3xr3jgs7wd7-r-HDShOP-0.1.5
