this derivation will be built:
  /nix/store/204rxqbsn3ik9pqxxg8zf76f55aw5ihl-r-RcppXts-0.0.6.drv
this path will be fetched (0.01 MiB download, 0.01 MiB unpacked):
  /nix/store/lvccaasbjwyqjanc7xkxi3q740hmblxw-RcppXts_0.0.6.tar.gz
copying path '/nix/store/lvccaasbjwyqjanc7xkxi3q740hmblxw-RcppXts_0.0.6.tar.gz' from 'https://cache.nixos.org'...
building '/nix/store/204rxqbsn3ik9pqxxg8zf76f55aw5ihl-r-RcppXts-0.0.6.drv'...
Running phase: unpackPhase
unpacking source archive /nix/store/lvccaasbjwyqjanc7xkxi3q740hmblxw-RcppXts_0.0.6.tar.gz
source root is RcppXts
setting SOURCE_DATE_EPOCH to timestamp 1667310178 of file RcppXts/MD5
Running phase: patchPhase
Running phase: updateAutotoolsGnuConfigScriptsPhase
Running phase: configurePhase
Running phase: buildPhase
Running phase: checkPhase
Running phase: installPhase
* installing *source* package ‘RcppXts’ ...
** package ‘RcppXts’ correctement décompressé et sommes MD5 vérifiées
** using staged installation
** libs
using C compiler: ‘clang version 16.0.6’
using C++ compiler: ‘clang version 16.0.6’
using SDK: ‘’
/nix/store/v39c0h6xv6hvki2k1bsyp5n090q8y2bp-clang-wrapper-16.0.6/bin/cc -I"/nix/store/lir8rmsk7dxbj7v1spqmv69z4mafg16l-R-4.4.2/lib/R/include" -DNDEBUG  -I'/nix/store/da7yi2xf3argx9hlnn3f0k95b8y1yx2l-r-Rcpp-1.0.13-1/library/Rcpp/include' -I'/nix/store/9ikd9cscapjz2111yvm4y7mn5rxz79q8-r-xts-0.14.1/library/xts/include' -isystem /nix/store/0mmz5i705116bfykc7i1r9jxqwyghj2a-libcxx-16.0.6-dev/include/c++/v1    -fPIC  -g -O2  -c init.c -o init.o
/nix/store/v39c0h6xv6hvki2k1bsyp5n090q8y2bp-clang-wrapper-16.0.6/bin/c++ -std=gnu++17 -I"/nix/store/lir8rmsk7dxbj7v1spqmv69z4mafg16l-R-4.4.2/lib/R/include" -DNDEBUG  -I'/nix/store/da7yi2xf3argx9hlnn3f0k95b8y1yx2l-r-Rcpp-1.0.13-1/library/Rcpp/include' -I'/nix/store/9ikd9cscapjz2111yvm4y7mn5rxz79q8-r-xts-0.14.1/library/xts/include' -isystem /nix/store/0mmz5i705116bfykc7i1r9jxqwyghj2a-libcxx-16.0.6-dev/include/c++/v1    -fPIC  -g -O2   -c xtsMod.cpp -o xtsMod.o
/nix/store/v39c0h6xv6hvki2k1bsyp5n090q8y2bp-clang-wrapper-16.0.6/bin/c++ -std=gnu++17 -dynamiclib -Wl,-headerpad_max_install_names -undefined dynamic_lookup -L/nix/store/lir8rmsk7dxbj7v1spqmv69z4mafg16l-R-4.4.2/lib/R/lib -L/nix/store/88xkgzh5g9xppsg3hdxxxh9q43rnxk6k-libcxx-16.0.6/lib -o RcppXts.so init.o xtsMod.o -L/nix/store/lir8rmsk7dxbj7v1spqmv69z4mafg16l-R-4.4.2/lib/R/lib -lR -lintl -Wl,-framework -Wl,CoreFoundation
installing to /nix/store/9rxjkaz2b339grjynv0h8121kznrcmhm-r-RcppXts-0.0.6/library/00LOCK-RcppXts/00new/RcppXts/libs
** R
** inst
** byte-compile and prepare package for lazy loading
** help
*** installing help indices
** building package indices
** testing if installed package can be loaded from temporary location
** checking absolute paths in shared objects and dynamic libraries
** testing if installed package can be loaded from final location
** testing if installed package keeps a record of temporary installation path
* DONE (RcppXts)
Running phase: fixupPhase
checking for references to /private/tmp/nix-build-r-RcppXts-0.0.6.drv-0/ in /nix/store/9rxjkaz2b339grjynv0h8121kznrcmhm-r-RcppXts-0.0.6...
patching script interpreter paths in /nix/store/9rxjkaz2b339grjynv0h8121kznrcmhm-r-RcppXts-0.0.6
rewriting symlink /nix/store/9rxjkaz2b339grjynv0h8121kznrcmhm-r-RcppXts-0.0.6/nix-support/propagated-user-env-packages to be relative to /nix/store/9rxjkaz2b339grjynv0h8121kznrcmhm-r-RcppXts-0.0.6
