this derivation will be built:
  /nix/store/zhch3jsvalj209vfdadp2qlng8z38wnw-r-netSEM-0.6.2.drv
this path will be fetched (2.29 MiB download, 2.29 MiB unpacked):
  /nix/store/sidxi3k99wv2s7bp0a1abn47j2ayawl1-netSEM_0.6.2.tar.gz
copying path '/nix/store/sidxi3k99wv2s7bp0a1abn47j2ayawl1-netSEM_0.6.2.tar.gz' from 'https://cache.nixos.org'...
building '/nix/store/zhch3jsvalj209vfdadp2qlng8z38wnw-r-netSEM-0.6.2.drv'...
Running phase: unpackPhase
unpacking source archive /nix/store/sidxi3k99wv2s7bp0a1abn47j2ayawl1-netSEM_0.6.2.tar.gz
source root is netSEM
setting SOURCE_DATE_EPOCH to timestamp 1694015411 of file netSEM/MD5
Running phase: patchPhase
Running phase: updateAutotoolsGnuConfigScriptsPhase
Running phase: configurePhase
Running phase: buildPhase
Running phase: checkPhase
Running phase: installPhase
* installing *source* package ‘netSEM’ ...
** package ‘netSEM’ correctement décompressé et sommes MD5 vérifiées
** using staged installation
** R
** data
*** moving datasets to lazyload DB
** inst
** byte-compile and prepare package for lazy loading
** help
*** installing help indices
** building package indices
** installing vignettes
** testing if installed package can be loaded from temporary location
** testing if installed package can be loaded from final location
** testing if installed package keeps a record of temporary installation path
* DONE (netSEM)
Running phase: fixupPhase
checking for references to /private/tmp/nix-build-r-netSEM-0.6.2.drv-0/ in /nix/store/37qg9v4pf0p05ircmlr42n1y2yzqbpgh-r-netSEM-0.6.2...
patching script interpreter paths in /nix/store/37qg9v4pf0p05ircmlr42n1y2yzqbpgh-r-netSEM-0.6.2
rewriting symlink /nix/store/37qg9v4pf0p05ircmlr42n1y2yzqbpgh-r-netSEM-0.6.2/nix-support/propagated-user-env-packages to be relative to /nix/store/37qg9v4pf0p05ircmlr42n1y2yzqbpgh-r-netSEM-0.6.2
