this derivation will be built:
  /nix/store/z3b3kylk869zyaxqvdk1bsns4rgha3kr-r-PortalHacienda-0.1.7.drv
this path will be fetched (0.18 MiB download, 0.18 MiB unpacked):
  /nix/store/86mrmv532ymr39cchi2a67sb6qgaza1p-PortalHacienda_0.1.7.tar.gz
copying path '/nix/store/86mrmv532ymr39cchi2a67sb6qgaza1p-PortalHacienda_0.1.7.tar.gz' from 'https://cache.nixos.org'...
building '/nix/store/z3b3kylk869zyaxqvdk1bsns4rgha3kr-r-PortalHacienda-0.1.7.drv'...
Running phase: unpackPhase
unpacking source archive /nix/store/86mrmv532ymr39cchi2a67sb6qgaza1p-PortalHacienda_0.1.7.tar.gz
source root is PortalHacienda
setting SOURCE_DATE_EPOCH to timestamp 1685512802 of file PortalHacienda/MD5
Running phase: patchPhase
Running phase: updateAutotoolsGnuConfigScriptsPhase
Running phase: configurePhase
Running phase: buildPhase
Running phase: checkPhase
Running phase: installPhase
* installing *source* package ‘PortalHacienda’ ...
** package ‘PortalHacienda’ correctement décompressé et sommes MD5 vérifiées
** using staged installation
** R
** inst
** byte-compile and prepare package for lazy loading
** help
*** installing help indices
*** copying figures
** building package indices
** installing vignettes
** testing if installed package can be loaded from temporary location
** testing if installed package can be loaded from final location
** testing if installed package keeps a record of temporary installation path
* DONE (PortalHacienda)
Running phase: fixupPhase
checking for references to /private/tmp/nix-build-r-PortalHacienda-0.1.7.drv-0/ in /nix/store/jsdsi1kqicjvwbgx3nfjrx410ibaj1d2-r-PortalHacienda-0.1.7...
patching script interpreter paths in /nix/store/jsdsi1kqicjvwbgx3nfjrx410ibaj1d2-r-PortalHacienda-0.1.7
rewriting symlink /nix/store/jsdsi1kqicjvwbgx3nfjrx410ibaj1d2-r-PortalHacienda-0.1.7/nix-support/propagated-user-env-packages to be relative to /nix/store/jsdsi1kqicjvwbgx3nfjrx410ibaj1d2-r-PortalHacienda-0.1.7
