these 2 derivations will be built:
  /nix/store/m6rrdnkvfm62h0v889vhffdad1wzy18f-idmc_0.3.1.tar.gz.drv
  /nix/store/22i8vrwz0dy96w2c2kvwygv83wvcpr1h-r-idmc-0.3.1.drv
building '/nix/store/m6rrdnkvfm62h0v889vhffdad1wzy18f-idmc_0.3.1.tar.gz.drv'...

trying https://cran.r-project.org/src/contrib/idmc_0.3.1.tar.gz
  % Total    % Received % Xferd  Average Speed   Time    Time     Time  Current
                                 Dload  Upload   Total   Spent    Left  Speed
100 33188  100 33188    0     0   248k      0 --:--:-- --:--:-- --:--:--  249k
building '/nix/store/22i8vrwz0dy96w2c2kvwygv83wvcpr1h-r-idmc-0.3.1.drv'...
Running phase: unpackPhase
unpacking source archive /nix/store/gf7i1kbl4db2lm2a0bx6cssy6jj39pad-idmc_0.3.1.tar.gz
source root is idmc
setting SOURCE_DATE_EPOCH to timestamp 1727099406 of file idmc/MD5
Running phase: patchPhase
Running phase: updateAutotoolsGnuConfigScriptsPhase
Running phase: configurePhase
Running phase: buildPhase
Running phase: checkPhase
Running phase: installPhase
* installing *source* package ‘idmc’ ...
** package ‘idmc’ correctement décompressé et sommes MD5 vérifiées
** using staged installation
** R
** inst
** byte-compile and prepare package for lazy loading
** help
*** installing help indices
*** copying figures
** building package indices
** installing vignettes
** testing if installed package can be loaded from temporary location
** testing if installed package can be loaded from final location
** testing if installed package keeps a record of temporary installation path
* DONE (idmc)
Running phase: fixupPhase
checking for references to /private/tmp/nix-build-r-idmc-0.3.1.drv-0/ in /nix/store/1ijhvsnrvh1w2ry0kw0zidk7xy1x94dk-r-idmc-0.3.1...
patching script interpreter paths in /nix/store/1ijhvsnrvh1w2ry0kw0zidk7xy1x94dk-r-idmc-0.3.1
rewriting symlink /nix/store/1ijhvsnrvh1w2ry0kw0zidk7xy1x94dk-r-idmc-0.3.1/nix-support/propagated-user-env-packages to be relative to /nix/store/1ijhvsnrvh1w2ry0kw0zidk7xy1x94dk-r-idmc-0.3.1
