these 3 derivations will be built:
  /nix/store/ihfcad8yw48qxxyyql9xb3sanvld9sjp-r-neo2R-2.4.2.drv
  /nix/store/x7bmzg9579rvqb4n0vdgmj46yw1jkwad-BED_1.6.0.tar.gz.drv
  /nix/store/x0ppmnkipi03g4y2f9rrg3jgzscbyjvm-r-BED-1.6.0.drv
building '/nix/store/x7bmzg9579rvqb4n0vdgmj46yw1jkwad-BED_1.6.0.tar.gz.drv'...
building '/nix/store/ihfcad8yw48qxxyyql9xb3sanvld9sjp-r-neo2R-2.4.2.drv'...

trying https://cran.r-project.org/src/contrib/BED_1.6.0.tar.gz
  % Total    % Received % Xferd  Average Speed   Time    Time     Time  Current
                                 Dload  Upload   Total   Spent    Left  Speed
Running phase: unpackPhase
unpacking source archive /nix/store/z4di6hx3s13fk0wn63jc15kqlgbh74bz-neo2R_2.4.2.tar.gz
source root is neo2R
setting SOURCE_DATE_EPOCH to timestamp 1705575002 of file neo2R/MD5
Running phase: patchPhase
Running phase: updateAutotoolsGnuConfigScriptsPhase
Running phase: configurePhase
Running phase: buildPhase
Running phase: checkPhase
Running phase: installPhase
* installing *source* package ‘neo2R’ ...
** package ‘neo2R’ correctement décompressé et sommes MD5 vérifiées
** using staged installation
** R
** byte-compile and prepare package for lazy loading
100 1520k  100 1520k    0     0  2344k      0 --:--:-- --:--:-- --:--:-- 2342k
** help
*** installing help indices
** building package indices
** testing if installed package can be loaded from temporary location
** testing if installed package can be loaded from final location
** testing if installed package keeps a record of temporary installation path
* DONE (neo2R)
Running phase: fixupPhase
checking for references to /private/tmp/nix-build-r-neo2R-2.4.2.drv-0/ in /nix/store/c16hi1nbm66ifg528cb5rdwqmqbkns16-r-neo2R-2.4.2...
patching script interpreter paths in /nix/store/c16hi1nbm66ifg528cb5rdwqmqbkns16-r-neo2R-2.4.2
rewriting symlink /nix/store/c16hi1nbm66ifg528cb5rdwqmqbkns16-r-neo2R-2.4.2/nix-support/propagated-user-env-packages to be relative to /nix/store/c16hi1nbm66ifg528cb5rdwqmqbkns16-r-neo2R-2.4.2
building '/nix/store/x0ppmnkipi03g4y2f9rrg3jgzscbyjvm-r-BED-1.6.0.drv'...
Running phase: unpackPhase
unpacking source archive /nix/store/5aiakpsiwyicf194sfn1y7wl5rad5x09-BED_1.6.0.tar.gz
source root is BED
setting SOURCE_DATE_EPOCH to timestamp 1731170404 of file BED/MD5
Running phase: patchPhase
Running phase: updateAutotoolsGnuConfigScriptsPhase
Running phase: configurePhase
Running phase: buildPhase
Running phase: checkPhase
Running phase: installPhase
* installing *source* package ‘BED’ ...
** package ‘BED’ correctement décompressé et sommes MD5 vérifiées
** using staged installation
** R
** inst
** byte-compile and prepare package for lazy loading
** help
*** installing help indices
*** copying figures
** building package indices
** installing vignettes
** testing if installed package can be loaded from temporary location
** testing if installed package can be loaded from final location
** testing if installed package keeps a record of temporary installation path
* DONE (BED)
Running phase: fixupPhase
checking for references to /private/tmp/nix-build-r-BED-1.6.0.drv-0/ in /nix/store/7z3fvwl7w9rwxvy41aj95x2aldh7zmxp-r-BED-1.6.0...
patching script interpreter paths in /nix/store/7z3fvwl7w9rwxvy41aj95x2aldh7zmxp-r-BED-1.6.0
rewriting symlink /nix/store/7z3fvwl7w9rwxvy41aj95x2aldh7zmxp-r-BED-1.6.0/nix-support/propagated-user-env-packages to be relative to /nix/store/7z3fvwl7w9rwxvy41aj95x2aldh7zmxp-r-BED-1.6.0
