this derivation will be built:
  /nix/store/8i9n3kxq8g912acmpyi1bgpy9c4fprxs-r-inegiR-3.0.0.drv
this path will be fetched (0.02 MiB download, 0.02 MiB unpacked):
  /nix/store/x9nay82nvd4x9jcpxvdfkryf164w9aj4-inegiR_3.0.0.tar.gz
copying path '/nix/store/x9nay82nvd4x9jcpxvdfkryf164w9aj4-inegiR_3.0.0.tar.gz' from 'https://cache.nixos.org'...
building '/nix/store/8i9n3kxq8g912acmpyi1bgpy9c4fprxs-r-inegiR-3.0.0.drv'...
Running phase: unpackPhase
unpacking source archive /nix/store/x9nay82nvd4x9jcpxvdfkryf164w9aj4-inegiR_3.0.0.tar.gz
source root is inegiR
setting SOURCE_DATE_EPOCH to timestamp 1563111602 of file inegiR/MD5
Running phase: patchPhase
Running phase: updateAutotoolsGnuConfigScriptsPhase
Running phase: configurePhase
Running phase: buildPhase
Running phase: checkPhase
Running phase: installPhase
* installing *source* package ‘inegiR’ ...
** package ‘inegiR’ correctement décompressé et sommes MD5 vérifiées
** using staged installation
** R
** byte-compile and prepare package for lazy loading
** help
*** installing help indices
** building package indices
** testing if installed package can be loaded from temporary location
** testing if installed package can be loaded from final location
** testing if installed package keeps a record of temporary installation path
* DONE (inegiR)
Running phase: fixupPhase
checking for references to /private/tmp/nix-build-r-inegiR-3.0.0.drv-0/ in /nix/store/kq6h1cxya9ly9qms92hxckyx9wjqi6sw-r-inegiR-3.0.0...
patching script interpreter paths in /nix/store/kq6h1cxya9ly9qms92hxckyx9wjqi6sw-r-inegiR-3.0.0
rewriting symlink /nix/store/kq6h1cxya9ly9qms92hxckyx9wjqi6sw-r-inegiR-3.0.0/nix-support/propagated-user-env-packages to be relative to /nix/store/kq6h1cxya9ly9qms92hxckyx9wjqi6sw-r-inegiR-3.0.0
