these 2 derivations will be built:
  /nix/store/k78cn29n87n1743pqfq9yn3ij0k3k6yk-tintin_0.2.tar.gz.drv
  /nix/store/62br7fz3712b6i3gdms1s7x52zayl7dq-r-tintin-0.2.drv
building '/nix/store/k78cn29n87n1743pqfq9yn3ij0k3k6yk-tintin_0.2.tar.gz.drv'...

trying https://cran.r-project.org/src/contrib/tintin_0.2.tar.gz
  % Total    % Received % Xferd  Average Speed   Time    Time     Time  Current
                                 Dload  Upload   Total   Spent    Left  Speed
100 1403k  100 1403k    0     0  4459k      0 --:--:-- --:--:-- --:--:-- 4469k
building '/nix/store/62br7fz3712b6i3gdms1s7x52zayl7dq-r-tintin-0.2.drv'...
Running phase: unpackPhase
unpacking source archive /nix/store/my1y9w6gbam71n6msbkfsa4682dgdcx8-tintin_0.2.tar.gz
source root is tintin
setting SOURCE_DATE_EPOCH to timestamp 1724944802 of file tintin/MD5
Running phase: patchPhase
Running phase: updateAutotoolsGnuConfigScriptsPhase
Running phase: configurePhase
Running phase: buildPhase
Running phase: checkPhase
Running phase: installPhase
* installing *source* package ‘tintin’ ...
** package ‘tintin’ correctement décompressé et sommes MD5 vérifiées
** using staged installation
** R
** data
*** moving datasets to lazyload DB
** inst
** byte-compile and prepare package for lazy loading
** help
*** installing help indices
*** copying figures
** building package indices
** testing if installed package can be loaded from temporary location
** testing if installed package can be loaded from final location
** testing if installed package keeps a record of temporary installation path
* DONE (tintin)
Running phase: fixupPhase
checking for references to /private/tmp/nix-build-r-tintin-0.2.drv-0/ in /nix/store/7dvjrxpmb39c37jyv72rjwn71g2p5ybn-r-tintin-0.2...
patching script interpreter paths in /nix/store/7dvjrxpmb39c37jyv72rjwn71g2p5ybn-r-tintin-0.2
rewriting symlink /nix/store/7dvjrxpmb39c37jyv72rjwn71g2p5ybn-r-tintin-0.2/nix-support/propagated-user-env-packages to be relative to /nix/store/7dvjrxpmb39c37jyv72rjwn71g2p5ybn-r-tintin-0.2
