this derivation will be built:
  /nix/store/y80yziammfcjpyhgwzs2f1wa5bsaimy3-r-biolink-0.1.8.drv
building '/nix/store/y80yziammfcjpyhgwzs2f1wa5bsaimy3-r-biolink-0.1.8.drv'...
Running phase: unpackPhase
unpacking source archive /nix/store/wjzkqlxqwp5wl0fsvf88x4qwihvl2rh8-biolink_0.1.8.tar.gz
source root is biolink
setting SOURCE_DATE_EPOCH to timestamp 1692649802 of file biolink/MD5
Running phase: patchPhase
Running phase: updateAutotoolsGnuConfigScriptsPhase
Running phase: configurePhase
Running phase: buildPhase
Running phase: checkPhase
Running phase: installPhase
* installing *source* package ‘biolink’ ...
** package ‘biolink’ correctement décompressé et sommes MD5 vérifiées
** using staged installation
** R
** byte-compile and prepare package for lazy loading
** help
*** installing help indices
** building package indices
** testing if installed package can be loaded from temporary location
** testing if installed package can be loaded from final location
** testing if installed package keeps a record of temporary installation path
* DONE (biolink)
Running phase: fixupPhase
checking for references to /private/tmp/nix-build-r-biolink-0.1.8.drv-0/ in /nix/store/lryf72a4b7ihxf96n7npb0lk6i2i4wca-r-biolink-0.1.8...
patching script interpreter paths in /nix/store/lryf72a4b7ihxf96n7npb0lk6i2i4wca-r-biolink-0.1.8
rewriting symlink /nix/store/lryf72a4b7ihxf96n7npb0lk6i2i4wca-r-biolink-0.1.8/nix-support/propagated-user-env-packages to be relative to /nix/store/lryf72a4b7ihxf96n7npb0lk6i2i4wca-r-biolink-0.1.8
