this derivation will be built:
  /nix/store/bbsw50bwql08jp9ximvaj4w9z6mizqxb-r-StratifiedBalancing-0.3.0.drv
this path will be fetched (0.01 MiB download, 0.01 MiB unpacked):
  /nix/store/05pwnslnmph8c5f9n3bp988kan9f8ijz-StratifiedBalancing_0.3.0.tar.gz
copying path '/nix/store/05pwnslnmph8c5f9n3bp988kan9f8ijz-StratifiedBalancing_0.3.0.tar.gz' from 'https://cache.nixos.org'...
building '/nix/store/bbsw50bwql08jp9ximvaj4w9z6mizqxb-r-StratifiedBalancing-0.3.0.drv'...
Running phase: unpackPhase
unpacking source archive /nix/store/05pwnslnmph8c5f9n3bp988kan9f8ijz-StratifiedBalancing_0.3.0.tar.gz
source root is StratifiedBalancing
setting SOURCE_DATE_EPOCH to timestamp 1562365803 of file StratifiedBalancing/MD5
Running phase: patchPhase
Running phase: updateAutotoolsGnuConfigScriptsPhase
Running phase: configurePhase
Running phase: buildPhase
Running phase: checkPhase
Running phase: installPhase
* installing *source* package ‘StratifiedBalancing’ ...
** package ‘StratifiedBalancing’ correctement décompressé et sommes MD5 vérifiées
** using staged installation
** R
** byte-compile and prepare package for lazy loading
** help
*** installing help indices
** building package indices
** testing if installed package can be loaded from temporary location
** testing if installed package can be loaded from final location
** testing if installed package keeps a record of temporary installation path
* DONE (StratifiedBalancing)
Running phase: fixupPhase
checking for references to /private/tmp/nix-build-r-StratifiedBalancing-0.3.0.drv-0/ in /nix/store/4v9qsp35j3z9gs3abcmykg7b8awsxhji-r-StratifiedBalancing-0.3.0...
patching script interpreter paths in /nix/store/4v9qsp35j3z9gs3abcmykg7b8awsxhji-r-StratifiedBalancing-0.3.0
rewriting symlink /nix/store/4v9qsp35j3z9gs3abcmykg7b8awsxhji-r-StratifiedBalancing-0.3.0/nix-support/propagated-user-env-packages to be relative to /nix/store/4v9qsp35j3z9gs3abcmykg7b8awsxhji-r-StratifiedBalancing-0.3.0
