this derivation will be built:
  /nix/store/5sph5jbj41zrkq5lclhmkl48n18yrh02-r-SyncMove-0.1-0.drv
this path will be fetched (0.03 MiB download, 0.03 MiB unpacked):
  /nix/store/sdzch1ka4y2km8a5fy4q2yfl0lxbjm41-SyncMove_0.1-0.tar.gz
copying path '/nix/store/sdzch1ka4y2km8a5fy4q2yfl0lxbjm41-SyncMove_0.1-0.tar.gz' from 'https://cache.nixos.org'...
building '/nix/store/5sph5jbj41zrkq5lclhmkl48n18yrh02-r-SyncMove-0.1-0.drv'...
Running phase: unpackPhase
unpacking source archive /nix/store/sdzch1ka4y2km8a5fy4q2yfl0lxbjm41-SyncMove_0.1-0.tar.gz
source root is SyncMove
setting SOURCE_DATE_EPOCH to timestamp 1444746139 of file SyncMove/MD5
Running phase: patchPhase
Running phase: updateAutotoolsGnuConfigScriptsPhase
Running phase: configurePhase
Running phase: buildPhase
Running phase: checkPhase
Running phase: installPhase
* installing *source* package ‘SyncMove’ ...
** package ‘SyncMove’ correctement décompressé et sommes MD5 vérifiées
** using staged installation
** R
** data
*** moving datasets to lazyload DB
** byte-compile and prepare package for lazy loading
** help
*** installing help indices
** building package indices
** testing if installed package can be loaded from temporary location
** testing if installed package can be loaded from final location
** testing if installed package keeps a record of temporary installation path
* DONE (SyncMove)
Running phase: fixupPhase
checking for references to /private/tmp/nix-build-r-SyncMove-0.1-0.drv-0/ in /nix/store/7c04g58w699mmsihpc1d64dky22qgpdk-r-SyncMove-0.1-0...
patching script interpreter paths in /nix/store/7c04g58w699mmsihpc1d64dky22qgpdk-r-SyncMove-0.1-0
