these 2 derivations will be built:
  /nix/store/jnv0rj7w0h0i4vlk6r5sz5rkmccxsrjz-wintime_0.3.0.tar.gz.drv
  /nix/store/3v1sd3xw32nn0py0yfc95g3djy0imsvr-r-wintime-0.3.0.drv
building '/nix/store/jnv0rj7w0h0i4vlk6r5sz5rkmccxsrjz-wintime_0.3.0.tar.gz.drv'...

trying https://cran.r-project.org/src/contrib/wintime_0.3.0.tar.gz
  % Total    % Received % Xferd  Average Speed   Time    Time     Time  Current
                                 Dload  Upload   Total   Spent    Left  Speed
100 37555  100 37555    0     0   332k      0 --:--:-- --:--:-- --:--:--  333k
building '/nix/store/3v1sd3xw32nn0py0yfc95g3djy0imsvr-r-wintime-0.3.0.drv'...
Running phase: unpackPhase
unpacking source archive /nix/store/rmh0pi5943nhbphn0m3vg8mnn2xl7sgv-wintime_0.3.0.tar.gz
source root is wintime
setting SOURCE_DATE_EPOCH to timestamp 1730391602 of file wintime/MD5
Running phase: patchPhase
Running phase: updateAutotoolsGnuConfigScriptsPhase
Running phase: configurePhase
Running phase: buildPhase
Running phase: checkPhase
Running phase: installPhase
* installing *source* package ‘wintime’ ...
** package ‘wintime’ correctement décompressé et sommes MD5 vérifiées
** using staged installation
** R
** inst
** byte-compile and prepare package for lazy loading
** help
*** installing help indices
** building package indices
** installing vignettes
** testing if installed package can be loaded from temporary location
** testing if installed package can be loaded from final location
** testing if installed package keeps a record of temporary installation path
* DONE (wintime)
Running phase: fixupPhase
checking for references to /private/tmp/nix-build-r-wintime-0.3.0.drv-0/ in /nix/store/bhj5gjjws1g48c3cpgx70lj91dam3ald-r-wintime-0.3.0...
patching script interpreter paths in /nix/store/bhj5gjjws1g48c3cpgx70lj91dam3ald-r-wintime-0.3.0
rewriting symlink /nix/store/bhj5gjjws1g48c3cpgx70lj91dam3ald-r-wintime-0.3.0/nix-support/propagated-user-env-packages to be relative to /nix/store/bhj5gjjws1g48c3cpgx70lj91dam3ald-r-wintime-0.3.0
