this derivation will be built:
  /nix/store/32zhj0j05dgxc9g41ar2fjc3q3kry01h-r-tempted-0.1.1.drv
this path will be fetched (2.34 MiB download, 2.34 MiB unpacked):
  /nix/store/6a23brcx2xw7gg735bkl4qfgigk6rb0x-tempted_0.1.1.tar.gz
copying path '/nix/store/6a23brcx2xw7gg735bkl4qfgigk6rb0x-tempted_0.1.1.tar.gz' from 'https://cache.nixos.org'...
building '/nix/store/32zhj0j05dgxc9g41ar2fjc3q3kry01h-r-tempted-0.1.1.drv'...
Running phase: unpackPhase
unpacking source archive /nix/store/6a23brcx2xw7gg735bkl4qfgigk6rb0x-tempted_0.1.1.tar.gz
source root is tempted
setting SOURCE_DATE_EPOCH to timestamp 1715222402 of file tempted/MD5
Running phase: patchPhase
Running phase: updateAutotoolsGnuConfigScriptsPhase
Running phase: configurePhase
Running phase: buildPhase
Running phase: checkPhase
Running phase: installPhase
* installing *source* package ‘tempted’ ...
** package ‘tempted’ correctement décompressé et sommes MD5 vérifiées
** using staged installation
** R
** data
*** moving datasets to lazyload DB
** inst
** byte-compile and prepare package for lazy loading
** help
*** installing help indices
*** copying figures
** building package indices
** testing if installed package can be loaded from temporary location
** testing if installed package can be loaded from final location
** testing if installed package keeps a record of temporary installation path
* DONE (tempted)
Running phase: fixupPhase
checking for references to /private/tmp/nix-build-r-tempted-0.1.1.drv-0/ in /nix/store/wjzmp86hkpb3x7ykpa6sw52065wh6rlv-r-tempted-0.1.1...
patching script interpreter paths in /nix/store/wjzmp86hkpb3x7ykpa6sw52065wh6rlv-r-tempted-0.1.1
rewriting symlink /nix/store/wjzmp86hkpb3x7ykpa6sw52065wh6rlv-r-tempted-0.1.1/nix-support/propagated-user-env-packages to be relative to /nix/store/wjzmp86hkpb3x7ykpa6sw52065wh6rlv-r-tempted-0.1.1
