these 2 derivations will be built:
  /nix/store/awqy4m8384c5i79m833fgyhfqlvn70gz-r-mStats-3.4.0.drv
  /nix/store/ia6nfchyllxrgf1h64iny40653asm3vy-r-doublIn-0.2.0.drv
building '/nix/store/awqy4m8384c5i79m833fgyhfqlvn70gz-r-mStats-3.4.0.drv'...
Running phase: unpackPhase
unpacking source archive /nix/store/7rs2gcilskd6nm9j7ygmk50snc14idz2-mStats_3.4.0.tar.gz
source root is mStats
setting SOURCE_DATE_EPOCH to timestamp 1606110602 of file mStats/MD5
Running phase: patchPhase
Running phase: updateAutotoolsGnuConfigScriptsPhase
Running phase: configurePhase
Running phase: buildPhase
Running phase: checkPhase
Running phase: installPhase
* installing *source* package ‘mStats’ ...
** package ‘mStats’ correctement décompressé et sommes MD5 vérifiées
** using staged installation
** R
** byte-compile and prepare package for lazy loading
** help
*** installing help indices
** building package indices
** testing if installed package can be loaded from temporary location
** testing if installed package can be loaded from final location
** testing if installed package keeps a record of temporary installation path
* DONE (mStats)
Running phase: fixupPhase
checking for references to /private/tmp/nix-build-r-mStats-3.4.0.drv-0/ in /nix/store/bcff23qgz7mhil6lv219cjg1m862ymiw-r-mStats-3.4.0...
patching script interpreter paths in /nix/store/bcff23qgz7mhil6lv219cjg1m862ymiw-r-mStats-3.4.0
building '/nix/store/ia6nfchyllxrgf1h64iny40653asm3vy-r-doublIn-0.2.0.drv'...
Running phase: unpackPhase
unpacking source archive /nix/store/hifdpriwzfljyj8vmfkvcgggbgfjcyzs-doublIn_0.2.0.tar.gz
source root is doublIn
setting SOURCE_DATE_EPOCH to timestamp 1718800807 of file doublIn/MD5
Running phase: patchPhase
Running phase: updateAutotoolsGnuConfigScriptsPhase
Running phase: configurePhase
Running phase: buildPhase
Running phase: checkPhase
Running phase: installPhase
* installing *source* package ‘doublIn’ ...
** package ‘doublIn’ correctement décompressé et sommes MD5 vérifiées
** using staged installation
** R
** inst
** byte-compile and prepare package for lazy loading
** help
*** installing help indices
** building package indices
** testing if installed package can be loaded from temporary location
** testing if installed package can be loaded from final location
** testing if installed package keeps a record of temporary installation path
* DONE (doublIn)
Running phase: fixupPhase
checking for references to /private/tmp/nix-build-r-doublIn-0.2.0.drv-0/ in /nix/store/9029klhi0y4m5b8lsrjlw32aarw205p2-r-doublIn-0.2.0...
patching script interpreter paths in /nix/store/9029klhi0y4m5b8lsrjlw32aarw205p2-r-doublIn-0.2.0
rewriting symlink /nix/store/9029klhi0y4m5b8lsrjlw32aarw205p2-r-doublIn-0.2.0/nix-support/propagated-user-env-packages to be relative to /nix/store/9029klhi0y4m5b8lsrjlw32aarw205p2-r-doublIn-0.2.0
