this derivation will be built:
  /nix/store/jqvn49zfxgmivga9b4bwm519d04qy3sx-r-TSS.RESTREND-0.3.1.drv
this path will be fetched (0.16 MiB download, 0.16 MiB unpacked):
  /nix/store/w2wiy6b7y4hdya3shli18kksiyq43gzl-TSS.RESTREND_0.3.1.tar.gz
copying path '/nix/store/w2wiy6b7y4hdya3shli18kksiyq43gzl-TSS.RESTREND_0.3.1.tar.gz' from 'https://cache.nixos.org'...
building '/nix/store/jqvn49zfxgmivga9b4bwm519d04qy3sx-r-TSS.RESTREND-0.3.1.drv'...
Running phase: unpackPhase
unpacking source archive /nix/store/w2wiy6b7y4hdya3shli18kksiyq43gzl-TSS.RESTREND_0.3.1.tar.gz
source root is TSS.RESTREND
setting SOURCE_DATE_EPOCH to timestamp 1596399002 of file TSS.RESTREND/MD5
Running phase: patchPhase
Running phase: updateAutotoolsGnuConfigScriptsPhase
Running phase: configurePhase
Running phase: buildPhase
Running phase: checkPhase
Running phase: installPhase
* installing *source* package ‘TSS.RESTREND’ ...
** package ‘TSS.RESTREND’ correctement décompressé et sommes MD5 vérifiées
** using staged installation
** R
** data
*** moving datasets to lazyload DB
** inst
** byte-compile and prepare package for lazy loading
** help
*** installing help indices
** building package indices
** testing if installed package can be loaded from temporary location
** testing if installed package can be loaded from final location
** testing if installed package keeps a record of temporary installation path
* DONE (TSS.RESTREND)
Running phase: fixupPhase
checking for references to /private/tmp/nix-build-r-TSS.RESTREND-0.3.1.drv-0/ in /nix/store/cq1205946pi0fgxwfs4hdd08mhxwdwb7-r-TSS.RESTREND-0.3.1...
patching script interpreter paths in /nix/store/cq1205946pi0fgxwfs4hdd08mhxwdwb7-r-TSS.RESTREND-0.3.1
rewriting symlink /nix/store/cq1205946pi0fgxwfs4hdd08mhxwdwb7-r-TSS.RESTREND-0.3.1/nix-support/propagated-user-env-packages to be relative to /nix/store/cq1205946pi0fgxwfs4hdd08mhxwdwb7-r-TSS.RESTREND-0.3.1
