these 2 derivations will be built:
  /nix/store/3s8xwphmpz7qp3ni60hqblsp2s3k6xmk-simaerep_0.6.0.tar.gz.drv
  /nix/store/s3d5xhv1d7zfsiyybzcmg1w4wqqkzn97-r-simaerep-0.6.0.drv
building '/nix/store/3s8xwphmpz7qp3ni60hqblsp2s3k6xmk-simaerep_0.6.0.tar.gz.drv'...

trying https://cran.r-project.org/src/contrib/simaerep_0.6.0.tar.gz
  % Total    % Received % Xferd  Average Speed   Time    Time     Time  Current
                                 Dload  Upload   Total   Spent    Left  Speed
100  623k  100  623k    0     0  2587k      0 --:--:-- --:--:-- --:--:-- 2585k
building '/nix/store/s3d5xhv1d7zfsiyybzcmg1w4wqqkzn97-r-simaerep-0.6.0.drv'...
Running phase: unpackPhase
unpacking source archive /nix/store/425qxx25678jgqi2c5sg0ahz3l358anf-simaerep_0.6.0.tar.gz
source root is simaerep
setting SOURCE_DATE_EPOCH to timestamp 1727698204 of file simaerep/MD5
Running phase: patchPhase
Running phase: updateAutotoolsGnuConfigScriptsPhase
Running phase: configurePhase
Running phase: buildPhase
Running phase: checkPhase
Running phase: installPhase
* installing *source* package ‘simaerep’ ...
** package ‘simaerep’ correctement décompressé et sommes MD5 vérifiées
** using staged installation
** R
** inst
** byte-compile and prepare package for lazy loading
** help
*** installing help indices
*** copying figures
** building package indices
** testing if installed package can be loaded from temporary location
** testing if installed package can be loaded from final location
** testing if installed package keeps a record of temporary installation path
* DONE (simaerep)
Running phase: fixupPhase
checking for references to /private/tmp/nix-build-r-simaerep-0.6.0.drv-0/ in /nix/store/ccwz682qar6cf1618hzlfz5wkaxbjrwb-r-simaerep-0.6.0...
patching script interpreter paths in /nix/store/ccwz682qar6cf1618hzlfz5wkaxbjrwb-r-simaerep-0.6.0
rewriting symlink /nix/store/ccwz682qar6cf1618hzlfz5wkaxbjrwb-r-simaerep-0.6.0/nix-support/propagated-user-env-packages to be relative to /nix/store/ccwz682qar6cf1618hzlfz5wkaxbjrwb-r-simaerep-0.6.0
