this derivation will be built:
  /nix/store/cp9rvmrz8y33m3y6b9yvv0lnc1ln29cc-r-changer-0.0.5.drv
building '/nix/store/cp9rvmrz8y33m3y6b9yvv0lnc1ln29cc-r-changer-0.0.5.drv'...
Running phase: unpackPhase
unpacking source archive /nix/store/4xd3j9ybwvw3dfa0dw3qy6sm02qlwbzk-changer_0.0.5.tar.gz
source root is changer
setting SOURCE_DATE_EPOCH to timestamp 1651576202 of file changer/MD5
Running phase: patchPhase
Running phase: updateAutotoolsGnuConfigScriptsPhase
Running phase: configurePhase
Running phase: buildPhase
Running phase: checkPhase
Running phase: installPhase
* installing *source* package ‘changer’ ...
** package ‘changer’ correctement décompressé et sommes MD5 vérifiées
** using staged installation
** R
** byte-compile and prepare package for lazy loading
** help
*** installing help indices
** building package indices
** testing if installed package can be loaded from temporary location
** testing if installed package can be loaded from final location
** testing if installed package keeps a record of temporary installation path
* DONE (changer)
Running phase: fixupPhase
checking for references to /private/tmp/nix-build-r-changer-0.0.5.drv-0/ in /nix/store/vp97xqgb0x933idc4pqn7gxr9g83jdfb-r-changer-0.0.5...
patching script interpreter paths in /nix/store/vp97xqgb0x933idc4pqn7gxr9g83jdfb-r-changer-0.0.5
rewriting symlink /nix/store/vp97xqgb0x933idc4pqn7gxr9g83jdfb-r-changer-0.0.5/nix-support/propagated-user-env-packages to be relative to /nix/store/vp97xqgb0x933idc4pqn7gxr9g83jdfb-r-changer-0.0.5
