this derivation will be built:
  /nix/store/lfz7rw06d1bypmfnnlmb7y61vwgfd33f-r-kader-0.0.8.drv
this path will be fetched (0.04 MiB download, 0.04 MiB unpacked):
  /nix/store/48mdzsnh1a7rlpfg8j0isc1fh84z7cyq-kader_0.0.8.tar.gz
copying path '/nix/store/48mdzsnh1a7rlpfg8j0isc1fh84z7cyq-kader_0.0.8.tar.gz' from 'https://cache.nixos.org'...
building '/nix/store/lfz7rw06d1bypmfnnlmb7y61vwgfd33f-r-kader-0.0.8.drv'...
Running phase: unpackPhase
unpacking source archive /nix/store/48mdzsnh1a7rlpfg8j0isc1fh84z7cyq-kader_0.0.8.tar.gz
source root is kader
setting SOURCE_DATE_EPOCH to timestamp 1507137488 of file kader/MD5
Running phase: patchPhase
Running phase: updateAutotoolsGnuConfigScriptsPhase
Running phase: configurePhase
Running phase: buildPhase
Running phase: checkPhase
Running phase: installPhase
* installing *source* package ‘kader’ ...
** package ‘kader’ correctement décompressé et sommes MD5 vérifiées
** using staged installation
** R
** byte-compile and prepare package for lazy loading
** help
*** installing help indices
** building package indices
** testing if installed package can be loaded from temporary location
** testing if installed package can be loaded from final location
** testing if installed package keeps a record of temporary installation path
* DONE (kader)
Running phase: fixupPhase
checking for references to /private/tmp/nix-build-r-kader-0.0.8.drv-0/ in /nix/store/g1br09ns3yjmvx68xy0cwlkzalrpkj9f-r-kader-0.0.8...
patching script interpreter paths in /nix/store/g1br09ns3yjmvx68xy0cwlkzalrpkj9f-r-kader-0.0.8
