this derivation will be built:
  /nix/store/wwz1pp4ffdijmik56lb5vhxnk4ikl9lj-r-rMIDAS-1.0.0.drv
this path will be fetched (0.19 MiB download, 0.19 MiB unpacked):
  /nix/store/0mhkz309q8248rzhm007g9ic169a7iwy-rMIDAS_1.0.0.tar.gz
copying path '/nix/store/0mhkz309q8248rzhm007g9ic169a7iwy-rMIDAS_1.0.0.tar.gz' from 'https://cache.nixos.org'...
building '/nix/store/wwz1pp4ffdijmik56lb5vhxnk4ikl9lj-r-rMIDAS-1.0.0.drv'...
Running phase: unpackPhase
unpacking source archive /nix/store/0mhkz309q8248rzhm007g9ic169a7iwy-rMIDAS_1.0.0.tar.gz
source root is rMIDAS
setting SOURCE_DATE_EPOCH to timestamp 1697039402 of file rMIDAS/MD5
Running phase: patchPhase
Running phase: updateAutotoolsGnuConfigScriptsPhase
Running phase: configurePhase
Running phase: buildPhase
Running phase: checkPhase
Running phase: installPhase
* installing *source* package ‘rMIDAS’ ...
** package ‘rMIDAS’ correctement décompressé et sommes MD5 vérifiées
** using staged installation
** R
** inst
** byte-compile and prepare package for lazy loading
** help
*** installing help indices
*** copying figures
** building package indices
** installing vignettes
** testing if installed package can be loaded from temporary location
Avis dans dir.create(config_dir, recursive = TRUE) :
  impossible de créer le répertoire '/homeless-shelter/Library', à cause de 'No such file or directory'
Avis dans dir.create(virtual_env_dir, recursive = TRUE) :
  impossible de créer le répertoire '/homeless-shelter/Library', à cause de 'No such file or directory'
** testing if installed package can be loaded from final location
Avis dans dir.create(config_dir, recursive = TRUE) :
  impossible de créer le répertoire '/homeless-shelter/Library', à cause de 'No such file or directory'
Avis dans dir.create(virtual_env_dir, recursive = TRUE) :
  impossible de créer le répertoire '/homeless-shelter/Library', à cause de 'No such file or directory'
** testing if installed package keeps a record of temporary installation path
* DONE (rMIDAS)
Running phase: fixupPhase
checking for references to /private/tmp/nix-build-r-rMIDAS-1.0.0.drv-0/ in /nix/store/87dhss1igbccwxclkd5l5wxdsg0yk9gi-r-rMIDAS-1.0.0...
patching script interpreter paths in /nix/store/87dhss1igbccwxclkd5l5wxdsg0yk9gi-r-rMIDAS-1.0.0
rewriting symlink /nix/store/87dhss1igbccwxclkd5l5wxdsg0yk9gi-r-rMIDAS-1.0.0/nix-support/propagated-user-env-packages to be relative to /nix/store/87dhss1igbccwxclkd5l5wxdsg0yk9gi-r-rMIDAS-1.0.0
