this derivation will be built:
  /nix/store/m920fgq7amhmfynh12b5l7p3hv5a8sg8-r-xlcharts-0.0.2.drv
this path will be fetched (0.26 MiB download, 0.26 MiB unpacked):
  /nix/store/354a4icjb3ybz7lny3dhw33i81f9bnrb-xlcharts_0.0.2.tar.gz
copying path '/nix/store/354a4icjb3ybz7lny3dhw33i81f9bnrb-xlcharts_0.0.2.tar.gz' from 'https://cache.nixos.org'...
building '/nix/store/m920fgq7amhmfynh12b5l7p3hv5a8sg8-r-xlcharts-0.0.2.drv'...
Running phase: unpackPhase
unpacking source archive /nix/store/354a4icjb3ybz7lny3dhw33i81f9bnrb-xlcharts_0.0.2.tar.gz
source root is xlcharts
setting SOURCE_DATE_EPOCH to timestamp 1713801602 of file xlcharts/MD5
Running phase: patchPhase
Running phase: updateAutotoolsGnuConfigScriptsPhase
Running phase: configurePhase
Running phase: buildPhase
Running phase: checkPhase
Running phase: installPhase
* installing *source* package ‘xlcharts’ ...
** package ‘xlcharts’ correctement décompressé et sommes MD5 vérifiées
** using staged installation
** R
** inst
** byte-compile and prepare package for lazy loading
** help
*** installing help indices
*** copying figures
** building package indices
** testing if installed package can be loaded from temporary location
** testing if installed package can be loaded from final location
** testing if installed package keeps a record of temporary installation path
* DONE (xlcharts)
Running phase: fixupPhase
checking for references to /private/tmp/nix-build-r-xlcharts-0.0.2.drv-0/ in /nix/store/c0pvnvy5jykjjl24w817zcq9skjvlnkw-r-xlcharts-0.0.2...
patching script interpreter paths in /nix/store/c0pvnvy5jykjjl24w817zcq9skjvlnkw-r-xlcharts-0.0.2
rewriting symlink /nix/store/c0pvnvy5jykjjl24w817zcq9skjvlnkw-r-xlcharts-0.0.2/nix-support/propagated-user-env-packages to be relative to /nix/store/c0pvnvy5jykjjl24w817zcq9skjvlnkw-r-xlcharts-0.0.2
