these 2 derivations will be built:
  /nix/store/j2nackv7rfb1sqf1js60pflkcg0mr2c2-VDPO_0.1.0.tar.gz.drv
  /nix/store/ccqdlimblgrbi6vszznksz4ni4xvwi32-r-VDPO-0.1.0.drv
building '/nix/store/j2nackv7rfb1sqf1js60pflkcg0mr2c2-VDPO_0.1.0.tar.gz.drv'...

trying https://cran.r-project.org/src/contrib/VDPO_0.1.0.tar.gz
  % Total    % Received % Xferd  Average Speed   Time    Time     Time  Current
                                 Dload  Upload   Total   Spent    Left  Speed
100  578k  100  578k    0     0  2325k      0 --:--:-- --:--:-- --:--:-- 2333k
building '/nix/store/ccqdlimblgrbi6vszznksz4ni4xvwi32-r-VDPO-0.1.0.drv'...
Running phase: unpackPhase
unpacking source archive /nix/store/d0igpgs1z87pqq8yshaqqlg7mn7lpm04-VDPO_0.1.0.tar.gz
source root is VDPO
setting SOURCE_DATE_EPOCH to timestamp 1729510226 of file VDPO/MD5
Running phase: patchPhase
Running phase: updateAutotoolsGnuConfigScriptsPhase
Running phase: configurePhase
Running phase: buildPhase
Running phase: checkPhase
Running phase: installPhase
* installing *source* package ‘VDPO’ ...
** package ‘VDPO’ correctement décompressé et sommes MD5 vérifiées
** using staged installation
** R
** inst
** byte-compile and prepare package for lazy loading
** help
*** installing help indices
** building package indices
** installing vignettes
** testing if installed package can be loaded from temporary location
** testing if installed package can be loaded from final location
** testing if installed package keeps a record of temporary installation path
* DONE (VDPO)
Running phase: fixupPhase
checking for references to /private/tmp/nix-build-r-VDPO-0.1.0.drv-0/ in /nix/store/z3xp7h2p0vx58g1khdyyzwh9syq0ixfz-r-VDPO-0.1.0...
patching script interpreter paths in /nix/store/z3xp7h2p0vx58g1khdyyzwh9syq0ixfz-r-VDPO-0.1.0
rewriting symlink /nix/store/z3xp7h2p0vx58g1khdyyzwh9syq0ixfz-r-VDPO-0.1.0/nix-support/propagated-user-env-packages to be relative to /nix/store/z3xp7h2p0vx58g1khdyyzwh9syq0ixfz-r-VDPO-0.1.0
