this derivation will be built:
  /nix/store/rpz4hc2jvayzxkpw59fmrdy69xr6jlfn-r-italy-0.1.0.drv
this path will be fetched (0.16 MiB download, 0.16 MiB unpacked):
  /nix/store/q3rhzxwz6kjjm4qhn92yy9wwmvs7rmm2-italy_0.1.0.tar.gz
copying path '/nix/store/q3rhzxwz6kjjm4qhn92yy9wwmvs7rmm2-italy_0.1.0.tar.gz' from 'https://cache.nixos.org'...
building '/nix/store/rpz4hc2jvayzxkpw59fmrdy69xr6jlfn-r-italy-0.1.0.drv'...
Running phase: unpackPhase
unpacking source archive /nix/store/q3rhzxwz6kjjm4qhn92yy9wwmvs7rmm2-italy_0.1.0.tar.gz
source root is italy
setting SOURCE_DATE_EPOCH to timestamp 1501956818 of file italy/MD5
Running phase: patchPhase
Running phase: updateAutotoolsGnuConfigScriptsPhase
Running phase: configurePhase
Running phase: buildPhase
Running phase: checkPhase
Running phase: installPhase
* installing *source* package ‘italy’ ...
** package ‘italy’ correctement décompressé et sommes MD5 vérifiées
** using staged installation
** R
** data
*** moving datasets to lazyload DB
** byte-compile and prepare package for lazy loading
** help
*** installing help indices
** building package indices
** testing if installed package can be loaded from temporary location
** testing if installed package can be loaded from final location
** testing if installed package keeps a record of temporary installation path
* DONE (italy)
Running phase: fixupPhase
checking for references to /private/tmp/nix-build-r-italy-0.1.0.drv-0/ in /nix/store/qpkg32hapwr2n2f86bqxhixaka24hz46-r-italy-0.1.0...
patching script interpreter paths in /nix/store/qpkg32hapwr2n2f86bqxhixaka24hz46-r-italy-0.1.0
