this derivation will be built:
  /nix/store/bvanqkfhd4z9nx9n2byaydiyjn1iii69-r-normalr-1.0.0.drv
this path will be fetched (0.01 MiB download, 0.01 MiB unpacked):
  /nix/store/j1vpzxgp84jx24x2909ldwvabxlmh5x2-normalr_1.0.0.tar.gz
copying path '/nix/store/j1vpzxgp84jx24x2909ldwvabxlmh5x2-normalr_1.0.0.tar.gz' from 'https://cache.nixos.org'...
building '/nix/store/bvanqkfhd4z9nx9n2byaydiyjn1iii69-r-normalr-1.0.0.drv'...
Running phase: unpackPhase
unpacking source archive /nix/store/j1vpzxgp84jx24x2909ldwvabxlmh5x2-normalr_1.0.0.tar.gz
source root is normalr
setting SOURCE_DATE_EPOCH to timestamp 1522380003 of file normalr/MD5
Running phase: patchPhase
Running phase: updateAutotoolsGnuConfigScriptsPhase
Running phase: configurePhase
Running phase: buildPhase
Running phase: checkPhase
Running phase: installPhase
* installing *source* package ‘normalr’ ...
** package ‘normalr’ correctement décompressé et sommes MD5 vérifiées
** using staged installation
** R
** data
*** moving datasets to lazyload DB
** inst
** byte-compile and prepare package for lazy loading
** help
*** installing help indices
** building package indices
** testing if installed package can be loaded from temporary location
** testing if installed package can be loaded from final location
** testing if installed package keeps a record of temporary installation path
* DONE (normalr)
Running phase: fixupPhase
checking for references to /private/tmp/nix-build-r-normalr-1.0.0.drv-0/ in /nix/store/2d7wm6w0xhh75vl6n16jmfzdn97b0bzk-r-normalr-1.0.0...
patching script interpreter paths in /nix/store/2d7wm6w0xhh75vl6n16jmfzdn97b0bzk-r-normalr-1.0.0
rewriting symlink /nix/store/2d7wm6w0xhh75vl6n16jmfzdn97b0bzk-r-normalr-1.0.0/nix-support/propagated-user-env-packages to be relative to /nix/store/2d7wm6w0xhh75vl6n16jmfzdn97b0bzk-r-normalr-1.0.0
