these 2 derivations will be built:
  /nix/store/d0mf3vrqavdqzs2myccsaf0jckmn71mi-Keng_2024.11.25.tar.gz.drv
  /nix/store/qz4f7w0hd9zzxdd16aqnsxvic0sfazf9-r-Keng-2024.11.25.drv
building '/nix/store/d0mf3vrqavdqzs2myccsaf0jckmn71mi-Keng_2024.11.25.tar.gz.drv'...

trying https://cran.r-project.org/src/contrib/Keng_2024.11.25.tar.gz
  % Total    % Received % Xferd  Average Speed   Time    Time     Time  Current
                                 Dload  Upload   Total   Spent    Left  Speed
100 72272  100 72272    0     0   520k      0 --:--:-- --:--:-- --:--:--  522k
building '/nix/store/qz4f7w0hd9zzxdd16aqnsxvic0sfazf9-r-Keng-2024.11.25.drv'...
Running phase: unpackPhase
unpacking source archive /nix/store/ihj2nj25lwdr2hjn4173r8cxhsxp464p-Keng_2024.11.25.tar.gz
source root is Keng
setting SOURCE_DATE_EPOCH to timestamp 1732476002 of file Keng/MD5
Running phase: patchPhase
Running phase: updateAutotoolsGnuConfigScriptsPhase
Running phase: configurePhase
Running phase: buildPhase
Running phase: checkPhase
Running phase: installPhase
* installing *source* package ‘Keng’ ...
** package ‘Keng’ correctement décompressé et sommes MD5 vérifiées
** using staged installation
** R
** data
*** moving datasets to lazyload DB
** inst
** byte-compile and prepare package for lazy loading
** help
*** installing help indices
*** copying figures
** building package indices
** installing vignettes
** testing if installed package can be loaded from temporary location
** testing if installed package can be loaded from final location
** testing if installed package keeps a record of temporary installation path
* DONE (Keng)
Running phase: fixupPhase
checking for references to /private/tmp/nix-build-r-Keng-2024.11.25.drv-0/ in /nix/store/8i44djzsm121a5ggmvzybkny0bqbhnf2-r-Keng-2024.11.25...
patching script interpreter paths in /nix/store/8i44djzsm121a5ggmvzybkny0bqbhnf2-r-Keng-2024.11.25
