this derivation will be built:
  /nix/store/05dd7mvvxcx7jf5b691k367cgrp0kpz9-r-healthdb-0.3.1.drv
this path will be fetched (0.17 MiB download, 0.17 MiB unpacked):
  /nix/store/7jh609smcs6xky9jl5n31slp89gbkc9z-healthdb_0.3.1.tar.gz
copying path '/nix/store/7jh609smcs6xky9jl5n31slp89gbkc9z-healthdb_0.3.1.tar.gz' from 'https://cache.nixos.org'...
building '/nix/store/05dd7mvvxcx7jf5b691k367cgrp0kpz9-r-healthdb-0.3.1.drv'...
Running phase: unpackPhase
unpacking source archive /nix/store/7jh609smcs6xky9jl5n31slp89gbkc9z-healthdb_0.3.1.tar.gz
source root is healthdb
setting SOURCE_DATE_EPOCH to timestamp 1716430202 of file healthdb/MD5
Running phase: patchPhase
Running phase: updateAutotoolsGnuConfigScriptsPhase
Running phase: configurePhase
Running phase: buildPhase
Running phase: checkPhase
Running phase: installPhase
* installing *source* package ‘healthdb’ ...
** package ‘healthdb’ correctement décompressé et sommes MD5 vérifiées
** using staged installation
** R
** inst
** byte-compile and prepare package for lazy loading
** help
*** installing help indices
*** copying figures
** building package indices
** installing vignettes
** testing if installed package can be loaded from temporary location
** testing if installed package can be loaded from final location
** testing if installed package keeps a record of temporary installation path
* DONE (healthdb)
Running phase: fixupPhase
checking for references to /private/tmp/nix-build-r-healthdb-0.3.1.drv-0/ in /nix/store/46i0bkbhc4c3zx4g7lpgcn86y6xq5vfn-r-healthdb-0.3.1...
patching script interpreter paths in /nix/store/46i0bkbhc4c3zx4g7lpgcn86y6xq5vfn-r-healthdb-0.3.1
rewriting symlink /nix/store/46i0bkbhc4c3zx4g7lpgcn86y6xq5vfn-r-healthdb-0.3.1/nix-support/propagated-user-env-packages to be relative to /nix/store/46i0bkbhc4c3zx4g7lpgcn86y6xq5vfn-r-healthdb-0.3.1
