this derivation will be built:
  /nix/store/ndk276hh9598jwzyl2jlzsavfngqwrn2-r-RAMClustR-1.3.1.drv
this path will be fetched (3.50 MiB download, 3.81 MiB unpacked):
  /nix/store/gq0a90v81sq3gwj5bwrd46h3j3p5vcml-RAMClustR_1.3.1.tar.gz
copying path '/nix/store/gq0a90v81sq3gwj5bwrd46h3j3p5vcml-RAMClustR_1.3.1.tar.gz' from 'https://cache.nixos.org'...
building '/nix/store/ndk276hh9598jwzyl2jlzsavfngqwrn2-r-RAMClustR-1.3.1.drv'...
Running phase: unpackPhase
unpacking source archive /nix/store/gq0a90v81sq3gwj5bwrd46h3j3p5vcml-RAMClustR_1.3.1.tar.gz
source root is RAMClustR
setting SOURCE_DATE_EPOCH to timestamp 1697815208 of file RAMClustR/MD5
Running phase: patchPhase
Running phase: updateAutotoolsGnuConfigScriptsPhase
Running phase: configurePhase
Running phase: buildPhase
Running phase: checkPhase
Running phase: installPhase
* installing *source* package ‘RAMClustR’ ...
** package ‘RAMClustR’ correctement décompressé et sommes MD5 vérifiées
** using staged installation
** R
** inst
** byte-compile and prepare package for lazy loading
** help
*** installing help indices
** building package indices
** installing vignettes
** testing if installed package can be loaded from temporary location
** testing if installed package can be loaded from final location
** testing if installed package keeps a record of temporary installation path
* DONE (RAMClustR)
Running phase: fixupPhase
checking for references to /private/tmp/nix-build-r-RAMClustR-1.3.1.drv-0/ in /nix/store/yykqish4afv8daf6xxr2zgmvh4rriwrg-r-RAMClustR-1.3.1...
patching script interpreter paths in /nix/store/yykqish4afv8daf6xxr2zgmvh4rriwrg-r-RAMClustR-1.3.1
rewriting symlink /nix/store/yykqish4afv8daf6xxr2zgmvh4rriwrg-r-RAMClustR-1.3.1/nix-support/propagated-user-env-packages to be relative to /nix/store/yykqish4afv8daf6xxr2zgmvh4rriwrg-r-RAMClustR-1.3.1
