this derivation will be built:
  /nix/store/j24ycjdf7d0h0m001hz65s5icvdy9lbf-r-jrc-0.6.0.drv
this path will be fetched (0.04 MiB download, 0.04 MiB unpacked):
  /nix/store/a2152ka87z5p3bn0g7jhzq8xnk3s5jgr-jrc_0.6.0.tar.gz
copying path '/nix/store/a2152ka87z5p3bn0g7jhzq8xnk3s5jgr-jrc_0.6.0.tar.gz' from 'https://cache.nixos.org'...
building '/nix/store/j24ycjdf7d0h0m001hz65s5icvdy9lbf-r-jrc-0.6.0.drv'...
Running phase: unpackPhase
unpacking source archive /nix/store/a2152ka87z5p3bn0g7jhzq8xnk3s5jgr-jrc_0.6.0.tar.gz
source root is jrc
setting SOURCE_DATE_EPOCH to timestamp 1692798605 of file jrc/MD5
Running phase: patchPhase
Running phase: updateAutotoolsGnuConfigScriptsPhase
Running phase: configurePhase
Running phase: buildPhase
Running phase: checkPhase
Running phase: installPhase
* installing *source* package ‘jrc’ ...
** package ‘jrc’ correctement décompressé et sommes MD5 vérifiées
** using staged installation
** R
** inst
** byte-compile and prepare package for lazy loading
** help
*** installing help indices
** building package indices
** testing if installed package can be loaded from temporary location
** testing if installed package can be loaded from final location
** testing if installed package keeps a record of temporary installation path
* DONE (jrc)
Running phase: fixupPhase
checking for references to /private/tmp/nix-build-r-jrc-0.6.0.drv-0/ in /nix/store/hm8c1107jkvf3aamcj6rl06fp13hnw0z-r-jrc-0.6.0...
patching script interpreter paths in /nix/store/hm8c1107jkvf3aamcj6rl06fp13hnw0z-r-jrc-0.6.0
rewriting symlink /nix/store/hm8c1107jkvf3aamcj6rl06fp13hnw0z-r-jrc-0.6.0/nix-support/propagated-user-env-packages to be relative to /nix/store/hm8c1107jkvf3aamcj6rl06fp13hnw0z-r-jrc-0.6.0
