this derivation will be built:
  /nix/store/3ni657j2yvwkhsfp2v238bh2hzbdhyx5-r-stevedore-0.9.6.drv
this path will be fetched (1.58 MiB download, 1.59 MiB unpacked):
  /nix/store/74f2krsxl4xsajkrfh14wfh7h42ykdh6-stevedore_0.9.6.tar.gz
copying path '/nix/store/74f2krsxl4xsajkrfh14wfh7h42ykdh6-stevedore_0.9.6.tar.gz' from 'https://cache.nixos.org'...
building '/nix/store/3ni657j2yvwkhsfp2v238bh2hzbdhyx5-r-stevedore-0.9.6.drv'...
Running phase: unpackPhase
unpacking source archive /nix/store/74f2krsxl4xsajkrfh14wfh7h42ykdh6-stevedore_0.9.6.tar.gz
source root is stevedore
setting SOURCE_DATE_EPOCH to timestamp 1689019802 of file stevedore/MD5
Running phase: patchPhase
Running phase: updateAutotoolsGnuConfigScriptsPhase
Running phase: configurePhase
Running phase: buildPhase
Running phase: checkPhase
Running phase: installPhase
* installing *source* package ‘stevedore’ ...
** package ‘stevedore’ correctement décompressé et sommes MD5 vérifiées
** using staged installation
** R
** inst
** byte-compile and prepare package for lazy loading
** help
*** installing help indices
** building package indices
** installing vignettes
** testing if installed package can be loaded from temporary location
** testing if installed package can be loaded from final location
** testing if installed package keeps a record of temporary installation path
* DONE (stevedore)
Running phase: fixupPhase
checking for references to /private/tmp/nix-build-r-stevedore-0.9.6.drv-0/ in /nix/store/v1v6mj29gavb8mwq4ksa6prr7m0z7j0y-r-stevedore-0.9.6...
patching script interpreter paths in /nix/store/v1v6mj29gavb8mwq4ksa6prr7m0z7j0y-r-stevedore-0.9.6
/nix/store/v1v6mj29gavb8mwq4ksa6prr7m0z7j0y-r-stevedore-0.9.6/library/stevedore/images/iterate/iterate: interpreter directive changed from "#!/bin/sh" to "/nix/store/sk8z3kdy6iaky6sg972k6fkh3iw2rn3d-bash-5.2p37/bin/sh"
/nix/store/v1v6mj29gavb8mwq4ksa6prr7m0z7j0y-r-stevedore-0.9.6/library/stevedore/images/tester/tester.sh: interpreter directive changed from "#!/usr/bin/env bash" to "/nix/store/sk8z3kdy6iaky6sg972k6fkh3iw2rn3d-bash-5.2p37/bin/bash"
rewriting symlink /nix/store/v1v6mj29gavb8mwq4ksa6prr7m0z7j0y-r-stevedore-0.9.6/nix-support/propagated-user-env-packages to be relative to /nix/store/v1v6mj29gavb8mwq4ksa6prr7m0z7j0y-r-stevedore-0.9.6
