this derivation will be built:
  /nix/store/0f6ca16f9m43lzkxm2rpjx58vbpp8vzs-r-knnwtsim-1.0.0.drv
this path will be fetched (0.20 MiB download, 0.20 MiB unpacked):
  /nix/store/sy89bw897i1pfmpm4piazg0myxj3xd1b-knnwtsim_1.0.0.tar.gz
copying path '/nix/store/sy89bw897i1pfmpm4piazg0myxj3xd1b-knnwtsim_1.0.0.tar.gz' from 'https://cache.nixos.org'...
building '/nix/store/0f6ca16f9m43lzkxm2rpjx58vbpp8vzs-r-knnwtsim-1.0.0.drv'...
Running phase: unpackPhase
unpacking source archive /nix/store/sy89bw897i1pfmpm4piazg0myxj3xd1b-knnwtsim_1.0.0.tar.gz
source root is knnwtsim
setting SOURCE_DATE_EPOCH to timestamp 1646515202 of file knnwtsim/MD5
Running phase: patchPhase
Running phase: updateAutotoolsGnuConfigScriptsPhase
Running phase: configurePhase
Running phase: buildPhase
Running phase: checkPhase
Running phase: installPhase
* installing *source* package ‘knnwtsim’ ...
** package ‘knnwtsim’ correctement décompressé et sommes MD5 vérifiées
** using staged installation
** R
** data
*** moving datasets to lazyload DB
** byte-compile and prepare package for lazy loading
** help
*** installing help indices
*** copying figures
** building package indices
** testing if installed package can be loaded from temporary location
** testing if installed package can be loaded from final location
** testing if installed package keeps a record of temporary installation path
* DONE (knnwtsim)
Running phase: fixupPhase
checking for references to /private/tmp/nix-build-r-knnwtsim-1.0.0.drv-0/ in /nix/store/nlcvhy696yqjavihyv0m686b14bynd1k-r-knnwtsim-1.0.0...
patching script interpreter paths in /nix/store/nlcvhy696yqjavihyv0m686b14bynd1k-r-knnwtsim-1.0.0
