these 2 derivations will be built:
  /nix/store/nybsb5a8jzxq8l39pss6y1myvhq6iv5r-tmsens_0.3.1.tar.gz.drv
  /nix/store/z0b0pjrc3dzcn0hbr1mdzdwdmrzcs4fx-r-tmsens-0.3.1.drv
building '/nix/store/nybsb5a8jzxq8l39pss6y1myvhq6iv5r-tmsens_0.3.1.tar.gz.drv'...

trying https://cran.r-project.org/src/contrib/tmsens_0.3.1.tar.gz
  % Total    % Received % Xferd  Average Speed   Time    Time     Time  Current
                                 Dload  Upload   Total   Spent    Left  Speed
100 13186  100 13186    0     0   121k      0 --:--:-- --:--:-- --:--:--  121k
building '/nix/store/z0b0pjrc3dzcn0hbr1mdzdwdmrzcs4fx-r-tmsens-0.3.1.drv'...
Running phase: unpackPhase
unpacking source archive /nix/store/7gbk09jlfm9qxkk2g4qcnirscdkvrdxf-tmsens_0.3.1.tar.gz
source root is tmsens
setting SOURCE_DATE_EPOCH to timestamp 1724923803 of file tmsens/MD5
Running phase: patchPhase
Running phase: updateAutotoolsGnuConfigScriptsPhase
Running phase: configurePhase
Running phase: buildPhase
Running phase: checkPhase
Running phase: installPhase
* installing *source* package ‘tmsens’ ...
** package ‘tmsens’ correctement décompressé et sommes MD5 vérifiées
** using staged installation
** R
** inst
** byte-compile and prepare package for lazy loading
** help
*** installing help indices
** building package indices
** testing if installed package can be loaded from temporary location
** testing if installed package can be loaded from final location
** testing if installed package keeps a record of temporary installation path
* DONE (tmsens)
Running phase: fixupPhase
checking for references to /private/tmp/nix-build-r-tmsens-0.3.1.drv-0/ in /nix/store/7lcxj5iy57snhcl2zn8vygnj1g6sa2sm-r-tmsens-0.3.1...
patching script interpreter paths in /nix/store/7lcxj5iy57snhcl2zn8vygnj1g6sa2sm-r-tmsens-0.3.1
