this derivation will be built:
  /nix/store/2lz785x456yz9v601i5bi5imf3d3kkg5-r-ssd4mosaic-1.0.1.drv
this path will be fetched (1.56 MiB download, 1.58 MiB unpacked):
  /nix/store/w1945kzz638pryb0zm8vm7gr4jxh0ssd-ssd4mosaic_1.0.1.tar.gz
copying path '/nix/store/w1945kzz638pryb0zm8vm7gr4jxh0ssd-ssd4mosaic_1.0.1.tar.gz' from 'https://cache.nixos.org'...
building '/nix/store/2lz785x456yz9v601i5bi5imf3d3kkg5-r-ssd4mosaic-1.0.1.drv'...
Running phase: unpackPhase
unpacking source archive /nix/store/w1945kzz638pryb0zm8vm7gr4jxh0ssd-ssd4mosaic_1.0.1.tar.gz
source root is ssd4mosaic
setting SOURCE_DATE_EPOCH to timestamp 1710879002 of file ssd4mosaic/MD5
Running phase: patchPhase
Running phase: updateAutotoolsGnuConfigScriptsPhase
Running phase: configurePhase
Running phase: buildPhase
Running phase: checkPhase
Running phase: installPhase
* installing *source* package ‘ssd4mosaic’ ...
** package ‘ssd4mosaic’ correctement décompressé et sommes MD5 vérifiées
** using staged installation
** R
** data
*** moving datasets to lazyload DB
** inst
** byte-compile and prepare package for lazy loading
** help
*** installing help indices
** building package indices
** installing vignettes
** testing if installed package can be loaded from temporary location
** testing if installed package can be loaded from final location
** testing if installed package keeps a record of temporary installation path
* DONE (ssd4mosaic)
Running phase: fixupPhase
checking for references to /private/tmp/nix-build-r-ssd4mosaic-1.0.1.drv-0/ in /nix/store/yxqjg4wiplywh0gbyqxz93plc76j34zi-r-ssd4mosaic-1.0.1...
patching script interpreter paths in /nix/store/yxqjg4wiplywh0gbyqxz93plc76j34zi-r-ssd4mosaic-1.0.1
rewriting symlink /nix/store/yxqjg4wiplywh0gbyqxz93plc76j34zi-r-ssd4mosaic-1.0.1/nix-support/propagated-user-env-packages to be relative to /nix/store/yxqjg4wiplywh0gbyqxz93plc76j34zi-r-ssd4mosaic-1.0.1
