this derivation will be built:
  /nix/store/7p1vs4cy39hmzpmlkksyv5pczp755i7z-r-SMMT-1.2.0.drv
this path will be fetched (0.29 MiB download, 0.29 MiB unpacked):
  /nix/store/3dd7j5shiv74dpcfzn0h2y49ij2xagw0-SMMT_1.2.0.tar.gz
copying path '/nix/store/3dd7j5shiv74dpcfzn0h2y49ij2xagw0-SMMT_1.2.0.tar.gz' from 'https://cache.nixos.org'...
building '/nix/store/7p1vs4cy39hmzpmlkksyv5pczp755i7z-r-SMMT-1.2.0.drv'...
Running phase: unpackPhase
unpacking source archive /nix/store/3dd7j5shiv74dpcfzn0h2y49ij2xagw0-SMMT_1.2.0.tar.gz
source root is SMMT
setting SOURCE_DATE_EPOCH to timestamp 1716201602 of file SMMT/MD5
Running phase: patchPhase
Running phase: updateAutotoolsGnuConfigScriptsPhase
Running phase: configurePhase
Running phase: buildPhase
Running phase: checkPhase
Running phase: installPhase
* installing *source* package ‘SMMT’ ...
** package ‘SMMT’ correctement décompressé et sommes MD5 vérifiées
** using staged installation
** R
** inst
** byte-compile and prepare package for lazy loading
** help
*** installing help indices
** building package indices
** installing vignettes
** testing if installed package can be loaded from temporary location
** testing if installed package can be loaded from final location
** testing if installed package keeps a record of temporary installation path
* DONE (SMMT)
Running phase: fixupPhase
checking for references to /private/tmp/nix-build-r-SMMT-1.2.0.drv-0/ in /nix/store/bv10smafs085m993h783qyjnr2b9bgmv-r-SMMT-1.2.0...
patching script interpreter paths in /nix/store/bv10smafs085m993h783qyjnr2b9bgmv-r-SMMT-1.2.0
rewriting symlink /nix/store/bv10smafs085m993h783qyjnr2b9bgmv-r-SMMT-1.2.0/nix-support/propagated-user-env-packages to be relative to /nix/store/bv10smafs085m993h783qyjnr2b9bgmv-r-SMMT-1.2.0
