this derivation will be built:
  /nix/store/cmbikmrclb0yh3kf84vqbdas5x6s5m9m-r-ramsvm-2.3.drv
this path will be fetched (0.01 MiB download, 0.01 MiB unpacked):
  /nix/store/62gpvlghc1dbw7m0fk66wwqh5ylf0ln5-ramsvm_2.3.tar.gz
copying path '/nix/store/62gpvlghc1dbw7m0fk66wwqh5ylf0ln5-ramsvm_2.3.tar.gz' from 'https://cache.nixos.org'...
building '/nix/store/cmbikmrclb0yh3kf84vqbdas5x6s5m9m-r-ramsvm-2.3.drv'...
Running phase: unpackPhase
unpacking source archive /nix/store/62gpvlghc1dbw7m0fk66wwqh5ylf0ln5-ramsvm_2.3.tar.gz
source root is ramsvm
setting SOURCE_DATE_EPOCH to timestamp 1654557014 of file ramsvm/MD5
Running phase: patchPhase
Running phase: updateAutotoolsGnuConfigScriptsPhase
Running phase: configurePhase
Running phase: buildPhase
Running phase: checkPhase
Running phase: installPhase
* installing *source* package ‘ramsvm’ ...
** package ‘ramsvm’ correctement décompressé et sommes MD5 vérifiées
** using staged installation
** libs
using C compiler: ‘clang version 16.0.6’
using SDK: ‘’
/nix/store/v39c0h6xv6hvki2k1bsyp5n090q8y2bp-clang-wrapper-16.0.6/bin/cc -I"/nix/store/lir8rmsk7dxbj7v1spqmv69z4mafg16l-R-4.4.2/lib/R/include" -DNDEBUG   -isystem /nix/store/0mmz5i705116bfykc7i1r9jxqwyghj2a-libcxx-16.0.6-dev/include/c++/v1    -fPIC  -g -O2  -c alpha_update.c -o alpha_update.o
/nix/store/v39c0h6xv6hvki2k1bsyp5n090q8y2bp-clang-wrapper-16.0.6/bin/cc -I"/nix/store/lir8rmsk7dxbj7v1spqmv69z4mafg16l-R-4.4.2/lib/R/include" -DNDEBUG   -isystem /nix/store/0mmz5i705116bfykc7i1r9jxqwyghj2a-libcxx-16.0.6-dev/include/c++/v1    -fPIC  -g -O2  -c local_alpha_update.c -o local_alpha_update.o
/nix/store/v39c0h6xv6hvki2k1bsyp5n090q8y2bp-clang-wrapper-16.0.6/bin/cc -I"/nix/store/lir8rmsk7dxbj7v1spqmv69z4mafg16l-R-4.4.2/lib/R/include" -DNDEBUG   -isystem /nix/store/0mmz5i705116bfykc7i1r9jxqwyghj2a-libcxx-16.0.6-dev/include/c++/v1    -fPIC  -g -O2  -c ramsvm_init.c -o ramsvm_init.o
/nix/store/v39c0h6xv6hvki2k1bsyp5n090q8y2bp-clang-wrapper-16.0.6/bin/cc -dynamiclib -Wl,-headerpad_max_install_names -undefined dynamic_lookup -L/nix/store/lir8rmsk7dxbj7v1spqmv69z4mafg16l-R-4.4.2/lib/R/lib -L/nix/store/88xkgzh5g9xppsg3hdxxxh9q43rnxk6k-libcxx-16.0.6/lib -o ramsvm.so alpha_update.o local_alpha_update.o ramsvm_init.o -L/nix/store/lir8rmsk7dxbj7v1spqmv69z4mafg16l-R-4.4.2/lib/R/lib -lR -lintl -Wl,-framework -Wl,CoreFoundation
installing to /nix/store/bmans0gr7cj5q519d4q29pz6dx5cn92s-r-ramsvm-2.3/library/00LOCK-ramsvm/00new/ramsvm/libs
** R
** byte-compile and prepare package for lazy loading
** help
*** installing help indices
** building package indices
** testing if installed package can be loaded from temporary location
** checking absolute paths in shared objects and dynamic libraries
** testing if installed package can be loaded from final location
** testing if installed package keeps a record of temporary installation path
* DONE (ramsvm)
Running phase: fixupPhase
checking for references to /private/tmp/nix-build-r-ramsvm-2.3.drv-0/ in /nix/store/bmans0gr7cj5q519d4q29pz6dx5cn92s-r-ramsvm-2.3...
patching script interpreter paths in /nix/store/bmans0gr7cj5q519d4q29pz6dx5cn92s-r-ramsvm-2.3
rewriting symlink /nix/store/bmans0gr7cj5q519d4q29pz6dx5cn92s-r-ramsvm-2.3/nix-support/propagated-user-env-packages to be relative to /nix/store/bmans0gr7cj5q519d4q29pz6dx5cn92s-r-ramsvm-2.3
