this derivation will be built:
  /nix/store/f7aggqqsq386vvcjy7992bz4ksp0in0a-r-scriptName-1.0.1.drv
this path will be fetched (0.00 MiB download, 0.00 MiB unpacked):
  /nix/store/qang92hkl688h5423jp8khsxqb5by24g-scriptName_1.0.1.tar.gz
copying path '/nix/store/qang92hkl688h5423jp8khsxqb5by24g-scriptName_1.0.1.tar.gz' from 'https://cache.nixos.org'...
building '/nix/store/f7aggqqsq386vvcjy7992bz4ksp0in0a-r-scriptName-1.0.1.drv'...
Running phase: unpackPhase
unpacking source archive /nix/store/qang92hkl688h5423jp8khsxqb5by24g-scriptName_1.0.1.tar.gz
source root is scriptName
setting SOURCE_DATE_EPOCH to timestamp 1560930003 of file scriptName/MD5
Running phase: patchPhase
Running phase: updateAutotoolsGnuConfigScriptsPhase
Running phase: configurePhase
Running phase: buildPhase
Running phase: checkPhase
Running phase: installPhase
* installing *source* package ‘scriptName’ ...
** package ‘scriptName’ correctement décompressé et sommes MD5 vérifiées
** using staged installation
** R
** byte-compile and prepare package for lazy loading
** help
*** installing help indices
** building package indices
** testing if installed package can be loaded from temporary location
** testing if installed package can be loaded from final location
** testing if installed package keeps a record of temporary installation path
* DONE (scriptName)
Running phase: fixupPhase
checking for references to /private/tmp/nix-build-r-scriptName-1.0.1.drv-0/ in /nix/store/536fs2q0y01181zxhddxv9v3q0w05gpf-r-scriptName-1.0.1...
patching script interpreter paths in /nix/store/536fs2q0y01181zxhddxv9v3q0w05gpf-r-scriptName-1.0.1
rewriting symlink /nix/store/536fs2q0y01181zxhddxv9v3q0w05gpf-r-scriptName-1.0.1/nix-support/propagated-user-env-packages to be relative to /nix/store/536fs2q0y01181zxhddxv9v3q0w05gpf-r-scriptName-1.0.1
