this derivation will be built:
  /nix/store/hy8ysz2zzd05j60hamx7dbl95cr3d9i0-r-SoftClustering-2.1.3.drv
this path will be fetched (0.02 MiB download, 0.02 MiB unpacked):
  /nix/store/xriy2xj4m32cs34aqdaavwfvs29rx3hs-SoftClustering_2.1.3.tar.gz
copying path '/nix/store/xriy2xj4m32cs34aqdaavwfvs29rx3hs-SoftClustering_2.1.3.tar.gz' from 'https://cache.nixos.org'...
building '/nix/store/hy8ysz2zzd05j60hamx7dbl95cr3d9i0-r-SoftClustering-2.1.3.drv'...
Running phase: unpackPhase
unpacking source archive /nix/store/xriy2xj4m32cs34aqdaavwfvs29rx3hs-SoftClustering_2.1.3.tar.gz
source root is SoftClustering
setting SOURCE_DATE_EPOCH to timestamp 1692345155 of file SoftClustering/MD5
Running phase: patchPhase
Running phase: updateAutotoolsGnuConfigScriptsPhase
Running phase: configurePhase
Running phase: buildPhase
Running phase: checkPhase
Running phase: installPhase
* installing *source* package ‘SoftClustering’ ...
** package ‘SoftClustering’ correctement décompressé et sommes MD5 vérifiées
** using staged installation
** R
** data
*** moving datasets to lazyload DB
** byte-compile and prepare package for lazy loading
** help
*** installing help indices
** building package indices
** testing if installed package can be loaded from temporary location
** testing if installed package can be loaded from final location
** testing if installed package keeps a record of temporary installation path
* DONE (SoftClustering)
Running phase: fixupPhase
checking for references to /private/tmp/nix-build-r-SoftClustering-2.1.3.drv-0/ in /nix/store/34z8m3k8f0khw1yn0b5n2qia9c349fsf-r-SoftClustering-2.1.3...
patching script interpreter paths in /nix/store/34z8m3k8f0khw1yn0b5n2qia9c349fsf-r-SoftClustering-2.1.3
