these 4 derivations will be built:
  /nix/store/1xfxjjf188ri8ig6pqxgjqxh50d0hgfs-rD3plot_1.1.21.tar.gz.drv
  /nix/store/5rmiidhahjhs44lszl5msmj4hj400lv5-netCoin_2.0.84.tar.gz.drv
  /nix/store/x9n2642s0saz0i50gb1arf5hcr34m8mc-r-rD3plot-1.1.21.drv
  /nix/store/ky95njqaicsv6ccxb3nwgslg1xh5mvq3-r-netCoin-2.0.84.drv
building '/nix/store/5rmiidhahjhs44lszl5msmj4hj400lv5-netCoin_2.0.84.tar.gz.drv'...
building '/nix/store/1xfxjjf188ri8ig6pqxgjqxh50d0hgfs-rD3plot_1.1.21.tar.gz.drv'...

trying https://cran.r-project.org/src/contrib/netCoin_2.0.84.tar.gz
  % Total    % Received % Xferd  Average Speed   Time    Time     Time  Current
                                 Dload  Upload   Total   Spent    Left  Speed

trying https://cran.r-project.org/src/contrib/rD3plot_1.1.21.tar.gz
  % Total    % Received % Xferd  Average Speed   Time    Time     Time  Current
                                 Dload  Upload   Total   Spent    Left  Speed
100 2325k  100 2325k    0     0  6491k      0 --:--:-- --:--:-- --:--:-- 6496k
100  774k  100  774k    0     0  2519k      0 --:--:-- --:--:-- --:--:-- 2523k
building '/nix/store/x9n2642s0saz0i50gb1arf5hcr34m8mc-r-rD3plot-1.1.21.drv'...
Running phase: unpackPhase
unpacking source archive /nix/store/mjrq10w3q71bvrp8absap4dzwkdqk0m4-rD3plot_1.1.21.tar.gz
source root is rD3plot
setting SOURCE_DATE_EPOCH to timestamp 1729249802 of file rD3plot/MD5
Running phase: patchPhase
Running phase: updateAutotoolsGnuConfigScriptsPhase
Running phase: configurePhase
Running phase: buildPhase
Running phase: checkPhase
Running phase: installPhase
* installing *source* package ‘rD3plot’ ...
** package ‘rD3plot’ correctement décompressé et sommes MD5 vérifiées
** using staged installation
** R
** data
** inst
** byte-compile and prepare package for lazy loading
** help
*** installing help indices
** building package indices
** testing if installed package can be loaded from temporary location
** testing if installed package can be loaded from final location
** testing if installed package keeps a record of temporary installation path
* DONE (rD3plot)
Running phase: fixupPhase
checking for references to /private/tmp/nix-build-r-rD3plot-1.1.21.drv-0/ in /nix/store/c4mlqnbs4bbryv2ksby4ghsq24lkjl5c-r-rD3plot-1.1.21...
patching script interpreter paths in /nix/store/c4mlqnbs4bbryv2ksby4ghsq24lkjl5c-r-rD3plot-1.1.21
rewriting symlink /nix/store/c4mlqnbs4bbryv2ksby4ghsq24lkjl5c-r-rD3plot-1.1.21/nix-support/propagated-user-env-packages to be relative to /nix/store/c4mlqnbs4bbryv2ksby4ghsq24lkjl5c-r-rD3plot-1.1.21
building '/nix/store/ky95njqaicsv6ccxb3nwgslg1xh5mvq3-r-netCoin-2.0.84.drv'...
Running phase: unpackPhase
unpacking source archive /nix/store/cx443d4bi5hdkbbfy5895kc2jwwrhmp1-netCoin_2.0.84.tar.gz
source root is netCoin
setting SOURCE_DATE_EPOCH to timestamp 1729252805 of file netCoin/MD5
Running phase: patchPhase
Running phase: updateAutotoolsGnuConfigScriptsPhase
Running phase: configurePhase
Running phase: buildPhase
Running phase: checkPhase
Running phase: installPhase
* installing *source* package ‘netCoin’ ...
** package ‘netCoin’ correctement décompressé et sommes MD5 vérifiées
** using staged installation
** R
** data
** inst
** byte-compile and prepare package for lazy loading
** help
*** installing help indices
** building package indices
** installing vignettes
** testing if installed package can be loaded from temporary location
** testing if installed package can be loaded from final location
** testing if installed package keeps a record of temporary installation path
* DONE (netCoin)
Running phase: fixupPhase
checking for references to /private/tmp/nix-build-r-netCoin-2.0.84.drv-0/ in /nix/store/26ix5ggcq2dzcvviyv95a8wa36xnnb4n-r-netCoin-2.0.84...
patching script interpreter paths in /nix/store/26ix5ggcq2dzcvviyv95a8wa36xnnb4n-r-netCoin-2.0.84
rewriting symlink /nix/store/26ix5ggcq2dzcvviyv95a8wa36xnnb4n-r-netCoin-2.0.84/nix-support/propagated-user-env-packages to be relative to /nix/store/26ix5ggcq2dzcvviyv95a8wa36xnnb4n-r-netCoin-2.0.84
