this derivation will be built:
  /nix/store/arj517xv7qh5l8m18j2l179kpgzwqqsb-r-qacBase-1.0.3.drv
this path will be fetched (0.39 MiB download, 0.39 MiB unpacked):
  /nix/store/h024rpp01ldl9d390p8cmvbs11zrcbx6-qacBase_1.0.3.tar.gz
copying path '/nix/store/h024rpp01ldl9d390p8cmvbs11zrcbx6-qacBase_1.0.3.tar.gz' from 'https://cache.nixos.org'...
building '/nix/store/arj517xv7qh5l8m18j2l179kpgzwqqsb-r-qacBase-1.0.3.drv'...
Running phase: unpackPhase
unpacking source archive /nix/store/h024rpp01ldl9d390p8cmvbs11zrcbx6-qacBase_1.0.3.tar.gz
source root is qacBase
setting SOURCE_DATE_EPOCH to timestamp 1644445202 of file qacBase/MD5
Running phase: patchPhase
Running phase: updateAutotoolsGnuConfigScriptsPhase
Running phase: configurePhase
Running phase: buildPhase
Running phase: checkPhase
Running phase: installPhase
* installing *source* package ‘qacBase’ ...
** package ‘qacBase’ correctement décompressé et sommes MD5 vérifiées
** using staged installation
** R
** data
*** moving datasets to lazyload DB
** inst
** byte-compile and prepare package for lazy loading
** help
*** installing help indices
** building package indices
** installing vignettes
** testing if installed package can be loaded from temporary location
** testing if installed package can be loaded from final location
** testing if installed package keeps a record of temporary installation path
* DONE (qacBase)
Running phase: fixupPhase
checking for references to /private/tmp/nix-build-r-qacBase-1.0.3.drv-0/ in /nix/store/ycrj5n4d3baajw36yklid28npyrc39zx-r-qacBase-1.0.3...
patching script interpreter paths in /nix/store/ycrj5n4d3baajw36yklid28npyrc39zx-r-qacBase-1.0.3
rewriting symlink /nix/store/ycrj5n4d3baajw36yklid28npyrc39zx-r-qacBase-1.0.3/nix-support/propagated-user-env-packages to be relative to /nix/store/ycrj5n4d3baajw36yklid28npyrc39zx-r-qacBase-1.0.3
