this derivation will be built:
  /nix/store/1fv9amc2s5032ky1f6sbiy074gl2naki-r-rqlm-2.1-1.drv
this path will be fetched (0.03 MiB download, 0.03 MiB unpacked):
  /nix/store/5wpknslshs7rycpaic7jn4l19l79v8ji-rqlm_2.1-1.tar.gz
copying path '/nix/store/5wpknslshs7rycpaic7jn4l19l79v8ji-rqlm_2.1-1.tar.gz' from 'https://cache.nixos.org'...
building '/nix/store/1fv9amc2s5032ky1f6sbiy074gl2naki-r-rqlm-2.1-1.drv'...
Running phase: unpackPhase
unpacking source archive /nix/store/5wpknslshs7rycpaic7jn4l19l79v8ji-rqlm_2.1-1.tar.gz
source root is rqlm
setting SOURCE_DATE_EPOCH to timestamp 1716501003 of file rqlm/MD5
Running phase: patchPhase
Running phase: updateAutotoolsGnuConfigScriptsPhase
Running phase: configurePhase
Running phase: buildPhase
Running phase: checkPhase
Running phase: installPhase
* installing *source* package ‘rqlm’ ...
** package ‘rqlm’ correctement décompressé et sommes MD5 vérifiées
** using staged installation
** R
** data
*** moving datasets to lazyload DB
** byte-compile and prepare package for lazy loading
** help
*** installing help indices
** building package indices
** testing if installed package can be loaded from temporary location
** testing if installed package can be loaded from final location
** testing if installed package keeps a record of temporary installation path
* DONE (rqlm)
Running phase: fixupPhase
checking for references to /private/tmp/nix-build-r-rqlm-2.1-1.drv-0/ in /nix/store/pn61klzsjy3kyisl01d94q2q2lz70vaa-r-rqlm-2.1-1...
patching script interpreter paths in /nix/store/pn61klzsjy3kyisl01d94q2q2lz70vaa-r-rqlm-2.1-1
rewriting symlink /nix/store/pn61klzsjy3kyisl01d94q2q2lz70vaa-r-rqlm-2.1-1/nix-support/propagated-user-env-packages to be relative to /nix/store/pn61klzsjy3kyisl01d94q2q2lz70vaa-r-rqlm-2.1-1
