this derivation will be built:
  /nix/store/nqqswi2jriqjlvbgfnmlq310jfkvavkn-r-mlr3summary-0.1.0.drv
this path will be fetched (0.14 MiB download, 0.14 MiB unpacked):
  /nix/store/zks1v9c5ajfy55c15d0nh43lwahia2kk-mlr3summary_0.1.0.tar.gz
copying path '/nix/store/zks1v9c5ajfy55c15d0nh43lwahia2kk-mlr3summary_0.1.0.tar.gz' from 'https://cache.nixos.org'...
building '/nix/store/nqqswi2jriqjlvbgfnmlq310jfkvavkn-r-mlr3summary-0.1.0.drv'...
Running phase: unpackPhase
unpacking source archive /nix/store/zks1v9c5ajfy55c15d0nh43lwahia2kk-mlr3summary_0.1.0.tar.gz
source root is mlr3summary
setting SOURCE_DATE_EPOCH to timestamp 1713968402 of file mlr3summary/MD5
Running phase: patchPhase
Running phase: updateAutotoolsGnuConfigScriptsPhase
Running phase: configurePhase
Running phase: buildPhase
Running phase: checkPhase
Running phase: installPhase
* installing *source* package ‘mlr3summary’ ...
** package ‘mlr3summary’ correctement décompressé et sommes MD5 vérifiées
** using staged installation
** R
** data
*** moving datasets to lazyload DB
** demo
** inst
** byte-compile and prepare package for lazy loading
** help
*** installing help indices
** building package indices
** testing if installed package can be loaded from temporary location
** testing if installed package can be loaded from final location
** testing if installed package keeps a record of temporary installation path
* DONE (mlr3summary)
Running phase: fixupPhase
checking for references to /private/tmp/nix-build-r-mlr3summary-0.1.0.drv-0/ in /nix/store/b3x8b5ilagi51wk81hsyi2n7w60cy9nn-r-mlr3summary-0.1.0...
patching script interpreter paths in /nix/store/b3x8b5ilagi51wk81hsyi2n7w60cy9nn-r-mlr3summary-0.1.0
rewriting symlink /nix/store/b3x8b5ilagi51wk81hsyi2n7w60cy9nn-r-mlr3summary-0.1.0/nix-support/propagated-user-env-packages to be relative to /nix/store/b3x8b5ilagi51wk81hsyi2n7w60cy9nn-r-mlr3summary-0.1.0
