this derivation will be built:
  /nix/store/zzckl7xgaq3q17h86pxlijz43ikz8vfb-r-SouthParkRshiny-1.0.0.drv
this path will be fetched (2.78 MiB download, 2.78 MiB unpacked):
  /nix/store/sr99ndclc251nbsmkv0wwb0vb17c5821-SouthParkRshiny_1.0.0.tar.gz
copying path '/nix/store/sr99ndclc251nbsmkv0wwb0vb17c5821-SouthParkRshiny_1.0.0.tar.gz' from 'https://cache.nixos.org'...
building '/nix/store/zzckl7xgaq3q17h86pxlijz43ikz8vfb-r-SouthParkRshiny-1.0.0.drv'...
Running phase: unpackPhase
unpacking source archive /nix/store/sr99ndclc251nbsmkv0wwb0vb17c5821-SouthParkRshiny_1.0.0.tar.gz
source root is SouthParkRshiny
setting SOURCE_DATE_EPOCH to timestamp 1709982608 of file SouthParkRshiny/MD5
Running phase: patchPhase
Running phase: updateAutotoolsGnuConfigScriptsPhase
Running phase: configurePhase
Running phase: buildPhase
Running phase: checkPhase
Running phase: installPhase
* installing *source* package ‘SouthParkRshiny’ ...
** package ‘SouthParkRshiny’ correctement décompressé et sommes MD5 vérifiées
** using staged installation
** R
** data
*** moving datasets to lazyload DB
** inst
** byte-compile and prepare package for lazy loading
** help
*** installing help indices
*** copying figures
** building package indices
** testing if installed package can be loaded from temporary location
** testing if installed package can be loaded from final location
** testing if installed package keeps a record of temporary installation path
* DONE (SouthParkRshiny)
Running phase: fixupPhase
checking for references to /private/tmp/nix-build-r-SouthParkRshiny-1.0.0.drv-0/ in /nix/store/iig94j780wfawax8190f4sxr0vcfasc5-r-SouthParkRshiny-1.0.0...
patching script interpreter paths in /nix/store/iig94j780wfawax8190f4sxr0vcfasc5-r-SouthParkRshiny-1.0.0
rewriting symlink /nix/store/iig94j780wfawax8190f4sxr0vcfasc5-r-SouthParkRshiny-1.0.0/nix-support/propagated-user-env-packages to be relative to /nix/store/iig94j780wfawax8190f4sxr0vcfasc5-r-SouthParkRshiny-1.0.0
