this derivation will be built:
  /nix/store/2prc9l59h0bmvdgr0kghwg27qfx1dqxd-r-randChecks-0.2.1.drv
this path will be fetched (0.03 MiB download, 0.03 MiB unpacked):
  /nix/store/lshl8arj51z7zr30pwmxr3czvpvmkbpd-randChecks_0.2.1.tar.gz
copying path '/nix/store/lshl8arj51z7zr30pwmxr3czvpvmkbpd-randChecks_0.2.1.tar.gz' from 'https://cache.nixos.org'...
building '/nix/store/2prc9l59h0bmvdgr0kghwg27qfx1dqxd-r-randChecks-0.2.1.drv'...
Running phase: unpackPhase
unpacking source archive /nix/store/lshl8arj51z7zr30pwmxr3czvpvmkbpd-randChecks_0.2.1.tar.gz
source root is randChecks
setting SOURCE_DATE_EPOCH to timestamp 1616109602 of file randChecks/MD5
Running phase: patchPhase
Running phase: updateAutotoolsGnuConfigScriptsPhase
Running phase: configurePhase
Running phase: buildPhase
Running phase: checkPhase
Running phase: installPhase
* installing *source* package ‘randChecks’ ...
** package ‘randChecks’ correctement décompressé et sommes MD5 vérifiées
** using staged installation
** R
** data
*** moving datasets to lazyload DB
** byte-compile and prepare package for lazy loading
** help
*** installing help indices
** building package indices
** testing if installed package can be loaded from temporary location
** testing if installed package can be loaded from final location
** testing if installed package keeps a record of temporary installation path
* DONE (randChecks)
Running phase: fixupPhase
checking for references to /private/tmp/nix-build-r-randChecks-0.2.1.drv-0/ in /nix/store/gnhdh2q40058k43jfgiawn4d21jx0dib-r-randChecks-0.2.1...
patching script interpreter paths in /nix/store/gnhdh2q40058k43jfgiawn4d21jx0dib-r-randChecks-0.2.1
