this derivation will be built:
  /nix/store/n4gzipi981xj5ijmmdi3lhxw613kbiid-r-SCORPIUS-1.0.9.drv
this path will be fetched (1.78 MiB download, 1.78 MiB unpacked):
  /nix/store/1rvdh14chdm5kp7byc97py4likg1il5p-SCORPIUS_1.0.9.tar.gz
copying path '/nix/store/1rvdh14chdm5kp7byc97py4likg1il5p-SCORPIUS_1.0.9.tar.gz' from 'https://cache.nixos.org'...
building '/nix/store/n4gzipi981xj5ijmmdi3lhxw613kbiid-r-SCORPIUS-1.0.9.drv'...
Running phase: unpackPhase
unpacking source archive /nix/store/1rvdh14chdm5kp7byc97py4likg1il5p-SCORPIUS_1.0.9.tar.gz
source root is SCORPIUS
setting SOURCE_DATE_EPOCH to timestamp 1691429405 of file SCORPIUS/MD5
Running phase: patchPhase
Running phase: updateAutotoolsGnuConfigScriptsPhase
Running phase: configurePhase
Running phase: buildPhase
Running phase: checkPhase
Running phase: installPhase
* installing *source* package ‘SCORPIUS’ ...
** package ‘SCORPIUS’ correctement décompressé et sommes MD5 vérifiées
** using staged installation
** R
** data
*** moving datasets to lazyload DB
** inst
** byte-compile and prepare package for lazy loading
** help
*** installing help indices
*** copying figures
** building package indices
** installing vignettes
** testing if installed package can be loaded from temporary location
** testing if installed package can be loaded from final location
** testing if installed package keeps a record of temporary installation path
* DONE (SCORPIUS)
Running phase: fixupPhase
checking for references to /private/tmp/nix-build-r-SCORPIUS-1.0.9.drv-0/ in /nix/store/fdl54pfbkkyi5009vz5bs6n2fr69mc7b-r-SCORPIUS-1.0.9...
patching script interpreter paths in /nix/store/fdl54pfbkkyi5009vz5bs6n2fr69mc7b-r-SCORPIUS-1.0.9
/nix/store/fdl54pfbkkyi5009vz5bs6n2fr69mc7b-r-SCORPIUS-1.0.9/library/SCORPIUS/dynwrap/example.sh: interpreter directive changed from "#!/usr/bin/env Rscript" to "/nix/store/lir8rmsk7dxbj7v1spqmv69z4mafg16l-R-4.4.2/bin/Rscript"
/nix/store/fdl54pfbkkyi5009vz5bs6n2fr69mc7b-r-SCORPIUS-1.0.9/library/SCORPIUS/dynwrap/run.R: interpreter directive changed from "#!/usr/local/bin/Rscript" to "/nix/store/lir8rmsk7dxbj7v1spqmv69z4mafg16l-R-4.4.2/bin/Rscript"
rewriting symlink /nix/store/fdl54pfbkkyi5009vz5bs6n2fr69mc7b-r-SCORPIUS-1.0.9/nix-support/propagated-user-env-packages to be relative to /nix/store/fdl54pfbkkyi5009vz5bs6n2fr69mc7b-r-SCORPIUS-1.0.9
