this derivation will be built:
  /nix/store/32az5bk1b980nyi5bai9ilqqi3yk5yp1-r-vangogh-0.1.1.drv
this path will be fetched (0.06 MiB download, 0.06 MiB unpacked):
  /nix/store/mq4m5p9l8hpyailv66z9i9h89xxl8w7x-vangogh_0.1.1.tar.gz
copying path '/nix/store/mq4m5p9l8hpyailv66z9i9h89xxl8w7x-vangogh_0.1.1.tar.gz' from 'https://cache.nixos.org'...
building '/nix/store/32az5bk1b980nyi5bai9ilqqi3yk5yp1-r-vangogh-0.1.1.drv'...
Running phase: unpackPhase
unpacking source archive /nix/store/mq4m5p9l8hpyailv66z9i9h89xxl8w7x-vangogh_0.1.1.tar.gz
source root is vangogh
setting SOURCE_DATE_EPOCH to timestamp 1653638402 of file vangogh/MD5
Running phase: patchPhase
Running phase: updateAutotoolsGnuConfigScriptsPhase
Running phase: configurePhase
Running phase: buildPhase
Running phase: checkPhase
Running phase: installPhase
* installing *source* package ‘vangogh’ ...
** package ‘vangogh’ correctement décompressé et sommes MD5 vérifiées
** using staged installation
** R
** inst
** byte-compile and prepare package for lazy loading
** help
*** installing help indices
*** copying figures
** building package indices
** installing vignettes
** testing if installed package can be loaded from temporary location
** testing if installed package can be loaded from final location
** testing if installed package keeps a record of temporary installation path
* DONE (vangogh)
Running phase: fixupPhase
checking for references to /private/tmp/nix-build-r-vangogh-0.1.1.drv-0/ in /nix/store/qhfj03sgr3y6sykyzkmh0p37ga65p4x3-r-vangogh-0.1.1...
patching script interpreter paths in /nix/store/qhfj03sgr3y6sykyzkmh0p37ga65p4x3-r-vangogh-0.1.1
rewriting symlink /nix/store/qhfj03sgr3y6sykyzkmh0p37ga65p4x3-r-vangogh-0.1.1/nix-support/propagated-user-env-packages to be relative to /nix/store/qhfj03sgr3y6sykyzkmh0p37ga65p4x3-r-vangogh-0.1.1
