this derivation will be built:
  /nix/store/pffczpv3cq24np76aha7sbd69s6hhl67-r-TopicScore-0.0.1.drv
this path will be fetched (0.40 MiB download, 0.40 MiB unpacked):
  /nix/store/j0rvmb1s7k0431ir3hq5q6bw2ppllhiz-TopicScore_0.0.1.tar.gz
copying path '/nix/store/j0rvmb1s7k0431ir3hq5q6bw2ppllhiz-TopicScore_0.0.1.tar.gz' from 'https://cache.nixos.org'...
building '/nix/store/pffczpv3cq24np76aha7sbd69s6hhl67-r-TopicScore-0.0.1.drv'...
Running phase: unpackPhase
unpacking source archive /nix/store/j0rvmb1s7k0431ir3hq5q6bw2ppllhiz-TopicScore_0.0.1.tar.gz
source root is TopicScore
setting SOURCE_DATE_EPOCH to timestamp 1559819534 of file TopicScore/MD5
Running phase: patchPhase
Running phase: updateAutotoolsGnuConfigScriptsPhase
Running phase: configurePhase
Running phase: buildPhase
Running phase: checkPhase
Running phase: installPhase
* installing *source* package ‘TopicScore’ ...
** package ‘TopicScore’ correctement décompressé et sommes MD5 vérifiées
** using staged installation
** R
** data
*** moving datasets to lazyload DB
** byte-compile and prepare package for lazy loading
** help
*** installing help indices
** building package indices
** testing if installed package can be loaded from temporary location
** testing if installed package can be loaded from final location
** testing if installed package keeps a record of temporary installation path
* DONE (TopicScore)
Running phase: fixupPhase
checking for references to /private/tmp/nix-build-r-TopicScore-0.0.1.drv-0/ in /nix/store/q9q06qc07kxdsqs7slm54hyrfivwzzxx-r-TopicScore-0.0.1...
patching script interpreter paths in /nix/store/q9q06qc07kxdsqs7slm54hyrfivwzzxx-r-TopicScore-0.0.1
rewriting symlink /nix/store/q9q06qc07kxdsqs7slm54hyrfivwzzxx-r-TopicScore-0.0.1/nix-support/propagated-user-env-packages to be relative to /nix/store/q9q06qc07kxdsqs7slm54hyrfivwzzxx-r-TopicScore-0.0.1
