these 2 derivations will be built:
  /nix/store/qbg11b5rjgg9yb73sk0rd8gc2850mlc3-r-yuima-1.15.27.drv
  /nix/store/kwjjm70w8cg16mdp9n2811psc2v62y4r-r-pcmabc-1.1.3.drv
these 2 paths will be fetched (0.78 MiB download, 0.78 MiB unpacked):
  /nix/store/slzgl6fbii9cdk7d7p4z3b3vfq00mrdd-pcmabc_1.1.3.tar.gz
  /nix/store/xw42qf9v3km0vm3qlylzanixkj5mab1s-yuima_1.15.27.tar.gz
copying path '/nix/store/slzgl6fbii9cdk7d7p4z3b3vfq00mrdd-pcmabc_1.1.3.tar.gz' from 'https://cache.nixos.org'...
copying path '/nix/store/xw42qf9v3km0vm3qlylzanixkj5mab1s-yuima_1.15.27.tar.gz' from 'https://cache.nixos.org'...
building '/nix/store/qbg11b5rjgg9yb73sk0rd8gc2850mlc3-r-yuima-1.15.27.drv'...
Running phase: unpackPhase
unpacking source archive /nix/store/xw42qf9v3km0vm3qlylzanixkj5mab1s-yuima_1.15.27.tar.gz
source root is yuima
setting SOURCE_DATE_EPOCH to timestamp 1709242203 of file yuima/MD5
Running phase: patchPhase
Running phase: updateAutotoolsGnuConfigScriptsPhase
Running phase: configurePhase
Running phase: buildPhase
Running phase: checkPhase
Running phase: installPhase
* installing *source* package ‘yuima’ ...
** package ‘yuima’ correctement décompressé et sommes MD5 vérifiées
** using staged installation
** libs
using C compiler: ‘clang version 16.0.6’
using C++ compiler: ‘clang version 16.0.6’
using SDK: ‘’
/nix/store/v39c0h6xv6hvki2k1bsyp5n090q8y2bp-clang-wrapper-16.0.6/bin/c++ -std=gnu++17 -I"/nix/store/lir8rmsk7dxbj7v1spqmv69z4mafg16l-R-4.4.2/lib/R/include" -DNDEBUG  -I'/nix/store/da7yi2xf3argx9hlnn3f0k95b8y1yx2l-r-Rcpp-1.0.13-1/library/Rcpp/include' -I'/nix/store/4w8j39mxla47i5piv5f0z7cwxnb50wds-r-RcppArmadillo-14.2.0-1/library/RcppArmadillo/include' -isystem /nix/store/0mmz5i705116bfykc7i1r9jxqwyghj2a-libcxx-16.0.6-dev/include/c++/v1    -fPIC  -g -O2   -c IntensityEval.cpp -o IntensityEval.o
/nix/store/v39c0h6xv6hvki2k1bsyp5n090q8y2bp-clang-wrapper-16.0.6/bin/c++ -std=gnu++17 -I"/nix/store/lir8rmsk7dxbj7v1spqmv69z4mafg16l-R-4.4.2/lib/R/include" -DNDEBUG  -I'/nix/store/da7yi2xf3argx9hlnn3f0k95b8y1yx2l-r-Rcpp-1.0.13-1/library/Rcpp/include' -I'/nix/store/4w8j39mxla47i5piv5f0z7cwxnb50wds-r-RcppArmadillo-14.2.0-1/library/RcppArmadillo/include' -isystem /nix/store/0mmz5i705116bfykc7i1r9jxqwyghj2a-libcxx-16.0.6-dev/include/c++/v1    -fPIC  -g -O2   -c MpCN.cpp -o MpCN.o
/nix/store/v39c0h6xv6hvki2k1bsyp5n090q8y2bp-clang-wrapper-16.0.6/bin/cc -I"/nix/store/lir8rmsk7dxbj7v1spqmv69z4mafg16l-R-4.4.2/lib/R/include" -DNDEBUG  -I'/nix/store/da7yi2xf3argx9hlnn3f0k95b8y1yx2l-r-Rcpp-1.0.13-1/library/Rcpp/include' -I'/nix/store/4w8j39mxla47i5piv5f0z7cwxnb50wds-r-RcppArmadillo-14.2.0-1/library/RcppArmadillo/include' -isystem /nix/store/0mmz5i705116bfykc7i1r9jxqwyghj2a-libcxx-16.0.6-dev/include/c++/v1    -fPIC  -g -O2  -c PseudoLoglikCOGARCH.c -o PseudoLoglikCOGARCH.o
/nix/store/v39c0h6xv6hvki2k1bsyp5n090q8y2bp-clang-wrapper-16.0.6/bin/c++ -std=gnu++17 -I"/nix/store/lir8rmsk7dxbj7v1spqmv69z4mafg16l-R-4.4.2/lib/R/include" -DNDEBUG  -I'/nix/store/da7yi2xf3argx9hlnn3f0k95b8y1yx2l-r-Rcpp-1.0.13-1/library/Rcpp/include' -I'/nix/store/4w8j39mxla47i5piv5f0z7cwxnb50wds-r-RcppArmadillo-14.2.0-1/library/RcppArmadillo/include' -isystem /nix/store/0mmz5i705116bfykc7i1r9jxqwyghj2a-libcxx-16.0.6-dev/include/c++/v1    -fPIC  -g -O2   -c RcppExports.cpp -o RcppExports.o
/nix/store/v39c0h6xv6hvki2k1bsyp5n090q8y2bp-clang-wrapper-16.0.6/bin/c++ -std=gnu++17 -I"/nix/store/lir8rmsk7dxbj7v1spqmv69z4mafg16l-R-4.4.2/lib/R/include" -DNDEBUG  -I'/nix/store/da7yi2xf3argx9hlnn3f0k95b8y1yx2l-r-Rcpp-1.0.13-1/library/Rcpp/include' -I'/nix/store/4w8j39mxla47i5piv5f0z7cwxnb50wds-r-RcppArmadillo-14.2.0-1/library/RcppArmadillo/include' -isystem /nix/store/0mmz5i705116bfykc7i1r9jxqwyghj2a-libcxx-16.0.6-dev/include/c++/v1    -fPIC  -g -O2   -c ae.cpp -o ae.o
/nix/store/v39c0h6xv6hvki2k1bsyp5n090q8y2bp-clang-wrapper-16.0.6/bin/cc -I"/nix/store/lir8rmsk7dxbj7v1spqmv69z4mafg16l-R-4.4.2/lib/R/include" -DNDEBUG  -I'/nix/store/da7yi2xf3argx9hlnn3f0k95b8y1yx2l-r-Rcpp-1.0.13-1/library/Rcpp/include' -I'/nix/store/4w8j39mxla47i5piv5f0z7cwxnb50wds-r-RcppArmadillo-14.2.0-1/library/RcppArmadillo/include' -isystem /nix/store/0mmz5i705116bfykc7i1r9jxqwyghj2a-libcxx-16.0.6-dev/include/c++/v1    -fPIC  -g -O2  -c carmafilter.c -o carmafilter.o
/nix/store/v39c0h6xv6hvki2k1bsyp5n090q8y2bp-clang-wrapper-16.0.6/bin/cc -I"/nix/store/lir8rmsk7dxbj7v1spqmv69z4mafg16l-R-4.4.2/lib/R/include" -DNDEBUG  -I'/nix/store/da7yi2xf3argx9hlnn3f0k95b8y1yx2l-r-Rcpp-1.0.13-1/library/Rcpp/include' -I'/nix/store/4w8j39mxla47i5piv5f0z7cwxnb50wds-r-RcppArmadillo-14.2.0-1/library/RcppArmadillo/include' -isystem /nix/store/0mmz5i705116bfykc7i1r9jxqwyghj2a-libcxx-16.0.6-dev/include/c++/v1    -fPIC  -g -O2  -c cce_functions.c -o cce_functions.o
/nix/store/v39c0h6xv6hvki2k1bsyp5n090q8y2bp-clang-wrapper-16.0.6/bin/cc -I"/nix/store/lir8rmsk7dxbj7v1spqmv69z4mafg16l-R-4.4.2/lib/R/include" -DNDEBUG  -I'/nix/store/da7yi2xf3argx9hlnn3f0k95b8y1yx2l-r-Rcpp-1.0.13-1/library/Rcpp/include' -I'/nix/store/4w8j39mxla47i5piv5f0z7cwxnb50wds-r-RcppArmadillo-14.2.0-1/library/RcppArmadillo/include' -isystem /nix/store/0mmz5i705116bfykc7i1r9jxqwyghj2a-libcxx-16.0.6-dev/include/c++/v1    -fPIC  -g -O2  -c euler.c -o euler.o
/nix/store/v39c0h6xv6hvki2k1bsyp5n090q8y2bp-clang-wrapper-16.0.6/bin/c++ -std=gnu++17 -I"/nix/store/lir8rmsk7dxbj7v1spqmv69z4mafg16l-R-4.4.2/lib/R/include" -DNDEBUG  -I'/nix/store/da7yi2xf3argx9hlnn3f0k95b8y1yx2l-r-Rcpp-1.0.13-1/library/Rcpp/include' -I'/nix/store/4w8j39mxla47i5piv5f0z7cwxnb50wds-r-RcppArmadillo-14.2.0-1/library/RcppArmadillo/include' -isystem /nix/store/0mmz5i705116bfykc7i1r9jxqwyghj2a-libcxx-16.0.6-dev/include/c++/v1    -fPIC  -g -O2   -c minusquasilogl_W1andW2.cpp -o minusquasilogl_W1andW2.o
/nix/store/v39c0h6xv6hvki2k1bsyp5n090q8y2bp-clang-wrapper-16.0.6/bin/c++ -std=gnu++17 -I"/nix/store/lir8rmsk7dxbj7v1spqmv69z4mafg16l-R-4.4.2/lib/R/include" -DNDEBUG  -I'/nix/store/da7yi2xf3argx9hlnn3f0k95b8y1yx2l-r-Rcpp-1.0.13-1/library/Rcpp/include' -I'/nix/store/4w8j39mxla47i5piv5f0z7cwxnb50wds-r-RcppArmadillo-14.2.0-1/library/RcppArmadillo/include' -isystem /nix/store/0mmz5i705116bfykc7i1r9jxqwyghj2a-libcxx-16.0.6-dev/include/c++/v1    -fPIC  -g -O2   -c pseudoLogLikCogarchIrregularGrid.cpp -o pseudoLogLikCogarchIrregularGrid.o
/nix/store/v39c0h6xv6hvki2k1bsyp5n090q8y2bp-clang-wrapper-16.0.6/bin/c++ -std=gnu++17 -I"/nix/store/lir8rmsk7dxbj7v1spqmv69z4mafg16l-R-4.4.2/lib/R/include" -DNDEBUG  -I'/nix/store/da7yi2xf3argx9hlnn3f0k95b8y1yx2l-r-Rcpp-1.0.13-1/library/Rcpp/include' -I'/nix/store/4w8j39mxla47i5piv5f0z7cwxnb50wds-r-RcppArmadillo-14.2.0-1/library/RcppArmadillo/include' -isystem /nix/store/0mmz5i705116bfykc7i1r9jxqwyghj2a-libcxx-16.0.6-dev/include/c++/v1    -fPIC  -g -O2   -c qmlecpp.cpp -o qmlecpp.o
/nix/store/v39c0h6xv6hvki2k1bsyp5n090q8y2bp-clang-wrapper-16.0.6/bin/c++ -std=gnu++17 -I"/nix/store/lir8rmsk7dxbj7v1spqmv69z4mafg16l-R-4.4.2/lib/R/include" -DNDEBUG  -I'/nix/store/da7yi2xf3argx9hlnn3f0k95b8y1yx2l-r-Rcpp-1.0.13-1/library/Rcpp/include' -I'/nix/store/4w8j39mxla47i5piv5f0z7cwxnb50wds-r-RcppArmadillo-14.2.0-1/library/RcppArmadillo/include' -isystem /nix/store/0mmz5i705116bfykc7i1r9jxqwyghj2a-libcxx-16.0.6-dev/include/c++/v1    -fPIC  -g -O2   -c residual.cpp -o residual.o
/nix/store/v39c0h6xv6hvki2k1bsyp5n090q8y2bp-clang-wrapper-16.0.6/bin/cc -I"/nix/store/lir8rmsk7dxbj7v1spqmv69z4mafg16l-R-4.4.2/lib/R/include" -DNDEBUG  -I'/nix/store/da7yi2xf3argx9hlnn3f0k95b8y1yx2l-r-Rcpp-1.0.13-1/library/Rcpp/include' -I'/nix/store/4w8j39mxla47i5piv5f0z7cwxnb50wds-r-RcppArmadillo-14.2.0-1/library/RcppArmadillo/include' -isystem /nix/store/0mmz5i705116bfykc7i1r9jxqwyghj2a-libcxx-16.0.6-dev/include/c++/v1    -fPIC  -g -O2  -c rng.c -o rng.o
/nix/store/v39c0h6xv6hvki2k1bsyp5n090q8y2bp-clang-wrapper-16.0.6/bin/cc -I"/nix/store/lir8rmsk7dxbj7v1spqmv69z4mafg16l-R-4.4.2/lib/R/include" -DNDEBUG  -I'/nix/store/da7yi2xf3argx9hlnn3f0k95b8y1yx2l-r-Rcpp-1.0.13-1/library/Rcpp/include' -I'/nix/store/4w8j39mxla47i5piv5f0z7cwxnb50wds-r-RcppArmadillo-14.2.0-1/library/RcppArmadillo/include' -isystem /nix/store/0mmz5i705116bfykc7i1r9jxqwyghj2a-libcxx-16.0.6-dev/include/c++/v1    -fPIC  -g -O2  -c yuima_init.c -o yuima_init.o
/nix/store/v39c0h6xv6hvki2k1bsyp5n090q8y2bp-clang-wrapper-16.0.6/bin/c++ -std=gnu++17 -dynamiclib -Wl,-headerpad_max_install_names -undefined dynamic_lookup -L/nix/store/lir8rmsk7dxbj7v1spqmv69z4mafg16l-R-4.4.2/lib/R/lib -L/nix/store/88xkgzh5g9xppsg3hdxxxh9q43rnxk6k-libcxx-16.0.6/lib -o yuima.so IntensityEval.o MpCN.o PseudoLoglikCOGARCH.o RcppExports.o ae.o carmafilter.o cce_functions.o euler.o minusquasilogl_W1andW2.o pseudoLogLikCogarchIrregularGrid.o qmlecpp.o residual.o rng.o yuima_init.o -L/nix/store/plkk3bwn0g0v67pfc4f8j0sixxwdn01f-lapack-3/lib -llapack -L/nix/store/p8mgb558fybdfiqvcc64jaxzgh3c2yms-blas-3/lib -lblas -L/nix/store/h84vsys3h7wkvnwhx3fz6ynrlpla2mpv-gfortran-13.3.0-lib/lib -L/nix/store/3awww7sqz8gygkr9hw5s7wd57iwz1qg3-cctools-binutils-darwin-wrapper-1010.6/bin -L/nix/store/kwlx6bz5n81gqa9kyx6207rzp0yq0pj4-gfortran-13.3.0/lib/gcc/aarch64-apple-darwin/13.3.0 -L/nix/store/kwlx6bz5n81gqa9kyx6207rzp0yq0pj4-gfortran-13.3.0/lib -lemutls_w -lheapt_w -lintl -lgfortran -lquadmath -L/nix/store/lir8rmsk7dxbj7v1spqmv69z4mafg16l-R-4.4.2/lib/R/lib -lR -lintl -Wl,-framework -Wl,CoreFoundation
ld: warning: could not create compact unwind for ___emutls_get_address: does not use standard frame
ld: warning: could not create compact unwind for _allocate_tramp_ctrl: does not use standard frame
ld: warning: could not create compact unwind for ___gcc_nested_func_ptr_created: does not use standard frame
ld: warning: could not create compact unwind for ___gcc_nested_func_ptr_deleted: does not use standard frame
installing to /nix/store/9np4yjanzkv05775sjqa1yl68n74372s-r-yuima-1.15.27/library/00LOCK-yuima/00new/yuima/libs
** R
** data
** inst
** byte-compile and prepare package for lazy loading
Une nouvelle fonction générique est créée pour ‘simulate’ dans package ‘yuima’
** help
*** installing help indices
** building package indices
** testing if installed package can be loaded from temporary location
** checking absolute paths in shared objects and dynamic libraries
** testing if installed package can be loaded from final location
** testing if installed package keeps a record of temporary installation path
* DONE (yuima)
Running phase: fixupPhase
checking for references to /private/tmp/nix-build-r-yuima-1.15.27.drv-0/ in /nix/store/9np4yjanzkv05775sjqa1yl68n74372s-r-yuima-1.15.27...
patching script interpreter paths in /nix/store/9np4yjanzkv05775sjqa1yl68n74372s-r-yuima-1.15.27
rewriting symlink /nix/store/9np4yjanzkv05775sjqa1yl68n74372s-r-yuima-1.15.27/nix-support/propagated-user-env-packages to be relative to /nix/store/9np4yjanzkv05775sjqa1yl68n74372s-r-yuima-1.15.27
building '/nix/store/kwjjm70w8cg16mdp9n2811psc2v62y4r-r-pcmabc-1.1.3.drv'...
Running phase: unpackPhase
unpacking source archive /nix/store/slzgl6fbii9cdk7d7p4z3b3vfq00mrdd-pcmabc_1.1.3.tar.gz
source root is pcmabc
setting SOURCE_DATE_EPOCH to timestamp 1652085607 of file pcmabc/MD5
Running phase: patchPhase
Running phase: updateAutotoolsGnuConfigScriptsPhase
Running phase: configurePhase
Running phase: buildPhase
Running phase: checkPhase
Running phase: installPhase
* installing *source* package ‘pcmabc’ ...
** package ‘pcmabc’ correctement décompressé et sommes MD5 vérifiées
** using staged installation
** R
** inst
** byte-compile and prepare package for lazy loading
le code des méthodes de la classe “Rcpp_Fitch” n'a pas été vérifié pour les affectations de champs suspectes (package recommandé ‘codetools’ indisponible ?)
le code des méthodes de la classe “Rcpp_Fitch” n'a pas été vérifié pour les affectations de champs suspectes (package recommandé ‘codetools’ indisponible ?)
** help
*** installing help indices
** building package indices
** testing if installed package can be loaded from temporary location
le code des méthodes de la classe “Rcpp_Fitch” n'a pas été vérifié pour les affectations de champs suspectes (package recommandé ‘codetools’ indisponible ?)
le code des méthodes de la classe “Rcpp_Fitch” n'a pas été vérifié pour les affectations de champs suspectes (package recommandé ‘codetools’ indisponible ?)
** testing if installed package can be loaded from final location
le code des méthodes de la classe “Rcpp_Fitch” n'a pas été vérifié pour les affectations de champs suspectes (package recommandé ‘codetools’ indisponible ?)
le code des méthodes de la classe “Rcpp_Fitch” n'a pas été vérifié pour les affectations de champs suspectes (package recommandé ‘codetools’ indisponible ?)
** testing if installed package keeps a record of temporary installation path
* DONE (pcmabc)
Running phase: fixupPhase
checking for references to /private/tmp/nix-build-r-pcmabc-1.1.3.drv-0/ in /nix/store/x8zfp5dgzh497bacp9b28xgf0cs3q30k-r-pcmabc-1.1.3...
patching script interpreter paths in /nix/store/x8zfp5dgzh497bacp9b28xgf0cs3q30k-r-pcmabc-1.1.3
rewriting symlink /nix/store/x8zfp5dgzh497bacp9b28xgf0cs3q30k-r-pcmabc-1.1.3/nix-support/propagated-user-env-packages to be relative to /nix/store/x8zfp5dgzh497bacp9b28xgf0cs3q30k-r-pcmabc-1.1.3
