this derivation will be built:
  /nix/store/g1qiiwaykpn065yafsa04w8xcwa7b4ci-r-ThresholdROCsurvival-1.2.1.drv
this path will be fetched (0.02 MiB download, 0.02 MiB unpacked):
  /nix/store/i9r3yxnsvnsscxhhcair5m3nqivpf20q-ThresholdROCsurvival_1.2.1.tar.gz
copying path '/nix/store/i9r3yxnsvnsscxhhcair5m3nqivpf20q-ThresholdROCsurvival_1.2.1.tar.gz' from 'https://cache.nixos.org'...
building '/nix/store/g1qiiwaykpn065yafsa04w8xcwa7b4ci-r-ThresholdROCsurvival-1.2.1.drv'...
Running phase: unpackPhase
unpacking source archive /nix/store/i9r3yxnsvnsscxhhcair5m3nqivpf20q-ThresholdROCsurvival_1.2.1.tar.gz
source root is ThresholdROCsurvival
setting SOURCE_DATE_EPOCH to timestamp 1711014602 of file ThresholdROCsurvival/MD5
Running phase: patchPhase
Running phase: updateAutotoolsGnuConfigScriptsPhase
Running phase: configurePhase
Running phase: buildPhase
Running phase: checkPhase
Running phase: installPhase
* installing *source* package ‘ThresholdROCsurvival’ ...
** package ‘ThresholdROCsurvival’ correctement décompressé et sommes MD5 vérifiées
** using staged installation
** R
** data
*** moving datasets to lazyload DB
** byte-compile and prepare package for lazy loading
** help
*** installing help indices
** building package indices
** testing if installed package can be loaded from temporary location
** testing if installed package can be loaded from final location
** testing if installed package keeps a record of temporary installation path
* DONE (ThresholdROCsurvival)
Running phase: fixupPhase
checking for references to /private/tmp/nix-build-r-ThresholdROCsurvival-1.2.1.drv-0/ in /nix/store/20906njzqc56phcwlqj78jphj4arzrwg-r-ThresholdROCsurvival-1.2.1...
patching script interpreter paths in /nix/store/20906njzqc56phcwlqj78jphj4arzrwg-r-ThresholdROCsurvival-1.2.1
rewriting symlink /nix/store/20906njzqc56phcwlqj78jphj4arzrwg-r-ThresholdROCsurvival-1.2.1/nix-support/propagated-user-env-packages to be relative to /nix/store/20906njzqc56phcwlqj78jphj4arzrwg-r-ThresholdROCsurvival-1.2.1
