these 2 derivations will be built:
  /nix/store/r1lcp5irnkn1jk15vri8hr5jpfg0hn4m-PFIM_6.1.tar.gz.drv
  /nix/store/ic27hs7r6d61dhx6li38c88wbb7rsrcq-r-PFIM-6.1.drv
building '/nix/store/r1lcp5irnkn1jk15vri8hr5jpfg0hn4m-PFIM_6.1.tar.gz.drv'...

trying https://cran.r-project.org/src/contrib/PFIM_6.1.tar.gz
  % Total    % Received % Xferd  Average Speed   Time    Time     Time  Current
                                 Dload  Upload   Total   Spent    Left  Speed
100  476k  100  476k    0     0  1862k      0 --:--:-- --:--:-- --:--:-- 1860k
building '/nix/store/ic27hs7r6d61dhx6li38c88wbb7rsrcq-r-PFIM-6.1.drv'...
Running phase: unpackPhase
unpacking source archive /nix/store/ml4cm343zlx58y8995ysm3xbh2wfwi1h-PFIM_6.1.tar.gz
source root is PFIM
setting SOURCE_DATE_EPOCH to timestamp 1729702806 of file PFIM/MD5
Running phase: patchPhase
Running phase: updateAutotoolsGnuConfigScriptsPhase
Running phase: configurePhase
Running phase: buildPhase
Running phase: checkPhase
Running phase: installPhase
* installing *source* package ‘PFIM’ ...
** package ‘PFIM’ correctement décompressé et sommes MD5 vérifiées
** using staged installation
** R
** inst
** byte-compile and prepare package for lazy loading
Une nouvelle fonction générique est créée pour ‘optimize’ dans package ‘PFIM’
** help
*** installing help indices
** building package indices
** installing vignettes
** testing if installed package can be loaded from temporary location
** testing if installed package can be loaded from final location
** testing if installed package keeps a record of temporary installation path
* DONE (PFIM)
Running phase: fixupPhase
checking for references to /private/tmp/nix-build-r-PFIM-6.1.drv-0/ in /nix/store/9bh68kbq6z8hy7bbmpa5lidsa3wimjrw-r-PFIM-6.1...
patching script interpreter paths in /nix/store/9bh68kbq6z8hy7bbmpa5lidsa3wimjrw-r-PFIM-6.1
rewriting symlink /nix/store/9bh68kbq6z8hy7bbmpa5lidsa3wimjrw-r-PFIM-6.1/nix-support/propagated-user-env-packages to be relative to /nix/store/9bh68kbq6z8hy7bbmpa5lidsa3wimjrw-r-PFIM-6.1
