these 2 derivations will be built:
  /nix/store/qi0f4navzn44q60c70i2ihd0wqqc490n-poth_0.2-0.tar.gz.drv
  /nix/store/dkmw4w501m5d8yaqvlld9871vmks1r0x-r-poth-0.2-0.drv
building '/nix/store/qi0f4navzn44q60c70i2ihd0wqqc490n-poth_0.2-0.tar.gz.drv'...

trying https://cran.r-project.org/src/contrib/poth_0.2-0.tar.gz
  % Total    % Received % Xferd  Average Speed   Time    Time     Time  Current
                                 Dload  Upload   Total   Spent    Left  Speed
100 16133  100 16133    0     0   142k      0 --:--:-- --:--:-- --:--:--  143k
building '/nix/store/dkmw4w501m5d8yaqvlld9871vmks1r0x-r-poth-0.2-0.drv'...
Running phase: unpackPhase
unpacking source archive /nix/store/hgwxfd0j0763rh3s4adihrkhvb132ccm-poth_0.2-0.tar.gz
source root is poth
setting SOURCE_DATE_EPOCH to timestamp 1730472006 of file poth/MD5
Running phase: patchPhase
Running phase: updateAutotoolsGnuConfigScriptsPhase
Running phase: configurePhase
Running phase: buildPhase
Running phase: checkPhase
Running phase: installPhase
* installing *source* package ‘poth’ ...
** package ‘poth’ correctement décompressé et sommes MD5 vérifiées
** using staged installation
** R
** data
*** moving datasets to lazyload DB
** byte-compile and prepare package for lazy loading
** help
*** installing help indices
** building package indices
** testing if installed package can be loaded from temporary location
** testing if installed package can be loaded from final location
** testing if installed package keeps a record of temporary installation path
* DONE (poth)
Running phase: fixupPhase
checking for references to /private/tmp/nix-build-r-poth-0.2-0.drv-0/ in /nix/store/mlz995dhmlvmpfrfk1v17i33gq7rvsvb-r-poth-0.2-0...
patching script interpreter paths in /nix/store/mlz995dhmlvmpfrfk1v17i33gq7rvsvb-r-poth-0.2-0
rewriting symlink /nix/store/mlz995dhmlvmpfrfk1v17i33gq7rvsvb-r-poth-0.2-0/nix-support/propagated-user-env-packages to be relative to /nix/store/mlz995dhmlvmpfrfk1v17i33gq7rvsvb-r-poth-0.2-0
