this derivation will be built:
  /nix/store/yx1gxs4y7vbq505rh7avyd1spz34l2a1-r-npcure-0.1-5.drv
this path will be fetched (0.03 MiB download, 0.03 MiB unpacked):
  /nix/store/lw8xq39jn197iw2s84528543ifnlqafk-npcure_0.1-5.tar.gz
copying path '/nix/store/lw8xq39jn197iw2s84528543ifnlqafk-npcure_0.1-5.tar.gz' from 'https://cache.nixos.org'...
building '/nix/store/yx1gxs4y7vbq505rh7avyd1spz34l2a1-r-npcure-0.1-5.drv'...
Running phase: unpackPhase
unpacking source archive /nix/store/lw8xq39jn197iw2s84528543ifnlqafk-npcure_0.1-5.tar.gz
source root is npcure
setting SOURCE_DATE_EPOCH to timestamp 1582971002 of file npcure/MD5
Running phase: patchPhase
Running phase: updateAutotoolsGnuConfigScriptsPhase
Running phase: configurePhase
Running phase: buildPhase
Running phase: checkPhase
Running phase: installPhase
* installing *source* package ‘npcure’ ...
** package ‘npcure’ correctement décompressé et sommes MD5 vérifiées
** using staged installation
** libs
using C compiler: ‘clang version 16.0.6’
using SDK: ‘’
/nix/store/v39c0h6xv6hvki2k1bsyp5n090q8y2bp-clang-wrapper-16.0.6/bin/cc -I"/nix/store/lir8rmsk7dxbj7v1spqmv69z4mafg16l-R-4.4.2/lib/R/include" -DNDEBUG   -isystem /nix/store/0mmz5i705116bfykc7i1r9jxqwyghj2a-libcxx-16.0.6-dev/include/c++/v1    -fPIC  -g -O2  -c beran.c -o beran.o
/nix/store/v39c0h6xv6hvki2k1bsyp5n090q8y2bp-clang-wrapper-16.0.6/bin/cc -I"/nix/store/lir8rmsk7dxbj7v1spqmv69z4mafg16l-R-4.4.2/lib/R/include" -DNDEBUG   -isystem /nix/store/0mmz5i705116bfykc7i1r9jxqwyghj2a-libcxx-16.0.6-dev/include/c++/v1    -fPIC  -g -O2  -c boot.c -o boot.o
/nix/store/v39c0h6xv6hvki2k1bsyp5n090q8y2bp-clang-wrapper-16.0.6/bin/cc -I"/nix/store/lir8rmsk7dxbj7v1spqmv69z4mafg16l-R-4.4.2/lib/R/include" -DNDEBUG   -isystem /nix/store/0mmz5i705116bfykc7i1r9jxqwyghj2a-libcxx-16.0.6-dev/include/c++/v1    -fPIC  -g -O2  -c cv.c -o cv.o
/nix/store/v39c0h6xv6hvki2k1bsyp5n090q8y2bp-clang-wrapper-16.0.6/bin/cc -I"/nix/store/lir8rmsk7dxbj7v1spqmv69z4mafg16l-R-4.4.2/lib/R/include" -DNDEBUG   -isystem /nix/store/0mmz5i705116bfykc7i1r9jxqwyghj2a-libcxx-16.0.6-dev/include/c++/v1    -fPIC  -g -O2  -c latency.c -o latency.o
/nix/store/v39c0h6xv6hvki2k1bsyp5n090q8y2bp-clang-wrapper-16.0.6/bin/cc -I"/nix/store/lir8rmsk7dxbj7v1spqmv69z4mafg16l-R-4.4.2/lib/R/include" -DNDEBUG   -isystem /nix/store/0mmz5i705116bfykc7i1r9jxqwyghj2a-libcxx-16.0.6-dev/include/c++/v1    -fPIC  -g -O2  -c npcure_init.c -o npcure_init.o
/nix/store/v39c0h6xv6hvki2k1bsyp5n090q8y2bp-clang-wrapper-16.0.6/bin/cc -I"/nix/store/lir8rmsk7dxbj7v1spqmv69z4mafg16l-R-4.4.2/lib/R/include" -DNDEBUG   -isystem /nix/store/0mmz5i705116bfykc7i1r9jxqwyghj2a-libcxx-16.0.6-dev/include/c++/v1    -fPIC  -g -O2  -c probcure.c -o probcure.o
/nix/store/v39c0h6xv6hvki2k1bsyp5n090q8y2bp-clang-wrapper-16.0.6/bin/cc -dynamiclib -Wl,-headerpad_max_install_names -undefined dynamic_lookup -L/nix/store/lir8rmsk7dxbj7v1spqmv69z4mafg16l-R-4.4.2/lib/R/lib -L/nix/store/88xkgzh5g9xppsg3hdxxxh9q43rnxk6k-libcxx-16.0.6/lib -o npcure.so beran.o boot.o cv.o latency.o npcure_init.o probcure.o -L/nix/store/lir8rmsk7dxbj7v1spqmv69z4mafg16l-R-4.4.2/lib/R/lib -lR -lintl -Wl,-framework -Wl,CoreFoundation
installing to /nix/store/5dq0bnwdrglbp1yrdd38vacqhxmqinia-r-npcure-0.1-5/library/00LOCK-npcure/00new/npcure/libs
** R
** byte-compile and prepare package for lazy loading
** help
*** installing help indices
** building package indices
** testing if installed package can be loaded from temporary location
** checking absolute paths in shared objects and dynamic libraries
** testing if installed package can be loaded from final location
** testing if installed package keeps a record of temporary installation path
* DONE (npcure)
Running phase: fixupPhase
checking for references to /private/tmp/nix-build-r-npcure-0.1-5.drv-0/ in /nix/store/5dq0bnwdrglbp1yrdd38vacqhxmqinia-r-npcure-0.1-5...
patching script interpreter paths in /nix/store/5dq0bnwdrglbp1yrdd38vacqhxmqinia-r-npcure-0.1-5
rewriting symlink /nix/store/5dq0bnwdrglbp1yrdd38vacqhxmqinia-r-npcure-0.1-5/nix-support/propagated-user-env-packages to be relative to /nix/store/5dq0bnwdrglbp1yrdd38vacqhxmqinia-r-npcure-0.1-5
