this derivation will be built:
  /nix/store/15c0vpvp5p1qqzx97q8wnlqiw2cg748q-r-ISLR2-1.3-2.drv
this path will be fetched (2.79 MiB download, 2.79 MiB unpacked):
  /nix/store/vfvn76y3y2phm0qrdks9xv7n0y7y5fgs-ISLR2_1.3-2.tar.gz
copying path '/nix/store/vfvn76y3y2phm0qrdks9xv7n0y7y5fgs-ISLR2_1.3-2.tar.gz' from 'https://cache.nixos.org'...
building '/nix/store/15c0vpvp5p1qqzx97q8wnlqiw2cg748q-r-ISLR2-1.3-2.drv'...
Running phase: unpackPhase
unpacking source archive /nix/store/vfvn76y3y2phm0qrdks9xv7n0y7y5fgs-ISLR2_1.3-2.tar.gz
source root is ISLR2
setting SOURCE_DATE_EPOCH to timestamp 1668903602 of file ISLR2/MD5
Running phase: patchPhase
Running phase: updateAutotoolsGnuConfigScriptsPhase
Running phase: configurePhase
Running phase: buildPhase
Running phase: checkPhase
Running phase: installPhase
* installing *source* package ‘ISLR2’ ...
** package ‘ISLR2’ correctement décompressé et sommes MD5 vérifiées
** using staged installation
** data
*** moving datasets to lazyload DB
** inst
** help
*** installing help indices
** building package indices
** testing if installed package can be loaded from temporary location
** testing if installed package can be loaded from final location
** testing if installed package keeps a record of temporary installation path
* DONE (ISLR2)
Running phase: fixupPhase
checking for references to /private/tmp/nix-build-r-ISLR2-1.3-2.drv-0/ in /nix/store/wf82808sa2iq85dg011qa33xm0h129lq-r-ISLR2-1.3-2...
patching script interpreter paths in /nix/store/wf82808sa2iq85dg011qa33xm0h129lq-r-ISLR2-1.3-2
