this derivation will be built:
  /nix/store/mdwrq40lwjhqqs1pwsli08d3a533l9d8-r-poismf-0.4.0-4.drv
this path will be fetched (0.06 MiB download, 0.06 MiB unpacked):
  /nix/store/1pyav9hjvxzpilvxx09df6dbc4af6lxm-poismf_0.4.0-4.tar.gz
copying path '/nix/store/1pyav9hjvxzpilvxx09df6dbc4af6lxm-poismf_0.4.0-4.tar.gz' from 'https://cache.nixos.org'...
building '/nix/store/mdwrq40lwjhqqs1pwsli08d3a533l9d8-r-poismf-0.4.0-4.drv'...
Running phase: unpackPhase
unpacking source archive /nix/store/1pyav9hjvxzpilvxx09df6dbc4af6lxm-poismf_0.4.0-4.tar.gz
source root is poismf
setting SOURCE_DATE_EPOCH to timestamp 1679866202 of file poismf/MD5
Running phase: patchPhase
Running phase: updateAutotoolsGnuConfigScriptsPhase
Running phase: configurePhase
Running phase: buildPhase
Running phase: checkPhase
Running phase: installPhase
* installing *source* package ‘poismf’ ...
** package ‘poismf’ correctement décompressé et sommes MD5 vérifiées
** using staged installation
** libs
using C compiler: ‘clang version 16.0.6’
using SDK: ‘’
/nix/store/v39c0h6xv6hvki2k1bsyp5n090q8y2bp-clang-wrapper-16.0.6/bin/cc -I"/nix/store/lir8rmsk7dxbj7v1spqmv69z4mafg16l-R-4.4.2/lib/R/include" -DNDEBUG -D_FOR_R -DUSE_FC_LEN_T  -isystem /nix/store/0mmz5i705116bfykc7i1r9jxqwyghj2a-libcxx-16.0.6-dev/include/c++/v1     -fPIC  -g -O2  -c nonnegcg.c -o nonnegcg.o
/nix/store/v39c0h6xv6hvki2k1bsyp5n090q8y2bp-clang-wrapper-16.0.6/bin/cc -I"/nix/store/lir8rmsk7dxbj7v1spqmv69z4mafg16l-R-4.4.2/lib/R/include" -DNDEBUG -D_FOR_R -DUSE_FC_LEN_T  -isystem /nix/store/0mmz5i705116bfykc7i1r9jxqwyghj2a-libcxx-16.0.6-dev/include/c++/v1     -fPIC  -g -O2  -c poismf.c -o poismf.o
/nix/store/v39c0h6xv6hvki2k1bsyp5n090q8y2bp-clang-wrapper-16.0.6/bin/cc -I"/nix/store/lir8rmsk7dxbj7v1spqmv69z4mafg16l-R-4.4.2/lib/R/include" -DNDEBUG -D_FOR_R -DUSE_FC_LEN_T  -isystem /nix/store/0mmz5i705116bfykc7i1r9jxqwyghj2a-libcxx-16.0.6-dev/include/c++/v1     -fPIC  -g -O2  -c pred.c -o pred.o
/nix/store/v39c0h6xv6hvki2k1bsyp5n090q8y2bp-clang-wrapper-16.0.6/bin/cc -I"/nix/store/lir8rmsk7dxbj7v1spqmv69z4mafg16l-R-4.4.2/lib/R/include" -DNDEBUG -D_FOR_R -DUSE_FC_LEN_T  -isystem /nix/store/0mmz5i705116bfykc7i1r9jxqwyghj2a-libcxx-16.0.6-dev/include/c++/v1     -fPIC  -g -O2  -c rwrapper.c -o rwrapper.o
/nix/store/v39c0h6xv6hvki2k1bsyp5n090q8y2bp-clang-wrapper-16.0.6/bin/cc -I"/nix/store/lir8rmsk7dxbj7v1spqmv69z4mafg16l-R-4.4.2/lib/R/include" -DNDEBUG -D_FOR_R -DUSE_FC_LEN_T  -isystem /nix/store/0mmz5i705116bfykc7i1r9jxqwyghj2a-libcxx-16.0.6-dev/include/c++/v1     -fPIC  -g -O2  -c tnc.c -o tnc.o
/nix/store/v39c0h6xv6hvki2k1bsyp5n090q8y2bp-clang-wrapper-16.0.6/bin/cc -I"/nix/store/lir8rmsk7dxbj7v1spqmv69z4mafg16l-R-4.4.2/lib/R/include" -DNDEBUG -D_FOR_R -DUSE_FC_LEN_T  -isystem /nix/store/0mmz5i705116bfykc7i1r9jxqwyghj2a-libcxx-16.0.6-dev/include/c++/v1     -fPIC  -g -O2  -c topN.c -o topN.o
/nix/store/v39c0h6xv6hvki2k1bsyp5n090q8y2bp-clang-wrapper-16.0.6/bin/cc -dynamiclib -Wl,-headerpad_max_install_names -undefined dynamic_lookup -L/nix/store/lir8rmsk7dxbj7v1spqmv69z4mafg16l-R-4.4.2/lib/R/lib -L/nix/store/88xkgzh5g9xppsg3hdxxxh9q43rnxk6k-libcxx-16.0.6/lib -o poismf.so nonnegcg.o poismf.o pred.o rwrapper.o tnc.o topN.o -L/nix/store/p8mgb558fybdfiqvcc64jaxzgh3c2yms-blas-3/lib -lblas -L/nix/store/h84vsys3h7wkvnwhx3fz6ynrlpla2mpv-gfortran-13.3.0-lib/lib -L/nix/store/3awww7sqz8gygkr9hw5s7wd57iwz1qg3-cctools-binutils-darwin-wrapper-1010.6/bin -L/nix/store/kwlx6bz5n81gqa9kyx6207rzp0yq0pj4-gfortran-13.3.0/lib/gcc/aarch64-apple-darwin/13.3.0 -L/nix/store/kwlx6bz5n81gqa9kyx6207rzp0yq0pj4-gfortran-13.3.0/lib -lemutls_w -lheapt_w -lintl -lgfortran -lquadmath -L/nix/store/lir8rmsk7dxbj7v1spqmv69z4mafg16l-R-4.4.2/lib/R/lib -lR -lintl -Wl,-framework -Wl,CoreFoundation
ld: warning: could not create compact unwind for _allocate_tramp_ctrl: does not use standard frame
ld: warning: could not create compact unwind for ___gcc_nested_func_ptr_created: does not use standard frame
ld: warning: could not create compact unwind for ___gcc_nested_func_ptr_deleted: does not use standard frame
ld: warning: could not create compact unwind for ___emutls_get_address: does not use standard frame
installing to /nix/store/bbz9p6sdnsgvh5s9mq3m0x2mzqshgl85-r-poismf-0.4.0-4/library/00LOCK-poismf/00new/poismf/libs
** R
** inst
** byte-compile and prepare package for lazy loading
** help
*** installing help indices
** building package indices
** testing if installed package can be loaded from temporary location
** checking absolute paths in shared objects and dynamic libraries
** testing if installed package can be loaded from final location
** testing if installed package keeps a record of temporary installation path
* DONE (poismf)
Running phase: fixupPhase
checking for references to /private/tmp/nix-build-r-poismf-0.4.0-4.drv-0/ in /nix/store/bbz9p6sdnsgvh5s9mq3m0x2mzqshgl85-r-poismf-0.4.0-4...
patching script interpreter paths in /nix/store/bbz9p6sdnsgvh5s9mq3m0x2mzqshgl85-r-poismf-0.4.0-4
rewriting symlink /nix/store/bbz9p6sdnsgvh5s9mq3m0x2mzqshgl85-r-poismf-0.4.0-4/nix-support/propagated-user-env-packages to be relative to /nix/store/bbz9p6sdnsgvh5s9mq3m0x2mzqshgl85-r-poismf-0.4.0-4
