these 2 derivations will be built:
  /nix/store/jjf9ry6ls92p184lb6cki8ln409df7mf-memery_0.6.0.tar.gz.drv
  /nix/store/xax4ri1bkxrwyhskaqmm7yyqdlw9larf-r-memery-0.6.0.drv
building '/nix/store/jjf9ry6ls92p184lb6cki8ln409df7mf-memery_0.6.0.tar.gz.drv'...

trying https://cran.r-project.org/src/contrib/memery_0.6.0.tar.gz
  % Total    % Received % Xferd  Average Speed   Time    Time     Time  Current
                                 Dload  Upload   Total   Spent    Left  Speed
100 75112  100 75112    0     0   524k      0 --:--:-- --:--:-- --:--:--  527k
building '/nix/store/xax4ri1bkxrwyhskaqmm7yyqdlw9larf-r-memery-0.6.0.drv'...
Running phase: unpackPhase
unpacking source archive /nix/store/07fpk0nc4gyppahb9zdazb7h40h95x3d-memery_0.6.0.tar.gz
source root is memery
setting SOURCE_DATE_EPOCH to timestamp 1726095156 of file memery/MD5
Running phase: patchPhase
Running phase: updateAutotoolsGnuConfigScriptsPhase
Running phase: configurePhase
Running phase: buildPhase
Running phase: checkPhase
Running phase: installPhase
* installing *source* package ‘memery’ ...
** package ‘memery’ correctement décompressé et sommes MD5 vérifiées
** using staged installation
** R
** inst
** byte-compile and prepare package for lazy loading
** help
*** installing help indices
*** copying figures
** building package indices
** testing if installed package can be loaded from temporary location
** testing if installed package can be loaded from final location
** testing if installed package keeps a record of temporary installation path
* DONE (memery)
Running phase: fixupPhase
checking for references to /private/tmp/nix-build-r-memery-0.6.0.drv-0/ in /nix/store/zyfxmfsrbp7b88c6slwcybzpia4a99fv-r-memery-0.6.0...
patching script interpreter paths in /nix/store/zyfxmfsrbp7b88c6slwcybzpia4a99fv-r-memery-0.6.0
rewriting symlink /nix/store/zyfxmfsrbp7b88c6slwcybzpia4a99fv-r-memery-0.6.0/nix-support/propagated-user-env-packages to be relative to /nix/store/zyfxmfsrbp7b88c6slwcybzpia4a99fv-r-memery-0.6.0
