this derivation will be built:
  /nix/store/kqncik15agf0b94k0vpwld5d7f61zcfj-r-timeDF-0.9.1.drv
this path will be fetched (0.03 MiB download, 0.03 MiB unpacked):
  /nix/store/0b6xdwb4gcbglha941cl5q1j8i7r3pdr-timeDF_0.9.1.tar.gz
copying path '/nix/store/0b6xdwb4gcbglha941cl5q1j8i7r3pdr-timeDF_0.9.1.tar.gz' from 'https://cache.nixos.org'...
building '/nix/store/kqncik15agf0b94k0vpwld5d7f61zcfj-r-timeDF-0.9.1.drv'...
Running phase: unpackPhase
unpacking source archive /nix/store/0b6xdwb4gcbglha941cl5q1j8i7r3pdr-timeDF_0.9.1.tar.gz
source root is timeDF
setting SOURCE_DATE_EPOCH to timestamp 1714358403 of file timeDF/MD5
Running phase: patchPhase
Running phase: updateAutotoolsGnuConfigScriptsPhase
Running phase: configurePhase
Running phase: buildPhase
Running phase: checkPhase
Running phase: installPhase
* installing *source* package ‘timeDF’ ...
** package ‘timeDF’ correctement décompressé et sommes MD5 vérifiées
** using staged installation
** libs
using C++ compiler: ‘clang version 16.0.6’
using SDK: ‘’
/nix/store/v39c0h6xv6hvki2k1bsyp5n090q8y2bp-clang-wrapper-16.0.6/bin/c++ -std=gnu++17 -I"/nix/store/lir8rmsk7dxbj7v1spqmv69z4mafg16l-R-4.4.2/lib/R/include" -DNDEBUG  -I'/nix/store/da7yi2xf3argx9hlnn3f0k95b8y1yx2l-r-Rcpp-1.0.13-1/library/Rcpp/include' -isystem /nix/store/0mmz5i705116bfykc7i1r9jxqwyghj2a-libcxx-16.0.6-dev/include/c++/v1    -fPIC  -g -O2   -c RcppExports.cpp -o RcppExports.o
/nix/store/v39c0h6xv6hvki2k1bsyp5n090q8y2bp-clang-wrapper-16.0.6/bin/c++ -std=gnu++17 -I"/nix/store/lir8rmsk7dxbj7v1spqmv69z4mafg16l-R-4.4.2/lib/R/include" -DNDEBUG  -I'/nix/store/da7yi2xf3argx9hlnn3f0k95b8y1yx2l-r-Rcpp-1.0.13-1/library/Rcpp/include' -isystem /nix/store/0mmz5i705116bfykc7i1r9jxqwyghj2a-libcxx-16.0.6-dev/include/c++/v1    -fPIC  -g -O2   -c times_within_periods.cpp -o times_within_periods.o
/nix/store/v39c0h6xv6hvki2k1bsyp5n090q8y2bp-clang-wrapper-16.0.6/bin/c++ -std=gnu++17 -dynamiclib -Wl,-headerpad_max_install_names -undefined dynamic_lookup -L/nix/store/lir8rmsk7dxbj7v1spqmv69z4mafg16l-R-4.4.2/lib/R/lib -L/nix/store/88xkgzh5g9xppsg3hdxxxh9q43rnxk6k-libcxx-16.0.6/lib -o timeDF.so RcppExports.o times_within_periods.o -L/nix/store/lir8rmsk7dxbj7v1spqmv69z4mafg16l-R-4.4.2/lib/R/lib -lR -lintl -Wl,-framework -Wl,CoreFoundation
installing to /nix/store/xi75jlcjn3af4iavwrfs6zs18drcmvsn-r-timeDF-0.9.1/library/00LOCK-timeDF/00new/timeDF/libs
** R
** exec
** inst
** byte-compile and prepare package for lazy loading
** help
*** installing help indices
** building package indices
** testing if installed package can be loaded from temporary location
** checking absolute paths in shared objects and dynamic libraries
** testing if installed package can be loaded from final location
** testing if installed package keeps a record of temporary installation path
* DONE (timeDF)
Running phase: fixupPhase
checking for references to /private/tmp/nix-build-r-timeDF-0.9.1.drv-0/ in /nix/store/xi75jlcjn3af4iavwrfs6zs18drcmvsn-r-timeDF-0.9.1...
patching script interpreter paths in /nix/store/xi75jlcjn3af4iavwrfs6zs18drcmvsn-r-timeDF-0.9.1
/nix/store/xi75jlcjn3af4iavwrfs6zs18drcmvsn-r-timeDF-0.9.1/library/timeDF/exec/compileAttr.sh: interpreter directive changed from "#!/bin/sh" to "/nix/store/sk8z3kdy6iaky6sg972k6fkh3iw2rn3d-bash-5.2p37/bin/sh"
rewriting symlink /nix/store/xi75jlcjn3af4iavwrfs6zs18drcmvsn-r-timeDF-0.9.1/nix-support/propagated-user-env-packages to be relative to /nix/store/xi75jlcjn3af4iavwrfs6zs18drcmvsn-r-timeDF-0.9.1
