this derivation will be built:
  /nix/store/ifl4m3kbsm2zkx6qmvgfzwws6mgz42lx-r-timelineS-0.1.1.drv
this path will be fetched (0.02 MiB download, 0.02 MiB unpacked):
  /nix/store/bdcxna81k419bavk8dsizrcialqdzv3a-timelineS_0.1.1.tar.gz
copying path '/nix/store/bdcxna81k419bavk8dsizrcialqdzv3a-timelineS_0.1.1.tar.gz' from 'https://cache.nixos.org'...
building '/nix/store/ifl4m3kbsm2zkx6qmvgfzwws6mgz42lx-r-timelineS-0.1.1.drv'...
Running phase: unpackPhase
unpacking source archive /nix/store/bdcxna81k419bavk8dsizrcialqdzv3a-timelineS_0.1.1.tar.gz
source root is timelineS
setting SOURCE_DATE_EPOCH to timestamp 1471868011 of file timelineS/MD5
Running phase: patchPhase
Running phase: updateAutotoolsGnuConfigScriptsPhase
Running phase: configurePhase
Running phase: buildPhase
Running phase: checkPhase
Running phase: installPhase
* installing *source* package ‘timelineS’ ...
** package ‘timelineS’ correctement décompressé et sommes MD5 vérifiées
** using staged installation
** R
** data
*** moving datasets to lazyload DB
** byte-compile and prepare package for lazy loading
** help
*** installing help indices
** building package indices
** testing if installed package can be loaded from temporary location
** testing if installed package can be loaded from final location
** testing if installed package keeps a record of temporary installation path
* DONE (timelineS)
Running phase: fixupPhase
checking for references to /private/tmp/nix-build-r-timelineS-0.1.1.drv-0/ in /nix/store/bn4jn266jdq31bwwmmm48myhav7blwc8-r-timelineS-0.1.1...
patching script interpreter paths in /nix/store/bn4jn266jdq31bwwmmm48myhav7blwc8-r-timelineS-0.1.1
rewriting symlink /nix/store/bn4jn266jdq31bwwmmm48myhav7blwc8-r-timelineS-0.1.1/nix-support/propagated-user-env-packages to be relative to /nix/store/bn4jn266jdq31bwwmmm48myhav7blwc8-r-timelineS-0.1.1
