this derivation will be built:
  /nix/store/ccn6y9qhkcfilnlppsl7v22pg0af2pk1-r-samadb-0.3.0.drv
this path will be fetched (0.02 MiB download, 0.02 MiB unpacked):
  /nix/store/1dl84w8042yksplwab87hyccs4y5llsj-samadb_0.3.0.tar.gz
copying path '/nix/store/1dl84w8042yksplwab87hyccs4y5llsj-samadb_0.3.0.tar.gz' from 'https://cache.nixos.org'...
building '/nix/store/ccn6y9qhkcfilnlppsl7v22pg0af2pk1-r-samadb-0.3.0.drv'...
Running phase: unpackPhase
unpacking source archive /nix/store/1dl84w8042yksplwab87hyccs4y5llsj-samadb_0.3.0.tar.gz
source root is samadb
setting SOURCE_DATE_EPOCH to timestamp 1716573608 of file samadb/MD5
Running phase: patchPhase
Running phase: updateAutotoolsGnuConfigScriptsPhase
Running phase: configurePhase
Running phase: buildPhase
Running phase: checkPhase
Running phase: installPhase
* installing *source* package ‘samadb’ ...
** package ‘samadb’ correctement décompressé et sommes MD5 vérifiées
** using staged installation
** R
** byte-compile and prepare package for lazy loading
** help
*** installing help indices
** building package indices
** testing if installed package can be loaded from temporary location
** testing if installed package can be loaded from final location
** testing if installed package keeps a record of temporary installation path
* DONE (samadb)
Running phase: fixupPhase
checking for references to /private/tmp/nix-build-r-samadb-0.3.0.drv-0/ in /nix/store/l4jzf7hk79hpx774l47wiipqy74pbdpa-r-samadb-0.3.0...
patching script interpreter paths in /nix/store/l4jzf7hk79hpx774l47wiipqy74pbdpa-r-samadb-0.3.0
rewriting symlink /nix/store/l4jzf7hk79hpx774l47wiipqy74pbdpa-r-samadb-0.3.0/nix-support/propagated-user-env-packages to be relative to /nix/store/l4jzf7hk79hpx774l47wiipqy74pbdpa-r-samadb-0.3.0
