this derivation will be built:
  /nix/store/zzzcxv44dprj8xxivlp7kljbr4v5jcjr-r-perccalc-1.0.5.drv
this path will be fetched (0.48 MiB download, 0.48 MiB unpacked):
  /nix/store/6i66faiifhl2p19fl9qakbndgv5sy92a-perccalc_1.0.5.tar.gz
copying path '/nix/store/6i66faiifhl2p19fl9qakbndgv5sy92a-perccalc_1.0.5.tar.gz' from 'https://cache.nixos.org'...
building '/nix/store/zzzcxv44dprj8xxivlp7kljbr4v5jcjr-r-perccalc-1.0.5.drv'...
Running phase: unpackPhase
unpacking source archive /nix/store/6i66faiifhl2p19fl9qakbndgv5sy92a-perccalc_1.0.5.tar.gz
source root is perccalc
setting SOURCE_DATE_EPOCH to timestamp 1576613402 of file perccalc/MD5
Running phase: patchPhase
Running phase: updateAutotoolsGnuConfigScriptsPhase
Running phase: configurePhase
Running phase: buildPhase
Running phase: checkPhase
Running phase: installPhase
* installing *source* package ‘perccalc’ ...
** package ‘perccalc’ correctement décompressé et sommes MD5 vérifiées
** using staged installation
** R
** data
*** moving datasets to lazyload DB
** inst
** byte-compile and prepare package for lazy loading
** help
*** installing help indices
*** copying figures
** building package indices
** installing vignettes
** testing if installed package can be loaded from temporary location
** testing if installed package can be loaded from final location
** testing if installed package keeps a record of temporary installation path
* DONE (perccalc)
Running phase: fixupPhase
checking for references to /private/tmp/nix-build-r-perccalc-1.0.5.drv-0/ in /nix/store/ardl3jr7cp2gjbs4gw259w60h6p9cs0k-r-perccalc-1.0.5...
patching script interpreter paths in /nix/store/ardl3jr7cp2gjbs4gw259w60h6p9cs0k-r-perccalc-1.0.5
rewriting symlink /nix/store/ardl3jr7cp2gjbs4gw259w60h6p9cs0k-r-perccalc-1.0.5/nix-support/propagated-user-env-packages to be relative to /nix/store/ardl3jr7cp2gjbs4gw259w60h6p9cs0k-r-perccalc-1.0.5
