this derivation will be built:
  /nix/store/lil5wr5i9vipkwlzjvsl323fxinxnm1y-r-MetChem-0.4.drv
this path will be fetched (1.81 MiB download, 1.81 MiB unpacked):
  /nix/store/d8hy145mfg5yy3d466f2m32l1imhnmnm-MetChem_0.4.tar.gz
copying path '/nix/store/d8hy145mfg5yy3d466f2m32l1imhnmnm-MetChem_0.4.tar.gz' from 'https://cache.nixos.org'...
building '/nix/store/lil5wr5i9vipkwlzjvsl323fxinxnm1y-r-MetChem-0.4.drv'...
Running phase: unpackPhase
unpacking source archive /nix/store/d8hy145mfg5yy3d466f2m32l1imhnmnm-MetChem_0.4.tar.gz
source root is MetChem
setting SOURCE_DATE_EPOCH to timestamp 1688629385 of file MetChem/MD5
Running phase: patchPhase
Running phase: updateAutotoolsGnuConfigScriptsPhase
Running phase: configurePhase
Running phase: buildPhase
Running phase: checkPhase
Running phase: installPhase
* installing *source* package ‘MetChem’ ...
** package ‘MetChem’ correctement décompressé et sommes MD5 vérifiées
** using staged installation
** R
** data
** inst
** byte-compile and prepare package for lazy loading
** help
*** installing help indices
** building package indices
** installing vignettes
** testing if installed package can be loaded from temporary location
** testing if installed package can be loaded from final location
** testing if installed package keeps a record of temporary installation path
* DONE (MetChem)
Running phase: fixupPhase
checking for references to /private/tmp/nix-build-r-MetChem-0.4.drv-0/ in /nix/store/w0mf43lhgiv2g3fpvav9f3q34kg72ywq-r-MetChem-0.4...
patching script interpreter paths in /nix/store/w0mf43lhgiv2g3fpvav9f3q34kg72ywq-r-MetChem-0.4
rewriting symlink /nix/store/w0mf43lhgiv2g3fpvav9f3q34kg72ywq-r-MetChem-0.4/nix-support/propagated-user-env-packages to be relative to /nix/store/w0mf43lhgiv2g3fpvav9f3q34kg72ywq-r-MetChem-0.4
