this derivation will be built:
  /nix/store/yy6jylvdczp5i4hjczzkb8wr22ax30d0-r-Keyboard-0.1.3.drv
this path will be fetched (0.10 MiB download, 0.10 MiB unpacked):
  /nix/store/fymrb0z1fz0ym1wh86zpw3l759nr4xba-Keyboard_0.1.3.tar.gz
copying path '/nix/store/fymrb0z1fz0ym1wh86zpw3l759nr4xba-Keyboard_0.1.3.tar.gz' from 'https://cache.nixos.org'...
building '/nix/store/yy6jylvdczp5i4hjczzkb8wr22ax30d0-r-Keyboard-0.1.3.drv'...
Running phase: unpackPhase
unpacking source archive /nix/store/fymrb0z1fz0ym1wh86zpw3l759nr4xba-Keyboard_0.1.3.tar.gz
source root is Keyboard
setting SOURCE_DATE_EPOCH to timestamp 1660212617 of file Keyboard/MD5
Running phase: patchPhase
Running phase: updateAutotoolsGnuConfigScriptsPhase
Running phase: configurePhase
Running phase: buildPhase
Running phase: checkPhase
Running phase: installPhase
* installing *source* package ‘Keyboard’ ...
** package ‘Keyboard’ correctement décompressé et sommes MD5 vérifiées
** using staged installation
** R
** byte-compile and prepare package for lazy loading
** help
*** installing help indices
*** copying figures
** building package indices
** testing if installed package can be loaded from temporary location
** testing if installed package can be loaded from final location
** testing if installed package keeps a record of temporary installation path
* DONE (Keyboard)
Running phase: fixupPhase
checking for references to /private/tmp/nix-build-r-Keyboard-0.1.3.drv-0/ in /nix/store/2k8zb9fawhqaiwq0i7cffj25f7f1xxl6-r-Keyboard-0.1.3...
patching script interpreter paths in /nix/store/2k8zb9fawhqaiwq0i7cffj25f7f1xxl6-r-Keyboard-0.1.3
rewriting symlink /nix/store/2k8zb9fawhqaiwq0i7cffj25f7f1xxl6-r-Keyboard-0.1.3/nix-support/propagated-user-env-packages to be relative to /nix/store/2k8zb9fawhqaiwq0i7cffj25f7f1xxl6-r-Keyboard-0.1.3
