this derivation will be built:
  /nix/store/kzn5b9c0axzww0nm91rrf9i9fc3rsnd4-r-twangMediation-1.2.drv
this path will be fetched (1.29 MiB download, 1.31 MiB unpacked):
  /nix/store/244xsd77nbsm5k91sh6288r0ajvzv38y-twangMediation_1.2.tar.gz
copying path '/nix/store/244xsd77nbsm5k91sh6288r0ajvzv38y-twangMediation_1.2.tar.gz' from 'https://cache.nixos.org'...
building '/nix/store/kzn5b9c0axzww0nm91rrf9i9fc3rsnd4-r-twangMediation-1.2.drv'...
Running phase: unpackPhase
unpacking source archive /nix/store/244xsd77nbsm5k91sh6288r0ajvzv38y-twangMediation_1.2.tar.gz
source root is twangMediation
setting SOURCE_DATE_EPOCH to timestamp 1660650602 of file twangMediation/MD5
Running phase: patchPhase
Running phase: updateAutotoolsGnuConfigScriptsPhase
Running phase: configurePhase
Running phase: buildPhase
Running phase: checkPhase
Running phase: installPhase
* installing *source* package ‘twangMediation’ ...
** package ‘twangMediation’ correctement décompressé et sommes MD5 vérifiées
** using staged installation
** R
** data
*** moving datasets to lazyload DB
** inst
** byte-compile and prepare package for lazy loading
** help
*** installing help indices
** building package indices
** installing vignettes
** testing if installed package can be loaded from temporary location
** testing if installed package can be loaded from final location
** testing if installed package keeps a record of temporary installation path
* DONE (twangMediation)
Running phase: fixupPhase
checking for references to /private/tmp/nix-build-r-twangMediation-1.2.drv-0/ in /nix/store/jipvplvbc214bxrwva21xv2dpskxyl4s-r-twangMediation-1.2...
patching script interpreter paths in /nix/store/jipvplvbc214bxrwva21xv2dpskxyl4s-r-twangMediation-1.2
rewriting symlink /nix/store/jipvplvbc214bxrwva21xv2dpskxyl4s-r-twangMediation-1.2/nix-support/propagated-user-env-packages to be relative to /nix/store/jipvplvbc214bxrwva21xv2dpskxyl4s-r-twangMediation-1.2
