this derivation will be built:
  /nix/store/ys61cm3pyd7k9hq4qil7fxs41jsfins2-r-uniqtag-1.0.1.drv
this path will be fetched (0.01 MiB download, 0.01 MiB unpacked):
  /nix/store/5fjdnj9h76bylbc1kf16phq4ql7sakrr-uniqtag_1.0.1.tar.gz
copying path '/nix/store/5fjdnj9h76bylbc1kf16phq4ql7sakrr-uniqtag_1.0.1.tar.gz' from 'https://cache.nixos.org'...
building '/nix/store/ys61cm3pyd7k9hq4qil7fxs41jsfins2-r-uniqtag-1.0.1.drv'...
Running phase: unpackPhase
unpacking source archive /nix/store/5fjdnj9h76bylbc1kf16phq4ql7sakrr-uniqtag_1.0.1.tar.gz
source root is uniqtag
setting SOURCE_DATE_EPOCH to timestamp 1654841402 of file uniqtag/MD5
Running phase: patchPhase
Running phase: updateAutotoolsGnuConfigScriptsPhase
Running phase: configurePhase
Running phase: buildPhase
Running phase: checkPhase
Running phase: installPhase
* installing *source* package ‘uniqtag’ ...
** package ‘uniqtag’ correctement décompressé et sommes MD5 vérifiées
** using staged installation
** R
** byte-compile and prepare package for lazy loading
** help
*** installing help indices
** building package indices
** testing if installed package can be loaded from temporary location
** testing if installed package can be loaded from final location
** testing if installed package keeps a record of temporary installation path
* DONE (uniqtag)
Running phase: fixupPhase
checking for references to /private/tmp/nix-build-r-uniqtag-1.0.1.drv-0/ in /nix/store/diqqb7h17qgcs33wsy8amrslpmhhgzfm-r-uniqtag-1.0.1...
patching script interpreter paths in /nix/store/diqqb7h17qgcs33wsy8amrslpmhhgzfm-r-uniqtag-1.0.1
