this derivation will be built:
  /nix/store/49ijzjlvbqgfkxjlh5ijwazyb8qv9rx0-r-nlpred-1.0.1.drv
this path will be fetched (0.66 MiB download, 0.66 MiB unpacked):
  /nix/store/kpfb42sarrdcn4hnr4kx8y97ql2l55xw-nlpred_1.0.1.tar.gz
copying path '/nix/store/kpfb42sarrdcn4hnr4kx8y97ql2l55xw-nlpred_1.0.1.tar.gz' from 'https://cache.nixos.org'...
building '/nix/store/49ijzjlvbqgfkxjlh5ijwazyb8qv9rx0-r-nlpred-1.0.1.drv'...
Running phase: unpackPhase
unpacking source archive /nix/store/kpfb42sarrdcn4hnr4kx8y97ql2l55xw-nlpred_1.0.1.tar.gz
source root is nlpred
setting SOURCE_DATE_EPOCH to timestamp 1582479005 of file nlpred/MD5
Running phase: patchPhase
Running phase: updateAutotoolsGnuConfigScriptsPhase
Running phase: configurePhase
Running phase: buildPhase
Running phase: checkPhase
Running phase: installPhase
* installing *source* package ‘nlpred’ ...
** package ‘nlpred’ correctement décompressé et sommes MD5 vérifiées
** using staged installation
** R
** data
*** moving datasets to lazyload DB
** inst
** byte-compile and prepare package for lazy loading
** help
*** installing help indices
** building package indices
** installing vignettes
** testing if installed package can be loaded from temporary location
** testing if installed package can be loaded from final location
** testing if installed package keeps a record of temporary installation path
* DONE (nlpred)
Running phase: fixupPhase
checking for references to /private/tmp/nix-build-r-nlpred-1.0.1.drv-0/ in /nix/store/xclqm293hfbq9gzkvxk98kkvr0pdmb4z-r-nlpred-1.0.1...
patching script interpreter paths in /nix/store/xclqm293hfbq9gzkvxk98kkvr0pdmb4z-r-nlpred-1.0.1
rewriting symlink /nix/store/xclqm293hfbq9gzkvxk98kkvr0pdmb4z-r-nlpred-1.0.1/nix-support/propagated-user-env-packages to be relative to /nix/store/xclqm293hfbq9gzkvxk98kkvr0pdmb4z-r-nlpred-1.0.1
