this derivation will be built:
  /nix/store/31gqnkls8f8nxx2nfmvi19vaz0kdh6nf-r-RCRnorm-0.0.2.drv
this path will be fetched (0.01 MiB download, 0.01 MiB unpacked):
  /nix/store/aqxssppr2fzi9crjivz64zjsin5yv397-RCRnorm_0.0.2.tar.gz
copying path '/nix/store/aqxssppr2fzi9crjivz64zjsin5yv397-RCRnorm_0.0.2.tar.gz' from 'https://cache.nixos.org'...
building '/nix/store/31gqnkls8f8nxx2nfmvi19vaz0kdh6nf-r-RCRnorm-0.0.2.drv'...
Running phase: unpackPhase
unpacking source archive /nix/store/aqxssppr2fzi9crjivz64zjsin5yv397-RCRnorm_0.0.2.tar.gz
source root is RCRnorm
setting SOURCE_DATE_EPOCH to timestamp 1519336803 of file RCRnorm/MD5
Running phase: patchPhase
Running phase: updateAutotoolsGnuConfigScriptsPhase
Running phase: configurePhase
Running phase: buildPhase
Running phase: checkPhase
Running phase: installPhase
* installing *source* package ‘RCRnorm’ ...
** package ‘RCRnorm’ correctement décompressé et sommes MD5 vérifiées
** using staged installation
** R
** data
*** moving datasets to lazyload DB
** byte-compile and prepare package for lazy loading
** help
*** installing help indices
** building package indices
** testing if installed package can be loaded from temporary location
** testing if installed package can be loaded from final location
** testing if installed package keeps a record of temporary installation path
* DONE (RCRnorm)
Running phase: fixupPhase
checking for references to /private/tmp/nix-build-r-RCRnorm-0.0.2.drv-0/ in /nix/store/r983qg0m6wq6mr6k0z3cpf8zqdhjyl2p-r-RCRnorm-0.0.2...
patching script interpreter paths in /nix/store/r983qg0m6wq6mr6k0z3cpf8zqdhjyl2p-r-RCRnorm-0.0.2
rewriting symlink /nix/store/r983qg0m6wq6mr6k0z3cpf8zqdhjyl2p-r-RCRnorm-0.0.2/nix-support/propagated-user-env-packages to be relative to /nix/store/r983qg0m6wq6mr6k0z3cpf8zqdhjyl2p-r-RCRnorm-0.0.2
