this derivation will be built:
  /nix/store/2nc7w6k579ghxs4cwi7bk56hrzxg69a4-r-phsmethods-1.0.2.drv
this path will be fetched (0.15 MiB download, 0.15 MiB unpacked):
  /nix/store/3qch0pcrljkd9l748d7gv33csmmicqxh-phsmethods_1.0.2.tar.gz
copying path '/nix/store/3qch0pcrljkd9l748d7gv33csmmicqxh-phsmethods_1.0.2.tar.gz' from 'https://cache.nixos.org'...
building '/nix/store/2nc7w6k579ghxs4cwi7bk56hrzxg69a4-r-phsmethods-1.0.2.drv'...
Running phase: unpackPhase
unpacking source archive /nix/store/3qch0pcrljkd9l748d7gv33csmmicqxh-phsmethods_1.0.2.tar.gz
source root is phsmethods
setting SOURCE_DATE_EPOCH to timestamp 1704755403 of file phsmethods/MD5
Running phase: patchPhase
Running phase: updateAutotoolsGnuConfigScriptsPhase
Running phase: configurePhase
Running phase: buildPhase
Running phase: checkPhase
Running phase: installPhase
* installing *source* package ‘phsmethods’ ...
** package ‘phsmethods’ correctement décompressé et sommes MD5 vérifiées
** using staged installation
** R
** data
*** moving datasets to lazyload DB
** inst
** byte-compile and prepare package for lazy loading
** help
*** installing help indices
*** copying figures
** building package indices
** installing vignettes
** testing if installed package can be loaded from temporary location
** testing if installed package can be loaded from final location
** testing if installed package keeps a record of temporary installation path
* DONE (phsmethods)
Running phase: fixupPhase
checking for references to /private/tmp/nix-build-r-phsmethods-1.0.2.drv-0/ in /nix/store/4pspnnnzc37phynj355wpgbj2jdbda0r-r-phsmethods-1.0.2...
patching script interpreter paths in /nix/store/4pspnnnzc37phynj355wpgbj2jdbda0r-r-phsmethods-1.0.2
rewriting symlink /nix/store/4pspnnnzc37phynj355wpgbj2jdbda0r-r-phsmethods-1.0.2/nix-support/propagated-user-env-packages to be relative to /nix/store/4pspnnnzc37phynj355wpgbj2jdbda0r-r-phsmethods-1.0.2
