this derivation will be built:
  /nix/store/5k7lwjg9kczlw82f13246c66x8q75im7-r-windex-2.0.8.drv
this path will be fetched (0.02 MiB download, 0.02 MiB unpacked):
  /nix/store/fvy8ac046dfhpzagqrsg44w9pg0ss8k3-windex_2.0.8.tar.gz
copying path '/nix/store/fvy8ac046dfhpzagqrsg44w9pg0ss8k3-windex_2.0.8.tar.gz' from 'https://cache.nixos.org'...
building '/nix/store/5k7lwjg9kczlw82f13246c66x8q75im7-r-windex-2.0.8.drv'...
Running phase: unpackPhase
unpacking source archive /nix/store/fvy8ac046dfhpzagqrsg44w9pg0ss8k3-windex_2.0.8.tar.gz
source root is windex
setting SOURCE_DATE_EPOCH to timestamp 1714149003 of file windex/MD5
Running phase: patchPhase
Running phase: updateAutotoolsGnuConfigScriptsPhase
Running phase: configurePhase
Running phase: buildPhase
Running phase: checkPhase
Running phase: installPhase
* installing *source* package ‘windex’ ...
** package ‘windex’ correctement décompressé et sommes MD5 vérifiées
** using staged installation
** R
** data
** inst
** byte-compile and prepare package for lazy loading
** help
*** installing help indices
** building package indices
** testing if installed package can be loaded from temporary location
** testing if installed package can be loaded from final location
** testing if installed package keeps a record of temporary installation path
* DONE (windex)
Running phase: fixupPhase
checking for references to /private/tmp/nix-build-r-windex-2.0.8.drv-0/ in /nix/store/ma2m50xpd8x4jmd96ql9waxr5s6k159h-r-windex-2.0.8...
patching script interpreter paths in /nix/store/ma2m50xpd8x4jmd96ql9waxr5s6k159h-r-windex-2.0.8
rewriting symlink /nix/store/ma2m50xpd8x4jmd96ql9waxr5s6k159h-r-windex-2.0.8/nix-support/propagated-user-env-packages to be relative to /nix/store/ma2m50xpd8x4jmd96ql9waxr5s6k159h-r-windex-2.0.8
