this derivation will be built:
  /nix/store/zmcj332ay3wn3ajimambmmjyirns911p-r-walkboutr-0.6.0.drv
this path will be fetched (0.44 MiB download, 0.44 MiB unpacked):
  /nix/store/vyzfwvl3a19dfwd7bwwr7hys6hjrhaw1-walkboutr_0.6.0.tar.gz
copying path '/nix/store/vyzfwvl3a19dfwd7bwwr7hys6hjrhaw1-walkboutr_0.6.0.tar.gz' from 'https://cache.nixos.org'...
building '/nix/store/zmcj332ay3wn3ajimambmmjyirns911p-r-walkboutr-0.6.0.drv'...
Running phase: unpackPhase
unpacking source archive /nix/store/vyzfwvl3a19dfwd7bwwr7hys6hjrhaw1-walkboutr_0.6.0.tar.gz
source root is walkboutr
setting SOURCE_DATE_EPOCH to timestamp 1706573402 of file walkboutr/MD5
Running phase: patchPhase
Running phase: updateAutotoolsGnuConfigScriptsPhase
Running phase: configurePhase
Running phase: buildPhase
Running phase: checkPhase
Running phase: installPhase
* installing *source* package ‘walkboutr’ ...
** package ‘walkboutr’ correctement décompressé et sommes MD5 vérifiées
** using staged installation
** R
** inst
** byte-compile and prepare package for lazy loading
** help
*** installing help indices
*** copying figures
** building package indices
** installing vignettes
** testing if installed package can be loaded from temporary location
** testing if installed package can be loaded from final location
** testing if installed package keeps a record of temporary installation path
* DONE (walkboutr)
Running phase: fixupPhase
checking for references to /private/tmp/nix-build-r-walkboutr-0.6.0.drv-0/ in /nix/store/jd7q6k2wl52k5xgkxa60wwh4lxwwmmh8-r-walkboutr-0.6.0...
patching script interpreter paths in /nix/store/jd7q6k2wl52k5xgkxa60wwh4lxwwmmh8-r-walkboutr-0.6.0
rewriting symlink /nix/store/jd7q6k2wl52k5xgkxa60wwh4lxwwmmh8-r-walkboutr-0.6.0/nix-support/propagated-user-env-packages to be relative to /nix/store/jd7q6k2wl52k5xgkxa60wwh4lxwwmmh8-r-walkboutr-0.6.0
