this derivation will be built:
  /nix/store/wwywrzlhl6k11qaj86y3phf79hdmkyfn-r-gustave-1.0.0.drv
this path will be fetched (0.15 MiB download, 0.15 MiB unpacked):
  /nix/store/185kd4pgl9wh8imkrxrd4fgjksp4vrsm-gustave_1.0.0.tar.gz
copying path '/nix/store/185kd4pgl9wh8imkrxrd4fgjksp4vrsm-gustave_1.0.0.tar.gz' from 'https://cache.nixos.org'...
building '/nix/store/wwywrzlhl6k11qaj86y3phf79hdmkyfn-r-gustave-1.0.0.drv'...
Running phase: unpackPhase
unpacking source archive /nix/store/185kd4pgl9wh8imkrxrd4fgjksp4vrsm-gustave_1.0.0.tar.gz
source root is gustave
setting SOURCE_DATE_EPOCH to timestamp 1700215802 of file gustave/MD5
Running phase: patchPhase
Running phase: updateAutotoolsGnuConfigScriptsPhase
Running phase: configurePhase
Running phase: buildPhase
Running phase: checkPhase
Running phase: installPhase
* installing *source* package ‘gustave’ ...
** package ‘gustave’ correctement décompressé et sommes MD5 vérifiées
** using staged installation
** R
** data
*** moving datasets to lazyload DB
** byte-compile and prepare package for lazy loading
** help
*** installing help indices
** building package indices
** testing if installed package can be loaded from temporary location
** testing if installed package can be loaded from final location
** testing if installed package keeps a record of temporary installation path
* DONE (gustave)
Running phase: fixupPhase
checking for references to /private/tmp/nix-build-r-gustave-1.0.0.drv-0/ in /nix/store/3ghxhax3mg4waypqzdqsjcma74j8j2zx-r-gustave-1.0.0...
patching script interpreter paths in /nix/store/3ghxhax3mg4waypqzdqsjcma74j8j2zx-r-gustave-1.0.0
rewriting symlink /nix/store/3ghxhax3mg4waypqzdqsjcma74j8j2zx-r-gustave-1.0.0/nix-support/propagated-user-env-packages to be relative to /nix/store/3ghxhax3mg4waypqzdqsjcma74j8j2zx-r-gustave-1.0.0
