this derivation will be built:
  /nix/store/ick0lv46bb3dryflbzz6kkikm1p1ksqx-r-shinyfullscreen-1.1.0.drv
this path will be fetched (0.01 MiB download, 0.01 MiB unpacked):
  /nix/store/gkvii8y7gqldyv4pplg251y0jn3rkdj2-shinyfullscreen_1.1.0.tar.gz
copying path '/nix/store/gkvii8y7gqldyv4pplg251y0jn3rkdj2-shinyfullscreen_1.1.0.tar.gz' from 'https://cache.nixos.org'...
building '/nix/store/ick0lv46bb3dryflbzz6kkikm1p1ksqx-r-shinyfullscreen-1.1.0.drv'...
Running phase: unpackPhase
unpacking source archive /nix/store/gkvii8y7gqldyv4pplg251y0jn3rkdj2-shinyfullscreen_1.1.0.tar.gz
source root is shinyfullscreen
setting SOURCE_DATE_EPOCH to timestamp 1610398203 of file shinyfullscreen/MD5
Running phase: patchPhase
Running phase: updateAutotoolsGnuConfigScriptsPhase
Running phase: configurePhase
Running phase: buildPhase
Running phase: checkPhase
Running phase: installPhase
* installing *source* package ‘shinyfullscreen’ ...
** package ‘shinyfullscreen’ correctement décompressé et sommes MD5 vérifiées
** using staged installation
** R
** inst
** byte-compile and prepare package for lazy loading
** help
*** installing help indices
** building package indices
** testing if installed package can be loaded from temporary location
** testing if installed package can be loaded from final location
** testing if installed package keeps a record of temporary installation path
* DONE (shinyfullscreen)
Running phase: fixupPhase
checking for references to /private/tmp/nix-build-r-shinyfullscreen-1.1.0.drv-0/ in /nix/store/mh47dq9m1lb5lj9q0a375rlzcxdhbf1s-r-shinyfullscreen-1.1.0...
patching script interpreter paths in /nix/store/mh47dq9m1lb5lj9q0a375rlzcxdhbf1s-r-shinyfullscreen-1.1.0
rewriting symlink /nix/store/mh47dq9m1lb5lj9q0a375rlzcxdhbf1s-r-shinyfullscreen-1.1.0/nix-support/propagated-user-env-packages to be relative to /nix/store/mh47dq9m1lb5lj9q0a375rlzcxdhbf1s-r-shinyfullscreen-1.1.0
