this derivation will be built:
  /nix/store/y3f44i0dg6hyaqs6jwgsx86cc4zfmbr0-r-crunchy-0.3.3.drv
building '/nix/store/y3f44i0dg6hyaqs6jwgsx86cc4zfmbr0-r-crunchy-0.3.3.drv'...
Running phase: unpackPhase
unpacking source archive /nix/store/9xcsl0s24fakih9xk7l5sxn46hn02k2i-crunchy_0.3.3.tar.gz
source root is crunchy
setting SOURCE_DATE_EPOCH to timestamp 1610572806 of file crunchy/MD5
Running phase: patchPhase
Running phase: updateAutotoolsGnuConfigScriptsPhase
Running phase: configurePhase
Running phase: buildPhase
Running phase: checkPhase
Running phase: installPhase
* installing *source* package ‘crunchy’ ...
** package ‘crunchy’ correctement décompressé et sommes MD5 vérifiées
** using staged installation
** R
** inst
** byte-compile and prepare package for lazy loading
** help
*** installing help indices
** building package indices
** installing vignettes
** testing if installed package can be loaded from temporary location
** testing if installed package can be loaded from final location
** testing if installed package keeps a record of temporary installation path
* DONE (crunchy)
Running phase: fixupPhase
checking for references to /private/tmp/nix-build-r-crunchy-0.3.3.drv-0/ in /nix/store/s0m2ddcgxbmdb31fyl9i9g7jq00rmcsa-r-crunchy-0.3.3...
patching script interpreter paths in /nix/store/s0m2ddcgxbmdb31fyl9i9g7jq00rmcsa-r-crunchy-0.3.3
rewriting symlink /nix/store/s0m2ddcgxbmdb31fyl9i9g7jq00rmcsa-r-crunchy-0.3.3/nix-support/propagated-user-env-packages to be relative to /nix/store/s0m2ddcgxbmdb31fyl9i9g7jq00rmcsa-r-crunchy-0.3.3
