this derivation will be built:
  /nix/store/j9axzf4hj2f7lipf5f79ani7icqvmbff-r-IIProductionUnknown-0.0.3.drv
this path will be fetched (0.01 MiB download, 0.01 MiB unpacked):
  /nix/store/xa39wqsa9p40n077ir2iij7c0bq3v1hn-IIProductionUnknown_0.0.3.tar.gz
copying path '/nix/store/xa39wqsa9p40n077ir2iij7c0bq3v1hn-IIProductionUnknown_0.0.3.tar.gz' from 'https://cache.nixos.org'...
building '/nix/store/j9axzf4hj2f7lipf5f79ani7icqvmbff-r-IIProductionUnknown-0.0.3.drv'...
Running phase: unpackPhase
unpacking source archive /nix/store/xa39wqsa9p40n077ir2iij7c0bq3v1hn-IIProductionUnknown_0.0.3.tar.gz
source root is IIProductionUnknown
setting SOURCE_DATE_EPOCH to timestamp 1675255205 of file IIProductionUnknown/MD5
Running phase: patchPhase
Running phase: updateAutotoolsGnuConfigScriptsPhase
Running phase: configurePhase
Running phase: buildPhase
Running phase: checkPhase
Running phase: installPhase
* installing *source* package ‘IIProductionUnknown’ ...
** package ‘IIProductionUnknown’ correctement décompressé et sommes MD5 vérifiées
** using staged installation
** R
** data
** byte-compile and prepare package for lazy loading
** help
*** installing help indices
** building package indices
** testing if installed package can be loaded from temporary location
** testing if installed package can be loaded from final location
** testing if installed package keeps a record of temporary installation path
* DONE (IIProductionUnknown)
Running phase: fixupPhase
checking for references to /private/tmp/nix-build-r-IIProductionUnknown-0.0.3.drv-0/ in /nix/store/9vizwd25mq1i1f3m1i5va5rpszqynfr2-r-IIProductionUnknown-0.0.3...
patching script interpreter paths in /nix/store/9vizwd25mq1i1f3m1i5va5rpszqynfr2-r-IIProductionUnknown-0.0.3
rewriting symlink /nix/store/9vizwd25mq1i1f3m1i5va5rpszqynfr2-r-IIProductionUnknown-0.0.3/nix-support/propagated-user-env-packages to be relative to /nix/store/9vizwd25mq1i1f3m1i5va5rpszqynfr2-r-IIProductionUnknown-0.0.3
