this derivation will be built:
  /nix/store/pah1n2axkz8687p16say2gxb3jzwsipr-r-signatureSurvival-1.0.0.drv
this path will be fetched (4.13 MiB download, 4.13 MiB unpacked):
  /nix/store/7svpjgl6yvhs3q7cqnppgazy6cn466hg-signatureSurvival_1.0.0.tar.gz
copying path '/nix/store/7svpjgl6yvhs3q7cqnppgazy6cn466hg-signatureSurvival_1.0.0.tar.gz' from 'https://cache.nixos.org'...
building '/nix/store/pah1n2axkz8687p16say2gxb3jzwsipr-r-signatureSurvival-1.0.0.drv'...
Running phase: unpackPhase
unpacking source archive /nix/store/7svpjgl6yvhs3q7cqnppgazy6cn466hg-signatureSurvival_1.0.0.tar.gz
source root is signatureSurvival
setting SOURCE_DATE_EPOCH to timestamp 1689765002 of file signatureSurvival/MD5
Running phase: patchPhase
Running phase: updateAutotoolsGnuConfigScriptsPhase
Running phase: configurePhase
Running phase: buildPhase
Running phase: checkPhase
Running phase: installPhase
* installing *source* package ‘signatureSurvival’ ...
** package ‘signatureSurvival’ correctement décompressé et sommes MD5 vérifiées
** using staged installation
** R
** data
*** moving datasets to lazyload DB
** inst
** byte-compile and prepare package for lazy loading
** help
*** installing help indices
** building package indices
** testing if installed package can be loaded from temporary location
** testing if installed package can be loaded from final location
** testing if installed package keeps a record of temporary installation path
* DONE (signatureSurvival)
Running phase: fixupPhase
checking for references to /private/tmp/nix-build-r-signatureSurvival-1.0.0.drv-0/ in /nix/store/03bi48kiydh3dvgdiyn1fbp95hl4w84b-r-signatureSurvival-1.0.0...
patching script interpreter paths in /nix/store/03bi48kiydh3dvgdiyn1fbp95hl4w84b-r-signatureSurvival-1.0.0
rewriting symlink /nix/store/03bi48kiydh3dvgdiyn1fbp95hl4w84b-r-signatureSurvival-1.0.0/nix-support/propagated-user-env-packages to be relative to /nix/store/03bi48kiydh3dvgdiyn1fbp95hl4w84b-r-signatureSurvival-1.0.0
