this derivation will be built:
  /nix/store/yhf440kzzh7m057is9rhf2lkc6mb96yl-r-RepertoiR-0.0.1.drv
this path will be fetched (0.24 MiB download, 0.24 MiB unpacked):
  /nix/store/j29anhpl53s44dy7xy6i1zhdnklk4jra-RepertoiR_0.0.1.tar.gz
copying path '/nix/store/j29anhpl53s44dy7xy6i1zhdnklk4jra-RepertoiR_0.0.1.tar.gz' from 'https://cache.nixos.org'...
building '/nix/store/yhf440kzzh7m057is9rhf2lkc6mb96yl-r-RepertoiR-0.0.1.drv'...
Running phase: unpackPhase
unpacking source archive /nix/store/j29anhpl53s44dy7xy6i1zhdnklk4jra-RepertoiR_0.0.1.tar.gz
source root is RepertoiR
setting SOURCE_DATE_EPOCH to timestamp 1635145221 of file RepertoiR/MD5
Running phase: patchPhase
Running phase: updateAutotoolsGnuConfigScriptsPhase
Running phase: configurePhase
Running phase: buildPhase
Running phase: checkPhase
Running phase: installPhase
* installing *source* package ‘RepertoiR’ ...
** package ‘RepertoiR’ correctement décompressé et sommes MD5 vérifiées
** using staged installation
** R
** byte-compile and prepare package for lazy loading
** help
*** installing help indices
*** copying figures
** building package indices
** testing if installed package can be loaded from temporary location
** testing if installed package can be loaded from final location
** testing if installed package keeps a record of temporary installation path
* DONE (RepertoiR)
Running phase: fixupPhase
checking for references to /private/tmp/nix-build-r-RepertoiR-0.0.1.drv-0/ in /nix/store/bln6pgwnm0sai3lj4a8f7669nv5svnyz-r-RepertoiR-0.0.1...
patching script interpreter paths in /nix/store/bln6pgwnm0sai3lj4a8f7669nv5svnyz-r-RepertoiR-0.0.1
rewriting symlink /nix/store/bln6pgwnm0sai3lj4a8f7669nv5svnyz-r-RepertoiR-0.0.1/nix-support/propagated-user-env-packages to be relative to /nix/store/bln6pgwnm0sai3lj4a8f7669nv5svnyz-r-RepertoiR-0.0.1
