this derivation will be built:
  /nix/store/hdgyq0y53h6rhgpwdb0y0mh2likshc1a-r-OSDR-1.1.4.drv
this path will be fetched (0.02 MiB download, 0.02 MiB unpacked):
  /nix/store/qdsx19wq5b9k67yb2jygr4fdd165x92i-OSDR_1.1.4.tar.gz
copying path '/nix/store/qdsx19wq5b9k67yb2jygr4fdd165x92i-OSDR_1.1.4.tar.gz' from 'https://cache.nixos.org'...
building '/nix/store/hdgyq0y53h6rhgpwdb0y0mh2likshc1a-r-OSDR-1.1.4.drv'...
Running phase: unpackPhase
unpacking source archive /nix/store/qdsx19wq5b9k67yb2jygr4fdd165x92i-OSDR_1.1.4.tar.gz
source root is OSDR
setting SOURCE_DATE_EPOCH to timestamp 1646746205 of file OSDR/MD5
Running phase: patchPhase
Running phase: updateAutotoolsGnuConfigScriptsPhase
Running phase: configurePhase
Running phase: buildPhase
Running phase: checkPhase
Running phase: installPhase
* installing *source* package ‘OSDR’ ...
** package ‘OSDR’ correctement décompressé et sommes MD5 vérifiées
** using staged installation
** R
** data
** byte-compile and prepare package for lazy loading
** help
*** installing help indices
** building package indices
** testing if installed package can be loaded from temporary location
** testing if installed package can be loaded from final location
** testing if installed package keeps a record of temporary installation path
* DONE (OSDR)
Running phase: fixupPhase
checking for references to /private/tmp/nix-build-r-OSDR-1.1.4.drv-0/ in /nix/store/l03lsigss8cgpp81w0lrmlqd75w0hmqb-r-OSDR-1.1.4...
patching script interpreter paths in /nix/store/l03lsigss8cgpp81w0lrmlqd75w0hmqb-r-OSDR-1.1.4
