this derivation will be built:
  /nix/store/jmfrgszxdvgi8lh2fp7l7liznkr4z0gw-r-echor-0.1.9.drv
building '/nix/store/jmfrgszxdvgi8lh2fp7l7liznkr4z0gw-r-echor-0.1.9.drv'...
Running phase: unpackPhase
unpacking source archive /nix/store/hgwqaq2xjmsqg7qd2y6xcf4ljl38mhm3-echor_0.1.9.tar.gz
source root is echor
setting SOURCE_DATE_EPOCH to timestamp 1687454402 of file echor/MD5
Running phase: patchPhase
Running phase: updateAutotoolsGnuConfigScriptsPhase
Running phase: configurePhase
Running phase: buildPhase
Running phase: checkPhase
Running phase: installPhase
* installing *source* package ‘echor’ ...
** package ‘echor’ correctement décompressé et sommes MD5 vérifiées
** using staged installation
** R
** inst
** byte-compile and prepare package for lazy loading
** help
*** installing help indices
*** copying figures
** building package indices
** testing if installed package can be loaded from temporary location
** testing if installed package can be loaded from final location
** testing if installed package keeps a record of temporary installation path
* DONE (echor)
Running phase: fixupPhase
checking for references to /private/tmp/nix-build-r-echor-0.1.9.drv-0/ in /nix/store/12h3lawg5sw874sgf7ndc009g4imb0c4-r-echor-0.1.9...
patching script interpreter paths in /nix/store/12h3lawg5sw874sgf7ndc009g4imb0c4-r-echor-0.1.9
rewriting symlink /nix/store/12h3lawg5sw874sgf7ndc009g4imb0c4-r-echor-0.1.9/nix-support/propagated-user-env-packages to be relative to /nix/store/12h3lawg5sw874sgf7ndc009g4imb0c4-r-echor-0.1.9
