this derivation will be built:
  /nix/store/mf0jrhid5jmc60lmy6vpc6hgy5kmhl8n-r-meta4diag-2.1.1.drv
this path will be fetched (1.55 MiB download, 1.55 MiB unpacked):
  /nix/store/f2gqv44i8dn98w716qbja33han4h0c5d-meta4diag_2.1.1.tar.gz
copying path '/nix/store/f2gqv44i8dn98w716qbja33han4h0c5d-meta4diag_2.1.1.tar.gz' from 'https://cache.nixos.org'...
building '/nix/store/mf0jrhid5jmc60lmy6vpc6hgy5kmhl8n-r-meta4diag-2.1.1.drv'...
Running phase: unpackPhase
unpacking source archive /nix/store/f2gqv44i8dn98w716qbja33han4h0c5d-meta4diag_2.1.1.tar.gz
source root is meta4diag
setting SOURCE_DATE_EPOCH to timestamp 1638267002 of file meta4diag/MD5
Running phase: patchPhase
Running phase: updateAutotoolsGnuConfigScriptsPhase
Running phase: configurePhase
Running phase: buildPhase
Running phase: checkPhase
Running phase: installPhase
* installing *source* package ‘meta4diag’ ...
** package ‘meta4diag’ correctement décompressé et sommes MD5 vérifiées
** using staged installation
** R
** data
** demo
** inst
** byte-compile and prepare package for lazy loading
** help
*** installing help indices
** building package indices
** testing if installed package can be loaded from temporary location
** testing if installed package can be loaded from final location
** testing if installed package keeps a record of temporary installation path
* DONE (meta4diag)
Running phase: fixupPhase
checking for references to /private/tmp/nix-build-r-meta4diag-2.1.1.drv-0/ in /nix/store/yqwi3kc46g1mih3gddlg4sp1a2mjish1-r-meta4diag-2.1.1...
patching script interpreter paths in /nix/store/yqwi3kc46g1mih3gddlg4sp1a2mjish1-r-meta4diag-2.1.1
rewriting symlink /nix/store/yqwi3kc46g1mih3gddlg4sp1a2mjish1-r-meta4diag-2.1.1/nix-support/propagated-user-env-packages to be relative to /nix/store/yqwi3kc46g1mih3gddlg4sp1a2mjish1-r-meta4diag-2.1.1
