this derivation will be built:
  /nix/store/ah0cpadzbbbyv5skgfhsp4qhszgg28qx-r-modehunt-1.0.7.drv
this path will be fetched (0.02 MiB download, 0.02 MiB unpacked):
  /nix/store/hm01c1l4zh8g8vrv7hsc1qsf1zj9cq2x-modehunt_1.0.7.tar.gz
copying path '/nix/store/hm01c1l4zh8g8vrv7hsc1qsf1zj9cq2x-modehunt_1.0.7.tar.gz' from 'https://cache.nixos.org'...
building '/nix/store/ah0cpadzbbbyv5skgfhsp4qhszgg28qx-r-modehunt-1.0.7.drv'...
Running phase: unpackPhase
unpacking source archive /nix/store/hm01c1l4zh8g8vrv7hsc1qsf1zj9cq2x-modehunt_1.0.7.tar.gz
source root is modehunt
setting SOURCE_DATE_EPOCH to timestamp 1435906071 of file modehunt/MD5
Running phase: patchPhase
Running phase: updateAutotoolsGnuConfigScriptsPhase
Running phase: configurePhase
Running phase: buildPhase
Running phase: checkPhase
Running phase: installPhase
* installing *source* package ‘modehunt’ ...
** package ‘modehunt’ correctement décompressé et sommes MD5 vérifiées
** using staged installation
** R
** data
** byte-compile and prepare package for lazy loading
** help
*** installing help indices
** building package indices
** testing if installed package can be loaded from temporary location
** testing if installed package can be loaded from final location
** testing if installed package keeps a record of temporary installation path
* DONE (modehunt)
Running phase: fixupPhase
checking for references to /private/tmp/nix-build-r-modehunt-1.0.7.drv-0/ in /nix/store/6w8dmrx88fagrwjh65nyn77kmianfyij-r-modehunt-1.0.7...
patching script interpreter paths in /nix/store/6w8dmrx88fagrwjh65nyn77kmianfyij-r-modehunt-1.0.7
