this derivation will be built:
  /nix/store/qs8jhxvb59sxinl1j42bwfkq6r88rjcg-r-worrms-0.4.3.drv
this path will be fetched (0.06 MiB download, 0.06 MiB unpacked):
  /nix/store/nnss2jiwzp6wpbpnk2kw7j17z0qd07d4-worrms_0.4.3.tar.gz
copying path '/nix/store/nnss2jiwzp6wpbpnk2kw7j17z0qd07d4-worrms_0.4.3.tar.gz' from 'https://cache.nixos.org'...
building '/nix/store/qs8jhxvb59sxinl1j42bwfkq6r88rjcg-r-worrms-0.4.3.drv'...
Running phase: unpackPhase
unpacking source archive /nix/store/nnss2jiwzp6wpbpnk2kw7j17z0qd07d4-worrms_0.4.3.tar.gz
source root is worrms
setting SOURCE_DATE_EPOCH to timestamp 1687269602 of file worrms/MD5
Running phase: patchPhase
Running phase: updateAutotoolsGnuConfigScriptsPhase
Running phase: configurePhase
Running phase: buildPhase
Running phase: checkPhase
Running phase: installPhase
* installing *source* package ‘worrms’ ...
** package ‘worrms’ correctement décompressé et sommes MD5 vérifiées
** using staged installation
** R
** inst
** byte-compile and prepare package for lazy loading
** help
*** installing help indices
** building package indices
** installing vignettes
** testing if installed package can be loaded from temporary location
** testing if installed package can be loaded from final location
** testing if installed package keeps a record of temporary installation path
* DONE (worrms)
Running phase: fixupPhase
checking for references to /private/tmp/nix-build-r-worrms-0.4.3.drv-0/ in /nix/store/qifgifjps85w93plrf64ywgj3q2hzblp-r-worrms-0.4.3...
patching script interpreter paths in /nix/store/qifgifjps85w93plrf64ywgj3q2hzblp-r-worrms-0.4.3
rewriting symlink /nix/store/qifgifjps85w93plrf64ywgj3q2hzblp-r-worrms-0.4.3/nix-support/propagated-user-env-packages to be relative to /nix/store/qifgifjps85w93plrf64ywgj3q2hzblp-r-worrms-0.4.3
