this derivation will be built:
  /nix/store/i46njvnk8w3npnqdm6nmgg5gicp15bq9-r-siqr-0.8.1.drv
this path will be fetched (0.01 MiB download, 0.01 MiB unpacked):
  /nix/store/hwr829xbdlydnyww2ljkmp65cf5589zx-siqr_0.8.1.tar.gz
copying path '/nix/store/hwr829xbdlydnyww2ljkmp65cf5589zx-siqr_0.8.1.tar.gz' from 'https://cache.nixos.org'...
building '/nix/store/i46njvnk8w3npnqdm6nmgg5gicp15bq9-r-siqr-0.8.1.drv'...
Running phase: unpackPhase
unpacking source archive /nix/store/hwr829xbdlydnyww2ljkmp65cf5589zx-siqr_0.8.1.tar.gz
source root is siqr
setting SOURCE_DATE_EPOCH to timestamp 1639513802 of file siqr/MD5
Running phase: patchPhase
Running phase: updateAutotoolsGnuConfigScriptsPhase
Running phase: configurePhase
Running phase: buildPhase
Running phase: checkPhase
Running phase: installPhase
* installing *source* package ‘siqr’ ...
** package ‘siqr’ correctement décompressé et sommes MD5 vérifiées
** using staged installation
** R
** byte-compile and prepare package for lazy loading
** help
*** installing help indices
** building package indices
** testing if installed package can be loaded from temporary location
** testing if installed package can be loaded from final location
** testing if installed package keeps a record of temporary installation path
* DONE (siqr)
Running phase: fixupPhase
checking for references to /private/tmp/nix-build-r-siqr-0.8.1.drv-0/ in /nix/store/q617bbawf8h9icxjj6v5b0ch04mxdr03-r-siqr-0.8.1...
patching script interpreter paths in /nix/store/q617bbawf8h9icxjj6v5b0ch04mxdr03-r-siqr-0.8.1
rewriting symlink /nix/store/q617bbawf8h9icxjj6v5b0ch04mxdr03-r-siqr-0.8.1/nix-support/propagated-user-env-packages to be relative to /nix/store/q617bbawf8h9icxjj6v5b0ch04mxdr03-r-siqr-0.8.1
