this derivation will be built:
  /nix/store/r3i18yx6wz51l08fdivx9s3k5blbc21a-r-PhySortR-1.0.8.drv
this path will be fetched (0.02 MiB download, 0.02 MiB unpacked):
  /nix/store/b0k1md5x214ms4p8jaws1gpa3vqvwqd2-PhySortR_1.0.8.tar.gz
copying path '/nix/store/b0k1md5x214ms4p8jaws1gpa3vqvwqd2-PhySortR_1.0.8.tar.gz' from 'https://cache.nixos.org'...
building '/nix/store/r3i18yx6wz51l08fdivx9s3k5blbc21a-r-PhySortR-1.0.8.drv'...
Running phase: unpackPhase
unpacking source archive /nix/store/b0k1md5x214ms4p8jaws1gpa3vqvwqd2-PhySortR_1.0.8.tar.gz
source root is PhySortR
setting SOURCE_DATE_EPOCH to timestamp 1533538808 of file PhySortR/MD5
Running phase: patchPhase
Running phase: updateAutotoolsGnuConfigScriptsPhase
Running phase: configurePhase
Running phase: buildPhase
Running phase: checkPhase
Running phase: installPhase
* installing *source* package ‘PhySortR’ ...
** package ‘PhySortR’ correctement décompressé et sommes MD5 vérifiées
** using staged installation
** R
** inst
** byte-compile and prepare package for lazy loading
** help
*** installing help indices
** building package indices
** testing if installed package can be loaded from temporary location
** testing if installed package can be loaded from final location
** testing if installed package keeps a record of temporary installation path
* DONE (PhySortR)
Running phase: fixupPhase
checking for references to /private/tmp/nix-build-r-PhySortR-1.0.8.drv-0/ in /nix/store/dhvdkqwhgnga5bfpn3ii66ix38gz3q4f-r-PhySortR-1.0.8...
patching script interpreter paths in /nix/store/dhvdkqwhgnga5bfpn3ii66ix38gz3q4f-r-PhySortR-1.0.8
rewriting symlink /nix/store/dhvdkqwhgnga5bfpn3ii66ix38gz3q4f-r-PhySortR-1.0.8/nix-support/propagated-user-env-packages to be relative to /nix/store/dhvdkqwhgnga5bfpn3ii66ix38gz3q4f-r-PhySortR-1.0.8
