these 2 derivations will be built:
  /nix/store/3xipy2j63j2cz12z029gzxik3ky356xh-r-heatmaply-1.5.0.drv
  /nix/store/zn5a7az7qlxls64js9kdf9y0kj8pb6y2-r-amerifluxr-1.0.0.drv
building '/nix/store/3xipy2j63j2cz12z029gzxik3ky356xh-r-heatmaply-1.5.0.drv'...
Running phase: unpackPhase
unpacking source archive /nix/store/3ngrf4l448nhrp6nhary4ybk530slj10-heatmaply_1.5.0.tar.gz
source root is heatmaply
setting SOURCE_DATE_EPOCH to timestamp 1696625402 of file heatmaply/MD5
Running phase: patchPhase
Running phase: updateAutotoolsGnuConfigScriptsPhase
Running phase: configurePhase
Running phase: buildPhase
Running phase: checkPhase
Running phase: installPhase
* installing *source* package ‘heatmaply’ ...
** package ‘heatmaply’ correctement décompressé et sommes MD5 vérifiées
** using staged installation
** R
** inst
** byte-compile and prepare package for lazy loading
** help
*** installing help indices
** building package indices
** installing vignettes
** testing if installed package can be loaded from temporary location
** testing if installed package can be loaded from final location
** testing if installed package keeps a record of temporary installation path
* DONE (heatmaply)
Running phase: fixupPhase
checking for references to /private/tmp/nix-build-r-heatmaply-1.5.0.drv-0/ in /nix/store/qqihsnxayy9yij4vxhbp73by3yjilrjl-r-heatmaply-1.5.0...
patching script interpreter paths in /nix/store/qqihsnxayy9yij4vxhbp73by3yjilrjl-r-heatmaply-1.5.0
rewriting symlink /nix/store/qqihsnxayy9yij4vxhbp73by3yjilrjl-r-heatmaply-1.5.0/nix-support/propagated-user-env-packages to be relative to /nix/store/qqihsnxayy9yij4vxhbp73by3yjilrjl-r-heatmaply-1.5.0
building '/nix/store/zn5a7az7qlxls64js9kdf9y0kj8pb6y2-r-amerifluxr-1.0.0.drv'...
Running phase: unpackPhase
unpacking source archive /nix/store/wyk561y1iv387x10n2scdicfy8ycbk0f-amerifluxr_1.0.0.tar.gz
source root is amerifluxr
setting SOURCE_DATE_EPOCH to timestamp 1644337808 of file amerifluxr/MD5
Running phase: patchPhase
Running phase: updateAutotoolsGnuConfigScriptsPhase
Running phase: configurePhase
Running phase: buildPhase
Running phase: checkPhase
Running phase: installPhase
* installing *source* package ‘amerifluxr’ ...
** package ‘amerifluxr’ correctement décompressé et sommes MD5 vérifiées
** using staged installation
** R
** data
*** moving datasets to lazyload DB
** inst
** byte-compile and prepare package for lazy loading
** help
*** installing help indices
*** copying figures
** building package indices
** installing vignettes
** testing if installed package can be loaded from temporary location
** testing if installed package can be loaded from final location
** testing if installed package keeps a record of temporary installation path
* DONE (amerifluxr)
Running phase: fixupPhase
checking for references to /private/tmp/nix-build-r-amerifluxr-1.0.0.drv-0/ in /nix/store/lh4pva16zxmki4z7283m6xs0m0yaxhdv-r-amerifluxr-1.0.0...
patching script interpreter paths in /nix/store/lh4pva16zxmki4z7283m6xs0m0yaxhdv-r-amerifluxr-1.0.0
rewriting symlink /nix/store/lh4pva16zxmki4z7283m6xs0m0yaxhdv-r-amerifluxr-1.0.0/nix-support/propagated-user-env-packages to be relative to /nix/store/lh4pva16zxmki4z7283m6xs0m0yaxhdv-r-amerifluxr-1.0.0
