this derivation will be built:
  /nix/store/vs2cxcyxngsqpn861rszzsyzb8lsmr71-r-SSsimple-0.6.6.drv
this path will be fetched (0.29 MiB download, 0.29 MiB unpacked):
  /nix/store/qyxczn85jphp7jr1kmijkvyjxs6drc4h-SSsimple_0.6.6.tar.gz
copying path '/nix/store/qyxczn85jphp7jr1kmijkvyjxs6drc4h-SSsimple_0.6.6.tar.gz' from 'https://cache.nixos.org'...
building '/nix/store/vs2cxcyxngsqpn861rszzsyzb8lsmr71-r-SSsimple-0.6.6.drv'...
Running phase: unpackPhase
unpacking source archive /nix/store/qyxczn85jphp7jr1kmijkvyjxs6drc4h-SSsimple_0.6.6.tar.gz
source root is SSsimple
setting SOURCE_DATE_EPOCH to timestamp 1575681010 of file SSsimple/MD5
Running phase: patchPhase
Running phase: updateAutotoolsGnuConfigScriptsPhase
Running phase: configurePhase
Running phase: buildPhase
Running phase: checkPhase
Running phase: installPhase
* installing *source* package ‘SSsimple’ ...
** package ‘SSsimple’ correctement décompressé et sommes MD5 vérifiées
** using staged installation
** R
** data
** inst
** byte-compile and prepare package for lazy loading
** help
*** installing help indices
** building package indices
** installing vignettes
** testing if installed package can be loaded from temporary location
** testing if installed package can be loaded from final location
** testing if installed package keeps a record of temporary installation path
* DONE (SSsimple)
Running phase: fixupPhase
checking for references to /private/tmp/nix-build-r-SSsimple-0.6.6.drv-0/ in /nix/store/baza472fzgf9m7hagy4cdk9wpfbs69wa-r-SSsimple-0.6.6...
patching script interpreter paths in /nix/store/baza472fzgf9m7hagy4cdk9wpfbs69wa-r-SSsimple-0.6.6
rewriting symlink /nix/store/baza472fzgf9m7hagy4cdk9wpfbs69wa-r-SSsimple-0.6.6/nix-support/propagated-user-env-packages to be relative to /nix/store/baza472fzgf9m7hagy4cdk9wpfbs69wa-r-SSsimple-0.6.6
