these 2 derivations will be built:
  /nix/store/8ixygn3dl6hbsfq227aqf5vkn90z62ki-ChestVolume_1.0.0.tar.gz.drv
  /nix/store/4d18l8k5mbx5lnrksazql9qj07l4fcy4-r-ChestVolume-1.0.0.drv
building '/nix/store/8ixygn3dl6hbsfq227aqf5vkn90z62ki-ChestVolume_1.0.0.tar.gz.drv'...

trying https://cran.r-project.org/src/contrib/ChestVolume_1.0.0.tar.gz
  % Total    % Received % Xferd  Average Speed   Time    Time     Time  Current
                                 Dload  Upload   Total   Spent    Left  Speed
100 2328k  100 2328k    0     0  5735k      0 --:--:-- --:--:-- --:--:-- 5735k
building '/nix/store/4d18l8k5mbx5lnrksazql9qj07l4fcy4-r-ChestVolume-1.0.0.drv'...
Running phase: unpackPhase
unpacking source archive /nix/store/y09pazfw0m14a9dr91yfyzqj188mx6dx-ChestVolume_1.0.0.tar.gz
source root is ChestVolume
setting SOURCE_DATE_EPOCH to timestamp 1727204411 of file ChestVolume/MD5
Running phase: patchPhase
Running phase: updateAutotoolsGnuConfigScriptsPhase
Running phase: configurePhase
Running phase: buildPhase
Running phase: checkPhase
Running phase: installPhase
* installing *source* package ‘ChestVolume’ ...
** package ‘ChestVolume’ correctement décompressé et sommes MD5 vérifiées
** using staged installation
** R
** data
*** moving datasets to lazyload DB
** inst
** byte-compile and prepare package for lazy loading
** help
*** installing help indices
** building package indices
** installing vignettes
** testing if installed package can be loaded from temporary location
** testing if installed package can be loaded from final location
** testing if installed package keeps a record of temporary installation path
* DONE (ChestVolume)
Running phase: fixupPhase
checking for references to /private/tmp/nix-build-r-ChestVolume-1.0.0.drv-0/ in /nix/store/91zn1ams6fffafiy1v6lpq3xac2pfvjc-r-ChestVolume-1.0.0...
patching script interpreter paths in /nix/store/91zn1ams6fffafiy1v6lpq3xac2pfvjc-r-ChestVolume-1.0.0
rewriting symlink /nix/store/91zn1ams6fffafiy1v6lpq3xac2pfvjc-r-ChestVolume-1.0.0/nix-support/propagated-user-env-packages to be relative to /nix/store/91zn1ams6fffafiy1v6lpq3xac2pfvjc-r-ChestVolume-1.0.0
