this derivation will be built:
  /nix/store/qhffj0ghxkn66hjna7g5y3ra5nhir6hd-r-mvctm-1.2.drv
this path will be fetched (0.01 MiB download, 0.01 MiB unpacked):
  /nix/store/v405dlrcawkf2qrx2xxxpw1r3kv52v0v-mvctm_1.2.tar.gz
copying path '/nix/store/v405dlrcawkf2qrx2xxxpw1r3kv52v0v-mvctm_1.2.tar.gz' from 'https://cache.nixos.org'...
building '/nix/store/qhffj0ghxkn66hjna7g5y3ra5nhir6hd-r-mvctm-1.2.drv'...
Running phase: unpackPhase
unpacking source archive /nix/store/v405dlrcawkf2qrx2xxxpw1r3kv52v0v-mvctm_1.2.tar.gz
source root is mvctm
setting SOURCE_DATE_EPOCH to timestamp 1533150003 of file mvctm/MD5
Running phase: patchPhase
Running phase: updateAutotoolsGnuConfigScriptsPhase
Running phase: configurePhase
Running phase: buildPhase
Running phase: checkPhase
Running phase: installPhase
* installing *source* package ‘mvctm’ ...
** package ‘mvctm’ correctement décompressé et sommes MD5 vérifiées
** using staged installation
** R
** data
** byte-compile and prepare package for lazy loading
** help
*** installing help indices
** building package indices
** testing if installed package can be loaded from temporary location
** testing if installed package can be loaded from final location
** testing if installed package keeps a record of temporary installation path
* DONE (mvctm)
Running phase: fixupPhase
checking for references to /private/tmp/nix-build-r-mvctm-1.2.drv-0/ in /nix/store/q37bhc1na0i0wzixmgdqgj5fij88ybcw-r-mvctm-1.2...
patching script interpreter paths in /nix/store/q37bhc1na0i0wzixmgdqgj5fij88ybcw-r-mvctm-1.2
rewriting symlink /nix/store/q37bhc1na0i0wzixmgdqgj5fij88ybcw-r-mvctm-1.2/nix-support/propagated-user-env-packages to be relative to /nix/store/q37bhc1na0i0wzixmgdqgj5fij88ybcw-r-mvctm-1.2
