this derivation will be built:
  /nix/store/0az9xniy5kpzpdhsrhfx6c9kw5qxf46w-r-ssr-0.1.1.drv
this path will be fetched (0.15 MiB download, 0.15 MiB unpacked):
  /nix/store/mj6qlh4b78xwfffkyd8hq79p8c6dwjq2-ssr_0.1.1.tar.gz
copying path '/nix/store/mj6qlh4b78xwfffkyd8hq79p8c6dwjq2-ssr_0.1.1.tar.gz' from 'https://cache.nixos.org'...
building '/nix/store/0az9xniy5kpzpdhsrhfx6c9kw5qxf46w-r-ssr-0.1.1.drv'...
Running phase: unpackPhase
unpacking source archive /nix/store/mj6qlh4b78xwfffkyd8hq79p8c6dwjq2-ssr_0.1.1.tar.gz
source root is ssr
setting SOURCE_DATE_EPOCH to timestamp 1567438803 of file ssr/MD5
Running phase: patchPhase
Running phase: updateAutotoolsGnuConfigScriptsPhase
Running phase: configurePhase
Running phase: buildPhase
Running phase: checkPhase
Running phase: installPhase
* installing *source* package ‘ssr’ ...
** package ‘ssr’ correctement décompressé et sommes MD5 vérifiées
** using staged installation
** R
** data
*** moving datasets to lazyload DB
** inst
** byte-compile and prepare package for lazy loading
** help
*** installing help indices
*** copying figures
** building package indices
** installing vignettes
** testing if installed package can be loaded from temporary location
** testing if installed package can be loaded from final location
** testing if installed package keeps a record of temporary installation path
* DONE (ssr)
Running phase: fixupPhase
checking for references to /private/tmp/nix-build-r-ssr-0.1.1.drv-0/ in /nix/store/dx2cy138196h0skz3f2hz7m8cbrp06f5-r-ssr-0.1.1...
patching script interpreter paths in /nix/store/dx2cy138196h0skz3f2hz7m8cbrp06f5-r-ssr-0.1.1
rewriting symlink /nix/store/dx2cy138196h0skz3f2hz7m8cbrp06f5-r-ssr-0.1.1/nix-support/propagated-user-env-packages to be relative to /nix/store/dx2cy138196h0skz3f2hz7m8cbrp06f5-r-ssr-0.1.1
