these 2 derivations will be built:
  /nix/store/6ay6c62v19a26hf09w1sbllhmzylbh7l-SCFMonitor_0.3.5.tar.gz.drv
  /nix/store/xzv2fhs9fzq2xnp6rwvm80qfzz5xppw1-r-SCFMonitor-0.3.5.drv
building '/nix/store/6ay6c62v19a26hf09w1sbllhmzylbh7l-SCFMonitor_0.3.5.tar.gz.drv'...

trying https://cran.r-project.org/src/contrib/SCFMonitor_0.3.5.tar.gz
  % Total    % Received % Xferd  Average Speed   Time    Time     Time  Current
                                 Dload  Upload   Total   Spent    Left  Speed
100  600k  100  600k    0     0  2175k      0 --:--:-- --:--:-- --:--:-- 2177k
building '/nix/store/xzv2fhs9fzq2xnp6rwvm80qfzz5xppw1-r-SCFMonitor-0.3.5.drv'...
Running phase: unpackPhase
unpacking source archive /nix/store/rwgal48lcniv7vzbxlc323k0r9chvzr9-SCFMonitor_0.3.5.tar.gz
source root is SCFMonitor
setting SOURCE_DATE_EPOCH to timestamp 1726668005 of file SCFMonitor/MD5
Running phase: patchPhase
Running phase: updateAutotoolsGnuConfigScriptsPhase
Running phase: configurePhase
Running phase: buildPhase
Running phase: checkPhase
Running phase: installPhase
* installing *source* package ‘SCFMonitor’ ...
** package ‘SCFMonitor’ correctement décompressé et sommes MD5 vérifiées
** using staged installation
** R
** inst
** byte-compile and prepare package for lazy loading
** help
*** installing help indices
*** copying figures
** building package indices
** testing if installed package can be loaded from temporary location
** testing if installed package can be loaded from final location
** testing if installed package keeps a record of temporary installation path
* DONE (SCFMonitor)
Running phase: fixupPhase
checking for references to /private/tmp/nix-build-r-SCFMonitor-0.3.5.drv-0/ in /nix/store/b0ydp3v1xj0my0dhskzb1gzvcd8w2x4z-r-SCFMonitor-0.3.5...
patching script interpreter paths in /nix/store/b0ydp3v1xj0my0dhskzb1gzvcd8w2x4z-r-SCFMonitor-0.3.5
rewriting symlink /nix/store/b0ydp3v1xj0my0dhskzb1gzvcd8w2x4z-r-SCFMonitor-0.3.5/nix-support/propagated-user-env-packages to be relative to /nix/store/b0ydp3v1xj0my0dhskzb1gzvcd8w2x4z-r-SCFMonitor-0.3.5
