this derivation will be built:
  /nix/store/jffnyd3a0kcynvcljbna25sqna8njg0v-r-idopNetwork-0.1.2.drv
this path will be fetched (1.23 MiB download, 1.23 MiB unpacked):
  /nix/store/8zbnlckz7p4ki4h6gnyik0psvlga2d26-idopNetwork_0.1.2.tar.gz
copying path '/nix/store/8zbnlckz7p4ki4h6gnyik0psvlga2d26-idopNetwork_0.1.2.tar.gz' from 'https://cache.nixos.org'...
building '/nix/store/jffnyd3a0kcynvcljbna25sqna8njg0v-r-idopNetwork-0.1.2.drv'...
Running phase: unpackPhase
unpacking source archive /nix/store/8zbnlckz7p4ki4h6gnyik0psvlga2d26-idopNetwork_0.1.2.tar.gz
source root is idopNetwork
setting SOURCE_DATE_EPOCH to timestamp 1681800602 of file idopNetwork/MD5
Running phase: patchPhase
Running phase: updateAutotoolsGnuConfigScriptsPhase
Running phase: configurePhase
Running phase: buildPhase
Running phase: checkPhase
Running phase: installPhase
* installing *source* package ‘idopNetwork’ ...
** package ‘idopNetwork’ correctement décompressé et sommes MD5 vérifiées
** using staged installation
** R
** data
*** moving datasets to lazyload DB
** inst
** byte-compile and prepare package for lazy loading
** help
*** installing help indices
** building package indices
** installing vignettes
** testing if installed package can be loaded from temporary location
** testing if installed package can be loaded from final location
** testing if installed package keeps a record of temporary installation path
* DONE (idopNetwork)
Running phase: fixupPhase
checking for references to /private/tmp/nix-build-r-idopNetwork-0.1.2.drv-0/ in /nix/store/r03mm9b9rm3x2fp8744f1418314qyyrh-r-idopNetwork-0.1.2...
patching script interpreter paths in /nix/store/r03mm9b9rm3x2fp8744f1418314qyyrh-r-idopNetwork-0.1.2
rewriting symlink /nix/store/r03mm9b9rm3x2fp8744f1418314qyyrh-r-idopNetwork-0.1.2/nix-support/propagated-user-env-packages to be relative to /nix/store/r03mm9b9rm3x2fp8744f1418314qyyrh-r-idopNetwork-0.1.2
