this derivation will be built:
  /nix/store/c2xwlngh223pcj9jnwf2fr8gidmg4ris-r-gitignore-0.1.8.drv
building '/nix/store/c2xwlngh223pcj9jnwf2fr8gidmg4ris-r-gitignore-0.1.8.drv'...
Running phase: unpackPhase
unpacking source archive /nix/store/gkdz4rc38lvyf88kc9sb2a94c7c4cqkp-gitignore_0.1.8.tar.gz
source root is gitignore
setting SOURCE_DATE_EPOCH to timestamp 1730463002 of file gitignore/MD5
Running phase: patchPhase
Running phase: updateAutotoolsGnuConfigScriptsPhase
Running phase: configurePhase
Running phase: buildPhase
Running phase: checkPhase
Running phase: installPhase
* installing *source* package ‘gitignore’ ...
** package ‘gitignore’ correctement décompressé et sommes MD5 vérifiées
** using staged installation
** R
** inst
** byte-compile and prepare package for lazy loading
** help
*** installing help indices
*** copying figures
** building package indices
** installing vignettes
** testing if installed package can be loaded from temporary location
** testing if installed package can be loaded from final location
** testing if installed package keeps a record of temporary installation path
* DONE (gitignore)
Running phase: fixupPhase
checking for references to /private/tmp/nix-build-r-gitignore-0.1.8.drv-0/ in /nix/store/jd9gnhqzwznmflyljlj2xg3b9xdzvr1k-r-gitignore-0.1.8...
patching script interpreter paths in /nix/store/jd9gnhqzwznmflyljlj2xg3b9xdzvr1k-r-gitignore-0.1.8
rewriting symlink /nix/store/jd9gnhqzwznmflyljlj2xg3b9xdzvr1k-r-gitignore-0.1.8/nix-support/propagated-user-env-packages to be relative to /nix/store/jd9gnhqzwznmflyljlj2xg3b9xdzvr1k-r-gitignore-0.1.8
