this derivation will be built:
  /nix/store/lbafmdq3jzl43n4jlgbq3zrq64j0s8q3-r-icecream-0.2.2.drv
this path will be fetched (0.01 MiB download, 0.01 MiB unpacked):
  /nix/store/g9h9jcmlmfr80p2g8094hz141ksfnsij-icecream_0.2.2.tar.gz
copying path '/nix/store/g9h9jcmlmfr80p2g8094hz141ksfnsij-icecream_0.2.2.tar.gz' from 'https://cache.nixos.org'...
building '/nix/store/lbafmdq3jzl43n4jlgbq3zrq64j0s8q3-r-icecream-0.2.2.drv'...
Running phase: unpackPhase
unpacking source archive /nix/store/g9h9jcmlmfr80p2g8094hz141ksfnsij-icecream_0.2.2.tar.gz
source root is icecream
setting SOURCE_DATE_EPOCH to timestamp 1708217403 of file icecream/MD5
Running phase: patchPhase
Running phase: updateAutotoolsGnuConfigScriptsPhase
Running phase: configurePhase
Running phase: buildPhase
Running phase: checkPhase
Running phase: installPhase
* installing *source* package ‘icecream’ ...
** package ‘icecream’ correctement décompressé et sommes MD5 vérifiées
** using staged installation
** R
** byte-compile and prepare package for lazy loading
** help
*** installing help indices
*** copying figures
** building package indices
** testing if installed package can be loaded from temporary location
** testing if installed package can be loaded from final location
** testing if installed package keeps a record of temporary installation path
* DONE (icecream)
Running phase: fixupPhase
checking for references to /private/tmp/nix-build-r-icecream-0.2.2.drv-0/ in /nix/store/w0vm1y13jwzlavs65s2azdf46hsw9fxc-r-icecream-0.2.2...
patching script interpreter paths in /nix/store/w0vm1y13jwzlavs65s2azdf46hsw9fxc-r-icecream-0.2.2
rewriting symlink /nix/store/w0vm1y13jwzlavs65s2azdf46hsw9fxc-r-icecream-0.2.2/nix-support/propagated-user-env-packages to be relative to /nix/store/w0vm1y13jwzlavs65s2azdf46hsw9fxc-r-icecream-0.2.2
