this derivation will be built:
  /nix/store/p25ayrbfakndsdl7rd4y37lqq74qbi66-r-SOAs-1.4.drv
this path will be fetched (0.10 MiB download, 0.10 MiB unpacked):
  /nix/store/44l8xkg10wxg4sz188sazgzac69k1wy5-SOAs_1.4.tar.gz
copying path '/nix/store/44l8xkg10wxg4sz188sazgzac69k1wy5-SOAs_1.4.tar.gz' from 'https://cache.nixos.org'...
building '/nix/store/p25ayrbfakndsdl7rd4y37lqq74qbi66-r-SOAs-1.4.drv'...
Running phase: unpackPhase
unpacking source archive /nix/store/44l8xkg10wxg4sz188sazgzac69k1wy5-SOAs_1.4.tar.gz
source root is SOAs
setting SOURCE_DATE_EPOCH to timestamp 1691689802 of file SOAs/MD5
Running phase: patchPhase
Running phase: updateAutotoolsGnuConfigScriptsPhase
Running phase: configurePhase
Running phase: buildPhase
Running phase: checkPhase
Running phase: installPhase
* installing *source* package ‘SOAs’ ...
** package ‘SOAs’ correctement décompressé et sommes MD5 vérifiées
** using staged installation
** R
** inst
** byte-compile and prepare package for lazy loading
** help
*** installing help indices
** building package indices
** testing if installed package can be loaded from temporary location
** testing if installed package can be loaded from final location
** testing if installed package keeps a record of temporary installation path
* DONE (SOAs)
Running phase: fixupPhase
checking for references to /private/tmp/nix-build-r-SOAs-1.4.drv-0/ in /nix/store/v0gp5ir2wbm4vn1vv4fqmd1khihiigcy-r-SOAs-1.4...
patching script interpreter paths in /nix/store/v0gp5ir2wbm4vn1vv4fqmd1khihiigcy-r-SOAs-1.4
rewriting symlink /nix/store/v0gp5ir2wbm4vn1vv4fqmd1khihiigcy-r-SOAs-1.4/nix-support/propagated-user-env-packages to be relative to /nix/store/v0gp5ir2wbm4vn1vv4fqmd1khihiigcy-r-SOAs-1.4
