this derivation will be built:
  /nix/store/08jbmn9n0qfqgqgp0j1xz36xwyfasr7a-r-RGreenplum-0.1.2.drv
this path will be fetched (0.01 MiB download, 0.01 MiB unpacked):
  /nix/store/9pkz77wfzybr6yvbh1avxsr3phjd7ik9-RGreenplum_0.1.2.tar.gz
copying path '/nix/store/9pkz77wfzybr6yvbh1avxsr3phjd7ik9-RGreenplum_0.1.2.tar.gz' from 'https://cache.nixos.org'...
building '/nix/store/08jbmn9n0qfqgqgp0j1xz36xwyfasr7a-r-RGreenplum-0.1.2.drv'...
Running phase: unpackPhase
unpacking source archive /nix/store/9pkz77wfzybr6yvbh1avxsr3phjd7ik9-RGreenplum_0.1.2.tar.gz
source root is RGreenplum
setting SOURCE_DATE_EPOCH to timestamp 1529840658 of file RGreenplum/MD5
Running phase: patchPhase
Running phase: updateAutotoolsGnuConfigScriptsPhase
Running phase: configurePhase
Running phase: buildPhase
Running phase: checkPhase
Running phase: installPhase
* installing *source* package ‘RGreenplum’ ...
** package ‘RGreenplum’ correctement décompressé et sommes MD5 vérifiées
** using staged installation
** R
** byte-compile and prepare package for lazy loading
** help
*** installing help indices
** building package indices
** testing if installed package can be loaded from temporary location
** testing if installed package can be loaded from final location
** testing if installed package keeps a record of temporary installation path
* DONE (RGreenplum)
Running phase: fixupPhase
checking for references to /private/tmp/nix-build-r-RGreenplum-0.1.2.drv-0/ in /nix/store/m9lmjrfc8kingsvmhs6xgmknbxha6ygk-r-RGreenplum-0.1.2...
patching script interpreter paths in /nix/store/m9lmjrfc8kingsvmhs6xgmknbxha6ygk-r-RGreenplum-0.1.2
rewriting symlink /nix/store/m9lmjrfc8kingsvmhs6xgmknbxha6ygk-r-RGreenplum-0.1.2/nix-support/propagated-user-env-packages to be relative to /nix/store/m9lmjrfc8kingsvmhs6xgmknbxha6ygk-r-RGreenplum-0.1.2
