these 2 derivations will be built:
  /nix/store/q243wnl9x9bcv0fkm4ny0m1pw5cd79lm-psychomix_1.1-9.tar.gz.drv
  /nix/store/cc2x0j2wd4h1cw6xmis192c6qw0jv4f0-r-psychomix-1.1-9.drv
building '/nix/store/q243wnl9x9bcv0fkm4ny0m1pw5cd79lm-psychomix_1.1-9.tar.gz.drv'...

trying https://cran.r-project.org/src/contrib/psychomix_1.1-9.tar.gz
  % Total    % Received % Xferd  Average Speed   Time    Time     Time  Current
                                 Dload  Upload   Total   Spent    Left  Speed
100  610k  100  610k    0     0  2478k      0 --:--:-- --:--:-- --:--:-- 2483k
building '/nix/store/cc2x0j2wd4h1cw6xmis192c6qw0jv4f0-r-psychomix-1.1-9.drv'...
Running phase: unpackPhase
unpacking source archive /nix/store/wz63cc93v2n8xa42s5bcxs0p8vwyyq4m-psychomix_1.1-9.tar.gz
source root is psychomix
setting SOURCE_DATE_EPOCH to timestamp 1725961202 of file psychomix/MD5
Running phase: patchPhase
Running phase: updateAutotoolsGnuConfigScriptsPhase
Running phase: configurePhase
Running phase: buildPhase
Running phase: checkPhase
Running phase: installPhase
* installing *source* package ‘psychomix’ ...
** package ‘psychomix’ correctement décompressé et sommes MD5 vérifiées
** using staged installation
** R
** inst
** byte-compile and prepare package for lazy loading
** help
*** installing help indices
** building package indices
** installing vignettes
** testing if installed package can be loaded from temporary location
** testing if installed package can be loaded from final location
** testing if installed package keeps a record of temporary installation path
* DONE (psychomix)
Running phase: fixupPhase
checking for references to /private/tmp/nix-build-r-psychomix-1.1-9.drv-0/ in /nix/store/4klzl747ilc2jpy8j0xx4sg11dz2ww8z-r-psychomix-1.1-9...
patching script interpreter paths in /nix/store/4klzl747ilc2jpy8j0xx4sg11dz2ww8z-r-psychomix-1.1-9
rewriting symlink /nix/store/4klzl747ilc2jpy8j0xx4sg11dz2ww8z-r-psychomix-1.1-9/nix-support/propagated-user-env-packages to be relative to /nix/store/4klzl747ilc2jpy8j0xx4sg11dz2ww8z-r-psychomix-1.1-9
