this derivation will be built:
  /nix/store/y62rngrr7rwyy4is08j9z8c2ll28jkq9-r-plgraphics-1.2.drv
this path will be fetched (1.92 MiB download, 1.92 MiB unpacked):
  /nix/store/wjf8bf4j0i3sx8nyc95kkyr44s29042j-plgraphics_1.2.tar.gz
copying path '/nix/store/wjf8bf4j0i3sx8nyc95kkyr44s29042j-plgraphics_1.2.tar.gz' from 'https://cache.nixos.org'...
building '/nix/store/y62rngrr7rwyy4is08j9z8c2ll28jkq9-r-plgraphics-1.2.drv'...
Running phase: unpackPhase
unpacking source archive /nix/store/wjf8bf4j0i3sx8nyc95kkyr44s29042j-plgraphics_1.2.tar.gz
source root is plgraphics
setting SOURCE_DATE_EPOCH to timestamp 1695994958 of file plgraphics/MD5
Running phase: patchPhase
Running phase: updateAutotoolsGnuConfigScriptsPhase
Running phase: configurePhase
Running phase: buildPhase
Running phase: checkPhase
Running phase: installPhase
* installing *source* package ‘plgraphics’ ...
** package ‘plgraphics’ correctement décompressé et sommes MD5 vérifiées
** using staged installation
** R
** data
** inst
** byte-compile and prepare package for lazy loading
** help
*** installing help indices
** building package indices
** installing vignettes
** testing if installed package can be loaded from temporary location
** testing if installed package can be loaded from final location
** testing if installed package keeps a record of temporary installation path
* DONE (plgraphics)
Running phase: fixupPhase
checking for references to /private/tmp/nix-build-r-plgraphics-1.2.drv-0/ in /nix/store/abrpy1f8ngn3yhwmq0l1862vy9js8dwl-r-plgraphics-1.2...
patching script interpreter paths in /nix/store/abrpy1f8ngn3yhwmq0l1862vy9js8dwl-r-plgraphics-1.2
rewriting symlink /nix/store/abrpy1f8ngn3yhwmq0l1862vy9js8dwl-r-plgraphics-1.2/nix-support/propagated-user-env-packages to be relative to /nix/store/abrpy1f8ngn3yhwmq0l1862vy9js8dwl-r-plgraphics-1.2
