this derivation will be built:
  /nix/store/193ikkz0hd4x06yckair3canna7gcik2-r-hotspot-1.0.drv
this path will be fetched (0.08 MiB download, 0.08 MiB unpacked):
  /nix/store/jdnyg0d2qggpzqnwhr8dfc8nybwisswv-hotspot_1.0.tar.gz
copying path '/nix/store/jdnyg0d2qggpzqnwhr8dfc8nybwisswv-hotspot_1.0.tar.gz' from 'https://cache.nixos.org'...
building '/nix/store/193ikkz0hd4x06yckair3canna7gcik2-r-hotspot-1.0.drv'...
Running phase: unpackPhase
unpacking source archive /nix/store/jdnyg0d2qggpzqnwhr8dfc8nybwisswv-hotspot_1.0.tar.gz
source root is hotspot
setting SOURCE_DATE_EPOCH to timestamp 1445617571 of file hotspot/MD5
Running phase: patchPhase
Running phase: updateAutotoolsGnuConfigScriptsPhase
Running phase: configurePhase
Running phase: buildPhase
Running phase: checkPhase
Running phase: installPhase
* installing *source* package ‘hotspot’ ...
** package ‘hotspot’ correctement décompressé et sommes MD5 vérifiées
** using staged installation
** R
** data
** byte-compile and prepare package for lazy loading
** help
*** installing help indices
** building package indices
** testing if installed package can be loaded from temporary location
** testing if installed package can be loaded from final location
** testing if installed package keeps a record of temporary installation path
* DONE (hotspot)
Running phase: fixupPhase
checking for references to /private/tmp/nix-build-r-hotspot-1.0.drv-0/ in /nix/store/6j0d28w1jj174x7ks026x0ymp1drqpls-r-hotspot-1.0...
patching script interpreter paths in /nix/store/6j0d28w1jj174x7ks026x0ymp1drqpls-r-hotspot-1.0
