this derivation will be built:
  /nix/store/mlih8f9k1ccapyj8rss6hanxa6835jll-r-aws.polly-0.1.5.drv
building '/nix/store/mlih8f9k1ccapyj8rss6hanxa6835jll-r-aws.polly-0.1.5.drv'...
Running phase: unpackPhase
unpacking source archive /nix/store/rx0b7nfcm8lxzdg6dld625xsxf1fqr4n-aws.polly_0.1.5.tar.gz
source root is aws.polly
setting SOURCE_DATE_EPOCH to timestamp 1583930405 of file aws.polly/MD5
Running phase: patchPhase
Running phase: updateAutotoolsGnuConfigScriptsPhase
Running phase: configurePhase
Running phase: buildPhase
Running phase: checkPhase
Running phase: installPhase
* installing *source* package ‘aws.polly’ ...
** package ‘aws.polly’ correctement décompressé et sommes MD5 vérifiées
** using staged installation
** R
** inst
** byte-compile and prepare package for lazy loading
** help
*** installing help indices
** building package indices
** testing if installed package can be loaded from temporary location
** testing if installed package can be loaded from final location
** testing if installed package keeps a record of temporary installation path
* DONE (aws.polly)
Running phase: fixupPhase
checking for references to /private/tmp/nix-build-r-aws.polly-0.1.5.drv-0/ in /nix/store/q06z8igi3j6a8cqfmn5gyahk6vpxhpiz-r-aws.polly-0.1.5...
patching script interpreter paths in /nix/store/q06z8igi3j6a8cqfmn5gyahk6vpxhpiz-r-aws.polly-0.1.5
rewriting symlink /nix/store/q06z8igi3j6a8cqfmn5gyahk6vpxhpiz-r-aws.polly-0.1.5/nix-support/propagated-user-env-packages to be relative to /nix/store/q06z8igi3j6a8cqfmn5gyahk6vpxhpiz-r-aws.polly-0.1.5
