this derivation will be built:
  /nix/store/ddp72q477cv2iqsmx8wkvrl9qdn1012x-r-rhcoclust-2.0.0.drv
this path will be fetched (0.16 MiB download, 0.16 MiB unpacked):
  /nix/store/qcawr34wqw4a52jjj8fajnalmzladdgn-rhcoclust_2.0.0.tar.gz
copying path '/nix/store/qcawr34wqw4a52jjj8fajnalmzladdgn-rhcoclust_2.0.0.tar.gz' from 'https://cache.nixos.org'...
building '/nix/store/ddp72q477cv2iqsmx8wkvrl9qdn1012x-r-rhcoclust-2.0.0.drv'...
Running phase: unpackPhase
unpacking source archive /nix/store/qcawr34wqw4a52jjj8fajnalmzladdgn-rhcoclust_2.0.0.tar.gz
source root is rhcoclust
setting SOURCE_DATE_EPOCH to timestamp 1674963602 of file rhcoclust/MD5
Running phase: patchPhase
Running phase: updateAutotoolsGnuConfigScriptsPhase
Running phase: configurePhase
Running phase: buildPhase
Running phase: checkPhase
Running phase: installPhase
* installing *source* package ‘rhcoclust’ ...
** package ‘rhcoclust’ correctement décompressé et sommes MD5 vérifiées
** using staged installation
** R
** data
*** moving datasets to lazyload DB
** byte-compile and prepare package for lazy loading
** help
*** installing help indices
** building package indices
** testing if installed package can be loaded from temporary location
** testing if installed package can be loaded from final location
** testing if installed package keeps a record of temporary installation path
* DONE (rhcoclust)
Running phase: fixupPhase
checking for references to /private/tmp/nix-build-r-rhcoclust-2.0.0.drv-0/ in /nix/store/hy7r3rmbby8ifqykidbyv763gl4fr6fw-r-rhcoclust-2.0.0...
patching script interpreter paths in /nix/store/hy7r3rmbby8ifqykidbyv763gl4fr6fw-r-rhcoclust-2.0.0
rewriting symlink /nix/store/hy7r3rmbby8ifqykidbyv763gl4fr6fw-r-rhcoclust-2.0.0/nix-support/propagated-user-env-packages to be relative to /nix/store/hy7r3rmbby8ifqykidbyv763gl4fr6fw-r-rhcoclust-2.0.0
