this derivation will be built:
  /nix/store/5r013ga9vyfhh9abk8brxmmh42355rp5-r-satres-1.1.1.drv
this path will be fetched (1.72 MiB download, 1.72 MiB unpacked):
  /nix/store/a23ls9afhl50bgxrg0w6b3br2h6jbbnr-satres_1.1.1.tar.gz
copying path '/nix/store/a23ls9afhl50bgxrg0w6b3br2h6jbbnr-satres_1.1.1.tar.gz' from 'https://cache.nixos.org'...
building '/nix/store/5r013ga9vyfhh9abk8brxmmh42355rp5-r-satres-1.1.1.drv'...
Running phase: unpackPhase
unpacking source archive /nix/store/a23ls9afhl50bgxrg0w6b3br2h6jbbnr-satres_1.1.1.tar.gz
source root is satres
setting SOURCE_DATE_EPOCH to timestamp 1704762002 of file satres/MD5
Running phase: patchPhase
Running phase: updateAutotoolsGnuConfigScriptsPhase
Running phase: configurePhase
Running phase: buildPhase
Running phase: checkPhase
Running phase: installPhase
* installing *source* package ‘satres’ ...
** package ‘satres’ correctement décompressé et sommes MD5 vérifiées
** using staged installation
** R
** data
*** moving datasets to lazyload DB
** inst
** byte-compile and prepare package for lazy loading
** help
*** installing help indices
*** copying figures
** building package indices
** installing vignettes
** testing if installed package can be loaded from temporary location
** testing if installed package can be loaded from final location
** testing if installed package keeps a record of temporary installation path
* DONE (satres)
Running phase: fixupPhase
checking for references to /private/tmp/nix-build-r-satres-1.1.1.drv-0/ in /nix/store/znwmw840qvaaing3bd4xiqidrcrsf8nc-r-satres-1.1.1...
patching script interpreter paths in /nix/store/znwmw840qvaaing3bd4xiqidrcrsf8nc-r-satres-1.1.1
rewriting symlink /nix/store/znwmw840qvaaing3bd4xiqidrcrsf8nc-r-satres-1.1.1/nix-support/propagated-user-env-packages to be relative to /nix/store/znwmw840qvaaing3bd4xiqidrcrsf8nc-r-satres-1.1.1
