these 2 derivations will be built:
  /nix/store/mpzqy56m91kcgf7a1hs5vx8mnzysf7ym-rbmi_1.3.0.tar.gz.drv
  /nix/store/fw4n91np76fibxx1gmw205xps2iccbvh-r-rbmi-1.3.0.drv
building '/nix/store/mpzqy56m91kcgf7a1hs5vx8mnzysf7ym-rbmi_1.3.0.tar.gz.drv'...

trying https://cran.r-project.org/src/contrib/rbmi_1.3.0.tar.gz
  % Total    % Received % Xferd  Average Speed   Time    Time     Time  Current
                                 Dload  Upload   Total   Spent    Left  Speed
100  364k  100  364k    0     0  1712k      0 --:--:-- --:--:-- --:--:-- 1709k
building '/nix/store/fw4n91np76fibxx1gmw205xps2iccbvh-r-rbmi-1.3.0.drv'...
Running phase: unpackPhase
unpacking source archive /nix/store/6a23dxd44haji3vawi87yk1ynxj5gi4d-rbmi_1.3.0.tar.gz
source root is rbmi
setting SOURCE_DATE_EPOCH to timestamp 1729091405 of file rbmi/MD5
Running phase: patchPhase
Running phase: updateAutotoolsGnuConfigScriptsPhase
Running phase: configurePhase
Running phase: buildPhase
Running phase: checkPhase
Running phase: installPhase
* installing *source* package ‘rbmi’ ...
** package ‘rbmi’ correctement décompressé et sommes MD5 vérifiées
** using staged installation
** R
** data
*** moving datasets to lazyload DB
** inst
** byte-compile and prepare package for lazy loading
** help
*** installing help indices
*** copying figures
** building package indices
** installing vignettes
** testing if installed package can be loaded from temporary location
Avis dans normalizePath("~") :
  path[1]="/homeless-shelter": No such file or directory
** testing if installed package can be loaded from final location
Avis dans normalizePath("~") :
  path[1]="/homeless-shelter": No such file or directory
** testing if installed package keeps a record of temporary installation path
* DONE (rbmi)
Running phase: fixupPhase
checking for references to /private/tmp/nix-build-r-rbmi-1.3.0.drv-0/ in /nix/store/vl2vykyi4c0mv5j5nvlz99r5lml8my19-r-rbmi-1.3.0...
patching script interpreter paths in /nix/store/vl2vykyi4c0mv5j5nvlz99r5lml8my19-r-rbmi-1.3.0
rewriting symlink /nix/store/vl2vykyi4c0mv5j5nvlz99r5lml8my19-r-rbmi-1.3.0/nix-support/propagated-user-env-packages to be relative to /nix/store/vl2vykyi4c0mv5j5nvlz99r5lml8my19-r-rbmi-1.3.0
