this derivation will be built:
  /nix/store/0w11dqpahnhgk3llq67ky1723d3zwrld-r-SBdecomp-1.2.drv
this path will be fetched (0.03 MiB download, 0.03 MiB unpacked):
  /nix/store/5n3wx15qxzxf8gb481pjhff2y3yfssj2-SBdecomp_1.2.tar.gz
copying path '/nix/store/5n3wx15qxzxf8gb481pjhff2y3yfssj2-SBdecomp_1.2.tar.gz' from 'https://cache.nixos.org'...
building '/nix/store/0w11dqpahnhgk3llq67ky1723d3zwrld-r-SBdecomp-1.2.drv'...
Running phase: unpackPhase
unpacking source archive /nix/store/5n3wx15qxzxf8gb481pjhff2y3yfssj2-SBdecomp_1.2.tar.gz
source root is SBdecomp
setting SOURCE_DATE_EPOCH to timestamp 1636967405 of file SBdecomp/MD5
Running phase: patchPhase
Running phase: updateAutotoolsGnuConfigScriptsPhase
Running phase: configurePhase
Running phase: buildPhase
Running phase: checkPhase
Running phase: installPhase
* installing *source* package ‘SBdecomp’ ...
** package ‘SBdecomp’ correctement décompressé et sommes MD5 vérifiées
** using staged installation
** R
** data
** byte-compile and prepare package for lazy loading
** help
*** installing help indices
** building package indices
** testing if installed package can be loaded from temporary location
** testing if installed package can be loaded from final location
** testing if installed package keeps a record of temporary installation path
* DONE (SBdecomp)
Running phase: fixupPhase
checking for references to /private/tmp/nix-build-r-SBdecomp-1.2.drv-0/ in /nix/store/gaciab3kxfi8ngg898dy4mhplml70ymm-r-SBdecomp-1.2...
patching script interpreter paths in /nix/store/gaciab3kxfi8ngg898dy4mhplml70ymm-r-SBdecomp-1.2
rewriting symlink /nix/store/gaciab3kxfi8ngg898dy4mhplml70ymm-r-SBdecomp-1.2/nix-support/propagated-user-env-packages to be relative to /nix/store/gaciab3kxfi8ngg898dy4mhplml70ymm-r-SBdecomp-1.2
