this derivation will be built:
  /nix/store/6myrffhn40bdnhywvic5jp0xm8ygzb12-r-ghapps-1.1.1.drv
building '/nix/store/6myrffhn40bdnhywvic5jp0xm8ygzb12-r-ghapps-1.1.1.drv'...
Running phase: unpackPhase
unpacking source archive /nix/store/mh6ddlljpfd4yipf6f4xb4my94xx7wbq-ghapps_1.1.1.tar.gz
source root is ghapps
setting SOURCE_DATE_EPOCH to timestamp 1728033008 of file ghapps/MD5
Running phase: patchPhase
Running phase: updateAutotoolsGnuConfigScriptsPhase
Running phase: configurePhase
Running phase: buildPhase
Running phase: checkPhase
Running phase: installPhase
* installing *source* package ‘ghapps’ ...
** package ‘ghapps’ correctement décompressé et sommes MD5 vérifiées
** using staged installation
** R
** inst
** byte-compile and prepare package for lazy loading
** help
*** installing help indices
** building package indices
** testing if installed package can be loaded from temporary location
** testing if installed package can be loaded from final location
** testing if installed package keeps a record of temporary installation path
* DONE (ghapps)
Running phase: fixupPhase
checking for references to /private/tmp/nix-build-r-ghapps-1.1.1.drv-0/ in /nix/store/rkd708chrjps84asy9hnl55ay0dw9ai4-r-ghapps-1.1.1...
patching script interpreter paths in /nix/store/rkd708chrjps84asy9hnl55ay0dw9ai4-r-ghapps-1.1.1
rewriting symlink /nix/store/rkd708chrjps84asy9hnl55ay0dw9ai4-r-ghapps-1.1.1/nix-support/propagated-user-env-packages to be relative to /nix/store/rkd708chrjps84asy9hnl55ay0dw9ai4-r-ghapps-1.1.1
