these 2 derivations will be built:
  /nix/store/5h1kk8mndnn12pzaw6c3wz41cf14wck7-priorCON_0.1.2.tar.gz.drv
  /nix/store/bjgny3vqmys56hrf10bz0mm30fb0w1mf-r-priorCON-0.1.2.drv
building '/nix/store/5h1kk8mndnn12pzaw6c3wz41cf14wck7-priorCON_0.1.2.tar.gz.drv'...

trying https://cran.r-project.org/src/contrib/priorCON_0.1.2.tar.gz
  % Total    % Received % Xferd  Average Speed   Time    Time     Time  Current
                                 Dload  Upload   Total   Spent    Left  Speed
100 1854k  100 1854k    0     0  4019k      0 --:--:-- --:--:-- --:--:-- 4023k
building '/nix/store/bjgny3vqmys56hrf10bz0mm30fb0w1mf-r-priorCON-0.1.2.drv'...
Running phase: unpackPhase
unpacking source archive /nix/store/0p6gfl925inrdjqqcp8z409rm2mfm9ia-priorCON_0.1.2.tar.gz
source root is priorCON
setting SOURCE_DATE_EPOCH to timestamp 1730912402 of file priorCON/MD5
Running phase: patchPhase
Running phase: updateAutotoolsGnuConfigScriptsPhase
Running phase: configurePhase
Running phase: buildPhase
Running phase: checkPhase
Running phase: installPhase
* installing *source* package ‘priorCON’ ...
** package ‘priorCON’ correctement décompressé et sommes MD5 vérifiées
** using staged installation
** R
** inst
** byte-compile and prepare package for lazy loading
** help
*** installing help indices
*** copying figures
** building package indices
** installing vignettes
** testing if installed package can be loaded from temporary location
** testing if installed package can be loaded from final location
** testing if installed package keeps a record of temporary installation path
* DONE (priorCON)
Running phase: fixupPhase
checking for references to /private/tmp/nix-build-r-priorCON-0.1.2.drv-0/ in /nix/store/r3rf7iwp4k8hfhncvmnmmn310h5fhiv8-r-priorCON-0.1.2...
patching script interpreter paths in /nix/store/r3rf7iwp4k8hfhncvmnmmn310h5fhiv8-r-priorCON-0.1.2
rewriting symlink /nix/store/r3rf7iwp4k8hfhncvmnmmn310h5fhiv8-r-priorCON-0.1.2/nix-support/propagated-user-env-packages to be relative to /nix/store/r3rf7iwp4k8hfhncvmnmmn310h5fhiv8-r-priorCON-0.1.2
