this derivation will be built:
  /nix/store/7mckwwlgfmw3vm8byrm8i2zxln5w3kvd-r-hscovar-0.4.2.drv
this path will be fetched (0.17 MiB download, 0.17 MiB unpacked):
  /nix/store/i602wqiryss34ircx0mj46q8dgjhfxhk-hscovar_0.4.2.tar.gz
copying path '/nix/store/i602wqiryss34ircx0mj46q8dgjhfxhk-hscovar_0.4.2.tar.gz' from 'https://cache.nixos.org'...
building '/nix/store/7mckwwlgfmw3vm8byrm8i2zxln5w3kvd-r-hscovar-0.4.2.drv'...
Running phase: unpackPhase
unpacking source archive /nix/store/i602wqiryss34ircx0mj46q8dgjhfxhk-hscovar_0.4.2.tar.gz
source root is hscovar
setting SOURCE_DATE_EPOCH to timestamp 1618298406 of file hscovar/MD5
Running phase: patchPhase
Running phase: updateAutotoolsGnuConfigScriptsPhase
Running phase: configurePhase
Running phase: buildPhase
Running phase: checkPhase
Running phase: installPhase
* installing *source* package ‘hscovar’ ...
** package ‘hscovar’ correctement décompressé et sommes MD5 vérifiées
** using staged installation
** R
** data
*** moving datasets to lazyload DB
** byte-compile and prepare package for lazy loading
** help
*** installing help indices
** building package indices
** testing if installed package can be loaded from temporary location
** testing if installed package can be loaded from final location
** testing if installed package keeps a record of temporary installation path
* DONE (hscovar)
Running phase: fixupPhase
checking for references to /private/tmp/nix-build-r-hscovar-0.4.2.drv-0/ in /nix/store/whbxwmdfawdlz8y5f24sxahh3kgbmka3-r-hscovar-0.4.2...
patching script interpreter paths in /nix/store/whbxwmdfawdlz8y5f24sxahh3kgbmka3-r-hscovar-0.4.2
rewriting symlink /nix/store/whbxwmdfawdlz8y5f24sxahh3kgbmka3-r-hscovar-0.4.2/nix-support/propagated-user-env-packages to be relative to /nix/store/whbxwmdfawdlz8y5f24sxahh3kgbmka3-r-hscovar-0.4.2
