these 2 derivations will be built:
  /nix/store/73riarhvq961fvkksv1vydqypr1y31b8-powertools_0.1.2.tar.gz.drv
  /nix/store/98yw5hh5x6zsnilchw8l5g04h4q0xh8b-r-powertools-0.1.2.drv
building '/nix/store/73riarhvq961fvkksv1vydqypr1y31b8-powertools_0.1.2.tar.gz.drv'...

trying https://cran.r-project.org/src/contrib/powertools_0.1.2.tar.gz
  % Total    % Received % Xferd  Average Speed   Time    Time     Time  Current
                                 Dload  Upload   Total   Spent    Left  Speed
100 62915  100 62915    0     0   415k      0 --:--:-- --:--:-- --:--:--  415k
building '/nix/store/98yw5hh5x6zsnilchw8l5g04h4q0xh8b-r-powertools-0.1.2.drv'...
Running phase: unpackPhase
unpacking source archive /nix/store/paq6vn45c9sryc6iam8rjbsvkizhslql-powertools_0.1.2.tar.gz
source root is powertools
setting SOURCE_DATE_EPOCH to timestamp 1732176602 of file powertools/MD5
Running phase: patchPhase
Running phase: updateAutotoolsGnuConfigScriptsPhase
Running phase: configurePhase
Running phase: buildPhase
Running phase: checkPhase
Running phase: installPhase
* installing *source* package ‘powertools’ ...
** package ‘powertools’ correctement décompressé et sommes MD5 vérifiées
** using staged installation
** R
** byte-compile and prepare package for lazy loading
** help
*** installing help indices
** building package indices
** testing if installed package can be loaded from temporary location
** testing if installed package can be loaded from final location
** testing if installed package keeps a record of temporary installation path
* DONE (powertools)
Running phase: fixupPhase
checking for references to /private/tmp/nix-build-r-powertools-0.1.2.drv-0/ in /nix/store/vkgg833hf4apys8j74vm5gqxnlv0fnmq-r-powertools-0.1.2...
patching script interpreter paths in /nix/store/vkgg833hf4apys8j74vm5gqxnlv0fnmq-r-powertools-0.1.2
rewriting symlink /nix/store/vkgg833hf4apys8j74vm5gqxnlv0fnmq-r-powertools-0.1.2/nix-support/propagated-user-env-packages to be relative to /nix/store/vkgg833hf4apys8j74vm5gqxnlv0fnmq-r-powertools-0.1.2
