this derivation will be built:
  /nix/store/1diids2zcsj519i6askfa323qq8s5ypn-r-nima-0.6.2.drv
this path will be fetched (0.02 MiB download, 0.02 MiB unpacked):
  /nix/store/k67p6sqkyyf9jw898yz76r3c3n08kgqi-nima_0.6.2.tar.gz
copying path '/nix/store/k67p6sqkyyf9jw898yz76r3c3n08kgqi-nima_0.6.2.tar.gz' from 'https://cache.nixos.org'...
building '/nix/store/1diids2zcsj519i6askfa323qq8s5ypn-r-nima-0.6.2.drv'...
Running phase: unpackPhase
unpacking source archive /nix/store/k67p6sqkyyf9jw898yz76r3c3n08kgqi-nima_0.6.2.tar.gz
source root is nima
setting SOURCE_DATE_EPOCH to timestamp 1583475003 of file nima/MD5
Running phase: patchPhase
Running phase: updateAutotoolsGnuConfigScriptsPhase
Running phase: configurePhase
Running phase: buildPhase
Running phase: checkPhase
Running phase: installPhase
* installing *source* package ‘nima’ ...
** package ‘nima’ correctement décompressé et sommes MD5 vérifiées
** using staged installation
** R
** byte-compile and prepare package for lazy loading
** help
*** installing help indices
** building package indices
** testing if installed package can be loaded from temporary location
** testing if installed package can be loaded from final location
** testing if installed package keeps a record of temporary installation path
* DONE (nima)
Running phase: fixupPhase
checking for references to /private/tmp/nix-build-r-nima-0.6.2.drv-0/ in /nix/store/6j9jr7yczcvs63w7hldp24zj9ph54djm-r-nima-0.6.2...
patching script interpreter paths in /nix/store/6j9jr7yczcvs63w7hldp24zj9ph54djm-r-nima-0.6.2
rewriting symlink /nix/store/6j9jr7yczcvs63w7hldp24zj9ph54djm-r-nima-0.6.2/nix-support/propagated-user-env-packages to be relative to /nix/store/6j9jr7yczcvs63w7hldp24zj9ph54djm-r-nima-0.6.2
