this derivation will be built:
  /nix/store/6mvqpx6r56zlnkk8ccjv9q7k7qzv25hn-r-smidm-1.0.drv
this path will be fetched (0.16 MiB download, 0.16 MiB unpacked):
  /nix/store/fxc70fp1c1zwyxzyngf8fa3gfnakp11v-smidm_1.0.tar.gz
copying path '/nix/store/fxc70fp1c1zwyxzyngf8fa3gfnakp11v-smidm_1.0.tar.gz' from 'https://cache.nixos.org'...
building '/nix/store/6mvqpx6r56zlnkk8ccjv9q7k7qzv25hn-r-smidm-1.0.drv'...
Running phase: unpackPhase
unpacking source archive /nix/store/fxc70fp1c1zwyxzyngf8fa3gfnakp11v-smidm_1.0.tar.gz
source root is smidm
setting SOURCE_DATE_EPOCH to timestamp 1661589602 of file smidm/MD5
Running phase: patchPhase
Running phase: updateAutotoolsGnuConfigScriptsPhase
Running phase: configurePhase
Running phase: buildPhase
Running phase: checkPhase
Running phase: installPhase
* installing *source* package ‘smidm’ ...
** package ‘smidm’ correctement décompressé et sommes MD5 vérifiées
** using staged installation
** R
** inst
** byte-compile and prepare package for lazy loading
** help
*** installing help indices
** building package indices
** installing vignettes
** testing if installed package can be loaded from temporary location
** testing if installed package can be loaded from final location
** testing if installed package keeps a record of temporary installation path
* DONE (smidm)
Running phase: fixupPhase
checking for references to /private/tmp/nix-build-r-smidm-1.0.drv-0/ in /nix/store/fq8k97qgf7vcysd6gxqshxkm1fgjh5a9-r-smidm-1.0...
patching script interpreter paths in /nix/store/fq8k97qgf7vcysd6gxqshxkm1fgjh5a9-r-smidm-1.0
rewriting symlink /nix/store/fq8k97qgf7vcysd6gxqshxkm1fgjh5a9-r-smidm-1.0/nix-support/propagated-user-env-packages to be relative to /nix/store/fq8k97qgf7vcysd6gxqshxkm1fgjh5a9-r-smidm-1.0
