these 2 derivations will be built:
  /nix/store/7fy28xag8dyv8nqs3zzghqrlsmvvc0fj-inferr_0.3.2.tar.gz.drv
  /nix/store/w2w4kp7w31msi2lgfiii8vc633hq0l2g-r-inferr-0.3.2.drv
building '/nix/store/7fy28xag8dyv8nqs3zzghqrlsmvvc0fj-inferr_0.3.2.tar.gz.drv'...

trying https://cran.r-project.org/src/contrib/inferr_0.3.2.tar.gz
  % Total    % Received % Xferd  Average Speed   Time    Time     Time  Current
                                 Dload  Upload   Total   Spent    Left  Speed
100 79481  100 79481    0     0   553k      0 --:--:-- --:--:-- --:--:--  554k
building '/nix/store/w2w4kp7w31msi2lgfiii8vc633hq0l2g-r-inferr-0.3.2.drv'...
Running phase: unpackPhase
unpacking source archive /nix/store/hk4l43jcyjnpsmv7dbqpjcd0l1r6ahzc-inferr_0.3.2.tar.gz
source root is inferr
setting SOURCE_DATE_EPOCH to timestamp 1731327006 of file inferr/MD5
Running phase: patchPhase
Running phase: updateAutotoolsGnuConfigScriptsPhase
Running phase: configurePhase
Running phase: buildPhase
Running phase: checkPhase
Running phase: installPhase
* installing *source* package ‘inferr’ ...
** package ‘inferr’ correctement décompressé et sommes MD5 vérifiées
** using staged installation
** libs
using C compiler: ‘clang version 16.0.6’
using C++ compiler: ‘clang version 16.0.6’
using SDK: ‘’
/nix/store/v39c0h6xv6hvki2k1bsyp5n090q8y2bp-clang-wrapper-16.0.6/bin/c++ -std=gnu++17 -I"/nix/store/lir8rmsk7dxbj7v1spqmv69z4mafg16l-R-4.4.2/lib/R/include" -DNDEBUG  -I'/nix/store/da7yi2xf3argx9hlnn3f0k95b8y1yx2l-r-Rcpp-1.0.13-1/library/Rcpp/include' -isystem /nix/store/0mmz5i705116bfykc7i1r9jxqwyghj2a-libcxx-16.0.6-dev/include/c++/v1    -fPIC  -g -O2   -c RcppExports.cpp -o RcppExports.o
/nix/store/v39c0h6xv6hvki2k1bsyp5n090q8y2bp-clang-wrapper-16.0.6/bin/cc -I"/nix/store/lir8rmsk7dxbj7v1spqmv69z4mafg16l-R-4.4.2/lib/R/include" -DNDEBUG  -I'/nix/store/da7yi2xf3argx9hlnn3f0k95b8y1yx2l-r-Rcpp-1.0.13-1/library/Rcpp/include' -isystem /nix/store/0mmz5i705116bfykc7i1r9jxqwyghj2a-libcxx-16.0.6-dev/include/c++/v1    -fPIC  -g -O2  -c init.c -o init.o
/nix/store/v39c0h6xv6hvki2k1bsyp5n090q8y2bp-clang-wrapper-16.0.6/bin/c++ -std=gnu++17 -I"/nix/store/lir8rmsk7dxbj7v1spqmv69z4mafg16l-R-4.4.2/lib/R/include" -DNDEBUG  -I'/nix/store/da7yi2xf3argx9hlnn3f0k95b8y1yx2l-r-Rcpp-1.0.13-1/library/Rcpp/include' -isystem /nix/store/0mmz5i705116bfykc7i1r9jxqwyghj2a-libcxx-16.0.6-dev/include/c++/v1    -fPIC  -g -O2   -c nsign.cpp -o nsign.o
/nix/store/v39c0h6xv6hvki2k1bsyp5n090q8y2bp-clang-wrapper-16.0.6/bin/c++ -std=gnu++17 -I"/nix/store/lir8rmsk7dxbj7v1spqmv69z4mafg16l-R-4.4.2/lib/R/include" -DNDEBUG  -I'/nix/store/da7yi2xf3argx9hlnn3f0k95b8y1yx2l-r-Rcpp-1.0.13-1/library/Rcpp/include' -isystem /nix/store/0mmz5i705116bfykc7i1r9jxqwyghj2a-libcxx-16.0.6-dev/include/c++/v1    -fPIC  -g -O2   -c tvar.cpp -o tvar.o
/nix/store/v39c0h6xv6hvki2k1bsyp5n090q8y2bp-clang-wrapper-16.0.6/bin/c++ -std=gnu++17 -dynamiclib -Wl,-headerpad_max_install_names -undefined dynamic_lookup -L/nix/store/lir8rmsk7dxbj7v1spqmv69z4mafg16l-R-4.4.2/lib/R/lib -L/nix/store/88xkgzh5g9xppsg3hdxxxh9q43rnxk6k-libcxx-16.0.6/lib -o inferr.so RcppExports.o init.o nsign.o tvar.o -L/nix/store/lir8rmsk7dxbj7v1spqmv69z4mafg16l-R-4.4.2/lib/R/lib -lR -lintl -Wl,-framework -Wl,CoreFoundation
installing to /nix/store/x884mx6439xisnxb64mq4vwn6m4vxl6v-r-inferr-0.3.2/library/00LOCK-inferr/00new/inferr/libs
** R
** data
*** moving datasets to lazyload DB
** inst
** byte-compile and prepare package for lazy loading
Note: nombre incorrect d'arguments pour 'sqrt' 
Note: nombre incorrect d'arguments pour 'sqrt' 
** help
*** installing help indices
** building package indices
** installing vignettes
** testing if installed package can be loaded from temporary location
** checking absolute paths in shared objects and dynamic libraries
** testing if installed package can be loaded from final location
** testing if installed package keeps a record of temporary installation path
* DONE (inferr)
Running phase: fixupPhase
checking for references to /private/tmp/nix-build-r-inferr-0.3.2.drv-0/ in /nix/store/x884mx6439xisnxb64mq4vwn6m4vxl6v-r-inferr-0.3.2...
patching script interpreter paths in /nix/store/x884mx6439xisnxb64mq4vwn6m4vxl6v-r-inferr-0.3.2
rewriting symlink /nix/store/x884mx6439xisnxb64mq4vwn6m4vxl6v-r-inferr-0.3.2/nix-support/propagated-user-env-packages to be relative to /nix/store/x884mx6439xisnxb64mq4vwn6m4vxl6v-r-inferr-0.3.2
