this derivation will be built:
  /nix/store/yx3l64xvxwjzrv4kdf0n3vwjbwwl9hby-r-MultiGroupSequential-1.1.0.drv
this path will be fetched (0.02 MiB download, 0.02 MiB unpacked):
  /nix/store/gina43j9yja02iqsaviinc91bwfr51v5-MultiGroupSequential_1.1.0.tar.gz
copying path '/nix/store/gina43j9yja02iqsaviinc91bwfr51v5-MultiGroupSequential_1.1.0.tar.gz' from 'https://cache.nixos.org'...
building '/nix/store/yx3l64xvxwjzrv4kdf0n3vwjbwwl9hby-r-MultiGroupSequential-1.1.0.drv'...
Running phase: unpackPhase
unpacking source archive /nix/store/gina43j9yja02iqsaviinc91bwfr51v5-MultiGroupSequential_1.1.0.tar.gz
source root is MultiGroupSequential
setting SOURCE_DATE_EPOCH to timestamp 1691592602 of file MultiGroupSequential/MD5
Running phase: patchPhase
Running phase: updateAutotoolsGnuConfigScriptsPhase
Running phase: configurePhase
Running phase: buildPhase
Running phase: checkPhase
Running phase: installPhase
* installing *source* package ‘MultiGroupSequential’ ...
** package ‘MultiGroupSequential’ correctement décompressé et sommes MD5 vérifiées
** using staged installation
** R
** byte-compile and prepare package for lazy loading
** help
*** installing help indices
** building package indices
** testing if installed package can be loaded from temporary location
** testing if installed package can be loaded from final location
** testing if installed package keeps a record of temporary installation path
* DONE (MultiGroupSequential)
Running phase: fixupPhase
checking for references to /private/tmp/nix-build-r-MultiGroupSequential-1.1.0.drv-0/ in /nix/store/gk41d4xgm4ngf3wikd61317bkm7dirr6-r-MultiGroupSequential-1.1.0...
patching script interpreter paths in /nix/store/gk41d4xgm4ngf3wikd61317bkm7dirr6-r-MultiGroupSequential-1.1.0
rewriting symlink /nix/store/gk41d4xgm4ngf3wikd61317bkm7dirr6-r-MultiGroupSequential-1.1.0/nix-support/propagated-user-env-packages to be relative to /nix/store/gk41d4xgm4ngf3wikd61317bkm7dirr6-r-MultiGroupSequential-1.1.0
