these 2 derivations will be built:
  /nix/store/cdw3871gknvxz66jmvdfd61pcjdkw4v7-MAMS_3.0.0.tar.gz.drv
  /nix/store/h0dnws5q104mnc6hgmhv1ny94c601b1g-r-MAMS-3.0.0.drv
building '/nix/store/cdw3871gknvxz66jmvdfd61pcjdkw4v7-MAMS_3.0.0.tar.gz.drv'...

trying https://cran.r-project.org/src/contrib/MAMS_3.0.0.tar.gz
  % Total    % Received % Xferd  Average Speed   Time    Time     Time  Current
                                 Dload  Upload   Total   Spent    Left  Speed
100 76838  100 76838    0     0   526k      0 --:--:-- --:--:-- --:--:--  528k
building '/nix/store/h0dnws5q104mnc6hgmhv1ny94c601b1g-r-MAMS-3.0.0.drv'...
Running phase: unpackPhase
unpacking source archive /nix/store/zmxsv3nq20fksnwjk1x9rqp8g54g10fy-MAMS_3.0.0.tar.gz
source root is MAMS
setting SOURCE_DATE_EPOCH to timestamp 1727735412 of file MAMS/MD5
Running phase: patchPhase
Running phase: updateAutotoolsGnuConfigScriptsPhase
Running phase: configurePhase
Running phase: buildPhase
Running phase: checkPhase
Running phase: installPhase
* installing *source* package ‘MAMS’ ...
** package ‘MAMS’ correctement décompressé et sommes MD5 vérifiées
** using staged installation
** libs
using C compiler: ‘clang version 16.0.6’
using SDK: ‘’
/nix/store/v39c0h6xv6hvki2k1bsyp5n090q8y2bp-clang-wrapper-16.0.6/bin/cc -I"/nix/store/lir8rmsk7dxbj7v1spqmv69z4mafg16l-R-4.4.2/lib/R/include" -DNDEBUG  -I'/nix/store/7xysfxfdnhpr6b97yxdcpkmglin48jy3-r-mvtnorm-1.3-2/library/mvtnorm/include' -isystem /nix/store/0mmz5i705116bfykc7i1r9jxqwyghj2a-libcxx-16.0.6-dev/include/c++/v1    -fPIC  -g -O2  -c init.c -o init.o
/nix/store/v39c0h6xv6hvki2k1bsyp5n090q8y2bp-clang-wrapper-16.0.6/bin/cc -I"/nix/store/lir8rmsk7dxbj7v1spqmv69z4mafg16l-R-4.4.2/lib/R/include" -DNDEBUG  -I'/nix/store/7xysfxfdnhpr6b97yxdcpkmglin48jy3-r-mvtnorm-1.3-2/library/mvtnorm/include' -isystem /nix/store/0mmz5i705116bfykc7i1r9jxqwyghj2a-libcxx-16.0.6-dev/include/c++/v1    -fPIC  -g -O2  -c prodsum123.c -o prodsum123.o
/nix/store/v39c0h6xv6hvki2k1bsyp5n090q8y2bp-clang-wrapper-16.0.6/bin/cc -dynamiclib -Wl,-headerpad_max_install_names -undefined dynamic_lookup -L/nix/store/lir8rmsk7dxbj7v1spqmv69z4mafg16l-R-4.4.2/lib/R/lib -L/nix/store/88xkgzh5g9xppsg3hdxxxh9q43rnxk6k-libcxx-16.0.6/lib -o MAMS.so init.o prodsum123.o -L/nix/store/lir8rmsk7dxbj7v1spqmv69z4mafg16l-R-4.4.2/lib/R/lib -lR -lintl -Wl,-framework -Wl,CoreFoundation
installing to /nix/store/c3387ap207yd4mf2sjh75f63558r43sa-r-MAMS-3.0.0/library/00LOCK-MAMS/00new/MAMS/libs
** R
** inst
** byte-compile and prepare package for lazy loading
** help
*** installing help indices
** building package indices
** testing if installed package can be loaded from temporary location
** checking absolute paths in shared objects and dynamic libraries
** testing if installed package can be loaded from final location
** testing if installed package keeps a record of temporary installation path
* DONE (MAMS)
Running phase: fixupPhase
checking for references to /private/tmp/nix-build-r-MAMS-3.0.0.drv-0/ in /nix/store/c3387ap207yd4mf2sjh75f63558r43sa-r-MAMS-3.0.0...
patching script interpreter paths in /nix/store/c3387ap207yd4mf2sjh75f63558r43sa-r-MAMS-3.0.0
rewriting symlink /nix/store/c3387ap207yd4mf2sjh75f63558r43sa-r-MAMS-3.0.0/nix-support/propagated-user-env-packages to be relative to /nix/store/c3387ap207yd4mf2sjh75f63558r43sa-r-MAMS-3.0.0
