these 2 derivations will be built:
  /nix/store/jcqrj8p35cfh6fxkj9a6vbxrp021v2kz-synthesizer_0.3.1.tar.gz.drv
  /nix/store/4q0amvwqgv7dgmrbm9xby6df105y4k1q-r-synthesizer-0.3.1.drv
building '/nix/store/jcqrj8p35cfh6fxkj9a6vbxrp021v2kz-synthesizer_0.3.1.tar.gz.drv'...

trying https://cran.r-project.org/src/contrib/synthesizer_0.3.1.tar.gz
  % Total    % Received % Xferd  Average Speed   Time    Time     Time  Current
                                 Dload  Upload   Total   Spent    Left  Speed
100 22951  100 22951    0     0   203k      0 --:--:-- --:--:-- --:--:--  203k
building '/nix/store/4q0amvwqgv7dgmrbm9xby6df105y4k1q-r-synthesizer-0.3.1.drv'...
Running phase: unpackPhase
unpacking source archive /nix/store/4j7m576dwibklk41h9fqk7rxqqvwwyrq-synthesizer_0.3.1.tar.gz
source root is synthesizer
setting SOURCE_DATE_EPOCH to timestamp 1728658202 of file synthesizer/MD5
Running phase: patchPhase
Running phase: updateAutotoolsGnuConfigScriptsPhase
Running phase: configurePhase
Running phase: buildPhase
Running phase: checkPhase
Running phase: installPhase
* installing *source* package ‘synthesizer’ ...
** package ‘synthesizer’ correctement décompressé et sommes MD5 vérifiées
** using staged installation
** R
** inst
** byte-compile and prepare package for lazy loading
** help
*** installing help indices
** building package indices
** installing vignettes
** testing if installed package can be loaded from temporary location
** testing if installed package can be loaded from final location
** testing if installed package keeps a record of temporary installation path
* DONE (synthesizer)
Running phase: fixupPhase
checking for references to /private/tmp/nix-build-r-synthesizer-0.3.1.drv-0/ in /nix/store/dm5b0b6vmq0l0kb4y5sxvsz595i75ff8-r-synthesizer-0.3.1...
patching script interpreter paths in /nix/store/dm5b0b6vmq0l0kb4y5sxvsz595i75ff8-r-synthesizer-0.3.1
rewriting symlink /nix/store/dm5b0b6vmq0l0kb4y5sxvsz595i75ff8-r-synthesizer-0.3.1/nix-support/propagated-user-env-packages to be relative to /nix/store/dm5b0b6vmq0l0kb4y5sxvsz595i75ff8-r-synthesizer-0.3.1
