this derivation will be built:
  /nix/store/4mg6z3zr8dz82k75qrp21kx35c9j6lix-r-Modelcharts-0.1.0.drv
this path will be fetched (0.00 MiB download, 0.00 MiB unpacked):
  /nix/store/9hvn585nmz2i7lrqsk0hgc9hgf79cnvr-Modelcharts_0.1.0.tar.gz
copying path '/nix/store/9hvn585nmz2i7lrqsk0hgc9hgf79cnvr-Modelcharts_0.1.0.tar.gz' from 'https://cache.nixos.org'...
building '/nix/store/4mg6z3zr8dz82k75qrp21kx35c9j6lix-r-Modelcharts-0.1.0.drv'...
Running phase: unpackPhase
unpacking source archive /nix/store/9hvn585nmz2i7lrqsk0hgc9hgf79cnvr-Modelcharts_0.1.0.tar.gz
source root is Modelcharts
setting SOURCE_DATE_EPOCH to timestamp 1520939238 of file Modelcharts/MD5
Running phase: patchPhase
Running phase: updateAutotoolsGnuConfigScriptsPhase
Running phase: configurePhase
Running phase: buildPhase
Running phase: checkPhase
Running phase: installPhase
* installing *source* package ‘Modelcharts’ ...
** package ‘Modelcharts’ correctement décompressé et sommes MD5 vérifiées
** using staged installation
** R
** inst
** byte-compile and prepare package for lazy loading
** help
*** installing help indices
** building package indices
** testing if installed package can be loaded from temporary location
** testing if installed package can be loaded from final location
** testing if installed package keeps a record of temporary installation path
* DONE (Modelcharts)
Running phase: fixupPhase
checking for references to /private/tmp/nix-build-r-Modelcharts-0.1.0.drv-0/ in /nix/store/ir3hjqcq2hfyb3lycs8dxk7xly4dib73-r-Modelcharts-0.1.0...
patching script interpreter paths in /nix/store/ir3hjqcq2hfyb3lycs8dxk7xly4dib73-r-Modelcharts-0.1.0
rewriting symlink /nix/store/ir3hjqcq2hfyb3lycs8dxk7xly4dib73-r-Modelcharts-0.1.0/nix-support/propagated-user-env-packages to be relative to /nix/store/ir3hjqcq2hfyb3lycs8dxk7xly4dib73-r-Modelcharts-0.1.0
