this derivation will be built:
  /nix/store/w2h8l5xy0apdpjld437g58z2jmgifabm-r-MSiP-1.3.7.drv
this path will be fetched (0.22 MiB download, 0.22 MiB unpacked):
  /nix/store/2fy86f39c2mrmnwfbyr5x1wdywsznx59-MSiP_1.3.7.tar.gz
copying path '/nix/store/2fy86f39c2mrmnwfbyr5x1wdywsznx59-MSiP_1.3.7.tar.gz' from 'https://cache.nixos.org'...
building '/nix/store/w2h8l5xy0apdpjld437g58z2jmgifabm-r-MSiP-1.3.7.drv'...
Running phase: unpackPhase
unpacking source archive /nix/store/2fy86f39c2mrmnwfbyr5x1wdywsznx59-MSiP_1.3.7.tar.gz
source root is MSiP
setting SOURCE_DATE_EPOCH to timestamp 1623918005 of file MSiP/MD5
Running phase: patchPhase
Running phase: updateAutotoolsGnuConfigScriptsPhase
Running phase: configurePhase
Running phase: buildPhase
Running phase: checkPhase
Running phase: installPhase
* installing *source* package ‘MSiP’ ...
** package ‘MSiP’ correctement décompressé et sommes MD5 vérifiées
** using staged installation
** R
** data
*** moving datasets to lazyload DB
** inst
** byte-compile and prepare package for lazy loading
** help
*** installing help indices
** building package indices
** installing vignettes
** testing if installed package can be loaded from temporary location
** testing if installed package can be loaded from final location
** testing if installed package keeps a record of temporary installation path
* DONE (MSiP)
Running phase: fixupPhase
checking for references to /private/tmp/nix-build-r-MSiP-1.3.7.drv-0/ in /nix/store/7ja6bk289m8qw2igsc8wd1ym0jcqvqgd-r-MSiP-1.3.7...
patching script interpreter paths in /nix/store/7ja6bk289m8qw2igsc8wd1ym0jcqvqgd-r-MSiP-1.3.7
rewriting symlink /nix/store/7ja6bk289m8qw2igsc8wd1ym0jcqvqgd-r-MSiP-1.3.7/nix-support/propagated-user-env-packages to be relative to /nix/store/7ja6bk289m8qw2igsc8wd1ym0jcqvqgd-r-MSiP-1.3.7
