this derivation will be built:
  /nix/store/plcvxsfd1cypvq91c5mw8y0zsrmnygmp-r-ngramr-1.9.3.drv
this path will be fetched (0.29 MiB download, 0.29 MiB unpacked):
  /nix/store/fcq27lwrcqi521xssnk222rsiv8p0g4d-ngramr_1.9.3.tar.gz
copying path '/nix/store/fcq27lwrcqi521xssnk222rsiv8p0g4d-ngramr_1.9.3.tar.gz' from 'https://cache.nixos.org'...
building '/nix/store/plcvxsfd1cypvq91c5mw8y0zsrmnygmp-r-ngramr-1.9.3.drv'...
Running phase: unpackPhase
unpacking source archive /nix/store/fcq27lwrcqi521xssnk222rsiv8p0g4d-ngramr_1.9.3.tar.gz
source root is ngramr
setting SOURCE_DATE_EPOCH to timestamp 1673868602 of file ngramr/MD5
Running phase: patchPhase
Running phase: updateAutotoolsGnuConfigScriptsPhase
Running phase: configurePhase
Running phase: buildPhase
Running phase: checkPhase
Running phase: installPhase
* installing *source* package ‘ngramr’ ...
** package ‘ngramr’ correctement décompressé et sommes MD5 vérifiées
** using staged installation
** R
** byte-compile and prepare package for lazy loading
** help
*** installing help indices
*** copying figures
** building package indices
** testing if installed package can be loaded from temporary location
** testing if installed package can be loaded from final location
** testing if installed package keeps a record of temporary installation path
* DONE (ngramr)
Running phase: fixupPhase
checking for references to /private/tmp/nix-build-r-ngramr-1.9.3.drv-0/ in /nix/store/0g4qkb5jqiylp6vwbr6mb9c5fll5ws3m-r-ngramr-1.9.3...
patching script interpreter paths in /nix/store/0g4qkb5jqiylp6vwbr6mb9c5fll5ws3m-r-ngramr-1.9.3
rewriting symlink /nix/store/0g4qkb5jqiylp6vwbr6mb9c5fll5ws3m-r-ngramr-1.9.3/nix-support/propagated-user-env-packages to be relative to /nix/store/0g4qkb5jqiylp6vwbr6mb9c5fll5ws3m-r-ngramr-1.9.3
