these 2 derivations will be built:
  /nix/store/jwkjqf3pwj6pja7x1kriykflqddkgjg8-mable_4.1.1.tar.gz.drv
  /nix/store/flskydvksfbnkl90x1bwqf2z2073jf39-r-mable-4.1.1.drv
building '/nix/store/jwkjqf3pwj6pja7x1kriykflqddkgjg8-mable_4.1.1.tar.gz.drv'...

trying https://cran.r-project.org/src/contrib/mable_4.1.1.tar.gz
  % Total    % Received % Xferd  Average Speed   Time    Time     Time  Current
                                 Dload  Upload   Total   Spent    Left  Speed
100  838k  100  838k    0     0  2942k      0 --:--:-- --:--:-- --:--:-- 2953k
building '/nix/store/flskydvksfbnkl90x1bwqf2z2073jf39-r-mable-4.1.1.drv'...
Running phase: unpackPhase
unpacking source archive /nix/store/4ypg0ri0gw1f668cr60bamvjlmpsl52h-mable_4.1.1.tar.gz
source root is mable
setting SOURCE_DATE_EPOCH to timestamp 1727772002 of file mable/MD5
Running phase: patchPhase
Running phase: updateAutotoolsGnuConfigScriptsPhase
Running phase: configurePhase
Running phase: buildPhase
Running phase: checkPhase
Running phase: installPhase
* installing *source* package ‘mable’ ...
** package ‘mable’ correctement décompressé et sommes MD5 vérifiées
** using staged installation
** libs
using C compiler: ‘clang version 16.0.6’
using SDK: ‘’
/nix/store/v39c0h6xv6hvki2k1bsyp5n090q8y2bp-clang-wrapper-16.0.6/bin/cc -I"/nix/store/lir8rmsk7dxbj7v1spqmv69z4mafg16l-R-4.4.2/lib/R/include" -DNDEBUG   -isystem /nix/store/0mmz5i705116bfykc7i1r9jxqwyghj2a-libcxx-16.0.6-dev/include/c++/v1    -fPIC  -g -O2  -c mable.c -o mable.o
/nix/store/v39c0h6xv6hvki2k1bsyp5n090q8y2bp-clang-wrapper-16.0.6/bin/cc -I"/nix/store/lir8rmsk7dxbj7v1spqmv69z4mafg16l-R-4.4.2/lib/R/include" -DNDEBUG   -isystem /nix/store/0mmz5i705116bfykc7i1r9jxqwyghj2a-libcxx-16.0.6-dev/include/c++/v1    -fPIC  -g -O2  -c mable_init.c -o mable_init.o
/nix/store/v39c0h6xv6hvki2k1bsyp5n090q8y2bp-clang-wrapper-16.0.6/bin/cc -dynamiclib -Wl,-headerpad_max_install_names -undefined dynamic_lookup -L/nix/store/lir8rmsk7dxbj7v1spqmv69z4mafg16l-R-4.4.2/lib/R/lib -L/nix/store/88xkgzh5g9xppsg3hdxxxh9q43rnxk6k-libcxx-16.0.6/lib -o mable.so mable.o mable_init.o -L/nix/store/lir8rmsk7dxbj7v1spqmv69z4mafg16l-R-4.4.2/lib/R/lib -lR -lintl -Wl,-framework -Wl,CoreFoundation
installing to /nix/store/dq68rxnxlzcii3dzqhds2yl0rzarw30z-r-mable-4.1.1/library/00LOCK-mable/00new/mable/libs
** R
** data
*** moving datasets to lazyload DB
** inst
** byte-compile and prepare package for lazy loading
sh: line 1: 84969 Trace/BPT trap: 5       R_TESTS= '/nix/store/lir8rmsk7dxbj7v1spqmv69z4mafg16l-R-4.4.2/lib/R/bin/R' --no-save --no-restore --no-echo 2>&1 < '/private/tmp/nix-build-r-mable-4.1.1.drv-0/RtmpH7cM8g/file14b8e53195eca'
ERROR: lazy loading failed for package ‘mable’
* removing ‘/nix/store/dq68rxnxlzcii3dzqhds2yl0rzarw30z-r-mable-4.1.1/library/mable’
error: builder for '/nix/store/flskydvksfbnkl90x1bwqf2z2073jf39-r-mable-4.1.1.drv' failed with exit code 1;
       last 25 log lines:
       > setting SOURCE_DATE_EPOCH to timestamp 1727772002 of file mable/MD5
       > Running phase: patchPhase
       > Running phase: updateAutotoolsGnuConfigScriptsPhase
       > Running phase: configurePhase
       > Running phase: buildPhase
       > Running phase: checkPhase
       > Running phase: installPhase
       > * installing *source* package ‘mable’ ...
       > ** package ‘mable’ correctement décompressé et sommes MD5 vérifiées
       > ** using staged installation
       > ** libs
       > using C compiler: ‘clang version 16.0.6’
       > using SDK: ‘’
       > /nix/store/v39c0h6xv6hvki2k1bsyp5n090q8y2bp-clang-wrapper-16.0.6/bin/cc -I"/nix/store/lir8rmsk7dxbj7v1spqmv69z4mafg16l-R-4.4.2/lib/R/include" -DNDEBUG   -isystem /nix/store/0mmz5i705116bfykc7i1r9jxqwyghj2a-libcxx-16.0.6-dev/include/c++/v1    -fPIC  -g -O2  -c mable.c -o mable.o
       > /nix/store/v39c0h6xv6hvki2k1bsyp5n090q8y2bp-clang-wrapper-16.0.6/bin/cc -I"/nix/store/lir8rmsk7dxbj7v1spqmv69z4mafg16l-R-4.4.2/lib/R/include" -DNDEBUG   -isystem /nix/store/0mmz5i705116bfykc7i1r9jxqwyghj2a-libcxx-16.0.6-dev/include/c++/v1    -fPIC  -g -O2  -c mable_init.c -o mable_init.o
       > /nix/store/v39c0h6xv6hvki2k1bsyp5n090q8y2bp-clang-wrapper-16.0.6/bin/cc -dynamiclib -Wl,-headerpad_max_install_names -undefined dynamic_lookup -L/nix/store/lir8rmsk7dxbj7v1spqmv69z4mafg16l-R-4.4.2/lib/R/lib -L/nix/store/88xkgzh5g9xppsg3hdxxxh9q43rnxk6k-libcxx-16.0.6/lib -o mable.so mable.o mable_init.o -L/nix/store/lir8rmsk7dxbj7v1spqmv69z4mafg16l-R-4.4.2/lib/R/lib -lR -lintl -Wl,-framework -Wl,CoreFoundation
       > installing to /nix/store/dq68rxnxlzcii3dzqhds2yl0rzarw30z-r-mable-4.1.1/library/00LOCK-mable/00new/mable/libs
       > ** R
       > ** data
       > *** moving datasets to lazyload DB
       > ** inst
       > ** byte-compile and prepare package for lazy loading
       > sh: line 1: 84969 Trace/BPT trap: 5       R_TESTS= '/nix/store/lir8rmsk7dxbj7v1spqmv69z4mafg16l-R-4.4.2/lib/R/bin/R' --no-save --no-restore --no-echo 2>&1 < '/private/tmp/nix-build-r-mable-4.1.1.drv-0/RtmpH7cM8g/file14b8e53195eca'
       > ERROR: lazy loading failed for package ‘mable’
       > * removing ‘/nix/store/dq68rxnxlzcii3dzqhds2yl0rzarw30z-r-mable-4.1.1/library/mable’
       For full logs, run 'nix log /nix/store/flskydvksfbnkl90x1bwqf2z2073jf39-r-mable-4.1.1.drv'.
