this derivation will be built:
  /nix/store/wcj718b4jv0p7x729pad381pym0g357w-r-glottospace-0.0.112.drv
building '/nix/store/wcj718b4jv0p7x729pad381pym0g357w-r-glottospace-0.0.112.drv'...
Running phase: unpackPhase
unpacking source archive /nix/store/zzpi3cm4s75z86lfhyxr1p39vz7jk7q3-glottospace_0.0.112.tar.gz
source root is glottospace
setting SOURCE_DATE_EPOCH to timestamp 1649767349 of file glottospace/MD5
Running phase: patchPhase
Running phase: updateAutotoolsGnuConfigScriptsPhase
Running phase: configurePhase
Running phase: buildPhase
Running phase: checkPhase
Running phase: installPhase
* installing *source* package ‘glottospace’ ...
** package ‘glottospace’ correctement décompressé et sommes MD5 vérifiées
** using staged installation
** R
** data
*** moving datasets to lazyload DB
** inst
** byte-compile and prepare package for lazy loading
** help
*** installing help indices
*** copying figures
** building package indices
** testing if installed package can be loaded from temporary location
** testing if installed package can be loaded from final location
** testing if installed package keeps a record of temporary installation path
* DONE (glottospace)
Running phase: fixupPhase
checking for references to /private/tmp/nix-build-r-glottospace-0.0.112.drv-0/ in /nix/store/v0v8p3zqlb3xkfyp4rjfpl877lyzgw1n-r-glottospace-0.0.112...
patching script interpreter paths in /nix/store/v0v8p3zqlb3xkfyp4rjfpl877lyzgw1n-r-glottospace-0.0.112
rewriting symlink /nix/store/v0v8p3zqlb3xkfyp4rjfpl877lyzgw1n-r-glottospace-0.0.112/nix-support/propagated-user-env-packages to be relative to /nix/store/v0v8p3zqlb3xkfyp4rjfpl877lyzgw1n-r-glottospace-0.0.112
