these 2 derivations will be built:
  /nix/store/7yykbagn0pqmyna1cqibhmjy3hd5f0aq-MethEvolSIM_0.1.7.tar.gz.drv
  /nix/store/jfrgfwvihx00hbypvxyhg4rgi83ggqg9-r-MethEvolSIM-0.1.7.drv
building '/nix/store/7yykbagn0pqmyna1cqibhmjy3hd5f0aq-MethEvolSIM_0.1.7.tar.gz.drv'...

trying https://cran.r-project.org/src/contrib/MethEvolSIM_0.1.7.tar.gz
  % Total    % Received % Xferd  Average Speed   Time    Time     Time  Current
                                 Dload  Upload   Total   Spent    Left  Speed
100 80598  100 80598    0     0   525k      0 --:--:-- --:--:-- --:--:--  528k
building '/nix/store/jfrgfwvihx00hbypvxyhg4rgi83ggqg9-r-MethEvolSIM-0.1.7.drv'...
Running phase: unpackPhase
unpacking source archive /nix/store/ihyb9z1x71gvlr5vmrgvpp15mfcknd3v-MethEvolSIM_0.1.7.tar.gz
source root is MethEvolSIM
setting SOURCE_DATE_EPOCH to timestamp 1726993202 of file MethEvolSIM/MD5
Running phase: patchPhase
Running phase: updateAutotoolsGnuConfigScriptsPhase
Running phase: configurePhase
Running phase: buildPhase
Running phase: checkPhase
Running phase: installPhase
* installing *source* package ‘MethEvolSIM’ ...
** package ‘MethEvolSIM’ correctement décompressé et sommes MD5 vérifiées
** using staged installation
** R
** inst
** byte-compile and prepare package for lazy loading
** help
*** installing help indices
** building package indices
** installing vignettes
** testing if installed package can be loaded from temporary location
** testing if installed package can be loaded from final location
** testing if installed package keeps a record of temporary installation path
* DONE (MethEvolSIM)
Running phase: fixupPhase
checking for references to /private/tmp/nix-build-r-MethEvolSIM-0.1.7.drv-0/ in /nix/store/y8b7q2jypl93vc99hqh41f5fkqfg4pr1-r-MethEvolSIM-0.1.7...
patching script interpreter paths in /nix/store/y8b7q2jypl93vc99hqh41f5fkqfg4pr1-r-MethEvolSIM-0.1.7
rewriting symlink /nix/store/y8b7q2jypl93vc99hqh41f5fkqfg4pr1-r-MethEvolSIM-0.1.7/nix-support/propagated-user-env-packages to be relative to /nix/store/y8b7q2jypl93vc99hqh41f5fkqfg4pr1-r-MethEvolSIM-0.1.7
