this derivation will be built:
  /nix/store/h0z5fa3d5y006yhpablp3hm748m425cm-r-kindisperse-0.10.2.drv
this path will be fetched (0.35 MiB download, 0.35 MiB unpacked):
  /nix/store/24siivhq1848af0jszggcvxyr3bs9bv2-kindisperse_0.10.2.tar.gz
copying path '/nix/store/24siivhq1848af0jszggcvxyr3bs9bv2-kindisperse_0.10.2.tar.gz' from 'https://cache.nixos.org'...
building '/nix/store/h0z5fa3d5y006yhpablp3hm748m425cm-r-kindisperse-0.10.2.drv'...
Running phase: unpackPhase
unpacking source archive /nix/store/24siivhq1848af0jszggcvxyr3bs9bv2-kindisperse_0.10.2.tar.gz
source root is kindisperse
setting SOURCE_DATE_EPOCH to timestamp 1627463402 of file kindisperse/MD5
Running phase: patchPhase
Running phase: updateAutotoolsGnuConfigScriptsPhase
Running phase: configurePhase
Running phase: buildPhase
Running phase: checkPhase
Running phase: installPhase
* installing *source* package ‘kindisperse’ ...
** package ‘kindisperse’ correctement décompressé et sommes MD5 vérifiées
** using staged installation
** R
** data
*** moving datasets to lazyload DB
** inst
** byte-compile and prepare package for lazy loading
** help
*** installing help indices
*** copying figures
** building package indices
** installing vignettes
** testing if installed package can be loaded from temporary location
** testing if installed package can be loaded from final location
** testing if installed package keeps a record of temporary installation path
* DONE (kindisperse)
Running phase: fixupPhase
checking for references to /private/tmp/nix-build-r-kindisperse-0.10.2.drv-0/ in /nix/store/1jyxp0db4mfr5gqb6n2rwdw3gw1fxzar-r-kindisperse-0.10.2...
patching script interpreter paths in /nix/store/1jyxp0db4mfr5gqb6n2rwdw3gw1fxzar-r-kindisperse-0.10.2
rewriting symlink /nix/store/1jyxp0db4mfr5gqb6n2rwdw3gw1fxzar-r-kindisperse-0.10.2/nix-support/propagated-user-env-packages to be relative to /nix/store/1jyxp0db4mfr5gqb6n2rwdw3gw1fxzar-r-kindisperse-0.10.2
