this derivation will be built:
  /nix/store/4z5knprp9znz154mw26jh47pz8s4b83z-r-twenty48-0.2.1.drv
this path will be fetched (1.19 MiB download, 1.20 MiB unpacked):
  /nix/store/v9gm74srp9k2n95sp6d2v6nph8yaxji5-twenty48_0.2.1.tar.gz
copying path '/nix/store/v9gm74srp9k2n95sp6d2v6nph8yaxji5-twenty48_0.2.1.tar.gz' from 'https://cache.nixos.org'...
building '/nix/store/4z5knprp9znz154mw26jh47pz8s4b83z-r-twenty48-0.2.1.drv'...
Running phase: unpackPhase
unpacking source archive /nix/store/v9gm74srp9k2n95sp6d2v6nph8yaxji5-twenty48_0.2.1.tar.gz
source root is twenty48
setting SOURCE_DATE_EPOCH to timestamp 1663036202 of file twenty48/MD5
Running phase: patchPhase
Running phase: updateAutotoolsGnuConfigScriptsPhase
Running phase: configurePhase
Running phase: buildPhase
Running phase: checkPhase
Running phase: installPhase
* installing *source* package ‘twenty48’ ...
** package ‘twenty48’ correctement décompressé et sommes MD5 vérifiées
** using staged installation
** R
** byte-compile and prepare package for lazy loading
** help
*** installing help indices
*** copying figures
** building package indices
** testing if installed package can be loaded from temporary location
** testing if installed package can be loaded from final location
** testing if installed package keeps a record of temporary installation path
* DONE (twenty48)
Running phase: fixupPhase
checking for references to /private/tmp/nix-build-r-twenty48-0.2.1.drv-0/ in /nix/store/42zxr4f183kx8yc28xwy67had42pb8h8-r-twenty48-0.2.1...
patching script interpreter paths in /nix/store/42zxr4f183kx8yc28xwy67had42pb8h8-r-twenty48-0.2.1
rewriting symlink /nix/store/42zxr4f183kx8yc28xwy67had42pb8h8-r-twenty48-0.2.1/nix-support/propagated-user-env-packages to be relative to /nix/store/42zxr4f183kx8yc28xwy67had42pb8h8-r-twenty48-0.2.1
