this derivation will be built:
  /nix/store/ak4ypsrdy1nz623z470fqdcw37c5rqd2-r-multipanelfigure-2.1.6.drv
this path will be fetched (2.54 MiB download, 2.55 MiB unpacked):
  /nix/store/18c289cxka4hicvl2zyb3blmai0gvypn-multipanelfigure_2.1.6.tar.gz
copying path '/nix/store/18c289cxka4hicvl2zyb3blmai0gvypn-multipanelfigure_2.1.6.tar.gz' from 'https://cache.nixos.org'...
building '/nix/store/ak4ypsrdy1nz623z470fqdcw37c5rqd2-r-multipanelfigure-2.1.6.drv'...
Running phase: unpackPhase
unpacking source archive /nix/store/18c289cxka4hicvl2zyb3blmai0gvypn-multipanelfigure_2.1.6.tar.gz
source root is multipanelfigure
setting SOURCE_DATE_EPOCH to timestamp 1712677202 of file multipanelfigure/MD5
Running phase: patchPhase
Running phase: updateAutotoolsGnuConfigScriptsPhase
Running phase: configurePhase
Running phase: buildPhase
Running phase: checkPhase
Running phase: installPhase
* installing *source* package ‘multipanelfigure’ ...
** package ‘multipanelfigure’ correctement décompressé et sommes MD5 vérifiées
** using staged installation
** R
** data
*** moving datasets to lazyload DB
** inst
** byte-compile and prepare package for lazy loading
** help
*** installing help indices
** building package indices
** installing vignettes
** testing if installed package can be loaded from temporary location
** testing if installed package can be loaded from final location
** testing if installed package keeps a record of temporary installation path
* DONE (multipanelfigure)
Running phase: fixupPhase
checking for references to /private/tmp/nix-build-r-multipanelfigure-2.1.6.drv-0/ in /nix/store/bdmhyi9mxdxjl72h0wqrcv6rv8ksq8h3-r-multipanelfigure-2.1.6...
patching script interpreter paths in /nix/store/bdmhyi9mxdxjl72h0wqrcv6rv8ksq8h3-r-multipanelfigure-2.1.6
rewriting symlink /nix/store/bdmhyi9mxdxjl72h0wqrcv6rv8ksq8h3-r-multipanelfigure-2.1.6/nix-support/propagated-user-env-packages to be relative to /nix/store/bdmhyi9mxdxjl72h0wqrcv6rv8ksq8h3-r-multipanelfigure-2.1.6
