these 5 derivations will be built:
  /nix/store/00mlmig45kjbh14s2lmmhjd4azh263c5-r-mnonr-1.0.0.drv
  /nix/store/3hgnfylcb5l8qkn24p3ldpcz13p04nj1-r-statpsych-1.6.0.drv
  /nix/store/67p2nzzyajpyxz822wh0qhsg4q41bzcc-r-PDQutils-0.1.6.drv
  /nix/store/ixsdzd0crj4wr5zz5gxs2igz0x0pf0d0-r-sadists-0.2.5.drv
  /nix/store/r9mi0l3s2j4vacglrpkhq7ga3mh0k1sc-r-esci-1.0.5.drv
building '/nix/store/67p2nzzyajpyxz822wh0qhsg4q41bzcc-r-PDQutils-0.1.6.drv'...
building '/nix/store/00mlmig45kjbh14s2lmmhjd4azh263c5-r-mnonr-1.0.0.drv'...
Running phase: unpackPhase
unpacking source archive /nix/store/dwckpnlaqchkxg5a7hhbgfpg3k8flw8w-PDQutils_0.1.6.tar.gz
source root is PDQutils
setting SOURCE_DATE_EPOCH to timestamp 1489826273 of file PDQutils/MD5
Running phase: patchPhase
Running phase: updateAutotoolsGnuConfigScriptsPhase
Running phase: configurePhase
Running phase: buildPhase
Running phase: checkPhase
Running phase: installPhase
Running phase: unpackPhase
unpacking source archive /nix/store/9r01xz7apxcrhlfzyn0ycp9px9lp021a-mnonr_1.0.0.tar.gz
source root is mnonr
setting SOURCE_DATE_EPOCH to timestamp 1581448202 of file mnonr/MD5
Running phase: patchPhase
Running phase: updateAutotoolsGnuConfigScriptsPhase
Running phase: configurePhase
* installing *source* package ‘PDQutils’ ...
** package ‘PDQutils’ correctement décompressé et sommes MD5 vérifiées
** using staged installation
Running phase: buildPhase
** R
** inst
** byte-compile and prepare package for lazy loading
Running phase: checkPhase
Running phase: installPhase
* installing *source* package ‘mnonr’ ...
** package ‘mnonr’ correctement décompressé et sommes MD5 vérifiées
** using staged installation
** R
** inst
** byte-compile and prepare package for lazy loading
** help
*** installing help indices
** building package indices
** help
*** installing help indices
** building package indices
** installing vignettes
** testing if installed package can be loaded from temporary location
** installing vignettes
** testing if installed package can be loaded from temporary location
** testing if installed package can be loaded from final location
** testing if installed package can be loaded from final location
** testing if installed package keeps a record of temporary installation path
* DONE (mnonr)
** testing if installed package keeps a record of temporary installation path
* DONE (PDQutils)
Running phase: fixupPhase
Running phase: fixupPhase
checking for references to /private/tmp/nix-build-r-mnonr-1.0.0.drv-0/ in /nix/store/gp4bqm09c3cy0vrdgaajh6zjcbk487kn-r-mnonr-1.0.0...
patching script interpreter paths in /nix/store/gp4bqm09c3cy0vrdgaajh6zjcbk487kn-r-mnonr-1.0.0
checking for references to /private/tmp/nix-build-r-PDQutils-0.1.6.drv-0/ in /nix/store/rvhvy9qnja5bvfyd1g5w1w3q7s9h1wps-r-PDQutils-0.1.6...
patching script interpreter paths in /nix/store/rvhvy9qnja5bvfyd1g5w1w3q7s9h1wps-r-PDQutils-0.1.6
building '/nix/store/3hgnfylcb5l8qkn24p3ldpcz13p04nj1-r-statpsych-1.6.0.drv'...
rewriting symlink /nix/store/rvhvy9qnja5bvfyd1g5w1w3q7s9h1wps-r-PDQutils-0.1.6/nix-support/propagated-user-env-packages to be relative to /nix/store/rvhvy9qnja5bvfyd1g5w1w3q7s9h1wps-r-PDQutils-0.1.6
building '/nix/store/ixsdzd0crj4wr5zz5gxs2igz0x0pf0d0-r-sadists-0.2.5.drv'...
Running phase: unpackPhase
unpacking source archive /nix/store/cxig503kdw4rdwzwsxmx0xsx8pqr32b5-statpsych_1.6.0.tar.gz
source root is statpsych
setting SOURCE_DATE_EPOCH to timestamp 1720492802 of file statpsych/MD5
Running phase: patchPhase
Running phase: updateAutotoolsGnuConfigScriptsPhase
Running phase: configurePhase
Running phase: buildPhase
Running phase: checkPhase
Running phase: installPhase
Running phase: unpackPhase
unpacking source archive /nix/store/pz4vwz4c7b2w58ms3dv2b7c00dfn3bhv-sadists_0.2.5.tar.gz
source root is sadists
setting SOURCE_DATE_EPOCH to timestamp 1692642602 of file sadists/MD5
Running phase: patchPhase
Running phase: updateAutotoolsGnuConfigScriptsPhase
* installing *source* package ‘statpsych’ ...
** package ‘statpsych’ correctement décompressé et sommes MD5 vérifiées
** using staged installation
Running phase: configurePhase
** R
Running phase: buildPhase
Running phase: checkPhase
** inst
** byte-compile and prepare package for lazy loading
Running phase: installPhase
* installing *source* package ‘sadists’ ...
** package ‘sadists’ correctement décompressé et sommes MD5 vérifiées
** using staged installation
** R
** inst
** byte-compile and prepare package for lazy loading
** help
*** installing help indices
** building package indices
** installing vignettes
** testing if installed package can be loaded from temporary location
** testing if installed package can be loaded from final location
** testing if installed package keeps a record of temporary installation path
* DONE (sadists)
Running phase: fixupPhase
checking for references to /private/tmp/nix-build-r-sadists-0.2.5.drv-0/ in /nix/store/d2v6379gy3aq8f7rqxf8yibh4gazw59r-r-sadists-0.2.5...
patching script interpreter paths in /nix/store/d2v6379gy3aq8f7rqxf8yibh4gazw59r-r-sadists-0.2.5
rewriting symlink /nix/store/d2v6379gy3aq8f7rqxf8yibh4gazw59r-r-sadists-0.2.5/nix-support/propagated-user-env-packages to be relative to /nix/store/d2v6379gy3aq8f7rqxf8yibh4gazw59r-r-sadists-0.2.5
** help
*** installing help indices
** building package indices
** testing if installed package can be loaded from temporary location
** testing if installed package can be loaded from final location
** testing if installed package keeps a record of temporary installation path
* DONE (statpsych)
Running phase: fixupPhase
checking for references to /private/tmp/nix-build-r-statpsych-1.6.0.drv-0/ in /nix/store/f77qq08i9ji3l87dk4h3dy14q9vfjn5k-r-statpsych-1.6.0...
patching script interpreter paths in /nix/store/f77qq08i9ji3l87dk4h3dy14q9vfjn5k-r-statpsych-1.6.0
rewriting symlink /nix/store/f77qq08i9ji3l87dk4h3dy14q9vfjn5k-r-statpsych-1.6.0/nix-support/propagated-user-env-packages to be relative to /nix/store/f77qq08i9ji3l87dk4h3dy14q9vfjn5k-r-statpsych-1.6.0
building '/nix/store/r9mi0l3s2j4vacglrpkhq7ga3mh0k1sc-r-esci-1.0.5.drv'...
Running phase: unpackPhase
unpacking source archive /nix/store/ibi33qwg2mw8rx9f7yaf9afgny2p3742-esci_1.0.5.tar.gz
source root is esci
setting SOURCE_DATE_EPOCH to timestamp 1727115606 of file esci/MD5
Running phase: patchPhase
Running phase: updateAutotoolsGnuConfigScriptsPhase
Running phase: configurePhase
Running phase: buildPhase
Running phase: checkPhase
Running phase: installPhase
* installing *source* package ‘esci’ ...
** package ‘esci’ correctement décompressé et sommes MD5 vérifiées
** using staged installation
** R
** data
*** moving datasets to lazyload DB
** byte-compile and prepare package for lazy loading
** help
*** installing help indices
*** copying figures
** building package indices
** testing if installed package can be loaded from temporary location
** testing if installed package can be loaded from final location
** testing if installed package keeps a record of temporary installation path
* DONE (esci)
Running phase: fixupPhase
checking for references to /private/tmp/nix-build-r-esci-1.0.5.drv-0/ in /nix/store/q6kz53b63j66z0p4pb6qzg5a4y4ddisv-r-esci-1.0.5...
patching script interpreter paths in /nix/store/q6kz53b63j66z0p4pb6qzg5a4y4ddisv-r-esci-1.0.5
rewriting symlink /nix/store/q6kz53b63j66z0p4pb6qzg5a4y4ddisv-r-esci-1.0.5/nix-support/propagated-user-env-packages to be relative to /nix/store/q6kz53b63j66z0p4pb6qzg5a4y4ddisv-r-esci-1.0.5
