these 2 derivations will be built:
  /nix/store/rcmlmfqzk8gr0w0rp9xx7j4s3njs9b6n-HIMA_2.3.0.tar.gz.drv
  /nix/store/jvz7p8b4rzlp3n5v1yd0azdy3zbh54qm-r-HIMA-2.3.0.drv
building '/nix/store/rcmlmfqzk8gr0w0rp9xx7j4s3njs9b6n-HIMA_2.3.0.tar.gz.drv'...

trying https://cran.r-project.org/src/contrib/HIMA_2.3.0.tar.gz
  % Total    % Received % Xferd  Average Speed   Time    Time     Time  Current
                                 Dload  Upload   Total   Spent    Left  Speed
100 2472k  100 2472k    0     0  2944k      0 --:--:-- --:--:-- --:--:-- 2943k
building '/nix/store/jvz7p8b4rzlp3n5v1yd0azdy3zbh54qm-r-HIMA-2.3.0.drv'...
Running phase: unpackPhase
unpacking source archive /nix/store/gdk9xvfgqgipb6j1kjjssi877j9zm7vf-HIMA_2.3.0.tar.gz
source root is HIMA
setting SOURCE_DATE_EPOCH to timestamp 1730097602 of file HIMA/MD5
Running phase: patchPhase
Running phase: updateAutotoolsGnuConfigScriptsPhase
Running phase: configurePhase
Running phase: buildPhase
Running phase: checkPhase
Running phase: installPhase
* installing *source* package ‘HIMA’ ...
** package ‘HIMA’ correctement décompressé et sommes MD5 vérifiées
** using staged installation
** R
** data
*** moving datasets to lazyload DB
** inst
** byte-compile and prepare package for lazy loading
** help
*** installing help indices
** building package indices
** testing if installed package can be loaded from temporary location
** testing if installed package can be loaded from final location
** testing if installed package keeps a record of temporary installation path
* DONE (HIMA)
Running phase: fixupPhase
checking for references to /private/tmp/nix-build-r-HIMA-2.3.0.drv-0/ in /nix/store/jcn845m709864v105lykwph9d1szfzc1-r-HIMA-2.3.0...
patching script interpreter paths in /nix/store/jcn845m709864v105lykwph9d1szfzc1-r-HIMA-2.3.0
rewriting symlink /nix/store/jcn845m709864v105lykwph9d1szfzc1-r-HIMA-2.3.0/nix-support/propagated-user-env-packages to be relative to /nix/store/jcn845m709864v105lykwph9d1szfzc1-r-HIMA-2.3.0
