this derivation will be built:
  /nix/store/6cyi9837kbxpb336jfapyyi6fy1rjhf1-r-causalSLSE-0.3-1.drv
building '/nix/store/6cyi9837kbxpb336jfapyyi6fy1rjhf1-r-causalSLSE-0.3-1.drv'...
Running phase: unpackPhase
unpacking source archive /nix/store/57ihsl8f8jqz2vda7dnf3jfqxf2kgijp-causalSLSE_0.3-1.tar.gz
source root is causalSLSE
setting SOURCE_DATE_EPOCH to timestamp 1705491127 of file causalSLSE/MD5
Running phase: patchPhase
Running phase: updateAutotoolsGnuConfigScriptsPhase
Running phase: configurePhase
Running phase: buildPhase
Running phase: checkPhase
Running phase: installPhase
* installing *source* package ‘causalSLSE’ ...
** package ‘causalSLSE’ correctement décompressé et sommes MD5 vérifiées
** using staged installation
** libs
using C compiler: ‘clang version 16.0.6’
using Fortran compiler: ‘GNU Fortran (GCC) 13.3.0’
using SDK: ‘’
/nix/store/v39c0h6xv6hvki2k1bsyp5n090q8y2bp-clang-wrapper-16.0.6/bin/cc -I"/nix/store/lir8rmsk7dxbj7v1spqmv69z4mafg16l-R-4.4.2/lib/R/include" -DNDEBUG   -isystem /nix/store/0mmz5i705116bfykc7i1r9jxqwyghj2a-libcxx-16.0.6-dev/include/c++/v1    -fPIC  -g -O2  -c dist.c -o dist.o
/nix/store/v39c0h6xv6hvki2k1bsyp5n090q8y2bp-clang-wrapper-16.0.6/bin/cc -I"/nix/store/lir8rmsk7dxbj7v1spqmv69z4mafg16l-R-4.4.2/lib/R/include" -DNDEBUG   -isystem /nix/store/0mmz5i705116bfykc7i1r9jxqwyghj2a-libcxx-16.0.6-dev/include/c++/v1    -fPIC  -g -O2  -c initcausal.c -o initcausal.o
/nix/store/93i6w80axzmddh7kl97br2axr8al13vx-gfortran-wrapper-13.3.0/bin/gfortran  -fPIC  -g -O2  -c slse.f -o slse.o
/nix/store/v39c0h6xv6hvki2k1bsyp5n090q8y2bp-clang-wrapper-16.0.6/bin/cc -dynamiclib -Wl,-headerpad_max_install_names -undefined dynamic_lookup -L/nix/store/lir8rmsk7dxbj7v1spqmv69z4mafg16l-R-4.4.2/lib/R/lib -L/nix/store/88xkgzh5g9xppsg3hdxxxh9q43rnxk6k-libcxx-16.0.6/lib -o causalSLSE.so dist.o initcausal.o slse.o -L/nix/store/plkk3bwn0g0v67pfc4f8j0sixxwdn01f-lapack-3/lib -llapack -L/nix/store/p8mgb558fybdfiqvcc64jaxzgh3c2yms-blas-3/lib -lblas -L/nix/store/h84vsys3h7wkvnwhx3fz6ynrlpla2mpv-gfortran-13.3.0-lib/lib -L/nix/store/3awww7sqz8gygkr9hw5s7wd57iwz1qg3-cctools-binutils-darwin-wrapper-1010.6/bin -L/nix/store/kwlx6bz5n81gqa9kyx6207rzp0yq0pj4-gfortran-13.3.0/lib/gcc/aarch64-apple-darwin/13.3.0 -L/nix/store/kwlx6bz5n81gqa9kyx6207rzp0yq0pj4-gfortran-13.3.0/lib -lemutls_w -lheapt_w -lintl -lgfortran -lquadmath -L/nix/store/h84vsys3h7wkvnwhx3fz6ynrlpla2mpv-gfortran-13.3.0-lib/lib -L/nix/store/3awww7sqz8gygkr9hw5s7wd57iwz1qg3-cctools-binutils-darwin-wrapper-1010.6/bin -L/nix/store/kwlx6bz5n81gqa9kyx6207rzp0yq0pj4-gfortran-13.3.0/lib/gcc/aarch64-apple-darwin/13.3.0 -L/nix/store/kwlx6bz5n81gqa9kyx6207rzp0yq0pj4-gfortran-13.3.0/lib -lemutls_w -lheapt_w -lintl -lgfortran -lquadmath -L/nix/store/lir8rmsk7dxbj7v1spqmv69z4mafg16l-R-4.4.2/lib/R/lib -lR -lintl -Wl,-framework -Wl,CoreFoundation
ld: warning: could not create compact unwind for _updatek_: does not use standard frame
ld: warning: could not create compact unwind for _selpvt_: does not use standard frame
ld: warning: could not create compact unwind for _vecpvalc_: does not use standard frame
ld: warning: could not create compact unwind for _testknoti_: does not use standard frame
ld: warning: could not create compact unwind for _splinei_: does not use standard frame
ld: warning: could not create compact unwind for _hatvals_: does not use standard frame
ld: warning: could not create compact unwind for _vcovhc_: does not use standard frame
ld: warning: could not create compact unwind for _lse_: does not use standard frame
ld: warning: could not create compact unwind for _splinefit_: does not use standard frame
ld: warning: could not create compact unwind for _modfitsel_: does not use standard frame
ld: warning: could not create compact unwind for _selic_: does not use standard frame
ld: warning: could not create compact unwind for _pvalf_: does not use standard frame
ld: warning: could not create compact unwind for _pvalb_: does not use standard frame
ld: warning: could not create compact unwind for _cmodfitsel_: does not use standard frame
ld: warning: could not create compact unwind for _selicc_: does not use standard frame
ld: warning: could not create compact unwind for ___emutls_get_address: does not use standard frame
ld: warning: could not create compact unwind for _allocate_tramp_ctrl: does not use standard frame
ld: warning: could not create compact unwind for ___gcc_nested_func_ptr_created: does not use standard frame
ld: warning: could not create compact unwind for ___gcc_nested_func_ptr_deleted: does not use standard frame
ld: warning: could not create compact unwind for _modelfit_: does not use standard frame
ld: warning: could not create compact unwind for _selmodel_: does not use standard frame
installing to /nix/store/hkfdlsm2fdb3k9rgz0jpfq5acmmrc0hs-r-causalSLSE-0.3-1/library/00LOCK-causalSLSE/00new/causalSLSE/libs
** R
** data
** inst
** byte-compile and prepare package for lazy loading
** help
*** installing help indices
** building package indices
** installing vignettes
** testing if installed package can be loaded from temporary location
** checking absolute paths in shared objects and dynamic libraries
** testing if installed package can be loaded from final location
** testing if installed package keeps a record of temporary installation path
* DONE (causalSLSE)
Running phase: fixupPhase
checking for references to /private/tmp/nix-build-r-causalSLSE-0.3-1.drv-0/ in /nix/store/hkfdlsm2fdb3k9rgz0jpfq5acmmrc0hs-r-causalSLSE-0.3-1...
patching script interpreter paths in /nix/store/hkfdlsm2fdb3k9rgz0jpfq5acmmrc0hs-r-causalSLSE-0.3-1
rewriting symlink /nix/store/hkfdlsm2fdb3k9rgz0jpfq5acmmrc0hs-r-causalSLSE-0.3-1/nix-support/propagated-user-env-packages to be relative to /nix/store/hkfdlsm2fdb3k9rgz0jpfq5acmmrc0hs-r-causalSLSE-0.3-1
