this derivation will be built:
  /nix/store/5r3fl82hvnrdj832035d92hp6kn0lmgp-r-publipha-0.1.2.drv
this path will be fetched (0.11 MiB download, 0.11 MiB unpacked):
  /nix/store/b352na769sq7mrkzlhkwqj8jk1rfahbw-publipha_0.1.2.tar.gz
copying path '/nix/store/b352na769sq7mrkzlhkwqj8jk1rfahbw-publipha_0.1.2.tar.gz' from 'https://cache.nixos.org'...
building '/nix/store/5r3fl82hvnrdj832035d92hp6kn0lmgp-r-publipha-0.1.2.drv'...
Running phase: unpackPhase
unpacking source archive /nix/store/b352na769sq7mrkzlhkwqj8jk1rfahbw-publipha_0.1.2.tar.gz
source root is publipha
setting SOURCE_DATE_EPOCH to timestamp 1680624606 of file publipha/MD5
Running phase: patchPhase
Running phase: updateAutotoolsGnuConfigScriptsPhase
Running phase: configurePhase
Running phase: buildPhase
Running phase: checkPhase
Running phase: installPhase
* installing *source* package ‘publipha’ ...
** package ‘publipha’ correctement décompressé et sommes MD5 vérifiées
** using staged installation
le code des méthodes de la classe “Rcpp_model_base” n'a pas été vérifié pour les affectations de champs suspectes (package recommandé ‘codetools’ indisponible ?)
le code des méthodes de la classe “Rcpp_model_base” n'a pas été vérifié pour les affectations de champs suspectes (package recommandé ‘codetools’ indisponible ?)
le code des méthodes de la classe “Rcpp_stan_fit” n'a pas été vérifié pour les affectations de champs suspectes (package recommandé ‘codetools’ indisponible ?)
le code des méthodes de la classe “Rcpp_stan_fit” n'a pas été vérifié pour les affectations de champs suspectes (package recommandé ‘codetools’ indisponible ?)
** libs
using C++ compiler: ‘clang version 16.0.6’
using C++17
using SDK: ‘’


/nix/store/v39c0h6xv6hvki2k1bsyp5n090q8y2bp-clang-wrapper-16.0.6/bin/c++ -std=gnu++17 -I"/nix/store/lir8rmsk7dxbj7v1spqmv69z4mafg16l-R-4.4.2/lib/R/include" -DNDEBUG -I"../inst/include" -I"/nix/store/b50zcqfh41vjv73m6w30ccs2zs05hgxy-r-StanHeaders-2.32.10/library/StanHeaders/include/src" -DBOOST_DISABLE_ASSERTS -DEIGEN_NO_DEBUG -DBOOST_MATH_OVERFLOW_ERROR_POLICY=errno_on_error -DUSE_STANC3 -D_HAS_AUTO_PTR_ETC=0 -I'/nix/store/k3y4927612y2lxd8d04hhvx801x9zc8y-r-BH-1.84.0-0/library/BH/include' -I'/nix/store/da7yi2xf3argx9hlnn3f0k95b8y1yx2l-r-Rcpp-1.0.13-1/library/Rcpp/include' -I'/nix/store/rnnw6rgkd98vplpryvk019w9yxx64gnw-r-RcppEigen-0.3.4.0.2/library/RcppEigen/include' -I'/nix/store/gfma5bb11p8p393nrshp1b5c39jy4mvx-r-rstan-2.32.6/library/rstan/include' -I'/nix/store/b50zcqfh41vjv73m6w30ccs2zs05hgxy-r-StanHeaders-2.32.10/library/StanHeaders/include' -I'/nix/store/hcy2j5h598wrllhahyda4wgs43s3fybd-r-RcppParallel-5.1.9/library/RcppParallel/include' -isystem /nix/store/0mmz5i705116bfykc7i1r9jxqwyghj2a-libcxx-16.0.6-dev/include/c++/v1    -I'/nix/store/hcy2j5h598wrllhahyda4wgs43s3fybd-r-RcppParallel-5.1.9/library/RcppParallel/include' -D_REENTRANT -DSTAN_THREADS   -fPIC  -g -O2   -c RcppExports.cpp -o RcppExports.o


/nix/store/v39c0h6xv6hvki2k1bsyp5n090q8y2bp-clang-wrapper-16.0.6/bin/c++ -std=gnu++17 -I"/nix/store/lir8rmsk7dxbj7v1spqmv69z4mafg16l-R-4.4.2/lib/R/include" -DNDEBUG -I"../inst/include" -I"/nix/store/b50zcqfh41vjv73m6w30ccs2zs05hgxy-r-StanHeaders-2.32.10/library/StanHeaders/include/src" -DBOOST_DISABLE_ASSERTS -DEIGEN_NO_DEBUG -DBOOST_MATH_OVERFLOW_ERROR_POLICY=errno_on_error -DUSE_STANC3 -D_HAS_AUTO_PTR_ETC=0 -I'/nix/store/k3y4927612y2lxd8d04hhvx801x9zc8y-r-BH-1.84.0-0/library/BH/include' -I'/nix/store/da7yi2xf3argx9hlnn3f0k95b8y1yx2l-r-Rcpp-1.0.13-1/library/Rcpp/include' -I'/nix/store/rnnw6rgkd98vplpryvk019w9yxx64gnw-r-RcppEigen-0.3.4.0.2/library/RcppEigen/include' -I'/nix/store/gfma5bb11p8p393nrshp1b5c39jy4mvx-r-rstan-2.32.6/library/rstan/include' -I'/nix/store/b50zcqfh41vjv73m6w30ccs2zs05hgxy-r-StanHeaders-2.32.10/library/StanHeaders/include' -I'/nix/store/hcy2j5h598wrllhahyda4wgs43s3fybd-r-RcppParallel-5.1.9/library/RcppParallel/include' -isystem /nix/store/0mmz5i705116bfykc7i1r9jxqwyghj2a-libcxx-16.0.6-dev/include/c++/v1    -I'/nix/store/hcy2j5h598wrllhahyda4wgs43s3fybd-r-RcppParallel-5.1.9/library/RcppParallel/include' -D_REENTRANT -DSTAN_THREADS   -fPIC  -g -O2   -c stanExports_cma.cc -o stanExports_cma.o


/nix/store/v39c0h6xv6hvki2k1bsyp5n090q8y2bp-clang-wrapper-16.0.6/bin/c++ -std=gnu++17 -I"/nix/store/lir8rmsk7dxbj7v1spqmv69z4mafg16l-R-4.4.2/lib/R/include" -DNDEBUG -I"../inst/include" -I"/nix/store/b50zcqfh41vjv73m6w30ccs2zs05hgxy-r-StanHeaders-2.32.10/library/StanHeaders/include/src" -DBOOST_DISABLE_ASSERTS -DEIGEN_NO_DEBUG -DBOOST_MATH_OVERFLOW_ERROR_POLICY=errno_on_error -DUSE_STANC3 -D_HAS_AUTO_PTR_ETC=0 -I'/nix/store/k3y4927612y2lxd8d04hhvx801x9zc8y-r-BH-1.84.0-0/library/BH/include' -I'/nix/store/da7yi2xf3argx9hlnn3f0k95b8y1yx2l-r-Rcpp-1.0.13-1/library/Rcpp/include' -I'/nix/store/rnnw6rgkd98vplpryvk019w9yxx64gnw-r-RcppEigen-0.3.4.0.2/library/RcppEigen/include' -I'/nix/store/gfma5bb11p8p393nrshp1b5c39jy4mvx-r-rstan-2.32.6/library/rstan/include' -I'/nix/store/b50zcqfh41vjv73m6w30ccs2zs05hgxy-r-StanHeaders-2.32.10/library/StanHeaders/include' -I'/nix/store/hcy2j5h598wrllhahyda4wgs43s3fybd-r-RcppParallel-5.1.9/library/RcppParallel/include' -isystem /nix/store/0mmz5i705116bfykc7i1r9jxqwyghj2a-libcxx-16.0.6-dev/include/c++/v1    -I'/nix/store/hcy2j5h598wrllhahyda4wgs43s3fybd-r-RcppParallel-5.1.9/library/RcppParallel/include' -D_REENTRANT -DSTAN_THREADS   -fPIC  -g -O2   -c stanExports_phma.cc -o stanExports_phma.o


/nix/store/v39c0h6xv6hvki2k1bsyp5n090q8y2bp-clang-wrapper-16.0.6/bin/c++ -std=gnu++17 -I"/nix/store/lir8rmsk7dxbj7v1spqmv69z4mafg16l-R-4.4.2/lib/R/include" -DNDEBUG -I"../inst/include" -I"/nix/store/b50zcqfh41vjv73m6w30ccs2zs05hgxy-r-StanHeaders-2.32.10/library/StanHeaders/include/src" -DBOOST_DISABLE_ASSERTS -DEIGEN_NO_DEBUG -DBOOST_MATH_OVERFLOW_ERROR_POLICY=errno_on_error -DUSE_STANC3 -D_HAS_AUTO_PTR_ETC=0 -I'/nix/store/k3y4927612y2lxd8d04hhvx801x9zc8y-r-BH-1.84.0-0/library/BH/include' -I'/nix/store/da7yi2xf3argx9hlnn3f0k95b8y1yx2l-r-Rcpp-1.0.13-1/library/Rcpp/include' -I'/nix/store/rnnw6rgkd98vplpryvk019w9yxx64gnw-r-RcppEigen-0.3.4.0.2/library/RcppEigen/include' -I'/nix/store/gfma5bb11p8p393nrshp1b5c39jy4mvx-r-rstan-2.32.6/library/rstan/include' -I'/nix/store/b50zcqfh41vjv73m6w30ccs2zs05hgxy-r-StanHeaders-2.32.10/library/StanHeaders/include' -I'/nix/store/hcy2j5h598wrllhahyda4wgs43s3fybd-r-RcppParallel-5.1.9/library/RcppParallel/include' -isystem /nix/store/0mmz5i705116bfykc7i1r9jxqwyghj2a-libcxx-16.0.6-dev/include/c++/v1    -I'/nix/store/hcy2j5h598wrllhahyda4wgs43s3fybd-r-RcppParallel-5.1.9/library/RcppParallel/include' -D_REENTRANT -DSTAN_THREADS   -fPIC  -g -O2   -c stanExports_psma.cc -o stanExports_psma.o
/nix/store/v39c0h6xv6hvki2k1bsyp5n090q8y2bp-clang-wrapper-16.0.6/bin/c++ -std=gnu++17 -dynamiclib -Wl,-headerpad_max_install_names -undefined dynamic_lookup -L/nix/store/lir8rmsk7dxbj7v1spqmv69z4mafg16l-R-4.4.2/lib/R/lib -L/nix/store/88xkgzh5g9xppsg3hdxxxh9q43rnxk6k-libcxx-16.0.6/lib -o publipha.so RcppExports.o stanExports_cma.o stanExports_phma.o stanExports_psma.o -L/nix/store/hcy2j5h598wrllhahyda4wgs43s3fybd-r-RcppParallel-5.1.9/library/RcppParallel/lib -ltbb -ltbbmalloc -L/nix/store/hcy2j5h598wrllhahyda4wgs43s3fybd-r-RcppParallel-5.1.9/library/RcppParallel/lib/ -Wl,-rpath,/nix/store/hcy2j5h598wrllhahyda4wgs43s3fybd-r-RcppParallel-5.1.9/library/RcppParallel/lib/ -ltbb -ltbbmalloc -L/nix/store/plkk3bwn0g0v67pfc4f8j0sixxwdn01f-lapack-3/lib -llapack -L/nix/store/p8mgb558fybdfiqvcc64jaxzgh3c2yms-blas-3/lib -lblas -L/nix/store/h84vsys3h7wkvnwhx3fz6ynrlpla2mpv-gfortran-13.3.0-lib/lib -L/nix/store/3awww7sqz8gygkr9hw5s7wd57iwz1qg3-cctools-binutils-darwin-wrapper-1010.6/bin -L/nix/store/kwlx6bz5n81gqa9kyx6207rzp0yq0pj4-gfortran-13.3.0/lib/gcc/aarch64-apple-darwin/13.3.0 -L/nix/store/kwlx6bz5n81gqa9kyx6207rzp0yq0pj4-gfortran-13.3.0/lib -lemutls_w -lheapt_w -lintl -lgfortran -lquadmath -L/nix/store/lir8rmsk7dxbj7v1spqmv69z4mafg16l-R-4.4.2/lib/R/lib -lR -lintl -Wl,-framework -Wl,CoreFoundation
ld: warning: could not create compact unwind for _allocate_tramp_ctrl: does not use standard frame
ld: warning: could not create compact unwind for ___gcc_nested_func_ptr_created: does not use standard frame
ld: warning: could not create compact unwind for ___gcc_nested_func_ptr_deleted: does not use standard frame
ld: warning: could not create compact unwind for ___emutls_get_address: does not use standard frame
installing to /nix/store/qjwxby3k8vjvqbxsjh2dzdp870hrc03y-r-publipha-0.1.2/library/00LOCK-publipha/00new/publipha/libs
** R
** data
*** moving datasets to lazyload DB
** inst
** byte-compile and prepare package for lazy loading
le code des méthodes de la classe “Rcpp_model_base” n'a pas été vérifié pour les affectations de champs suspectes (package recommandé ‘codetools’ indisponible ?)
le code des méthodes de la classe “Rcpp_model_base” n'a pas été vérifié pour les affectations de champs suspectes (package recommandé ‘codetools’ indisponible ?)
le code des méthodes de la classe “Rcpp_stan_fit” n'a pas été vérifié pour les affectations de champs suspectes (package recommandé ‘codetools’ indisponible ?)
le code des méthodes de la classe “Rcpp_stan_fit” n'a pas été vérifié pour les affectations de champs suspectes (package recommandé ‘codetools’ indisponible ?)
** help
*** installing help indices
*** copying figures
** building package indices
** testing if installed package can be loaded from temporary location
le code des méthodes de la classe “Rcpp_model_base” n'a pas été vérifié pour les affectations de champs suspectes (package recommandé ‘codetools’ indisponible ?)
le code des méthodes de la classe “Rcpp_model_base” n'a pas été vérifié pour les affectations de champs suspectes (package recommandé ‘codetools’ indisponible ?)
le code des méthodes de la classe “Rcpp_stan_fit” n'a pas été vérifié pour les affectations de champs suspectes (package recommandé ‘codetools’ indisponible ?)
le code des méthodes de la classe “Rcpp_stan_fit” n'a pas été vérifié pour les affectations de champs suspectes (package recommandé ‘codetools’ indisponible ?)
le code des méthodes de la classe “Rcpp_rstantools_model_cma” n'a pas été vérifié pour les affectations de champs suspectes (package recommandé ‘codetools’ indisponible ?)
le code des méthodes de la classe “Rcpp_rstantools_model_cma” n'a pas été vérifié pour les affectations de champs suspectes (package recommandé ‘codetools’ indisponible ?)
le code des méthodes de la classe “Rcpp_rstantools_model_phma” n'a pas été vérifié pour les affectations de champs suspectes (package recommandé ‘codetools’ indisponible ?)
le code des méthodes de la classe “Rcpp_rstantools_model_phma” n'a pas été vérifié pour les affectations de champs suspectes (package recommandé ‘codetools’ indisponible ?)
le code des méthodes de la classe “Rcpp_rstantools_model_psma” n'a pas été vérifié pour les affectations de champs suspectes (package recommandé ‘codetools’ indisponible ?)
le code des méthodes de la classe “Rcpp_rstantools_model_psma” n'a pas été vérifié pour les affectations de champs suspectes (package recommandé ‘codetools’ indisponible ?)
** checking absolute paths in shared objects and dynamic libraries
** testing if installed package can be loaded from final location
le code des méthodes de la classe “Rcpp_model_base” n'a pas été vérifié pour les affectations de champs suspectes (package recommandé ‘codetools’ indisponible ?)
le code des méthodes de la classe “Rcpp_model_base” n'a pas été vérifié pour les affectations de champs suspectes (package recommandé ‘codetools’ indisponible ?)
le code des méthodes de la classe “Rcpp_stan_fit” n'a pas été vérifié pour les affectations de champs suspectes (package recommandé ‘codetools’ indisponible ?)
le code des méthodes de la classe “Rcpp_stan_fit” n'a pas été vérifié pour les affectations de champs suspectes (package recommandé ‘codetools’ indisponible ?)
le code des méthodes de la classe “Rcpp_rstantools_model_cma” n'a pas été vérifié pour les affectations de champs suspectes (package recommandé ‘codetools’ indisponible ?)
le code des méthodes de la classe “Rcpp_rstantools_model_cma” n'a pas été vérifié pour les affectations de champs suspectes (package recommandé ‘codetools’ indisponible ?)
le code des méthodes de la classe “Rcpp_rstantools_model_phma” n'a pas été vérifié pour les affectations de champs suspectes (package recommandé ‘codetools’ indisponible ?)
le code des méthodes de la classe “Rcpp_rstantools_model_phma” n'a pas été vérifié pour les affectations de champs suspectes (package recommandé ‘codetools’ indisponible ?)
le code des méthodes de la classe “Rcpp_rstantools_model_psma” n'a pas été vérifié pour les affectations de champs suspectes (package recommandé ‘codetools’ indisponible ?)
le code des méthodes de la classe “Rcpp_rstantools_model_psma” n'a pas été vérifié pour les affectations de champs suspectes (package recommandé ‘codetools’ indisponible ?)
** testing if installed package keeps a record of temporary installation path
* DONE (publipha)
installPhase completed in 47 seconds
Running phase: fixupPhase
checking for references to /private/tmp/nix-build-r-publipha-0.1.2.drv-0/ in /nix/store/qjwxby3k8vjvqbxsjh2dzdp870hrc03y-r-publipha-0.1.2...
patching script interpreter paths in /nix/store/qjwxby3k8vjvqbxsjh2dzdp870hrc03y-r-publipha-0.1.2
rewriting symlink /nix/store/qjwxby3k8vjvqbxsjh2dzdp870hrc03y-r-publipha-0.1.2/nix-support/propagated-user-env-packages to be relative to /nix/store/qjwxby3k8vjvqbxsjh2dzdp870hrc03y-r-publipha-0.1.2
