this derivation will be built:
  /nix/store/xj3nhb1a2cbkqh6q02v0harxrwicgxdi-r-simexaft-1.0.7.1.drv
this path will be fetched (0.02 MiB download, 0.02 MiB unpacked):
  /nix/store/7hyb3fl6vx0rcpbd8jps28izah5v6ghb-simexaft_1.0.7.1.tar.gz
copying path '/nix/store/7hyb3fl6vx0rcpbd8jps28izah5v6ghb-simexaft_1.0.7.1.tar.gz' from 'https://cache.nixos.org'...
building '/nix/store/xj3nhb1a2cbkqh6q02v0harxrwicgxdi-r-simexaft-1.0.7.1.drv'...
Running phase: unpackPhase
unpacking source archive /nix/store/7hyb3fl6vx0rcpbd8jps28izah5v6ghb-simexaft_1.0.7.1.tar.gz
source root is simexaft
setting SOURCE_DATE_EPOCH to timestamp 1546863687 of file simexaft/MD5
Running phase: patchPhase
Running phase: updateAutotoolsGnuConfigScriptsPhase
Running phase: configurePhase
Running phase: buildPhase
Running phase: checkPhase
Running phase: installPhase
* installing *source* package ‘simexaft’ ...
** package ‘simexaft’ correctement décompressé et sommes MD5 vérifiées
** using staged installation
** R
** data
** byte-compile and prepare package for lazy loading
** help
*** installing help indices
** building package indices
** testing if installed package can be loaded from temporary location
** testing if installed package can be loaded from final location
** testing if installed package keeps a record of temporary installation path
* DONE (simexaft)
Running phase: fixupPhase
checking for references to /private/tmp/nix-build-r-simexaft-1.0.7.1.drv-0/ in /nix/store/h9xyh2mv8py94bab6g80cbpvh4cdp7y2-r-simexaft-1.0.7.1...
patching script interpreter paths in /nix/store/h9xyh2mv8py94bab6g80cbpvh4cdp7y2-r-simexaft-1.0.7.1
rewriting symlink /nix/store/h9xyh2mv8py94bab6g80cbpvh4cdp7y2-r-simexaft-1.0.7.1/nix-support/propagated-user-env-packages to be relative to /nix/store/h9xyh2mv8py94bab6g80cbpvh4cdp7y2-r-simexaft-1.0.7.1
