this derivation will be built:
  /nix/store/4m8fmp1yzhizf3ih3ld74zang889a6ac-r-baizer-0.8.0.drv
building '/nix/store/4m8fmp1yzhizf3ih3ld74zang889a6ac-r-baizer-0.8.0.drv'...
Running phase: unpackPhase
unpacking source archive /nix/store/nmys95vv47jdj80ri560zgqps57ln38v-baizer_0.8.0.tar.gz
source root is baizer
setting SOURCE_DATE_EPOCH to timestamp 1697706002 of file baizer/MD5
Running phase: patchPhase
Running phase: updateAutotoolsGnuConfigScriptsPhase
Running phase: configurePhase
Running phase: buildPhase
Running phase: checkPhase
Running phase: installPhase
* installing *source* package ‘baizer’ ...
** package ‘baizer’ correctement décompressé et sommes MD5 vérifiées
** using staged installation
** R
** data
*** moving datasets to lazyload DB
** byte-compile and prepare package for lazy loading
** help
*** installing help indices
*** copying figures
** building package indices
** testing if installed package can be loaded from temporary location
** testing if installed package can be loaded from final location
** testing if installed package keeps a record of temporary installation path
* DONE (baizer)
Running phase: fixupPhase
checking for references to /private/tmp/nix-build-r-baizer-0.8.0.drv-0/ in /nix/store/ixzfpf34rp7vybls5dimbvpz9cvnqvr0-r-baizer-0.8.0...
patching script interpreter paths in /nix/store/ixzfpf34rp7vybls5dimbvpz9cvnqvr0-r-baizer-0.8.0
rewriting symlink /nix/store/ixzfpf34rp7vybls5dimbvpz9cvnqvr0-r-baizer-0.8.0/nix-support/propagated-user-env-packages to be relative to /nix/store/ixzfpf34rp7vybls5dimbvpz9cvnqvr0-r-baizer-0.8.0
