this derivation will be built:
  /nix/store/s075l86kwvx21cr1hbr68g75cd526ivb-r-MonteCarloSEM-0.0.8.drv
this path will be fetched (0.01 MiB download, 0.01 MiB unpacked):
  /nix/store/llc0gm2ydhw3igjdpshg5bx16cqbqrfv-MonteCarloSEM_0.0.8.tar.gz
copying path '/nix/store/llc0gm2ydhw3igjdpshg5bx16cqbqrfv-MonteCarloSEM_0.0.8.tar.gz' from 'https://cache.nixos.org'...
building '/nix/store/s075l86kwvx21cr1hbr68g75cd526ivb-r-MonteCarloSEM-0.0.8.drv'...
Running phase: unpackPhase
unpacking source archive /nix/store/llc0gm2ydhw3igjdpshg5bx16cqbqrfv-MonteCarloSEM_0.0.8.tar.gz
source root is MonteCarloSEM
setting SOURCE_DATE_EPOCH to timestamp 1712310779 of file MonteCarloSEM/MD5
Running phase: patchPhase
Running phase: updateAutotoolsGnuConfigScriptsPhase
Running phase: configurePhase
Running phase: buildPhase
Running phase: checkPhase
Running phase: installPhase
* installing *source* package ‘MonteCarloSEM’ ...
** package ‘MonteCarloSEM’ correctement décompressé et sommes MD5 vérifiées
** using staged installation
** R
** byte-compile and prepare package for lazy loading
** help
*** installing help indices
** building package indices
** testing if installed package can be loaded from temporary location
** testing if installed package can be loaded from final location
** testing if installed package keeps a record of temporary installation path
* DONE (MonteCarloSEM)
Running phase: fixupPhase
checking for references to /private/tmp/nix-build-r-MonteCarloSEM-0.0.8.drv-0/ in /nix/store/rffd63kb5db1nlfmnkjcjnlvxrry5n9m-r-MonteCarloSEM-0.0.8...
patching script interpreter paths in /nix/store/rffd63kb5db1nlfmnkjcjnlvxrry5n9m-r-MonteCarloSEM-0.0.8
rewriting symlink /nix/store/rffd63kb5db1nlfmnkjcjnlvxrry5n9m-r-MonteCarloSEM-0.0.8/nix-support/propagated-user-env-packages to be relative to /nix/store/rffd63kb5db1nlfmnkjcjnlvxrry5n9m-r-MonteCarloSEM-0.0.8
