this derivation will be built:
  /nix/store/025ywriykwhha3azb07r9774m0pf6kc7-r-represent-1.0.1.drv
this path will be fetched (0.02 MiB download, 0.02 MiB unpacked):
  /nix/store/xli9wrvn5zz9s83qsrwfb1c66d4rcv4n-represent_1.0.1.tar.gz
copying path '/nix/store/xli9wrvn5zz9s83qsrwfb1c66d4rcv4n-represent_1.0.1.tar.gz' from 'https://cache.nixos.org'...
building '/nix/store/025ywriykwhha3azb07r9774m0pf6kc7-r-represent-1.0.1.drv'...
Running phase: unpackPhase
unpacking source archive /nix/store/xli9wrvn5zz9s83qsrwfb1c66d4rcv4n-represent_1.0.1.tar.gz
source root is represent
setting SOURCE_DATE_EPOCH to timestamp 1699029602 of file represent/MD5
Running phase: patchPhase
Running phase: updateAutotoolsGnuConfigScriptsPhase
Running phase: configurePhase
Running phase: buildPhase
Running phase: checkPhase
Running phase: installPhase
* installing *source* package ‘represent’ ...
** package ‘represent’ correctement décompressé et sommes MD5 vérifiées
** using staged installation
** R
** data
** byte-compile and prepare package for lazy loading
** help
*** installing help indices
** building package indices
** testing if installed package can be loaded from temporary location
** testing if installed package can be loaded from final location
** testing if installed package keeps a record of temporary installation path
* DONE (represent)
Running phase: fixupPhase
checking for references to /private/tmp/nix-build-r-represent-1.0.1.drv-0/ in /nix/store/w8x0d4mi9mq662ch30h5nbv4ppk557a4-r-represent-1.0.1...
patching script interpreter paths in /nix/store/w8x0d4mi9mq662ch30h5nbv4ppk557a4-r-represent-1.0.1
