this derivation will be built:
  /nix/store/mn8d20w2xb619mzrm9qb2663djwdwsxn-r-LatentBMA-0.1.1.drv
this path will be fetched (0.03 MiB download, 0.03 MiB unpacked):
  /nix/store/shb94fjkawvqvpyf1lmxx7x0a550n3r8-LatentBMA_0.1.1.tar.gz
copying path '/nix/store/shb94fjkawvqvpyf1lmxx7x0a550n3r8-LatentBMA_0.1.1.tar.gz' from 'https://cache.nixos.org'...
building '/nix/store/mn8d20w2xb619mzrm9qb2663djwdwsxn-r-LatentBMA-0.1.1.drv'...
Running phase: unpackPhase
unpacking source archive /nix/store/shb94fjkawvqvpyf1lmxx7x0a550n3r8-LatentBMA_0.1.1.tar.gz
source root is LatentBMA
setting SOURCE_DATE_EPOCH to timestamp 1719860408 of file LatentBMA/MD5
Running phase: patchPhase
Running phase: updateAutotoolsGnuConfigScriptsPhase
Running phase: configurePhase
Running phase: buildPhase
Running phase: checkPhase
Running phase: installPhase
* installing *source* package ‘LatentBMA’ ...
** package ‘LatentBMA’ correctement décompressé et sommes MD5 vérifiées
** using staged installation
** R
** inst
** byte-compile and prepare package for lazy loading
** help
*** installing help indices
** building package indices
** installing vignettes
** testing if installed package can be loaded from temporary location
** testing if installed package can be loaded from final location
** testing if installed package keeps a record of temporary installation path
* DONE (LatentBMA)
Running phase: fixupPhase
checking for references to /private/tmp/nix-build-r-LatentBMA-0.1.1.drv-0/ in /nix/store/5zd86cszzm7hh27j496ivbkv6362w8b3-r-LatentBMA-0.1.1...
patching script interpreter paths in /nix/store/5zd86cszzm7hh27j496ivbkv6362w8b3-r-LatentBMA-0.1.1
rewriting symlink /nix/store/5zd86cszzm7hh27j496ivbkv6362w8b3-r-LatentBMA-0.1.1/nix-support/propagated-user-env-packages to be relative to /nix/store/5zd86cszzm7hh27j496ivbkv6362w8b3-r-LatentBMA-0.1.1
