this derivation will be built:
  /nix/store/700rs43nnxdcnp1n3i69a6r30c5d93dr-r-GetFREData-0.8.1.drv
building '/nix/store/700rs43nnxdcnp1n3i69a6r30c5d93dr-r-GetFREData-0.8.1.drv'...
Running phase: unpackPhase
unpacking source archive /nix/store/11harc66cfab065f5v7mb160vn9jqyzf-GetFREData_0.8.1.tar.gz
source root is GetFREData
setting SOURCE_DATE_EPOCH to timestamp 1655118002 of file GetFREData/MD5
Running phase: patchPhase
Running phase: updateAutotoolsGnuConfigScriptsPhase
Running phase: configurePhase
Running phase: buildPhase
Running phase: checkPhase
Running phase: installPhase
* installing *source* package ‘GetFREData’ ...
** package ‘GetFREData’ correctement décompressé et sommes MD5 vérifiées
** using staged installation
** R
** inst
** byte-compile and prepare package for lazy loading
** help
*** installing help indices
** building package indices
** installing vignettes
** testing if installed package can be loaded from temporary location
** testing if installed package can be loaded from final location
** testing if installed package keeps a record of temporary installation path
* DONE (GetFREData)
Running phase: fixupPhase
checking for references to /private/tmp/nix-build-r-GetFREData-0.8.1.drv-0/ in /nix/store/3ims9f8h7dwmc4lkvllsz15fs5y83v8h-r-GetFREData-0.8.1...
patching script interpreter paths in /nix/store/3ims9f8h7dwmc4lkvllsz15fs5y83v8h-r-GetFREData-0.8.1
rewriting symlink /nix/store/3ims9f8h7dwmc4lkvllsz15fs5y83v8h-r-GetFREData-0.8.1/nix-support/propagated-user-env-packages to be relative to /nix/store/3ims9f8h7dwmc4lkvllsz15fs5y83v8h-r-GetFREData-0.8.1
