this derivation will be built:
  /nix/store/4s4j1gh92b6rbz5myfvdarw8jmsrbq0y-r-CEDA-1.1.1.drv
building '/nix/store/4s4j1gh92b6rbz5myfvdarw8jmsrbq0y-r-CEDA-1.1.1.drv'...
Running phase: unpackPhase
unpacking source archive /nix/store/82i6dcq3q7jd24wbzb6i7gcyvhxsvzfg-CEDA_1.1.1.tar.gz
source root is CEDA
setting SOURCE_DATE_EPOCH to timestamp 1709014202 of file CEDA/MD5
Running phase: patchPhase
Running phase: updateAutotoolsGnuConfigScriptsPhase
Running phase: configurePhase
Running phase: buildPhase
Running phase: checkPhase
Running phase: installPhase
* installing *source* package ‘CEDA’ ...
** package ‘CEDA’ correctement décompressé et sommes MD5 vérifiées
** using staged installation
** R
** data
*** moving datasets to lazyload DB
** inst
** byte-compile and prepare package for lazy loading
** help
*** installing help indices
** building package indices
** installing vignettes
** testing if installed package can be loaded from temporary location
** testing if installed package can be loaded from final location
** testing if installed package keeps a record of temporary installation path
* DONE (CEDA)
Running phase: fixupPhase
checking for references to /private/tmp/nix-build-r-CEDA-1.1.1.drv-0/ in /nix/store/pmgyr4l5r5sbi7sf4v73h8m5p322rwqp-r-CEDA-1.1.1...
patching script interpreter paths in /nix/store/pmgyr4l5r5sbi7sf4v73h8m5p322rwqp-r-CEDA-1.1.1
rewriting symlink /nix/store/pmgyr4l5r5sbi7sf4v73h8m5p322rwqp-r-CEDA-1.1.1/nix-support/propagated-user-env-packages to be relative to /nix/store/pmgyr4l5r5sbi7sf4v73h8m5p322rwqp-r-CEDA-1.1.1
