these 2 derivations will be built:
  /nix/store/4245gv6p5yca18m450xv6hz3zjc49crn-tiler_0.3.2.tar.gz.drv
  /nix/store/3g2n2sv4ljrvrq2p3z2aaj6b4fjvz22v-r-tiler-0.3.2.drv
building '/nix/store/4245gv6p5yca18m450xv6hz3zjc49crn-tiler_0.3.2.tar.gz.drv'...

trying https://cran.r-project.org/src/contrib/tiler_0.3.2.tar.gz
  % Total    % Received % Xferd  Average Speed   Time    Time     Time  Current
                                 Dload  Upload   Total   Spent    Left  Speed
100  874k  100  874k    0     0  3416k      0 --:--:-- --:--:-- --:--:-- 3417k
building '/nix/store/3g2n2sv4ljrvrq2p3z2aaj6b4fjvz22v-r-tiler-0.3.2.drv'...
Running phase: unpackPhase
unpacking source archive /nix/store/agzrhgw1vblssrxd3v8fdqgynm4m01j4-tiler_0.3.2.tar.gz
source root is tiler
setting SOURCE_DATE_EPOCH to timestamp 1726095601 of file tiler/MD5
Running phase: patchPhase
Running phase: updateAutotoolsGnuConfigScriptsPhase
Running phase: configurePhase
Running phase: buildPhase
Running phase: checkPhase
Running phase: installPhase
* installing *source* package ‘tiler’ ...
** package ‘tiler’ correctement décompressé et sommes MD5 vérifiées
** using staged installation
** R
** inst
** byte-compile and prepare package for lazy loading
** help
*** installing help indices
*** copying figures
** building package indices
** installing vignettes
** testing if installed package can be loaded from temporary location
** testing if installed package can be loaded from final location
** testing if installed package keeps a record of temporary installation path
* DONE (tiler)
Running phase: fixupPhase
checking for references to /private/tmp/nix-build-r-tiler-0.3.2.drv-0/ in /nix/store/zna8cs91iqp2lqgy490lcgkd3g4rknhb-r-tiler-0.3.2...
patching script interpreter paths in /nix/store/zna8cs91iqp2lqgy490lcgkd3g4rknhb-r-tiler-0.3.2
rewriting symlink /nix/store/zna8cs91iqp2lqgy490lcgkd3g4rknhb-r-tiler-0.3.2/nix-support/propagated-user-env-packages to be relative to /nix/store/zna8cs91iqp2lqgy490lcgkd3g4rknhb-r-tiler-0.3.2
